<!DOCTYPE html><html lang="en"><head><meta charset="utf-8" /><meta name="viewport" content="width=device-width, initial-scale=1, shrink-to-fit=no" /><link rel="stylesheet" href="https://stackpath.bootstrapcdn.com/bootstrap/4.3.1/css/bootstrap.min.css" integrity="sha384-ggOyR0iXCbMQv3Xipma34MD+dH/1fQ784/j6cY/iJTQUOhcWr7x9JvoRxT2MZw1T" crossorigin="anonymous" /><title>Cosmic Ray Report</title></head><body><div class="container"><h1><p class="text-dark">Cosmic Ray Report</p></h1></div><div class="container"><div class="mb-1" id="summary_info___accordion"><div class="card"><a data-toggle="collapse" data-target="#summary_info___collapse_1" aria-expanded="true" aria-controls="summary_info___collapse_1" href="#"><div class="card-header" id="summary_info___heading_1"><button class="btn btn-outline-dark"><h4 class="m-0">Summary info</h4></button></div></a><div aria-labelledby="summary_info___heading_1" data-parent="#summary_info___accordion" class="collapse show" id="summary_info___collapse_1"><div class="card-body"><p>Date time: 01/10/2024 01:57:20</p><p>Total jobs: 69</p><p>Complete: 69 (100.00%)</p><p>Surviving mutants: 2 (2.90%)</p></div></div></div></div><div class="mb-1" id="job_list___accordion"><div class="card"><a data-toggle="collapse" data-target="#job_list___collapse_1" aria-expanded="false" aria-controls="job_list___collapse_1" href="#"><div class="card-header" id="job_list___heading_1"><button class="btn btn-outline-dark"><h4 class="m-0">Job list</h4></button></div></a><div aria-labelledby="job_list___heading_1" data-parent="#job_list___accordion" class="collapse" id="job_list___collapse_1"><div class="card-body"><div class="text-right mb-1"><div class="mx-1" id="job_item_expand_all"><a href="#" onclick="$('div.job_list___sub_multi_collapse').collapse('show');"><button class="btn btn-outline-dark"><span>Expand All</span></button></a></div><div class="mx-1" id="job_item_collapse_all"><a href="#" onclick="$('div.job_list___sub_multi_collapse').collapse('hide');"><button class="btn btn-outline-dark"><span>Collapse All</span></button></a></div></div><div class="mb-1" id="job_list___sub_accordion_1"><div class="card"><a data-toggle="collapse" data-target="#job_list___sub_collapse_1_1" aria-expanded="false" aria-controls="job_list___sub_collapse_1_1" href="#" class="job_list___sub_multi_heading"><div role="alert" class="card-header alert-success" id="job_list___sub_heading_1_1"><button class="btn btn-outline-success"><span class="job_id">1 : Job ID 4f3cffc39a2f433ba0bdfd1bf2fa64d0</span></button></div></a><div aria-labelledby="job_list___sub_heading_1_1" data-parent="#job_list___sub_accordion_1" class="collapse job_list___sub_multi_collapse" id="job_list___sub_collapse_1_1"><div class="card-body"><div class="work-item"><div class="alert alert-success test-outcome" role="alert"><p>worker outcome: normal</p><p>test outcome: killed</p></div></div><pre class="location"><a href="pycharm://open?file=fizz_buzz.py&amp;line=9" class="text-secondary"><button class="btn btn-outline-dark">fizz_buzz.py, start pos: (9, 43), end pos: (9, 44)</button></a></pre><pre>operator: core/ReplaceBinaryOperator_Add_Sub, occurrence: 0</pre><div class="alert alert-secondary"><pre class="diff">--- mutation diff ---
--- afizz_buzz.py
+++ bfizz_buzz.py
@@ -6,4 +6,4 @@
     divisible by both, add "FizzBuzz"
 
     """
-    return [("Fizz" if x % 3 == 0 else "") + ("Buzz" if x % 5 == 0 else "") or str(x) for x in range(1,n+1)]
+    return [("Fizz" if x % 3 == 0 else "") - ("Buzz" if x % 5 == 0 else "") or str(x) for x in range(1,n+1)]</pre></div><div class="alert alert-secondary"><pre class="diff">============================= test session starts ==============================
platform linux -- Python 3.10.12, pytest-8.3.3, pluggy-1.5.0
rootdir: /home/teste/python_experiments2/fizz-buzz
collected 4 items

ts-3-5/test_3-5_1-0_316.py FFF.                                          [100%]

=========================== short test summary info ============================
FAILED ts-3-5/test_3-5_1-0_316.py::test_fizz_buzz[1-expected0] - TypeError: u...
FAILED ts-3-5/test_3-5_1-0_316.py::test_fizz_buzz[5-expected1] - TypeError: u...
FAILED ts-3-5/test_3-5_1-0_316.py::test_fizz_buzz[15-expected2] - TypeError: ...
========================= 3 failed, 1 passed in 0.07s ==========================
</pre></div></div></div></div></div><div class="mb-1" id="job_list___sub_accordion_2"><div class="card"><a data-toggle="collapse" data-target="#job_list___sub_collapse_2_1" aria-expanded="false" aria-controls="job_list___sub_collapse_2_1" href="#" class="job_list___sub_multi_heading"><div role="alert" class="card-header alert-success" id="job_list___sub_heading_2_1"><button class="btn btn-outline-success"><span class="job_id">2 : Job ID 32b3d55a313b48bca6c046e2f68809a5</span></button></div></a><div aria-labelledby="job_list___sub_heading_2_1" data-parent="#job_list___sub_accordion_2" class="collapse job_list___sub_multi_collapse" id="job_list___sub_collapse_2_1"><div class="card-body"><div class="work-item"><div class="alert alert-success test-outcome" role="alert"><p>worker outcome: normal</p><p>test outcome: killed</p></div></div><pre class="location"><a href="pycharm://open?file=fizz_buzz.py&amp;line=9" class="text-secondary"><button class="btn btn-outline-dark">fizz_buzz.py, start pos: (9, 104), end pos: (9, 105)</button></a></pre><pre>operator: core/ReplaceBinaryOperator_Add_Sub, occurrence: 1</pre><div class="alert alert-secondary"><pre class="diff">--- mutation diff ---
--- afizz_buzz.py
+++ bfizz_buzz.py
@@ -6,4 +6,4 @@
     divisible by both, add "FizzBuzz"
 
     """
-    return [("Fizz" if x % 3 == 0 else "") + ("Buzz" if x % 5 == 0 else "") or str(x) for x in range(1,n+1)]
+    return [("Fizz" if x % 3 == 0 else "") + ("Buzz" if x % 5 == 0 else "") or str(x) for x in range(1,n-1)]</pre></div><div class="alert alert-secondary"><pre class="diff">============================= test session starts ==============================
platform linux -- Python 3.10.12, pytest-8.3.3, pluggy-1.5.0
rootdir: /home/teste/python_experiments2/fizz-buzz
collected 4 items

ts-3-5/test_3-5_1-0_316.py FFF.                                          [100%]

=========================== short test summary info ============================
FAILED ts-3-5/test_3-5_1-0_316.py::test_fizz_buzz[1-expected0] - AssertionErr...
FAILED ts-3-5/test_3-5_1-0_316.py::test_fizz_buzz[5-expected1] - AssertionErr...
FAILED ts-3-5/test_3-5_1-0_316.py::test_fizz_buzz[15-expected2] - AssertionEr...
========================= 3 failed, 1 passed in 0.08s ==========================
</pre></div></div></div></div></div><div class="mb-1" id="job_list___sub_accordion_3"><div class="card"><a data-toggle="collapse" data-target="#job_list___sub_collapse_3_1" aria-expanded="false" aria-controls="job_list___sub_collapse_3_1" href="#" class="job_list___sub_multi_heading"><div role="alert" class="card-header alert-success" id="job_list___sub_heading_3_1"><button class="btn btn-outline-success"><span class="job_id">3 : Job ID 3d79f2b6ec2f4a2498e143d1f08f1fa4</span></button></div></a><div aria-labelledby="job_list___sub_heading_3_1" data-parent="#job_list___sub_accordion_3" class="collapse job_list___sub_multi_collapse" id="job_list___sub_collapse_3_1"><div class="card-body"><div class="work-item"><div class="alert alert-success test-outcome" role="alert"><p>worker outcome: normal</p><p>test outcome: killed</p></div></div><pre class="location"><a href="pycharm://open?file=fizz_buzz.py&amp;line=9" class="text-secondary"><button class="btn btn-outline-dark">fizz_buzz.py, start pos: (9, 43), end pos: (9, 44)</button></a></pre><pre>operator: core/ReplaceBinaryOperator_Add_Mul, occurrence: 0</pre><div class="alert alert-secondary"><pre class="diff">--- mutation diff ---
--- afizz_buzz.py
+++ bfizz_buzz.py
@@ -6,4 +6,4 @@
     divisible by both, add "FizzBuzz"
 
     """
-    return [("Fizz" if x % 3 == 0 else "") + ("Buzz" if x % 5 == 0 else "") or str(x) for x in range(1,n+1)]
+    return [("Fizz" if x % 3 == 0 else "") * ("Buzz" if x % 5 == 0 else "") or str(x) for x in range(1,n+1)]</pre></div><div class="alert alert-secondary"><pre class="diff">============================= test session starts ==============================
platform linux -- Python 3.10.12, pytest-8.3.3, pluggy-1.5.0
rootdir: /home/teste/python_experiments2/fizz-buzz
collected 4 items

ts-3-5/test_3-5_1-0_316.py FFF.                                          [100%]

=========================== short test summary info ============================
FAILED ts-3-5/test_3-5_1-0_316.py::test_fizz_buzz[1-expected0] - TypeError: c...
FAILED ts-3-5/test_3-5_1-0_316.py::test_fizz_buzz[5-expected1] - TypeError: c...
FAILED ts-3-5/test_3-5_1-0_316.py::test_fizz_buzz[15-expected2] - TypeError: ...
========================= 3 failed, 1 passed in 0.08s ==========================
</pre></div></div></div></div></div><div class="mb-1" id="job_list___sub_accordion_4"><div class="card"><a data-toggle="collapse" data-target="#job_list___sub_collapse_4_1" aria-expanded="false" aria-controls="job_list___sub_collapse_4_1" href="#" class="job_list___sub_multi_heading"><div role="alert" class="card-header alert-success" id="job_list___sub_heading_4_1"><button class="btn btn-outline-success"><span class="job_id">4 : Job ID 37cf7a4c3741467e98934e8690ce3778</span></button></div></a><div aria-labelledby="job_list___sub_heading_4_1" data-parent="#job_list___sub_accordion_4" class="collapse job_list___sub_multi_collapse" id="job_list___sub_collapse_4_1"><div class="card-body"><div class="work-item"><div class="alert alert-success test-outcome" role="alert"><p>worker outcome: normal</p><p>test outcome: killed</p></div></div><pre class="location"><a href="pycharm://open?file=fizz_buzz.py&amp;line=9" class="text-secondary"><button class="btn btn-outline-dark">fizz_buzz.py, start pos: (9, 104), end pos: (9, 105)</button></a></pre><pre>operator: core/ReplaceBinaryOperator_Add_Mul, occurrence: 1</pre><div class="alert alert-secondary"><pre class="diff">--- mutation diff ---
--- afizz_buzz.py
+++ bfizz_buzz.py
@@ -6,4 +6,4 @@
     divisible by both, add "FizzBuzz"
 
     """
-    return [("Fizz" if x % 3 == 0 else "") + ("Buzz" if x % 5 == 0 else "") or str(x) for x in range(1,n+1)]
+    return [("Fizz" if x % 3 == 0 else "") + ("Buzz" if x % 5 == 0 else "") or str(x) for x in range(1,n*1)]</pre></div><div class="alert alert-secondary"><pre class="diff">============================= test session starts ==============================
platform linux -- Python 3.10.12, pytest-8.3.3, pluggy-1.5.0
rootdir: /home/teste/python_experiments2/fizz-buzz
collected 4 items

ts-3-5/test_3-5_1-0_316.py FFF.                                          [100%]

=========================== short test summary info ============================
FAILED ts-3-5/test_3-5_1-0_316.py::test_fizz_buzz[1-expected0] - AssertionErr...
FAILED ts-3-5/test_3-5_1-0_316.py::test_fizz_buzz[5-expected1] - AssertionErr...
FAILED ts-3-5/test_3-5_1-0_316.py::test_fizz_buzz[15-expected2] - AssertionEr...
========================= 3 failed, 1 passed in 0.08s ==========================
</pre></div></div></div></div></div><div class="mb-1" id="job_list___sub_accordion_5"><div class="card"><a data-toggle="collapse" data-target="#job_list___sub_collapse_5_1" aria-expanded="false" aria-controls="job_list___sub_collapse_5_1" href="#" class="job_list___sub_multi_heading"><div role="alert" class="card-header alert-success" id="job_list___sub_heading_5_1"><button class="btn btn-outline-success"><span class="job_id">5 : Job ID d43b4a9672b14da8ba0fc49607eefff7</span></button></div></a><div aria-labelledby="job_list___sub_heading_5_1" data-parent="#job_list___sub_accordion_5" class="collapse job_list___sub_multi_collapse" id="job_list___sub_collapse_5_1"><div class="card-body"><div class="work-item"><div class="alert alert-success test-outcome" role="alert"><p>worker outcome: normal</p><p>test outcome: killed</p></div></div><pre class="location"><a href="pycharm://open?file=fizz_buzz.py&amp;line=9" class="text-secondary"><button class="btn btn-outline-dark">fizz_buzz.py, start pos: (9, 43), end pos: (9, 44)</button></a></pre><pre>operator: core/ReplaceBinaryOperator_Add_Div, occurrence: 0</pre><div class="alert alert-secondary"><pre class="diff">--- mutation diff ---
--- afizz_buzz.py
+++ bfizz_buzz.py
@@ -6,4 +6,4 @@
     divisible by both, add "FizzBuzz"
 
     """
-    return [("Fizz" if x % 3 == 0 else "") + ("Buzz" if x % 5 == 0 else "") or str(x) for x in range(1,n+1)]
+    return [("Fizz" if x % 3 == 0 else "") / ("Buzz" if x % 5 == 0 else "") or str(x) for x in range(1,n+1)]</pre></div><div class="alert alert-secondary"><pre class="diff">============================= test session starts ==============================
platform linux -- Python 3.10.12, pytest-8.3.3, pluggy-1.5.0
rootdir: /home/teste/python_experiments2/fizz-buzz
collected 4 items

ts-3-5/test_3-5_1-0_316.py FFF.                                          [100%]

=========================== short test summary info ============================
FAILED ts-3-5/test_3-5_1-0_316.py::test_fizz_buzz[1-expected0] - TypeError: u...
FAILED ts-3-5/test_3-5_1-0_316.py::test_fizz_buzz[5-expected1] - TypeError: u...
FAILED ts-3-5/test_3-5_1-0_316.py::test_fizz_buzz[15-expected2] - TypeError: ...
========================= 3 failed, 1 passed in 0.07s ==========================
</pre></div></div></div></div></div><div class="mb-1" id="job_list___sub_accordion_6"><div class="card"><a data-toggle="collapse" data-target="#job_list___sub_collapse_6_1" aria-expanded="false" aria-controls="job_list___sub_collapse_6_1" href="#" class="job_list___sub_multi_heading"><div role="alert" class="card-header alert-success" id="job_list___sub_heading_6_1"><button class="btn btn-outline-success"><span class="job_id">6 : Job ID 84a0bb0e80df48c59d07f8abe34b453f</span></button></div></a><div aria-labelledby="job_list___sub_heading_6_1" data-parent="#job_list___sub_accordion_6" class="collapse job_list___sub_multi_collapse" id="job_list___sub_collapse_6_1"><div class="card-body"><div class="work-item"><div class="alert alert-success test-outcome" role="alert"><p>worker outcome: normal</p><p>test outcome: killed</p></div></div><pre class="location"><a href="pycharm://open?file=fizz_buzz.py&amp;line=9" class="text-secondary"><button class="btn btn-outline-dark">fizz_buzz.py, start pos: (9, 104), end pos: (9, 105)</button></a></pre><pre>operator: core/ReplaceBinaryOperator_Add_Div, occurrence: 1</pre><div class="alert alert-secondary"><pre class="diff">--- mutation diff ---
--- afizz_buzz.py
+++ bfizz_buzz.py
@@ -6,4 +6,4 @@
     divisible by both, add "FizzBuzz"
 
     """
-    return [("Fizz" if x % 3 == 0 else "") + ("Buzz" if x % 5 == 0 else "") or str(x) for x in range(1,n+1)]
+    return [("Fizz" if x % 3 == 0 else "") + ("Buzz" if x % 5 == 0 else "") or str(x) for x in range(1,n/1)]</pre></div><div class="alert alert-secondary"><pre class="diff">============================= test session starts ==============================
platform linux -- Python 3.10.12, pytest-8.3.3, pluggy-1.5.0
rootdir: /home/teste/python_experiments2/fizz-buzz
collected 4 items

ts-3-5/test_3-5_1-0_316.py FFFF                                          [100%]

=========================== short test summary info ============================
FAILED ts-3-5/test_3-5_1-0_316.py::test_fizz_buzz[1-expected0] - TypeError: '...
FAILED ts-3-5/test_3-5_1-0_316.py::test_fizz_buzz[5-expected1] - TypeError: '...
FAILED ts-3-5/test_3-5_1-0_316.py::test_fizz_buzz[15-expected2] - TypeError: ...
FAILED ts-3-5/test_3-5_1-0_316.py::test_fizz_buzz_empty - TypeError: 'float' ...
============================== 4 failed in 0.07s ===============================
</pre></div></div></div></div></div><div class="mb-1" id="job_list___sub_accordion_7"><div class="card"><a data-toggle="collapse" data-target="#job_list___sub_collapse_7_1" aria-expanded="false" aria-controls="job_list___sub_collapse_7_1" href="#" class="job_list___sub_multi_heading"><div role="alert" class="card-header alert-success" id="job_list___sub_heading_7_1"><button class="btn btn-outline-success"><span class="job_id">7 : Job ID 3becae45e641448ea264dcf4e4ac6805</span></button></div></a><div aria-labelledby="job_list___sub_heading_7_1" data-parent="#job_list___sub_accordion_7" class="collapse job_list___sub_multi_collapse" id="job_list___sub_collapse_7_1"><div class="card-body"><div class="work-item"><div class="alert alert-success test-outcome" role="alert"><p>worker outcome: normal</p><p>test outcome: killed</p></div></div><pre class="location"><a href="pycharm://open?file=fizz_buzz.py&amp;line=9" class="text-secondary"><button class="btn btn-outline-dark">fizz_buzz.py, start pos: (9, 43), end pos: (9, 44)</button></a></pre><pre>operator: core/ReplaceBinaryOperator_Add_FloorDiv, occurrence: 0</pre><div class="alert alert-secondary"><pre class="diff">--- mutation diff ---
--- afizz_buzz.py
+++ bfizz_buzz.py
@@ -6,4 +6,4 @@
     divisible by both, add "FizzBuzz"
 
     """
-    return [("Fizz" if x % 3 == 0 else "") + ("Buzz" if x % 5 == 0 else "") or str(x) for x in range(1,n+1)]
+    return [("Fizz" if x % 3 == 0 else "") // ("Buzz" if x % 5 == 0 else "") or str(x) for x in range(1,n+1)]</pre></div><div class="alert alert-secondary"><pre class="diff">============================= test session starts ==============================
platform linux -- Python 3.10.12, pytest-8.3.3, pluggy-1.5.0
rootdir: /home/teste/python_experiments2/fizz-buzz
collected 4 items

ts-3-5/test_3-5_1-0_316.py FFF.                                          [100%]

=========================== short test summary info ============================
FAILED ts-3-5/test_3-5_1-0_316.py::test_fizz_buzz[1-expected0] - TypeError: u...
FAILED ts-3-5/test_3-5_1-0_316.py::test_fizz_buzz[5-expected1] - TypeError: u...
FAILED ts-3-5/test_3-5_1-0_316.py::test_fizz_buzz[15-expected2] - TypeError: ...
========================= 3 failed, 1 passed in 0.07s ==========================
</pre></div></div></div></div></div><div class="mb-1" id="job_list___sub_accordion_8"><div class="card"><a data-toggle="collapse" data-target="#job_list___sub_collapse_8_1" aria-expanded="false" aria-controls="job_list___sub_collapse_8_1" href="#" class="job_list___sub_multi_heading"><div role="alert" class="card-header alert-success" id="job_list___sub_heading_8_1"><button class="btn btn-outline-success"><span class="job_id">8 : Job ID db96e44b7c7541e4a093425d7d6b74bb</span></button></div></a><div aria-labelledby="job_list___sub_heading_8_1" data-parent="#job_list___sub_accordion_8" class="collapse job_list___sub_multi_collapse" id="job_list___sub_collapse_8_1"><div class="card-body"><div class="work-item"><div class="alert alert-success test-outcome" role="alert"><p>worker outcome: normal</p><p>test outcome: killed</p></div></div><pre class="location"><a href="pycharm://open?file=fizz_buzz.py&amp;line=9" class="text-secondary"><button class="btn btn-outline-dark">fizz_buzz.py, start pos: (9, 104), end pos: (9, 105)</button></a></pre><pre>operator: core/ReplaceBinaryOperator_Add_FloorDiv, occurrence: 1</pre><div class="alert alert-secondary"><pre class="diff">--- mutation diff ---
--- afizz_buzz.py
+++ bfizz_buzz.py
@@ -6,4 +6,4 @@
     divisible by both, add "FizzBuzz"
 
     """
-    return [("Fizz" if x % 3 == 0 else "") + ("Buzz" if x % 5 == 0 else "") or str(x) for x in range(1,n+1)]
+    return [("Fizz" if x % 3 == 0 else "") + ("Buzz" if x % 5 == 0 else "") or str(x) for x in range(1,n//1)]</pre></div><div class="alert alert-secondary"><pre class="diff">============================= test session starts ==============================
platform linux -- Python 3.10.12, pytest-8.3.3, pluggy-1.5.0
rootdir: /home/teste/python_experiments2/fizz-buzz
collected 4 items

ts-3-5/test_3-5_1-0_316.py FFF.                                          [100%]

=========================== short test summary info ============================
FAILED ts-3-5/test_3-5_1-0_316.py::test_fizz_buzz[1-expected0] - AssertionErr...
FAILED ts-3-5/test_3-5_1-0_316.py::test_fizz_buzz[5-expected1] - AssertionErr...
FAILED ts-3-5/test_3-5_1-0_316.py::test_fizz_buzz[15-expected2] - AssertionEr...
========================= 3 failed, 1 passed in 0.08s ==========================
</pre></div></div></div></div></div><div class="mb-1" id="job_list___sub_accordion_9"><div class="card"><a data-toggle="collapse" data-target="#job_list___sub_collapse_9_1" aria-expanded="false" aria-controls="job_list___sub_collapse_9_1" href="#" class="job_list___sub_multi_heading"><div role="alert" class="card-header alert-success" id="job_list___sub_heading_9_1"><button class="btn btn-outline-success"><span class="job_id">9 : Job ID 9d53144d28c543cbad3cfaa723fc1c46</span></button></div></a><div aria-labelledby="job_list___sub_heading_9_1" data-parent="#job_list___sub_accordion_9" class="collapse job_list___sub_multi_collapse" id="job_list___sub_collapse_9_1"><div class="card-body"><div class="work-item"><div class="alert alert-success test-outcome" role="alert"><p>worker outcome: normal</p><p>test outcome: killed</p></div></div><pre class="location"><a href="pycharm://open?file=fizz_buzz.py&amp;line=9" class="text-secondary"><button class="btn btn-outline-dark">fizz_buzz.py, start pos: (9, 43), end pos: (9, 44)</button></a></pre><pre>operator: core/ReplaceBinaryOperator_Add_Mod, occurrence: 0</pre><div class="alert alert-secondary"><pre class="diff">--- mutation diff ---
--- afizz_buzz.py
+++ bfizz_buzz.py
@@ -6,4 +6,4 @@
     divisible by both, add "FizzBuzz"
 
     """
-    return [("Fizz" if x % 3 == 0 else "") + ("Buzz" if x % 5 == 0 else "") or str(x) for x in range(1,n+1)]
+    return [("Fizz" if x % 3 == 0 else "") % ("Buzz" if x % 5 == 0 else "") or str(x) for x in range(1,n+1)]</pre></div><div class="alert alert-secondary"><pre class="diff">============================= test session starts ==============================
platform linux -- Python 3.10.12, pytest-8.3.3, pluggy-1.5.0
rootdir: /home/teste/python_experiments2/fizz-buzz
collected 4 items

ts-3-5/test_3-5_1-0_316.py FFF.                                          [100%]

=========================== short test summary info ============================
FAILED ts-3-5/test_3-5_1-0_316.py::test_fizz_buzz[1-expected0] - TypeError: n...
FAILED ts-3-5/test_3-5_1-0_316.py::test_fizz_buzz[5-expected1] - TypeError: n...
FAILED ts-3-5/test_3-5_1-0_316.py::test_fizz_buzz[15-expected2] - TypeError: ...
========================= 3 failed, 1 passed in 0.08s ==========================
</pre></div></div></div></div></div><div class="mb-1" id="job_list___sub_accordion_10"><div class="card"><a data-toggle="collapse" data-target="#job_list___sub_collapse_10_1" aria-expanded="false" aria-controls="job_list___sub_collapse_10_1" href="#" class="job_list___sub_multi_heading"><div role="alert" class="card-header alert-success" id="job_list___sub_heading_10_1"><button class="btn btn-outline-success"><span class="job_id">10 : Job ID 225190e3e5184939beb5b8fc79124391</span></button></div></a><div aria-labelledby="job_list___sub_heading_10_1" data-parent="#job_list___sub_accordion_10" class="collapse job_list___sub_multi_collapse" id="job_list___sub_collapse_10_1"><div class="card-body"><div class="work-item"><div class="alert alert-success test-outcome" role="alert"><p>worker outcome: normal</p><p>test outcome: killed</p></div></div><pre class="location"><a href="pycharm://open?file=fizz_buzz.py&amp;line=9" class="text-secondary"><button class="btn btn-outline-dark">fizz_buzz.py, start pos: (9, 104), end pos: (9, 105)</button></a></pre><pre>operator: core/ReplaceBinaryOperator_Add_Mod, occurrence: 1</pre><div class="alert alert-secondary"><pre class="diff">--- mutation diff ---
--- afizz_buzz.py
+++ bfizz_buzz.py
@@ -6,4 +6,4 @@
     divisible by both, add "FizzBuzz"
 
     """
-    return [("Fizz" if x % 3 == 0 else "") + ("Buzz" if x % 5 == 0 else "") or str(x) for x in range(1,n+1)]
+    return [("Fizz" if x % 3 == 0 else "") + ("Buzz" if x % 5 == 0 else "") or str(x) for x in range(1,n%1)]</pre></div><div class="alert alert-secondary"><pre class="diff">============================= test session starts ==============================
platform linux -- Python 3.10.12, pytest-8.3.3, pluggy-1.5.0
rootdir: /home/teste/python_experiments2/fizz-buzz
collected 4 items

ts-3-5/test_3-5_1-0_316.py FFF.                                          [100%]

=========================== short test summary info ============================
FAILED ts-3-5/test_3-5_1-0_316.py::test_fizz_buzz[1-expected0] - AssertionErr...
FAILED ts-3-5/test_3-5_1-0_316.py::test_fizz_buzz[5-expected1] - AssertionErr...
FAILED ts-3-5/test_3-5_1-0_316.py::test_fizz_buzz[15-expected2] - AssertionEr...
========================= 3 failed, 1 passed in 0.07s ==========================
</pre></div></div></div></div></div><div class="mb-1" id="job_list___sub_accordion_11"><div class="card"><a data-toggle="collapse" data-target="#job_list___sub_collapse_11_1" aria-expanded="false" aria-controls="job_list___sub_collapse_11_1" href="#" class="job_list___sub_multi_heading"><div role="alert" class="card-header alert-success" id="job_list___sub_heading_11_1"><button class="btn btn-outline-success"><span class="job_id">11 : Job ID 87c583fa29c1497e9adc9a633eb1bd0a</span></button></div></a><div aria-labelledby="job_list___sub_heading_11_1" data-parent="#job_list___sub_accordion_11" class="collapse job_list___sub_multi_collapse" id="job_list___sub_collapse_11_1"><div class="card-body"><div class="work-item"><div class="alert alert-success test-outcome" role="alert"><p>worker outcome: normal</p><p>test outcome: killed</p></div></div><pre class="location"><a href="pycharm://open?file=fizz_buzz.py&amp;line=9" class="text-secondary"><button class="btn btn-outline-dark">fizz_buzz.py, start pos: (9, 43), end pos: (9, 44)</button></a></pre><pre>operator: core/ReplaceBinaryOperator_Add_Pow, occurrence: 0</pre><div class="alert alert-secondary"><pre class="diff">--- mutation diff ---
--- afizz_buzz.py
+++ bfizz_buzz.py
@@ -6,4 +6,4 @@
     divisible by both, add "FizzBuzz"
 
     """
-    return [("Fizz" if x % 3 == 0 else "") + ("Buzz" if x % 5 == 0 else "") or str(x) for x in range(1,n+1)]
+    return [("Fizz" if x % 3 == 0 else "") ** ("Buzz" if x % 5 == 0 else "") or str(x) for x in range(1,n+1)]</pre></div><div class="alert alert-secondary"><pre class="diff">============================= test session starts ==============================
platform linux -- Python 3.10.12, pytest-8.3.3, pluggy-1.5.0
rootdir: /home/teste/python_experiments2/fizz-buzz
collected 4 items

ts-3-5/test_3-5_1-0_316.py FFF.                                          [100%]

=========================== short test summary info ============================
FAILED ts-3-5/test_3-5_1-0_316.py::test_fizz_buzz[1-expected0] - TypeError: u...
FAILED ts-3-5/test_3-5_1-0_316.py::test_fizz_buzz[5-expected1] - TypeError: u...
FAILED ts-3-5/test_3-5_1-0_316.py::test_fizz_buzz[15-expected2] - TypeError: ...
========================= 3 failed, 1 passed in 0.07s ==========================
</pre></div></div></div></div></div><div class="mb-1" id="job_list___sub_accordion_12"><div class="card"><a data-toggle="collapse" data-target="#job_list___sub_collapse_12_1" aria-expanded="false" aria-controls="job_list___sub_collapse_12_1" href="#" class="job_list___sub_multi_heading"><div role="alert" class="card-header alert-success" id="job_list___sub_heading_12_1"><button class="btn btn-outline-success"><span class="job_id">12 : Job ID ee0d3f1b16cb4b9bad55f34c3a73d3c8</span></button></div></a><div aria-labelledby="job_list___sub_heading_12_1" data-parent="#job_list___sub_accordion_12" class="collapse job_list___sub_multi_collapse" id="job_list___sub_collapse_12_1"><div class="card-body"><div class="work-item"><div class="alert alert-success test-outcome" role="alert"><p>worker outcome: normal</p><p>test outcome: killed</p></div></div><pre class="location"><a href="pycharm://open?file=fizz_buzz.py&amp;line=9" class="text-secondary"><button class="btn btn-outline-dark">fizz_buzz.py, start pos: (9, 104), end pos: (9, 105)</button></a></pre><pre>operator: core/ReplaceBinaryOperator_Add_Pow, occurrence: 1</pre><div class="alert alert-secondary"><pre class="diff">--- mutation diff ---
--- afizz_buzz.py
+++ bfizz_buzz.py
@@ -6,4 +6,4 @@
     divisible by both, add "FizzBuzz"
 
     """
-    return [("Fizz" if x % 3 == 0 else "") + ("Buzz" if x % 5 == 0 else "") or str(x) for x in range(1,n+1)]
+    return [("Fizz" if x % 3 == 0 else "") + ("Buzz" if x % 5 == 0 else "") or str(x) for x in range(1,n**1)]</pre></div><div class="alert alert-secondary"><pre class="diff">============================= test session starts ==============================
platform linux -- Python 3.10.12, pytest-8.3.3, pluggy-1.5.0
rootdir: /home/teste/python_experiments2/fizz-buzz
collected 4 items

ts-3-5/test_3-5_1-0_316.py FFF.                                          [100%]

=========================== short test summary info ============================
FAILED ts-3-5/test_3-5_1-0_316.py::test_fizz_buzz[1-expected0] - AssertionErr...
FAILED ts-3-5/test_3-5_1-0_316.py::test_fizz_buzz[5-expected1] - AssertionErr...
FAILED ts-3-5/test_3-5_1-0_316.py::test_fizz_buzz[15-expected2] - AssertionEr...
========================= 3 failed, 1 passed in 0.08s ==========================
</pre></div></div></div></div></div><div class="mb-1" id="job_list___sub_accordion_13"><div class="card"><a data-toggle="collapse" data-target="#job_list___sub_collapse_13_1" aria-expanded="false" aria-controls="job_list___sub_collapse_13_1" href="#" class="job_list___sub_multi_heading"><div role="alert" class="card-header alert-success" id="job_list___sub_heading_13_1"><button class="btn btn-outline-success"><span class="job_id">13 : Job ID 8940d631f601424f9d4743d2568f191e</span></button></div></a><div aria-labelledby="job_list___sub_heading_13_1" data-parent="#job_list___sub_accordion_13" class="collapse job_list___sub_multi_collapse" id="job_list___sub_collapse_13_1"><div class="card-body"><div class="work-item"><div class="alert alert-success test-outcome" role="alert"><p>worker outcome: normal</p><p>test outcome: killed</p></div></div><pre class="location"><a href="pycharm://open?file=fizz_buzz.py&amp;line=9" class="text-secondary"><button class="btn btn-outline-dark">fizz_buzz.py, start pos: (9, 43), end pos: (9, 44)</button></a></pre><pre>operator: core/ReplaceBinaryOperator_Add_RShift, occurrence: 0</pre><div class="alert alert-secondary"><pre class="diff">--- mutation diff ---
--- afizz_buzz.py
+++ bfizz_buzz.py
@@ -6,4 +6,4 @@
     divisible by both, add "FizzBuzz"
 
     """
-    return [("Fizz" if x % 3 == 0 else "") + ("Buzz" if x % 5 == 0 else "") or str(x) for x in range(1,n+1)]
+    return [("Fizz" if x % 3 == 0 else "") &gt;&gt; ("Buzz" if x % 5 == 0 else "") or str(x) for x in range(1,n+1)]</pre></div><div class="alert alert-secondary"><pre class="diff">============================= test session starts ==============================
platform linux -- Python 3.10.12, pytest-8.3.3, pluggy-1.5.0
rootdir: /home/teste/python_experiments2/fizz-buzz
collected 4 items

ts-3-5/test_3-5_1-0_316.py FFF.                                          [100%]

=========================== short test summary info ============================
FAILED ts-3-5/test_3-5_1-0_316.py::test_fizz_buzz[1-expected0] - TypeError: u...
FAILED ts-3-5/test_3-5_1-0_316.py::test_fizz_buzz[5-expected1] - TypeError: u...
FAILED ts-3-5/test_3-5_1-0_316.py::test_fizz_buzz[15-expected2] - TypeError: ...
========================= 3 failed, 1 passed in 0.07s ==========================
</pre></div></div></div></div></div><div class="mb-1" id="job_list___sub_accordion_14"><div class="card"><a data-toggle="collapse" data-target="#job_list___sub_collapse_14_1" aria-expanded="false" aria-controls="job_list___sub_collapse_14_1" href="#" class="job_list___sub_multi_heading"><div role="alert" class="card-header alert-success" id="job_list___sub_heading_14_1"><button class="btn btn-outline-success"><span class="job_id">14 : Job ID 5303c432193942209affe7b79aa5ceb5</span></button></div></a><div aria-labelledby="job_list___sub_heading_14_1" data-parent="#job_list___sub_accordion_14" class="collapse job_list___sub_multi_collapse" id="job_list___sub_collapse_14_1"><div class="card-body"><div class="work-item"><div class="alert alert-success test-outcome" role="alert"><p>worker outcome: normal</p><p>test outcome: killed</p></div></div><pre class="location"><a href="pycharm://open?file=fizz_buzz.py&amp;line=9" class="text-secondary"><button class="btn btn-outline-dark">fizz_buzz.py, start pos: (9, 104), end pos: (9, 105)</button></a></pre><pre>operator: core/ReplaceBinaryOperator_Add_RShift, occurrence: 1</pre><div class="alert alert-secondary"><pre class="diff">--- mutation diff ---
--- afizz_buzz.py
+++ bfizz_buzz.py
@@ -6,4 +6,4 @@
     divisible by both, add "FizzBuzz"
 
     """
-    return [("Fizz" if x % 3 == 0 else "") + ("Buzz" if x % 5 == 0 else "") or str(x) for x in range(1,n+1)]
+    return [("Fizz" if x % 3 == 0 else "") + ("Buzz" if x % 5 == 0 else "") or str(x) for x in range(1,n&gt;&gt;1)]</pre></div><div class="alert alert-secondary"><pre class="diff">============================= test session starts ==============================
platform linux -- Python 3.10.12, pytest-8.3.3, pluggy-1.5.0
rootdir: /home/teste/python_experiments2/fizz-buzz
collected 4 items

ts-3-5/test_3-5_1-0_316.py FFF.                                          [100%]

=========================== short test summary info ============================
FAILED ts-3-5/test_3-5_1-0_316.py::test_fizz_buzz[1-expected0] - AssertionErr...
FAILED ts-3-5/test_3-5_1-0_316.py::test_fizz_buzz[5-expected1] - AssertionErr...
FAILED ts-3-5/test_3-5_1-0_316.py::test_fizz_buzz[15-expected2] - AssertionEr...
========================= 3 failed, 1 passed in 0.07s ==========================
</pre></div></div></div></div></div><div class="mb-1" id="job_list___sub_accordion_15"><div class="card"><a data-toggle="collapse" data-target="#job_list___sub_collapse_15_1" aria-expanded="false" aria-controls="job_list___sub_collapse_15_1" href="#" class="job_list___sub_multi_heading"><div role="alert" class="card-header alert-success" id="job_list___sub_heading_15_1"><button class="btn btn-outline-success"><span class="job_id">15 : Job ID f64d3aa922fb49baa20dd3552d89945f</span></button></div></a><div aria-labelledby="job_list___sub_heading_15_1" data-parent="#job_list___sub_accordion_15" class="collapse job_list___sub_multi_collapse" id="job_list___sub_collapse_15_1"><div class="card-body"><div class="work-item"><div class="alert alert-success test-outcome" role="alert"><p>worker outcome: normal</p><p>test outcome: killed</p></div></div><pre class="location"><a href="pycharm://open?file=fizz_buzz.py&amp;line=9" class="text-secondary"><button class="btn btn-outline-dark">fizz_buzz.py, start pos: (9, 43), end pos: (9, 44)</button></a></pre><pre>operator: core/ReplaceBinaryOperator_Add_LShift, occurrence: 0</pre><div class="alert alert-secondary"><pre class="diff">--- mutation diff ---
--- afizz_buzz.py
+++ bfizz_buzz.py
@@ -6,4 +6,4 @@
     divisible by both, add "FizzBuzz"
 
     """
-    return [("Fizz" if x % 3 == 0 else "") + ("Buzz" if x % 5 == 0 else "") or str(x) for x in range(1,n+1)]
+    return [("Fizz" if x % 3 == 0 else "") &lt;&lt; ("Buzz" if x % 5 == 0 else "") or str(x) for x in range(1,n+1)]</pre></div><div class="alert alert-secondary"><pre class="diff">============================= test session starts ==============================
platform linux -- Python 3.10.12, pytest-8.3.3, pluggy-1.5.0
rootdir: /home/teste/python_experiments2/fizz-buzz
collected 4 items

ts-3-5/test_3-5_1-0_316.py FFF.                                          [100%]

=========================== short test summary info ============================
FAILED ts-3-5/test_3-5_1-0_316.py::test_fizz_buzz[1-expected0] - TypeError: u...
FAILED ts-3-5/test_3-5_1-0_316.py::test_fizz_buzz[5-expected1] - TypeError: u...
FAILED ts-3-5/test_3-5_1-0_316.py::test_fizz_buzz[15-expected2] - TypeError: ...
========================= 3 failed, 1 passed in 0.07s ==========================
</pre></div></div></div></div></div><div class="mb-1" id="job_list___sub_accordion_16"><div class="card"><a data-toggle="collapse" data-target="#job_list___sub_collapse_16_1" aria-expanded="false" aria-controls="job_list___sub_collapse_16_1" href="#" class="job_list___sub_multi_heading"><div role="alert" class="card-header alert-success" id="job_list___sub_heading_16_1"><button class="btn btn-outline-success"><span class="job_id">16 : Job ID 73205ec67ac44023b6555932970c0d5c</span></button></div></a><div aria-labelledby="job_list___sub_heading_16_1" data-parent="#job_list___sub_accordion_16" class="collapse job_list___sub_multi_collapse" id="job_list___sub_collapse_16_1"><div class="card-body"><div class="work-item"><div class="alert alert-success test-outcome" role="alert"><p>worker outcome: normal</p><p>test outcome: killed</p></div></div><pre class="location"><a href="pycharm://open?file=fizz_buzz.py&amp;line=9" class="text-secondary"><button class="btn btn-outline-dark">fizz_buzz.py, start pos: (9, 104), end pos: (9, 105)</button></a></pre><pre>operator: core/ReplaceBinaryOperator_Add_LShift, occurrence: 1</pre><div class="alert alert-secondary"><pre class="diff">--- mutation diff ---
--- afizz_buzz.py
+++ bfizz_buzz.py
@@ -6,4 +6,4 @@
     divisible by both, add "FizzBuzz"
 
     """
-    return [("Fizz" if x % 3 == 0 else "") + ("Buzz" if x % 5 == 0 else "") or str(x) for x in range(1,n+1)]
+    return [("Fizz" if x % 3 == 0 else "") + ("Buzz" if x % 5 == 0 else "") or str(x) for x in range(1,n&lt;&lt;1)]</pre></div><div class="alert alert-secondary"><pre class="diff">============================= test session starts ==============================
platform linux -- Python 3.10.12, pytest-8.3.3, pluggy-1.5.0
rootdir: /home/teste/python_experiments2/fizz-buzz
collected 4 items

ts-3-5/test_3-5_1-0_316.py .FF.                                          [100%]

=========================== short test summary info ============================
FAILED ts-3-5/test_3-5_1-0_316.py::test_fizz_buzz[5-expected1] - AssertionErr...
FAILED ts-3-5/test_3-5_1-0_316.py::test_fizz_buzz[15-expected2] - AssertionEr...
========================= 2 failed, 2 passed in 0.07s ==========================
</pre></div></div></div></div></div><div class="mb-1" id="job_list___sub_accordion_17"><div class="card"><a data-toggle="collapse" data-target="#job_list___sub_collapse_17_1" aria-expanded="false" aria-controls="job_list___sub_collapse_17_1" href="#" class="job_list___sub_multi_heading"><div role="alert" class="card-header alert-success" id="job_list___sub_heading_17_1"><button class="btn btn-outline-success"><span class="job_id">17 : Job ID d0e65eaa45fb4b9791ed1672cba1e929</span></button></div></a><div aria-labelledby="job_list___sub_heading_17_1" data-parent="#job_list___sub_accordion_17" class="collapse job_list___sub_multi_collapse" id="job_list___sub_collapse_17_1"><div class="card-body"><div class="work-item"><div class="alert alert-success test-outcome" role="alert"><p>worker outcome: normal</p><p>test outcome: killed</p></div></div><pre class="location"><a href="pycharm://open?file=fizz_buzz.py&amp;line=9" class="text-secondary"><button class="btn btn-outline-dark">fizz_buzz.py, start pos: (9, 43), end pos: (9, 44)</button></a></pre><pre>operator: core/ReplaceBinaryOperator_Add_BitOr, occurrence: 0</pre><div class="alert alert-secondary"><pre class="diff">--- mutation diff ---
--- afizz_buzz.py
+++ bfizz_buzz.py
@@ -6,4 +6,4 @@
     divisible by both, add "FizzBuzz"
 
     """
-    return [("Fizz" if x % 3 == 0 else "") + ("Buzz" if x % 5 == 0 else "") or str(x) for x in range(1,n+1)]
+    return [("Fizz" if x % 3 == 0 else "") | ("Buzz" if x % 5 == 0 else "") or str(x) for x in range(1,n+1)]</pre></div><div class="alert alert-secondary"><pre class="diff">============================= test session starts ==============================
platform linux -- Python 3.10.12, pytest-8.3.3, pluggy-1.5.0
rootdir: /home/teste/python_experiments2/fizz-buzz
collected 4 items

ts-3-5/test_3-5_1-0_316.py FFF.                                          [100%]

=========================== short test summary info ============================
FAILED ts-3-5/test_3-5_1-0_316.py::test_fizz_buzz[1-expected0] - TypeError: u...
FAILED ts-3-5/test_3-5_1-0_316.py::test_fizz_buzz[5-expected1] - TypeError: u...
FAILED ts-3-5/test_3-5_1-0_316.py::test_fizz_buzz[15-expected2] - TypeError: ...
========================= 3 failed, 1 passed in 0.07s ==========================
</pre></div></div></div></div></div><div class="mb-1" id="job_list___sub_accordion_18"><div class="card"><a data-toggle="collapse" data-target="#job_list___sub_collapse_18_1" aria-expanded="false" aria-controls="job_list___sub_collapse_18_1" href="#" class="job_list___sub_multi_heading"><div role="alert" class="card-header alert-success" id="job_list___sub_heading_18_1"><button class="btn btn-outline-success"><span class="job_id">18 : Job ID fcbad7b5cb14412f9e441efa3ada2e64</span></button></div></a><div aria-labelledby="job_list___sub_heading_18_1" data-parent="#job_list___sub_accordion_18" class="collapse job_list___sub_multi_collapse" id="job_list___sub_collapse_18_1"><div class="card-body"><div class="work-item"><div class="alert alert-success test-outcome" role="alert"><p>worker outcome: normal</p><p>test outcome: killed</p></div></div><pre class="location"><a href="pycharm://open?file=fizz_buzz.py&amp;line=9" class="text-secondary"><button class="btn btn-outline-dark">fizz_buzz.py, start pos: (9, 104), end pos: (9, 105)</button></a></pre><pre>operator: core/ReplaceBinaryOperator_Add_BitOr, occurrence: 1</pre><div class="alert alert-secondary"><pre class="diff">--- mutation diff ---
--- afizz_buzz.py
+++ bfizz_buzz.py
@@ -6,4 +6,4 @@
     divisible by both, add "FizzBuzz"
 
     """
-    return [("Fizz" if x % 3 == 0 else "") + ("Buzz" if x % 5 == 0 else "") or str(x) for x in range(1,n+1)]
+    return [("Fizz" if x % 3 == 0 else "") + ("Buzz" if x % 5 == 0 else "") or str(x) for x in range(1,n|1)]</pre></div><div class="alert alert-secondary"><pre class="diff">============================= test session starts ==============================
platform linux -- Python 3.10.12, pytest-8.3.3, pluggy-1.5.0
rootdir: /home/teste/python_experiments2/fizz-buzz
collected 4 items

ts-3-5/test_3-5_1-0_316.py FFF.                                          [100%]

=========================== short test summary info ============================
FAILED ts-3-5/test_3-5_1-0_316.py::test_fizz_buzz[1-expected0] - AssertionErr...
FAILED ts-3-5/test_3-5_1-0_316.py::test_fizz_buzz[5-expected1] - AssertionErr...
FAILED ts-3-5/test_3-5_1-0_316.py::test_fizz_buzz[15-expected2] - AssertionEr...
========================= 3 failed, 1 passed in 0.07s ==========================
</pre></div></div></div></div></div><div class="mb-1" id="job_list___sub_accordion_19"><div class="card"><a data-toggle="collapse" data-target="#job_list___sub_collapse_19_1" aria-expanded="false" aria-controls="job_list___sub_collapse_19_1" href="#" class="job_list___sub_multi_heading"><div role="alert" class="card-header alert-success" id="job_list___sub_heading_19_1"><button class="btn btn-outline-success"><span class="job_id">19 : Job ID e864be30de364cd98be5e5a73fcb586e</span></button></div></a><div aria-labelledby="job_list___sub_heading_19_1" data-parent="#job_list___sub_accordion_19" class="collapse job_list___sub_multi_collapse" id="job_list___sub_collapse_19_1"><div class="card-body"><div class="work-item"><div class="alert alert-success test-outcome" role="alert"><p>worker outcome: normal</p><p>test outcome: killed</p></div></div><pre class="location"><a href="pycharm://open?file=fizz_buzz.py&amp;line=9" class="text-secondary"><button class="btn btn-outline-dark">fizz_buzz.py, start pos: (9, 43), end pos: (9, 44)</button></a></pre><pre>operator: core/ReplaceBinaryOperator_Add_BitAnd, occurrence: 0</pre><div class="alert alert-secondary"><pre class="diff">--- mutation diff ---
--- afizz_buzz.py
+++ bfizz_buzz.py
@@ -6,4 +6,4 @@
     divisible by both, add "FizzBuzz"
 
     """
-    return [("Fizz" if x % 3 == 0 else "") + ("Buzz" if x % 5 == 0 else "") or str(x) for x in range(1,n+1)]
+    return [("Fizz" if x % 3 == 0 else "") &amp; ("Buzz" if x % 5 == 0 else "") or str(x) for x in range(1,n+1)]</pre></div><div class="alert alert-secondary"><pre class="diff">============================= test session starts ==============================
platform linux -- Python 3.10.12, pytest-8.3.3, pluggy-1.5.0
rootdir: /home/teste/python_experiments2/fizz-buzz
collected 4 items

ts-3-5/test_3-5_1-0_316.py FFF.                                          [100%]

=========================== short test summary info ============================
FAILED ts-3-5/test_3-5_1-0_316.py::test_fizz_buzz[1-expected0] - TypeError: u...
FAILED ts-3-5/test_3-5_1-0_316.py::test_fizz_buzz[5-expected1] - TypeError: u...
FAILED ts-3-5/test_3-5_1-0_316.py::test_fizz_buzz[15-expected2] - TypeError: ...
========================= 3 failed, 1 passed in 0.07s ==========================
</pre></div></div></div></div></div><div class="mb-1" id="job_list___sub_accordion_20"><div class="card"><a data-toggle="collapse" data-target="#job_list___sub_collapse_20_1" aria-expanded="false" aria-controls="job_list___sub_collapse_20_1" href="#" class="job_list___sub_multi_heading"><div role="alert" class="card-header alert-success" id="job_list___sub_heading_20_1"><button class="btn btn-outline-success"><span class="job_id">20 : Job ID e9d5eee4a95b41af85110433d58044de</span></button></div></a><div aria-labelledby="job_list___sub_heading_20_1" data-parent="#job_list___sub_accordion_20" class="collapse job_list___sub_multi_collapse" id="job_list___sub_collapse_20_1"><div class="card-body"><div class="work-item"><div class="alert alert-success test-outcome" role="alert"><p>worker outcome: normal</p><p>test outcome: killed</p></div></div><pre class="location"><a href="pycharm://open?file=fizz_buzz.py&amp;line=9" class="text-secondary"><button class="btn btn-outline-dark">fizz_buzz.py, start pos: (9, 104), end pos: (9, 105)</button></a></pre><pre>operator: core/ReplaceBinaryOperator_Add_BitAnd, occurrence: 1</pre><div class="alert alert-secondary"><pre class="diff">--- mutation diff ---
--- afizz_buzz.py
+++ bfizz_buzz.py
@@ -6,4 +6,4 @@
     divisible by both, add "FizzBuzz"
 
     """
-    return [("Fizz" if x % 3 == 0 else "") + ("Buzz" if x % 5 == 0 else "") or str(x) for x in range(1,n+1)]
+    return [("Fizz" if x % 3 == 0 else "") + ("Buzz" if x % 5 == 0 else "") or str(x) for x in range(1,n&amp;1)]</pre></div><div class="alert alert-secondary"><pre class="diff">============================= test session starts ==============================
platform linux -- Python 3.10.12, pytest-8.3.3, pluggy-1.5.0
rootdir: /home/teste/python_experiments2/fizz-buzz
collected 4 items

ts-3-5/test_3-5_1-0_316.py FFF.                                          [100%]

=========================== short test summary info ============================
FAILED ts-3-5/test_3-5_1-0_316.py::test_fizz_buzz[1-expected0] - AssertionErr...
FAILED ts-3-5/test_3-5_1-0_316.py::test_fizz_buzz[5-expected1] - AssertionErr...
FAILED ts-3-5/test_3-5_1-0_316.py::test_fizz_buzz[15-expected2] - AssertionEr...
========================= 3 failed, 1 passed in 0.07s ==========================
</pre></div></div></div></div></div><div class="mb-1" id="job_list___sub_accordion_21"><div class="card"><a data-toggle="collapse" data-target="#job_list___sub_collapse_21_1" aria-expanded="false" aria-controls="job_list___sub_collapse_21_1" href="#" class="job_list___sub_multi_heading"><div role="alert" class="card-header alert-success" id="job_list___sub_heading_21_1"><button class="btn btn-outline-success"><span class="job_id">21 : Job ID 6b40267885024ddc9bb0a86334b7a2e1</span></button></div></a><div aria-labelledby="job_list___sub_heading_21_1" data-parent="#job_list___sub_accordion_21" class="collapse job_list___sub_multi_collapse" id="job_list___sub_collapse_21_1"><div class="card-body"><div class="work-item"><div class="alert alert-success test-outcome" role="alert"><p>worker outcome: normal</p><p>test outcome: killed</p></div></div><pre class="location"><a href="pycharm://open?file=fizz_buzz.py&amp;line=9" class="text-secondary"><button class="btn btn-outline-dark">fizz_buzz.py, start pos: (9, 43), end pos: (9, 44)</button></a></pre><pre>operator: core/ReplaceBinaryOperator_Add_BitXor, occurrence: 0</pre><div class="alert alert-secondary"><pre class="diff">--- mutation diff ---
--- afizz_buzz.py
+++ bfizz_buzz.py
@@ -6,4 +6,4 @@
     divisible by both, add "FizzBuzz"
 
     """
-    return [("Fizz" if x % 3 == 0 else "") + ("Buzz" if x % 5 == 0 else "") or str(x) for x in range(1,n+1)]
+    return [("Fizz" if x % 3 == 0 else "") ^ ("Buzz" if x % 5 == 0 else "") or str(x) for x in range(1,n+1)]</pre></div><div class="alert alert-secondary"><pre class="diff">============================= test session starts ==============================
platform linux -- Python 3.10.12, pytest-8.3.3, pluggy-1.5.0
rootdir: /home/teste/python_experiments2/fizz-buzz
collected 4 items

ts-3-5/test_3-5_1-0_316.py FFF.                                          [100%]

=========================== short test summary info ============================
FAILED ts-3-5/test_3-5_1-0_316.py::test_fizz_buzz[1-expected0] - TypeError: u...
FAILED ts-3-5/test_3-5_1-0_316.py::test_fizz_buzz[5-expected1] - TypeError: u...
FAILED ts-3-5/test_3-5_1-0_316.py::test_fizz_buzz[15-expected2] - TypeError: ...
========================= 3 failed, 1 passed in 0.07s ==========================
</pre></div></div></div></div></div><div class="mb-1" id="job_list___sub_accordion_22"><div class="card"><a data-toggle="collapse" data-target="#job_list___sub_collapse_22_1" aria-expanded="false" aria-controls="job_list___sub_collapse_22_1" href="#" class="job_list___sub_multi_heading"><div role="alert" class="card-header alert-success" id="job_list___sub_heading_22_1"><button class="btn btn-outline-success"><span class="job_id">22 : Job ID 1c91a63b9dd243749cb4dd73a36d8e05</span></button></div></a><div aria-labelledby="job_list___sub_heading_22_1" data-parent="#job_list___sub_accordion_22" class="collapse job_list___sub_multi_collapse" id="job_list___sub_collapse_22_1"><div class="card-body"><div class="work-item"><div class="alert alert-success test-outcome" role="alert"><p>worker outcome: normal</p><p>test outcome: killed</p></div></div><pre class="location"><a href="pycharm://open?file=fizz_buzz.py&amp;line=9" class="text-secondary"><button class="btn btn-outline-dark">fizz_buzz.py, start pos: (9, 104), end pos: (9, 105)</button></a></pre><pre>operator: core/ReplaceBinaryOperator_Add_BitXor, occurrence: 1</pre><div class="alert alert-secondary"><pre class="diff">--- mutation diff ---
--- afizz_buzz.py
+++ bfizz_buzz.py
@@ -6,4 +6,4 @@
     divisible by both, add "FizzBuzz"
 
     """
-    return [("Fizz" if x % 3 == 0 else "") + ("Buzz" if x % 5 == 0 else "") or str(x) for x in range(1,n+1)]
+    return [("Fizz" if x % 3 == 0 else "") + ("Buzz" if x % 5 == 0 else "") or str(x) for x in range(1,n^1)]</pre></div><div class="alert alert-secondary"><pre class="diff">============================= test session starts ==============================
platform linux -- Python 3.10.12, pytest-8.3.3, pluggy-1.5.0
rootdir: /home/teste/python_experiments2/fizz-buzz
collected 4 items

ts-3-5/test_3-5_1-0_316.py FFF.                                          [100%]

=========================== short test summary info ============================
FAILED ts-3-5/test_3-5_1-0_316.py::test_fizz_buzz[1-expected0] - AssertionErr...
FAILED ts-3-5/test_3-5_1-0_316.py::test_fizz_buzz[5-expected1] - AssertionErr...
FAILED ts-3-5/test_3-5_1-0_316.py::test_fizz_buzz[15-expected2] - AssertionEr...
========================= 3 failed, 1 passed in 0.07s ==========================
</pre></div></div></div></div></div><div class="mb-1" id="job_list___sub_accordion_23"><div class="card"><a data-toggle="collapse" data-target="#job_list___sub_collapse_23_1" aria-expanded="false" aria-controls="job_list___sub_collapse_23_1" href="#" class="job_list___sub_multi_heading"><div role="alert" class="card-header alert-success" id="job_list___sub_heading_23_1"><button class="btn btn-outline-success"><span class="job_id">23 : Job ID 1c175eae1ba447348e55c679ea552c36</span></button></div></a><div aria-labelledby="job_list___sub_heading_23_1" data-parent="#job_list___sub_accordion_23" class="collapse job_list___sub_multi_collapse" id="job_list___sub_collapse_23_1"><div class="card-body"><div class="work-item"><div class="alert alert-success test-outcome" role="alert"><p>worker outcome: normal</p><p>test outcome: killed</p></div></div><pre class="location"><a href="pycharm://open?file=fizz_buzz.py&amp;line=9" class="text-secondary"><button class="btn btn-outline-dark">fizz_buzz.py, start pos: (9, 25), end pos: (9, 26)</button></a></pre><pre>operator: core/ReplaceBinaryOperator_Mod_Add, occurrence: 0</pre><div class="alert alert-secondary"><pre class="diff">--- mutation diff ---
--- afizz_buzz.py
+++ bfizz_buzz.py
@@ -6,4 +6,4 @@
     divisible by both, add "FizzBuzz"
 
     """
-    return [("Fizz" if x % 3 == 0 else "") + ("Buzz" if x % 5 == 0 else "") or str(x) for x in range(1,n+1)]
+    return [("Fizz" if x + 3 == 0 else "") + ("Buzz" if x % 5 == 0 else "") or str(x) for x in range(1,n+1)]</pre></div><div class="alert alert-secondary"><pre class="diff">============================= test session starts ==============================
platform linux -- Python 3.10.12, pytest-8.3.3, pluggy-1.5.0
rootdir: /home/teste/python_experiments2/fizz-buzz
collected 4 items

ts-3-5/test_3-5_1-0_316.py .FF.                                          [100%]

=========================== short test summary info ============================
FAILED ts-3-5/test_3-5_1-0_316.py::test_fizz_buzz[5-expected1] - AssertionErr...
FAILED ts-3-5/test_3-5_1-0_316.py::test_fizz_buzz[15-expected2] - AssertionEr...
========================= 2 failed, 2 passed in 0.07s ==========================
</pre></div></div></div></div></div><div class="mb-1" id="job_list___sub_accordion_24"><div class="card"><a data-toggle="collapse" data-target="#job_list___sub_collapse_24_1" aria-expanded="false" aria-controls="job_list___sub_collapse_24_1" href="#" class="job_list___sub_multi_heading"><div role="alert" class="card-header alert-success" id="job_list___sub_heading_24_1"><button class="btn btn-outline-success"><span class="job_id">24 : Job ID 021b899245ff4cd4b1f3573b3b0e3133</span></button></div></a><div aria-labelledby="job_list___sub_heading_24_1" data-parent="#job_list___sub_accordion_24" class="collapse job_list___sub_multi_collapse" id="job_list___sub_collapse_24_1"><div class="card-body"><div class="work-item"><div class="alert alert-success test-outcome" role="alert"><p>worker outcome: normal</p><p>test outcome: killed</p></div></div><pre class="location"><a href="pycharm://open?file=fizz_buzz.py&amp;line=9" class="text-secondary"><button class="btn btn-outline-dark">fizz_buzz.py, start pos: (9, 58), end pos: (9, 59)</button></a></pre><pre>operator: core/ReplaceBinaryOperator_Mod_Add, occurrence: 1</pre><div class="alert alert-secondary"><pre class="diff">--- mutation diff ---
--- afizz_buzz.py
+++ bfizz_buzz.py
@@ -6,4 +6,4 @@
     divisible by both, add "FizzBuzz"
 
     """
-    return [("Fizz" if x % 3 == 0 else "") + ("Buzz" if x % 5 == 0 else "") or str(x) for x in range(1,n+1)]
+    return [("Fizz" if x % 3 == 0 else "") + ("Buzz" if x + 5 == 0 else "") or str(x) for x in range(1,n+1)]</pre></div><div class="alert alert-secondary"><pre class="diff">============================= test session starts ==============================
platform linux -- Python 3.10.12, pytest-8.3.3, pluggy-1.5.0
rootdir: /home/teste/python_experiments2/fizz-buzz
collected 4 items

ts-3-5/test_3-5_1-0_316.py .FF.                                          [100%]

=========================== short test summary info ============================
FAILED ts-3-5/test_3-5_1-0_316.py::test_fizz_buzz[5-expected1] - AssertionErr...
FAILED ts-3-5/test_3-5_1-0_316.py::test_fizz_buzz[15-expected2] - AssertionEr...
========================= 2 failed, 2 passed in 0.07s ==========================
</pre></div></div></div></div></div><div class="mb-1" id="job_list___sub_accordion_25"><div class="card"><a data-toggle="collapse" data-target="#job_list___sub_collapse_25_1" aria-expanded="false" aria-controls="job_list___sub_collapse_25_1" href="#" class="job_list___sub_multi_heading"><div role="alert" class="card-header alert-success" id="job_list___sub_heading_25_1"><button class="btn btn-outline-success"><span class="job_id">25 : Job ID aa175aea920a41489312bcbb751a17dc</span></button></div></a><div aria-labelledby="job_list___sub_heading_25_1" data-parent="#job_list___sub_accordion_25" class="collapse job_list___sub_multi_collapse" id="job_list___sub_collapse_25_1"><div class="card-body"><div class="work-item"><div class="alert alert-success test-outcome" role="alert"><p>worker outcome: normal</p><p>test outcome: killed</p></div></div><pre class="location"><a href="pycharm://open?file=fizz_buzz.py&amp;line=9" class="text-secondary"><button class="btn btn-outline-dark">fizz_buzz.py, start pos: (9, 25), end pos: (9, 26)</button></a></pre><pre>operator: core/ReplaceBinaryOperator_Mod_Sub, occurrence: 0</pre><div class="alert alert-secondary"><pre class="diff">--- mutation diff ---
--- afizz_buzz.py
+++ bfizz_buzz.py
@@ -6,4 +6,4 @@
     divisible by both, add "FizzBuzz"
 
     """
-    return [("Fizz" if x % 3 == 0 else "") + ("Buzz" if x % 5 == 0 else "") or str(x) for x in range(1,n+1)]
+    return [("Fizz" if x - 3 == 0 else "") + ("Buzz" if x % 5 == 0 else "") or str(x) for x in range(1,n+1)]</pre></div><div class="alert alert-secondary"><pre class="diff">============================= test session starts ==============================
platform linux -- Python 3.10.12, pytest-8.3.3, pluggy-1.5.0
rootdir: /home/teste/python_experiments2/fizz-buzz
collected 4 items

ts-3-5/test_3-5_1-0_316.py ..F.                                          [100%]

=========================== short test summary info ============================
FAILED ts-3-5/test_3-5_1-0_316.py::test_fizz_buzz[15-expected2] - AssertionEr...
========================= 1 failed, 3 passed in 0.07s ==========================
</pre></div></div></div></div></div><div class="mb-1" id="job_list___sub_accordion_26"><div class="card"><a data-toggle="collapse" data-target="#job_list___sub_collapse_26_1" aria-expanded="false" aria-controls="job_list___sub_collapse_26_1" href="#" class="job_list___sub_multi_heading"><div role="alert" class="card-header alert-success" id="job_list___sub_heading_26_1"><button class="btn btn-outline-success"><span class="job_id">26 : Job ID fcb119ab2f29401c9fee349e3de63aee</span></button></div></a><div aria-labelledby="job_list___sub_heading_26_1" data-parent="#job_list___sub_accordion_26" class="collapse job_list___sub_multi_collapse" id="job_list___sub_collapse_26_1"><div class="card-body"><div class="work-item"><div class="alert alert-success test-outcome" role="alert"><p>worker outcome: normal</p><p>test outcome: killed</p></div></div><pre class="location"><a href="pycharm://open?file=fizz_buzz.py&amp;line=9" class="text-secondary"><button class="btn btn-outline-dark">fizz_buzz.py, start pos: (9, 58), end pos: (9, 59)</button></a></pre><pre>operator: core/ReplaceBinaryOperator_Mod_Sub, occurrence: 1</pre><div class="alert alert-secondary"><pre class="diff">--- mutation diff ---
--- afizz_buzz.py
+++ bfizz_buzz.py
@@ -6,4 +6,4 @@
     divisible by both, add "FizzBuzz"
 
     """
-    return [("Fizz" if x % 3 == 0 else "") + ("Buzz" if x % 5 == 0 else "") or str(x) for x in range(1,n+1)]
+    return [("Fizz" if x % 3 == 0 else "") + ("Buzz" if x - 5 == 0 else "") or str(x) for x in range(1,n+1)]</pre></div><div class="alert alert-secondary"><pre class="diff">============================= test session starts ==============================
platform linux -- Python 3.10.12, pytest-8.3.3, pluggy-1.5.0
rootdir: /home/teste/python_experiments2/fizz-buzz
collected 4 items

ts-3-5/test_3-5_1-0_316.py ..F.                                          [100%]

=========================== short test summary info ============================
FAILED ts-3-5/test_3-5_1-0_316.py::test_fizz_buzz[15-expected2] - AssertionEr...
========================= 1 failed, 3 passed in 0.07s ==========================
</pre></div></div></div></div></div><div class="mb-1" id="job_list___sub_accordion_27"><div class="card"><a data-toggle="collapse" data-target="#job_list___sub_collapse_27_1" aria-expanded="false" aria-controls="job_list___sub_collapse_27_1" href="#" class="job_list___sub_multi_heading"><div role="alert" class="card-header alert-success" id="job_list___sub_heading_27_1"><button class="btn btn-outline-success"><span class="job_id">27 : Job ID 1ab6fce4127e47ae81cd8b3bf171d142</span></button></div></a><div aria-labelledby="job_list___sub_heading_27_1" data-parent="#job_list___sub_accordion_27" class="collapse job_list___sub_multi_collapse" id="job_list___sub_collapse_27_1"><div class="card-body"><div class="work-item"><div class="alert alert-success test-outcome" role="alert"><p>worker outcome: normal</p><p>test outcome: killed</p></div></div><pre class="location"><a href="pycharm://open?file=fizz_buzz.py&amp;line=9" class="text-secondary"><button class="btn btn-outline-dark">fizz_buzz.py, start pos: (9, 25), end pos: (9, 26)</button></a></pre><pre>operator: core/ReplaceBinaryOperator_Mod_Mul, occurrence: 0</pre><div class="alert alert-secondary"><pre class="diff">--- mutation diff ---
--- afizz_buzz.py
+++ bfizz_buzz.py
@@ -6,4 +6,4 @@
     divisible by both, add "FizzBuzz"
 
     """
-    return [("Fizz" if x % 3 == 0 else "") + ("Buzz" if x % 5 == 0 else "") or str(x) for x in range(1,n+1)]
+    return [("Fizz" if x * 3 == 0 else "") + ("Buzz" if x % 5 == 0 else "") or str(x) for x in range(1,n+1)]</pre></div><div class="alert alert-secondary"><pre class="diff">============================= test session starts ==============================
platform linux -- Python 3.10.12, pytest-8.3.3, pluggy-1.5.0
rootdir: /home/teste/python_experiments2/fizz-buzz
collected 4 items

ts-3-5/test_3-5_1-0_316.py .FF.                                          [100%]

=========================== short test summary info ============================
FAILED ts-3-5/test_3-5_1-0_316.py::test_fizz_buzz[5-expected1] - AssertionErr...
FAILED ts-3-5/test_3-5_1-0_316.py::test_fizz_buzz[15-expected2] - AssertionEr...
========================= 2 failed, 2 passed in 0.07s ==========================
</pre></div></div></div></div></div><div class="mb-1" id="job_list___sub_accordion_28"><div class="card"><a data-toggle="collapse" data-target="#job_list___sub_collapse_28_1" aria-expanded="false" aria-controls="job_list___sub_collapse_28_1" href="#" class="job_list___sub_multi_heading"><div role="alert" class="card-header alert-success" id="job_list___sub_heading_28_1"><button class="btn btn-outline-success"><span class="job_id">28 : Job ID 63144a7cd3154604bf6bb1223a7f8f98</span></button></div></a><div aria-labelledby="job_list___sub_heading_28_1" data-parent="#job_list___sub_accordion_28" class="collapse job_list___sub_multi_collapse" id="job_list___sub_collapse_28_1"><div class="card-body"><div class="work-item"><div class="alert alert-success test-outcome" role="alert"><p>worker outcome: normal</p><p>test outcome: killed</p></div></div><pre class="location"><a href="pycharm://open?file=fizz_buzz.py&amp;line=9" class="text-secondary"><button class="btn btn-outline-dark">fizz_buzz.py, start pos: (9, 58), end pos: (9, 59)</button></a></pre><pre>operator: core/ReplaceBinaryOperator_Mod_Mul, occurrence: 1</pre><div class="alert alert-secondary"><pre class="diff">--- mutation diff ---
--- afizz_buzz.py
+++ bfizz_buzz.py
@@ -6,4 +6,4 @@
     divisible by both, add "FizzBuzz"
 
     """
-    return [("Fizz" if x % 3 == 0 else "") + ("Buzz" if x % 5 == 0 else "") or str(x) for x in range(1,n+1)]
+    return [("Fizz" if x % 3 == 0 else "") + ("Buzz" if x * 5 == 0 else "") or str(x) for x in range(1,n+1)]</pre></div><div class="alert alert-secondary"><pre class="diff">============================= test session starts ==============================
platform linux -- Python 3.10.12, pytest-8.3.3, pluggy-1.5.0
rootdir: /home/teste/python_experiments2/fizz-buzz
collected 4 items

ts-3-5/test_3-5_1-0_316.py .FF.                                          [100%]

=========================== short test summary info ============================
FAILED ts-3-5/test_3-5_1-0_316.py::test_fizz_buzz[5-expected1] - AssertionErr...
FAILED ts-3-5/test_3-5_1-0_316.py::test_fizz_buzz[15-expected2] - AssertionEr...
========================= 2 failed, 2 passed in 0.07s ==========================
</pre></div></div></div></div></div><div class="mb-1" id="job_list___sub_accordion_29"><div class="card"><a data-toggle="collapse" data-target="#job_list___sub_collapse_29_1" aria-expanded="false" aria-controls="job_list___sub_collapse_29_1" href="#" class="job_list___sub_multi_heading"><div role="alert" class="card-header alert-success" id="job_list___sub_heading_29_1"><button class="btn btn-outline-success"><span class="job_id">29 : Job ID b75fe6da13854c5f874c8b1dabb622df</span></button></div></a><div aria-labelledby="job_list___sub_heading_29_1" data-parent="#job_list___sub_accordion_29" class="collapse job_list___sub_multi_collapse" id="job_list___sub_collapse_29_1"><div class="card-body"><div class="work-item"><div class="alert alert-success test-outcome" role="alert"><p>worker outcome: normal</p><p>test outcome: killed</p></div></div><pre class="location"><a href="pycharm://open?file=fizz_buzz.py&amp;line=9" class="text-secondary"><button class="btn btn-outline-dark">fizz_buzz.py, start pos: (9, 25), end pos: (9, 26)</button></a></pre><pre>operator: core/ReplaceBinaryOperator_Mod_Div, occurrence: 0</pre><div class="alert alert-secondary"><pre class="diff">--- mutation diff ---
--- afizz_buzz.py
+++ bfizz_buzz.py
@@ -6,4 +6,4 @@
     divisible by both, add "FizzBuzz"
 
     """
-    return [("Fizz" if x % 3 == 0 else "") + ("Buzz" if x % 5 == 0 else "") or str(x) for x in range(1,n+1)]
+    return [("Fizz" if x / 3 == 0 else "") + ("Buzz" if x % 5 == 0 else "") or str(x) for x in range(1,n+1)]</pre></div><div class="alert alert-secondary"><pre class="diff">============================= test session starts ==============================
platform linux -- Python 3.10.12, pytest-8.3.3, pluggy-1.5.0
rootdir: /home/teste/python_experiments2/fizz-buzz
collected 4 items

ts-3-5/test_3-5_1-0_316.py .FF.                                          [100%]

=========================== short test summary info ============================
FAILED ts-3-5/test_3-5_1-0_316.py::test_fizz_buzz[5-expected1] - AssertionErr...
FAILED ts-3-5/test_3-5_1-0_316.py::test_fizz_buzz[15-expected2] - AssertionEr...
========================= 2 failed, 2 passed in 0.07s ==========================
</pre></div></div></div></div></div><div class="mb-1" id="job_list___sub_accordion_30"><div class="card"><a data-toggle="collapse" data-target="#job_list___sub_collapse_30_1" aria-expanded="false" aria-controls="job_list___sub_collapse_30_1" href="#" class="job_list___sub_multi_heading"><div role="alert" class="card-header alert-success" id="job_list___sub_heading_30_1"><button class="btn btn-outline-success"><span class="job_id">30 : Job ID 3c62d3fe42c441b6bbb94ed337a135b9</span></button></div></a><div aria-labelledby="job_list___sub_heading_30_1" data-parent="#job_list___sub_accordion_30" class="collapse job_list___sub_multi_collapse" id="job_list___sub_collapse_30_1"><div class="card-body"><div class="work-item"><div class="alert alert-success test-outcome" role="alert"><p>worker outcome: normal</p><p>test outcome: killed</p></div></div><pre class="location"><a href="pycharm://open?file=fizz_buzz.py&amp;line=9" class="text-secondary"><button class="btn btn-outline-dark">fizz_buzz.py, start pos: (9, 58), end pos: (9, 59)</button></a></pre><pre>operator: core/ReplaceBinaryOperator_Mod_Div, occurrence: 1</pre><div class="alert alert-secondary"><pre class="diff">--- mutation diff ---
--- afizz_buzz.py
+++ bfizz_buzz.py
@@ -6,4 +6,4 @@
     divisible by both, add "FizzBuzz"
 
     """
-    return [("Fizz" if x % 3 == 0 else "") + ("Buzz" if x % 5 == 0 else "") or str(x) for x in range(1,n+1)]
+    return [("Fizz" if x % 3 == 0 else "") + ("Buzz" if x / 5 == 0 else "") or str(x) for x in range(1,n+1)]</pre></div><div class="alert alert-secondary"><pre class="diff">============================= test session starts ==============================
platform linux -- Python 3.10.12, pytest-8.3.3, pluggy-1.5.0
rootdir: /home/teste/python_experiments2/fizz-buzz
collected 4 items

ts-3-5/test_3-5_1-0_316.py .FF.                                          [100%]

=========================== short test summary info ============================
FAILED ts-3-5/test_3-5_1-0_316.py::test_fizz_buzz[5-expected1] - AssertionErr...
FAILED ts-3-5/test_3-5_1-0_316.py::test_fizz_buzz[15-expected2] - AssertionEr...
========================= 2 failed, 2 passed in 0.07s ==========================
</pre></div></div></div></div></div><div class="mb-1" id="job_list___sub_accordion_31"><div class="card"><a data-toggle="collapse" data-target="#job_list___sub_collapse_31_1" aria-expanded="false" aria-controls="job_list___sub_collapse_31_1" href="#" class="job_list___sub_multi_heading"><div role="alert" class="card-header alert-success" id="job_list___sub_heading_31_1"><button class="btn btn-outline-success"><span class="job_id">31 : Job ID dd05283dd66844869586caac01e958ae</span></button></div></a><div aria-labelledby="job_list___sub_heading_31_1" data-parent="#job_list___sub_accordion_31" class="collapse job_list___sub_multi_collapse" id="job_list___sub_collapse_31_1"><div class="card-body"><div class="work-item"><div class="alert alert-success test-outcome" role="alert"><p>worker outcome: normal</p><p>test outcome: killed</p></div></div><pre class="location"><a href="pycharm://open?file=fizz_buzz.py&amp;line=9" class="text-secondary"><button class="btn btn-outline-dark">fizz_buzz.py, start pos: (9, 25), end pos: (9, 26)</button></a></pre><pre>operator: core/ReplaceBinaryOperator_Mod_FloorDiv, occurrence: 0</pre><div class="alert alert-secondary"><pre class="diff">--- mutation diff ---
--- afizz_buzz.py
+++ bfizz_buzz.py
@@ -6,4 +6,4 @@
     divisible by both, add "FizzBuzz"
 
     """
-    return [("Fizz" if x % 3 == 0 else "") + ("Buzz" if x % 5 == 0 else "") or str(x) for x in range(1,n+1)]
+    return [("Fizz" if x // 3 == 0 else "") + ("Buzz" if x % 5 == 0 else "") or str(x) for x in range(1,n+1)]</pre></div><div class="alert alert-secondary"><pre class="diff">============================= test session starts ==============================
platform linux -- Python 3.10.12, pytest-8.3.3, pluggy-1.5.0
rootdir: /home/teste/python_experiments2/fizz-buzz
collected 4 items

ts-3-5/test_3-5_1-0_316.py FFF.                                          [100%]

=========================== short test summary info ============================
FAILED ts-3-5/test_3-5_1-0_316.py::test_fizz_buzz[1-expected0] - AssertionErr...
FAILED ts-3-5/test_3-5_1-0_316.py::test_fizz_buzz[5-expected1] - AssertionErr...
FAILED ts-3-5/test_3-5_1-0_316.py::test_fizz_buzz[15-expected2] - AssertionEr...
========================= 3 failed, 1 passed in 0.07s ==========================
</pre></div></div></div></div></div><div class="mb-1" id="job_list___sub_accordion_32"><div class="card"><a data-toggle="collapse" data-target="#job_list___sub_collapse_32_1" aria-expanded="false" aria-controls="job_list___sub_collapse_32_1" href="#" class="job_list___sub_multi_heading"><div role="alert" class="card-header alert-success" id="job_list___sub_heading_32_1"><button class="btn btn-outline-success"><span class="job_id">32 : Job ID 2b45545977cf401eae7ac9bc69265400</span></button></div></a><div aria-labelledby="job_list___sub_heading_32_1" data-parent="#job_list___sub_accordion_32" class="collapse job_list___sub_multi_collapse" id="job_list___sub_collapse_32_1"><div class="card-body"><div class="work-item"><div class="alert alert-success test-outcome" role="alert"><p>worker outcome: normal</p><p>test outcome: killed</p></div></div><pre class="location"><a href="pycharm://open?file=fizz_buzz.py&amp;line=9" class="text-secondary"><button class="btn btn-outline-dark">fizz_buzz.py, start pos: (9, 58), end pos: (9, 59)</button></a></pre><pre>operator: core/ReplaceBinaryOperator_Mod_FloorDiv, occurrence: 1</pre><div class="alert alert-secondary"><pre class="diff">--- mutation diff ---
--- afizz_buzz.py
+++ bfizz_buzz.py
@@ -6,4 +6,4 @@
     divisible by both, add "FizzBuzz"
 
     """
-    return [("Fizz" if x % 3 == 0 else "") + ("Buzz" if x % 5 == 0 else "") or str(x) for x in range(1,n+1)]
+    return [("Fizz" if x % 3 == 0 else "") + ("Buzz" if x // 5 == 0 else "") or str(x) for x in range(1,n+1)]</pre></div><div class="alert alert-secondary"><pre class="diff">============================= test session starts ==============================
platform linux -- Python 3.10.12, pytest-8.3.3, pluggy-1.5.0
rootdir: /home/teste/python_experiments2/fizz-buzz
collected 4 items

ts-3-5/test_3-5_1-0_316.py FFF.                                          [100%]

=========================== short test summary info ============================
FAILED ts-3-5/test_3-5_1-0_316.py::test_fizz_buzz[1-expected0] - AssertionErr...
FAILED ts-3-5/test_3-5_1-0_316.py::test_fizz_buzz[5-expected1] - AssertionErr...
FAILED ts-3-5/test_3-5_1-0_316.py::test_fizz_buzz[15-expected2] - AssertionEr...
========================= 3 failed, 1 passed in 0.07s ==========================
</pre></div></div></div></div></div><div class="mb-1" id="job_list___sub_accordion_33"><div class="card"><a data-toggle="collapse" data-target="#job_list___sub_collapse_33_1" aria-expanded="false" aria-controls="job_list___sub_collapse_33_1" href="#" class="job_list___sub_multi_heading"><div role="alert" class="card-header alert-success" id="job_list___sub_heading_33_1"><button class="btn btn-outline-success"><span class="job_id">33 : Job ID bd4e47cdbb39461593d279c721fcb185</span></button></div></a><div aria-labelledby="job_list___sub_heading_33_1" data-parent="#job_list___sub_accordion_33" class="collapse job_list___sub_multi_collapse" id="job_list___sub_collapse_33_1"><div class="card-body"><div class="work-item"><div class="alert alert-success test-outcome" role="alert"><p>worker outcome: normal</p><p>test outcome: killed</p></div></div><pre class="location"><a href="pycharm://open?file=fizz_buzz.py&amp;line=9" class="text-secondary"><button class="btn btn-outline-dark">fizz_buzz.py, start pos: (9, 25), end pos: (9, 26)</button></a></pre><pre>operator: core/ReplaceBinaryOperator_Mod_Pow, occurrence: 0</pre><div class="alert alert-secondary"><pre class="diff">--- mutation diff ---
--- afizz_buzz.py
+++ bfizz_buzz.py
@@ -6,4 +6,4 @@
     divisible by both, add "FizzBuzz"
 
     """
-    return [("Fizz" if x % 3 == 0 else "") + ("Buzz" if x % 5 == 0 else "") or str(x) for x in range(1,n+1)]
+    return [("Fizz" if x ** 3 == 0 else "") + ("Buzz" if x % 5 == 0 else "") or str(x) for x in range(1,n+1)]</pre></div><div class="alert alert-secondary"><pre class="diff">============================= test session starts ==============================
platform linux -- Python 3.10.12, pytest-8.3.3, pluggy-1.5.0
rootdir: /home/teste/python_experiments2/fizz-buzz
collected 4 items

ts-3-5/test_3-5_1-0_316.py .FF.                                          [100%]

=========================== short test summary info ============================
FAILED ts-3-5/test_3-5_1-0_316.py::test_fizz_buzz[5-expected1] - AssertionErr...
FAILED ts-3-5/test_3-5_1-0_316.py::test_fizz_buzz[15-expected2] - AssertionEr...
========================= 2 failed, 2 passed in 0.07s ==========================
</pre></div></div></div></div></div><div class="mb-1" id="job_list___sub_accordion_34"><div class="card"><a data-toggle="collapse" data-target="#job_list___sub_collapse_34_1" aria-expanded="false" aria-controls="job_list___sub_collapse_34_1" href="#" class="job_list___sub_multi_heading"><div role="alert" class="card-header alert-success" id="job_list___sub_heading_34_1"><button class="btn btn-outline-success"><span class="job_id">34 : Job ID dcc187b0334b42c48ddc3af56e499b4f</span></button></div></a><div aria-labelledby="job_list___sub_heading_34_1" data-parent="#job_list___sub_accordion_34" class="collapse job_list___sub_multi_collapse" id="job_list___sub_collapse_34_1"><div class="card-body"><div class="work-item"><div class="alert alert-success test-outcome" role="alert"><p>worker outcome: normal</p><p>test outcome: killed</p></div></div><pre class="location"><a href="pycharm://open?file=fizz_buzz.py&amp;line=9" class="text-secondary"><button class="btn btn-outline-dark">fizz_buzz.py, start pos: (9, 58), end pos: (9, 59)</button></a></pre><pre>operator: core/ReplaceBinaryOperator_Mod_Pow, occurrence: 1</pre><div class="alert alert-secondary"><pre class="diff">--- mutation diff ---
--- afizz_buzz.py
+++ bfizz_buzz.py
@@ -6,4 +6,4 @@
     divisible by both, add "FizzBuzz"
 
     """
-    return [("Fizz" if x % 3 == 0 else "") + ("Buzz" if x % 5 == 0 else "") or str(x) for x in range(1,n+1)]
+    return [("Fizz" if x % 3 == 0 else "") + ("Buzz" if x ** 5 == 0 else "") or str(x) for x in range(1,n+1)]</pre></div><div class="alert alert-secondary"><pre class="diff">============================= test session starts ==============================
platform linux -- Python 3.10.12, pytest-8.3.3, pluggy-1.5.0
rootdir: /home/teste/python_experiments2/fizz-buzz
collected 4 items

ts-3-5/test_3-5_1-0_316.py .FF.                                          [100%]

=========================== short test summary info ============================
FAILED ts-3-5/test_3-5_1-0_316.py::test_fizz_buzz[5-expected1] - AssertionErr...
FAILED ts-3-5/test_3-5_1-0_316.py::test_fizz_buzz[15-expected2] - AssertionEr...
========================= 2 failed, 2 passed in 0.07s ==========================
</pre></div></div></div></div></div><div class="mb-1" id="job_list___sub_accordion_35"><div class="card"><a data-toggle="collapse" data-target="#job_list___sub_collapse_35_1" aria-expanded="false" aria-controls="job_list___sub_collapse_35_1" href="#" class="job_list___sub_multi_heading"><div role="alert" class="card-header alert-success" id="job_list___sub_heading_35_1"><button class="btn btn-outline-success"><span class="job_id">35 : Job ID 84f67fd466774d57818dca5eedbd6dc1</span></button></div></a><div aria-labelledby="job_list___sub_heading_35_1" data-parent="#job_list___sub_accordion_35" class="collapse job_list___sub_multi_collapse" id="job_list___sub_collapse_35_1"><div class="card-body"><div class="work-item"><div class="alert alert-success test-outcome" role="alert"><p>worker outcome: normal</p><p>test outcome: killed</p></div></div><pre class="location"><a href="pycharm://open?file=fizz_buzz.py&amp;line=9" class="text-secondary"><button class="btn btn-outline-dark">fizz_buzz.py, start pos: (9, 25), end pos: (9, 26)</button></a></pre><pre>operator: core/ReplaceBinaryOperator_Mod_RShift, occurrence: 0</pre><div class="alert alert-secondary"><pre class="diff">--- mutation diff ---
--- afizz_buzz.py
+++ bfizz_buzz.py
@@ -6,4 +6,4 @@
     divisible by both, add "FizzBuzz"
 
     """
-    return [("Fizz" if x % 3 == 0 else "") + ("Buzz" if x % 5 == 0 else "") or str(x) for x in range(1,n+1)]
+    return [("Fizz" if x &gt;&gt; 3 == 0 else "") + ("Buzz" if x % 5 == 0 else "") or str(x) for x in range(1,n+1)]</pre></div><div class="alert alert-secondary"><pre class="diff">============================= test session starts ==============================
platform linux -- Python 3.10.12, pytest-8.3.3, pluggy-1.5.0
rootdir: /home/teste/python_experiments2/fizz-buzz
collected 4 items

ts-3-5/test_3-5_1-0_316.py FFF.                                          [100%]

=========================== short test summary info ============================
FAILED ts-3-5/test_3-5_1-0_316.py::test_fizz_buzz[1-expected0] - AssertionErr...
FAILED ts-3-5/test_3-5_1-0_316.py::test_fizz_buzz[5-expected1] - AssertionErr...
FAILED ts-3-5/test_3-5_1-0_316.py::test_fizz_buzz[15-expected2] - AssertionEr...
========================= 3 failed, 1 passed in 0.08s ==========================
</pre></div></div></div></div></div><div class="mb-1" id="job_list___sub_accordion_36"><div class="card"><a data-toggle="collapse" data-target="#job_list___sub_collapse_36_1" aria-expanded="false" aria-controls="job_list___sub_collapse_36_1" href="#" class="job_list___sub_multi_heading"><div role="alert" class="card-header alert-success" id="job_list___sub_heading_36_1"><button class="btn btn-outline-success"><span class="job_id">36 : Job ID 3216ec4a08024a668755965c37295b44</span></button></div></a><div aria-labelledby="job_list___sub_heading_36_1" data-parent="#job_list___sub_accordion_36" class="collapse job_list___sub_multi_collapse" id="job_list___sub_collapse_36_1"><div class="card-body"><div class="work-item"><div class="alert alert-success test-outcome" role="alert"><p>worker outcome: normal</p><p>test outcome: killed</p></div></div><pre class="location"><a href="pycharm://open?file=fizz_buzz.py&amp;line=9" class="text-secondary"><button class="btn btn-outline-dark">fizz_buzz.py, start pos: (9, 58), end pos: (9, 59)</button></a></pre><pre>operator: core/ReplaceBinaryOperator_Mod_RShift, occurrence: 1</pre><div class="alert alert-secondary"><pre class="diff">--- mutation diff ---
--- afizz_buzz.py
+++ bfizz_buzz.py
@@ -6,4 +6,4 @@
     divisible by both, add "FizzBuzz"
 
     """
-    return [("Fizz" if x % 3 == 0 else "") + ("Buzz" if x % 5 == 0 else "") or str(x) for x in range(1,n+1)]
+    return [("Fizz" if x % 3 == 0 else "") + ("Buzz" if x &gt;&gt; 5 == 0 else "") or str(x) for x in range(1,n+1)]</pre></div><div class="alert alert-secondary"><pre class="diff">============================= test session starts ==============================
platform linux -- Python 3.10.12, pytest-8.3.3, pluggy-1.5.0
rootdir: /home/teste/python_experiments2/fizz-buzz
collected 4 items

ts-3-5/test_3-5_1-0_316.py FFF.                                          [100%]

=========================== short test summary info ============================
FAILED ts-3-5/test_3-5_1-0_316.py::test_fizz_buzz[1-expected0] - AssertionErr...
FAILED ts-3-5/test_3-5_1-0_316.py::test_fizz_buzz[5-expected1] - AssertionErr...
FAILED ts-3-5/test_3-5_1-0_316.py::test_fizz_buzz[15-expected2] - AssertionEr...
========================= 3 failed, 1 passed in 0.07s ==========================
</pre></div></div></div></div></div><div class="mb-1" id="job_list___sub_accordion_37"><div class="card"><a data-toggle="collapse" data-target="#job_list___sub_collapse_37_1" aria-expanded="false" aria-controls="job_list___sub_collapse_37_1" href="#" class="job_list___sub_multi_heading"><div role="alert" class="card-header alert-success" id="job_list___sub_heading_37_1"><button class="btn btn-outline-success"><span class="job_id">37 : Job ID e0dbf5666acb4b6eabc3c305819fbdbd</span></button></div></a><div aria-labelledby="job_list___sub_heading_37_1" data-parent="#job_list___sub_accordion_37" class="collapse job_list___sub_multi_collapse" id="job_list___sub_collapse_37_1"><div class="card-body"><div class="work-item"><div class="alert alert-success test-outcome" role="alert"><p>worker outcome: normal</p><p>test outcome: killed</p></div></div><pre class="location"><a href="pycharm://open?file=fizz_buzz.py&amp;line=9" class="text-secondary"><button class="btn btn-outline-dark">fizz_buzz.py, start pos: (9, 25), end pos: (9, 26)</button></a></pre><pre>operator: core/ReplaceBinaryOperator_Mod_LShift, occurrence: 0</pre><div class="alert alert-secondary"><pre class="diff">--- mutation diff ---
--- afizz_buzz.py
+++ bfizz_buzz.py
@@ -6,4 +6,4 @@
     divisible by both, add "FizzBuzz"
 
     """
-    return [("Fizz" if x % 3 == 0 else "") + ("Buzz" if x % 5 == 0 else "") or str(x) for x in range(1,n+1)]
+    return [("Fizz" if x &lt;&lt; 3 == 0 else "") + ("Buzz" if x % 5 == 0 else "") or str(x) for x in range(1,n+1)]</pre></div><div class="alert alert-secondary"><pre class="diff">============================= test session starts ==============================
platform linux -- Python 3.10.12, pytest-8.3.3, pluggy-1.5.0
rootdir: /home/teste/python_experiments2/fizz-buzz
collected 4 items

ts-3-5/test_3-5_1-0_316.py .FF.                                          [100%]

=========================== short test summary info ============================
FAILED ts-3-5/test_3-5_1-0_316.py::test_fizz_buzz[5-expected1] - AssertionErr...
FAILED ts-3-5/test_3-5_1-0_316.py::test_fizz_buzz[15-expected2] - AssertionEr...
========================= 2 failed, 2 passed in 0.07s ==========================
</pre></div></div></div></div></div><div class="mb-1" id="job_list___sub_accordion_38"><div class="card"><a data-toggle="collapse" data-target="#job_list___sub_collapse_38_1" aria-expanded="false" aria-controls="job_list___sub_collapse_38_1" href="#" class="job_list___sub_multi_heading"><div role="alert" class="card-header alert-success" id="job_list___sub_heading_38_1"><button class="btn btn-outline-success"><span class="job_id">38 : Job ID fc706013daa6475982e0916ad6d1f4bf</span></button></div></a><div aria-labelledby="job_list___sub_heading_38_1" data-parent="#job_list___sub_accordion_38" class="collapse job_list___sub_multi_collapse" id="job_list___sub_collapse_38_1"><div class="card-body"><div class="work-item"><div class="alert alert-success test-outcome" role="alert"><p>worker outcome: normal</p><p>test outcome: killed</p></div></div><pre class="location"><a href="pycharm://open?file=fizz_buzz.py&amp;line=9" class="text-secondary"><button class="btn btn-outline-dark">fizz_buzz.py, start pos: (9, 58), end pos: (9, 59)</button></a></pre><pre>operator: core/ReplaceBinaryOperator_Mod_LShift, occurrence: 1</pre><div class="alert alert-secondary"><pre class="diff">--- mutation diff ---
--- afizz_buzz.py
+++ bfizz_buzz.py
@@ -6,4 +6,4 @@
     divisible by both, add "FizzBuzz"
 
     """
-    return [("Fizz" if x % 3 == 0 else "") + ("Buzz" if x % 5 == 0 else "") or str(x) for x in range(1,n+1)]
+    return [("Fizz" if x % 3 == 0 else "") + ("Buzz" if x &lt;&lt; 5 == 0 else "") or str(x) for x in range(1,n+1)]</pre></div><div class="alert alert-secondary"><pre class="diff">============================= test session starts ==============================
platform linux -- Python 3.10.12, pytest-8.3.3, pluggy-1.5.0
rootdir: /home/teste/python_experiments2/fizz-buzz
collected 4 items

ts-3-5/test_3-5_1-0_316.py .FF.                                          [100%]

=========================== short test summary info ============================
FAILED ts-3-5/test_3-5_1-0_316.py::test_fizz_buzz[5-expected1] - AssertionErr...
FAILED ts-3-5/test_3-5_1-0_316.py::test_fizz_buzz[15-expected2] - AssertionEr...
========================= 2 failed, 2 passed in 0.07s ==========================
</pre></div></div></div></div></div><div class="mb-1" id="job_list___sub_accordion_39"><div class="card"><a data-toggle="collapse" data-target="#job_list___sub_collapse_39_1" aria-expanded="false" aria-controls="job_list___sub_collapse_39_1" href="#" class="job_list___sub_multi_heading"><div role="alert" class="card-header alert-success" id="job_list___sub_heading_39_1"><button class="btn btn-outline-success"><span class="job_id">39 : Job ID 0111d47529e645189cd525ae12ce2b16</span></button></div></a><div aria-labelledby="job_list___sub_heading_39_1" data-parent="#job_list___sub_accordion_39" class="collapse job_list___sub_multi_collapse" id="job_list___sub_collapse_39_1"><div class="card-body"><div class="work-item"><div class="alert alert-success test-outcome" role="alert"><p>worker outcome: normal</p><p>test outcome: killed</p></div></div><pre class="location"><a href="pycharm://open?file=fizz_buzz.py&amp;line=9" class="text-secondary"><button class="btn btn-outline-dark">fizz_buzz.py, start pos: (9, 25), end pos: (9, 26)</button></a></pre><pre>operator: core/ReplaceBinaryOperator_Mod_BitOr, occurrence: 0</pre><div class="alert alert-secondary"><pre class="diff">--- mutation diff ---
--- afizz_buzz.py
+++ bfizz_buzz.py
@@ -6,4 +6,4 @@
     divisible by both, add "FizzBuzz"
 
     """
-    return [("Fizz" if x % 3 == 0 else "") + ("Buzz" if x % 5 == 0 else "") or str(x) for x in range(1,n+1)]
+    return [("Fizz" if x | 3 == 0 else "") + ("Buzz" if x % 5 == 0 else "") or str(x) for x in range(1,n+1)]</pre></div><div class="alert alert-secondary"><pre class="diff">============================= test session starts ==============================
platform linux -- Python 3.10.12, pytest-8.3.3, pluggy-1.5.0
rootdir: /home/teste/python_experiments2/fizz-buzz
collected 4 items

ts-3-5/test_3-5_1-0_316.py .FF.                                          [100%]

=========================== short test summary info ============================
FAILED ts-3-5/test_3-5_1-0_316.py::test_fizz_buzz[5-expected1] - AssertionErr...
FAILED ts-3-5/test_3-5_1-0_316.py::test_fizz_buzz[15-expected2] - AssertionEr...
========================= 2 failed, 2 passed in 0.07s ==========================
</pre></div></div></div></div></div><div class="mb-1" id="job_list___sub_accordion_40"><div class="card"><a data-toggle="collapse" data-target="#job_list___sub_collapse_40_1" aria-expanded="false" aria-controls="job_list___sub_collapse_40_1" href="#" class="job_list___sub_multi_heading"><div role="alert" class="card-header alert-success" id="job_list___sub_heading_40_1"><button class="btn btn-outline-success"><span class="job_id">40 : Job ID 9ca4bbc684114b3f84d36d202c210d5b</span></button></div></a><div aria-labelledby="job_list___sub_heading_40_1" data-parent="#job_list___sub_accordion_40" class="collapse job_list___sub_multi_collapse" id="job_list___sub_collapse_40_1"><div class="card-body"><div class="work-item"><div class="alert alert-success test-outcome" role="alert"><p>worker outcome: normal</p><p>test outcome: killed</p></div></div><pre class="location"><a href="pycharm://open?file=fizz_buzz.py&amp;line=9" class="text-secondary"><button class="btn btn-outline-dark">fizz_buzz.py, start pos: (9, 58), end pos: (9, 59)</button></a></pre><pre>operator: core/ReplaceBinaryOperator_Mod_BitOr, occurrence: 1</pre><div class="alert alert-secondary"><pre class="diff">--- mutation diff ---
--- afizz_buzz.py
+++ bfizz_buzz.py
@@ -6,4 +6,4 @@
     divisible by both, add "FizzBuzz"
 
     """
-    return [("Fizz" if x % 3 == 0 else "") + ("Buzz" if x % 5 == 0 else "") or str(x) for x in range(1,n+1)]
+    return [("Fizz" if x % 3 == 0 else "") + ("Buzz" if x | 5 == 0 else "") or str(x) for x in range(1,n+1)]</pre></div><div class="alert alert-secondary"><pre class="diff">============================= test session starts ==============================
platform linux -- Python 3.10.12, pytest-8.3.3, pluggy-1.5.0
rootdir: /home/teste/python_experiments2/fizz-buzz
collected 4 items

ts-3-5/test_3-5_1-0_316.py .FF.                                          [100%]

=========================== short test summary info ============================
FAILED ts-3-5/test_3-5_1-0_316.py::test_fizz_buzz[5-expected1] - AssertionErr...
FAILED ts-3-5/test_3-5_1-0_316.py::test_fizz_buzz[15-expected2] - AssertionEr...
========================= 2 failed, 2 passed in 0.07s ==========================
</pre></div></div></div></div></div><div class="mb-1" id="job_list___sub_accordion_41"><div class="card"><a data-toggle="collapse" data-target="#job_list___sub_collapse_41_1" aria-expanded="false" aria-controls="job_list___sub_collapse_41_1" href="#" class="job_list___sub_multi_heading"><div role="alert" class="card-header alert-success" id="job_list___sub_heading_41_1"><button class="btn btn-outline-success"><span class="job_id">41 : Job ID ff074f2a8c2a4f07b16c6e7f3c2eaf57</span></button></div></a><div aria-labelledby="job_list___sub_heading_41_1" data-parent="#job_list___sub_accordion_41" class="collapse job_list___sub_multi_collapse" id="job_list___sub_collapse_41_1"><div class="card-body"><div class="work-item"><div class="alert alert-success test-outcome" role="alert"><p>worker outcome: normal</p><p>test outcome: killed</p></div></div><pre class="location"><a href="pycharm://open?file=fizz_buzz.py&amp;line=9" class="text-secondary"><button class="btn btn-outline-dark">fizz_buzz.py, start pos: (9, 25), end pos: (9, 26)</button></a></pre><pre>operator: core/ReplaceBinaryOperator_Mod_BitAnd, occurrence: 0</pre><div class="alert alert-secondary"><pre class="diff">--- mutation diff ---
--- afizz_buzz.py
+++ bfizz_buzz.py
@@ -6,4 +6,4 @@
     divisible by both, add "FizzBuzz"
 
     """
-    return [("Fizz" if x % 3 == 0 else "") + ("Buzz" if x % 5 == 0 else "") or str(x) for x in range(1,n+1)]
+    return [("Fizz" if x &amp; 3 == 0 else "") + ("Buzz" if x % 5 == 0 else "") or str(x) for x in range(1,n+1)]</pre></div><div class="alert alert-secondary"><pre class="diff">============================= test session starts ==============================
platform linux -- Python 3.10.12, pytest-8.3.3, pluggy-1.5.0
rootdir: /home/teste/python_experiments2/fizz-buzz
collected 4 items

ts-3-5/test_3-5_1-0_316.py .FF.                                          [100%]

=========================== short test summary info ============================
FAILED ts-3-5/test_3-5_1-0_316.py::test_fizz_buzz[5-expected1] - AssertionErr...
FAILED ts-3-5/test_3-5_1-0_316.py::test_fizz_buzz[15-expected2] - AssertionEr...
========================= 2 failed, 2 passed in 0.07s ==========================
</pre></div></div></div></div></div><div class="mb-1" id="job_list___sub_accordion_42"><div class="card"><a data-toggle="collapse" data-target="#job_list___sub_collapse_42_1" aria-expanded="false" aria-controls="job_list___sub_collapse_42_1" href="#" class="job_list___sub_multi_heading"><div role="alert" class="card-header alert-success" id="job_list___sub_heading_42_1"><button class="btn btn-outline-success"><span class="job_id">42 : Job ID ff629de02336404489e3ce2995e6037e</span></button></div></a><div aria-labelledby="job_list___sub_heading_42_1" data-parent="#job_list___sub_accordion_42" class="collapse job_list___sub_multi_collapse" id="job_list___sub_collapse_42_1"><div class="card-body"><div class="work-item"><div class="alert alert-success test-outcome" role="alert"><p>worker outcome: normal</p><p>test outcome: killed</p></div></div><pre class="location"><a href="pycharm://open?file=fizz_buzz.py&amp;line=9" class="text-secondary"><button class="btn btn-outline-dark">fizz_buzz.py, start pos: (9, 58), end pos: (9, 59)</button></a></pre><pre>operator: core/ReplaceBinaryOperator_Mod_BitAnd, occurrence: 1</pre><div class="alert alert-secondary"><pre class="diff">--- mutation diff ---
--- afizz_buzz.py
+++ bfizz_buzz.py
@@ -6,4 +6,4 @@
     divisible by both, add "FizzBuzz"
 
     """
-    return [("Fizz" if x % 3 == 0 else "") + ("Buzz" if x % 5 == 0 else "") or str(x) for x in range(1,n+1)]
+    return [("Fizz" if x % 3 == 0 else "") + ("Buzz" if x &amp; 5 == 0 else "") or str(x) for x in range(1,n+1)]</pre></div><div class="alert alert-secondary"><pre class="diff">============================= test session starts ==============================
platform linux -- Python 3.10.12, pytest-8.3.3, pluggy-1.5.0
rootdir: /home/teste/python_experiments2/fizz-buzz
collected 4 items

ts-3-5/test_3-5_1-0_316.py .FF.                                          [100%]

=========================== short test summary info ============================
FAILED ts-3-5/test_3-5_1-0_316.py::test_fizz_buzz[5-expected1] - AssertionErr...
FAILED ts-3-5/test_3-5_1-0_316.py::test_fizz_buzz[15-expected2] - AssertionEr...
========================= 2 failed, 2 passed in 0.07s ==========================
</pre></div></div></div></div></div><div class="mb-1" id="job_list___sub_accordion_43"><div class="card"><a data-toggle="collapse" data-target="#job_list___sub_collapse_43_1" aria-expanded="false" aria-controls="job_list___sub_collapse_43_1" href="#" class="job_list___sub_multi_heading"><div role="alert" class="card-header alert-success" id="job_list___sub_heading_43_1"><button class="btn btn-outline-success"><span class="job_id">43 : Job ID 025a278dba5748ecb4b0ff33ee52a14c</span></button></div></a><div aria-labelledby="job_list___sub_heading_43_1" data-parent="#job_list___sub_accordion_43" class="collapse job_list___sub_multi_collapse" id="job_list___sub_collapse_43_1"><div class="card-body"><div class="work-item"><div class="alert alert-success test-outcome" role="alert"><p>worker outcome: normal</p><p>test outcome: killed</p></div></div><pre class="location"><a href="pycharm://open?file=fizz_buzz.py&amp;line=9" class="text-secondary"><button class="btn btn-outline-dark">fizz_buzz.py, start pos: (9, 25), end pos: (9, 26)</button></a></pre><pre>operator: core/ReplaceBinaryOperator_Mod_BitXor, occurrence: 0</pre><div class="alert alert-secondary"><pre class="diff">--- mutation diff ---
--- afizz_buzz.py
+++ bfizz_buzz.py
@@ -6,4 +6,4 @@
     divisible by both, add "FizzBuzz"
 
     """
-    return [("Fizz" if x % 3 == 0 else "") + ("Buzz" if x % 5 == 0 else "") or str(x) for x in range(1,n+1)]
+    return [("Fizz" if x ^ 3 == 0 else "") + ("Buzz" if x % 5 == 0 else "") or str(x) for x in range(1,n+1)]</pre></div><div class="alert alert-secondary"><pre class="diff">============================= test session starts ==============================
platform linux -- Python 3.10.12, pytest-8.3.3, pluggy-1.5.0
rootdir: /home/teste/python_experiments2/fizz-buzz
collected 4 items

ts-3-5/test_3-5_1-0_316.py ..F.                                          [100%]

=========================== short test summary info ============================
FAILED ts-3-5/test_3-5_1-0_316.py::test_fizz_buzz[15-expected2] - AssertionEr...
========================= 1 failed, 3 passed in 0.07s ==========================
</pre></div></div></div></div></div><div class="mb-1" id="job_list___sub_accordion_44"><div class="card"><a data-toggle="collapse" data-target="#job_list___sub_collapse_44_1" aria-expanded="false" aria-controls="job_list___sub_collapse_44_1" href="#" class="job_list___sub_multi_heading"><div role="alert" class="card-header alert-success" id="job_list___sub_heading_44_1"><button class="btn btn-outline-success"><span class="job_id">44 : Job ID 2b5a75957a2d472ba4d51eddfe565744</span></button></div></a><div aria-labelledby="job_list___sub_heading_44_1" data-parent="#job_list___sub_accordion_44" class="collapse job_list___sub_multi_collapse" id="job_list___sub_collapse_44_1"><div class="card-body"><div class="work-item"><div class="alert alert-success test-outcome" role="alert"><p>worker outcome: normal</p><p>test outcome: killed</p></div></div><pre class="location"><a href="pycharm://open?file=fizz_buzz.py&amp;line=9" class="text-secondary"><button class="btn btn-outline-dark">fizz_buzz.py, start pos: (9, 58), end pos: (9, 59)</button></a></pre><pre>operator: core/ReplaceBinaryOperator_Mod_BitXor, occurrence: 1</pre><div class="alert alert-secondary"><pre class="diff">--- mutation diff ---
--- afizz_buzz.py
+++ bfizz_buzz.py
@@ -6,4 +6,4 @@
     divisible by both, add "FizzBuzz"
 
     """
-    return [("Fizz" if x % 3 == 0 else "") + ("Buzz" if x % 5 == 0 else "") or str(x) for x in range(1,n+1)]
+    return [("Fizz" if x % 3 == 0 else "") + ("Buzz" if x ^ 5 == 0 else "") or str(x) for x in range(1,n+1)]</pre></div><div class="alert alert-secondary"><pre class="diff">============================= test session starts ==============================
platform linux -- Python 3.10.12, pytest-8.3.3, pluggy-1.5.0
rootdir: /home/teste/python_experiments2/fizz-buzz
collected 4 items

ts-3-5/test_3-5_1-0_316.py ..F.                                          [100%]

=========================== short test summary info ============================
FAILED ts-3-5/test_3-5_1-0_316.py::test_fizz_buzz[15-expected2] - AssertionEr...
========================= 1 failed, 3 passed in 0.07s ==========================
</pre></div></div></div></div></div><div class="mb-1" id="job_list___sub_accordion_45"><div class="card"><a data-toggle="collapse" data-target="#job_list___sub_collapse_45_1" aria-expanded="false" aria-controls="job_list___sub_collapse_45_1" href="#" class="job_list___sub_multi_heading"><div role="alert" class="card-header alert-success" id="job_list___sub_heading_45_1"><button class="btn btn-outline-success"><span class="job_id">45 : Job ID 93bed23b6d63477ca165bf45fa5cac73</span></button></div></a><div aria-labelledby="job_list___sub_heading_45_1" data-parent="#job_list___sub_accordion_45" class="collapse job_list___sub_multi_collapse" id="job_list___sub_collapse_45_1"><div class="card-body"><div class="work-item"><div class="alert alert-success test-outcome" role="alert"><p>worker outcome: normal</p><p>test outcome: killed</p></div></div><pre class="location"><a href="pycharm://open?file=fizz_buzz.py&amp;line=9" class="text-secondary"><button class="btn btn-outline-dark">fizz_buzz.py, start pos: (9, 29), end pos: (9, 31)</button></a></pre><pre>operator: core/ReplaceComparisonOperator_Eq_NotEq, occurrence: 0</pre><div class="alert alert-secondary"><pre class="diff">--- mutation diff ---
--- afizz_buzz.py
+++ bfizz_buzz.py
@@ -6,4 +6,4 @@
     divisible by both, add "FizzBuzz"
 
     """
-    return [("Fizz" if x % 3 == 0 else "") + ("Buzz" if x % 5 == 0 else "") or str(x) for x in range(1,n+1)]
+    return [("Fizz" if x % 3 != 0 else "") + ("Buzz" if x % 5 == 0 else "") or str(x) for x in range(1,n+1)]</pre></div><div class="alert alert-secondary"><pre class="diff">============================= test session starts ==============================
platform linux -- Python 3.10.12, pytest-8.3.3, pluggy-1.5.0
rootdir: /home/teste/python_experiments2/fizz-buzz
collected 4 items

ts-3-5/test_3-5_1-0_316.py FFF.                                          [100%]

=========================== short test summary info ============================
FAILED ts-3-5/test_3-5_1-0_316.py::test_fizz_buzz[1-expected0] - AssertionErr...
FAILED ts-3-5/test_3-5_1-0_316.py::test_fizz_buzz[5-expected1] - AssertionErr...
FAILED ts-3-5/test_3-5_1-0_316.py::test_fizz_buzz[15-expected2] - AssertionEr...
========================= 3 failed, 1 passed in 0.08s ==========================
</pre></div></div></div></div></div><div class="mb-1" id="job_list___sub_accordion_46"><div class="card"><a data-toggle="collapse" data-target="#job_list___sub_collapse_46_1" aria-expanded="false" aria-controls="job_list___sub_collapse_46_1" href="#" class="job_list___sub_multi_heading"><div role="alert" class="card-header alert-success" id="job_list___sub_heading_46_1"><button class="btn btn-outline-success"><span class="job_id">46 : Job ID 29ef68e2ea6449cabafe4c4ec004f613</span></button></div></a><div aria-labelledby="job_list___sub_heading_46_1" data-parent="#job_list___sub_accordion_46" class="collapse job_list___sub_multi_collapse" id="job_list___sub_collapse_46_1"><div class="card-body"><div class="work-item"><div class="alert alert-success test-outcome" role="alert"><p>worker outcome: normal</p><p>test outcome: killed</p></div></div><pre class="location"><a href="pycharm://open?file=fizz_buzz.py&amp;line=9" class="text-secondary"><button class="btn btn-outline-dark">fizz_buzz.py, start pos: (9, 62), end pos: (9, 64)</button></a></pre><pre>operator: core/ReplaceComparisonOperator_Eq_NotEq, occurrence: 1</pre><div class="alert alert-secondary"><pre class="diff">--- mutation diff ---
--- afizz_buzz.py
+++ bfizz_buzz.py
@@ -6,4 +6,4 @@
     divisible by both, add "FizzBuzz"
 
     """
-    return [("Fizz" if x % 3 == 0 else "") + ("Buzz" if x % 5 == 0 else "") or str(x) for x in range(1,n+1)]
+    return [("Fizz" if x % 3 == 0 else "") + ("Buzz" if x % 5 != 0 else "") or str(x) for x in range(1,n+1)]</pre></div><div class="alert alert-secondary"><pre class="diff">============================= test session starts ==============================
platform linux -- Python 3.10.12, pytest-8.3.3, pluggy-1.5.0
rootdir: /home/teste/python_experiments2/fizz-buzz
collected 4 items

ts-3-5/test_3-5_1-0_316.py FFF.                                          [100%]

=========================== short test summary info ============================
FAILED ts-3-5/test_3-5_1-0_316.py::test_fizz_buzz[1-expected0] - AssertionErr...
FAILED ts-3-5/test_3-5_1-0_316.py::test_fizz_buzz[5-expected1] - AssertionErr...
FAILED ts-3-5/test_3-5_1-0_316.py::test_fizz_buzz[15-expected2] - AssertionEr...
========================= 3 failed, 1 passed in 0.07s ==========================
</pre></div></div></div></div></div><div class="mb-1" id="job_list___sub_accordion_47"><div class="card"><a data-toggle="collapse" data-target="#job_list___sub_collapse_47_1" aria-expanded="false" aria-controls="job_list___sub_collapse_47_1" href="#" class="job_list___sub_multi_heading"><div role="alert" class="card-header alert-success" id="job_list___sub_heading_47_1"><button class="btn btn-outline-success"><span class="job_id">47 : Job ID 48c4cfb3fbfa45a58d258cda2aa13c18</span></button></div></a><div aria-labelledby="job_list___sub_heading_47_1" data-parent="#job_list___sub_accordion_47" class="collapse job_list___sub_multi_collapse" id="job_list___sub_collapse_47_1"><div class="card-body"><div class="work-item"><div class="alert alert-success test-outcome" role="alert"><p>worker outcome: normal</p><p>test outcome: killed</p></div></div><pre class="location"><a href="pycharm://open?file=fizz_buzz.py&amp;line=9" class="text-secondary"><button class="btn btn-outline-dark">fizz_buzz.py, start pos: (9, 29), end pos: (9, 31)</button></a></pre><pre>operator: core/ReplaceComparisonOperator_Eq_Lt, occurrence: 0</pre><div class="alert alert-secondary"><pre class="diff">--- mutation diff ---
--- afizz_buzz.py
+++ bfizz_buzz.py
@@ -6,4 +6,4 @@
     divisible by both, add "FizzBuzz"
 
     """
-    return [("Fizz" if x % 3 == 0 else "") + ("Buzz" if x % 5 == 0 else "") or str(x) for x in range(1,n+1)]
+    return [("Fizz" if x % 3 &lt; 0 else "") + ("Buzz" if x % 5 == 0 else "") or str(x) for x in range(1,n+1)]</pre></div><div class="alert alert-secondary"><pre class="diff">============================= test session starts ==============================
platform linux -- Python 3.10.12, pytest-8.3.3, pluggy-1.5.0
rootdir: /home/teste/python_experiments2/fizz-buzz
collected 4 items

ts-3-5/test_3-5_1-0_316.py .FF.                                          [100%]

=========================== short test summary info ============================
FAILED ts-3-5/test_3-5_1-0_316.py::test_fizz_buzz[5-expected1] - AssertionErr...
FAILED ts-3-5/test_3-5_1-0_316.py::test_fizz_buzz[15-expected2] - AssertionEr...
========================= 2 failed, 2 passed in 0.07s ==========================
</pre></div></div></div></div></div><div class="mb-1" id="job_list___sub_accordion_48"><div class="card"><a data-toggle="collapse" data-target="#job_list___sub_collapse_48_1" aria-expanded="false" aria-controls="job_list___sub_collapse_48_1" href="#" class="job_list___sub_multi_heading"><div role="alert" class="card-header alert-success" id="job_list___sub_heading_48_1"><button class="btn btn-outline-success"><span class="job_id">48 : Job ID f1b6c5b1c94843fe9ab75af503c898f8</span></button></div></a><div aria-labelledby="job_list___sub_heading_48_1" data-parent="#job_list___sub_accordion_48" class="collapse job_list___sub_multi_collapse" id="job_list___sub_collapse_48_1"><div class="card-body"><div class="work-item"><div class="alert alert-success test-outcome" role="alert"><p>worker outcome: normal</p><p>test outcome: killed</p></div></div><pre class="location"><a href="pycharm://open?file=fizz_buzz.py&amp;line=9" class="text-secondary"><button class="btn btn-outline-dark">fizz_buzz.py, start pos: (9, 62), end pos: (9, 64)</button></a></pre><pre>operator: core/ReplaceComparisonOperator_Eq_Lt, occurrence: 1</pre><div class="alert alert-secondary"><pre class="diff">--- mutation diff ---
--- afizz_buzz.py
+++ bfizz_buzz.py
@@ -6,4 +6,4 @@
     divisible by both, add "FizzBuzz"
 
     """
-    return [("Fizz" if x % 3 == 0 else "") + ("Buzz" if x % 5 == 0 else "") or str(x) for x in range(1,n+1)]
+    return [("Fizz" if x % 3 == 0 else "") + ("Buzz" if x % 5 &lt; 0 else "") or str(x) for x in range(1,n+1)]</pre></div><div class="alert alert-secondary"><pre class="diff">============================= test session starts ==============================
platform linux -- Python 3.10.12, pytest-8.3.3, pluggy-1.5.0
rootdir: /home/teste/python_experiments2/fizz-buzz
collected 4 items

ts-3-5/test_3-5_1-0_316.py .FF.                                          [100%]

=========================== short test summary info ============================
FAILED ts-3-5/test_3-5_1-0_316.py::test_fizz_buzz[5-expected1] - AssertionErr...
FAILED ts-3-5/test_3-5_1-0_316.py::test_fizz_buzz[15-expected2] - AssertionEr...
========================= 2 failed, 2 passed in 0.07s ==========================
</pre></div></div></div></div></div><div class="mb-1" id="job_list___sub_accordion_49"><div class="card"><a data-toggle="collapse" data-target="#job_list___sub_collapse_49_1" aria-expanded="false" aria-controls="job_list___sub_collapse_49_1" href="#" class="job_list___sub_multi_heading"><div role="alert" class="card-header alert-danger" id="job_list___sub_heading_49_1"><button class="btn btn-outline-danger"><span class="job_id">49 : Job ID 6e3e3dc2baaa49c5a82120fdb35d2f29</span></button></div></a><div aria-labelledby="job_list___sub_heading_49_1" data-parent="#job_list___sub_accordion_49" class="collapse job_list___sub_multi_collapse" id="job_list___sub_collapse_49_1"><div class="card-body"><div class="work-item"><div class="alert alert-danger test-outcome" role="alert"><p>SURVIVED</p><p>worker outcome: normal</p><p>test outcome: survived</p></div></div><pre class="location"><a href="pycharm://open?file=fizz_buzz.py&amp;line=9" class="text-secondary"><button class="btn btn-outline-dark">fizz_buzz.py, start pos: (9, 29), end pos: (9, 31)</button></a></pre><pre>operator: core/ReplaceComparisonOperator_Eq_LtE, occurrence: 0</pre><div class="alert alert-secondary"><pre class="diff">--- mutation diff ---
--- afizz_buzz.py
+++ bfizz_buzz.py
@@ -6,4 +6,4 @@
     divisible by both, add "FizzBuzz"
 
     """
-    return [("Fizz" if x % 3 == 0 else "") + ("Buzz" if x % 5 == 0 else "") or str(x) for x in range(1,n+1)]
+    return [("Fizz" if x % 3 &lt;= 0 else "") + ("Buzz" if x % 5 == 0 else "") or str(x) for x in range(1,n+1)]</pre></div><div class="alert alert-secondary"><pre class="diff">============================= test session starts ==============================
platform linux -- Python 3.10.12, pytest-8.3.3, pluggy-1.5.0
rootdir: /home/teste/python_experiments2/fizz-buzz
collected 4 items

ts-3-5/test_3-5_1-0_316.py ....                                          [100%]

============================== 4 passed in 0.07s ===============================
</pre></div></div></div></div></div><div class="mb-1" id="job_list___sub_accordion_50"><div class="card"><a data-toggle="collapse" data-target="#job_list___sub_collapse_50_1" aria-expanded="false" aria-controls="job_list___sub_collapse_50_1" href="#" class="job_list___sub_multi_heading"><div role="alert" class="card-header alert-danger" id="job_list___sub_heading_50_1"><button class="btn btn-outline-danger"><span class="job_id">50 : Job ID 466a39d1a1994de8965dce4ef05625ad</span></button></div></a><div aria-labelledby="job_list___sub_heading_50_1" data-parent="#job_list___sub_accordion_50" class="collapse job_list___sub_multi_collapse" id="job_list___sub_collapse_50_1"><div class="card-body"><div class="work-item"><div class="alert alert-danger test-outcome" role="alert"><p>SURVIVED</p><p>worker outcome: normal</p><p>test outcome: survived</p></div></div><pre class="location"><a href="pycharm://open?file=fizz_buzz.py&amp;line=9" class="text-secondary"><button class="btn btn-outline-dark">fizz_buzz.py, start pos: (9, 62), end pos: (9, 64)</button></a></pre><pre>operator: core/ReplaceComparisonOperator_Eq_LtE, occurrence: 1</pre><div class="alert alert-secondary"><pre class="diff">--- mutation diff ---
--- afizz_buzz.py
+++ bfizz_buzz.py
@@ -6,4 +6,4 @@
     divisible by both, add "FizzBuzz"
 
     """
-    return [("Fizz" if x % 3 == 0 else "") + ("Buzz" if x % 5 == 0 else "") or str(x) for x in range(1,n+1)]
+    return [("Fizz" if x % 3 == 0 else "") + ("Buzz" if x % 5 &lt;= 0 else "") or str(x) for x in range(1,n+1)]</pre></div><div class="alert alert-secondary"><pre class="diff">============================= test session starts ==============================
platform linux -- Python 3.10.12, pytest-8.3.3, pluggy-1.5.0
rootdir: /home/teste/python_experiments2/fizz-buzz
collected 4 items

ts-3-5/test_3-5_1-0_316.py ....                                          [100%]

============================== 4 passed in 0.07s ===============================
</pre></div></div></div></div></div><div class="mb-1" id="job_list___sub_accordion_51"><div class="card"><a data-toggle="collapse" data-target="#job_list___sub_collapse_51_1" aria-expanded="false" aria-controls="job_list___sub_collapse_51_1" href="#" class="job_list___sub_multi_heading"><div role="alert" class="card-header alert-success" id="job_list___sub_heading_51_1"><button class="btn btn-outline-success"><span class="job_id">51 : Job ID 87cac73f3655462d8102b132dff669fd</span></button></div></a><div aria-labelledby="job_list___sub_heading_51_1" data-parent="#job_list___sub_accordion_51" class="collapse job_list___sub_multi_collapse" id="job_list___sub_collapse_51_1"><div class="card-body"><div class="work-item"><div class="alert alert-success test-outcome" role="alert"><p>worker outcome: normal</p><p>test outcome: killed</p></div></div><pre class="location"><a href="pycharm://open?file=fizz_buzz.py&amp;line=9" class="text-secondary"><button class="btn btn-outline-dark">fizz_buzz.py, start pos: (9, 29), end pos: (9, 31)</button></a></pre><pre>operator: core/ReplaceComparisonOperator_Eq_Gt, occurrence: 0</pre><div class="alert alert-secondary"><pre class="diff">--- mutation diff ---
--- afizz_buzz.py
+++ bfizz_buzz.py
@@ -6,4 +6,4 @@
     divisible by both, add "FizzBuzz"
 
     """
-    return [("Fizz" if x % 3 == 0 else "") + ("Buzz" if x % 5 == 0 else "") or str(x) for x in range(1,n+1)]
+    return [("Fizz" if x % 3 &gt; 0 else "") + ("Buzz" if x % 5 == 0 else "") or str(x) for x in range(1,n+1)]</pre></div><div class="alert alert-secondary"><pre class="diff">============================= test session starts ==============================
platform linux -- Python 3.10.12, pytest-8.3.3, pluggy-1.5.0
rootdir: /home/teste/python_experiments2/fizz-buzz
collected 4 items

ts-3-5/test_3-5_1-0_316.py FFF.                                          [100%]

=========================== short test summary info ============================
FAILED ts-3-5/test_3-5_1-0_316.py::test_fizz_buzz[1-expected0] - AssertionErr...
FAILED ts-3-5/test_3-5_1-0_316.py::test_fizz_buzz[5-expected1] - AssertionErr...
FAILED ts-3-5/test_3-5_1-0_316.py::test_fizz_buzz[15-expected2] - AssertionEr...
========================= 3 failed, 1 passed in 0.07s ==========================
</pre></div></div></div></div></div><div class="mb-1" id="job_list___sub_accordion_52"><div class="card"><a data-toggle="collapse" data-target="#job_list___sub_collapse_52_1" aria-expanded="false" aria-controls="job_list___sub_collapse_52_1" href="#" class="job_list___sub_multi_heading"><div role="alert" class="card-header alert-success" id="job_list___sub_heading_52_1"><button class="btn btn-outline-success"><span class="job_id">52 : Job ID d15df29c933b4dc49dc885ac6d851ab7</span></button></div></a><div aria-labelledby="job_list___sub_heading_52_1" data-parent="#job_list___sub_accordion_52" class="collapse job_list___sub_multi_collapse" id="job_list___sub_collapse_52_1"><div class="card-body"><div class="work-item"><div class="alert alert-success test-outcome" role="alert"><p>worker outcome: normal</p><p>test outcome: killed</p></div></div><pre class="location"><a href="pycharm://open?file=fizz_buzz.py&amp;line=9" class="text-secondary"><button class="btn btn-outline-dark">fizz_buzz.py, start pos: (9, 62), end pos: (9, 64)</button></a></pre><pre>operator: core/ReplaceComparisonOperator_Eq_Gt, occurrence: 1</pre><div class="alert alert-secondary"><pre class="diff">--- mutation diff ---
--- afizz_buzz.py
+++ bfizz_buzz.py
@@ -6,4 +6,4 @@
     divisible by both, add "FizzBuzz"
 
     """
-    return [("Fizz" if x % 3 == 0 else "") + ("Buzz" if x % 5 == 0 else "") or str(x) for x in range(1,n+1)]
+    return [("Fizz" if x % 3 == 0 else "") + ("Buzz" if x % 5 &gt; 0 else "") or str(x) for x in range(1,n+1)]</pre></div><div class="alert alert-secondary"><pre class="diff">============================= test session starts ==============================
platform linux -- Python 3.10.12, pytest-8.3.3, pluggy-1.5.0
rootdir: /home/teste/python_experiments2/fizz-buzz
collected 4 items

ts-3-5/test_3-5_1-0_316.py FFF.                                          [100%]

=========================== short test summary info ============================
FAILED ts-3-5/test_3-5_1-0_316.py::test_fizz_buzz[1-expected0] - AssertionErr...
FAILED ts-3-5/test_3-5_1-0_316.py::test_fizz_buzz[5-expected1] - AssertionErr...
FAILED ts-3-5/test_3-5_1-0_316.py::test_fizz_buzz[15-expected2] - AssertionEr...
========================= 3 failed, 1 passed in 0.07s ==========================
</pre></div></div></div></div></div><div class="mb-1" id="job_list___sub_accordion_53"><div class="card"><a data-toggle="collapse" data-target="#job_list___sub_collapse_53_1" aria-expanded="false" aria-controls="job_list___sub_collapse_53_1" href="#" class="job_list___sub_multi_heading"><div role="alert" class="card-header alert-success" id="job_list___sub_heading_53_1"><button class="btn btn-outline-success"><span class="job_id">53 : Job ID 5f369d6d2d0c4afb9e9f2fb4b18d2b13</span></button></div></a><div aria-labelledby="job_list___sub_heading_53_1" data-parent="#job_list___sub_accordion_53" class="collapse job_list___sub_multi_collapse" id="job_list___sub_collapse_53_1"><div class="card-body"><div class="work-item"><div class="alert alert-success test-outcome" role="alert"><p>worker outcome: normal</p><p>test outcome: killed</p></div></div><pre class="location"><a href="pycharm://open?file=fizz_buzz.py&amp;line=9" class="text-secondary"><button class="btn btn-outline-dark">fizz_buzz.py, start pos: (9, 29), end pos: (9, 31)</button></a></pre><pre>operator: core/ReplaceComparisonOperator_Eq_GtE, occurrence: 0</pre><div class="alert alert-secondary"><pre class="diff">--- mutation diff ---
--- afizz_buzz.py
+++ bfizz_buzz.py
@@ -6,4 +6,4 @@
     divisible by both, add "FizzBuzz"
 
     """
-    return [("Fizz" if x % 3 == 0 else "") + ("Buzz" if x % 5 == 0 else "") or str(x) for x in range(1,n+1)]
+    return [("Fizz" if x % 3 &gt;= 0 else "") + ("Buzz" if x % 5 == 0 else "") or str(x) for x in range(1,n+1)]</pre></div><div class="alert alert-secondary"><pre class="diff">============================= test session starts ==============================
platform linux -- Python 3.10.12, pytest-8.3.3, pluggy-1.5.0
rootdir: /home/teste/python_experiments2/fizz-buzz
collected 4 items

ts-3-5/test_3-5_1-0_316.py FFF.                                          [100%]

=========================== short test summary info ============================
FAILED ts-3-5/test_3-5_1-0_316.py::test_fizz_buzz[1-expected0] - AssertionErr...
FAILED ts-3-5/test_3-5_1-0_316.py::test_fizz_buzz[5-expected1] - AssertionErr...
FAILED ts-3-5/test_3-5_1-0_316.py::test_fizz_buzz[15-expected2] - AssertionEr...
========================= 3 failed, 1 passed in 0.07s ==========================
</pre></div></div></div></div></div><div class="mb-1" id="job_list___sub_accordion_54"><div class="card"><a data-toggle="collapse" data-target="#job_list___sub_collapse_54_1" aria-expanded="false" aria-controls="job_list___sub_collapse_54_1" href="#" class="job_list___sub_multi_heading"><div role="alert" class="card-header alert-success" id="job_list___sub_heading_54_1"><button class="btn btn-outline-success"><span class="job_id">54 : Job ID dc01958553454779acece13893537a8d</span></button></div></a><div aria-labelledby="job_list___sub_heading_54_1" data-parent="#job_list___sub_accordion_54" class="collapse job_list___sub_multi_collapse" id="job_list___sub_collapse_54_1"><div class="card-body"><div class="work-item"><div class="alert alert-success test-outcome" role="alert"><p>worker outcome: normal</p><p>test outcome: killed</p></div></div><pre class="location"><a href="pycharm://open?file=fizz_buzz.py&amp;line=9" class="text-secondary"><button class="btn btn-outline-dark">fizz_buzz.py, start pos: (9, 62), end pos: (9, 64)</button></a></pre><pre>operator: core/ReplaceComparisonOperator_Eq_GtE, occurrence: 1</pre><div class="alert alert-secondary"><pre class="diff">--- mutation diff ---
--- afizz_buzz.py
+++ bfizz_buzz.py
@@ -6,4 +6,4 @@
     divisible by both, add "FizzBuzz"
 
     """
-    return [("Fizz" if x % 3 == 0 else "") + ("Buzz" if x % 5 == 0 else "") or str(x) for x in range(1,n+1)]
+    return [("Fizz" if x % 3 == 0 else "") + ("Buzz" if x % 5 &gt;= 0 else "") or str(x) for x in range(1,n+1)]</pre></div><div class="alert alert-secondary"><pre class="diff">============================= test session starts ==============================
platform linux -- Python 3.10.12, pytest-8.3.3, pluggy-1.5.0
rootdir: /home/teste/python_experiments2/fizz-buzz
collected 4 items

ts-3-5/test_3-5_1-0_316.py FFF.                                          [100%]

=========================== short test summary info ============================
FAILED ts-3-5/test_3-5_1-0_316.py::test_fizz_buzz[1-expected0] - AssertionErr...
FAILED ts-3-5/test_3-5_1-0_316.py::test_fizz_buzz[5-expected1] - AssertionErr...
FAILED ts-3-5/test_3-5_1-0_316.py::test_fizz_buzz[15-expected2] - AssertionEr...
========================= 3 failed, 1 passed in 0.08s ==========================
</pre></div></div></div></div></div><div class="mb-1" id="job_list___sub_accordion_55"><div class="card"><a data-toggle="collapse" data-target="#job_list___sub_collapse_55_1" aria-expanded="false" aria-controls="job_list___sub_collapse_55_1" href="#" class="job_list___sub_multi_heading"><div role="alert" class="card-header alert-success" id="job_list___sub_heading_55_1"><button class="btn btn-outline-success"><span class="job_id">55 : Job ID c1a3fa0c09754b86ae74b860f2c8cf0a</span></button></div></a><div aria-labelledby="job_list___sub_heading_55_1" data-parent="#job_list___sub_accordion_55" class="collapse job_list___sub_multi_collapse" id="job_list___sub_collapse_55_1"><div class="card-body"><div class="work-item"><div class="alert alert-success test-outcome" role="alert"><p>worker outcome: normal</p><p>test outcome: killed</p></div></div><pre class="location"><a href="pycharm://open?file=fizz_buzz.py&amp;line=9" class="text-secondary"><button class="btn btn-outline-dark">fizz_buzz.py, start pos: (9, 23), end pos: (9, 33)</button></a></pre><pre>operator: core/AddNot, occurrence: 0</pre><div class="alert alert-secondary"><pre class="diff">--- mutation diff ---
--- afizz_buzz.py
+++ bfizz_buzz.py
@@ -6,4 +6,4 @@
     divisible by both, add "FizzBuzz"
 
     """
-    return [("Fizz" if x % 3 == 0 else "") + ("Buzz" if x % 5 == 0 else "") or str(x) for x in range(1,n+1)]
+    return [("Fizz" if not x % 3 == 0 else "") + ("Buzz" if x % 5 == 0 else "") or str(x) for x in range(1,n+1)]</pre></div><div class="alert alert-secondary"><pre class="diff">============================= test session starts ==============================
platform linux -- Python 3.10.12, pytest-8.3.3, pluggy-1.5.0
rootdir: /home/teste/python_experiments2/fizz-buzz
collected 4 items

ts-3-5/test_3-5_1-0_316.py FFF.                                          [100%]

=========================== short test summary info ============================
FAILED ts-3-5/test_3-5_1-0_316.py::test_fizz_buzz[1-expected0] - AssertionErr...
FAILED ts-3-5/test_3-5_1-0_316.py::test_fizz_buzz[5-expected1] - AssertionErr...
FAILED ts-3-5/test_3-5_1-0_316.py::test_fizz_buzz[15-expected2] - AssertionEr...
========================= 3 failed, 1 passed in 0.08s ==========================
</pre></div></div></div></div></div><div class="mb-1" id="job_list___sub_accordion_56"><div class="card"><a data-toggle="collapse" data-target="#job_list___sub_collapse_56_1" aria-expanded="false" aria-controls="job_list___sub_collapse_56_1" href="#" class="job_list___sub_multi_heading"><div role="alert" class="card-header alert-success" id="job_list___sub_heading_56_1"><button class="btn btn-outline-success"><span class="job_id">56 : Job ID ccfbc48b07cb42f0839974124ef0f59c</span></button></div></a><div aria-labelledby="job_list___sub_heading_56_1" data-parent="#job_list___sub_accordion_56" class="collapse job_list___sub_multi_collapse" id="job_list___sub_collapse_56_1"><div class="card-body"><div class="work-item"><div class="alert alert-success test-outcome" role="alert"><p>worker outcome: normal</p><p>test outcome: killed</p></div></div><pre class="location"><a href="pycharm://open?file=fizz_buzz.py&amp;line=9" class="text-secondary"><button class="btn btn-outline-dark">fizz_buzz.py, start pos: (9, 56), end pos: (9, 66)</button></a></pre><pre>operator: core/AddNot, occurrence: 1</pre><div class="alert alert-secondary"><pre class="diff">--- mutation diff ---
--- afizz_buzz.py
+++ bfizz_buzz.py
@@ -6,4 +6,4 @@
     divisible by both, add "FizzBuzz"
 
     """
-    return [("Fizz" if x % 3 == 0 else "") + ("Buzz" if x % 5 == 0 else "") or str(x) for x in range(1,n+1)]
+    return [("Fizz" if x % 3 == 0 else "") + ("Buzz" if not x % 5 == 0 else "") or str(x) for x in range(1,n+1)]</pre></div><div class="alert alert-secondary"><pre class="diff">============================= test session starts ==============================
platform linux -- Python 3.10.12, pytest-8.3.3, pluggy-1.5.0
rootdir: /home/teste/python_experiments2/fizz-buzz
collected 4 items

ts-3-5/test_3-5_1-0_316.py FFF.                                          [100%]

=========================== short test summary info ============================
FAILED ts-3-5/test_3-5_1-0_316.py::test_fizz_buzz[1-expected0] - AssertionErr...
FAILED ts-3-5/test_3-5_1-0_316.py::test_fizz_buzz[5-expected1] - AssertionErr...
FAILED ts-3-5/test_3-5_1-0_316.py::test_fizz_buzz[15-expected2] - AssertionEr...
========================= 3 failed, 1 passed in 0.08s ==========================
</pre></div></div></div></div></div><div class="mb-1" id="job_list___sub_accordion_57"><div class="card"><a data-toggle="collapse" data-target="#job_list___sub_collapse_57_1" aria-expanded="false" aria-controls="job_list___sub_collapse_57_1" href="#" class="job_list___sub_multi_heading"><div role="alert" class="card-header alert-success" id="job_list___sub_heading_57_1"><button class="btn btn-outline-success"><span class="job_id">57 : Job ID 8790d7a0eb0f49659db972454ff1c07a</span></button></div></a><div aria-labelledby="job_list___sub_heading_57_1" data-parent="#job_list___sub_accordion_57" class="collapse job_list___sub_multi_collapse" id="job_list___sub_collapse_57_1"><div class="card-body"><div class="work-item"><div class="alert alert-success test-outcome" role="alert"><p>worker outcome: normal</p><p>test outcome: killed</p></div></div><pre class="location"><a href="pycharm://open?file=fizz_buzz.py&amp;line=9" class="text-secondary"><button class="btn btn-outline-dark">fizz_buzz.py, start pos: (9, 76), end pos: (9, 78)</button></a></pre><pre>operator: core/ReplaceOrWithAnd, occurrence: 0</pre><div class="alert alert-secondary"><pre class="diff">--- mutation diff ---
--- afizz_buzz.py
+++ bfizz_buzz.py
@@ -6,4 +6,4 @@
     divisible by both, add "FizzBuzz"
 
     """
-    return [("Fizz" if x % 3 == 0 else "") + ("Buzz" if x % 5 == 0 else "") or str(x) for x in range(1,n+1)]
+    return [("Fizz" if x % 3 == 0 else "") + ("Buzz" if x % 5 == 0 else "") and str(x) for x in range(1,n+1)]</pre></div><div class="alert alert-secondary"><pre class="diff">============================= test session starts ==============================
platform linux -- Python 3.10.12, pytest-8.3.3, pluggy-1.5.0
rootdir: /home/teste/python_experiments2/fizz-buzz
collected 4 items

ts-3-5/test_3-5_1-0_316.py FFF.                                          [100%]

=========================== short test summary info ============================
FAILED ts-3-5/test_3-5_1-0_316.py::test_fizz_buzz[1-expected0] - AssertionErr...
FAILED ts-3-5/test_3-5_1-0_316.py::test_fizz_buzz[5-expected1] - AssertionErr...
FAILED ts-3-5/test_3-5_1-0_316.py::test_fizz_buzz[15-expected2] - AssertionEr...
========================= 3 failed, 1 passed in 0.08s ==========================
</pre></div></div></div></div></div><div class="mb-1" id="job_list___sub_accordion_58"><div class="card"><a data-toggle="collapse" data-target="#job_list___sub_collapse_58_1" aria-expanded="false" aria-controls="job_list___sub_collapse_58_1" href="#" class="job_list___sub_multi_heading"><div role="alert" class="card-header alert-success" id="job_list___sub_heading_58_1"><button class="btn btn-outline-success"><span class="job_id">58 : Job ID 2d5b536f0cfe465587e7371c530bb6af</span></button></div></a><div aria-labelledby="job_list___sub_heading_58_1" data-parent="#job_list___sub_accordion_58" class="collapse job_list___sub_multi_collapse" id="job_list___sub_collapse_58_1"><div class="card-body"><div class="work-item"><div class="alert alert-success test-outcome" role="alert"><p>worker outcome: normal</p><p>test outcome: killed</p></div></div><pre class="location"><a href="pycharm://open?file=fizz_buzz.py&amp;line=9" class="text-secondary"><button class="btn btn-outline-dark">fizz_buzz.py, start pos: (9, 27), end pos: (9, 28)</button></a></pre><pre>operator: core/NumberReplacer, occurrence: 0</pre><div class="alert alert-secondary"><pre class="diff">--- mutation diff ---
--- afizz_buzz.py
+++ bfizz_buzz.py
@@ -6,4 +6,4 @@
     divisible by both, add "FizzBuzz"
 
     """
-    return [("Fizz" if x % 3 == 0 else "") + ("Buzz" if x % 5 == 0 else "") or str(x) for x in range(1,n+1)]
+    return [("Fizz" if x % 4 == 0 else "") + ("Buzz" if x % 5 == 0 else "") or str(x) for x in range(1,n+1)]</pre></div><div class="alert alert-secondary"><pre class="diff">============================= test session starts ==============================
platform linux -- Python 3.10.12, pytest-8.3.3, pluggy-1.5.0
rootdir: /home/teste/python_experiments2/fizz-buzz
collected 4 items

ts-3-5/test_3-5_1-0_316.py .FF.                                          [100%]

=========================== short test summary info ============================
FAILED ts-3-5/test_3-5_1-0_316.py::test_fizz_buzz[5-expected1] - AssertionErr...
FAILED ts-3-5/test_3-5_1-0_316.py::test_fizz_buzz[15-expected2] - AssertionEr...
========================= 2 failed, 2 passed in 0.08s ==========================
</pre></div></div></div></div></div><div class="mb-1" id="job_list___sub_accordion_59"><div class="card"><a data-toggle="collapse" data-target="#job_list___sub_collapse_59_1" aria-expanded="false" aria-controls="job_list___sub_collapse_59_1" href="#" class="job_list___sub_multi_heading"><div role="alert" class="card-header alert-success" id="job_list___sub_heading_59_1"><button class="btn btn-outline-success"><span class="job_id">59 : Job ID 7f9f4638caea4a29adf0e64b5f998a27</span></button></div></a><div aria-labelledby="job_list___sub_heading_59_1" data-parent="#job_list___sub_accordion_59" class="collapse job_list___sub_multi_collapse" id="job_list___sub_collapse_59_1"><div class="card-body"><div class="work-item"><div class="alert alert-success test-outcome" role="alert"><p>worker outcome: normal</p><p>test outcome: killed</p></div></div><pre class="location"><a href="pycharm://open?file=fizz_buzz.py&amp;line=9" class="text-secondary"><button class="btn btn-outline-dark">fizz_buzz.py, start pos: (9, 27), end pos: (9, 28)</button></a></pre><pre>operator: core/NumberReplacer, occurrence: 1</pre><div class="alert alert-secondary"><pre class="diff">--- mutation diff ---
--- afizz_buzz.py
+++ bfizz_buzz.py
@@ -6,4 +6,4 @@
     divisible by both, add "FizzBuzz"
 
     """
-    return [("Fizz" if x % 3 == 0 else "") + ("Buzz" if x % 5 == 0 else "") or str(x) for x in range(1,n+1)]
+    return [("Fizz" if x % 2 == 0 else "") + ("Buzz" if x % 5 == 0 else "") or str(x) for x in range(1,n+1)]</pre></div><div class="alert alert-secondary"><pre class="diff">============================= test session starts ==============================
platform linux -- Python 3.10.12, pytest-8.3.3, pluggy-1.5.0
rootdir: /home/teste/python_experiments2/fizz-buzz
collected 4 items

ts-3-5/test_3-5_1-0_316.py .FF.                                          [100%]

=========================== short test summary info ============================
FAILED ts-3-5/test_3-5_1-0_316.py::test_fizz_buzz[5-expected1] - AssertionErr...
FAILED ts-3-5/test_3-5_1-0_316.py::test_fizz_buzz[15-expected2] - AssertionEr...
========================= 2 failed, 2 passed in 0.07s ==========================
</pre></div></div></div></div></div><div class="mb-1" id="job_list___sub_accordion_60"><div class="card"><a data-toggle="collapse" data-target="#job_list___sub_collapse_60_1" aria-expanded="false" aria-controls="job_list___sub_collapse_60_1" href="#" class="job_list___sub_multi_heading"><div role="alert" class="card-header alert-success" id="job_list___sub_heading_60_1"><button class="btn btn-outline-success"><span class="job_id">60 : Job ID eca66f76be2a422da5a78787e5f3dceb</span></button></div></a><div aria-labelledby="job_list___sub_heading_60_1" data-parent="#job_list___sub_accordion_60" class="collapse job_list___sub_multi_collapse" id="job_list___sub_collapse_60_1"><div class="card-body"><div class="work-item"><div class="alert alert-success test-outcome" role="alert"><p>worker outcome: normal</p><p>test outcome: killed</p></div></div><pre class="location"><a href="pycharm://open?file=fizz_buzz.py&amp;line=9" class="text-secondary"><button class="btn btn-outline-dark">fizz_buzz.py, start pos: (9, 32), end pos: (9, 33)</button></a></pre><pre>operator: core/NumberReplacer, occurrence: 2</pre><div class="alert alert-secondary"><pre class="diff">--- mutation diff ---
--- afizz_buzz.py
+++ bfizz_buzz.py
@@ -6,4 +6,4 @@
     divisible by both, add "FizzBuzz"
 
     """
-    return [("Fizz" if x % 3 == 0 else "") + ("Buzz" if x % 5 == 0 else "") or str(x) for x in range(1,n+1)]
+    return [("Fizz" if x % 3 == 1 else "") + ("Buzz" if x % 5 == 0 else "") or str(x) for x in range(1,n+1)]</pre></div><div class="alert alert-secondary"><pre class="diff">============================= test session starts ==============================
platform linux -- Python 3.10.12, pytest-8.3.3, pluggy-1.5.0
rootdir: /home/teste/python_experiments2/fizz-buzz
collected 4 items

ts-3-5/test_3-5_1-0_316.py FFF.                                          [100%]

=========================== short test summary info ============================
FAILED ts-3-5/test_3-5_1-0_316.py::test_fizz_buzz[1-expected0] - AssertionErr...
FAILED ts-3-5/test_3-5_1-0_316.py::test_fizz_buzz[5-expected1] - AssertionErr...
FAILED ts-3-5/test_3-5_1-0_316.py::test_fizz_buzz[15-expected2] - AssertionEr...
========================= 3 failed, 1 passed in 0.07s ==========================
</pre></div></div></div></div></div><div class="mb-1" id="job_list___sub_accordion_61"><div class="card"><a data-toggle="collapse" data-target="#job_list___sub_collapse_61_1" aria-expanded="false" aria-controls="job_list___sub_collapse_61_1" href="#" class="job_list___sub_multi_heading"><div role="alert" class="card-header alert-success" id="job_list___sub_heading_61_1"><button class="btn btn-outline-success"><span class="job_id">61 : Job ID 09ee3b5495e24ce4a63ff7f5c7e8e843</span></button></div></a><div aria-labelledby="job_list___sub_heading_61_1" data-parent="#job_list___sub_accordion_61" class="collapse job_list___sub_multi_collapse" id="job_list___sub_collapse_61_1"><div class="card-body"><div class="work-item"><div class="alert alert-success test-outcome" role="alert"><p>worker outcome: normal</p><p>test outcome: killed</p></div></div><pre class="location"><a href="pycharm://open?file=fizz_buzz.py&amp;line=9" class="text-secondary"><button class="btn btn-outline-dark">fizz_buzz.py, start pos: (9, 32), end pos: (9, 33)</button></a></pre><pre>operator: core/NumberReplacer, occurrence: 3</pre><div class="alert alert-secondary"><pre class="diff">--- mutation diff ---
--- afizz_buzz.py
+++ bfizz_buzz.py
@@ -6,4 +6,4 @@
     divisible by both, add "FizzBuzz"
 
     """
-    return [("Fizz" if x % 3 == 0 else "") + ("Buzz" if x % 5 == 0 else "") or str(x) for x in range(1,n+1)]
+    return [("Fizz" if x % 3 == -1 else "") + ("Buzz" if x % 5 == 0 else "") or str(x) for x in range(1,n+1)]</pre></div><div class="alert alert-secondary"><pre class="diff">============================= test session starts ==============================
platform linux -- Python 3.10.12, pytest-8.3.3, pluggy-1.5.0
rootdir: /home/teste/python_experiments2/fizz-buzz
collected 4 items

ts-3-5/test_3-5_1-0_316.py .FF.                                          [100%]

=========================== short test summary info ============================
FAILED ts-3-5/test_3-5_1-0_316.py::test_fizz_buzz[5-expected1] - AssertionErr...
FAILED ts-3-5/test_3-5_1-0_316.py::test_fizz_buzz[15-expected2] - AssertionEr...
========================= 2 failed, 2 passed in 0.07s ==========================
</pre></div></div></div></div></div><div class="mb-1" id="job_list___sub_accordion_62"><div class="card"><a data-toggle="collapse" data-target="#job_list___sub_collapse_62_1" aria-expanded="false" aria-controls="job_list___sub_collapse_62_1" href="#" class="job_list___sub_multi_heading"><div role="alert" class="card-header alert-success" id="job_list___sub_heading_62_1"><button class="btn btn-outline-success"><span class="job_id">62 : Job ID e32a666bb70243c3a912e647ff776be8</span></button></div></a><div aria-labelledby="job_list___sub_heading_62_1" data-parent="#job_list___sub_accordion_62" class="collapse job_list___sub_multi_collapse" id="job_list___sub_collapse_62_1"><div class="card-body"><div class="work-item"><div class="alert alert-success test-outcome" role="alert"><p>worker outcome: normal</p><p>test outcome: killed</p></div></div><pre class="location"><a href="pycharm://open?file=fizz_buzz.py&amp;line=9" class="text-secondary"><button class="btn btn-outline-dark">fizz_buzz.py, start pos: (9, 60), end pos: (9, 61)</button></a></pre><pre>operator: core/NumberReplacer, occurrence: 4</pre><div class="alert alert-secondary"><pre class="diff">--- mutation diff ---
--- afizz_buzz.py
+++ bfizz_buzz.py
@@ -6,4 +6,4 @@
     divisible by both, add "FizzBuzz"
 
     """
-    return [("Fizz" if x % 3 == 0 else "") + ("Buzz" if x % 5 == 0 else "") or str(x) for x in range(1,n+1)]
+    return [("Fizz" if x % 3 == 0 else "") + ("Buzz" if x % 6 == 0 else "") or str(x) for x in range(1,n+1)]</pre></div><div class="alert alert-secondary"><pre class="diff">============================= test session starts ==============================
platform linux -- Python 3.10.12, pytest-8.3.3, pluggy-1.5.0
rootdir: /home/teste/python_experiments2/fizz-buzz
collected 4 items

ts-3-5/test_3-5_1-0_316.py .FF.                                          [100%]

=========================== short test summary info ============================
FAILED ts-3-5/test_3-5_1-0_316.py::test_fizz_buzz[5-expected1] - AssertionErr...
FAILED ts-3-5/test_3-5_1-0_316.py::test_fizz_buzz[15-expected2] - AssertionEr...
========================= 2 failed, 2 passed in 0.07s ==========================
</pre></div></div></div></div></div><div class="mb-1" id="job_list___sub_accordion_63"><div class="card"><a data-toggle="collapse" data-target="#job_list___sub_collapse_63_1" aria-expanded="false" aria-controls="job_list___sub_collapse_63_1" href="#" class="job_list___sub_multi_heading"><div role="alert" class="card-header alert-success" id="job_list___sub_heading_63_1"><button class="btn btn-outline-success"><span class="job_id">63 : Job ID 1e4fd3462afc4d80a1a43d52deba02c3</span></button></div></a><div aria-labelledby="job_list___sub_heading_63_1" data-parent="#job_list___sub_accordion_63" class="collapse job_list___sub_multi_collapse" id="job_list___sub_collapse_63_1"><div class="card-body"><div class="work-item"><div class="alert alert-success test-outcome" role="alert"><p>worker outcome: normal</p><p>test outcome: killed</p></div></div><pre class="location"><a href="pycharm://open?file=fizz_buzz.py&amp;line=9" class="text-secondary"><button class="btn btn-outline-dark">fizz_buzz.py, start pos: (9, 60), end pos: (9, 61)</button></a></pre><pre>operator: core/NumberReplacer, occurrence: 5</pre><div class="alert alert-secondary"><pre class="diff">--- mutation diff ---
--- afizz_buzz.py
+++ bfizz_buzz.py
@@ -6,4 +6,4 @@
     divisible by both, add "FizzBuzz"
 
     """
-    return [("Fizz" if x % 3 == 0 else "") + ("Buzz" if x % 5 == 0 else "") or str(x) for x in range(1,n+1)]
+    return [("Fizz" if x % 3 == 0 else "") + ("Buzz" if x % 4 == 0 else "") or str(x) for x in range(1,n+1)]</pre></div><div class="alert alert-secondary"><pre class="diff">============================= test session starts ==============================
platform linux -- Python 3.10.12, pytest-8.3.3, pluggy-1.5.0
rootdir: /home/teste/python_experiments2/fizz-buzz
collected 4 items

ts-3-5/test_3-5_1-0_316.py .FF.                                          [100%]

=========================== short test summary info ============================
FAILED ts-3-5/test_3-5_1-0_316.py::test_fizz_buzz[5-expected1] - AssertionErr...
FAILED ts-3-5/test_3-5_1-0_316.py::test_fizz_buzz[15-expected2] - AssertionEr...
========================= 2 failed, 2 passed in 0.08s ==========================
</pre></div></div></div></div></div><div class="mb-1" id="job_list___sub_accordion_64"><div class="card"><a data-toggle="collapse" data-target="#job_list___sub_collapse_64_1" aria-expanded="false" aria-controls="job_list___sub_collapse_64_1" href="#" class="job_list___sub_multi_heading"><div role="alert" class="card-header alert-success" id="job_list___sub_heading_64_1"><button class="btn btn-outline-success"><span class="job_id">64 : Job ID 8c5bd6c92cd54020b52ec161b5573f4d</span></button></div></a><div aria-labelledby="job_list___sub_heading_64_1" data-parent="#job_list___sub_accordion_64" class="collapse job_list___sub_multi_collapse" id="job_list___sub_collapse_64_1"><div class="card-body"><div class="work-item"><div class="alert alert-success test-outcome" role="alert"><p>worker outcome: normal</p><p>test outcome: killed</p></div></div><pre class="location"><a href="pycharm://open?file=fizz_buzz.py&amp;line=9" class="text-secondary"><button class="btn btn-outline-dark">fizz_buzz.py, start pos: (9, 65), end pos: (9, 66)</button></a></pre><pre>operator: core/NumberReplacer, occurrence: 6</pre><div class="alert alert-secondary"><pre class="diff">--- mutation diff ---
--- afizz_buzz.py
+++ bfizz_buzz.py
@@ -6,4 +6,4 @@
     divisible by both, add "FizzBuzz"
 
     """
-    return [("Fizz" if x % 3 == 0 else "") + ("Buzz" if x % 5 == 0 else "") or str(x) for x in range(1,n+1)]
+    return [("Fizz" if x % 3 == 0 else "") + ("Buzz" if x % 5 == 1 else "") or str(x) for x in range(1,n+1)]</pre></div><div class="alert alert-secondary"><pre class="diff">============================= test session starts ==============================
platform linux -- Python 3.10.12, pytest-8.3.3, pluggy-1.5.0
rootdir: /home/teste/python_experiments2/fizz-buzz
collected 4 items

ts-3-5/test_3-5_1-0_316.py FFF.                                          [100%]

=========================== short test summary info ============================
FAILED ts-3-5/test_3-5_1-0_316.py::test_fizz_buzz[1-expected0] - AssertionErr...
FAILED ts-3-5/test_3-5_1-0_316.py::test_fizz_buzz[5-expected1] - AssertionErr...
FAILED ts-3-5/test_3-5_1-0_316.py::test_fizz_buzz[15-expected2] - AssertionEr...
========================= 3 failed, 1 passed in 0.07s ==========================
</pre></div></div></div></div></div><div class="mb-1" id="job_list___sub_accordion_65"><div class="card"><a data-toggle="collapse" data-target="#job_list___sub_collapse_65_1" aria-expanded="false" aria-controls="job_list___sub_collapse_65_1" href="#" class="job_list___sub_multi_heading"><div role="alert" class="card-header alert-success" id="job_list___sub_heading_65_1"><button class="btn btn-outline-success"><span class="job_id">65 : Job ID ea9abc82362048dea61ea9242fd01a08</span></button></div></a><div aria-labelledby="job_list___sub_heading_65_1" data-parent="#job_list___sub_accordion_65" class="collapse job_list___sub_multi_collapse" id="job_list___sub_collapse_65_1"><div class="card-body"><div class="work-item"><div class="alert alert-success test-outcome" role="alert"><p>worker outcome: normal</p><p>test outcome: killed</p></div></div><pre class="location"><a href="pycharm://open?file=fizz_buzz.py&amp;line=9" class="text-secondary"><button class="btn btn-outline-dark">fizz_buzz.py, start pos: (9, 65), end pos: (9, 66)</button></a></pre><pre>operator: core/NumberReplacer, occurrence: 7</pre><div class="alert alert-secondary"><pre class="diff">--- mutation diff ---
--- afizz_buzz.py
+++ bfizz_buzz.py
@@ -6,4 +6,4 @@
     divisible by both, add "FizzBuzz"
 
     """
-    return [("Fizz" if x % 3 == 0 else "") + ("Buzz" if x % 5 == 0 else "") or str(x) for x in range(1,n+1)]
+    return [("Fizz" if x % 3 == 0 else "") + ("Buzz" if x % 5 == -1 else "") or str(x) for x in range(1,n+1)]</pre></div><div class="alert alert-secondary"><pre class="diff">============================= test session starts ==============================
platform linux -- Python 3.10.12, pytest-8.3.3, pluggy-1.5.0
rootdir: /home/teste/python_experiments2/fizz-buzz
collected 4 items

ts-3-5/test_3-5_1-0_316.py .FF.                                          [100%]

=========================== short test summary info ============================
FAILED ts-3-5/test_3-5_1-0_316.py::test_fizz_buzz[5-expected1] - AssertionErr...
FAILED ts-3-5/test_3-5_1-0_316.py::test_fizz_buzz[15-expected2] - AssertionEr...
========================= 2 failed, 2 passed in 0.07s ==========================
</pre></div></div></div></div></div><div class="mb-1" id="job_list___sub_accordion_66"><div class="card"><a data-toggle="collapse" data-target="#job_list___sub_collapse_66_1" aria-expanded="false" aria-controls="job_list___sub_collapse_66_1" href="#" class="job_list___sub_multi_heading"><div role="alert" class="card-header alert-success" id="job_list___sub_heading_66_1"><button class="btn btn-outline-success"><span class="job_id">66 : Job ID b4c0ec4b5588467c91f70dab5512c196</span></button></div></a><div aria-labelledby="job_list___sub_heading_66_1" data-parent="#job_list___sub_accordion_66" class="collapse job_list___sub_multi_collapse" id="job_list___sub_collapse_66_1"><div class="card-body"><div class="work-item"><div class="alert alert-success test-outcome" role="alert"><p>worker outcome: normal</p><p>test outcome: killed</p></div></div><pre class="location"><a href="pycharm://open?file=fizz_buzz.py&amp;line=9" class="text-secondary"><button class="btn btn-outline-dark">fizz_buzz.py, start pos: (9, 101), end pos: (9, 102)</button></a></pre><pre>operator: core/NumberReplacer, occurrence: 8</pre><div class="alert alert-secondary"><pre class="diff">--- mutation diff ---
--- afizz_buzz.py
+++ bfizz_buzz.py
@@ -6,4 +6,4 @@
     divisible by both, add "FizzBuzz"
 
     """
-    return [("Fizz" if x % 3 == 0 else "") + ("Buzz" if x % 5 == 0 else "") or str(x) for x in range(1,n+1)]
+    return [("Fizz" if x % 3 == 0 else "") + ("Buzz" if x % 5 == 0 else "") or str(x) for x in range( 2,n+1)]</pre></div><div class="alert alert-secondary"><pre class="diff">============================= test session starts ==============================
platform linux -- Python 3.10.12, pytest-8.3.3, pluggy-1.5.0
rootdir: /home/teste/python_experiments2/fizz-buzz
collected 4 items

ts-3-5/test_3-5_1-0_316.py FFF.                                          [100%]

=========================== short test summary info ============================
FAILED ts-3-5/test_3-5_1-0_316.py::test_fizz_buzz[1-expected0] - AssertionErr...
FAILED ts-3-5/test_3-5_1-0_316.py::test_fizz_buzz[5-expected1] - AssertionErr...
FAILED ts-3-5/test_3-5_1-0_316.py::test_fizz_buzz[15-expected2] - AssertionEr...
========================= 3 failed, 1 passed in 0.07s ==========================
</pre></div></div></div></div></div><div class="mb-1" id="job_list___sub_accordion_67"><div class="card"><a data-toggle="collapse" data-target="#job_list___sub_collapse_67_1" aria-expanded="false" aria-controls="job_list___sub_collapse_67_1" href="#" class="job_list___sub_multi_heading"><div role="alert" class="card-header alert-success" id="job_list___sub_heading_67_1"><button class="btn btn-outline-success"><span class="job_id">67 : Job ID 5a1c2cc9ead54993aa6aa2ead334034d</span></button></div></a><div aria-labelledby="job_list___sub_heading_67_1" data-parent="#job_list___sub_accordion_67" class="collapse job_list___sub_multi_collapse" id="job_list___sub_collapse_67_1"><div class="card-body"><div class="work-item"><div class="alert alert-success test-outcome" role="alert"><p>worker outcome: normal</p><p>test outcome: killed</p></div></div><pre class="location"><a href="pycharm://open?file=fizz_buzz.py&amp;line=9" class="text-secondary"><button class="btn btn-outline-dark">fizz_buzz.py, start pos: (9, 101), end pos: (9, 102)</button></a></pre><pre>operator: core/NumberReplacer, occurrence: 9</pre><div class="alert alert-secondary"><pre class="diff">--- mutation diff ---
--- afizz_buzz.py
+++ bfizz_buzz.py
@@ -6,4 +6,4 @@
     divisible by both, add "FizzBuzz"
 
     """
-    return [("Fizz" if x % 3 == 0 else "") + ("Buzz" if x % 5 == 0 else "") or str(x) for x in range(1,n+1)]
+    return [("Fizz" if x % 3 == 0 else "") + ("Buzz" if x % 5 == 0 else "") or str(x) for x in range( 0,n+1)]</pre></div><div class="alert alert-secondary"><pre class="diff">============================= test session starts ==============================
platform linux -- Python 3.10.12, pytest-8.3.3, pluggy-1.5.0
rootdir: /home/teste/python_experiments2/fizz-buzz
collected 4 items

ts-3-5/test_3-5_1-0_316.py FFFF                                          [100%]

=========================== short test summary info ============================
FAILED ts-3-5/test_3-5_1-0_316.py::test_fizz_buzz[1-expected0] - AssertionErr...
FAILED ts-3-5/test_3-5_1-0_316.py::test_fizz_buzz[5-expected1] - AssertionErr...
FAILED ts-3-5/test_3-5_1-0_316.py::test_fizz_buzz[15-expected2] - AssertionEr...
FAILED ts-3-5/test_3-5_1-0_316.py::test_fizz_buzz_empty - AssertionError: ass...
============================== 4 failed in 0.08s ===============================
</pre></div></div></div></div></div><div class="mb-1" id="job_list___sub_accordion_68"><div class="card"><a data-toggle="collapse" data-target="#job_list___sub_collapse_68_1" aria-expanded="false" aria-controls="job_list___sub_collapse_68_1" href="#" class="job_list___sub_multi_heading"><div role="alert" class="card-header alert-success" id="job_list___sub_heading_68_1"><button class="btn btn-outline-success"><span class="job_id">68 : Job ID 22f33c61466f482e9bdbdf3a0fa26475</span></button></div></a><div aria-labelledby="job_list___sub_heading_68_1" data-parent="#job_list___sub_accordion_68" class="collapse job_list___sub_multi_collapse" id="job_list___sub_collapse_68_1"><div class="card-body"><div class="work-item"><div class="alert alert-success test-outcome" role="alert"><p>worker outcome: normal</p><p>test outcome: killed</p></div></div><pre class="location"><a href="pycharm://open?file=fizz_buzz.py&amp;line=9" class="text-secondary"><button class="btn btn-outline-dark">fizz_buzz.py, start pos: (9, 105), end pos: (9, 106)</button></a></pre><pre>operator: core/NumberReplacer, occurrence: 10</pre><div class="alert alert-secondary"><pre class="diff">--- mutation diff ---
--- afizz_buzz.py
+++ bfizz_buzz.py
@@ -6,4 +6,4 @@
     divisible by both, add "FizzBuzz"
 
     """
-    return [("Fizz" if x % 3 == 0 else "") + ("Buzz" if x % 5 == 0 else "") or str(x) for x in range(1,n+1)]
+    return [("Fizz" if x % 3 == 0 else "") + ("Buzz" if x % 5 == 0 else "") or str(x) for x in range(1,n+ 2)]</pre></div><div class="alert alert-secondary"><pre class="diff">============================= test session starts ==============================
platform linux -- Python 3.10.12, pytest-8.3.3, pluggy-1.5.0
rootdir: /home/teste/python_experiments2/fizz-buzz
collected 4 items

ts-3-5/test_3-5_1-0_316.py FFFF                                          [100%]

=========================== short test summary info ============================
FAILED ts-3-5/test_3-5_1-0_316.py::test_fizz_buzz[1-expected0] - AssertionErr...
FAILED ts-3-5/test_3-5_1-0_316.py::test_fizz_buzz[5-expected1] - AssertionErr...
FAILED ts-3-5/test_3-5_1-0_316.py::test_fizz_buzz[15-expected2] - AssertionEr...
FAILED ts-3-5/test_3-5_1-0_316.py::test_fizz_buzz_empty - AssertionError: ass...
============================== 4 failed in 0.07s ===============================
</pre></div></div></div></div></div><div class="mb-1" id="job_list___sub_accordion_69"><div class="card"><a data-toggle="collapse" data-target="#job_list___sub_collapse_69_1" aria-expanded="false" aria-controls="job_list___sub_collapse_69_1" href="#" class="job_list___sub_multi_heading"><div role="alert" class="card-header alert-success" id="job_list___sub_heading_69_1"><button class="btn btn-outline-success"><span class="job_id">69 : Job ID 08d2062de30544d8800dba873d655b73</span></button></div></a><div aria-labelledby="job_list___sub_heading_69_1" data-parent="#job_list___sub_accordion_69" class="collapse job_list___sub_multi_collapse" id="job_list___sub_collapse_69_1"><div class="card-body"><div class="work-item"><div class="alert alert-success test-outcome" role="alert"><p>worker outcome: normal</p><p>test outcome: killed</p></div></div><pre class="location"><a href="pycharm://open?file=fizz_buzz.py&amp;line=9" class="text-secondary"><button class="btn btn-outline-dark">fizz_buzz.py, start pos: (9, 105), end pos: (9, 106)</button></a></pre><pre>operator: core/NumberReplacer, occurrence: 11</pre><div class="alert alert-secondary"><pre class="diff">--- mutation diff ---
--- afizz_buzz.py
+++ bfizz_buzz.py
@@ -6,4 +6,4 @@
     divisible by both, add "FizzBuzz"
 
     """
-    return [("Fizz" if x % 3 == 0 else "") + ("Buzz" if x % 5 == 0 else "") or str(x) for x in range(1,n+1)]
+    return [("Fizz" if x % 3 == 0 else "") + ("Buzz" if x % 5 == 0 else "") or str(x) for x in range(1,n+ 0)]</pre></div><div class="alert alert-secondary"><pre class="diff">============================= test session starts ==============================
platform linux -- Python 3.10.12, pytest-8.3.3, pluggy-1.5.0
rootdir: /home/teste/python_experiments2/fizz-buzz
collected 4 items

ts-3-5/test_3-5_1-0_316.py FFF.                                          [100%]

=========================== short test summary info ============================
FAILED ts-3-5/test_3-5_1-0_316.py::test_fizz_buzz[1-expected0] - AssertionErr...
FAILED ts-3-5/test_3-5_1-0_316.py::test_fizz_buzz[5-expected1] - AssertionErr...
FAILED ts-3-5/test_3-5_1-0_316.py::test_fizz_buzz[15-expected2] - AssertionEr...
========================= 3 failed, 1 passed in 0.07s ==========================
</pre></div></div></div></div></div></div></div></div></div></div><script src="https://code.jquery.com/jquery-3.3.1.slim.min.js" integrity="sha384-q8i/X+965DzO0rT7abK41JStQIAqVgRVzpbzo5smXKp4YfRvH+8abtTE1Pi6jizo" crossorigin="anonymous"></script><script src="https://cdnjs.cloudflare.com/ajax/libs/popper.js/1.14.7/umd/popper.min.js" integrity="sha384-UO2eT0CpHqdSJQ6hJty5KVphtPhzWj9WO1clHTMGa3JDZwrnQq4sF86dIHNDz0W1" crossorigin="anonymous"></script><script src="https://stackpath.bootstrapcdn.com/bootstrap/4.3.1/js/bootstrap.min.js" integrity="sha384-JjSmVgyd0p3pXB1rRibZUAYoIIy6OrQ6VrjIEaFf/nJGzIxFDsf4x0xIM+B07jRM" crossorigin="anonymous"></script><script type="text/javascript">$('div.job_list___sub_multi_collapse').on('shown.bs.collapse',  function () {    correct_behavior_functional_buttons();  });$('div.job_list___sub_multi_collapse').on('hidden.bs.collapse',  function () {    correct_behavior_functional_buttons();  });function correct_behavior_functional_buttons() {    var expand = false;    var collapse = false;    $('a.job_list___sub_multi_heading').each(function(index) {      if ($(this).attr('aria-expanded') == 'false') {        expand = true;        return false;      };    });    $('a.job_list___sub_multi_heading').each(function(index) {      if ($(this).attr('aria-expanded') == 'true') {        collapse = true;        return false;      };    });    if (expand) {      $('div#job_item_expand_all').css('display', 'inline-block');    } else {      $('div#job_item_expand_all').css('display', 'none');    };    if (collapse) {      $('div#job_item_collapse_all').css('display', 'inline-block');    } else {      $('div#job_item_collapse_all').css('display', 'none');    };  };correct_behavior_functional_buttons();</script></body></html>
