[*] Start mutation process:
   - targets: first_missing_positive.py
   - tests: ts-3-5/test_3-5_1-0_309.py
[*] 7 tests passed:
   - test_3-5_1-0_309 [0.11727 s]
[*] Start mutants generation and execution:
   - [#   1] AOR first_missing_positive: 
--------------------------------------------------------------------------------
  24:         The first integer greater than 0 that is not 
  25:         present in the input list.
  26:     """
  27:     start = 0
- 28:     end = len(nums) - 1
+ 28:     end = len(nums) + 1
  29:     while start <= end:
  30:         i = nums[start] - 1
  31:         
  32:         if i == start:
--------------------------------------------------------------------------------
[0.13779 s] killed by ts-3-5/test_3-5_1-0_309.py::test_first_missing_positive_sorted

def test_first_missing_positive_sorted():
        nums = [1, 2, 3, 4, 6]
>       assert first_missing_positive(nums) == 5

ts-3-5/test_3-5_1-0_309.py:13: 
_ _ _ _ _ _ _ _ _ _ _ _ _ _ _ _ _ _ _ _ _ _ _ _ _ _ _ _ _ _ _ _ _ _ _ _ _ _ _ _ 

nums = [1, 2, 3, 4, 6]

>   ???
E   IndexError: list index out of range

first_missing_positive:37: IndexError
   - [#   2] AOR first_missing_positive: 
--------------------------------------------------------------------------------
  26:     """
  27:     start = 0
  28:     end = len(nums) - 1
  29:     while start <= end:
- 30:         i = nums[start] - 1
+ 30:         i = nums[start] + 1
  31:         
  32:         if i == start:
  33:             start += 1
  34:         
--------------------------------------------------------------------------------
[0.13886 s] killed by ts-3-5/test_3-5_1-0_309.py::test_first_missing_positive_sorted

def test_first_missing_positive_sorted():
        nums = [1, 2, 3, 4, 6]
>       assert first_missing_positive(nums) == 5
E       AssertionError

ts-3-5/test_3-5_1-0_309.py:13: AssertionError
   - [#   3] AOR first_missing_positive: 
--------------------------------------------------------------------------------
  40:         else:
  41:             
  42:             (nums[start], nums[i]) = (nums[i], nums[start])
  43:     
- 44:     return start + 1
+ 44:     return start - 1
--------------------------------------------------------------------------------
[0.14164 s] killed by ts-3-5/test_3-5_1-0_309.py::test_first_missing_positive_sorted

def test_first_missing_positive_sorted():
        nums = [1, 2, 3, 4, 6]
>       assert first_missing_positive(nums) == 5
E       AssertionError

ts-3-5/test_3-5_1-0_309.py:13: AssertionError
   - [#   4] ASR first_missing_positive: 
--------------------------------------------------------------------------------
  29:     while start <= end:
  30:         i = nums[start] - 1
  31:         
  32:         if i == start:
- 33:             start += 1
+ 33:             start -= 1
  34:         
  35:         
  36:         
  37:         elif (i < 0 or i > end or nums[start] == nums[i]):
--------------------------------------------------------------------------------
[0.13794 s] killed by ts-3-5/test_3-5_1-0_309.py::test_first_missing_positive_sorted

def test_first_missing_positive_sorted():
        nums = [1, 2, 3, 4, 6]
>       assert first_missing_positive(nums) == 5
E       AssertionError

ts-3-5/test_3-5_1-0_309.py:13: AssertionError
   - [#   5] ASR first_missing_positive: 
--------------------------------------------------------------------------------
  35:         
  36:         
  37:         elif (i < 0 or i > end or nums[start] == nums[i]):
  38:             nums[start] = nums[end]
- 39:             end -= 1
+ 39:             end += 1
  40:         else:
  41:             
  42:             (nums[start], nums[i]) = (nums[i], nums[start])
  43:     
--------------------------------------------------------------------------------
[0.12798 s] killed by ts-3-5/test_3-5_1-0_309.py::test_first_missing_positive_sorted

def test_first_missing_positive_sorted():
        nums = [1, 2, 3, 4, 6]
>       assert first_missing_positive(nums) == 5

ts-3-5/test_3-5_1-0_309.py:13: 
_ _ _ _ _ _ _ _ _ _ _ _ _ _ _ _ _ _ _ _ _ _ _ _ _ _ _ _ _ _ _ _ _ _ _ _ _ _ _ _ 

nums = [1, 2, 3, 4, 6]

>   ???
E   IndexError: list index out of range

first_missing_positive:37: IndexError
   - [#   6] COI first_missing_positive: 
--------------------------------------------------------------------------------
  25:         present in the input list.
  26:     """
  27:     start = 0
  28:     end = len(nums) - 1
- 29:     while start <= end:
+ 29:     while not (start <= end):
  30:         i = nums[start] - 1
  31:         
  32:         if i == start:
  33:             start += 1
--------------------------------------------------------------------------------
[0.12843 s] killed by ts-3-5/test_3-5_1-0_309.py::test_first_missing_positive_sorted

def test_first_missing_positive_sorted():
        nums = [1, 2, 3, 4, 6]
>       assert first_missing_positive(nums) == 5
E       AssertionError

ts-3-5/test_3-5_1-0_309.py:13: AssertionError
   - [#   7] COI first_missing_positive: 
--------------------------------------------------------------------------------
  28:     end = len(nums) - 1
  29:     while start <= end:
  30:         i = nums[start] - 1
  31:         
- 32:         if i == start:
+ 32:         if not (i == start):
  33:             start += 1
  34:         
  35:         
  36:         
--------------------------------------------------------------------------------
[0.13005 s] killed by ts-3-5/test_3-5_1-0_309.py::test_first_missing_positive_sorted

def test_first_missing_positive_sorted():
        nums = [1, 2, 3, 4, 6]
>       assert first_missing_positive(nums) == 5
E       AssertionError

ts-3-5/test_3-5_1-0_309.py:13: AssertionError
   - [#   8] COI first_missing_positive: 
--------------------------------------------------------------------------------
  33:             start += 1
  34:         
  35:         
  36:         
- 37:         elif (i < 0 or i > end or nums[start] == nums[i]):
+ 37:         elif not ((i < 0 or i > end or nums[start] == nums[i])):
  38:             nums[start] = nums[end]
  39:             end -= 1
  40:         else:
  41:             
--------------------------------------------------------------------------------
[0.12995 s] killed by ts-3-5/test_3-5_1-0_309.py::test_first_missing_positive_sorted

def test_first_missing_positive_sorted():
        nums = [1, 2, 3, 4, 6]
>       assert first_missing_positive(nums) == 5

ts-3-5/test_3-5_1-0_309.py:13: 
_ _ _ _ _ _ _ _ _ _ _ _ _ _ _ _ _ _ _ _ _ _ _ _ _ _ _ _ _ _ _ _ _ _ _ _ _ _ _ _ 

nums = [1, 2, 3, 4, 6]

>   ???
E   IndexError: list index out of range

first_missing_positive:42: IndexError
   - [#   9] LCR first_missing_positive: 
--------------------------------------------------------------------------------
  33:             start += 1
  34:         
  35:         
  36:         
- 37:         elif (i < 0 or i > end or nums[start] == nums[i]):
+ 37:         elif (i < 0 and i > end and nums[start] == nums[i]):
  38:             nums[start] = nums[end]
  39:             end -= 1
  40:         else:
  41:             
--------------------------------------------------------------------------------
[0.12641 s] killed by ts-3-5/test_3-5_1-0_309.py::test_first_missing_positive_sorted

def test_first_missing_positive_sorted():
        nums = [1, 2, 3, 4, 6]
>       assert first_missing_positive(nums) == 5

ts-3-5/test_3-5_1-0_309.py:13: 
_ _ _ _ _ _ _ _ _ _ _ _ _ _ _ _ _ _ _ _ _ _ _ _ _ _ _ _ _ _ _ _ _ _ _ _ _ _ _ _ 

nums = [1, 2, 3, 4, 6]

>   ???
E   IndexError: list index out of range

first_missing_positive:42: IndexError
   - [#  10] OIL first_missing_positive: 
--------------------------------------------------------------------------------
  38:             nums[start] = nums[end]
  39:             end -= 1
  40:         else:
  41:             
- 42:             (nums[start], nums[i]) = (nums[i], nums[start])
+ 42:             (nums[start], nums[i]) = (nums[i], nums[start])break
  43:     
  44:     return start + 1
--------------------------------------------------------------------------------
[0.12867 s] killed by ts-3-5/test_3-5_1-0_309.py::test_first_missing_positive_sorted

def test_first_missing_positive_sorted():
        nums = [1, 2, 3, 4, 6]
>       assert first_missing_positive(nums) == 5
E       AssertionError

ts-3-5/test_3-5_1-0_309.py:13: AssertionError
   - [#  11] ROR first_missing_positive: 
--------------------------------------------------------------------------------
  25:         present in the input list.
  26:     """
  27:     start = 0
  28:     end = len(nums) - 1
- 29:     while start <= end:
+ 29:     while start >= end:
  30:         i = nums[start] - 1
  31:         
  32:         if i == start:
  33:             start += 1
--------------------------------------------------------------------------------
[0.13156 s] killed by ts-3-5/test_3-5_1-0_309.py::test_first_missing_positive_sorted

def test_first_missing_positive_sorted():
        nums = [1, 2, 3, 4, 6]
>       assert first_missing_positive(nums) == 5
E       AssertionError

ts-3-5/test_3-5_1-0_309.py:13: AssertionError
   - [#  12] ROR first_missing_positive: 
--------------------------------------------------------------------------------
  25:         present in the input list.
  26:     """
  27:     start = 0
  28:     end = len(nums) - 1
- 29:     while start <= end:
+ 29:     while start < end:
  30:         i = nums[start] - 1
  31:         
  32:         if i == start:
  33:             start += 1
--------------------------------------------------------------------------------
[0.13306 s] killed by ts-3-5/test_3-5_1-0_309.py::test_first_missing_positive_random

def test_first_missing_positive_random():
        nums = [7, 3, 2, 1, 5, 6, 4]
>       assert first_missing_positive(nums) == 8
E       AssertionError

ts-3-5/test_3-5_1-0_309.py:29: AssertionError
   - [#  13] ROR first_missing_positive: 
--------------------------------------------------------------------------------
  28:     end = len(nums) - 1
  29:     while start <= end:
  30:         i = nums[start] - 1
  31:         
- 32:         if i == start:
+ 32:         if i != start:
  33:             start += 1
  34:         
  35:         
  36:         
--------------------------------------------------------------------------------
[0.13105 s] killed by ts-3-5/test_3-5_1-0_309.py::test_first_missing_positive_sorted

def test_first_missing_positive_sorted():
        nums = [1, 2, 3, 4, 6]
>       assert first_missing_positive(nums) == 5
E       AssertionError

ts-3-5/test_3-5_1-0_309.py:13: AssertionError
   - [#  14] ROR first_missing_positive: 
--------------------------------------------------------------------------------
  33:             start += 1
  34:         
  35:         
  36:         
- 37:         elif (i < 0 or i > end or nums[start] == nums[i]):
+ 37:         elif (i > 0 or i > end or nums[start] == nums[i]):
  38:             nums[start] = nums[end]
  39:             end -= 1
  40:         else:
  41:             
--------------------------------------------------------------------------------
[0.13020 s] killed by ts-3-5/test_3-5_1-0_309.py::test_first_missing_positive_duplicates

def test_first_missing_positive_duplicates():
        nums = [3, 1, 2, 2, 0]
>       assert first_missing_positive(nums) == 4
E       AssertionError

ts-3-5/test_3-5_1-0_309.py:17: AssertionError
   - [#  15] ROR first_missing_positive: 
--------------------------------------------------------------------------------
  33:             start += 1
  34:         
  35:         
  36:         
- 37:         elif (i < 0 or i > end or nums[start] == nums[i]):
+ 37:         elif (i <= 0 or i > end or nums[start] == nums[i]):
  38:             nums[start] = nums[end]
  39:             end -= 1
  40:         else:
  41:             
--------------------------------------------------------------------------------
[0.10858 s] survived
   - [#  16] ROR first_missing_positive: 
--------------------------------------------------------------------------------
  33:             start += 1
  34:         
  35:         
  36:         
- 37:         elif (i < 0 or i > end or nums[start] == nums[i]):
+ 37:         elif (i < 0 or i < end or nums[start] == nums[i]):
  38:             nums[start] = nums[end]
  39:             end -= 1
  40:         else:
  41:             
--------------------------------------------------------------------------------
[0.13069 s] killed by ts-3-5/test_3-5_1-0_309.py::test_first_missing_positive_sorted

def test_first_missing_positive_sorted():
        nums = [1, 2, 3, 4, 6]
>       assert first_missing_positive(nums) == 5

ts-3-5/test_3-5_1-0_309.py:13: 
_ _ _ _ _ _ _ _ _ _ _ _ _ _ _ _ _ _ _ _ _ _ _ _ _ _ _ _ _ _ _ _ _ _ _ _ _ _ _ _ 

nums = [1, 2, 3, 4, 6]

>   ???
E   IndexError: list index out of range

first_missing_positive:37: IndexError
   - [#  17] ROR first_missing_positive: 
--------------------------------------------------------------------------------
  33:             start += 1
  34:         
  35:         
  36:         
- 37:         elif (i < 0 or i > end or nums[start] == nums[i]):
+ 37:         elif (i < 0 or i >= end or nums[start] == nums[i]):
  38:             nums[start] = nums[end]
  39:             end -= 1
  40:         else:
  41:             
--------------------------------------------------------------------------------
[0.13196 s] killed by ts-3-5/test_3-5_1-0_309.py::test_first_missing_positive_random

def test_first_missing_positive_random():
        nums = [7, 3, 2, 1, 5, 6, 4]
>       assert first_missing_positive(nums) == 8
E       AssertionError

ts-3-5/test_3-5_1-0_309.py:29: AssertionError
   - [#  18] ROR first_missing_positive: 
--------------------------------------------------------------------------------
  33:             start += 1
  34:         
  35:         
  36:         
- 37:         elif (i < 0 or i > end or nums[start] == nums[i]):
+ 37:         elif (i < 0 or i > end or nums[start] != nums[i]):
  38:             nums[start] = nums[end]
  39:             end -= 1
  40:         else:
  41:             
--------------------------------------------------------------------------------
[0.13081 s] killed by ts-3-5/test_3-5_1-0_309.py::test_first_missing_positive_duplicates

def test_first_missing_positive_duplicates():
        nums = [3, 1, 2, 2, 0]
>       assert first_missing_positive(nums) == 4
E       AssertionError

ts-3-5/test_3-5_1-0_309.py:17: AssertionError
   - [#  19] SDL first_missing_positive: 
--------------------------------------------------------------------------------
  23:     Returns:
  24:         The first integer greater than 0 that is not 
  25:         present in the input list.
  26:     """
- 27:     start = 0
+ 27:     pass
  28:     end = len(nums) - 1
  29:     while start <= end:
  30:         i = nums[start] - 1
  31:         
--------------------------------------------------------------------------------
[0.12926 s] killed by ts-3-5/test_3-5_1-0_309.py::test_first_missing_positive_sorted

def test_first_missing_positive_sorted():
        nums = [1, 2, 3, 4, 6]
>       assert first_missing_positive(nums) == 5

ts-3-5/test_3-5_1-0_309.py:13: 
_ _ _ _ _ _ _ _ _ _ _ _ _ _ _ _ _ _ _ _ _ _ _ _ _ _ _ _ _ _ _ _ _ _ _ _ _ _ _ _ 

nums = [1, 2, 3, 4, 6]

>   ???
E   UnboundLocalError: local variable 'start' referenced before assignment

first_missing_positive:29: UnboundLocalError
   - [#  20] SDL first_missing_positive: 
--------------------------------------------------------------------------------
  24:         The first integer greater than 0 that is not 
  25:         present in the input list.
  26:     """
  27:     start = 0
- 28:     end = len(nums) - 1
+ 28:     pass
  29:     while start <= end:
  30:         i = nums[start] - 1
  31:         
  32:         if i == start:
--------------------------------------------------------------------------------
[0.13033 s] killed by ts-3-5/test_3-5_1-0_309.py::test_first_missing_positive_sorted

def test_first_missing_positive_sorted():
        nums = [1, 2, 3, 4, 6]
>       assert first_missing_positive(nums) == 5

ts-3-5/test_3-5_1-0_309.py:13: 
_ _ _ _ _ _ _ _ _ _ _ _ _ _ _ _ _ _ _ _ _ _ _ _ _ _ _ _ _ _ _ _ _ _ _ _ _ _ _ _ 

nums = [1, 2, 3, 4, 6]

>   ???
E   UnboundLocalError: local variable 'end' referenced before assignment

first_missing_positive:29: UnboundLocalError
   - [#  21] SDL first_missing_positive: 
--------------------------------------------------------------------------------
  26:     """
  27:     start = 0
  28:     end = len(nums) - 1
  29:     while start <= end:
- 30:         i = nums[start] - 1
+ 30:         pass
  31:         
  32:         if i == start:
  33:             start += 1
  34:         
--------------------------------------------------------------------------------
[0.13057 s] killed by ts-3-5/test_3-5_1-0_309.py::test_first_missing_positive_sorted

def test_first_missing_positive_sorted():
        nums = [1, 2, 3, 4, 6]
>       assert first_missing_positive(nums) == 5

ts-3-5/test_3-5_1-0_309.py:13: 
_ _ _ _ _ _ _ _ _ _ _ _ _ _ _ _ _ _ _ _ _ _ _ _ _ _ _ _ _ _ _ _ _ _ _ _ _ _ _ _ 

nums = [1, 2, 3, 4, 6]

>   ???
E   NameError: name 'i' is not defined

first_missing_positive:32: NameError
   - [#  22] SDL first_missing_positive: 
--------------------------------------------------------------------------------
  34:         
  35:         
  36:         
  37:         elif (i < 0 or i > end or nums[start] == nums[i]):
- 38:             nums[start] = nums[end]
+ 38:             pass
  39:             end -= 1
  40:         else:
  41:             
  42:             (nums[start], nums[i]) = (nums[i], nums[start])
--------------------------------------------------------------------------------
[0.11032 s] survived
   - [#  23] SDL first_missing_positive: 
--------------------------------------------------------------------------------
  38:             nums[start] = nums[end]
  39:             end -= 1
  40:         else:
  41:             
- 42:             (nums[start], nums[i]) = (nums[i], nums[start])
+ 42:             pass
  43:     
  44:     return start + 1
--------------------------------------------------------------------------------
[5.00672 s] timeout
   - [#  24] SDL first_missing_positive: 
--------------------------------------------------------------------------------
  40:         else:
  41:             
  42:             (nums[start], nums[i]) = (nums[i], nums[start])
  43:     
- 44:     return start + 1
+ 44:     pass
--------------------------------------------------------------------------------
[0.12832 s] killed by ts-3-5/test_3-5_1-0_309.py::test_first_missing_positive_sorted

def test_first_missing_positive_sorted():
        nums = [1, 2, 3, 4, 6]
>       assert first_missing_positive(nums) == 5
E       AssertionError

ts-3-5/test_3-5_1-0_309.py:13: AssertionError
   - [#  25] ZIL first_missing_positive: 
--------------------------------------------------------------------------------
  26:     """
  27:     start = 0
  28:     end = len(nums) - 1
  29:     while start <= end:
- 30:         i = nums[start] - 1
- 31:         
- 32:         if i == start:
- 33:             start += 1
- 34:         
- 35:         
- 36:         
- 37:         elif (i < 0 or i > end or nums[start] == nums[i]):
- 38:             nums[start] = nums[end]
- 39:             end -= 1
- 40:         else:
- 41:             
- 42:             (nums[start], nums[i]) = (nums[i], nums[start])
+ 30:         break
+ 31:     
+ 32:     
+ 33:     
+ 34:     
+ 35:     
+ 36:     
+ 37:     
+ 38:     
+ 39:     
+ 40:     
+ 41:     
+ 42:     
  43:     
  44:     return start + 1
--------------------------------------------------------------------------------
[0.13302 s] killed by ts-3-5/test_3-5_1-0_309.py::test_first_missing_positive_sorted

def test_first_missing_positive_sorted():
        nums = [1, 2, 3, 4, 6]
>       assert first_missing_positive(nums) == 5
E       AssertionError

ts-3-5/test_3-5_1-0_309.py:13: AssertionError
[*] Mutation score [8.66962 s]: 92.0%
   - all: 25
   - killed: 22 (88.0%)
   - survived: 2 (8.0%)
   - incompetent: 0 (0.0%)
   - timeout: 1 (4.0%)
