[*] Start mutation process:
   - targets: find_duplicates.py
   - tests: ts-3-5/test_3-5_0-7_215.py
[*] 9 tests passed:
   - test_3-5_0-7_215 [0.13849 s]
[*] Start mutants generation and execution:
   - [#   1] ASR find_duplicates: 
--------------------------------------------------------------------------------
  19:     while (ptr_1 < len(arr1) and ptr_2 < len(arr2)):
  20:         
  21:         if arr2[ptr_2] == arr1[ptr_1]:
  22:             output.append(arr1[ptr_1])
- 23:             ptr_1 += 1
+ 23:             ptr_1 -= 1
  24:             ptr_2 += 1
  25:         elif arr2[ptr_2] > arr1[ptr_1]:
  26:             ptr_1 += 1
  27:         else:
--------------------------------------------------------------------------------
[0.15047 s] survived
   - [#   2] ASR find_duplicates: 
--------------------------------------------------------------------------------
  20:         
  21:         if arr2[ptr_2] == arr1[ptr_1]:
  22:             output.append(arr1[ptr_1])
  23:             ptr_1 += 1
- 24:             ptr_2 += 1
+ 24:             ptr_2 -= 1
  25:         elif arr2[ptr_2] > arr1[ptr_1]:
  26:             ptr_1 += 1
  27:         else:
  28:             ptr_2 += 1
--------------------------------------------------------------------------------
[0.18258 s] killed by ts-3-5/test_3-5_0-7_215.py::test_duplicates_pre_sorted_with_duplicates

def test_duplicates_pre_sorted_with_duplicates():
>       assert duplicates_pre_sorted([1, 2, 3], [2, 3, 4, 5]) == [2, 3]
E       AssertionError

ts-3-5/test_3-5_0-7_215.py:30: AssertionError
   - [#   3] ASR find_duplicates: 
--------------------------------------------------------------------------------
  22:             output.append(arr1[ptr_1])
  23:             ptr_1 += 1
  24:             ptr_2 += 1
  25:         elif arr2[ptr_2] > arr1[ptr_1]:
- 26:             ptr_1 += 1
+ 26:             ptr_1 -= 1
  27:         else:
  28:             ptr_2 += 1
  29:     
  30:     return output
--------------------------------------------------------------------------------
[0.16961 s] killed by ts-3-5/test_3-5_0-7_215.py::test_duplicates_pre_sorted_no_duplicates

def test_duplicates_pre_sorted_no_duplicates():
>       assert duplicates_pre_sorted([1, 2, 3], [4, 5, 6]) == []

ts-3-5/test_3-5_0-7_215.py:27: 
_ _ _ _ _ _ _ _ _ _ _ _ _ _ _ _ _ _ _ _ _ _ _ _ _ _ _ _ _ _ _ _ _ _ _ _ _ _ _ _ 

arr1 = [1, 2, 3], arr2 = [4, 5, 6]

>   ???
E   IndexError: list index out of range

find_duplicates:21: IndexError
   - [#   4] ASR find_duplicates: 
--------------------------------------------------------------------------------
  24:             ptr_2 += 1
  25:         elif arr2[ptr_2] > arr1[ptr_1]:
  26:             ptr_1 += 1
  27:         else:
- 28:             ptr_2 += 1
+ 28:             ptr_2 -= 1
  29:     
  30:     return output
  31: 
  32: def duplicates_bin_search(arr1, arr2):
--------------------------------------------------------------------------------
[0.14065 s] survived
   - [#   5] COI find_duplicates: 
--------------------------------------------------------------------------------
   4:     arr1_seen = set(arr1)
   5:     output = []
   6:     
   7:     for element in arr2:
-  8:         if element in arr1_seen:
+  8:         if not (element in arr1_seen):
   9:             output.append(element)
  10:     
  11:     return output
  12: 
--------------------------------------------------------------------------------
[0.16495 s] killed by ts-3-5/test_3-5_0-7_215.py::test_duplicates_linear_no_duplicates

def test_duplicates_linear_no_duplicates():
>       assert duplicates_linear([1, 2, 3], [4, 5, 6]) == []
E       AssertionError

ts-3-5/test_3-5_0-7_215.py:17: AssertionError
   - [#   6] COI find_duplicates: 
--------------------------------------------------------------------------------
   4:     arr1_seen = set(arr1)
   5:     output = []
   6:     
   7:     for element in arr2:
-  8:         if element in arr1_seen:
+  8:         if element not in arr1_seen:
   9:             output.append(element)
  10:     
  11:     return output
  12: 
--------------------------------------------------------------------------------
[0.16109 s] killed by ts-3-5/test_3-5_0-7_215.py::test_duplicates_linear_no_duplicates

def test_duplicates_linear_no_duplicates():
>       assert duplicates_linear([1, 2, 3], [4, 5, 6]) == []
E       AssertionError

ts-3-5/test_3-5_0-7_215.py:17: AssertionError
   - [#   7] COI find_duplicates: 
--------------------------------------------------------------------------------
  15:     
  16:     ptr_1 = 0
  17:     ptr_2 = 0
  18:     
- 19:     while (ptr_1 < len(arr1) and ptr_2 < len(arr2)):
+ 19:     while not ((ptr_1 < len(arr1) and ptr_2 < len(arr2))):
  20:         
  21:         if arr2[ptr_2] == arr1[ptr_1]:
  22:             output.append(arr1[ptr_1])
  23:             ptr_1 += 1
--------------------------------------------------------------------------------
[0.16295 s] killed by ts-3-5/test_3-5_0-7_215.py::test_duplicates_pre_sorted_empty_arrays

def test_duplicates_pre_sorted_empty_arrays():
>       assert duplicates_pre_sorted([], []) == []

ts-3-5/test_3-5_0-7_215.py:24: 
_ _ _ _ _ _ _ _ _ _ _ _ _ _ _ _ _ _ _ _ _ _ _ _ _ _ _ _ _ _ _ _ _ _ _ _ _ _ _ _ 

arr1 = [], arr2 = []

>   ???
E   IndexError: list index out of range

find_duplicates:21: IndexError
   - [#   8] COI find_duplicates: 
--------------------------------------------------------------------------------
  17:     ptr_2 = 0
  18:     
  19:     while (ptr_1 < len(arr1) and ptr_2 < len(arr2)):
  20:         
- 21:         if arr2[ptr_2] == arr1[ptr_1]:
+ 21:         if not (arr2[ptr_2] == arr1[ptr_1]):
  22:             output.append(arr1[ptr_1])
  23:             ptr_1 += 1
  24:             ptr_2 += 1
  25:         elif arr2[ptr_2] > arr1[ptr_1]:
--------------------------------------------------------------------------------
[0.16694 s] killed by ts-3-5/test_3-5_0-7_215.py::test_duplicates_pre_sorted_no_duplicates

def test_duplicates_pre_sorted_no_duplicates():
>       assert duplicates_pre_sorted([1, 2, 3], [4, 5, 6]) == []
E       AssertionError

ts-3-5/test_3-5_0-7_215.py:27: AssertionError
   - [#   9] COI find_duplicates: 
--------------------------------------------------------------------------------
  21:         if arr2[ptr_2] == arr1[ptr_1]:
  22:             output.append(arr1[ptr_1])
  23:             ptr_1 += 1
  24:             ptr_2 += 1
- 25:         elif arr2[ptr_2] > arr1[ptr_1]:
+ 25:         elif not (arr2[ptr_2] > arr1[ptr_1]):
  26:             ptr_1 += 1
  27:         else:
  28:             ptr_2 += 1
  29:     
--------------------------------------------------------------------------------
[0.16465 s] killed by ts-3-5/test_3-5_0-7_215.py::test_duplicates_pre_sorted_with_duplicates

def test_duplicates_pre_sorted_with_duplicates():
>       assert duplicates_pre_sorted([1, 2, 3], [2, 3, 4, 5]) == [2, 3]
E       AssertionError

ts-3-5/test_3-5_0-7_215.py:30: AssertionError
   - [#  10] COI find_duplicates: 
--------------------------------------------------------------------------------
  35: 
  36:     '''
  37:     
  38:     
- 39:     if len(arr2) < len(arr1):
+ 39:     if not (len(arr2) < len(arr1)):
  40:         (arr1, arr2) = (arr2, arr1)
  41:     
  42:     output = []
  43:     
--------------------------------------------------------------------------------
[0.16970 s] killed by ts-3-5/test_3-5_0-7_215.py::test_duplicates_bin_search_no_duplicates

def test_duplicates_bin_search_no_duplicates():
>       assert duplicates_bin_search([1, 2, 3], [4, 5, 6]) == []

ts-3-5/test_3-5_0-7_215.py:37: 
_ _ _ _ _ _ _ _ _ _ _ _ _ _ _ _ _ _ _ _ _ _ _ _ _ _ _ _ _ _ _ _ _ _ _ _ _ _ _ _ 
find_duplicates:45: in duplicates_bin_search
    ???
_ _ _ _ _ _ _ _ _ _ _ _ _ _ _ _ _ _ _ _ _ _ _ _ _ _ _ _ _ _ _ _ _ _ _ _ _ _ _ _ 

list = [1, 2, 3], target = 4

    def binary_search(list, target):
        """
        Search a sorted list.
    
        :param list: the input sorted list
        :param target: the value that is to be found
        :return: index of target in list, or -1 if not found
        """
    
        # the initial left and right index
        l = 0
        r = len(list)
    
        # while left is less than right, if they cross then the value
        # couldn't have been found
        while l <= r:
    
            # get the midpoint of l and r
            mid = (r+l)//2
    
            # if the midpoint is equal to the target, return it
>           if list[mid] == target:
E           IndexError: list index out of range

binary_search.py:22: IndexError
   - [#  11] COI find_duplicates: 
--------------------------------------------------------------------------------
  41:     
  42:     output = []
  43:     
  44:     for element in arr1:
- 45:         if binary_search(arr2, element) >= 0:
+ 45:         if not (binary_search(arr2, element) >= 0):
  46:             output.append(element)
  47:     
  48:     return output
--------------------------------------------------------------------------------
[0.16291 s] killed by ts-3-5/test_3-5_0-7_215.py::test_duplicates_bin_search_no_duplicates

def test_duplicates_bin_search_no_duplicates():
>       assert duplicates_bin_search([1, 2, 3], [4, 5, 6]) == []
E       AssertionError

ts-3-5/test_3-5_0-7_215.py:37: AssertionError
   - [#  12] LCR find_duplicates: 
--------------------------------------------------------------------------------
  15:     
  16:     ptr_1 = 0
  17:     ptr_2 = 0
  18:     
- 19:     while (ptr_1 < len(arr1) and ptr_2 < len(arr2)):
+ 19:     while (ptr_1 < len(arr1) or ptr_2 < len(arr2)):
  20:         
  21:         if arr2[ptr_2] == arr1[ptr_1]:
  22:             output.append(arr1[ptr_1])
  23:             ptr_1 += 1
--------------------------------------------------------------------------------
[0.16560 s] killed by ts-3-5/test_3-5_0-7_215.py::test_duplicates_pre_sorted_no_duplicates

def test_duplicates_pre_sorted_no_duplicates():
>       assert duplicates_pre_sorted([1, 2, 3], [4, 5, 6]) == []

ts-3-5/test_3-5_0-7_215.py:27: 
_ _ _ _ _ _ _ _ _ _ _ _ _ _ _ _ _ _ _ _ _ _ _ _ _ _ _ _ _ _ _ _ _ _ _ _ _ _ _ _ 

arr1 = [1, 2, 3], arr2 = [4, 5, 6]

>   ???
E   IndexError: list index out of range

find_duplicates:21: IndexError
   - [#  13] OIL find_duplicates: 
--------------------------------------------------------------------------------
   6:     
   7:     for element in arr2:
   8:         if element in arr1_seen:
   9:             output.append(element)
- 10:     
+ 10:         break
  11:     return output
  12: 
  13: def duplicates_pre_sorted(arr1, arr2):
  14:     output = []
--------------------------------------------------------------------------------
[0.16640 s] killed by ts-3-5/test_3-5_0-7_215.py::test_duplicates_linear_with_duplicates

def test_duplicates_linear_with_duplicates():
>       assert duplicates_linear([1, 2, 3], [2, 3, 4, 5]) == [2, 3]
E       AssertionError

ts-3-5/test_3-5_0-7_215.py:20: AssertionError
   - [#  14] OIL find_duplicates: 
--------------------------------------------------------------------------------
  24:             ptr_2 += 1
  25:         elif arr2[ptr_2] > arr1[ptr_1]:
  26:             ptr_1 += 1
  27:         else:
- 28:             ptr_2 += 1
+ 28:             ptr_2 += 1break
  29:     
  30:     return output
  31: 
  32: def duplicates_bin_search(arr1, arr2):
--------------------------------------------------------------------------------
[0.17259 s] killed by ts-3-5/test_3-5_0-7_215.py::test_duplicates_pre_sorted_with_duplicates

def test_duplicates_pre_sorted_with_duplicates():
>       assert duplicates_pre_sorted([1, 2, 3], [2, 3, 4, 5]) == [2, 3]
E       AssertionError

ts-3-5/test_3-5_0-7_215.py:30: AssertionError
   - [#  15] OIL find_duplicates: 
--------------------------------------------------------------------------------
  43:     
  44:     for element in arr1:
  45:         if binary_search(arr2, element) >= 0:
  46:             output.append(element)
- 47:     
+ 47:         break
  48:     return output
--------------------------------------------------------------------------------
[0.16389 s] killed by ts-3-5/test_3-5_0-7_215.py::test_duplicates_bin_search_with_duplicates

def test_duplicates_bin_search_with_duplicates():
>       assert duplicates_bin_search([1, 2, 3], [2, 3, 4, 5]) == [2, 3]
E       AssertionError

ts-3-5/test_3-5_0-7_215.py:40: AssertionError
   - [#  16] RIL find_duplicates: 
--------------------------------------------------------------------------------
   3: def duplicates_linear(arr1, arr2):
   4:     arr1_seen = set(arr1)
   5:     output = []
   6:     
-  7:     for element in arr2:
+  7:     for element in reversed(arr2):
   8:         if element in arr1_seen:
   9:             output.append(element)
  10:     
  11:     return output
--------------------------------------------------------------------------------
[0.16341 s] killed by ts-3-5/test_3-5_0-7_215.py::test_duplicates_linear_with_duplicates

def test_duplicates_linear_with_duplicates():
>       assert duplicates_linear([1, 2, 3], [2, 3, 4, 5]) == [2, 3]
E       AssertionError

ts-3-5/test_3-5_0-7_215.py:20: AssertionError
   - [#  17] RIL find_duplicates: 
--------------------------------------------------------------------------------
  40:         (arr1, arr2) = (arr2, arr1)
  41:     
  42:     output = []
  43:     
- 44:     for element in arr1:
+ 44:     for element in reversed(arr1):
  45:         if binary_search(arr2, element) >= 0:
  46:             output.append(element)
  47:     
  48:     return output
--------------------------------------------------------------------------------
[0.16906 s] killed by ts-3-5/test_3-5_0-7_215.py::test_duplicates_bin_search_with_duplicates

def test_duplicates_bin_search_with_duplicates():
>       assert duplicates_bin_search([1, 2, 3], [2, 3, 4, 5]) == [2, 3]
E       AssertionError

ts-3-5/test_3-5_0-7_215.py:40: AssertionError
   - [#  18] ROR find_duplicates: 
--------------------------------------------------------------------------------
  15:     
  16:     ptr_1 = 0
  17:     ptr_2 = 0
  18:     
- 19:     while (ptr_1 < len(arr1) and ptr_2 < len(arr2)):
+ 19:     while (ptr_1 > len(arr1) and ptr_2 < len(arr2)):
  20:         
  21:         if arr2[ptr_2] == arr1[ptr_1]:
  22:             output.append(arr1[ptr_1])
  23:             ptr_1 += 1
--------------------------------------------------------------------------------
[0.16569 s] killed by ts-3-5/test_3-5_0-7_215.py::test_duplicates_pre_sorted_with_duplicates

def test_duplicates_pre_sorted_with_duplicates():
>       assert duplicates_pre_sorted([1, 2, 3], [2, 3, 4, 5]) == [2, 3]
E       AssertionError

ts-3-5/test_3-5_0-7_215.py:30: AssertionError
   - [#  19] ROR find_duplicates: 
--------------------------------------------------------------------------------
  15:     
  16:     ptr_1 = 0
  17:     ptr_2 = 0
  18:     
- 19:     while (ptr_1 < len(arr1) and ptr_2 < len(arr2)):
+ 19:     while (ptr_1 <= len(arr1) and ptr_2 < len(arr2)):
  20:         
  21:         if arr2[ptr_2] == arr1[ptr_1]:
  22:             output.append(arr1[ptr_1])
  23:             ptr_1 += 1
--------------------------------------------------------------------------------
[0.16577 s] killed by ts-3-5/test_3-5_0-7_215.py::test_duplicates_pre_sorted_no_duplicates

def test_duplicates_pre_sorted_no_duplicates():
>       assert duplicates_pre_sorted([1, 2, 3], [4, 5, 6]) == []

ts-3-5/test_3-5_0-7_215.py:27: 
_ _ _ _ _ _ _ _ _ _ _ _ _ _ _ _ _ _ _ _ _ _ _ _ _ _ _ _ _ _ _ _ _ _ _ _ _ _ _ _ 

arr1 = [1, 2, 3], arr2 = [4, 5, 6]

>   ???
E   IndexError: list index out of range

find_duplicates:21: IndexError
   - [#  20] ROR find_duplicates: 
--------------------------------------------------------------------------------
  15:     
  16:     ptr_1 = 0
  17:     ptr_2 = 0
  18:     
- 19:     while (ptr_1 < len(arr1) and ptr_2 < len(arr2)):
+ 19:     while (ptr_1 < len(arr1) and ptr_2 > len(arr2)):
  20:         
  21:         if arr2[ptr_2] == arr1[ptr_1]:
  22:             output.append(arr1[ptr_1])
  23:             ptr_1 += 1
--------------------------------------------------------------------------------
[0.16800 s] killed by ts-3-5/test_3-5_0-7_215.py::test_duplicates_pre_sorted_with_duplicates

def test_duplicates_pre_sorted_with_duplicates():
>       assert duplicates_pre_sorted([1, 2, 3], [2, 3, 4, 5]) == [2, 3]
E       AssertionError

ts-3-5/test_3-5_0-7_215.py:30: AssertionError
   - [#  21] ROR find_duplicates: 
--------------------------------------------------------------------------------
  15:     
  16:     ptr_1 = 0
  17:     ptr_2 = 0
  18:     
- 19:     while (ptr_1 < len(arr1) and ptr_2 < len(arr2)):
+ 19:     while (ptr_1 < len(arr1) and ptr_2 <= len(arr2)):
  20:         
  21:         if arr2[ptr_2] == arr1[ptr_1]:
  22:             output.append(arr1[ptr_1])
  23:             ptr_1 += 1
--------------------------------------------------------------------------------
[0.14496 s] survived
   - [#  22] ROR find_duplicates: 
--------------------------------------------------------------------------------
  17:     ptr_2 = 0
  18:     
  19:     while (ptr_1 < len(arr1) and ptr_2 < len(arr2)):
  20:         
- 21:         if arr2[ptr_2] == arr1[ptr_1]:
+ 21:         if arr2[ptr_2] != arr1[ptr_1]:
  22:             output.append(arr1[ptr_1])
  23:             ptr_1 += 1
  24:             ptr_2 += 1
  25:         elif arr2[ptr_2] > arr1[ptr_1]:
--------------------------------------------------------------------------------
[0.16740 s] killed by ts-3-5/test_3-5_0-7_215.py::test_duplicates_pre_sorted_no_duplicates

def test_duplicates_pre_sorted_no_duplicates():
>       assert duplicates_pre_sorted([1, 2, 3], [4, 5, 6]) == []
E       AssertionError

ts-3-5/test_3-5_0-7_215.py:27: AssertionError
   - [#  23] ROR find_duplicates: 
--------------------------------------------------------------------------------
  21:         if arr2[ptr_2] == arr1[ptr_1]:
  22:             output.append(arr1[ptr_1])
  23:             ptr_1 += 1
  24:             ptr_2 += 1
- 25:         elif arr2[ptr_2] > arr1[ptr_1]:
+ 25:         elif arr2[ptr_2] < arr1[ptr_1]:
  26:             ptr_1 += 1
  27:         else:
  28:             ptr_2 += 1
  29:     
--------------------------------------------------------------------------------
[0.16796 s] killed by ts-3-5/test_3-5_0-7_215.py::test_duplicates_pre_sorted_with_duplicates

def test_duplicates_pre_sorted_with_duplicates():
>       assert duplicates_pre_sorted([1, 2, 3], [2, 3, 4, 5]) == [2, 3]
E       AssertionError

ts-3-5/test_3-5_0-7_215.py:30: AssertionError
   - [#  24] ROR find_duplicates: 
--------------------------------------------------------------------------------
  21:         if arr2[ptr_2] == arr1[ptr_1]:
  22:             output.append(arr1[ptr_1])
  23:             ptr_1 += 1
  24:             ptr_2 += 1
- 25:         elif arr2[ptr_2] > arr1[ptr_1]:
+ 25:         elif arr2[ptr_2] >= arr1[ptr_1]:
  26:             ptr_1 += 1
  27:         else:
  28:             ptr_2 += 1
  29:     
--------------------------------------------------------------------------------
[0.14412 s] survived
   - [#  25] ROR find_duplicates: 
--------------------------------------------------------------------------------
  35: 
  36:     '''
  37:     
  38:     
- 39:     if len(arr2) < len(arr1):
+ 39:     if len(arr2) > len(arr1):
  40:         (arr1, arr2) = (arr2, arr1)
  41:     
  42:     output = []
  43:     
--------------------------------------------------------------------------------
[0.19091 s] killed by ts-3-5/test_3-5_0-7_215.py::test_duplicates_bin_search_with_duplicates

def test_duplicates_bin_search_with_duplicates():
>       assert duplicates_bin_search([1, 2, 3], [2, 3, 4, 5]) == [2, 3]

ts-3-5/test_3-5_0-7_215.py:40: 
_ _ _ _ _ _ _ _ _ _ _ _ _ _ _ _ _ _ _ _ _ _ _ _ _ _ _ _ _ _ _ _ _ _ _ _ _ _ _ _ 
find_duplicates:45: in duplicates_bin_search
    ???
_ _ _ _ _ _ _ _ _ _ _ _ _ _ _ _ _ _ _ _ _ _ _ _ _ _ _ _ _ _ _ _ _ _ _ _ _ _ _ _ 

list = [1, 2, 3], target = 4

    def binary_search(list, target):
        """
        Search a sorted list.
    
        :param list: the input sorted list
        :param target: the value that is to be found
        :return: index of target in list, or -1 if not found
        """
    
        # the initial left and right index
        l = 0
        r = len(list)
    
        # while left is less than right, if they cross then the value
        # couldn't have been found
        while l <= r:
    
            # get the midpoint of l and r
            mid = (r+l)//2
    
            # if the midpoint is equal to the target, return it
>           if list[mid] == target:
E           IndexError: list index out of range

binary_search.py:22: IndexError
   - [#  26] ROR find_duplicates: 
--------------------------------------------------------------------------------
  35: 
  36:     '''
  37:     
  38:     
- 39:     if len(arr2) < len(arr1):
+ 39:     if len(arr2) <= len(arr1):
  40:         (arr1, arr2) = (arr2, arr1)
  41:     
  42:     output = []
  43:     
--------------------------------------------------------------------------------
[0.18093 s] killed by ts-3-5/test_3-5_0-7_215.py::test_duplicates_bin_search_no_duplicates

def test_duplicates_bin_search_no_duplicates():
>       assert duplicates_bin_search([1, 2, 3], [4, 5, 6]) == []

ts-3-5/test_3-5_0-7_215.py:37: 
_ _ _ _ _ _ _ _ _ _ _ _ _ _ _ _ _ _ _ _ _ _ _ _ _ _ _ _ _ _ _ _ _ _ _ _ _ _ _ _ 
find_duplicates:45: in duplicates_bin_search
    ???
_ _ _ _ _ _ _ _ _ _ _ _ _ _ _ _ _ _ _ _ _ _ _ _ _ _ _ _ _ _ _ _ _ _ _ _ _ _ _ _ 

list = [1, 2, 3], target = 4

    def binary_search(list, target):
        """
        Search a sorted list.
    
        :param list: the input sorted list
        :param target: the value that is to be found
        :return: index of target in list, or -1 if not found
        """
    
        # the initial left and right index
        l = 0
        r = len(list)
    
        # while left is less than right, if they cross then the value
        # couldn't have been found
        while l <= r:
    
            # get the midpoint of l and r
            mid = (r+l)//2
    
            # if the midpoint is equal to the target, return it
>           if list[mid] == target:
E           IndexError: list index out of range

binary_search.py:22: IndexError
   - [#  27] ROR find_duplicates: 
--------------------------------------------------------------------------------
  41:     
  42:     output = []
  43:     
  44:     for element in arr1:
- 45:         if binary_search(arr2, element) >= 0:
+ 45:         if binary_search(arr2, element) <= 0:
  46:             output.append(element)
  47:     
  48:     return output
--------------------------------------------------------------------------------
[0.17742 s] killed by ts-3-5/test_3-5_0-7_215.py::test_duplicates_bin_search_no_duplicates

def test_duplicates_bin_search_no_duplicates():
>       assert duplicates_bin_search([1, 2, 3], [4, 5, 6]) == []
E       AssertionError

ts-3-5/test_3-5_0-7_215.py:37: AssertionError
   - [#  28] ROR find_duplicates: 
--------------------------------------------------------------------------------
  41:     
  42:     output = []
  43:     
  44:     for element in arr1:
- 45:         if binary_search(arr2, element) >= 0:
+ 45:         if binary_search(arr2, element) > 0:
  46:             output.append(element)
  47:     
  48:     return output
--------------------------------------------------------------------------------
[0.17721 s] killed by ts-3-5/test_3-5_0-7_215.py::test_duplicates_bin_search_with_duplicates

def test_duplicates_bin_search_with_duplicates():
>       assert duplicates_bin_search([1, 2, 3], [2, 3, 4, 5]) == [2, 3]
E       AssertionError

ts-3-5/test_3-5_0-7_215.py:40: AssertionError
   - [#  29] SDL find_duplicates: 
--------------------------------------------------------------------------------
   1: from binary_search import binary_search
   2: 
   3: def duplicates_linear(arr1, arr2):
-  4:     arr1_seen = set(arr1)
+  4:     pass
   5:     output = []
   6:     
   7:     for element in arr2:
   8:         if element in arr1_seen:
--------------------------------------------------------------------------------
[0.16238 s] killed by ts-3-5/test_3-5_0-7_215.py::test_duplicates_linear_no_duplicates

def test_duplicates_linear_no_duplicates():
>       assert duplicates_linear([1, 2, 3], [4, 5, 6]) == []

ts-3-5/test_3-5_0-7_215.py:17: 
_ _ _ _ _ _ _ _ _ _ _ _ _ _ _ _ _ _ _ _ _ _ _ _ _ _ _ _ _ _ _ _ _ _ _ _ _ _ _ _ 

arr1 = [1, 2, 3], arr2 = [4, 5, 6]

>   ???
E   NameError: name 'arr1_seen' is not defined

find_duplicates:8: NameError
   - [#  30] SDL find_duplicates: 
--------------------------------------------------------------------------------
   1: from binary_search import binary_search
   2: 
   3: def duplicates_linear(arr1, arr2):
   4:     arr1_seen = set(arr1)
-  5:     output = []
+  5:     pass
   6:     
   7:     for element in arr2:
   8:         if element in arr1_seen:
   9:             output.append(element)
--------------------------------------------------------------------------------
[0.16697 s] killed by ts-3-5/test_3-5_0-7_215.py::test_duplicates_linear_empty_arrays

def test_duplicates_linear_empty_arrays():
>       assert duplicates_linear([], []) == []

ts-3-5/test_3-5_0-7_215.py:14: 
_ _ _ _ _ _ _ _ _ _ _ _ _ _ _ _ _ _ _ _ _ _ _ _ _ _ _ _ _ _ _ _ _ _ _ _ _ _ _ _ 

arr1 = [], arr2 = []

>   ???
E   NameError: name 'output' is not defined

find_duplicates:11: NameError
   - [#  31] SDL find_duplicates: 
--------------------------------------------------------------------------------
   5:     output = []
   6:     
   7:     for element in arr2:
   8:         if element in arr1_seen:
-  9:             output.append(element)
+  9:             pass
  10:     
  11:     return output
  12: 
  13: def duplicates_pre_sorted(arr1, arr2):
--------------------------------------------------------------------------------
[0.16662 s] killed by ts-3-5/test_3-5_0-7_215.py::test_duplicates_linear_with_duplicates

def test_duplicates_linear_with_duplicates():
>       assert duplicates_linear([1, 2, 3], [2, 3, 4, 5]) == [2, 3]
E       AssertionError

ts-3-5/test_3-5_0-7_215.py:20: AssertionError
   - [#  32] SDL find_duplicates: 
--------------------------------------------------------------------------------
   7:     for element in arr2:
   8:         if element in arr1_seen:
   9:             output.append(element)
  10:     
- 11:     return output
+ 11:     pass
  12: 
  13: def duplicates_pre_sorted(arr1, arr2):
  14:     output = []
  15:     
--------------------------------------------------------------------------------
[0.16859 s] killed by ts-3-5/test_3-5_0-7_215.py::test_duplicates_linear_empty_arrays

def test_duplicates_linear_empty_arrays():
>       assert duplicates_linear([], []) == []
E       AssertionError

ts-3-5/test_3-5_0-7_215.py:14: AssertionError
   - [#  33] SDL find_duplicates: 
--------------------------------------------------------------------------------
  10:     
  11:     return output
  12: 
  13: def duplicates_pre_sorted(arr1, arr2):
- 14:     output = []
+ 14:     pass
  15:     
  16:     ptr_1 = 0
  17:     ptr_2 = 0
  18:     
--------------------------------------------------------------------------------
[0.16862 s] killed by ts-3-5/test_3-5_0-7_215.py::test_duplicates_pre_sorted_empty_arrays

def test_duplicates_pre_sorted_empty_arrays():
>       assert duplicates_pre_sorted([], []) == []

ts-3-5/test_3-5_0-7_215.py:24: 
_ _ _ _ _ _ _ _ _ _ _ _ _ _ _ _ _ _ _ _ _ _ _ _ _ _ _ _ _ _ _ _ _ _ _ _ _ _ _ _ 

arr1 = [], arr2 = []

>   ???
E   NameError: name 'output' is not defined

find_duplicates:30: NameError
   - [#  34] SDL find_duplicates: 
--------------------------------------------------------------------------------
  12: 
  13: def duplicates_pre_sorted(arr1, arr2):
  14:     output = []
  15:     
- 16:     ptr_1 = 0
+ 16:     pass
  17:     ptr_2 = 0
  18:     
  19:     while (ptr_1 < len(arr1) and ptr_2 < len(arr2)):
  20:         
--------------------------------------------------------------------------------
[0.16593 s] killed by ts-3-5/test_3-5_0-7_215.py::test_duplicates_pre_sorted_empty_arrays

def test_duplicates_pre_sorted_empty_arrays():
>       assert duplicates_pre_sorted([], []) == []

ts-3-5/test_3-5_0-7_215.py:24: 
_ _ _ _ _ _ _ _ _ _ _ _ _ _ _ _ _ _ _ _ _ _ _ _ _ _ _ _ _ _ _ _ _ _ _ _ _ _ _ _ 

arr1 = [], arr2 = []

>   ???
E   UnboundLocalError: local variable 'ptr_1' referenced before assignment

find_duplicates:19: UnboundLocalError
   - [#  35] SDL find_duplicates: 
--------------------------------------------------------------------------------
  13: def duplicates_pre_sorted(arr1, arr2):
  14:     output = []
  15:     
  16:     ptr_1 = 0
- 17:     ptr_2 = 0
+ 17:     pass
  18:     
  19:     while (ptr_1 < len(arr1) and ptr_2 < len(arr2)):
  20:         
  21:         if arr2[ptr_2] == arr1[ptr_1]:
--------------------------------------------------------------------------------
[0.16661 s] killed by ts-3-5/test_3-5_0-7_215.py::test_duplicates_pre_sorted_no_duplicates

def test_duplicates_pre_sorted_no_duplicates():
>       assert duplicates_pre_sorted([1, 2, 3], [4, 5, 6]) == []

ts-3-5/test_3-5_0-7_215.py:27: 
_ _ _ _ _ _ _ _ _ _ _ _ _ _ _ _ _ _ _ _ _ _ _ _ _ _ _ _ _ _ _ _ _ _ _ _ _ _ _ _ 

arr1 = [1, 2, 3], arr2 = [4, 5, 6]

>   ???
E   UnboundLocalError: local variable 'ptr_2' referenced before assignment

find_duplicates:19: UnboundLocalError
   - [#  36] SDL find_duplicates: 
--------------------------------------------------------------------------------
  18:     
  19:     while (ptr_1 < len(arr1) and ptr_2 < len(arr2)):
  20:         
  21:         if arr2[ptr_2] == arr1[ptr_1]:
- 22:             output.append(arr1[ptr_1])
+ 22:             pass
  23:             ptr_1 += 1
  24:             ptr_2 += 1
  25:         elif arr2[ptr_2] > arr1[ptr_1]:
  26:             ptr_1 += 1
--------------------------------------------------------------------------------
[0.16944 s] killed by ts-3-5/test_3-5_0-7_215.py::test_duplicates_pre_sorted_with_duplicates

def test_duplicates_pre_sorted_with_duplicates():
>       assert duplicates_pre_sorted([1, 2, 3], [2, 3, 4, 5]) == [2, 3]
E       AssertionError

ts-3-5/test_3-5_0-7_215.py:30: AssertionError
   - [#  37] SDL find_duplicates: 
--------------------------------------------------------------------------------
  26:             ptr_1 += 1
  27:         else:
  28:             ptr_2 += 1
  29:     
- 30:     return output
+ 30:     pass
  31: 
  32: def duplicates_bin_search(arr1, arr2):
  33:     '''
  34:     Find duplicates in 2 sets, where one is much larger than the other.
--------------------------------------------------------------------------------
[0.16742 s] killed by ts-3-5/test_3-5_0-7_215.py::test_duplicates_pre_sorted_empty_arrays

def test_duplicates_pre_sorted_empty_arrays():
>       assert duplicates_pre_sorted([], []) == []
E       AssertionError

ts-3-5/test_3-5_0-7_215.py:24: AssertionError
   - [#  38] SDL find_duplicates: 
--------------------------------------------------------------------------------
  36:     '''
  37:     
  38:     
  39:     if len(arr2) < len(arr1):
- 40:         (arr1, arr2) = (arr2, arr1)
+ 40:         pass
  41:     
  42:     output = []
  43:     
  44:     for element in arr1:
--------------------------------------------------------------------------------
[0.14221 s] survived
   - [#  39] SDL find_duplicates: 
--------------------------------------------------------------------------------
  38:     
  39:     if len(arr2) < len(arr1):
  40:         (arr1, arr2) = (arr2, arr1)
  41:     
- 42:     output = []
+ 42:     pass
  43:     
  44:     for element in arr1:
  45:         if binary_search(arr2, element) >= 0:
  46:             output.append(element)
--------------------------------------------------------------------------------
[0.17040 s] killed by ts-3-5/test_3-5_0-7_215.py::test_duplicates_bin_search_empty_arrays

def test_duplicates_bin_search_empty_arrays():
>       assert duplicates_bin_search([], []) == []

ts-3-5/test_3-5_0-7_215.py:34: 
_ _ _ _ _ _ _ _ _ _ _ _ _ _ _ _ _ _ _ _ _ _ _ _ _ _ _ _ _ _ _ _ _ _ _ _ _ _ _ _ 

arr1 = [], arr2 = []

>   ???
E   NameError: name 'output' is not defined

find_duplicates:48: NameError
   - [#  40] SDL find_duplicates: 
--------------------------------------------------------------------------------
  42:     output = []
  43:     
  44:     for element in arr1:
  45:         if binary_search(arr2, element) >= 0:
- 46:             output.append(element)
+ 46:             pass
  47:     
  48:     return output
--------------------------------------------------------------------------------
[0.17438 s] killed by ts-3-5/test_3-5_0-7_215.py::test_duplicates_bin_search_with_duplicates

def test_duplicates_bin_search_with_duplicates():
>       assert duplicates_bin_search([1, 2, 3], [2, 3, 4, 5]) == [2, 3]
E       AssertionError

ts-3-5/test_3-5_0-7_215.py:40: AssertionError
   - [#  41] SDL find_duplicates: 
--------------------------------------------------------------------------------
  44:     for element in arr1:
  45:         if binary_search(arr2, element) >= 0:
  46:             output.append(element)
  47:     
- 48:     return output
+ 48:     pass
--------------------------------------------------------------------------------
[0.16656 s] killed by ts-3-5/test_3-5_0-7_215.py::test_duplicates_bin_search_empty_arrays

def test_duplicates_bin_search_empty_arrays():
>       assert duplicates_bin_search([], []) == []
E       AssertionError

ts-3-5/test_3-5_0-7_215.py:34: AssertionError
   - [#  42] ZIL find_duplicates: 
--------------------------------------------------------------------------------
   4:     arr1_seen = set(arr1)
   5:     output = []
   6:     
   7:     for element in arr2:
-  8:         if element in arr1_seen:
-  9:             output.append(element)
+  8:         break
+  9:     
  10:     
  11:     return output
  12: 
  13: def duplicates_pre_sorted(arr1, arr2):
--------------------------------------------------------------------------------
[0.16632 s] killed by ts-3-5/test_3-5_0-7_215.py::test_duplicates_linear_with_duplicates

def test_duplicates_linear_with_duplicates():
>       assert duplicates_linear([1, 2, 3], [2, 3, 4, 5]) == [2, 3]
E       AssertionError

ts-3-5/test_3-5_0-7_215.py:20: AssertionError
   - [#  43] ZIL find_duplicates: 
--------------------------------------------------------------------------------
  17:     ptr_2 = 0
  18:     
  19:     while (ptr_1 < len(arr1) and ptr_2 < len(arr2)):
  20:         
- 21:         if arr2[ptr_2] == arr1[ptr_1]:
- 22:             output.append(arr1[ptr_1])
- 23:             ptr_1 += 1
- 24:             ptr_2 += 1
- 25:         elif arr2[ptr_2] > arr1[ptr_1]:
- 26:             ptr_1 += 1
- 27:         else:
- 28:             ptr_2 += 1
+ 21:         break
+ 22:     
+ 23:     
+ 24:     
+ 25:     
+ 26:     
+ 27:     
+ 28:     
  29:     
  30:     return output
  31: 
  32: def duplicates_bin_search(arr1, arr2):
--------------------------------------------------------------------------------
[0.16645 s] killed by ts-3-5/test_3-5_0-7_215.py::test_duplicates_pre_sorted_with_duplicates

def test_duplicates_pre_sorted_with_duplicates():
>       assert duplicates_pre_sorted([1, 2, 3], [2, 3, 4, 5]) == [2, 3]
E       AssertionError

ts-3-5/test_3-5_0-7_215.py:30: AssertionError
   - [#  44] ZIL find_duplicates: 
--------------------------------------------------------------------------------
  41:     
  42:     output = []
  43:     
  44:     for element in arr1:
- 45:         if binary_search(arr2, element) >= 0:
- 46:             output.append(element)
+ 45:         break
+ 46:     
  47:     
  48:     return output
--------------------------------------------------------------------------------
[0.16640 s] killed by ts-3-5/test_3-5_0-7_215.py::test_duplicates_bin_search_with_duplicates

def test_duplicates_bin_search_with_duplicates():
>       assert duplicates_bin_search([1, 2, 3], [2, 3, 4, 5]) == [2, 3]
E       AssertionError

ts-3-5/test_3-5_0-7_215.py:40: AssertionError
[*] Mutation score [8.52200 s]: 88.6%
   - all: 44
   - killed: 39 (88.6%)
   - survived: 5 (11.4%)
   - incompetent: 0 (0.0%)
   - timeout: 0 (0.0%)
