[*] Start mutation process:
   - targets: complement.py
   - tests: ts-3-5/test_3-5_1-0_304.py
[*] 3 tests passed:
   - test_3-5_1-0_304 [0.16890 s]
[*] Start mutants generation and execution:
   - [#   1] COD complement: 
--------------------------------------------------------------------------------
   2:     '''
   3:     Find the non-zero padded binary compelement.
   4: 
   5:     '''
-  6:     if not num:
+  6:     if num:
   7:         return 1
   8:     i = 1
   9:     while i <= num:
  10:         num ^= i
--------------------------------------------------------------------------------
[0.18966 s] killed by ts-3-5/test_3-5_1-0_304.py::test_complement_zero_input

def test_complement_zero_input():
>       assert complement(0) == 1
E       AssertionError

ts-3-5/test_3-5_1-0_304.py:12: AssertionError
   - [#   2] COI complement: 
--------------------------------------------------------------------------------
   2:     '''
   3:     Find the non-zero padded binary compelement.
   4: 
   5:     '''
-  6:     if not num:
+  6:     if not ((not num)):
   7:         return 1
   8:     i = 1
   9:     while i <= num:
  10:         num ^= i
--------------------------------------------------------------------------------
[0.17949 s] killed by ts-3-5/test_3-5_1-0_304.py::test_complement_zero_input

def test_complement_zero_input():
>       assert complement(0) == 1
E       AssertionError

ts-3-5/test_3-5_1-0_304.py:12: AssertionError
   - [#   3] COI complement: 
--------------------------------------------------------------------------------
   5:     '''
   6:     if not num:
   7:         return 1
   8:     i = 1
-  9:     while i <= num:
+  9:     while not (i <= num):
  10:         num ^= i
  11:         i = i << 1
  12:     return num
--------------------------------------------------------------------------------
[0.18541 s] killed by ts-3-5/test_3-5_1-0_304.py::test_complement_positive_input

def test_complement_positive_input():
>       assert complement(2) == 1
E       AssertionError

ts-3-5/test_3-5_1-0_304.py:15: AssertionError
   - [#   4] LOR complement: 
--------------------------------------------------------------------------------
   6:     if not num:
   7:         return 1
   8:     i = 1
   9:     while i <= num:
- 10:         num ^= i
+ 10:         num &= i
  11:         i = i << 1
  12:     return num
--------------------------------------------------------------------------------
[0.18520 s] killed by ts-3-5/test_3-5_1-0_304.py::test_complement_positive_input

def test_complement_positive_input():
>       assert complement(2) == 1
E       AssertionError

ts-3-5/test_3-5_1-0_304.py:15: AssertionError
   - [#   5] LOR complement: 
--------------------------------------------------------------------------------
   7:         return 1
   8:     i = 1
   9:     while i <= num:
  10:         num ^= i
- 11:         i = i << 1
+ 11:         i = i >> 1
  12:     return num
--------------------------------------------------------------------------------
[5.00603 s] timeout
   - [#   6] OIL complement: 
--------------------------------------------------------------------------------
   8:     i = 1
   9:     while i <= num:
  10:         num ^= i
  11:         i = i << 1
- 12:     return num
+ 12:         break
+ 13:     return num
--------------------------------------------------------------------------------
[0.19167 s] killed by ts-3-5/test_3-5_1-0_304.py::test_complement_positive_input

def test_complement_positive_input():
>       assert complement(2) == 1
E       AssertionError

ts-3-5/test_3-5_1-0_304.py:15: AssertionError
   - [#   7] ROR complement: 
--------------------------------------------------------------------------------
   5:     '''
   6:     if not num:
   7:         return 1
   8:     i = 1
-  9:     while i <= num:
+  9:     while i >= num:
  10:         num ^= i
  11:         i = i << 1
  12:     return num
--------------------------------------------------------------------------------
[0.18901 s] killed by ts-3-5/test_3-5_1-0_304.py::test_complement_positive_input

def test_complement_positive_input():
>       assert complement(2) == 1
E       AssertionError

ts-3-5/test_3-5_1-0_304.py:15: AssertionError
   - [#   8] ROR complement: 
--------------------------------------------------------------------------------
   5:     '''
   6:     if not num:
   7:         return 1
   8:     i = 1
-  9:     while i <= num:
+  9:     while i < num:
  10:         num ^= i
  11:         i = i << 1
  12:     return num
--------------------------------------------------------------------------------
[0.20236 s] killed by ts-3-5/test_3-5_1-0_304.py::test_complement_positive_input

def test_complement_positive_input():
        assert complement(2) == 1
        assert complement(5) == 2
>       assert complement(7) == 0
E       AssertionError

ts-3-5/test_3-5_1-0_304.py:17: AssertionError
   - [#   9] SDL complement: 
--------------------------------------------------------------------------------
   3:     Find the non-zero padded binary compelement.
   4: 
   5:     '''
   6:     if not num:
-  7:         return 1
+  7:         pass
   8:     i = 1
   9:     while i <= num:
  10:         num ^= i
  11:         i = i << 1
--------------------------------------------------------------------------------
[0.20125 s] killed by ts-3-5/test_3-5_1-0_304.py::test_complement_zero_input

def test_complement_zero_input():
>       assert complement(0) == 1
E       AssertionError

ts-3-5/test_3-5_1-0_304.py:12: AssertionError
   - [#  10] SDL complement: 
--------------------------------------------------------------------------------
   4: 
   5:     '''
   6:     if not num:
   7:         return 1
-  8:     i = 1
+  8:     pass
   9:     while i <= num:
  10:         num ^= i
  11:         i = i << 1
  12:     return num
--------------------------------------------------------------------------------
[0.19942 s] killed by ts-3-5/test_3-5_1-0_304.py::test_complement_positive_input

def test_complement_positive_input():
>       assert complement(2) == 1

ts-3-5/test_3-5_1-0_304.py:15: 
_ _ _ _ _ _ _ _ _ _ _ _ _ _ _ _ _ _ _ _ _ _ _ _ _ _ _ _ _ _ _ _ _ _ _ _ _ _ _ _ 

num = 2

>   ???
E   UnboundLocalError: local variable 'i' referenced before assignment

complement:9: UnboundLocalError
   - [#  11] SDL complement: 
--------------------------------------------------------------------------------
   7:         return 1
   8:     i = 1
   9:     while i <= num:
  10:         num ^= i
- 11:         i = i << 1
+ 11:         pass
  12:     return num
--------------------------------------------------------------------------------
[5.00612 s] timeout
   - [#  12] SDL complement: 
--------------------------------------------------------------------------------
   8:     i = 1
   9:     while i <= num:
  10:         num ^= i
  11:         i = i << 1
- 12:     return num
+ 12:     pass
--------------------------------------------------------------------------------
[0.19525 s] killed by ts-3-5/test_3-5_1-0_304.py::test_complement_positive_input

def test_complement_positive_input():
>       assert complement(2) == 1
E       AssertionError

ts-3-5/test_3-5_1-0_304.py:15: AssertionError
   - [#  13] ZIL complement: 
--------------------------------------------------------------------------------
   6:     if not num:
   7:         return 1
   8:     i = 1
   9:     while i <= num:
- 10:         num ^= i
- 11:         i = i << 1
+ 10:         break
+ 11:     
  12:     return num
--------------------------------------------------------------------------------
[0.19896 s] killed by ts-3-5/test_3-5_1-0_304.py::test_complement_positive_input

def test_complement_positive_input():
>       assert complement(2) == 1
E       AssertionError

ts-3-5/test_3-5_1-0_304.py:15: AssertionError
[*] Mutation score [12.40951 s]: 100.0%
   - all: 13
   - killed: 11 (84.6%)
   - survived: 0 (0.0%)
   - incompetent: 0 (0.0%)
   - timeout: 2 (15.4%)
