[*] Start mutation process:
   - targets: factorial.py
   - tests: ts-3-5/test_3-5_1-0_330.py
[*] 5 tests passed:
   - test_3-5_1-0_330 [0.13472 s]
[*] Start mutants generation and execution:
   - [#   1] AOR factorial: 
--------------------------------------------------------------------------------
  14:     
  15:     if n <= 0:
  16:         return 0
  17:     
- 18:     return reduce((lambda x, y: (x * y)), range(1, n + 1))
+ 18:     return reduce((lambda x, y: (x / y)), range(1, n + 1))
--------------------------------------------------------------------------------
[0.14471 s] killed by ts-3-5/test_3-5_1-0_330.py::test_factorial_positive

def test_factorial_positive():
>       assert factorial(5) == 120
E       AssertionError

ts-3-5/test_3-5_1-0_330.py:14: AssertionError
   - [#   2] AOR factorial: 
--------------------------------------------------------------------------------
  14:     
  15:     if n <= 0:
  16:         return 0
  17:     
- 18:     return reduce((lambda x, y: (x * y)), range(1, n + 1))
+ 18:     return reduce((lambda x, y: (x // y)), range(1, n + 1))
--------------------------------------------------------------------------------
[0.14835 s] killed by ts-3-5/test_3-5_1-0_330.py::test_factorial_positive

def test_factorial_positive():
>       assert factorial(5) == 120
E       AssertionError

ts-3-5/test_3-5_1-0_330.py:14: AssertionError
   - [#   3] AOR factorial: 
--------------------------------------------------------------------------------
  14:     
  15:     if n <= 0:
  16:         return 0
  17:     
- 18:     return reduce((lambda x, y: (x * y)), range(1, n + 1))
+ 18:     return reduce((lambda x, y: (x ** y)), range(1, n + 1))
--------------------------------------------------------------------------------
[0.15441 s] killed by ts-3-5/test_3-5_1-0_330.py::test_factorial_positive

def test_factorial_positive():
>       assert factorial(5) == 120
E       AssertionError

ts-3-5/test_3-5_1-0_330.py:14: AssertionError
   - [#   4] AOR factorial: 
--------------------------------------------------------------------------------
  14:     
  15:     if n <= 0:
  16:         return 0
  17:     
- 18:     return reduce((lambda x, y: (x * y)), range(1, n + 1))
+ 18:     return reduce((lambda x, y: (x * y)), range(1, n - 1))
--------------------------------------------------------------------------------
[0.14371 s] killed by ts-3-5/test_3-5_1-0_330.py::test_factorial_positive

def test_factorial_positive():
>       assert factorial(5) == 120
E       AssertionError

ts-3-5/test_3-5_1-0_330.py:14: AssertionError
   - [#   5] COI factorial: 
--------------------------------------------------------------------------------
  11:         The factorial number for n (n!).  Input
  12:         of 0 or less will output 0.
  13:     '''
  14:     
- 15:     if n <= 0:
+ 15:     if not (n <= 0):
  16:         return 0
  17:     
  18:     return reduce((lambda x, y: (x * y)), range(1, n + 1))
--------------------------------------------------------------------------------
[0.15097 s] killed by ts-3-5/test_3-5_1-0_330.py::test_factorial_positive

def test_factorial_positive():
>       assert factorial(5) == 120
E       AssertionError

ts-3-5/test_3-5_1-0_330.py:14: AssertionError
   - [#   6] ROR factorial: 
--------------------------------------------------------------------------------
  11:         The factorial number for n (n!).  Input
  12:         of 0 or less will output 0.
  13:     '''
  14:     
- 15:     if n <= 0:
+ 15:     if n >= 0:
  16:         return 0
  17:     
  18:     return reduce((lambda x, y: (x * y)), range(1, n + 1))
--------------------------------------------------------------------------------
[0.15133 s] killed by ts-3-5/test_3-5_1-0_330.py::test_factorial_positive

def test_factorial_positive():
>       assert factorial(5) == 120
E       AssertionError

ts-3-5/test_3-5_1-0_330.py:14: AssertionError
   - [#   7] ROR factorial: 
--------------------------------------------------------------------------------
  11:         The factorial number for n (n!).  Input
  12:         of 0 or less will output 0.
  13:     '''
  14:     
- 15:     if n <= 0:
+ 15:     if n < 0:
  16:         return 0
  17:     
  18:     return reduce((lambda x, y: (x * y)), range(1, n + 1))
--------------------------------------------------------------------------------
[0.14930 s] incompetent

TypeError: factorial:18: TypeError: reduce() of empty iterable with no initial value

   - [#   8] SDL factorial: 
--------------------------------------------------------------------------------
  12:         of 0 or less will output 0.
  13:     '''
  14:     
  15:     if n <= 0:
- 16:         return 0
+ 16:         pass
  17:     
  18:     return reduce((lambda x, y: (x * y)), range(1, n + 1))
--------------------------------------------------------------------------------
[0.14634 s] incompetent

TypeError: factorial:18: TypeError: reduce() of empty iterable with no initial value

   - [#   9] SDL factorial: 
--------------------------------------------------------------------------------
  14:     
  15:     if n <= 0:
  16:         return 0
  17:     
- 18:     return reduce((lambda x, y: (x * y)), range(1, n + 1))
+ 18:     pass
--------------------------------------------------------------------------------
[0.15473 s] killed by ts-3-5/test_3-5_1-0_330.py::test_factorial_positive

def test_factorial_positive():
>       assert factorial(5) == 120
E       AssertionError

ts-3-5/test_3-5_1-0_330.py:14: AssertionError
[*] Mutation score [1.58135 s]: 100.0%
   - all: 9
   - killed: 7 (77.8%)
   - survived: 0 (0.0%)
   - incompetent: 2 (22.2%)
   - timeout: 0 (0.0%)
