<!DOCTYPE html><html lang="en"><head><meta charset="utf-8" /><meta name="viewport" content="width=device-width, initial-scale=1, shrink-to-fit=no" /><link rel="stylesheet" href="https://stackpath.bootstrapcdn.com/bootstrap/4.3.1/css/bootstrap.min.css" integrity="sha384-ggOyR0iXCbMQv3Xipma34MD+dH/1fQ784/j6cY/iJTQUOhcWr7x9JvoRxT2MZw1T" crossorigin="anonymous" /><title>Cosmic Ray Report</title></head><body><div class="container"><h1><p class="text-dark">Cosmic Ray Report</p></h1></div><div class="container"><div class="mb-1" id="summary_info___accordion"><div class="card"><a data-toggle="collapse" data-target="#summary_info___collapse_1" aria-expanded="true" aria-controls="summary_info___collapse_1" href="#"><div class="card-header" id="summary_info___heading_1"><button class="btn btn-outline-dark"><h4 class="m-0">Summary info</h4></button></div></a><div aria-labelledby="summary_info___heading_1" data-parent="#summary_info___accordion" class="collapse show" id="summary_info___collapse_1"><div class="card-body"><p>Date time: 11/10/2024 03:38:09</p><p>Total jobs: 44</p><p>Complete: 44 (100.00%)</p><p>Surviving mutants: 10 (22.73%)</p></div></div></div></div><div class="mb-1" id="job_list___accordion"><div class="card"><a data-toggle="collapse" data-target="#job_list___collapse_1" aria-expanded="false" aria-controls="job_list___collapse_1" href="#"><div class="card-header" id="job_list___heading_1"><button class="btn btn-outline-dark"><h4 class="m-0">Job list</h4></button></div></a><div aria-labelledby="job_list___heading_1" data-parent="#job_list___accordion" class="collapse" id="job_list___collapse_1"><div class="card-body"><div class="text-right mb-1"><div class="mx-1" id="job_item_expand_all"><a href="#" onclick="$('div.job_list___sub_multi_collapse').collapse('show');"><button class="btn btn-outline-dark"><span>Expand All</span></button></a></div><div class="mx-1" id="job_item_collapse_all"><a href="#" onclick="$('div.job_list___sub_multi_collapse').collapse('hide');"><button class="btn btn-outline-dark"><span>Collapse All</span></button></a></div></div><div class="mb-1" id="job_list___sub_accordion_1"><div class="card"><a data-toggle="collapse" data-target="#job_list___sub_collapse_1_1" aria-expanded="false" aria-controls="job_list___sub_collapse_1_1" href="#" class="job_list___sub_multi_heading"><div role="alert" class="card-header alert-success" id="job_list___sub_heading_1_1"><button class="btn btn-outline-success"><span class="job_id">1 : Job ID c92f7d71626d470d9297f6d06166082f</span></button></div></a><div aria-labelledby="job_list___sub_heading_1_1" data-parent="#job_list___sub_accordion_1" class="collapse job_list___sub_multi_collapse" id="job_list___sub_collapse_1_1"><div class="card-body"><div class="work-item"><div class="alert alert-success test-outcome" role="alert"><p>worker outcome: normal</p><p>test outcome: killed</p></div></div><pre class="location"><a href="pycharm://open?file=linked_list1.py&amp;line=19" class="text-secondary"><button class="btn btn-outline-dark">linked_list1.py, start pos: (19, 24), end pos: (19, 26)</button></a></pre><pre>operator: core/ReplaceComparisonOperator_Is_IsNot, occurrence: 0</pre><div class="alert alert-secondary"><pre class="diff">--- mutation diff ---
--- alinked_list1.py
+++ blinked_list1.py
@@ -16,7 +16,7 @@
                 slow_pointer = slow_pointer.next
             if fast_pointer and fast_pointer.next:
                 fast_pointer = fast_pointer.next.next
-        if slow_pointer is None:
+        if slow_pointer is not None:
             return False
         else:
             return True</pre></div><div class="alert alert-secondary"><pre class="diff">============================= test session starts ==============================
platform linux -- Python 3.10.12, pytest-8.3.3, pluggy-1.5.0
rootdir: /home/teste/python_experiments2/linked-list1
collected 53 items

ALL-SMART/test_linked_list1_DYNAMOSA.py F........FFFF                    [ 24%]
ALL-SMART/test_linked_list1_MIO.py FFF............                       [ 52%]
ALL-SMART/test_linked_list1_MOSA.py F..FFFF..F..FFF                      [ 81%]
ALL-SMART/test_linked_list1_WHOLE_SUITE.py ....F...F.                    [100%]

=========================== short test summary info ============================
FAILED ALL-SMART/test_linked_list1_DYNAMOSA.py::test_case_0 - assert True is ...
FAILED ALL-SMART/test_linked_list1_DYNAMOSA.py::test_case_9 - assert True is ...
FAILED ALL-SMART/test_linked_list1_DYNAMOSA.py::test_case_10 - assert True is...
FAILED ALL-SMART/test_linked_list1_DYNAMOSA.py::test_case_11 - assert True is...
FAILED ALL-SMART/test_linked_list1_DYNAMOSA.py::test_case_12 - assert True is...
FAILED ALL-SMART/test_linked_list1_MIO.py::test_case_0 - assert True is False
FAILED ALL-SMART/test_linked_list1_MIO.py::test_case_1 - assert False is True
FAILED ALL-SMART/test_linked_list1_MIO.py::test_case_2 - assert False is True
FAILED ALL-SMART/test_linked_list1_MOSA.py::test_case_0 - assert True is False
FAILED ALL-SMART/test_linked_list1_MOSA.py::test_case_3 - assert True is False
FAILED ALL-SMART/test_linked_list1_MOSA.py::test_case_4 - assert True is False
FAILED ALL-SMART/test_linked_list1_MOSA.py::test_case_5 - assert True is False
FAILED ALL-SMART/test_linked_list1_MOSA.py::test_case_6 - assert True is False
FAILED ALL-SMART/test_linked_list1_MOSA.py::test_case_9 - assert False is True
FAILED ALL-SMART/test_linked_list1_MOSA.py::test_case_12 - assert False is True
FAILED ALL-SMART/test_linked_list1_MOSA.py::test_case_13 - assert False is True
FAILED ALL-SMART/test_linked_list1_MOSA.py::test_case_14 - assert False is True
FAILED ALL-SMART/test_linked_list1_WHOLE_SUITE.py::test_case_4 - assert False...
FAILED ALL-SMART/test_linked_list1_WHOLE_SUITE.py::test_case_8 - assert True ...
======================== 19 failed, 34 passed in 0.18s =========================
</pre></div></div></div></div></div><div class="mb-1" id="job_list___sub_accordion_2"><div class="card"><a data-toggle="collapse" data-target="#job_list___sub_collapse_2_1" aria-expanded="false" aria-controls="job_list___sub_collapse_2_1" href="#" class="job_list___sub_multi_heading"><div role="alert" class="card-header alert-success" id="job_list___sub_heading_2_1"><button class="btn btn-outline-success"><span class="job_id">2 : Job ID 3e3e32d153ec4ba2a8b87006e680aa0c</span></button></div></a><div aria-labelledby="job_list___sub_heading_2_1" data-parent="#job_list___sub_accordion_2" class="collapse job_list___sub_multi_collapse" id="job_list___sub_collapse_2_1"><div class="card-body"><div class="work-item"><div class="alert alert-success test-outcome" role="alert"><p>worker outcome: normal</p><p>test outcome: killed</p></div></div><pre class="location"><a href="pycharm://open?file=linked_list1.py&amp;line=36" class="text-secondary"><button class="btn btn-outline-dark">linked_list1.py, start pos: (36, 24), end pos: (36, 26)</button></a></pre><pre>operator: core/ReplaceComparisonOperator_Is_IsNot, occurrence: 1</pre><div class="alert alert-secondary"><pre class="diff">--- mutation diff ---
--- alinked_list1.py
+++ blinked_list1.py
@@ -33,7 +33,7 @@
                 slow_pointer = slow_pointer.next
             if fast_pointer and fast_pointer.next:
                 fast_pointer = fast_pointer.next.next
-        if slow_pointer is None:
+        if slow_pointer is not None:
             return None
         # reset slow pointer
         slow_pointer = self</pre></div><div class="alert alert-secondary"><pre class="diff">============================= test session starts ==============================
platform linux -- Python 3.10.12, pytest-8.3.3, pluggy-1.5.0
rootdir: /home/teste/python_experiments2/linked-list1
collected 53 items

ALL-SMART/test_linked_list1_DYNAMOSA.py .......F...FF                    [ 24%]
ALL-SMART/test_linked_list1_MIO.py ..F.F..........                       [ 52%]
ALL-SMART/test_linked_list1_MOSA.py ..FF....FF....F                      [ 81%]
ALL-SMART/test_linked_list1_WHOLE_SUITE.py ...FFF..F.                    [100%]

=========================== short test summary info ============================
FAILED ALL-SMART/test_linked_list1_DYNAMOSA.py::test_case_7 - AttributeError:...
FAILED ALL-SMART/test_linked_list1_DYNAMOSA.py::test_case_11 - AttributeError...
FAILED ALL-SMART/test_linked_list1_DYNAMOSA.py::test_case_12 - AttributeError...
FAILED ALL-SMART/test_linked_list1_MIO.py::test_case_2 - AttributeError: 'Non...
FAILED ALL-SMART/test_linked_list1_MIO.py::test_case_4 - AttributeError: 'Non...
FAILED ALL-SMART/test_linked_list1_MOSA.py::test_case_2 - AttributeError: 'No...
FAILED ALL-SMART/test_linked_list1_MOSA.py::test_case_3 - AttributeError: 'No...
FAILED ALL-SMART/test_linked_list1_MOSA.py::test_case_8 - AttributeError: 'No...
FAILED ALL-SMART/test_linked_list1_MOSA.py::test_case_9 - AttributeError: 'No...
FAILED ALL-SMART/test_linked_list1_MOSA.py::test_case_14 - AttributeError: 'N...
FAILED ALL-SMART/test_linked_list1_WHOLE_SUITE.py::test_case_3 - AttributeErr...
FAILED ALL-SMART/test_linked_list1_WHOLE_SUITE.py::test_case_4 - AttributeErr...
FAILED ALL-SMART/test_linked_list1_WHOLE_SUITE.py::test_case_5 - AttributeErr...
FAILED ALL-SMART/test_linked_list1_WHOLE_SUITE.py::test_case_8 - AttributeErr...
======================== 14 failed, 39 passed in 0.18s =========================
</pre></div></div></div></div></div><div class="mb-1" id="job_list___sub_accordion_3"><div class="card"><a data-toggle="collapse" data-target="#job_list___sub_collapse_3_1" aria-expanded="false" aria-controls="job_list___sub_collapse_3_1" href="#" class="job_list___sub_multi_heading"><div role="alert" class="card-header alert-success" id="job_list___sub_heading_3_1"><button class="btn btn-outline-success"><span class="job_id">3 : Job ID b24fd809cbe74f5c98dee0135ce0ed89</span></button></div></a><div aria-labelledby="job_list___sub_heading_3_1" data-parent="#job_list___sub_accordion_3" class="collapse job_list___sub_multi_collapse" id="job_list___sub_collapse_3_1"><div class="card-body"><div class="work-item"><div class="alert alert-success test-outcome" role="alert"><p>worker outcome: normal</p><p>test outcome: killed</p></div></div><pre class="location"><a href="pycharm://open?file=linked_list1.py&amp;line=14" class="text-secondary"><button class="btn btn-outline-dark">linked_list1.py, start pos: (14, 27), end pos: (14, 33)</button></a></pre><pre>operator: core/ReplaceComparisonOperator_IsNot_Eq, occurrence: 0</pre><div class="alert alert-secondary"><pre class="diff">--- mutation diff ---
--- alinked_list1.py
+++ blinked_list1.py
@@ -11,7 +11,7 @@
         slow_pointer = self.next        
         fast_pointer = self.next.next
 
-        while slow_pointer is not fast_pointer:
+        while slow_pointer == fast_pointer:
             if slow_pointer:
                 slow_pointer = slow_pointer.next
             if fast_pointer and fast_pointer.next:</pre></div><div class="alert alert-secondary"><pre class="diff">============================= test session starts ==============================
platform linux -- Python 3.10.12, pytest-8.3.3, pluggy-1.5.0
rootdir: /home/teste/python_experiments2/linked-list1
collected 53 items

ALL-SMART/test_linked_list1_DYNAMOSA.py F........FFFF                    [ 24%]
ALL-SMART/test_linked_list1_MIO.py F..............                       [ 52%]
ALL-SMART/test_linked_list1_MOSA.py F..FFFF......F.                      [ 81%]
ALL-SMART/test_linked_list1_WHOLE_SUITE.py ........F.                    [100%]

=========================== short test summary info ============================
FAILED ALL-SMART/test_linked_list1_DYNAMOSA.py::test_case_0 - assert True is ...
FAILED ALL-SMART/test_linked_list1_DYNAMOSA.py::test_case_9 - assert True is ...
FAILED ALL-SMART/test_linked_list1_DYNAMOSA.py::test_case_10 - assert True is...
FAILED ALL-SMART/test_linked_list1_DYNAMOSA.py::test_case_11 - assert True is...
FAILED ALL-SMART/test_linked_list1_DYNAMOSA.py::test_case_12 - assert True is...
FAILED ALL-SMART/test_linked_list1_MIO.py::test_case_0 - assert True is False
FAILED ALL-SMART/test_linked_list1_MOSA.py::test_case_0 - assert True is False
FAILED ALL-SMART/test_linked_list1_MOSA.py::test_case_3 - assert True is False
FAILED ALL-SMART/test_linked_list1_MOSA.py::test_case_4 - assert True is False
FAILED ALL-SMART/test_linked_list1_MOSA.py::test_case_5 - assert True is False
FAILED ALL-SMART/test_linked_list1_MOSA.py::test_case_6 - assert True is False
FAILED ALL-SMART/test_linked_list1_MOSA.py::test_case_13 - assert True is False
FAILED ALL-SMART/test_linked_list1_WHOLE_SUITE.py::test_case_8 - assert True ...
======================== 13 failed, 40 passed in 0.18s =========================
</pre></div></div></div></div></div><div class="mb-1" id="job_list___sub_accordion_4"><div class="card"><a data-toggle="collapse" data-target="#job_list___sub_collapse_4_1" aria-expanded="false" aria-controls="job_list___sub_collapse_4_1" href="#" class="job_list___sub_multi_heading"><div role="alert" class="card-header alert-success" id="job_list___sub_heading_4_1"><button class="btn btn-outline-success"><span class="job_id">4 : Job ID de3bca0d7d9d4dc3b6d67002e9b815d1</span></button></div></a><div aria-labelledby="job_list___sub_heading_4_1" data-parent="#job_list___sub_accordion_4" class="collapse job_list___sub_multi_collapse" id="job_list___sub_collapse_4_1"><div class="card-body"><div class="work-item"><div class="alert alert-success test-outcome" role="alert"><p>worker outcome: normal</p><p>test outcome: killed</p></div></div><pre class="location"><a href="pycharm://open?file=linked_list1.py&amp;line=31" class="text-secondary"><button class="btn btn-outline-dark">linked_list1.py, start pos: (31, 27), end pos: (31, 33)</button></a></pre><pre>operator: core/ReplaceComparisonOperator_IsNot_Eq, occurrence: 1</pre><div class="alert alert-secondary"><pre class="diff">--- mutation diff ---
--- alinked_list1.py
+++ blinked_list1.py
@@ -28,7 +28,7 @@
         slow_pointer = self.next
         fast_pointer = self.next.next
 
-        while slow_pointer is not fast_pointer:
+        while slow_pointer == fast_pointer:
             if slow_pointer:
                 slow_pointer = slow_pointer.next
             if fast_pointer and fast_pointer.next:</pre></div><div class="alert alert-secondary"><pre class="diff">============================= test session starts ==============================
platform linux -- Python 3.10.12, pytest-8.3.3, pluggy-1.5.0
rootdir: /home/teste/python_experiments2/linked-list1
collected 53 items

ALL-SMART/test_linked_list1_DYNAMOSA.py .......F...FF                    [ 24%]
ALL-SMART/test_linked_list1_MIO.py ..F.F..........                       [ 52%]
ALL-SMART/test_linked_list1_MOSA.py ..FF....FF....F                      [ 81%]
ALL-SMART/test_linked_list1_WHOLE_SUITE.py ...FFF..F.                    [100%]

=========================== short test summary info ============================
FAILED ALL-SMART/test_linked_list1_DYNAMOSA.py::test_case_7 - AttributeError:...
FAILED ALL-SMART/test_linked_list1_DYNAMOSA.py::test_case_11 - AttributeError...
FAILED ALL-SMART/test_linked_list1_DYNAMOSA.py::test_case_12 - AttributeError...
FAILED ALL-SMART/test_linked_list1_MIO.py::test_case_2 - AttributeError: 'Non...
FAILED ALL-SMART/test_linked_list1_MIO.py::test_case_4 - AttributeError: 'Non...
FAILED ALL-SMART/test_linked_list1_MOSA.py::test_case_2 - AttributeError: 'No...
FAILED ALL-SMART/test_linked_list1_MOSA.py::test_case_3 - AttributeError: 'No...
FAILED ALL-SMART/test_linked_list1_MOSA.py::test_case_8 - AttributeError: 'No...
FAILED ALL-SMART/test_linked_list1_MOSA.py::test_case_9 - AttributeError: 'No...
FAILED ALL-SMART/test_linked_list1_MOSA.py::test_case_14 - AttributeError: 'N...
FAILED ALL-SMART/test_linked_list1_WHOLE_SUITE.py::test_case_3 - AttributeErr...
FAILED ALL-SMART/test_linked_list1_WHOLE_SUITE.py::test_case_4 - AttributeErr...
FAILED ALL-SMART/test_linked_list1_WHOLE_SUITE.py::test_case_5 - AttributeErr...
FAILED ALL-SMART/test_linked_list1_WHOLE_SUITE.py::test_case_8 - AttributeErr...
======================== 14 failed, 39 passed in 0.18s =========================
</pre></div></div></div></div></div><div class="mb-1" id="job_list___sub_accordion_5"><div class="card"><a data-toggle="collapse" data-target="#job_list___sub_collapse_5_1" aria-expanded="false" aria-controls="job_list___sub_collapse_5_1" href="#" class="job_list___sub_multi_heading"><div role="alert" class="card-header alert-danger" id="job_list___sub_heading_5_1"><button class="btn btn-outline-danger"><span class="job_id">5 : Job ID b2bb81b86afc41449afde71c041a556e</span></button></div></a><div aria-labelledby="job_list___sub_heading_5_1" data-parent="#job_list___sub_accordion_5" class="collapse job_list___sub_multi_collapse" id="job_list___sub_collapse_5_1"><div class="card-body"><div class="work-item"><div class="alert alert-danger test-outcome" role="alert"><p>SURVIVED</p><p>worker outcome: normal</p><p>test outcome: survived</p></div></div><pre class="location"><a href="pycharm://open?file=linked_list1.py&amp;line=41" class="text-secondary"><button class="btn btn-outline-dark">linked_list1.py, start pos: (41, 27), end pos: (41, 33)</button></a></pre><pre>operator: core/ReplaceComparisonOperator_IsNot_Eq, occurrence: 2</pre><div class="alert alert-secondary"><pre class="diff">--- mutation diff ---
--- alinked_list1.py
+++ blinked_list1.py
@@ -38,7 +38,7 @@
         # reset slow pointer
         slow_pointer = self
         # move the pointers again at same speed, will meet at start
-        while slow_pointer is not fast_pointer:
+        while slow_pointer == fast_pointer:
             # print(slow_pointer.val, fast_pointer.val)
             slow_pointer = slow_pointer.next
             fast_pointer = fast_pointer.next</pre></div><div class="alert alert-secondary"><pre class="diff">============================= test session starts ==============================
platform linux -- Python 3.10.12, pytest-8.3.3, pluggy-1.5.0
rootdir: /home/teste/python_experiments2/linked-list1
collected 53 items

ALL-SMART/test_linked_list1_DYNAMOSA.py .............                    [ 24%]
ALL-SMART/test_linked_list1_MIO.py ...............                       [ 52%]
ALL-SMART/test_linked_list1_MOSA.py ...............                      [ 81%]
ALL-SMART/test_linked_list1_WHOLE_SUITE.py ..........                    [100%]

============================== 53 passed in 0.17s ==============================
</pre></div></div></div></div></div><div class="mb-1" id="job_list___sub_accordion_6"><div class="card"><a data-toggle="collapse" data-target="#job_list___sub_collapse_6_1" aria-expanded="false" aria-controls="job_list___sub_collapse_6_1" href="#" class="job_list___sub_multi_heading"><div role="alert" class="card-header alert-danger" id="job_list___sub_heading_6_1"><button class="btn btn-outline-danger"><span class="job_id">6 : Job ID 8638d725e6064aa49594cc841d8e394a</span></button></div></a><div aria-labelledby="job_list___sub_heading_6_1" data-parent="#job_list___sub_accordion_6" class="collapse job_list___sub_multi_collapse" id="job_list___sub_collapse_6_1"><div class="card-body"><div class="work-item"><div class="alert alert-danger test-outcome" role="alert"><p>SURVIVED</p><p>worker outcome: normal</p><p>test outcome: survived</p></div></div><pre class="location"><a href="pycharm://open?file=linked_list1.py&amp;line=14" class="text-secondary"><button class="btn btn-outline-dark">linked_list1.py, start pos: (14, 27), end pos: (14, 33)</button></a></pre><pre>operator: core/ReplaceComparisonOperator_IsNot_NotEq, occurrence: 0</pre><div class="alert alert-secondary"><pre class="diff">--- mutation diff ---
--- alinked_list1.py
+++ blinked_list1.py
@@ -11,7 +11,7 @@
         slow_pointer = self.next        
         fast_pointer = self.next.next
 
-        while slow_pointer is not fast_pointer:
+        while slow_pointer != fast_pointer:
             if slow_pointer:
                 slow_pointer = slow_pointer.next
             if fast_pointer and fast_pointer.next:</pre></div><div class="alert alert-secondary"><pre class="diff">============================= test session starts ==============================
platform linux -- Python 3.10.12, pytest-8.3.3, pluggy-1.5.0
rootdir: /home/teste/python_experiments2/linked-list1
collected 53 items

ALL-SMART/test_linked_list1_DYNAMOSA.py .............                    [ 24%]
ALL-SMART/test_linked_list1_MIO.py ...............                       [ 52%]
ALL-SMART/test_linked_list1_MOSA.py ...............                      [ 81%]
ALL-SMART/test_linked_list1_WHOLE_SUITE.py ..........                    [100%]

============================== 53 passed in 0.17s ==============================
</pre></div></div></div></div></div><div class="mb-1" id="job_list___sub_accordion_7"><div class="card"><a data-toggle="collapse" data-target="#job_list___sub_collapse_7_1" aria-expanded="false" aria-controls="job_list___sub_collapse_7_1" href="#" class="job_list___sub_multi_heading"><div role="alert" class="card-header alert-danger" id="job_list___sub_heading_7_1"><button class="btn btn-outline-danger"><span class="job_id">7 : Job ID b9f8ba19dc74413eb72fab396390b299</span></button></div></a><div aria-labelledby="job_list___sub_heading_7_1" data-parent="#job_list___sub_accordion_7" class="collapse job_list___sub_multi_collapse" id="job_list___sub_collapse_7_1"><div class="card-body"><div class="work-item"><div class="alert alert-danger test-outcome" role="alert"><p>SURVIVED</p><p>worker outcome: normal</p><p>test outcome: survived</p></div></div><pre class="location"><a href="pycharm://open?file=linked_list1.py&amp;line=31" class="text-secondary"><button class="btn btn-outline-dark">linked_list1.py, start pos: (31, 27), end pos: (31, 33)</button></a></pre><pre>operator: core/ReplaceComparisonOperator_IsNot_NotEq, occurrence: 1</pre><div class="alert alert-secondary"><pre class="diff">--- mutation diff ---
--- alinked_list1.py
+++ blinked_list1.py
@@ -28,7 +28,7 @@
         slow_pointer = self.next
         fast_pointer = self.next.next
 
-        while slow_pointer is not fast_pointer:
+        while slow_pointer != fast_pointer:
             if slow_pointer:
                 slow_pointer = slow_pointer.next
             if fast_pointer and fast_pointer.next:</pre></div><div class="alert alert-secondary"><pre class="diff">============================= test session starts ==============================
platform linux -- Python 3.10.12, pytest-8.3.3, pluggy-1.5.0
rootdir: /home/teste/python_experiments2/linked-list1
collected 53 items

ALL-SMART/test_linked_list1_DYNAMOSA.py .............                    [ 24%]
ALL-SMART/test_linked_list1_MIO.py ...............                       [ 52%]
ALL-SMART/test_linked_list1_MOSA.py ...............                      [ 81%]
ALL-SMART/test_linked_list1_WHOLE_SUITE.py ..........                    [100%]

============================== 53 passed in 0.18s ==============================
</pre></div></div></div></div></div><div class="mb-1" id="job_list___sub_accordion_8"><div class="card"><a data-toggle="collapse" data-target="#job_list___sub_collapse_8_1" aria-expanded="false" aria-controls="job_list___sub_collapse_8_1" href="#" class="job_list___sub_multi_heading"><div role="alert" class="card-header alert-danger" id="job_list___sub_heading_8_1"><button class="btn btn-outline-danger"><span class="job_id">8 : Job ID f59269c546884995b4077d5ddad0a776</span></button></div></a><div aria-labelledby="job_list___sub_heading_8_1" data-parent="#job_list___sub_accordion_8" class="collapse job_list___sub_multi_collapse" id="job_list___sub_collapse_8_1"><div class="card-body"><div class="work-item"><div class="alert alert-danger test-outcome" role="alert"><p>SURVIVED</p><p>worker outcome: normal</p><p>test outcome: survived</p></div></div><pre class="location"><a href="pycharm://open?file=linked_list1.py&amp;line=41" class="text-secondary"><button class="btn btn-outline-dark">linked_list1.py, start pos: (41, 27), end pos: (41, 33)</button></a></pre><pre>operator: core/ReplaceComparisonOperator_IsNot_NotEq, occurrence: 2</pre><div class="alert alert-secondary"><pre class="diff">--- mutation diff ---
--- alinked_list1.py
+++ blinked_list1.py
@@ -38,7 +38,7 @@
         # reset slow pointer
         slow_pointer = self
         # move the pointers again at same speed, will meet at start
-        while slow_pointer is not fast_pointer:
+        while slow_pointer != fast_pointer:
             # print(slow_pointer.val, fast_pointer.val)
             slow_pointer = slow_pointer.next
             fast_pointer = fast_pointer.next</pre></div><div class="alert alert-secondary"><pre class="diff">============================= test session starts ==============================
platform linux -- Python 3.10.12, pytest-8.3.3, pluggy-1.5.0
rootdir: /home/teste/python_experiments2/linked-list1
collected 53 items

ALL-SMART/test_linked_list1_DYNAMOSA.py .............                    [ 24%]
ALL-SMART/test_linked_list1_MIO.py ...............                       [ 52%]
ALL-SMART/test_linked_list1_MOSA.py ...............                      [ 81%]
ALL-SMART/test_linked_list1_WHOLE_SUITE.py ..........                    [100%]

============================== 53 passed in 0.18s ==============================
</pre></div></div></div></div></div><div class="mb-1" id="job_list___sub_accordion_9"><div class="card"><a data-toggle="collapse" data-target="#job_list___sub_collapse_9_1" aria-expanded="false" aria-controls="job_list___sub_collapse_9_1" href="#" class="job_list___sub_multi_heading"><div role="alert" class="card-header alert-success" id="job_list___sub_heading_9_1"><button class="btn btn-outline-success"><span class="job_id">9 : Job ID 6086af8903f64496901801c38bd90a58</span></button></div></a><div aria-labelledby="job_list___sub_heading_9_1" data-parent="#job_list___sub_accordion_9" class="collapse job_list___sub_multi_collapse" id="job_list___sub_collapse_9_1"><div class="card-body"><div class="work-item"><div class="alert alert-success test-outcome" role="alert"><p>worker outcome: normal</p><p>test outcome: killed</p></div></div><pre class="location"><a href="pycharm://open?file=linked_list1.py&amp;line=14" class="text-secondary"><button class="btn btn-outline-dark">linked_list1.py, start pos: (14, 27), end pos: (14, 33)</button></a></pre><pre>operator: core/ReplaceComparisonOperator_IsNot_Lt, occurrence: 0</pre><div class="alert alert-secondary"><pre class="diff">--- mutation diff ---
--- alinked_list1.py
+++ blinked_list1.py
@@ -11,7 +11,7 @@
         slow_pointer = self.next        
         fast_pointer = self.next.next
 
-        while slow_pointer is not fast_pointer:
+        while slow_pointer &lt; fast_pointer:
             if slow_pointer:
                 slow_pointer = slow_pointer.next
             if fast_pointer and fast_pointer.next:</pre></div><div class="alert alert-secondary"><pre class="diff">============================= test session starts ==============================
platform linux -- Python 3.10.12, pytest-8.3.3, pluggy-1.5.0
rootdir: /home/teste/python_experiments2/linked-list1
collected 53 items

ALL-SMART/test_linked_list1_DYNAMOSA.py F........FFFF                    [ 24%]
ALL-SMART/test_linked_list1_MIO.py FFF............                       [ 52%]
ALL-SMART/test_linked_list1_MOSA.py F..FFFF..F..FFF                      [ 81%]
ALL-SMART/test_linked_list1_WHOLE_SUITE.py ....F...F.                    [100%]

=========================== short test summary info ============================
FAILED ALL-SMART/test_linked_list1_DYNAMOSA.py::test_case_0 - TypeError: '&lt;' ...
FAILED ALL-SMART/test_linked_list1_DYNAMOSA.py::test_case_9 - TypeError: '&lt;' ...
FAILED ALL-SMART/test_linked_list1_DYNAMOSA.py::test_case_10 - TypeError: '&lt;'...
FAILED ALL-SMART/test_linked_list1_DYNAMOSA.py::test_case_11 - TypeError: '&lt;'...
FAILED ALL-SMART/test_linked_list1_DYNAMOSA.py::test_case_12 - TypeError: '&lt;'...
FAILED ALL-SMART/test_linked_list1_MIO.py::test_case_0 - TypeError: '&lt;' not s...
FAILED ALL-SMART/test_linked_list1_MIO.py::test_case_1 - TypeError: '&lt;' not s...
FAILED ALL-SMART/test_linked_list1_MIO.py::test_case_2 - TypeError: '&lt;' not s...
FAILED ALL-SMART/test_linked_list1_MOSA.py::test_case_0 - TypeError: '&lt;' not ...
FAILED ALL-SMART/test_linked_list1_MOSA.py::test_case_3 - TypeError: '&lt;' not ...
FAILED ALL-SMART/test_linked_list1_MOSA.py::test_case_4 - TypeError: '&lt;' not ...
FAILED ALL-SMART/test_linked_list1_MOSA.py::test_case_5 - TypeError: '&lt;' not ...
FAILED ALL-SMART/test_linked_list1_MOSA.py::test_case_6 - TypeError: '&lt;' not ...
FAILED ALL-SMART/test_linked_list1_MOSA.py::test_case_9 - TypeError: '&lt;' not ...
FAILED ALL-SMART/test_linked_list1_MOSA.py::test_case_12 - TypeError: '&lt;' not...
FAILED ALL-SMART/test_linked_list1_MOSA.py::test_case_13 - TypeError: '&lt;' not...
FAILED ALL-SMART/test_linked_list1_MOSA.py::test_case_14 - TypeError: '&lt;' not...
FAILED ALL-SMART/test_linked_list1_WHOLE_SUITE.py::test_case_4 - TypeError: '...
FAILED ALL-SMART/test_linked_list1_WHOLE_SUITE.py::test_case_8 - TypeError: '...
======================== 19 failed, 34 passed in 0.19s =========================
</pre></div></div></div></div></div><div class="mb-1" id="job_list___sub_accordion_10"><div class="card"><a data-toggle="collapse" data-target="#job_list___sub_collapse_10_1" aria-expanded="false" aria-controls="job_list___sub_collapse_10_1" href="#" class="job_list___sub_multi_heading"><div role="alert" class="card-header alert-success" id="job_list___sub_heading_10_1"><button class="btn btn-outline-success"><span class="job_id">10 : Job ID 01f98e8f91e246fb9b1bef593fdff37a</span></button></div></a><div aria-labelledby="job_list___sub_heading_10_1" data-parent="#job_list___sub_accordion_10" class="collapse job_list___sub_multi_collapse" id="job_list___sub_collapse_10_1"><div class="card-body"><div class="work-item"><div class="alert alert-success test-outcome" role="alert"><p>worker outcome: normal</p><p>test outcome: killed</p></div></div><pre class="location"><a href="pycharm://open?file=linked_list1.py&amp;line=31" class="text-secondary"><button class="btn btn-outline-dark">linked_list1.py, start pos: (31, 27), end pos: (31, 33)</button></a></pre><pre>operator: core/ReplaceComparisonOperator_IsNot_Lt, occurrence: 1</pre><div class="alert alert-secondary"><pre class="diff">--- mutation diff ---
--- alinked_list1.py
+++ blinked_list1.py
@@ -28,7 +28,7 @@
         slow_pointer = self.next
         fast_pointer = self.next.next
 
-        while slow_pointer is not fast_pointer:
+        while slow_pointer &lt; fast_pointer:
             if slow_pointer:
                 slow_pointer = slow_pointer.next
             if fast_pointer and fast_pointer.next:</pre></div><div class="alert alert-secondary"><pre class="diff">============================= test session starts ==============================
platform linux -- Python 3.10.12, pytest-8.3.3, pluggy-1.5.0
rootdir: /home/teste/python_experiments2/linked-list1
collected 53 items

ALL-SMART/test_linked_list1_DYNAMOSA.py .......F...FF                    [ 24%]
ALL-SMART/test_linked_list1_MIO.py ..F.F..........                       [ 52%]
ALL-SMART/test_linked_list1_MOSA.py ..FF....FF....F                      [ 81%]
ALL-SMART/test_linked_list1_WHOLE_SUITE.py ...FFF..F.                    [100%]

=========================== short test summary info ============================
FAILED ALL-SMART/test_linked_list1_DYNAMOSA.py::test_case_7 - TypeError: '&lt;' ...
FAILED ALL-SMART/test_linked_list1_DYNAMOSA.py::test_case_11 - TypeError: '&lt;'...
FAILED ALL-SMART/test_linked_list1_DYNAMOSA.py::test_case_12 - TypeError: '&lt;'...
FAILED ALL-SMART/test_linked_list1_MIO.py::test_case_2 - TypeError: '&lt;' not s...
FAILED ALL-SMART/test_linked_list1_MIO.py::test_case_4 - TypeError: '&lt;' not s...
FAILED ALL-SMART/test_linked_list1_MOSA.py::test_case_2 - TypeError: '&lt;' not ...
FAILED ALL-SMART/test_linked_list1_MOSA.py::test_case_3 - TypeError: '&lt;' not ...
FAILED ALL-SMART/test_linked_list1_MOSA.py::test_case_8 - TypeError: '&lt;' not ...
FAILED ALL-SMART/test_linked_list1_MOSA.py::test_case_9 - TypeError: '&lt;' not ...
FAILED ALL-SMART/test_linked_list1_MOSA.py::test_case_14 - TypeError: '&lt;' not...
FAILED ALL-SMART/test_linked_list1_WHOLE_SUITE.py::test_case_3 - TypeError: '...
FAILED ALL-SMART/test_linked_list1_WHOLE_SUITE.py::test_case_4 - TypeError: '...
FAILED ALL-SMART/test_linked_list1_WHOLE_SUITE.py::test_case_5 - TypeError: '...
FAILED ALL-SMART/test_linked_list1_WHOLE_SUITE.py::test_case_8 - TypeError: '...
======================== 14 failed, 39 passed in 0.18s =========================
</pre></div></div></div></div></div><div class="mb-1" id="job_list___sub_accordion_11"><div class="card"><a data-toggle="collapse" data-target="#job_list___sub_collapse_11_1" aria-expanded="false" aria-controls="job_list___sub_collapse_11_1" href="#" class="job_list___sub_multi_heading"><div role="alert" class="card-header alert-danger" id="job_list___sub_heading_11_1"><button class="btn btn-outline-danger"><span class="job_id">11 : Job ID 032bc072344b4801816dafe8090ea1d9</span></button></div></a><div aria-labelledby="job_list___sub_heading_11_1" data-parent="#job_list___sub_accordion_11" class="collapse job_list___sub_multi_collapse" id="job_list___sub_collapse_11_1"><div class="card-body"><div class="work-item"><div class="alert alert-danger test-outcome" role="alert"><p>SURVIVED</p><p>worker outcome: normal</p><p>test outcome: survived</p></div></div><pre class="location"><a href="pycharm://open?file=linked_list1.py&amp;line=41" class="text-secondary"><button class="btn btn-outline-dark">linked_list1.py, start pos: (41, 27), end pos: (41, 33)</button></a></pre><pre>operator: core/ReplaceComparisonOperator_IsNot_Lt, occurrence: 2</pre><div class="alert alert-secondary"><pre class="diff">--- mutation diff ---
--- alinked_list1.py
+++ blinked_list1.py
@@ -38,7 +38,7 @@
         # reset slow pointer
         slow_pointer = self
         # move the pointers again at same speed, will meet at start
-        while slow_pointer is not fast_pointer:
+        while slow_pointer &lt; fast_pointer:
             # print(slow_pointer.val, fast_pointer.val)
             slow_pointer = slow_pointer.next
             fast_pointer = fast_pointer.next</pre></div><div class="alert alert-secondary"><pre class="diff">============================= test session starts ==============================
platform linux -- Python 3.10.12, pytest-8.3.3, pluggy-1.5.0
rootdir: /home/teste/python_experiments2/linked-list1
collected 53 items

ALL-SMART/test_linked_list1_DYNAMOSA.py .............                    [ 24%]
ALL-SMART/test_linked_list1_MIO.py ...............                       [ 52%]
ALL-SMART/test_linked_list1_MOSA.py ...............                      [ 81%]
ALL-SMART/test_linked_list1_WHOLE_SUITE.py ..........                    [100%]

============================== 53 passed in 0.17s ==============================
</pre></div></div></div></div></div><div class="mb-1" id="job_list___sub_accordion_12"><div class="card"><a data-toggle="collapse" data-target="#job_list___sub_collapse_12_1" aria-expanded="false" aria-controls="job_list___sub_collapse_12_1" href="#" class="job_list___sub_multi_heading"><div role="alert" class="card-header alert-success" id="job_list___sub_heading_12_1"><button class="btn btn-outline-success"><span class="job_id">12 : Job ID 0d6b5649d34545ad99906d0659a9448f</span></button></div></a><div aria-labelledby="job_list___sub_heading_12_1" data-parent="#job_list___sub_accordion_12" class="collapse job_list___sub_multi_collapse" id="job_list___sub_collapse_12_1"><div class="card-body"><div class="work-item"><div class="alert alert-success test-outcome" role="alert"><p>worker outcome: normal</p><p>test outcome: killed</p></div></div><pre class="location"><a href="pycharm://open?file=linked_list1.py&amp;line=14" class="text-secondary"><button class="btn btn-outline-dark">linked_list1.py, start pos: (14, 27), end pos: (14, 33)</button></a></pre><pre>operator: core/ReplaceComparisonOperator_IsNot_LtE, occurrence: 0</pre><div class="alert alert-secondary"><pre class="diff">--- mutation diff ---
--- alinked_list1.py
+++ blinked_list1.py
@@ -11,7 +11,7 @@
         slow_pointer = self.next        
         fast_pointer = self.next.next
 
-        while slow_pointer is not fast_pointer:
+        while slow_pointer &lt;= fast_pointer:
             if slow_pointer:
                 slow_pointer = slow_pointer.next
             if fast_pointer and fast_pointer.next:</pre></div><div class="alert alert-secondary"><pre class="diff">============================= test session starts ==============================
platform linux -- Python 3.10.12, pytest-8.3.3, pluggy-1.5.0
rootdir: /home/teste/python_experiments2/linked-list1
collected 53 items

ALL-SMART/test_linked_list1_DYNAMOSA.py F........FFFF                    [ 24%]
ALL-SMART/test_linked_list1_MIO.py FFF............                       [ 52%]
ALL-SMART/test_linked_list1_MOSA.py F..FFFF..F..FFF                      [ 81%]
ALL-SMART/test_linked_list1_WHOLE_SUITE.py ....F...F.                    [100%]

=========================== short test summary info ============================
FAILED ALL-SMART/test_linked_list1_DYNAMOSA.py::test_case_0 - TypeError: '&lt;='...
FAILED ALL-SMART/test_linked_list1_DYNAMOSA.py::test_case_9 - TypeError: '&lt;='...
FAILED ALL-SMART/test_linked_list1_DYNAMOSA.py::test_case_10 - TypeError: '&lt;=...
FAILED ALL-SMART/test_linked_list1_DYNAMOSA.py::test_case_11 - TypeError: '&lt;=...
FAILED ALL-SMART/test_linked_list1_DYNAMOSA.py::test_case_12 - TypeError: '&lt;=...
FAILED ALL-SMART/test_linked_list1_MIO.py::test_case_0 - TypeError: '&lt;=' not ...
FAILED ALL-SMART/test_linked_list1_MIO.py::test_case_1 - TypeError: '&lt;=' not ...
FAILED ALL-SMART/test_linked_list1_MIO.py::test_case_2 - TypeError: '&lt;=' not ...
FAILED ALL-SMART/test_linked_list1_MOSA.py::test_case_0 - TypeError: '&lt;=' not...
FAILED ALL-SMART/test_linked_list1_MOSA.py::test_case_3 - TypeError: '&lt;=' not...
FAILED ALL-SMART/test_linked_list1_MOSA.py::test_case_4 - TypeError: '&lt;=' not...
FAILED ALL-SMART/test_linked_list1_MOSA.py::test_case_5 - TypeError: '&lt;=' not...
FAILED ALL-SMART/test_linked_list1_MOSA.py::test_case_6 - TypeError: '&lt;=' not...
FAILED ALL-SMART/test_linked_list1_MOSA.py::test_case_9 - TypeError: '&lt;=' not...
FAILED ALL-SMART/test_linked_list1_MOSA.py::test_case_12 - TypeError: '&lt;=' no...
FAILED ALL-SMART/test_linked_list1_MOSA.py::test_case_13 - TypeError: '&lt;=' no...
FAILED ALL-SMART/test_linked_list1_MOSA.py::test_case_14 - TypeError: '&lt;=' no...
FAILED ALL-SMART/test_linked_list1_WHOLE_SUITE.py::test_case_4 - TypeError: '...
FAILED ALL-SMART/test_linked_list1_WHOLE_SUITE.py::test_case_8 - TypeError: '...
======================== 19 failed, 34 passed in 0.18s =========================
</pre></div></div></div></div></div><div class="mb-1" id="job_list___sub_accordion_13"><div class="card"><a data-toggle="collapse" data-target="#job_list___sub_collapse_13_1" aria-expanded="false" aria-controls="job_list___sub_collapse_13_1" href="#" class="job_list___sub_multi_heading"><div role="alert" class="card-header alert-success" id="job_list___sub_heading_13_1"><button class="btn btn-outline-success"><span class="job_id">13 : Job ID deeba36e4be5432189daf57b391e0a6e</span></button></div></a><div aria-labelledby="job_list___sub_heading_13_1" data-parent="#job_list___sub_accordion_13" class="collapse job_list___sub_multi_collapse" id="job_list___sub_collapse_13_1"><div class="card-body"><div class="work-item"><div class="alert alert-success test-outcome" role="alert"><p>worker outcome: normal</p><p>test outcome: killed</p></div></div><pre class="location"><a href="pycharm://open?file=linked_list1.py&amp;line=31" class="text-secondary"><button class="btn btn-outline-dark">linked_list1.py, start pos: (31, 27), end pos: (31, 33)</button></a></pre><pre>operator: core/ReplaceComparisonOperator_IsNot_LtE, occurrence: 1</pre><div class="alert alert-secondary"><pre class="diff">--- mutation diff ---
--- alinked_list1.py
+++ blinked_list1.py
@@ -28,7 +28,7 @@
         slow_pointer = self.next
         fast_pointer = self.next.next
 
-        while slow_pointer is not fast_pointer:
+        while slow_pointer &lt;= fast_pointer:
             if slow_pointer:
                 slow_pointer = slow_pointer.next
             if fast_pointer and fast_pointer.next:</pre></div><div class="alert alert-secondary"><pre class="diff">============================= test session starts ==============================
platform linux -- Python 3.10.12, pytest-8.3.3, pluggy-1.5.0
rootdir: /home/teste/python_experiments2/linked-list1
collected 53 items

ALL-SMART/test_linked_list1_DYNAMOSA.py .......F...FF                    [ 24%]
ALL-SMART/test_linked_list1_MIO.py ..F.F..........                       [ 52%]
ALL-SMART/test_linked_list1_MOSA.py ..FF....FF....F                      [ 81%]
ALL-SMART/test_linked_list1_WHOLE_SUITE.py ...FFF..F.                    [100%]

=========================== short test summary info ============================
FAILED ALL-SMART/test_linked_list1_DYNAMOSA.py::test_case_7 - TypeError: '&lt;='...
FAILED ALL-SMART/test_linked_list1_DYNAMOSA.py::test_case_11 - TypeError: '&lt;=...
FAILED ALL-SMART/test_linked_list1_DYNAMOSA.py::test_case_12 - TypeError: '&lt;=...
FAILED ALL-SMART/test_linked_list1_MIO.py::test_case_2 - TypeError: '&lt;=' not ...
FAILED ALL-SMART/test_linked_list1_MIO.py::test_case_4 - TypeError: '&lt;=' not ...
FAILED ALL-SMART/test_linked_list1_MOSA.py::test_case_2 - TypeError: '&lt;=' not...
FAILED ALL-SMART/test_linked_list1_MOSA.py::test_case_3 - TypeError: '&lt;=' not...
FAILED ALL-SMART/test_linked_list1_MOSA.py::test_case_8 - TypeError: '&lt;=' not...
FAILED ALL-SMART/test_linked_list1_MOSA.py::test_case_9 - TypeError: '&lt;=' not...
FAILED ALL-SMART/test_linked_list1_MOSA.py::test_case_14 - TypeError: '&lt;=' no...
FAILED ALL-SMART/test_linked_list1_WHOLE_SUITE.py::test_case_3 - TypeError: '...
FAILED ALL-SMART/test_linked_list1_WHOLE_SUITE.py::test_case_4 - TypeError: '...
FAILED ALL-SMART/test_linked_list1_WHOLE_SUITE.py::test_case_5 - TypeError: '...
FAILED ALL-SMART/test_linked_list1_WHOLE_SUITE.py::test_case_8 - TypeError: '...
======================== 14 failed, 39 passed in 0.19s =========================
</pre></div></div></div></div></div><div class="mb-1" id="job_list___sub_accordion_14"><div class="card"><a data-toggle="collapse" data-target="#job_list___sub_collapse_14_1" aria-expanded="false" aria-controls="job_list___sub_collapse_14_1" href="#" class="job_list___sub_multi_heading"><div role="alert" class="card-header alert-danger" id="job_list___sub_heading_14_1"><button class="btn btn-outline-danger"><span class="job_id">14 : Job ID 9ccbd3fd39c844839effb7b6ef6f93ec</span></button></div></a><div aria-labelledby="job_list___sub_heading_14_1" data-parent="#job_list___sub_accordion_14" class="collapse job_list___sub_multi_collapse" id="job_list___sub_collapse_14_1"><div class="card-body"><div class="work-item"><div class="alert alert-danger test-outcome" role="alert"><p>SURVIVED</p><p>worker outcome: normal</p><p>test outcome: survived</p></div></div><pre class="location"><a href="pycharm://open?file=linked_list1.py&amp;line=41" class="text-secondary"><button class="btn btn-outline-dark">linked_list1.py, start pos: (41, 27), end pos: (41, 33)</button></a></pre><pre>operator: core/ReplaceComparisonOperator_IsNot_LtE, occurrence: 2</pre><div class="alert alert-secondary"><pre class="diff">--- mutation diff ---
--- alinked_list1.py
+++ blinked_list1.py
@@ -38,7 +38,7 @@
         # reset slow pointer
         slow_pointer = self
         # move the pointers again at same speed, will meet at start
-        while slow_pointer is not fast_pointer:
+        while slow_pointer &lt;= fast_pointer:
             # print(slow_pointer.val, fast_pointer.val)
             slow_pointer = slow_pointer.next
             fast_pointer = fast_pointer.next</pre></div><div class="alert alert-secondary"><pre class="diff">============================= test session starts ==============================
platform linux -- Python 3.10.12, pytest-8.3.3, pluggy-1.5.0
rootdir: /home/teste/python_experiments2/linked-list1
collected 53 items

ALL-SMART/test_linked_list1_DYNAMOSA.py .............                    [ 24%]
ALL-SMART/test_linked_list1_MIO.py ...............                       [ 52%]
ALL-SMART/test_linked_list1_MOSA.py ...............                      [ 81%]
ALL-SMART/test_linked_list1_WHOLE_SUITE.py ..........                    [100%]

============================== 53 passed in 0.17s ==============================
</pre></div></div></div></div></div><div class="mb-1" id="job_list___sub_accordion_15"><div class="card"><a data-toggle="collapse" data-target="#job_list___sub_collapse_15_1" aria-expanded="false" aria-controls="job_list___sub_collapse_15_1" href="#" class="job_list___sub_multi_heading"><div role="alert" class="card-header alert-success" id="job_list___sub_heading_15_1"><button class="btn btn-outline-success"><span class="job_id">15 : Job ID e25822dd63e8488287032039cae7da86</span></button></div></a><div aria-labelledby="job_list___sub_heading_15_1" data-parent="#job_list___sub_accordion_15" class="collapse job_list___sub_multi_collapse" id="job_list___sub_collapse_15_1"><div class="card-body"><div class="work-item"><div class="alert alert-success test-outcome" role="alert"><p>worker outcome: normal</p><p>test outcome: killed</p></div></div><pre class="location"><a href="pycharm://open?file=linked_list1.py&amp;line=14" class="text-secondary"><button class="btn btn-outline-dark">linked_list1.py, start pos: (14, 27), end pos: (14, 33)</button></a></pre><pre>operator: core/ReplaceComparisonOperator_IsNot_Gt, occurrence: 0</pre><div class="alert alert-secondary"><pre class="diff">--- mutation diff ---
--- alinked_list1.py
+++ blinked_list1.py
@@ -11,7 +11,7 @@
         slow_pointer = self.next        
         fast_pointer = self.next.next
 
-        while slow_pointer is not fast_pointer:
+        while slow_pointer &gt; fast_pointer:
             if slow_pointer:
                 slow_pointer = slow_pointer.next
             if fast_pointer and fast_pointer.next:</pre></div><div class="alert alert-secondary"><pre class="diff">============================= test session starts ==============================
platform linux -- Python 3.10.12, pytest-8.3.3, pluggy-1.5.0
rootdir: /home/teste/python_experiments2/linked-list1
collected 53 items

ALL-SMART/test_linked_list1_DYNAMOSA.py F........FFFF                    [ 24%]
ALL-SMART/test_linked_list1_MIO.py FFF............                       [ 52%]
ALL-SMART/test_linked_list1_MOSA.py F..FFFF..F..FFF                      [ 81%]
ALL-SMART/test_linked_list1_WHOLE_SUITE.py ....F...F.                    [100%]

=========================== short test summary info ============================
FAILED ALL-SMART/test_linked_list1_DYNAMOSA.py::test_case_0 - TypeError: '&gt;' ...
FAILED ALL-SMART/test_linked_list1_DYNAMOSA.py::test_case_9 - TypeError: '&gt;' ...
FAILED ALL-SMART/test_linked_list1_DYNAMOSA.py::test_case_10 - TypeError: '&gt;'...
FAILED ALL-SMART/test_linked_list1_DYNAMOSA.py::test_case_11 - TypeError: '&gt;'...
FAILED ALL-SMART/test_linked_list1_DYNAMOSA.py::test_case_12 - TypeError: '&gt;'...
FAILED ALL-SMART/test_linked_list1_MIO.py::test_case_0 - TypeError: '&gt;' not s...
FAILED ALL-SMART/test_linked_list1_MIO.py::test_case_1 - TypeError: '&gt;' not s...
FAILED ALL-SMART/test_linked_list1_MIO.py::test_case_2 - TypeError: '&gt;' not s...
FAILED ALL-SMART/test_linked_list1_MOSA.py::test_case_0 - TypeError: '&gt;' not ...
FAILED ALL-SMART/test_linked_list1_MOSA.py::test_case_3 - TypeError: '&gt;' not ...
FAILED ALL-SMART/test_linked_list1_MOSA.py::test_case_4 - TypeError: '&gt;' not ...
FAILED ALL-SMART/test_linked_list1_MOSA.py::test_case_5 - TypeError: '&gt;' not ...
FAILED ALL-SMART/test_linked_list1_MOSA.py::test_case_6 - TypeError: '&gt;' not ...
FAILED ALL-SMART/test_linked_list1_MOSA.py::test_case_9 - TypeError: '&gt;' not ...
FAILED ALL-SMART/test_linked_list1_MOSA.py::test_case_12 - TypeError: '&gt;' not...
FAILED ALL-SMART/test_linked_list1_MOSA.py::test_case_13 - TypeError: '&gt;' not...
FAILED ALL-SMART/test_linked_list1_MOSA.py::test_case_14 - TypeError: '&gt;' not...
FAILED ALL-SMART/test_linked_list1_WHOLE_SUITE.py::test_case_4 - TypeError: '...
FAILED ALL-SMART/test_linked_list1_WHOLE_SUITE.py::test_case_8 - TypeError: '...
======================== 19 failed, 34 passed in 0.18s =========================
</pre></div></div></div></div></div><div class="mb-1" id="job_list___sub_accordion_16"><div class="card"><a data-toggle="collapse" data-target="#job_list___sub_collapse_16_1" aria-expanded="false" aria-controls="job_list___sub_collapse_16_1" href="#" class="job_list___sub_multi_heading"><div role="alert" class="card-header alert-success" id="job_list___sub_heading_16_1"><button class="btn btn-outline-success"><span class="job_id">16 : Job ID 595645670cb94b29851a5a94818a6663</span></button></div></a><div aria-labelledby="job_list___sub_heading_16_1" data-parent="#job_list___sub_accordion_16" class="collapse job_list___sub_multi_collapse" id="job_list___sub_collapse_16_1"><div class="card-body"><div class="work-item"><div class="alert alert-success test-outcome" role="alert"><p>worker outcome: normal</p><p>test outcome: killed</p></div></div><pre class="location"><a href="pycharm://open?file=linked_list1.py&amp;line=31" class="text-secondary"><button class="btn btn-outline-dark">linked_list1.py, start pos: (31, 27), end pos: (31, 33)</button></a></pre><pre>operator: core/ReplaceComparisonOperator_IsNot_Gt, occurrence: 1</pre><div class="alert alert-secondary"><pre class="diff">--- mutation diff ---
--- alinked_list1.py
+++ blinked_list1.py
@@ -28,7 +28,7 @@
         slow_pointer = self.next
         fast_pointer = self.next.next
 
-        while slow_pointer is not fast_pointer:
+        while slow_pointer &gt; fast_pointer:
             if slow_pointer:
                 slow_pointer = slow_pointer.next
             if fast_pointer and fast_pointer.next:</pre></div><div class="alert alert-secondary"><pre class="diff">============================= test session starts ==============================
platform linux -- Python 3.10.12, pytest-8.3.3, pluggy-1.5.0
rootdir: /home/teste/python_experiments2/linked-list1
collected 53 items

ALL-SMART/test_linked_list1_DYNAMOSA.py .......F...FF                    [ 24%]
ALL-SMART/test_linked_list1_MIO.py ..F.F..........                       [ 52%]
ALL-SMART/test_linked_list1_MOSA.py ..FF....FF....F                      [ 81%]
ALL-SMART/test_linked_list1_WHOLE_SUITE.py ...FFF..F.                    [100%]

=========================== short test summary info ============================
FAILED ALL-SMART/test_linked_list1_DYNAMOSA.py::test_case_7 - TypeError: '&gt;' ...
FAILED ALL-SMART/test_linked_list1_DYNAMOSA.py::test_case_11 - TypeError: '&gt;'...
FAILED ALL-SMART/test_linked_list1_DYNAMOSA.py::test_case_12 - TypeError: '&gt;'...
FAILED ALL-SMART/test_linked_list1_MIO.py::test_case_2 - TypeError: '&gt;' not s...
FAILED ALL-SMART/test_linked_list1_MIO.py::test_case_4 - TypeError: '&gt;' not s...
FAILED ALL-SMART/test_linked_list1_MOSA.py::test_case_2 - TypeError: '&gt;' not ...
FAILED ALL-SMART/test_linked_list1_MOSA.py::test_case_3 - TypeError: '&gt;' not ...
FAILED ALL-SMART/test_linked_list1_MOSA.py::test_case_8 - TypeError: '&gt;' not ...
FAILED ALL-SMART/test_linked_list1_MOSA.py::test_case_9 - TypeError: '&gt;' not ...
FAILED ALL-SMART/test_linked_list1_MOSA.py::test_case_14 - TypeError: '&gt;' not...
FAILED ALL-SMART/test_linked_list1_WHOLE_SUITE.py::test_case_3 - TypeError: '...
FAILED ALL-SMART/test_linked_list1_WHOLE_SUITE.py::test_case_4 - TypeError: '...
FAILED ALL-SMART/test_linked_list1_WHOLE_SUITE.py::test_case_5 - TypeError: '...
FAILED ALL-SMART/test_linked_list1_WHOLE_SUITE.py::test_case_8 - TypeError: '...
======================== 14 failed, 39 passed in 0.18s =========================
</pre></div></div></div></div></div><div class="mb-1" id="job_list___sub_accordion_17"><div class="card"><a data-toggle="collapse" data-target="#job_list___sub_collapse_17_1" aria-expanded="false" aria-controls="job_list___sub_collapse_17_1" href="#" class="job_list___sub_multi_heading"><div role="alert" class="card-header alert-danger" id="job_list___sub_heading_17_1"><button class="btn btn-outline-danger"><span class="job_id">17 : Job ID 57d5265880244706a91fdefbd886465d</span></button></div></a><div aria-labelledby="job_list___sub_heading_17_1" data-parent="#job_list___sub_accordion_17" class="collapse job_list___sub_multi_collapse" id="job_list___sub_collapse_17_1"><div class="card-body"><div class="work-item"><div class="alert alert-danger test-outcome" role="alert"><p>SURVIVED</p><p>worker outcome: normal</p><p>test outcome: survived</p></div></div><pre class="location"><a href="pycharm://open?file=linked_list1.py&amp;line=41" class="text-secondary"><button class="btn btn-outline-dark">linked_list1.py, start pos: (41, 27), end pos: (41, 33)</button></a></pre><pre>operator: core/ReplaceComparisonOperator_IsNot_Gt, occurrence: 2</pre><div class="alert alert-secondary"><pre class="diff">--- mutation diff ---
--- alinked_list1.py
+++ blinked_list1.py
@@ -38,7 +38,7 @@
         # reset slow pointer
         slow_pointer = self
         # move the pointers again at same speed, will meet at start
-        while slow_pointer is not fast_pointer:
+        while slow_pointer &gt; fast_pointer:
             # print(slow_pointer.val, fast_pointer.val)
             slow_pointer = slow_pointer.next
             fast_pointer = fast_pointer.next</pre></div><div class="alert alert-secondary"><pre class="diff">============================= test session starts ==============================
platform linux -- Python 3.10.12, pytest-8.3.3, pluggy-1.5.0
rootdir: /home/teste/python_experiments2/linked-list1
collected 53 items

ALL-SMART/test_linked_list1_DYNAMOSA.py .............                    [ 24%]
ALL-SMART/test_linked_list1_MIO.py ...............                       [ 52%]
ALL-SMART/test_linked_list1_MOSA.py ...............                      [ 81%]
ALL-SMART/test_linked_list1_WHOLE_SUITE.py ..........                    [100%]

============================== 53 passed in 0.17s ==============================
</pre></div></div></div></div></div><div class="mb-1" id="job_list___sub_accordion_18"><div class="card"><a data-toggle="collapse" data-target="#job_list___sub_collapse_18_1" aria-expanded="false" aria-controls="job_list___sub_collapse_18_1" href="#" class="job_list___sub_multi_heading"><div role="alert" class="card-header alert-success" id="job_list___sub_heading_18_1"><button class="btn btn-outline-success"><span class="job_id">18 : Job ID dfe36c90460345a0936ccbf3ba215e0a</span></button></div></a><div aria-labelledby="job_list___sub_heading_18_1" data-parent="#job_list___sub_accordion_18" class="collapse job_list___sub_multi_collapse" id="job_list___sub_collapse_18_1"><div class="card-body"><div class="work-item"><div class="alert alert-success test-outcome" role="alert"><p>worker outcome: normal</p><p>test outcome: killed</p></div></div><pre class="location"><a href="pycharm://open?file=linked_list1.py&amp;line=14" class="text-secondary"><button class="btn btn-outline-dark">linked_list1.py, start pos: (14, 27), end pos: (14, 33)</button></a></pre><pre>operator: core/ReplaceComparisonOperator_IsNot_GtE, occurrence: 0</pre><div class="alert alert-secondary"><pre class="diff">--- mutation diff ---
--- alinked_list1.py
+++ blinked_list1.py
@@ -11,7 +11,7 @@
         slow_pointer = self.next        
         fast_pointer = self.next.next
 
-        while slow_pointer is not fast_pointer:
+        while slow_pointer &gt;= fast_pointer:
             if slow_pointer:
                 slow_pointer = slow_pointer.next
             if fast_pointer and fast_pointer.next:</pre></div><div class="alert alert-secondary"><pre class="diff">============================= test session starts ==============================
platform linux -- Python 3.10.12, pytest-8.3.3, pluggy-1.5.0
rootdir: /home/teste/python_experiments2/linked-list1
collected 53 items

ALL-SMART/test_linked_list1_DYNAMOSA.py F........FFFF                    [ 24%]
ALL-SMART/test_linked_list1_MIO.py FFF............                       [ 52%]
ALL-SMART/test_linked_list1_MOSA.py F..FFFF..F..FFF                      [ 81%]
ALL-SMART/test_linked_list1_WHOLE_SUITE.py ....F...F.                    [100%]

=========================== short test summary info ============================
FAILED ALL-SMART/test_linked_list1_DYNAMOSA.py::test_case_0 - TypeError: '&gt;='...
FAILED ALL-SMART/test_linked_list1_DYNAMOSA.py::test_case_9 - TypeError: '&gt;='...
FAILED ALL-SMART/test_linked_list1_DYNAMOSA.py::test_case_10 - TypeError: '&gt;=...
FAILED ALL-SMART/test_linked_list1_DYNAMOSA.py::test_case_11 - TypeError: '&gt;=...
FAILED ALL-SMART/test_linked_list1_DYNAMOSA.py::test_case_12 - TypeError: '&gt;=...
FAILED ALL-SMART/test_linked_list1_MIO.py::test_case_0 - TypeError: '&gt;=' not ...
FAILED ALL-SMART/test_linked_list1_MIO.py::test_case_1 - TypeError: '&gt;=' not ...
FAILED ALL-SMART/test_linked_list1_MIO.py::test_case_2 - TypeError: '&gt;=' not ...
FAILED ALL-SMART/test_linked_list1_MOSA.py::test_case_0 - TypeError: '&gt;=' not...
FAILED ALL-SMART/test_linked_list1_MOSA.py::test_case_3 - TypeError: '&gt;=' not...
FAILED ALL-SMART/test_linked_list1_MOSA.py::test_case_4 - TypeError: '&gt;=' not...
FAILED ALL-SMART/test_linked_list1_MOSA.py::test_case_5 - TypeError: '&gt;=' not...
FAILED ALL-SMART/test_linked_list1_MOSA.py::test_case_6 - TypeError: '&gt;=' not...
FAILED ALL-SMART/test_linked_list1_MOSA.py::test_case_9 - TypeError: '&gt;=' not...
FAILED ALL-SMART/test_linked_list1_MOSA.py::test_case_12 - TypeError: '&gt;=' no...
FAILED ALL-SMART/test_linked_list1_MOSA.py::test_case_13 - TypeError: '&gt;=' no...
FAILED ALL-SMART/test_linked_list1_MOSA.py::test_case_14 - TypeError: '&gt;=' no...
FAILED ALL-SMART/test_linked_list1_WHOLE_SUITE.py::test_case_4 - TypeError: '...
FAILED ALL-SMART/test_linked_list1_WHOLE_SUITE.py::test_case_8 - TypeError: '...
======================== 19 failed, 34 passed in 0.18s =========================
</pre></div></div></div></div></div><div class="mb-1" id="job_list___sub_accordion_19"><div class="card"><a data-toggle="collapse" data-target="#job_list___sub_collapse_19_1" aria-expanded="false" aria-controls="job_list___sub_collapse_19_1" href="#" class="job_list___sub_multi_heading"><div role="alert" class="card-header alert-success" id="job_list___sub_heading_19_1"><button class="btn btn-outline-success"><span class="job_id">19 : Job ID 796c19832cc64ed1b5b40a01f8174739</span></button></div></a><div aria-labelledby="job_list___sub_heading_19_1" data-parent="#job_list___sub_accordion_19" class="collapse job_list___sub_multi_collapse" id="job_list___sub_collapse_19_1"><div class="card-body"><div class="work-item"><div class="alert alert-success test-outcome" role="alert"><p>worker outcome: normal</p><p>test outcome: killed</p></div></div><pre class="location"><a href="pycharm://open?file=linked_list1.py&amp;line=31" class="text-secondary"><button class="btn btn-outline-dark">linked_list1.py, start pos: (31, 27), end pos: (31, 33)</button></a></pre><pre>operator: core/ReplaceComparisonOperator_IsNot_GtE, occurrence: 1</pre><div class="alert alert-secondary"><pre class="diff">--- mutation diff ---
--- alinked_list1.py
+++ blinked_list1.py
@@ -28,7 +28,7 @@
         slow_pointer = self.next
         fast_pointer = self.next.next
 
-        while slow_pointer is not fast_pointer:
+        while slow_pointer &gt;= fast_pointer:
             if slow_pointer:
                 slow_pointer = slow_pointer.next
             if fast_pointer and fast_pointer.next:</pre></div><div class="alert alert-secondary"><pre class="diff">============================= test session starts ==============================
platform linux -- Python 3.10.12, pytest-8.3.3, pluggy-1.5.0
rootdir: /home/teste/python_experiments2/linked-list1
collected 53 items

ALL-SMART/test_linked_list1_DYNAMOSA.py .......F...FF                    [ 24%]
ALL-SMART/test_linked_list1_MIO.py ..F.F..........                       [ 52%]
ALL-SMART/test_linked_list1_MOSA.py ..FF....FF....F                      [ 81%]
ALL-SMART/test_linked_list1_WHOLE_SUITE.py ...FFF..F.                    [100%]

=========================== short test summary info ============================
FAILED ALL-SMART/test_linked_list1_DYNAMOSA.py::test_case_7 - TypeError: '&gt;='...
FAILED ALL-SMART/test_linked_list1_DYNAMOSA.py::test_case_11 - TypeError: '&gt;=...
FAILED ALL-SMART/test_linked_list1_DYNAMOSA.py::test_case_12 - TypeError: '&gt;=...
FAILED ALL-SMART/test_linked_list1_MIO.py::test_case_2 - TypeError: '&gt;=' not ...
FAILED ALL-SMART/test_linked_list1_MIO.py::test_case_4 - TypeError: '&gt;=' not ...
FAILED ALL-SMART/test_linked_list1_MOSA.py::test_case_2 - TypeError: '&gt;=' not...
FAILED ALL-SMART/test_linked_list1_MOSA.py::test_case_3 - TypeError: '&gt;=' not...
FAILED ALL-SMART/test_linked_list1_MOSA.py::test_case_8 - TypeError: '&gt;=' not...
FAILED ALL-SMART/test_linked_list1_MOSA.py::test_case_9 - TypeError: '&gt;=' not...
FAILED ALL-SMART/test_linked_list1_MOSA.py::test_case_14 - TypeError: '&gt;=' no...
FAILED ALL-SMART/test_linked_list1_WHOLE_SUITE.py::test_case_3 - TypeError: '...
FAILED ALL-SMART/test_linked_list1_WHOLE_SUITE.py::test_case_4 - TypeError: '...
FAILED ALL-SMART/test_linked_list1_WHOLE_SUITE.py::test_case_5 - TypeError: '...
FAILED ALL-SMART/test_linked_list1_WHOLE_SUITE.py::test_case_8 - TypeError: '...
======================== 14 failed, 39 passed in 0.18s =========================
</pre></div></div></div></div></div><div class="mb-1" id="job_list___sub_accordion_20"><div class="card"><a data-toggle="collapse" data-target="#job_list___sub_collapse_20_1" aria-expanded="false" aria-controls="job_list___sub_collapse_20_1" href="#" class="job_list___sub_multi_heading"><div role="alert" class="card-header alert-danger" id="job_list___sub_heading_20_1"><button class="btn btn-outline-danger"><span class="job_id">20 : Job ID 0e9375ceb3624d7b9eaf022fc55433ff</span></button></div></a><div aria-labelledby="job_list___sub_heading_20_1" data-parent="#job_list___sub_accordion_20" class="collapse job_list___sub_multi_collapse" id="job_list___sub_collapse_20_1"><div class="card-body"><div class="work-item"><div class="alert alert-danger test-outcome" role="alert"><p>SURVIVED</p><p>worker outcome: normal</p><p>test outcome: survived</p></div></div><pre class="location"><a href="pycharm://open?file=linked_list1.py&amp;line=41" class="text-secondary"><button class="btn btn-outline-dark">linked_list1.py, start pos: (41, 27), end pos: (41, 33)</button></a></pre><pre>operator: core/ReplaceComparisonOperator_IsNot_GtE, occurrence: 2</pre><div class="alert alert-secondary"><pre class="diff">--- mutation diff ---
--- alinked_list1.py
+++ blinked_list1.py
@@ -38,7 +38,7 @@
         # reset slow pointer
         slow_pointer = self
         # move the pointers again at same speed, will meet at start
-        while slow_pointer is not fast_pointer:
+        while slow_pointer &gt;= fast_pointer:
             # print(slow_pointer.val, fast_pointer.val)
             slow_pointer = slow_pointer.next
             fast_pointer = fast_pointer.next</pre></div><div class="alert alert-secondary"><pre class="diff">============================= test session starts ==============================
platform linux -- Python 3.10.12, pytest-8.3.3, pluggy-1.5.0
rootdir: /home/teste/python_experiments2/linked-list1
collected 53 items

ALL-SMART/test_linked_list1_DYNAMOSA.py .............                    [ 24%]
ALL-SMART/test_linked_list1_MIO.py ...............                       [ 52%]
ALL-SMART/test_linked_list1_MOSA.py ...............                      [ 81%]
ALL-SMART/test_linked_list1_WHOLE_SUITE.py ..........                    [100%]

============================== 53 passed in 0.18s ==============================
</pre></div></div></div></div></div><div class="mb-1" id="job_list___sub_accordion_21"><div class="card"><a data-toggle="collapse" data-target="#job_list___sub_collapse_21_1" aria-expanded="false" aria-controls="job_list___sub_collapse_21_1" href="#" class="job_list___sub_multi_heading"><div role="alert" class="card-header alert-success" id="job_list___sub_heading_21_1"><button class="btn btn-outline-success"><span class="job_id">21 : Job ID 57ede68d0be64cae94069c25835fdca3</span></button></div></a><div aria-labelledby="job_list___sub_heading_21_1" data-parent="#job_list___sub_accordion_21" class="collapse job_list___sub_multi_collapse" id="job_list___sub_collapse_21_1"><div class="card-body"><div class="work-item"><div class="alert alert-success test-outcome" role="alert"><p>worker outcome: normal</p><p>test outcome: killed</p></div></div><pre class="location"><a href="pycharm://open?file=linked_list1.py&amp;line=14" class="text-secondary"><button class="btn btn-outline-dark">linked_list1.py, start pos: (14, 27), end pos: (14, 33)</button></a></pre><pre>operator: core/ReplaceComparisonOperator_IsNot_Is, occurrence: 0</pre><div class="alert alert-secondary"><pre class="diff">--- mutation diff ---
--- alinked_list1.py
+++ blinked_list1.py
@@ -11,7 +11,7 @@
         slow_pointer = self.next        
         fast_pointer = self.next.next
 
-        while slow_pointer is not fast_pointer:
+        while slow_pointer is fast_pointer:
             if slow_pointer:
                 slow_pointer = slow_pointer.next
             if fast_pointer and fast_pointer.next:</pre></div><div class="alert alert-secondary"><pre class="diff">============================= test session starts ==============================
platform linux -- Python 3.10.12, pytest-8.3.3, pluggy-1.5.0
rootdir: /home/teste/python_experiments2/linked-list1
collected 53 items

ALL-SMART/test_linked_list1_DYNAMOSA.py F........FFFF                    [ 24%]
ALL-SMART/test_linked_list1_MIO.py F..............                       [ 52%]
ALL-SMART/test_linked_list1_MOSA.py F..FFFF......F.                      [ 81%]
ALL-SMART/test_linked_list1_WHOLE_SUITE.py ........F.                    [100%]

=========================== short test summary info ============================
FAILED ALL-SMART/test_linked_list1_DYNAMOSA.py::test_case_0 - assert True is ...
FAILED ALL-SMART/test_linked_list1_DYNAMOSA.py::test_case_9 - assert True is ...
FAILED ALL-SMART/test_linked_list1_DYNAMOSA.py::test_case_10 - assert True is...
FAILED ALL-SMART/test_linked_list1_DYNAMOSA.py::test_case_11 - assert True is...
FAILED ALL-SMART/test_linked_list1_DYNAMOSA.py::test_case_12 - assert True is...
FAILED ALL-SMART/test_linked_list1_MIO.py::test_case_0 - assert True is False
FAILED ALL-SMART/test_linked_list1_MOSA.py::test_case_0 - assert True is False
FAILED ALL-SMART/test_linked_list1_MOSA.py::test_case_3 - assert True is False
FAILED ALL-SMART/test_linked_list1_MOSA.py::test_case_4 - assert True is False
FAILED ALL-SMART/test_linked_list1_MOSA.py::test_case_5 - assert True is False
FAILED ALL-SMART/test_linked_list1_MOSA.py::test_case_6 - assert True is False
FAILED ALL-SMART/test_linked_list1_MOSA.py::test_case_13 - assert True is False
FAILED ALL-SMART/test_linked_list1_WHOLE_SUITE.py::test_case_8 - assert True ...
======================== 13 failed, 40 passed in 0.19s =========================
</pre></div></div></div></div></div><div class="mb-1" id="job_list___sub_accordion_22"><div class="card"><a data-toggle="collapse" data-target="#job_list___sub_collapse_22_1" aria-expanded="false" aria-controls="job_list___sub_collapse_22_1" href="#" class="job_list___sub_multi_heading"><div role="alert" class="card-header alert-success" id="job_list___sub_heading_22_1"><button class="btn btn-outline-success"><span class="job_id">22 : Job ID 9df783f80f974b1f91e600992fb820d1</span></button></div></a><div aria-labelledby="job_list___sub_heading_22_1" data-parent="#job_list___sub_accordion_22" class="collapse job_list___sub_multi_collapse" id="job_list___sub_collapse_22_1"><div class="card-body"><div class="work-item"><div class="alert alert-success test-outcome" role="alert"><p>worker outcome: normal</p><p>test outcome: killed</p></div></div><pre class="location"><a href="pycharm://open?file=linked_list1.py&amp;line=31" class="text-secondary"><button class="btn btn-outline-dark">linked_list1.py, start pos: (31, 27), end pos: (31, 33)</button></a></pre><pre>operator: core/ReplaceComparisonOperator_IsNot_Is, occurrence: 1</pre><div class="alert alert-secondary"><pre class="diff">--- mutation diff ---
--- alinked_list1.py
+++ blinked_list1.py
@@ -28,7 +28,7 @@
         slow_pointer = self.next
         fast_pointer = self.next.next
 
-        while slow_pointer is not fast_pointer:
+        while slow_pointer is fast_pointer:
             if slow_pointer:
                 slow_pointer = slow_pointer.next
             if fast_pointer and fast_pointer.next:</pre></div><div class="alert alert-secondary"><pre class="diff">============================= test session starts ==============================
platform linux -- Python 3.10.12, pytest-8.3.3, pluggy-1.5.0
rootdir: /home/teste/python_experiments2/linked-list1
collected 53 items

ALL-SMART/test_linked_list1_DYNAMOSA.py .......F...FF                    [ 24%]
ALL-SMART/test_linked_list1_MIO.py ..F.F..........                       [ 52%]
ALL-SMART/test_linked_list1_MOSA.py ..FF....FF....F                      [ 81%]
ALL-SMART/test_linked_list1_WHOLE_SUITE.py ...FFF..F.                    [100%]

=========================== short test summary info ============================
FAILED ALL-SMART/test_linked_list1_DYNAMOSA.py::test_case_7 - AttributeError:...
FAILED ALL-SMART/test_linked_list1_DYNAMOSA.py::test_case_11 - AttributeError...
FAILED ALL-SMART/test_linked_list1_DYNAMOSA.py::test_case_12 - AttributeError...
FAILED ALL-SMART/test_linked_list1_MIO.py::test_case_2 - AttributeError: 'Non...
FAILED ALL-SMART/test_linked_list1_MIO.py::test_case_4 - AttributeError: 'Non...
FAILED ALL-SMART/test_linked_list1_MOSA.py::test_case_2 - AttributeError: 'No...
FAILED ALL-SMART/test_linked_list1_MOSA.py::test_case_3 - AttributeError: 'No...
FAILED ALL-SMART/test_linked_list1_MOSA.py::test_case_8 - AttributeError: 'No...
FAILED ALL-SMART/test_linked_list1_MOSA.py::test_case_9 - AttributeError: 'No...
FAILED ALL-SMART/test_linked_list1_MOSA.py::test_case_14 - AttributeError: 'N...
FAILED ALL-SMART/test_linked_list1_WHOLE_SUITE.py::test_case_3 - AttributeErr...
FAILED ALL-SMART/test_linked_list1_WHOLE_SUITE.py::test_case_4 - AttributeErr...
FAILED ALL-SMART/test_linked_list1_WHOLE_SUITE.py::test_case_5 - AttributeErr...
FAILED ALL-SMART/test_linked_list1_WHOLE_SUITE.py::test_case_8 - AttributeErr...
======================== 14 failed, 39 passed in 0.18s =========================
</pre></div></div></div></div></div><div class="mb-1" id="job_list___sub_accordion_23"><div class="card"><a data-toggle="collapse" data-target="#job_list___sub_collapse_23_1" aria-expanded="false" aria-controls="job_list___sub_collapse_23_1" href="#" class="job_list___sub_multi_heading"><div role="alert" class="card-header alert-danger" id="job_list___sub_heading_23_1"><button class="btn btn-outline-danger"><span class="job_id">23 : Job ID 22edf2ab95fb4f4c84b3d8e079d6d168</span></button></div></a><div aria-labelledby="job_list___sub_heading_23_1" data-parent="#job_list___sub_accordion_23" class="collapse job_list___sub_multi_collapse" id="job_list___sub_collapse_23_1"><div class="card-body"><div class="work-item"><div class="alert alert-danger test-outcome" role="alert"><p>SURVIVED</p><p>worker outcome: normal</p><p>test outcome: survived</p></div></div><pre class="location"><a href="pycharm://open?file=linked_list1.py&amp;line=41" class="text-secondary"><button class="btn btn-outline-dark">linked_list1.py, start pos: (41, 27), end pos: (41, 33)</button></a></pre><pre>operator: core/ReplaceComparisonOperator_IsNot_Is, occurrence: 2</pre><div class="alert alert-secondary"><pre class="diff">--- mutation diff ---
--- alinked_list1.py
+++ blinked_list1.py
@@ -38,7 +38,7 @@
         # reset slow pointer
         slow_pointer = self
         # move the pointers again at same speed, will meet at start
-        while slow_pointer is not fast_pointer:
+        while slow_pointer is fast_pointer:
             # print(slow_pointer.val, fast_pointer.val)
             slow_pointer = slow_pointer.next
             fast_pointer = fast_pointer.next</pre></div><div class="alert alert-secondary"><pre class="diff">============================= test session starts ==============================
platform linux -- Python 3.10.12, pytest-8.3.3, pluggy-1.5.0
rootdir: /home/teste/python_experiments2/linked-list1
collected 53 items

ALL-SMART/test_linked_list1_DYNAMOSA.py .............                    [ 24%]
ALL-SMART/test_linked_list1_MIO.py ...............                       [ 52%]
ALL-SMART/test_linked_list1_MOSA.py ...............                      [ 81%]
ALL-SMART/test_linked_list1_WHOLE_SUITE.py ..........                    [100%]

============================== 53 passed in 0.17s ==============================
</pre></div></div></div></div></div><div class="mb-1" id="job_list___sub_accordion_24"><div class="card"><a data-toggle="collapse" data-target="#job_list___sub_collapse_24_1" aria-expanded="false" aria-controls="job_list___sub_collapse_24_1" href="#" class="job_list___sub_multi_heading"><div role="alert" class="card-header alert-success" id="job_list___sub_heading_24_1"><button class="btn btn-outline-success"><span class="job_id">24 : Job ID 4a84a46e99de48bf92fa4571d6f9a722</span></button></div></a><div aria-labelledby="job_list___sub_heading_24_1" data-parent="#job_list___sub_accordion_24" class="collapse job_list___sub_multi_collapse" id="job_list___sub_collapse_24_1"><div class="card-body"><div class="work-item"><div class="alert alert-success test-outcome" role="alert"><p>worker outcome: normal</p><p>test outcome: killed</p></div></div><pre class="location"><a href="pycharm://open?file=linked_list1.py&amp;line=9" class="text-secondary"><button class="btn btn-outline-dark">linked_list1.py, start pos: (9, 11), end pos: (9, 14)</button></a></pre><pre>operator: core/ReplaceUnaryOperator_Delete_Not, occurrence: 0</pre><div class="alert alert-secondary"><pre class="diff">--- mutation diff ---
--- alinked_list1.py
+++ blinked_list1.py
@@ -6,7 +6,7 @@
 
     def contains_cycle(self):
         # the list is only 1 node long, which cannot contain a cycle
-        if not self.next:
+        if  self.next:
             return False
         slow_pointer = self.next        
         fast_pointer = self.next.next</pre></div><div class="alert alert-secondary"><pre class="diff">============================= test session starts ==============================
platform linux -- Python 3.10.12, pytest-8.3.3, pluggy-1.5.0
rootdir: /home/teste/python_experiments2/linked-list1
collected 53 items

ALL-SMART/test_linked_list1_DYNAMOSA.py .F.......FFF.                    [ 24%]
ALL-SMART/test_linked_list1_MIO.py .FFF...........                       [ 52%]
ALL-SMART/test_linked_list1_MOSA.py .F.......F.FFFF                      [ 81%]
ALL-SMART/test_linked_list1_WHOLE_SUITE.py ..F.F.FF..                    [100%]

=========================== short test summary info ============================
FAILED ALL-SMART/test_linked_list1_DYNAMOSA.py::test_case_1 - AttributeError:...
FAILED ALL-SMART/test_linked_list1_DYNAMOSA.py::test_case_9 - assert False is...
FAILED ALL-SMART/test_linked_list1_DYNAMOSA.py::test_case_10 - assert False i...
FAILED ALL-SMART/test_linked_list1_DYNAMOSA.py::test_case_11 - AttributeError...
FAILED ALL-SMART/test_linked_list1_MIO.py::test_case_1 - assert False is True
FAILED ALL-SMART/test_linked_list1_MIO.py::test_case_2 - assert False is True
FAILED ALL-SMART/test_linked_list1_MIO.py::test_case_3 - AttributeError: 'Non...
FAILED ALL-SMART/test_linked_list1_MOSA.py::test_case_1 - AttributeError: 'No...
FAILED ALL-SMART/test_linked_list1_MOSA.py::test_case_9 - assert False is True
FAILED ALL-SMART/test_linked_list1_MOSA.py::test_case_11 - AttributeError: 'b...
FAILED ALL-SMART/test_linked_list1_MOSA.py::test_case_12 - assert False is True
FAILED ALL-SMART/test_linked_list1_MOSA.py::test_case_13 - assert False is True
FAILED ALL-SMART/test_linked_list1_MOSA.py::test_case_14 - assert False is True
FAILED ALL-SMART/test_linked_list1_WHOLE_SUITE.py::test_case_2 - AttributeErr...
FAILED ALL-SMART/test_linked_list1_WHOLE_SUITE.py::test_case_4 - assert False...
FAILED ALL-SMART/test_linked_list1_WHOLE_SUITE.py::test_case_6 - AttributeErr...
FAILED ALL-SMART/test_linked_list1_WHOLE_SUITE.py::test_case_7 - AttributeErr...
======================== 17 failed, 36 passed in 0.18s =========================
</pre></div></div></div></div></div><div class="mb-1" id="job_list___sub_accordion_25"><div class="card"><a data-toggle="collapse" data-target="#job_list___sub_collapse_25_1" aria-expanded="false" aria-controls="job_list___sub_collapse_25_1" href="#" class="job_list___sub_multi_heading"><div role="alert" class="card-header alert-success" id="job_list___sub_heading_25_1"><button class="btn btn-outline-success"><span class="job_id">25 : Job ID 8ed20ba925dd4b168e6856597c686a19</span></button></div></a><div aria-labelledby="job_list___sub_heading_25_1" data-parent="#job_list___sub_accordion_25" class="collapse job_list___sub_multi_collapse" id="job_list___sub_collapse_25_1"><div class="card-body"><div class="work-item"><div class="alert alert-success test-outcome" role="alert"><p>worker outcome: normal</p><p>test outcome: killed</p></div></div><pre class="location"><a href="pycharm://open?file=linked_list1.py&amp;line=26" class="text-secondary"><button class="btn btn-outline-dark">linked_list1.py, start pos: (26, 11), end pos: (26, 14)</button></a></pre><pre>operator: core/ReplaceUnaryOperator_Delete_Not, occurrence: 1</pre><div class="alert alert-secondary"><pre class="diff">--- mutation diff ---
--- alinked_list1.py
+++ blinked_list1.py
@@ -23,7 +23,7 @@
     
     def get_beginning_of_cycle_if_exists(self):
         # the list is only 1 node long, which cannot contain a cycle
-        if not self.next:
+        if  self.next:
             return None
         slow_pointer = self.next
         fast_pointer = self.next.next</pre></div><div class="alert alert-secondary"><pre class="diff">============================= test session starts ==============================
platform linux -- Python 3.10.12, pytest-8.3.3, pluggy-1.5.0
rootdir: /home/teste/python_experiments2/linked-list1
collected 53 items

ALL-SMART/test_linked_list1_DYNAMOSA.py ..F.....FFFF.                    [ 24%]
ALL-SMART/test_linked_list1_MIO.py ..F....F.......                       [ 52%]
ALL-SMART/test_linked_list1_MOSA.py ..FF.F.......FF                      [ 81%]
ALL-SMART/test_linked_list1_WHOLE_SUITE.py ...FFFFF.F                    [100%]

=========================== short test summary info ============================
FAILED ALL-SMART/test_linked_list1_DYNAMOSA.py::test_case_2 - AttributeError:...
FAILED ALL-SMART/test_linked_list1_DYNAMOSA.py::test_case_8 - AttributeError:...
FAILED ALL-SMART/test_linked_list1_DYNAMOSA.py::test_case_9 - AttributeError:...
FAILED ALL-SMART/test_linked_list1_DYNAMOSA.py::test_case_10 - AttributeError...
FAILED ALL-SMART/test_linked_list1_DYNAMOSA.py::test_case_11 - AttributeError...
FAILED ALL-SMART/test_linked_list1_MIO.py::test_case_2 - AttributeError: 'Non...
FAILED ALL-SMART/test_linked_list1_MIO.py::test_case_7 - AttributeError: 'Non...
FAILED ALL-SMART/test_linked_list1_MOSA.py::test_case_2 - AttributeError: 'No...
FAILED ALL-SMART/test_linked_list1_MOSA.py::test_case_3 - AttributeError: 'No...
FAILED ALL-SMART/test_linked_list1_MOSA.py::test_case_5 - AttributeError: 'No...
FAILED ALL-SMART/test_linked_list1_MOSA.py::test_case_13 - AttributeError: 'N...
FAILED ALL-SMART/test_linked_list1_MOSA.py::test_case_14 - AttributeError: 'N...
FAILED ALL-SMART/test_linked_list1_WHOLE_SUITE.py::test_case_3 - AttributeErr...
FAILED ALL-SMART/test_linked_list1_WHOLE_SUITE.py::test_case_4 - AttributeErr...
FAILED ALL-SMART/test_linked_list1_WHOLE_SUITE.py::test_case_5 - AttributeErr...
FAILED ALL-SMART/test_linked_list1_WHOLE_SUITE.py::test_case_6 - AttributeErr...
FAILED ALL-SMART/test_linked_list1_WHOLE_SUITE.py::test_case_7 - AttributeErr...
FAILED ALL-SMART/test_linked_list1_WHOLE_SUITE.py::test_case_9 - AttributeErr...
======================== 18 failed, 35 passed in 0.19s =========================
</pre></div></div></div></div></div><div class="mb-1" id="job_list___sub_accordion_26"><div class="card"><a data-toggle="collapse" data-target="#job_list___sub_collapse_26_1" aria-expanded="false" aria-controls="job_list___sub_collapse_26_1" href="#" class="job_list___sub_multi_heading"><div role="alert" class="card-header alert-success" id="job_list___sub_heading_26_1"><button class="btn btn-outline-success"><span class="job_id">26 : Job ID 0cdec9a72d0a479b9d3434e319b605d8</span></button></div></a><div aria-labelledby="job_list___sub_heading_26_1" data-parent="#job_list___sub_accordion_26" class="collapse job_list___sub_multi_collapse" id="job_list___sub_collapse_26_1"><div class="card-body"><div class="work-item"><div class="alert alert-success test-outcome" role="alert"><p>worker outcome: normal</p><p>test outcome: killed</p></div></div><pre class="location"><a href="pycharm://open?file=linked_list1.py&amp;line=61" class="text-secondary"><button class="btn btn-outline-dark">linked_list1.py, start pos: (61, 15), end pos: (61, 18)</button></a></pre><pre>operator: core/ReplaceUnaryOperator_Delete_Not, occurrence: 2</pre><div class="alert alert-secondary"><pre class="diff">--- mutation diff ---
--- alinked_list1.py
+++ blinked_list1.py
@@ -58,7 +58,7 @@
 
     def reverse_recursive(self):
         def rev(node):
-            if not node.next:
+            if  node.next:
                 rev.head = node
                 return
             rev(node.next)</pre></div><div class="alert alert-secondary"><pre class="diff">============================= test session starts ==============================
platform linux -- Python 3.10.12, pytest-8.3.3, pluggy-1.5.0
rootdir: /home/teste/python_experiments2/linked-list1
collected 53 items

ALL-SMART/test_linked_list1_DYNAMOSA.py ..F.FF...FFFF                    [ 24%]
ALL-SMART/test_linked_list1_MIO.py ..F..........F.                       [ 52%]
ALL-SMART/test_linked_list1_MOSA.py ...F.FF..F...FF                      [ 81%]
ALL-SMART/test_linked_list1_WHOLE_SUITE.py ..FFFFFFFF                    [100%]

=========================== short test summary info ============================
FAILED ALL-SMART/test_linked_list1_DYNAMOSA.py::test_case_2 - AttributeError:...
FAILED ALL-SMART/test_linked_list1_DYNAMOSA.py::test_case_4 - AttributeError:...
FAILED ALL-SMART/test_linked_list1_DYNAMOSA.py::test_case_5 - AssertionError:...
FAILED ALL-SMART/test_linked_list1_DYNAMOSA.py::test_case_9 - AssertionError:...
FAILED ALL-SMART/test_linked_list1_DYNAMOSA.py::test_case_10 - AssertionError...
FAILED ALL-SMART/test_linked_list1_DYNAMOSA.py::test_case_11 - AttributeError...
FAILED ALL-SMART/test_linked_list1_DYNAMOSA.py::test_case_12 - AssertionError...
FAILED ALL-SMART/test_linked_list1_MIO.py::test_case_2 - assert &lt;linked_list1...
FAILED ALL-SMART/test_linked_list1_MIO.py::test_case_13 - AttributeError: 'No...
FAILED ALL-SMART/test_linked_list1_MOSA.py::test_case_3 - AttributeError: 'No...
FAILED ALL-SMART/test_linked_list1_MOSA.py::test_case_5 - AssertionError: ass...
FAILED ALL-SMART/test_linked_list1_MOSA.py::test_case_6 - AttributeError: 'No...
FAILED ALL-SMART/test_linked_list1_MOSA.py::test_case_9 - AssertionError: ass...
FAILED ALL-SMART/test_linked_list1_MOSA.py::test_case_13 - AttributeError: 'N...
FAILED ALL-SMART/test_linked_list1_MOSA.py::test_case_14 - AttributeError: 'N...
FAILED ALL-SMART/test_linked_list1_WHOLE_SUITE.py::test_case_2 - AttributeErr...
FAILED ALL-SMART/test_linked_list1_WHOLE_SUITE.py::test_case_3 - AttributeErr...
FAILED ALL-SMART/test_linked_list1_WHOLE_SUITE.py::test_case_4 - AttributeErr...
FAILED ALL-SMART/test_linked_list1_WHOLE_SUITE.py::test_case_5 - AttributeErr...
FAILED ALL-SMART/test_linked_list1_WHOLE_SUITE.py::test_case_6 - AttributeErr...
FAILED ALL-SMART/test_linked_list1_WHOLE_SUITE.py::test_case_7 - AttributeErr...
FAILED ALL-SMART/test_linked_list1_WHOLE_SUITE.py::test_case_8 - AttributeErr...
FAILED ALL-SMART/test_linked_list1_WHOLE_SUITE.py::test_case_9 - AttributeErr...
======================== 23 failed, 30 passed in 0.20s =========================
</pre></div></div></div></div></div><div class="mb-1" id="job_list___sub_accordion_27"><div class="card"><a data-toggle="collapse" data-target="#job_list___sub_collapse_27_1" aria-expanded="false" aria-controls="job_list___sub_collapse_27_1" href="#" class="job_list___sub_multi_heading"><div role="alert" class="card-header alert-success" id="job_list___sub_heading_27_1"><button class="btn btn-outline-success"><span class="job_id">27 : Job ID 41202b69fdf5421e821d50dc64d66aaa</span></button></div></a><div aria-labelledby="job_list___sub_heading_27_1" data-parent="#job_list___sub_accordion_27" class="collapse job_list___sub_multi_collapse" id="job_list___sub_collapse_27_1"><div class="card-body"><div class="work-item"><div class="alert alert-success test-outcome" role="alert"><p>worker outcome: normal</p><p>test outcome: killed</p></div></div><pre class="location"><a href="pycharm://open?file=linked_list1.py&amp;line=9" class="text-secondary"><button class="btn btn-outline-dark">linked_list1.py, start pos: (9, 11), end pos: (9, 24)</button></a></pre><pre>operator: core/AddNot, occurrence: 0</pre><div class="alert alert-secondary"><pre class="diff">--- mutation diff ---
--- alinked_list1.py
+++ blinked_list1.py
@@ -6,7 +6,7 @@
 
     def contains_cycle(self):
         # the list is only 1 node long, which cannot contain a cycle
-        if not self.next:
+        if not not self.next:
             return False
         slow_pointer = self.next        
         fast_pointer = self.next.next</pre></div><div class="alert alert-secondary"><pre class="diff">============================= test session starts ==============================
platform linux -- Python 3.10.12, pytest-8.3.3, pluggy-1.5.0
rootdir: /home/teste/python_experiments2/linked-list1
collected 53 items

ALL-SMART/test_linked_list1_DYNAMOSA.py .F.......FFF.                    [ 24%]
ALL-SMART/test_linked_list1_MIO.py .FFF...........                       [ 52%]
ALL-SMART/test_linked_list1_MOSA.py .F.......F.FFFF                      [ 81%]
ALL-SMART/test_linked_list1_WHOLE_SUITE.py ..F.F.FF..                    [100%]

=========================== short test summary info ============================
FAILED ALL-SMART/test_linked_list1_DYNAMOSA.py::test_case_1 - AttributeError:...
FAILED ALL-SMART/test_linked_list1_DYNAMOSA.py::test_case_9 - assert False is...
FAILED ALL-SMART/test_linked_list1_DYNAMOSA.py::test_case_10 - assert False i...
FAILED ALL-SMART/test_linked_list1_DYNAMOSA.py::test_case_11 - AttributeError...
FAILED ALL-SMART/test_linked_list1_MIO.py::test_case_1 - assert False is True
FAILED ALL-SMART/test_linked_list1_MIO.py::test_case_2 - assert False is True
FAILED ALL-SMART/test_linked_list1_MIO.py::test_case_3 - AttributeError: 'Non...
FAILED ALL-SMART/test_linked_list1_MOSA.py::test_case_1 - AttributeError: 'No...
FAILED ALL-SMART/test_linked_list1_MOSA.py::test_case_9 - assert False is True
FAILED ALL-SMART/test_linked_list1_MOSA.py::test_case_11 - AttributeError: 'b...
FAILED ALL-SMART/test_linked_list1_MOSA.py::test_case_12 - assert False is True
FAILED ALL-SMART/test_linked_list1_MOSA.py::test_case_13 - assert False is True
FAILED ALL-SMART/test_linked_list1_MOSA.py::test_case_14 - assert False is True
FAILED ALL-SMART/test_linked_list1_WHOLE_SUITE.py::test_case_2 - AttributeErr...
FAILED ALL-SMART/test_linked_list1_WHOLE_SUITE.py::test_case_4 - assert False...
FAILED ALL-SMART/test_linked_list1_WHOLE_SUITE.py::test_case_6 - AttributeErr...
FAILED ALL-SMART/test_linked_list1_WHOLE_SUITE.py::test_case_7 - AttributeErr...
======================== 17 failed, 36 passed in 0.19s =========================
</pre></div></div></div></div></div><div class="mb-1" id="job_list___sub_accordion_28"><div class="card"><a data-toggle="collapse" data-target="#job_list___sub_collapse_28_1" aria-expanded="false" aria-controls="job_list___sub_collapse_28_1" href="#" class="job_list___sub_multi_heading"><div role="alert" class="card-header alert-success" id="job_list___sub_heading_28_1"><button class="btn btn-outline-success"><span class="job_id">28 : Job ID 374cfc0b81324745aa340b20520a0392</span></button></div></a><div aria-labelledby="job_list___sub_heading_28_1" data-parent="#job_list___sub_accordion_28" class="collapse job_list___sub_multi_collapse" id="job_list___sub_collapse_28_1"><div class="card-body"><div class="work-item"><div class="alert alert-success test-outcome" role="alert"><p>worker outcome: normal</p><p>test outcome: killed</p></div></div><pre class="location"><a href="pycharm://open?file=linked_list1.py&amp;line=14" class="text-secondary"><button class="btn btn-outline-dark">linked_list1.py, start pos: (14, 14), end pos: (14, 46)</button></a></pre><pre>operator: core/AddNot, occurrence: 1</pre><div class="alert alert-secondary"><pre class="diff">--- mutation diff ---
--- alinked_list1.py
+++ blinked_list1.py
@@ -11,7 +11,7 @@
         slow_pointer = self.next        
         fast_pointer = self.next.next
 
-        while slow_pointer is not fast_pointer:
+        while not slow_pointer is not fast_pointer:
             if slow_pointer:
                 slow_pointer = slow_pointer.next
             if fast_pointer and fast_pointer.next:</pre></div><div class="alert alert-secondary"><pre class="diff">============================= test session starts ==============================
platform linux -- Python 3.10.12, pytest-8.3.3, pluggy-1.5.0
rootdir: /home/teste/python_experiments2/linked-list1
collected 53 items

ALL-SMART/test_linked_list1_DYNAMOSA.py F........FFFF                    [ 24%]
ALL-SMART/test_linked_list1_MIO.py F..............                       [ 52%]
ALL-SMART/test_linked_list1_MOSA.py F..FFFF......F.                      [ 81%]
ALL-SMART/test_linked_list1_WHOLE_SUITE.py ........F.                    [100%]

=========================== short test summary info ============================
FAILED ALL-SMART/test_linked_list1_DYNAMOSA.py::test_case_0 - assert True is ...
FAILED ALL-SMART/test_linked_list1_DYNAMOSA.py::test_case_9 - assert True is ...
FAILED ALL-SMART/test_linked_list1_DYNAMOSA.py::test_case_10 - assert True is...
FAILED ALL-SMART/test_linked_list1_DYNAMOSA.py::test_case_11 - assert True is...
FAILED ALL-SMART/test_linked_list1_DYNAMOSA.py::test_case_12 - assert True is...
FAILED ALL-SMART/test_linked_list1_MIO.py::test_case_0 - assert True is False
FAILED ALL-SMART/test_linked_list1_MOSA.py::test_case_0 - assert True is False
FAILED ALL-SMART/test_linked_list1_MOSA.py::test_case_3 - assert True is False
FAILED ALL-SMART/test_linked_list1_MOSA.py::test_case_4 - assert True is False
FAILED ALL-SMART/test_linked_list1_MOSA.py::test_case_5 - assert True is False
FAILED ALL-SMART/test_linked_list1_MOSA.py::test_case_6 - assert True is False
FAILED ALL-SMART/test_linked_list1_MOSA.py::test_case_13 - assert True is False
FAILED ALL-SMART/test_linked_list1_WHOLE_SUITE.py::test_case_8 - assert True ...
======================== 13 failed, 40 passed in 0.18s =========================
</pre></div></div></div></div></div><div class="mb-1" id="job_list___sub_accordion_29"><div class="card"><a data-toggle="collapse" data-target="#job_list___sub_collapse_29_1" aria-expanded="false" aria-controls="job_list___sub_collapse_29_1" href="#" class="job_list___sub_multi_heading"><div role="alert" class="card-header alert-success" id="job_list___sub_heading_29_1"><button class="btn btn-outline-success"><span class="job_id">29 : Job ID 983d86bfa7d94c969d108eb9fec31179</span></button></div></a><div aria-labelledby="job_list___sub_heading_29_1" data-parent="#job_list___sub_accordion_29" class="collapse job_list___sub_multi_collapse" id="job_list___sub_collapse_29_1"><div class="card-body"><div class="work-item"><div class="alert alert-success test-outcome" role="alert"><p>worker outcome: normal</p><p>test outcome: killed</p></div></div><pre class="location"><a href="pycharm://open?file=linked_list1.py&amp;line=15" class="text-secondary"><button class="btn btn-outline-dark">linked_list1.py, start pos: (15, 15), end pos: (15, 27)</button></a></pre><pre>operator: core/AddNot, occurrence: 2</pre><div class="alert alert-secondary"><pre class="diff">--- mutation diff ---
--- alinked_list1.py
+++ blinked_list1.py
@@ -12,7 +12,7 @@
         fast_pointer = self.next.next
 
         while slow_pointer is not fast_pointer:
-            if slow_pointer:
+            if not slow_pointer:
                 slow_pointer = slow_pointer.next
             if fast_pointer and fast_pointer.next:
                 fast_pointer = fast_pointer.next.next</pre></div><div class="alert alert-secondary"><pre class="diff">timeout</pre></div></div></div></div></div><div class="mb-1" id="job_list___sub_accordion_30"><div class="card"><a data-toggle="collapse" data-target="#job_list___sub_collapse_30_1" aria-expanded="false" aria-controls="job_list___sub_collapse_30_1" href="#" class="job_list___sub_multi_heading"><div role="alert" class="card-header alert-success" id="job_list___sub_heading_30_1"><button class="btn btn-outline-success"><span class="job_id">30 : Job ID 8589d77d003d476e8f585fbbe649194c</span></button></div></a><div aria-labelledby="job_list___sub_heading_30_1" data-parent="#job_list___sub_accordion_30" class="collapse job_list___sub_multi_collapse" id="job_list___sub_collapse_30_1"><div class="card-body"><div class="work-item"><div class="alert alert-success test-outcome" role="alert"><p>worker outcome: normal</p><p>test outcome: killed</p></div></div><pre class="location"><a href="pycharm://open?file=linked_list1.py&amp;line=17" class="text-secondary"><button class="btn btn-outline-dark">linked_list1.py, start pos: (17, 15), end pos: (17, 49)</button></a></pre><pre>operator: core/AddNot, occurrence: 3</pre><div class="alert alert-secondary"><pre class="diff">--- mutation diff ---
--- alinked_list1.py
+++ blinked_list1.py
@@ -14,7 +14,7 @@
         while slow_pointer is not fast_pointer:
             if slow_pointer:
                 slow_pointer = slow_pointer.next
-            if fast_pointer and fast_pointer.next:
+            if not fast_pointer and fast_pointer.next:
                 fast_pointer = fast_pointer.next.next
         if slow_pointer is None:
             return False</pre></div><div class="alert alert-secondary"><pre class="diff">============================= test session starts ==============================
platform linux -- Python 3.10.12, pytest-8.3.3, pluggy-1.5.0
rootdir: /home/teste/python_experiments2/linked-list1
collected 53 items

ALL-SMART/test_linked_list1_DYNAMOSA.py F........FFFF                    [ 24%]
ALL-SMART/test_linked_list1_MIO.py F..............                       [ 52%]
ALL-SMART/test_linked_list1_MOSA.py F..FFFF......F.                      [ 81%]
ALL-SMART/test_linked_list1_WHOLE_SUITE.py ........F.                    [100%]

=========================== short test summary info ============================
FAILED ALL-SMART/test_linked_list1_DYNAMOSA.py::test_case_0 - AttributeError:...
FAILED ALL-SMART/test_linked_list1_DYNAMOSA.py::test_case_9 - AttributeError:...
FAILED ALL-SMART/test_linked_list1_DYNAMOSA.py::test_case_10 - AttributeError...
FAILED ALL-SMART/test_linked_list1_DYNAMOSA.py::test_case_11 - AttributeError...
FAILED ALL-SMART/test_linked_list1_DYNAMOSA.py::test_case_12 - AttributeError...
FAILED ALL-SMART/test_linked_list1_MIO.py::test_case_0 - AttributeError: 'Non...
FAILED ALL-SMART/test_linked_list1_MOSA.py::test_case_0 - AttributeError: 'No...
FAILED ALL-SMART/test_linked_list1_MOSA.py::test_case_3 - AttributeError: 'No...
FAILED ALL-SMART/test_linked_list1_MOSA.py::test_case_4 - AttributeError: 'No...
FAILED ALL-SMART/test_linked_list1_MOSA.py::test_case_5 - AttributeError: 'No...
FAILED ALL-SMART/test_linked_list1_MOSA.py::test_case_6 - AttributeError: 'No...
FAILED ALL-SMART/test_linked_list1_MOSA.py::test_case_13 - assert True is False
FAILED ALL-SMART/test_linked_list1_WHOLE_SUITE.py::test_case_8 - AttributeErr...
======================== 13 failed, 40 passed in 0.18s =========================
</pre></div></div></div></div></div><div class="mb-1" id="job_list___sub_accordion_31"><div class="card"><a data-toggle="collapse" data-target="#job_list___sub_collapse_31_1" aria-expanded="false" aria-controls="job_list___sub_collapse_31_1" href="#" class="job_list___sub_multi_heading"><div role="alert" class="card-header alert-success" id="job_list___sub_heading_31_1"><button class="btn btn-outline-success"><span class="job_id">31 : Job ID fa406387327f45e3b12256dc16408867</span></button></div></a><div aria-labelledby="job_list___sub_heading_31_1" data-parent="#job_list___sub_accordion_31" class="collapse job_list___sub_multi_collapse" id="job_list___sub_collapse_31_1"><div class="card-body"><div class="work-item"><div class="alert alert-success test-outcome" role="alert"><p>worker outcome: normal</p><p>test outcome: killed</p></div></div><pre class="location"><a href="pycharm://open?file=linked_list1.py&amp;line=19" class="text-secondary"><button class="btn btn-outline-dark">linked_list1.py, start pos: (19, 11), end pos: (19, 31)</button></a></pre><pre>operator: core/AddNot, occurrence: 4</pre><div class="alert alert-secondary"><pre class="diff">--- mutation diff ---
--- alinked_list1.py
+++ blinked_list1.py
@@ -16,7 +16,7 @@
                 slow_pointer = slow_pointer.next
             if fast_pointer and fast_pointer.next:
                 fast_pointer = fast_pointer.next.next
-        if slow_pointer is None:
+        if not slow_pointer is None:
             return False
         else:
             return True</pre></div><div class="alert alert-secondary"><pre class="diff">============================= test session starts ==============================
platform linux -- Python 3.10.12, pytest-8.3.3, pluggy-1.5.0
rootdir: /home/teste/python_experiments2/linked-list1
collected 53 items

ALL-SMART/test_linked_list1_DYNAMOSA.py F........FFFF                    [ 24%]
ALL-SMART/test_linked_list1_MIO.py FFF............                       [ 52%]
ALL-SMART/test_linked_list1_MOSA.py F..FFFF..F..FFF                      [ 81%]
ALL-SMART/test_linked_list1_WHOLE_SUITE.py ....F...F.                    [100%]

=========================== short test summary info ============================
FAILED ALL-SMART/test_linked_list1_DYNAMOSA.py::test_case_0 - assert True is ...
FAILED ALL-SMART/test_linked_list1_DYNAMOSA.py::test_case_9 - assert True is ...
FAILED ALL-SMART/test_linked_list1_DYNAMOSA.py::test_case_10 - assert True is...
FAILED ALL-SMART/test_linked_list1_DYNAMOSA.py::test_case_11 - assert True is...
FAILED ALL-SMART/test_linked_list1_DYNAMOSA.py::test_case_12 - assert True is...
FAILED ALL-SMART/test_linked_list1_MIO.py::test_case_0 - assert True is False
FAILED ALL-SMART/test_linked_list1_MIO.py::test_case_1 - assert False is True
FAILED ALL-SMART/test_linked_list1_MIO.py::test_case_2 - assert False is True
FAILED ALL-SMART/test_linked_list1_MOSA.py::test_case_0 - assert True is False
FAILED ALL-SMART/test_linked_list1_MOSA.py::test_case_3 - assert True is False
FAILED ALL-SMART/test_linked_list1_MOSA.py::test_case_4 - assert True is False
FAILED ALL-SMART/test_linked_list1_MOSA.py::test_case_5 - assert True is False
FAILED ALL-SMART/test_linked_list1_MOSA.py::test_case_6 - assert True is False
FAILED ALL-SMART/test_linked_list1_MOSA.py::test_case_9 - assert False is True
FAILED ALL-SMART/test_linked_list1_MOSA.py::test_case_12 - assert False is True
FAILED ALL-SMART/test_linked_list1_MOSA.py::test_case_13 - assert False is True
FAILED ALL-SMART/test_linked_list1_MOSA.py::test_case_14 - assert False is True
FAILED ALL-SMART/test_linked_list1_WHOLE_SUITE.py::test_case_4 - assert False...
FAILED ALL-SMART/test_linked_list1_WHOLE_SUITE.py::test_case_8 - assert True ...
======================== 19 failed, 34 passed in 0.19s =========================
</pre></div></div></div></div></div><div class="mb-1" id="job_list___sub_accordion_32"><div class="card"><a data-toggle="collapse" data-target="#job_list___sub_collapse_32_1" aria-expanded="false" aria-controls="job_list___sub_collapse_32_1" href="#" class="job_list___sub_multi_heading"><div role="alert" class="card-header alert-success" id="job_list___sub_heading_32_1"><button class="btn btn-outline-success"><span class="job_id">32 : Job ID 12e3711338f24e5f9d92b7e5063ff8ae</span></button></div></a><div aria-labelledby="job_list___sub_heading_32_1" data-parent="#job_list___sub_accordion_32" class="collapse job_list___sub_multi_collapse" id="job_list___sub_collapse_32_1"><div class="card-body"><div class="work-item"><div class="alert alert-success test-outcome" role="alert"><p>worker outcome: normal</p><p>test outcome: killed</p></div></div><pre class="location"><a href="pycharm://open?file=linked_list1.py&amp;line=26" class="text-secondary"><button class="btn btn-outline-dark">linked_list1.py, start pos: (26, 11), end pos: (26, 24)</button></a></pre><pre>operator: core/AddNot, occurrence: 5</pre><div class="alert alert-secondary"><pre class="diff">--- mutation diff ---
--- alinked_list1.py
+++ blinked_list1.py
@@ -23,7 +23,7 @@
     
     def get_beginning_of_cycle_if_exists(self):
         # the list is only 1 node long, which cannot contain a cycle
-        if not self.next:
+        if not not self.next:
             return None
         slow_pointer = self.next
         fast_pointer = self.next.next</pre></div><div class="alert alert-secondary"><pre class="diff">============================= test session starts ==============================
platform linux -- Python 3.10.12, pytest-8.3.3, pluggy-1.5.0
rootdir: /home/teste/python_experiments2/linked-list1
collected 53 items

ALL-SMART/test_linked_list1_DYNAMOSA.py ..F.....FFFF.                    [ 24%]
ALL-SMART/test_linked_list1_MIO.py ..F....F.......                       [ 52%]
ALL-SMART/test_linked_list1_MOSA.py ..FF.F.......FF                      [ 81%]
ALL-SMART/test_linked_list1_WHOLE_SUITE.py ...FFFFF.F                    [100%]

=========================== short test summary info ============================
FAILED ALL-SMART/test_linked_list1_DYNAMOSA.py::test_case_2 - AttributeError:...
FAILED ALL-SMART/test_linked_list1_DYNAMOSA.py::test_case_8 - AttributeError:...
FAILED ALL-SMART/test_linked_list1_DYNAMOSA.py::test_case_9 - AttributeError:...
FAILED ALL-SMART/test_linked_list1_DYNAMOSA.py::test_case_10 - AttributeError...
FAILED ALL-SMART/test_linked_list1_DYNAMOSA.py::test_case_11 - AttributeError...
FAILED ALL-SMART/test_linked_list1_MIO.py::test_case_2 - AttributeError: 'Non...
FAILED ALL-SMART/test_linked_list1_MIO.py::test_case_7 - AttributeError: 'Non...
FAILED ALL-SMART/test_linked_list1_MOSA.py::test_case_2 - AttributeError: 'No...
FAILED ALL-SMART/test_linked_list1_MOSA.py::test_case_3 - AttributeError: 'No...
FAILED ALL-SMART/test_linked_list1_MOSA.py::test_case_5 - AttributeError: 'No...
FAILED ALL-SMART/test_linked_list1_MOSA.py::test_case_13 - AttributeError: 'N...
FAILED ALL-SMART/test_linked_list1_MOSA.py::test_case_14 - AttributeError: 'N...
FAILED ALL-SMART/test_linked_list1_WHOLE_SUITE.py::test_case_3 - AttributeErr...
FAILED ALL-SMART/test_linked_list1_WHOLE_SUITE.py::test_case_4 - AttributeErr...
FAILED ALL-SMART/test_linked_list1_WHOLE_SUITE.py::test_case_5 - AttributeErr...
FAILED ALL-SMART/test_linked_list1_WHOLE_SUITE.py::test_case_6 - AttributeErr...
FAILED ALL-SMART/test_linked_list1_WHOLE_SUITE.py::test_case_7 - AttributeErr...
FAILED ALL-SMART/test_linked_list1_WHOLE_SUITE.py::test_case_9 - AttributeErr...
======================== 18 failed, 35 passed in 0.18s =========================
</pre></div></div></div></div></div><div class="mb-1" id="job_list___sub_accordion_33"><div class="card"><a data-toggle="collapse" data-target="#job_list___sub_collapse_33_1" aria-expanded="false" aria-controls="job_list___sub_collapse_33_1" href="#" class="job_list___sub_multi_heading"><div role="alert" class="card-header alert-success" id="job_list___sub_heading_33_1"><button class="btn btn-outline-success"><span class="job_id">33 : Job ID 2a40be997a0f4184a75c0562005a5ba0</span></button></div></a><div aria-labelledby="job_list___sub_heading_33_1" data-parent="#job_list___sub_accordion_33" class="collapse job_list___sub_multi_collapse" id="job_list___sub_collapse_33_1"><div class="card-body"><div class="work-item"><div class="alert alert-success test-outcome" role="alert"><p>worker outcome: normal</p><p>test outcome: killed</p></div></div><pre class="location"><a href="pycharm://open?file=linked_list1.py&amp;line=31" class="text-secondary"><button class="btn btn-outline-dark">linked_list1.py, start pos: (31, 14), end pos: (31, 46)</button></a></pre><pre>operator: core/AddNot, occurrence: 6</pre><div class="alert alert-secondary"><pre class="diff">--- mutation diff ---
--- alinked_list1.py
+++ blinked_list1.py
@@ -28,7 +28,7 @@
         slow_pointer = self.next
         fast_pointer = self.next.next
 
-        while slow_pointer is not fast_pointer:
+        while not slow_pointer is not fast_pointer:
             if slow_pointer:
                 slow_pointer = slow_pointer.next
             if fast_pointer and fast_pointer.next:</pre></div><div class="alert alert-secondary"><pre class="diff">============================= test session starts ==============================
platform linux -- Python 3.10.12, pytest-8.3.3, pluggy-1.5.0
rootdir: /home/teste/python_experiments2/linked-list1
collected 53 items

ALL-SMART/test_linked_list1_DYNAMOSA.py .......F...FF                    [ 24%]
ALL-SMART/test_linked_list1_MIO.py ..F.F..........                       [ 52%]
ALL-SMART/test_linked_list1_MOSA.py ..FF....FF....F                      [ 81%]
ALL-SMART/test_linked_list1_WHOLE_SUITE.py ...FFF..F.                    [100%]

=========================== short test summary info ============================
FAILED ALL-SMART/test_linked_list1_DYNAMOSA.py::test_case_7 - AttributeError:...
FAILED ALL-SMART/test_linked_list1_DYNAMOSA.py::test_case_11 - AttributeError...
FAILED ALL-SMART/test_linked_list1_DYNAMOSA.py::test_case_12 - AttributeError...
FAILED ALL-SMART/test_linked_list1_MIO.py::test_case_2 - AttributeError: 'Non...
FAILED ALL-SMART/test_linked_list1_MIO.py::test_case_4 - AttributeError: 'Non...
FAILED ALL-SMART/test_linked_list1_MOSA.py::test_case_2 - AttributeError: 'No...
FAILED ALL-SMART/test_linked_list1_MOSA.py::test_case_3 - AttributeError: 'No...
FAILED ALL-SMART/test_linked_list1_MOSA.py::test_case_8 - AttributeError: 'No...
FAILED ALL-SMART/test_linked_list1_MOSA.py::test_case_9 - AttributeError: 'No...
FAILED ALL-SMART/test_linked_list1_MOSA.py::test_case_14 - AttributeError: 'N...
FAILED ALL-SMART/test_linked_list1_WHOLE_SUITE.py::test_case_3 - AttributeErr...
FAILED ALL-SMART/test_linked_list1_WHOLE_SUITE.py::test_case_4 - AttributeErr...
FAILED ALL-SMART/test_linked_list1_WHOLE_SUITE.py::test_case_5 - AttributeErr...
FAILED ALL-SMART/test_linked_list1_WHOLE_SUITE.py::test_case_8 - AttributeErr...
======================== 14 failed, 39 passed in 0.18s =========================
</pre></div></div></div></div></div><div class="mb-1" id="job_list___sub_accordion_34"><div class="card"><a data-toggle="collapse" data-target="#job_list___sub_collapse_34_1" aria-expanded="false" aria-controls="job_list___sub_collapse_34_1" href="#" class="job_list___sub_multi_heading"><div role="alert" class="card-header alert-success" id="job_list___sub_heading_34_1"><button class="btn btn-outline-success"><span class="job_id">34 : Job ID a465096954744db4bfda1671601f0994</span></button></div></a><div aria-labelledby="job_list___sub_heading_34_1" data-parent="#job_list___sub_accordion_34" class="collapse job_list___sub_multi_collapse" id="job_list___sub_collapse_34_1"><div class="card-body"><div class="work-item"><div class="alert alert-success test-outcome" role="alert"><p>worker outcome: normal</p><p>test outcome: killed</p></div></div><pre class="location"><a href="pycharm://open?file=linked_list1.py&amp;line=32" class="text-secondary"><button class="btn btn-outline-dark">linked_list1.py, start pos: (32, 15), end pos: (32, 27)</button></a></pre><pre>operator: core/AddNot, occurrence: 7</pre><div class="alert alert-secondary"><pre class="diff">--- mutation diff ---
--- alinked_list1.py
+++ blinked_list1.py
@@ -29,7 +29,7 @@
         fast_pointer = self.next.next
 
         while slow_pointer is not fast_pointer:
-            if slow_pointer:
+            if not slow_pointer:
                 slow_pointer = slow_pointer.next
             if fast_pointer and fast_pointer.next:
                 fast_pointer = fast_pointer.next.next</pre></div><div class="alert alert-secondary"><pre class="diff">timeout</pre></div></div></div></div></div><div class="mb-1" id="job_list___sub_accordion_35"><div class="card"><a data-toggle="collapse" data-target="#job_list___sub_collapse_35_1" aria-expanded="false" aria-controls="job_list___sub_collapse_35_1" href="#" class="job_list___sub_multi_heading"><div role="alert" class="card-header alert-success" id="job_list___sub_heading_35_1"><button class="btn btn-outline-success"><span class="job_id">35 : Job ID 96ed89e3c63d4460aa8828d735974304</span></button></div></a><div aria-labelledby="job_list___sub_heading_35_1" data-parent="#job_list___sub_accordion_35" class="collapse job_list___sub_multi_collapse" id="job_list___sub_collapse_35_1"><div class="card-body"><div class="work-item"><div class="alert alert-success test-outcome" role="alert"><p>worker outcome: normal</p><p>test outcome: killed</p></div></div><pre class="location"><a href="pycharm://open?file=linked_list1.py&amp;line=34" class="text-secondary"><button class="btn btn-outline-dark">linked_list1.py, start pos: (34, 15), end pos: (34, 49)</button></a></pre><pre>operator: core/AddNot, occurrence: 8</pre><div class="alert alert-secondary"><pre class="diff">--- mutation diff ---
--- alinked_list1.py
+++ blinked_list1.py
@@ -31,7 +31,7 @@
         while slow_pointer is not fast_pointer:
             if slow_pointer:
                 slow_pointer = slow_pointer.next
-            if fast_pointer and fast_pointer.next:
+            if not fast_pointer and fast_pointer.next:
                 fast_pointer = fast_pointer.next.next
         if slow_pointer is None:
             return None</pre></div><div class="alert alert-secondary"><pre class="diff">============================= test session starts ==============================
platform linux -- Python 3.10.12, pytest-8.3.3, pluggy-1.5.0
rootdir: /home/teste/python_experiments2/linked-list1
collected 53 items

ALL-SMART/test_linked_list1_DYNAMOSA.py .......F...FF                    [ 24%]
ALL-SMART/test_linked_list1_MIO.py ..F.F..........                       [ 52%]
ALL-SMART/test_linked_list1_MOSA.py ..FF....FF....F                      [ 81%]
ALL-SMART/test_linked_list1_WHOLE_SUITE.py ...FFF..F.                    [100%]

=========================== short test summary info ============================
FAILED ALL-SMART/test_linked_list1_DYNAMOSA.py::test_case_7 - AttributeError:...
FAILED ALL-SMART/test_linked_list1_DYNAMOSA.py::test_case_11 - AttributeError...
FAILED ALL-SMART/test_linked_list1_DYNAMOSA.py::test_case_12 - AttributeError...
FAILED ALL-SMART/test_linked_list1_MIO.py::test_case_2 - AttributeError: 'Non...
FAILED ALL-SMART/test_linked_list1_MIO.py::test_case_4 - AttributeError: 'Non...
FAILED ALL-SMART/test_linked_list1_MOSA.py::test_case_2 - AttributeError: 'No...
FAILED ALL-SMART/test_linked_list1_MOSA.py::test_case_3 - AttributeError: 'No...
FAILED ALL-SMART/test_linked_list1_MOSA.py::test_case_8 - AttributeError: 'No...
FAILED ALL-SMART/test_linked_list1_MOSA.py::test_case_9 - AttributeError: 'No...
FAILED ALL-SMART/test_linked_list1_MOSA.py::test_case_14 - AttributeError: 'N...
FAILED ALL-SMART/test_linked_list1_WHOLE_SUITE.py::test_case_3 - AttributeErr...
FAILED ALL-SMART/test_linked_list1_WHOLE_SUITE.py::test_case_4 - AttributeErr...
FAILED ALL-SMART/test_linked_list1_WHOLE_SUITE.py::test_case_5 - AttributeErr...
FAILED ALL-SMART/test_linked_list1_WHOLE_SUITE.py::test_case_8 - AttributeErr...
======================== 14 failed, 39 passed in 0.18s =========================
</pre></div></div></div></div></div><div class="mb-1" id="job_list___sub_accordion_36"><div class="card"><a data-toggle="collapse" data-target="#job_list___sub_collapse_36_1" aria-expanded="false" aria-controls="job_list___sub_collapse_36_1" href="#" class="job_list___sub_multi_heading"><div role="alert" class="card-header alert-success" id="job_list___sub_heading_36_1"><button class="btn btn-outline-success"><span class="job_id">36 : Job ID 67e3ad4f06594df4b64cf72709f60b88</span></button></div></a><div aria-labelledby="job_list___sub_heading_36_1" data-parent="#job_list___sub_accordion_36" class="collapse job_list___sub_multi_collapse" id="job_list___sub_collapse_36_1"><div class="card-body"><div class="work-item"><div class="alert alert-success test-outcome" role="alert"><p>worker outcome: normal</p><p>test outcome: killed</p></div></div><pre class="location"><a href="pycharm://open?file=linked_list1.py&amp;line=36" class="text-secondary"><button class="btn btn-outline-dark">linked_list1.py, start pos: (36, 11), end pos: (36, 31)</button></a></pre><pre>operator: core/AddNot, occurrence: 9</pre><div class="alert alert-secondary"><pre class="diff">--- mutation diff ---
--- alinked_list1.py
+++ blinked_list1.py
@@ -33,7 +33,7 @@
                 slow_pointer = slow_pointer.next
             if fast_pointer and fast_pointer.next:
                 fast_pointer = fast_pointer.next.next
-        if slow_pointer is None:
+        if not slow_pointer is None:
             return None
         # reset slow pointer
         slow_pointer = self</pre></div><div class="alert alert-secondary"><pre class="diff">============================= test session starts ==============================
platform linux -- Python 3.10.12, pytest-8.3.3, pluggy-1.5.0
rootdir: /home/teste/python_experiments2/linked-list1
collected 53 items

ALL-SMART/test_linked_list1_DYNAMOSA.py .......F...FF                    [ 24%]
ALL-SMART/test_linked_list1_MIO.py ..F.F..........                       [ 52%]
ALL-SMART/test_linked_list1_MOSA.py ..FF....FF....F                      [ 81%]
ALL-SMART/test_linked_list1_WHOLE_SUITE.py ...FFF..F.                    [100%]

=========================== short test summary info ============================
FAILED ALL-SMART/test_linked_list1_DYNAMOSA.py::test_case_7 - AttributeError:...
FAILED ALL-SMART/test_linked_list1_DYNAMOSA.py::test_case_11 - AttributeError...
FAILED ALL-SMART/test_linked_list1_DYNAMOSA.py::test_case_12 - AttributeError...
FAILED ALL-SMART/test_linked_list1_MIO.py::test_case_2 - AttributeError: 'Non...
FAILED ALL-SMART/test_linked_list1_MIO.py::test_case_4 - AttributeError: 'Non...
FAILED ALL-SMART/test_linked_list1_MOSA.py::test_case_2 - AttributeError: 'No...
FAILED ALL-SMART/test_linked_list1_MOSA.py::test_case_3 - AttributeError: 'No...
FAILED ALL-SMART/test_linked_list1_MOSA.py::test_case_8 - AttributeError: 'No...
FAILED ALL-SMART/test_linked_list1_MOSA.py::test_case_9 - AttributeError: 'No...
FAILED ALL-SMART/test_linked_list1_MOSA.py::test_case_14 - AttributeError: 'N...
FAILED ALL-SMART/test_linked_list1_WHOLE_SUITE.py::test_case_3 - AttributeErr...
FAILED ALL-SMART/test_linked_list1_WHOLE_SUITE.py::test_case_4 - AttributeErr...
FAILED ALL-SMART/test_linked_list1_WHOLE_SUITE.py::test_case_5 - AttributeErr...
FAILED ALL-SMART/test_linked_list1_WHOLE_SUITE.py::test_case_8 - AttributeErr...
======================== 14 failed, 39 passed in 0.19s =========================
</pre></div></div></div></div></div><div class="mb-1" id="job_list___sub_accordion_37"><div class="card"><a data-toggle="collapse" data-target="#job_list___sub_collapse_37_1" aria-expanded="false" aria-controls="job_list___sub_collapse_37_1" href="#" class="job_list___sub_multi_heading"><div role="alert" class="card-header alert-danger" id="job_list___sub_heading_37_1"><button class="btn btn-outline-danger"><span class="job_id">37 : Job ID 35db1642d5d94fb9a2eef2374671fe90</span></button></div></a><div aria-labelledby="job_list___sub_heading_37_1" data-parent="#job_list___sub_accordion_37" class="collapse job_list___sub_multi_collapse" id="job_list___sub_collapse_37_1"><div class="card-body"><div class="work-item"><div class="alert alert-danger test-outcome" role="alert"><p>SURVIVED</p><p>worker outcome: normal</p><p>test outcome: survived</p></div></div><pre class="location"><a href="pycharm://open?file=linked_list1.py&amp;line=41" class="text-secondary"><button class="btn btn-outline-dark">linked_list1.py, start pos: (41, 14), end pos: (41, 46)</button></a></pre><pre>operator: core/AddNot, occurrence: 10</pre><div class="alert alert-secondary"><pre class="diff">--- mutation diff ---
--- alinked_list1.py
+++ blinked_list1.py
@@ -38,7 +38,7 @@
         # reset slow pointer
         slow_pointer = self
         # move the pointers again at same speed, will meet at start
-        while slow_pointer is not fast_pointer:
+        while not slow_pointer is not fast_pointer:
             # print(slow_pointer.val, fast_pointer.val)
             slow_pointer = slow_pointer.next
             fast_pointer = fast_pointer.next</pre></div><div class="alert alert-secondary"><pre class="diff">============================= test session starts ==============================
platform linux -- Python 3.10.12, pytest-8.3.3, pluggy-1.5.0
rootdir: /home/teste/python_experiments2/linked-list1
collected 53 items

ALL-SMART/test_linked_list1_DYNAMOSA.py .............                    [ 24%]
ALL-SMART/test_linked_list1_MIO.py ...............                       [ 52%]
ALL-SMART/test_linked_list1_MOSA.py ...............                      [ 81%]
ALL-SMART/test_linked_list1_WHOLE_SUITE.py ..........                    [100%]

============================== 53 passed in 0.17s ==============================
</pre></div></div></div></div></div><div class="mb-1" id="job_list___sub_accordion_38"><div class="card"><a data-toggle="collapse" data-target="#job_list___sub_collapse_38_1" aria-expanded="false" aria-controls="job_list___sub_collapse_38_1" href="#" class="job_list___sub_multi_heading"><div role="alert" class="card-header alert-success" id="job_list___sub_heading_38_1"><button class="btn btn-outline-success"><span class="job_id">38 : Job ID 7266923bff0d44ffa9ca0e3680ba6a24</span></button></div></a><div aria-labelledby="job_list___sub_heading_38_1" data-parent="#job_list___sub_accordion_38" class="collapse job_list___sub_multi_collapse" id="job_list___sub_collapse_38_1"><div class="card-body"><div class="work-item"><div class="alert alert-success test-outcome" role="alert"><p>worker outcome: normal</p><p>test outcome: killed</p></div></div><pre class="location"><a href="pycharm://open?file=linked_list1.py&amp;line=51" class="text-secondary"><button class="btn btn-outline-dark">linked_list1.py, start pos: (51, 14), end pos: (51, 23)</button></a></pre><pre>operator: core/AddNot, occurrence: 11</pre><div class="alert alert-secondary"><pre class="diff">--- mutation diff ---
--- alinked_list1.py
+++ blinked_list1.py
@@ -48,7 +48,7 @@
     def reverse(self):
         prev = None
         head = self
-        while head.next:
+        while not head.next:
             next_node = head.next
             head.next = prev
             prev = head</pre></div><div class="alert alert-secondary"><pre class="diff">============================= test session starts ==============================
platform linux -- Python 3.10.12, pytest-8.3.3, pluggy-1.5.0
rootdir: /home/teste/python_experiments2/linked-list1
collected 53 items

ALL-SMART/test_linked_list1_DYNAMOSA.py ....F...FFFF.                    [ 24%]
ALL-SMART/test_linked_list1_MIO.py ..F.....FF.F...                       [ 52%]
ALL-SMART/test_linked_list1_MOSA.py ...FF....F..FFF                      [ 81%]
ALL-SMART/test_linked_list1_WHOLE_SUITE.py .F.FF..FF.                    [100%]

=========================== short test summary info ============================
FAILED ALL-SMART/test_linked_list1_DYNAMOSA.py::test_case_4 - AttributeError:...
FAILED ALL-SMART/test_linked_list1_DYNAMOSA.py::test_case_8 - AssertionError:...
FAILED ALL-SMART/test_linked_list1_DYNAMOSA.py::test_case_9 - AssertionError:...
FAILED ALL-SMART/test_linked_list1_DYNAMOSA.py::test_case_10 - AssertionError...
FAILED ALL-SMART/test_linked_list1_DYNAMOSA.py::test_case_11 - AttributeError...
FAILED ALL-SMART/test_linked_list1_MIO.py::test_case_2 - AssertionError: asse...
FAILED ALL-SMART/test_linked_list1_MIO.py::test_case_8 - AssertionError: asse...
FAILED ALL-SMART/test_linked_list1_MIO.py::test_case_9 - AssertionError: asse...
FAILED ALL-SMART/test_linked_list1_MIO.py::test_case_11 - AttributeError: 'No...
FAILED ALL-SMART/test_linked_list1_MOSA.py::test_case_3 - AttributeError: 'No...
FAILED ALL-SMART/test_linked_list1_MOSA.py::test_case_4 - AttributeError: 'No...
FAILED ALL-SMART/test_linked_list1_MOSA.py::test_case_9 - AttributeError: 'No...
FAILED ALL-SMART/test_linked_list1_MOSA.py::test_case_12 - AttributeError: 'N...
FAILED ALL-SMART/test_linked_list1_MOSA.py::test_case_13 - AttributeError: 'N...
FAILED ALL-SMART/test_linked_list1_MOSA.py::test_case_14 - AttributeError: 'N...
FAILED ALL-SMART/test_linked_list1_WHOLE_SUITE.py::test_case_1 - AttributeErr...
FAILED ALL-SMART/test_linked_list1_WHOLE_SUITE.py::test_case_3 - AssertionErr...
FAILED ALL-SMART/test_linked_list1_WHOLE_SUITE.py::test_case_4 - AssertionErr...
FAILED ALL-SMART/test_linked_list1_WHOLE_SUITE.py::test_case_7 - AttributeErr...
FAILED ALL-SMART/test_linked_list1_WHOLE_SUITE.py::test_case_8 - AttributeErr...
======================== 20 failed, 33 passed in 0.20s =========================
</pre></div></div></div></div></div><div class="mb-1" id="job_list___sub_accordion_39"><div class="card"><a data-toggle="collapse" data-target="#job_list___sub_collapse_39_1" aria-expanded="false" aria-controls="job_list___sub_collapse_39_1" href="#" class="job_list___sub_multi_heading"><div role="alert" class="card-header alert-success" id="job_list___sub_heading_39_1"><button class="btn btn-outline-success"><span class="job_id">39 : Job ID a42842c180b0440b97edf546ddb4c3d1</span></button></div></a><div aria-labelledby="job_list___sub_heading_39_1" data-parent="#job_list___sub_accordion_39" class="collapse job_list___sub_multi_collapse" id="job_list___sub_collapse_39_1"><div class="card-body"><div class="work-item"><div class="alert alert-success test-outcome" role="alert"><p>worker outcome: normal</p><p>test outcome: killed</p></div></div><pre class="location"><a href="pycharm://open?file=linked_list1.py&amp;line=61" class="text-secondary"><button class="btn btn-outline-dark">linked_list1.py, start pos: (61, 15), end pos: (61, 28)</button></a></pre><pre>operator: core/AddNot, occurrence: 12</pre><div class="alert alert-secondary"><pre class="diff">--- mutation diff ---
--- alinked_list1.py
+++ blinked_list1.py
@@ -58,7 +58,7 @@
 
     def reverse_recursive(self):
         def rev(node):
-            if not node.next:
+            if not not node.next:
                 rev.head = node
                 return
             rev(node.next)</pre></div><div class="alert alert-secondary"><pre class="diff">============================= test session starts ==============================
platform linux -- Python 3.10.12, pytest-8.3.3, pluggy-1.5.0
rootdir: /home/teste/python_experiments2/linked-list1
collected 53 items

ALL-SMART/test_linked_list1_DYNAMOSA.py ..F.FF...FFFF                    [ 24%]
ALL-SMART/test_linked_list1_MIO.py ..F..........F.                       [ 52%]
ALL-SMART/test_linked_list1_MOSA.py ...F.FF..F...FF                      [ 81%]
ALL-SMART/test_linked_list1_WHOLE_SUITE.py ..FFFFFFFF                    [100%]

=========================== short test summary info ============================
FAILED ALL-SMART/test_linked_list1_DYNAMOSA.py::test_case_2 - AttributeError:...
FAILED ALL-SMART/test_linked_list1_DYNAMOSA.py::test_case_4 - AttributeError:...
FAILED ALL-SMART/test_linked_list1_DYNAMOSA.py::test_case_5 - AssertionError:...
FAILED ALL-SMART/test_linked_list1_DYNAMOSA.py::test_case_9 - AssertionError:...
FAILED ALL-SMART/test_linked_list1_DYNAMOSA.py::test_case_10 - AssertionError...
FAILED ALL-SMART/test_linked_list1_DYNAMOSA.py::test_case_11 - AttributeError...
FAILED ALL-SMART/test_linked_list1_DYNAMOSA.py::test_case_12 - AssertionError...
FAILED ALL-SMART/test_linked_list1_MIO.py::test_case_2 - assert &lt;linked_list1...
FAILED ALL-SMART/test_linked_list1_MIO.py::test_case_13 - AttributeError: 'No...
FAILED ALL-SMART/test_linked_list1_MOSA.py::test_case_3 - AttributeError: 'No...
FAILED ALL-SMART/test_linked_list1_MOSA.py::test_case_5 - AssertionError: ass...
FAILED ALL-SMART/test_linked_list1_MOSA.py::test_case_6 - AttributeError: 'No...
FAILED ALL-SMART/test_linked_list1_MOSA.py::test_case_9 - AssertionError: ass...
FAILED ALL-SMART/test_linked_list1_MOSA.py::test_case_13 - AttributeError: 'N...
FAILED ALL-SMART/test_linked_list1_MOSA.py::test_case_14 - AttributeError: 'N...
FAILED ALL-SMART/test_linked_list1_WHOLE_SUITE.py::test_case_2 - AttributeErr...
FAILED ALL-SMART/test_linked_list1_WHOLE_SUITE.py::test_case_3 - AttributeErr...
FAILED ALL-SMART/test_linked_list1_WHOLE_SUITE.py::test_case_4 - AttributeErr...
FAILED ALL-SMART/test_linked_list1_WHOLE_SUITE.py::test_case_5 - AttributeErr...
FAILED ALL-SMART/test_linked_list1_WHOLE_SUITE.py::test_case_6 - AttributeErr...
FAILED ALL-SMART/test_linked_list1_WHOLE_SUITE.py::test_case_7 - AttributeErr...
FAILED ALL-SMART/test_linked_list1_WHOLE_SUITE.py::test_case_8 - AttributeErr...
FAILED ALL-SMART/test_linked_list1_WHOLE_SUITE.py::test_case_9 - AttributeErr...
======================== 23 failed, 30 passed in 0.19s =========================
</pre></div></div></div></div></div><div class="mb-1" id="job_list___sub_accordion_40"><div class="card"><a data-toggle="collapse" data-target="#job_list___sub_collapse_40_1" aria-expanded="false" aria-controls="job_list___sub_collapse_40_1" href="#" class="job_list___sub_multi_heading"><div role="alert" class="card-header alert-success" id="job_list___sub_heading_40_1"><button class="btn btn-outline-success"><span class="job_id">40 : Job ID 4934980723754d02bd4037ab3e1f5825</span></button></div></a><div aria-labelledby="job_list___sub_heading_40_1" data-parent="#job_list___sub_accordion_40" class="collapse job_list___sub_multi_collapse" id="job_list___sub_collapse_40_1"><div class="card-body"><div class="work-item"><div class="alert alert-success test-outcome" role="alert"><p>worker outcome: normal</p><p>test outcome: killed</p></div></div><pre class="location"><a href="pycharm://open?file=linked_list1.py&amp;line=22" class="text-secondary"><button class="btn btn-outline-dark">linked_list1.py, start pos: (22, 19), end pos: (22, 23)</button></a></pre><pre>operator: core/ReplaceTrueWithFalse, occurrence: 0</pre><div class="alert alert-secondary"><pre class="diff">--- mutation diff ---
--- alinked_list1.py
+++ blinked_list1.py
@@ -19,7 +19,7 @@
         if slow_pointer is None:
             return False
         else:
-            return True
+            return False
     
     def get_beginning_of_cycle_if_exists(self):
         # the list is only 1 node long, which cannot contain a cycle</pre></div><div class="alert alert-secondary"><pre class="diff">============================= test session starts ==============================
platform linux -- Python 3.10.12, pytest-8.3.3, pluggy-1.5.0
rootdir: /home/teste/python_experiments2/linked-list1
collected 53 items

ALL-SMART/test_linked_list1_DYNAMOSA.py .........FFF.                    [ 24%]
ALL-SMART/test_linked_list1_MIO.py .FF............                       [ 52%]
ALL-SMART/test_linked_list1_MOSA.py .........F..FFF                      [ 81%]
ALL-SMART/test_linked_list1_WHOLE_SUITE.py ....F.....                    [100%]

=========================== short test summary info ============================
FAILED ALL-SMART/test_linked_list1_DYNAMOSA.py::test_case_9 - assert False is...
FAILED ALL-SMART/test_linked_list1_DYNAMOSA.py::test_case_10 - assert False i...
FAILED ALL-SMART/test_linked_list1_DYNAMOSA.py::test_case_11 - assert False i...
FAILED ALL-SMART/test_linked_list1_MIO.py::test_case_1 - assert False is True
FAILED ALL-SMART/test_linked_list1_MIO.py::test_case_2 - assert False is True
FAILED ALL-SMART/test_linked_list1_MOSA.py::test_case_9 - assert False is True
FAILED ALL-SMART/test_linked_list1_MOSA.py::test_case_12 - assert False is True
FAILED ALL-SMART/test_linked_list1_MOSA.py::test_case_13 - assert False is True
FAILED ALL-SMART/test_linked_list1_MOSA.py::test_case_14 - assert False is True
FAILED ALL-SMART/test_linked_list1_WHOLE_SUITE.py::test_case_4 - assert False...
======================== 10 failed, 43 passed in 0.18s =========================
</pre></div></div></div></div></div><div class="mb-1" id="job_list___sub_accordion_41"><div class="card"><a data-toggle="collapse" data-target="#job_list___sub_collapse_41_1" aria-expanded="false" aria-controls="job_list___sub_collapse_41_1" href="#" class="job_list___sub_multi_heading"><div role="alert" class="card-header alert-success" id="job_list___sub_heading_41_1"><button class="btn btn-outline-success"><span class="job_id">41 : Job ID fe817e0dbe084f808f4cff4a7425ac72</span></button></div></a><div aria-labelledby="job_list___sub_heading_41_1" data-parent="#job_list___sub_accordion_41" class="collapse job_list___sub_multi_collapse" id="job_list___sub_collapse_41_1"><div class="card-body"><div class="work-item"><div class="alert alert-success test-outcome" role="alert"><p>worker outcome: normal</p><p>test outcome: killed</p></div></div><pre class="location"><a href="pycharm://open?file=linked_list1.py&amp;line=10" class="text-secondary"><button class="btn btn-outline-dark">linked_list1.py, start pos: (10, 19), end pos: (10, 24)</button></a></pre><pre>operator: core/ReplaceFalseWithTrue, occurrence: 0</pre><div class="alert alert-secondary"><pre class="diff">--- mutation diff ---
--- alinked_list1.py
+++ blinked_list1.py
@@ -7,7 +7,7 @@
     def contains_cycle(self):
         # the list is only 1 node long, which cannot contain a cycle
         if not self.next:
-            return False
+            return True
         slow_pointer = self.next        
         fast_pointer = self.next.next
 </pre></div><div class="alert alert-secondary"><pre class="diff">============================= test session starts ==============================
platform linux -- Python 3.10.12, pytest-8.3.3, pluggy-1.5.0
rootdir: /home/teste/python_experiments2/linked-list1
collected 53 items

ALL-SMART/test_linked_list1_DYNAMOSA.py .F.........F.                    [ 24%]
ALL-SMART/test_linked_list1_MIO.py ...F...........                       [ 52%]
ALL-SMART/test_linked_list1_MOSA.py .F.........F..F                      [ 81%]
ALL-SMART/test_linked_list1_WHOLE_SUITE.py ..F...FF..                    [100%]

=========================== short test summary info ============================
FAILED ALL-SMART/test_linked_list1_DYNAMOSA.py::test_case_1 - assert True is ...
FAILED ALL-SMART/test_linked_list1_DYNAMOSA.py::test_case_11 - assert True is...
FAILED ALL-SMART/test_linked_list1_MIO.py::test_case_3 - assert True is False
FAILED ALL-SMART/test_linked_list1_MOSA.py::test_case_1 - assert True is False
FAILED ALL-SMART/test_linked_list1_MOSA.py::test_case_11 - assert True is False
FAILED ALL-SMART/test_linked_list1_MOSA.py::test_case_14 - assert True is False
FAILED ALL-SMART/test_linked_list1_WHOLE_SUITE.py::test_case_2 - assert True ...
FAILED ALL-SMART/test_linked_list1_WHOLE_SUITE.py::test_case_6 - assert True ...
FAILED ALL-SMART/test_linked_list1_WHOLE_SUITE.py::test_case_7 - assert True ...
========================= 9 failed, 44 passed in 0.18s =========================
</pre></div></div></div></div></div><div class="mb-1" id="job_list___sub_accordion_42"><div class="card"><a data-toggle="collapse" data-target="#job_list___sub_collapse_42_1" aria-expanded="false" aria-controls="job_list___sub_collapse_42_1" href="#" class="job_list___sub_multi_heading"><div role="alert" class="card-header alert-success" id="job_list___sub_heading_42_1"><button class="btn btn-outline-success"><span class="job_id">42 : Job ID 5d26354334a54b628995a9fbd953b8b6</span></button></div></a><div aria-labelledby="job_list___sub_heading_42_1" data-parent="#job_list___sub_accordion_42" class="collapse job_list___sub_multi_collapse" id="job_list___sub_collapse_42_1"><div class="card-body"><div class="work-item"><div class="alert alert-success test-outcome" role="alert"><p>worker outcome: normal</p><p>test outcome: killed</p></div></div><pre class="location"><a href="pycharm://open?file=linked_list1.py&amp;line=20" class="text-secondary"><button class="btn btn-outline-dark">linked_list1.py, start pos: (20, 19), end pos: (20, 24)</button></a></pre><pre>operator: core/ReplaceFalseWithTrue, occurrence: 1</pre><div class="alert alert-secondary"><pre class="diff">--- mutation diff ---
--- alinked_list1.py
+++ blinked_list1.py
@@ -17,7 +17,7 @@
             if fast_pointer and fast_pointer.next:
                 fast_pointer = fast_pointer.next.next
         if slow_pointer is None:
-            return False
+            return True
         else:
             return True
     </pre></div><div class="alert alert-secondary"><pre class="diff">============================= test session starts ==============================
platform linux -- Python 3.10.12, pytest-8.3.3, pluggy-1.5.0
rootdir: /home/teste/python_experiments2/linked-list1
collected 53 items

ALL-SMART/test_linked_list1_DYNAMOSA.py F........FFFF                    [ 24%]
ALL-SMART/test_linked_list1_MIO.py F..............                       [ 52%]
ALL-SMART/test_linked_list1_MOSA.py F..FFFF......F.                      [ 81%]
ALL-SMART/test_linked_list1_WHOLE_SUITE.py ........F.                    [100%]

=========================== short test summary info ============================
FAILED ALL-SMART/test_linked_list1_DYNAMOSA.py::test_case_0 - assert True is ...
FAILED ALL-SMART/test_linked_list1_DYNAMOSA.py::test_case_9 - assert True is ...
FAILED ALL-SMART/test_linked_list1_DYNAMOSA.py::test_case_10 - assert True is...
FAILED ALL-SMART/test_linked_list1_DYNAMOSA.py::test_case_11 - assert True is...
FAILED ALL-SMART/test_linked_list1_DYNAMOSA.py::test_case_12 - assert True is...
FAILED ALL-SMART/test_linked_list1_MIO.py::test_case_0 - assert True is False
FAILED ALL-SMART/test_linked_list1_MOSA.py::test_case_0 - assert True is False
FAILED ALL-SMART/test_linked_list1_MOSA.py::test_case_3 - assert True is False
FAILED ALL-SMART/test_linked_list1_MOSA.py::test_case_4 - assert True is False
FAILED ALL-SMART/test_linked_list1_MOSA.py::test_case_5 - assert True is False
FAILED ALL-SMART/test_linked_list1_MOSA.py::test_case_6 - assert True is False
FAILED ALL-SMART/test_linked_list1_MOSA.py::test_case_13 - assert True is False
FAILED ALL-SMART/test_linked_list1_WHOLE_SUITE.py::test_case_8 - assert True ...
======================== 13 failed, 40 passed in 0.18s =========================
</pre></div></div></div></div></div><div class="mb-1" id="job_list___sub_accordion_43"><div class="card"><a data-toggle="collapse" data-target="#job_list___sub_collapse_43_1" aria-expanded="false" aria-controls="job_list___sub_collapse_43_1" href="#" class="job_list___sub_multi_heading"><div role="alert" class="card-header alert-success" id="job_list___sub_heading_43_1"><button class="btn btn-outline-success"><span class="job_id">43 : Job ID fa01dfab74f1464b8e9f4c6bda105213</span></button></div></a><div aria-labelledby="job_list___sub_heading_43_1" data-parent="#job_list___sub_accordion_43" class="collapse job_list___sub_multi_collapse" id="job_list___sub_collapse_43_1"><div class="card-body"><div class="work-item"><div class="alert alert-success test-outcome" role="alert"><p>worker outcome: normal</p><p>test outcome: killed</p></div></div><pre class="location"><a href="pycharm://open?file=linked_list1.py&amp;line=17" class="text-secondary"><button class="btn btn-outline-dark">linked_list1.py, start pos: (17, 28), end pos: (17, 31)</button></a></pre><pre>operator: core/ReplaceAndWithOr, occurrence: 0</pre><div class="alert alert-secondary"><pre class="diff">--- mutation diff ---
--- alinked_list1.py
+++ blinked_list1.py
@@ -14,7 +14,7 @@
         while slow_pointer is not fast_pointer:
             if slow_pointer:
                 slow_pointer = slow_pointer.next
-            if fast_pointer and fast_pointer.next:
+            if fast_pointer or fast_pointer.next:
                 fast_pointer = fast_pointer.next.next
         if slow_pointer is None:
             return False</pre></div><div class="alert alert-secondary"><pre class="diff">============================= test session starts ==============================
platform linux -- Python 3.10.12, pytest-8.3.3, pluggy-1.5.0
rootdir: /home/teste/python_experiments2/linked-list1
collected 53 items

ALL-SMART/test_linked_list1_DYNAMOSA.py F........FFFF                    [ 24%]
ALL-SMART/test_linked_list1_MIO.py FFF............                       [ 52%]
ALL-SMART/test_linked_list1_MOSA.py F..FFFF..F..FFF                      [ 81%]
ALL-SMART/test_linked_list1_WHOLE_SUITE.py ....F...F.                    [100%]

=========================== short test summary info ============================
FAILED ALL-SMART/test_linked_list1_DYNAMOSA.py::test_case_0 - AttributeError:...
FAILED ALL-SMART/test_linked_list1_DYNAMOSA.py::test_case_9 - AttributeError:...
FAILED ALL-SMART/test_linked_list1_DYNAMOSA.py::test_case_10 - AttributeError...
FAILED ALL-SMART/test_linked_list1_DYNAMOSA.py::test_case_11 - AttributeError...
FAILED ALL-SMART/test_linked_list1_DYNAMOSA.py::test_case_12 - AttributeError...
FAILED ALL-SMART/test_linked_list1_MIO.py::test_case_0 - AttributeError: 'Non...
FAILED ALL-SMART/test_linked_list1_MIO.py::test_case_1 - AttributeError: 'Non...
FAILED ALL-SMART/test_linked_list1_MIO.py::test_case_2 - AttributeError: 'Non...
FAILED ALL-SMART/test_linked_list1_MOSA.py::test_case_0 - AttributeError: 'No...
FAILED ALL-SMART/test_linked_list1_MOSA.py::test_case_3 - AttributeError: 'No...
FAILED ALL-SMART/test_linked_list1_MOSA.py::test_case_4 - AttributeError: 'No...
FAILED ALL-SMART/test_linked_list1_MOSA.py::test_case_5 - AttributeError: 'No...
FAILED ALL-SMART/test_linked_list1_MOSA.py::test_case_6 - AttributeError: 'No...
FAILED ALL-SMART/test_linked_list1_MOSA.py::test_case_9 - AttributeError: 'No...
FAILED ALL-SMART/test_linked_list1_MOSA.py::test_case_12 - AttributeError: 'N...
FAILED ALL-SMART/test_linked_list1_MOSA.py::test_case_13 - AttributeError: 'N...
FAILED ALL-SMART/test_linked_list1_MOSA.py::test_case_14 - AttributeError: 'N...
FAILED ALL-SMART/test_linked_list1_WHOLE_SUITE.py::test_case_4 - AttributeErr...
FAILED ALL-SMART/test_linked_list1_WHOLE_SUITE.py::test_case_8 - AttributeErr...
======================== 19 failed, 34 passed in 0.19s =========================
</pre></div></div></div></div></div><div class="mb-1" id="job_list___sub_accordion_44"><div class="card"><a data-toggle="collapse" data-target="#job_list___sub_collapse_44_1" aria-expanded="false" aria-controls="job_list___sub_collapse_44_1" href="#" class="job_list___sub_multi_heading"><div role="alert" class="card-header alert-success" id="job_list___sub_heading_44_1"><button class="btn btn-outline-success"><span class="job_id">44 : Job ID cd1f980d77d0439dbeb27af34e9879ce</span></button></div></a><div aria-labelledby="job_list___sub_heading_44_1" data-parent="#job_list___sub_accordion_44" class="collapse job_list___sub_multi_collapse" id="job_list___sub_collapse_44_1"><div class="card-body"><div class="work-item"><div class="alert alert-success test-outcome" role="alert"><p>worker outcome: normal</p><p>test outcome: killed</p></div></div><pre class="location"><a href="pycharm://open?file=linked_list1.py&amp;line=34" class="text-secondary"><button class="btn btn-outline-dark">linked_list1.py, start pos: (34, 28), end pos: (34, 31)</button></a></pre><pre>operator: core/ReplaceAndWithOr, occurrence: 1</pre><div class="alert alert-secondary"><pre class="diff">--- mutation diff ---
--- alinked_list1.py
+++ blinked_list1.py
@@ -31,7 +31,7 @@
         while slow_pointer is not fast_pointer:
             if slow_pointer:
                 slow_pointer = slow_pointer.next
-            if fast_pointer and fast_pointer.next:
+            if fast_pointer or fast_pointer.next:
                 fast_pointer = fast_pointer.next.next
         if slow_pointer is None:
             return None</pre></div><div class="alert alert-secondary"><pre class="diff">============================= test session starts ==============================
platform linux -- Python 3.10.12, pytest-8.3.3, pluggy-1.5.0
rootdir: /home/teste/python_experiments2/linked-list1
collected 53 items

ALL-SMART/test_linked_list1_DYNAMOSA.py .......F...FF                    [ 24%]
ALL-SMART/test_linked_list1_MIO.py ..F.F..........                       [ 52%]
ALL-SMART/test_linked_list1_MOSA.py ..FF....FF....F                      [ 81%]
ALL-SMART/test_linked_list1_WHOLE_SUITE.py ...FFF..F.                    [100%]

=========================== short test summary info ============================
FAILED ALL-SMART/test_linked_list1_DYNAMOSA.py::test_case_7 - AttributeError:...
FAILED ALL-SMART/test_linked_list1_DYNAMOSA.py::test_case_11 - AttributeError...
FAILED ALL-SMART/test_linked_list1_DYNAMOSA.py::test_case_12 - AttributeError...
FAILED ALL-SMART/test_linked_list1_MIO.py::test_case_2 - AttributeError: 'Non...
FAILED ALL-SMART/test_linked_list1_MIO.py::test_case_4 - AttributeError: 'Non...
FAILED ALL-SMART/test_linked_list1_MOSA.py::test_case_2 - AttributeError: 'No...
FAILED ALL-SMART/test_linked_list1_MOSA.py::test_case_3 - AttributeError: 'No...
FAILED ALL-SMART/test_linked_list1_MOSA.py::test_case_8 - AttributeError: 'No...
FAILED ALL-SMART/test_linked_list1_MOSA.py::test_case_9 - AttributeError: 'No...
FAILED ALL-SMART/test_linked_list1_MOSA.py::test_case_14 - AttributeError: 'N...
FAILED ALL-SMART/test_linked_list1_WHOLE_SUITE.py::test_case_3 - AttributeErr...
FAILED ALL-SMART/test_linked_list1_WHOLE_SUITE.py::test_case_4 - AttributeErr...
FAILED ALL-SMART/test_linked_list1_WHOLE_SUITE.py::test_case_5 - AttributeErr...
FAILED ALL-SMART/test_linked_list1_WHOLE_SUITE.py::test_case_8 - AttributeErr...
======================== 14 failed, 39 passed in 0.19s =========================
</pre></div></div></div></div></div></div></div></div></div></div><script src="https://code.jquery.com/jquery-3.3.1.slim.min.js" integrity="sha384-q8i/X+965DzO0rT7abK41JStQIAqVgRVzpbzo5smXKp4YfRvH+8abtTE1Pi6jizo" crossorigin="anonymous"></script><script src="https://cdnjs.cloudflare.com/ajax/libs/popper.js/1.14.7/umd/popper.min.js" integrity="sha384-UO2eT0CpHqdSJQ6hJty5KVphtPhzWj9WO1clHTMGa3JDZwrnQq4sF86dIHNDz0W1" crossorigin="anonymous"></script><script src="https://stackpath.bootstrapcdn.com/bootstrap/4.3.1/js/bootstrap.min.js" integrity="sha384-JjSmVgyd0p3pXB1rRibZUAYoIIy6OrQ6VrjIEaFf/nJGzIxFDsf4x0xIM+B07jRM" crossorigin="anonymous"></script><script type="text/javascript">$('div.job_list___sub_multi_collapse').on('shown.bs.collapse',  function () {    correct_behavior_functional_buttons();  });$('div.job_list___sub_multi_collapse').on('hidden.bs.collapse',  function () {    correct_behavior_functional_buttons();  });function correct_behavior_functional_buttons() {    var expand = false;    var collapse = false;    $('a.job_list___sub_multi_heading').each(function(index) {      if ($(this).attr('aria-expanded') == 'false') {        expand = true;        return false;      };    });    $('a.job_list___sub_multi_heading').each(function(index) {      if ($(this).attr('aria-expanded') == 'true') {        collapse = true;        return false;      };    });    if (expand) {      $('div#job_item_expand_all').css('display', 'inline-block');    } else {      $('div#job_item_expand_all').css('display', 'none');    };    if (collapse) {      $('div#job_item_collapse_all').css('display', 'inline-block');    } else {      $('div#job_item_collapse_all').css('display', 'none');    };  };correct_behavior_functional_buttons();</script></body></html>
