[*] Start mutation process:
   - targets: combinations.py
   - tests: ts-3-5/test_3-5_1-0_322.py
[*] 6 tests passed:
   - test_3-5_1-0_322 [0.14041 s]
[*] Start mutants generation and execution:
   - [#   1] AOR combinations: 
--------------------------------------------------------------------------------
   5:     '''
   6:     output = []
   7:     for i in range(0, len(string)):
   8:         output.append(string[i])
-  9:         for j in range(i + 1, len(string)):
+  9:         for j in range(i - 1, len(string)):
  10:             output.append(string[i:j + 1])
  11:     
  12:     return output
  13: 
--------------------------------------------------------------------------------
[0.17167 s] killed by ts-3-5/test_3-5_1-0_322.py::test_combinations_of_word[abc-expected_output0]

input_str = 'abc', expected_output = ['a', 'ab', 'abc', 'b', 'bc', 'c']

    @pytest.mark.parametrize("input_str, expected_output",
                             [
                                 ("abc", ['a', 'ab', 'abc', 'b', 'bc', 'c']),
                                 ("123", ['1', '12', '123', '2', '23', '3']),
                                 ("", [])
                             ])
    def test_combinations_of_word(input_str, expected_output):
>       assert combinations.combinations_of_word(input_str) == expected_output
E       AssertionError

ts-3-5/test_3-5_1-0_322.py:17: AssertionError
   - [#   2] AOR combinations: 
--------------------------------------------------------------------------------
   6:     output = []
   7:     for i in range(0, len(string)):
   8:         output.append(string[i])
   9:         for j in range(i + 1, len(string)):
- 10:             output.append(string[i:j + 1])
+ 10:             output.append(string[i:j - 1])
  11:     
  12:     return output
  13: 
  14: def combinations_of_phone_input(string: str):
--------------------------------------------------------------------------------
[0.17044 s] killed by ts-3-5/test_3-5_1-0_322.py::test_combinations_of_word[abc-expected_output0]

input_str = 'abc', expected_output = ['a', 'ab', 'abc', 'b', 'bc', 'c']

    @pytest.mark.parametrize("input_str, expected_output",
                             [
                                 ("abc", ['a', 'ab', 'abc', 'b', 'bc', 'c']),
                                 ("123", ['1', '12', '123', '2', '23', '3']),
                                 ("", [])
                             ])
    def test_combinations_of_word(input_str, expected_output):
>       assert combinations.combinations_of_word(input_str) == expected_output
E       AssertionError

ts-3-5/test_3-5_1-0_322.py:17: AssertionError
   - [#   3] AOR combinations: 
--------------------------------------------------------------------------------
  37:     
  38:     for i in range(1, len(string)):
  39:         temp = []
  40:         for output in outputs:
- 41:             temp = temp + [output + letter for letter in phone_mapper[string[i]]]
+ 41:             temp = temp - [output + letter for letter in phone_mapper[string[i]]]
  42:         outputs = temp
  43:     
  44:     return outputs
--------------------------------------------------------------------------------
[0.15045 s] incompetent

TypeError: combinations:41: TypeError: unsupported operand type(s) for -: 'list' and 'list'

   - [#   4] AOR combinations: 
--------------------------------------------------------------------------------
  37:     
  38:     for i in range(1, len(string)):
  39:         temp = []
  40:         for output in outputs:
- 41:             temp = temp + [output + letter for letter in phone_mapper[string[i]]]
+ 41:             temp = temp + [output - letter for letter in phone_mapper[string[i]]]
  42:         outputs = temp
  43:     
  44:     return outputs
--------------------------------------------------------------------------------
[0.15354 s] incompetent

TypeError: combinations:41: TypeError: unsupported operand type(s) for -: 'str' and 'str'

   - [#   5] OIL combinations: 
--------------------------------------------------------------------------------
   7:     for i in range(0, len(string)):
   8:         output.append(string[i])
   9:         for j in range(i + 1, len(string)):
  10:             output.append(string[i:j + 1])
- 11:     
+ 11:         break
  12:     return output
  13: 
  14: def combinations_of_phone_input(string: str):
  15:     """
--------------------------------------------------------------------------------
[0.15815 s] killed by ts-3-5/test_3-5_1-0_322.py::test_combinations_of_word[abc-expected_output0]

input_str = 'abc', expected_output = ['a', 'ab', 'abc', 'b', 'bc', 'c']

    @pytest.mark.parametrize("input_str, expected_output",
                             [
                                 ("abc", ['a', 'ab', 'abc', 'b', 'bc', 'c']),
                                 ("123", ['1', '12', '123', '2', '23', '3']),
                                 ("", [])
                             ])
    def test_combinations_of_word(input_str, expected_output):
>       assert combinations.combinations_of_word(input_str) == expected_output
E       AssertionError

ts-3-5/test_3-5_1-0_322.py:17: AssertionError
   - [#   6] OIL combinations: 
--------------------------------------------------------------------------------
   7:     for i in range(0, len(string)):
   8:         output.append(string[i])
   9:         for j in range(i + 1, len(string)):
  10:             output.append(string[i:j + 1])
- 11:     
+ 11:             break
  12:     return output
  13: 
  14: def combinations_of_phone_input(string: str):
  15:     """
--------------------------------------------------------------------------------
[0.15616 s] killed by ts-3-5/test_3-5_1-0_322.py::test_combinations_of_word[abc-expected_output0]

input_str = 'abc', expected_output = ['a', 'ab', 'abc', 'b', 'bc', 'c']

    @pytest.mark.parametrize("input_str, expected_output",
                             [
                                 ("abc", ['a', 'ab', 'abc', 'b', 'bc', 'c']),
                                 ("123", ['1', '12', '123', '2', '23', '3']),
                                 ("", [])
                             ])
    def test_combinations_of_word(input_str, expected_output):
>       assert combinations.combinations_of_word(input_str) == expected_output
E       AssertionError

ts-3-5/test_3-5_1-0_322.py:17: AssertionError
   - [#   7] OIL combinations: 
--------------------------------------------------------------------------------
  39:         temp = []
  40:         for output in outputs:
  41:             temp = temp + [output + letter for letter in phone_mapper[string[i]]]
  42:         outputs = temp
- 43:     
+ 43:         break
  44:     return outputs
--------------------------------------------------------------------------------
[0.17784 s] killed by ts-3-5/test_3-5_1-0_322.py::test_combinations_of_phone_input[234-expected_output2]

input_str = '234'
expected_output = ['adg', 'adh', 'adi', 'aeg', 'aeh', 'aei', ...]

    @pytest.mark.parametrize("input_str, expected_output",
                             [
                                 ("23", ['ad', 'ae', 'af', 'bd', 'be', 'bf', 'cd', 'ce', 'cf']),
                                 ("9", ['w', 'x', 'y', 'z']),
                                 ("234", ['adg', 'adh', 'adi', 'aeg', 'aeh', 'aei', 'afg', 'afh', 'afi', 'bdg', 'bdh', 'bdi', 'beg', 'beh', 'bei', 'bfg', 'bfh', 'bfi', 'cdg', 'cdh', 'cdi', 'ceg', 'ceh', 'cei', 'cfg', 'cfh', 'cfi'])
                             ])
    def test_combinations_of_phone_input(input_str, expected_output):
>       assert combinations.combinations_of_phone_input(input_str) == expected_output
E       AssertionError

ts-3-5/test_3-5_1-0_322.py:26: AssertionError
   - [#   8] OIL combinations: 
--------------------------------------------------------------------------------
  38:     for i in range(1, len(string)):
  39:         temp = []
  40:         for output in outputs:
  41:             temp = temp + [output + letter for letter in phone_mapper[string[i]]]
- 42:         outputs = temp
- 43:     
+ 42:             break
+ 43:         outputs = temp
  44:     return outputs
--------------------------------------------------------------------------------
[0.15569 s] killed by ts-3-5/test_3-5_1-0_322.py::test_combinations_of_phone_input[23-expected_output0]

input_str = '23', expected_output = ['ad', 'ae', 'af', 'bd', 'be', 'bf', ...]

    @pytest.mark.parametrize("input_str, expected_output",
                             [
                                 ("23", ['ad', 'ae', 'af', 'bd', 'be', 'bf', 'cd', 'ce', 'cf']),
                                 ("9", ['w', 'x', 'y', 'z']),
                                 ("234", ['adg', 'adh', 'adi', 'aeg', 'aeh', 'aei', 'afg', 'afh', 'afi', 'bdg', 'bdh', 'bdi', 'beg', 'beh', 'bei', 'bfg', 'bfh', 'bfi', 'cdg', 'cdh', 'cdi', 'ceg', 'ceh', 'cei', 'cfg', 'cfh', 'cfi'])
                             ])
    def test_combinations_of_phone_input(input_str, expected_output):
>       assert combinations.combinations_of_phone_input(input_str) == expected_output
E       AssertionError

ts-3-5/test_3-5_1-0_322.py:26: AssertionError
   - [#   9] RIL combinations: 
--------------------------------------------------------------------------------
   3:     Find all combinations of letters in a word.
   4: 
   5:     '''
   6:     output = []
-  7:     for i in range(0, len(string)):
+  7:     for i in reversed(range(0, len(string))):
   8:         output.append(string[i])
   9:         for j in range(i + 1, len(string)):
  10:             output.append(string[i:j + 1])
  11:     
--------------------------------------------------------------------------------
[0.15765 s] killed by ts-3-5/test_3-5_1-0_322.py::test_combinations_of_word[abc-expected_output0]

input_str = 'abc', expected_output = ['a', 'ab', 'abc', 'b', 'bc', 'c']

    @pytest.mark.parametrize("input_str, expected_output",
                             [
                                 ("abc", ['a', 'ab', 'abc', 'b', 'bc', 'c']),
                                 ("123", ['1', '12', '123', '2', '23', '3']),
                                 ("", [])
                             ])
    def test_combinations_of_word(input_str, expected_output):
>       assert combinations.combinations_of_word(input_str) == expected_output
E       AssertionError

ts-3-5/test_3-5_1-0_322.py:17: AssertionError
   - [#  10] RIL combinations: 
--------------------------------------------------------------------------------
   5:     '''
   6:     output = []
   7:     for i in range(0, len(string)):
   8:         output.append(string[i])
-  9:         for j in range(i + 1, len(string)):
+  9:         for j in reversed(range(i + 1, len(string))):
  10:             output.append(string[i:j + 1])
  11:     
  12:     return output
  13: 
--------------------------------------------------------------------------------
[0.16717 s] killed by ts-3-5/test_3-5_1-0_322.py::test_combinations_of_word[abc-expected_output0]

input_str = 'abc', expected_output = ['a', 'ab', 'abc', 'b', 'bc', 'c']

    @pytest.mark.parametrize("input_str, expected_output",
                             [
                                 ("abc", ['a', 'ab', 'abc', 'b', 'bc', 'c']),
                                 ("123", ['1', '12', '123', '2', '23', '3']),
                                 ("", [])
                             ])
    def test_combinations_of_word(input_str, expected_output):
>       assert combinations.combinations_of_word(input_str) == expected_output
E       AssertionError

ts-3-5/test_3-5_1-0_322.py:17: AssertionError
   - [#  11] RIL combinations: 
--------------------------------------------------------------------------------
  34:     
  35:     
  36:     outputs = [letter for letter in phone_mapper[string[0]]]
  37:     
- 38:     for i in range(1, len(string)):
+ 38:     for i in reversed(range(1, len(string))):
  39:         temp = []
  40:         for output in outputs:
  41:             temp = temp + [output + letter for letter in phone_mapper[string[i]]]
  42:         outputs = temp
--------------------------------------------------------------------------------
[0.16091 s] killed by ts-3-5/test_3-5_1-0_322.py::test_combinations_of_phone_input[234-expected_output2]

input_str = '234'
expected_output = ['adg', 'adh', 'adi', 'aeg', 'aeh', 'aei', ...]

    @pytest.mark.parametrize("input_str, expected_output",
                             [
                                 ("23", ['ad', 'ae', 'af', 'bd', 'be', 'bf', 'cd', 'ce', 'cf']),
                                 ("9", ['w', 'x', 'y', 'z']),
                                 ("234", ['adg', 'adh', 'adi', 'aeg', 'aeh', 'aei', 'afg', 'afh', 'afi', 'bdg', 'bdh', 'bdi', 'beg', 'beh', 'bei', 'bfg', 'bfh', 'bfi', 'cdg', 'cdh', 'cdi', 'ceg', 'ceh', 'cei', 'cfg', 'cfh', 'cfi'])
                             ])
    def test_combinations_of_phone_input(input_str, expected_output):
>       assert combinations.combinations_of_phone_input(input_str) == expected_output
E       AssertionError

ts-3-5/test_3-5_1-0_322.py:26: AssertionError
   - [#  12] RIL combinations: 
--------------------------------------------------------------------------------
  36:     outputs = [letter for letter in phone_mapper[string[0]]]
  37:     
  38:     for i in range(1, len(string)):
  39:         temp = []
- 40:         for output in outputs:
+ 40:         for output in reversed(outputs):
  41:             temp = temp + [output + letter for letter in phone_mapper[string[i]]]
  42:         outputs = temp
  43:     
  44:     return outputs
--------------------------------------------------------------------------------
[0.15873 s] killed by ts-3-5/test_3-5_1-0_322.py::test_combinations_of_phone_input[23-expected_output0]

input_str = '23', expected_output = ['ad', 'ae', 'af', 'bd', 'be', 'bf', ...]

    @pytest.mark.parametrize("input_str, expected_output",
                             [
                                 ("23", ['ad', 'ae', 'af', 'bd', 'be', 'bf', 'cd', 'ce', 'cf']),
                                 ("9", ['w', 'x', 'y', 'z']),
                                 ("234", ['adg', 'adh', 'adi', 'aeg', 'aeh', 'aei', 'afg', 'afh', 'afi', 'bdg', 'bdh', 'bdi', 'beg', 'beh', 'bei', 'bfg', 'bfh', 'bfi', 'cdg', 'cdh', 'cdi', 'ceg', 'ceh', 'cei', 'cfg', 'cfh', 'cfi'])
                             ])
    def test_combinations_of_phone_input(input_str, expected_output):
>       assert combinations.combinations_of_phone_input(input_str) == expected_output
E       AssertionError

ts-3-5/test_3-5_1-0_322.py:26: AssertionError
   - [#  13] SDL combinations: 
--------------------------------------------------------------------------------
   2:     '''
   3:     Find all combinations of letters in a word.
   4: 
   5:     '''
-  6:     output = []
+  6:     pass
   7:     for i in range(0, len(string)):
   8:         output.append(string[i])
   9:         for j in range(i + 1, len(string)):
  10:             output.append(string[i:j + 1])
--------------------------------------------------------------------------------
[0.15884 s] killed by ts-3-5/test_3-5_1-0_322.py::test_combinations_of_word[abc-expected_output0]

input_str = 'abc', expected_output = ['a', 'ab', 'abc', 'b', 'bc', 'c']

    @pytest.mark.parametrize("input_str, expected_output",
                             [
                                 ("abc", ['a', 'ab', 'abc', 'b', 'bc', 'c']),
                                 ("123", ['1', '12', '123', '2', '23', '3']),
                                 ("", [])
                             ])
    def test_combinations_of_word(input_str, expected_output):
>       assert combinations.combinations_of_word(input_str) == expected_output

ts-3-5/test_3-5_1-0_322.py:17: 
_ _ _ _ _ _ _ _ _ _ _ _ _ _ _ _ _ _ _ _ _ _ _ _ _ _ _ _ _ _ _ _ _ _ _ _ _ _ _ _ 

string = 'abc'

>   ???
E   NameError: name 'output' is not defined

combinations:8: NameError
   - [#  14] SDL combinations: 
--------------------------------------------------------------------------------
   4: 
   5:     '''
   6:     output = []
   7:     for i in range(0, len(string)):
-  8:         output.append(string[i])
+  8:         pass
   9:         for j in range(i + 1, len(string)):
  10:             output.append(string[i:j + 1])
  11:     
  12:     return output
--------------------------------------------------------------------------------
[0.16121 s] killed by ts-3-5/test_3-5_1-0_322.py::test_combinations_of_word[abc-expected_output0]

input_str = 'abc', expected_output = ['a', 'ab', 'abc', 'b', 'bc', 'c']

    @pytest.mark.parametrize("input_str, expected_output",
                             [
                                 ("abc", ['a', 'ab', 'abc', 'b', 'bc', 'c']),
                                 ("123", ['1', '12', '123', '2', '23', '3']),
                                 ("", [])
                             ])
    def test_combinations_of_word(input_str, expected_output):
>       assert combinations.combinations_of_word(input_str) == expected_output
E       AssertionError

ts-3-5/test_3-5_1-0_322.py:17: AssertionError
   - [#  15] SDL combinations: 
--------------------------------------------------------------------------------
   6:     output = []
   7:     for i in range(0, len(string)):
   8:         output.append(string[i])
   9:         for j in range(i + 1, len(string)):
- 10:             output.append(string[i:j + 1])
+ 10:             pass
  11:     
  12:     return output
  13: 
  14: def combinations_of_phone_input(string: str):
--------------------------------------------------------------------------------
[0.16261 s] killed by ts-3-5/test_3-5_1-0_322.py::test_combinations_of_word[abc-expected_output0]

input_str = 'abc', expected_output = ['a', 'ab', 'abc', 'b', 'bc', 'c']

    @pytest.mark.parametrize("input_str, expected_output",
                             [
                                 ("abc", ['a', 'ab', 'abc', 'b', 'bc', 'c']),
                                 ("123", ['1', '12', '123', '2', '23', '3']),
                                 ("", [])
                             ])
    def test_combinations_of_word(input_str, expected_output):
>       assert combinations.combinations_of_word(input_str) == expected_output
E       AssertionError

ts-3-5/test_3-5_1-0_322.py:17: AssertionError
   - [#  16] SDL combinations: 
--------------------------------------------------------------------------------
   8:         output.append(string[i])
   9:         for j in range(i + 1, len(string)):
  10:             output.append(string[i:j + 1])
  11:     
- 12:     return output
+ 12:     pass
  13: 
  14: def combinations_of_phone_input(string: str):
  15:     """
  16:     Find all permutations of phone numbers in an input of numbers.
--------------------------------------------------------------------------------
[0.15838 s] killed by ts-3-5/test_3-5_1-0_322.py::test_combinations_of_word[abc-expected_output0]

input_str = 'abc', expected_output = ['a', 'ab', 'abc', 'b', 'bc', 'c']

    @pytest.mark.parametrize("input_str, expected_output",
                             [
                                 ("abc", ['a', 'ab', 'abc', 'b', 'bc', 'c']),
                                 ("123", ['1', '12', '123', '2', '23', '3']),
                                 ("", [])
                             ])
    def test_combinations_of_word(input_str, expected_output):
>       assert combinations.combinations_of_word(input_str) == expected_output
E       AssertionError

ts-3-5/test_3-5_1-0_322.py:17: AssertionError
   - [#  17] SDL combinations: 
--------------------------------------------------------------------------------
  20:     contain all combinations possible.  Only combinations that are
  21:     full length using all input numbers in the string.
  22: 
  23:     """
- 24:     phone_mapper = {\
- 25:         '1': [], \
- 26:         '2': ['a', 'b', 'c'], \
- 27:         '3': ['d', 'e', 'f'], \
- 28:         '4': ['g', 'h', 'i'], \
- 29:         '5': ['j', 'k', 'l'], \
- 30:         '6': ['m', 'n', 'o'], \
- 31:         '7': ['p', 'q', 'r', 's'], \
- 32:         '8': ['t', 'u', 'v'], \
- 33:         '9': ['w', 'x', 'y', 'z']}
+ 24:     pass
+ 25:     
+ 26:     
+ 27:     
+ 28:     
+ 29:     
+ 30:     
+ 31:     
+ 32:     
+ 33:     
  34:     
  35:     
  36:     outputs = [letter for letter in phone_mapper[string[0]]]
  37:     
--------------------------------------------------------------------------------
[0.15925 s] killed by ts-3-5/test_3-5_1-0_322.py::test_combinations_of_phone_input[23-expected_output0]

input_str = '23', expected_output = ['ad', 'ae', 'af', 'bd', 'be', 'bf', ...]

    @pytest.mark.parametrize("input_str, expected_output",
                             [
                                 ("23", ['ad', 'ae', 'af', 'bd', 'be', 'bf', 'cd', 'ce', 'cf']),
                                 ("9", ['w', 'x', 'y', 'z']),
                                 ("234", ['adg', 'adh', 'adi', 'aeg', 'aeh', 'aei', 'afg', 'afh', 'afi', 'bdg', 'bdh', 'bdi', 'beg', 'beh', 'bei', 'bfg', 'bfh', 'bfi', 'cdg', 'cdh', 'cdi', 'ceg', 'ceh', 'cei', 'cfg', 'cfh', 'cfi'])
                             ])
    def test_combinations_of_phone_input(input_str, expected_output):
>       assert combinations.combinations_of_phone_input(input_str) == expected_output

ts-3-5/test_3-5_1-0_322.py:26: 
_ _ _ _ _ _ _ _ _ _ _ _ _ _ _ _ _ _ _ _ _ _ _ _ _ _ _ _ _ _ _ _ _ _ _ _ _ _ _ _ 

string = '23'

>   ???
E   NameError: name 'phone_mapper' is not defined

combinations:36: NameError
   - [#  18] SDL combinations: 
--------------------------------------------------------------------------------
  32:         '8': ['t', 'u', 'v'], \
  33:         '9': ['w', 'x', 'y', 'z']}
  34:     
  35:     
- 36:     outputs = [letter for letter in phone_mapper[string[0]]]
+ 36:     pass
  37:     
  38:     for i in range(1, len(string)):
  39:         temp = []
  40:         for output in outputs:
--------------------------------------------------------------------------------
[0.16083 s] killed by ts-3-5/test_3-5_1-0_322.py::test_combinations_of_phone_input[23-expected_output0]

input_str = '23', expected_output = ['ad', 'ae', 'af', 'bd', 'be', 'bf', ...]

    @pytest.mark.parametrize("input_str, expected_output",
                             [
                                 ("23", ['ad', 'ae', 'af', 'bd', 'be', 'bf', 'cd', 'ce', 'cf']),
                                 ("9", ['w', 'x', 'y', 'z']),
                                 ("234", ['adg', 'adh', 'adi', 'aeg', 'aeh', 'aei', 'afg', 'afh', 'afi', 'bdg', 'bdh', 'bdi', 'beg', 'beh', 'bei', 'bfg', 'bfh', 'bfi', 'cdg', 'cdh', 'cdi', 'ceg', 'ceh', 'cei', 'cfg', 'cfh', 'cfi'])
                             ])
    def test_combinations_of_phone_input(input_str, expected_output):
>       assert combinations.combinations_of_phone_input(input_str) == expected_output

ts-3-5/test_3-5_1-0_322.py:26: 
_ _ _ _ _ _ _ _ _ _ _ _ _ _ _ _ _ _ _ _ _ _ _ _ _ _ _ _ _ _ _ _ _ _ _ _ _ _ _ _ 

string = '23'

>   ???
E   UnboundLocalError: local variable 'outputs' referenced before assignment

combinations:40: UnboundLocalError
   - [#  19] SDL combinations: 
--------------------------------------------------------------------------------
  35:     
  36:     outputs = [letter for letter in phone_mapper[string[0]]]
  37:     
  38:     for i in range(1, len(string)):
- 39:         temp = []
+ 39:         pass
  40:         for output in outputs:
  41:             temp = temp + [output + letter for letter in phone_mapper[string[i]]]
  42:         outputs = temp
  43:     
--------------------------------------------------------------------------------
[0.16073 s] killed by ts-3-5/test_3-5_1-0_322.py::test_combinations_of_phone_input[23-expected_output0]

input_str = '23', expected_output = ['ad', 'ae', 'af', 'bd', 'be', 'bf', ...]

    @pytest.mark.parametrize("input_str, expected_output",
                             [
                                 ("23", ['ad', 'ae', 'af', 'bd', 'be', 'bf', 'cd', 'ce', 'cf']),
                                 ("9", ['w', 'x', 'y', 'z']),
                                 ("234", ['adg', 'adh', 'adi', 'aeg', 'aeh', 'aei', 'afg', 'afh', 'afi', 'bdg', 'bdh', 'bdi', 'beg', 'beh', 'bei', 'bfg', 'bfh', 'bfi', 'cdg', 'cdh', 'cdi', 'ceg', 'ceh', 'cei', 'cfg', 'cfh', 'cfi'])
                             ])
    def test_combinations_of_phone_input(input_str, expected_output):
>       assert combinations.combinations_of_phone_input(input_str) == expected_output

ts-3-5/test_3-5_1-0_322.py:26: 
_ _ _ _ _ _ _ _ _ _ _ _ _ _ _ _ _ _ _ _ _ _ _ _ _ _ _ _ _ _ _ _ _ _ _ _ _ _ _ _ 

string = '23'

>   ???
E   UnboundLocalError: local variable 'temp' referenced before assignment

combinations:41: UnboundLocalError
   - [#  20] SDL combinations: 
--------------------------------------------------------------------------------
  37:     
  38:     for i in range(1, len(string)):
  39:         temp = []
  40:         for output in outputs:
- 41:             temp = temp + [output + letter for letter in phone_mapper[string[i]]]
+ 41:             pass
  42:         outputs = temp
  43:     
  44:     return outputs
--------------------------------------------------------------------------------
[0.16109 s] killed by ts-3-5/test_3-5_1-0_322.py::test_combinations_of_phone_input[23-expected_output0]

input_str = '23', expected_output = ['ad', 'ae', 'af', 'bd', 'be', 'bf', ...]

    @pytest.mark.parametrize("input_str, expected_output",
                             [
                                 ("23", ['ad', 'ae', 'af', 'bd', 'be', 'bf', 'cd', 'ce', 'cf']),
                                 ("9", ['w', 'x', 'y', 'z']),
                                 ("234", ['adg', 'adh', 'adi', 'aeg', 'aeh', 'aei', 'afg', 'afh', 'afi', 'bdg', 'bdh', 'bdi', 'beg', 'beh', 'bei', 'bfg', 'bfh', 'bfi', 'cdg', 'cdh', 'cdi', 'ceg', 'ceh', 'cei', 'cfg', 'cfh', 'cfi'])
                             ])
    def test_combinations_of_phone_input(input_str, expected_output):
>       assert combinations.combinations_of_phone_input(input_str) == expected_output
E       AssertionError

ts-3-5/test_3-5_1-0_322.py:26: AssertionError
   - [#  21] SDL combinations: 
--------------------------------------------------------------------------------
  38:     for i in range(1, len(string)):
  39:         temp = []
  40:         for output in outputs:
  41:             temp = temp + [output + letter for letter in phone_mapper[string[i]]]
- 42:         outputs = temp
+ 42:         pass
  43:     
  44:     return outputs
--------------------------------------------------------------------------------
[0.15763 s] killed by ts-3-5/test_3-5_1-0_322.py::test_combinations_of_phone_input[23-expected_output0]

input_str = '23', expected_output = ['ad', 'ae', 'af', 'bd', 'be', 'bf', ...]

    @pytest.mark.parametrize("input_str, expected_output",
                             [
                                 ("23", ['ad', 'ae', 'af', 'bd', 'be', 'bf', 'cd', 'ce', 'cf']),
                                 ("9", ['w', 'x', 'y', 'z']),
                                 ("234", ['adg', 'adh', 'adi', 'aeg', 'aeh', 'aei', 'afg', 'afh', 'afi', 'bdg', 'bdh', 'bdi', 'beg', 'beh', 'bei', 'bfg', 'bfh', 'bfi', 'cdg', 'cdh', 'cdi', 'ceg', 'ceh', 'cei', 'cfg', 'cfh', 'cfi'])
                             ])
    def test_combinations_of_phone_input(input_str, expected_output):
>       assert combinations.combinations_of_phone_input(input_str) == expected_output
E       AssertionError

ts-3-5/test_3-5_1-0_322.py:26: AssertionError
   - [#  22] SDL combinations: 
--------------------------------------------------------------------------------
  40:         for output in outputs:
  41:             temp = temp + [output + letter for letter in phone_mapper[string[i]]]
  42:         outputs = temp
  43:     
- 44:     return outputs
+ 44:     pass
--------------------------------------------------------------------------------
[0.15591 s] killed by ts-3-5/test_3-5_1-0_322.py::test_combinations_of_phone_input[23-expected_output0]

input_str = '23', expected_output = ['ad', 'ae', 'af', 'bd', 'be', 'bf', ...]

    @pytest.mark.parametrize("input_str, expected_output",
                             [
                                 ("23", ['ad', 'ae', 'af', 'bd', 'be', 'bf', 'cd', 'ce', 'cf']),
                                 ("9", ['w', 'x', 'y', 'z']),
                                 ("234", ['adg', 'adh', 'adi', 'aeg', 'aeh', 'aei', 'afg', 'afh', 'afi', 'bdg', 'bdh', 'bdi', 'beg', 'beh', 'bei', 'bfg', 'bfh', 'bfi', 'cdg', 'cdh', 'cdi', 'ceg', 'ceh', 'cei', 'cfg', 'cfh', 'cfi'])
                             ])
    def test_combinations_of_phone_input(input_str, expected_output):
>       assert combinations.combinations_of_phone_input(input_str) == expected_output
E       AssertionError

ts-3-5/test_3-5_1-0_322.py:26: AssertionError
   - [#  23] SIR combinations: 
--------------------------------------------------------------------------------
   6:     output = []
   7:     for i in range(0, len(string)):
   8:         output.append(string[i])
   9:         for j in range(i + 1, len(string)):
- 10:             output.append(string[i:j + 1])
+ 10:             output.append(string[:j + 1])
  11:     
  12:     return output
  13: 
  14: def combinations_of_phone_input(string: str):
--------------------------------------------------------------------------------
[0.16021 s] killed by ts-3-5/test_3-5_1-0_322.py::test_combinations_of_word[abc-expected_output0]

input_str = 'abc', expected_output = ['a', 'ab', 'abc', 'b', 'bc', 'c']

    @pytest.mark.parametrize("input_str, expected_output",
                             [
                                 ("abc", ['a', 'ab', 'abc', 'b', 'bc', 'c']),
                                 ("123", ['1', '12', '123', '2', '23', '3']),
                                 ("", [])
                             ])
    def test_combinations_of_word(input_str, expected_output):
>       assert combinations.combinations_of_word(input_str) == expected_output
E       AssertionError

ts-3-5/test_3-5_1-0_322.py:17: AssertionError
   - [#  24] SIR combinations: 
--------------------------------------------------------------------------------
   6:     output = []
   7:     for i in range(0, len(string)):
   8:         output.append(string[i])
   9:         for j in range(i + 1, len(string)):
- 10:             output.append(string[i:j + 1])
+ 10:             output.append(string[i:])
  11:     
  12:     return output
  13: 
  14: def combinations_of_phone_input(string: str):
--------------------------------------------------------------------------------
[0.15312 s] killed by ts-3-5/test_3-5_1-0_322.py::test_combinations_of_word[abc-expected_output0]

input_str = 'abc', expected_output = ['a', 'ab', 'abc', 'b', 'bc', 'c']

    @pytest.mark.parametrize("input_str, expected_output",
                             [
                                 ("abc", ['a', 'ab', 'abc', 'b', 'bc', 'c']),
                                 ("123", ['1', '12', '123', '2', '23', '3']),
                                 ("", [])
                             ])
    def test_combinations_of_word(input_str, expected_output):
>       assert combinations.combinations_of_word(input_str) == expected_output
E       AssertionError

ts-3-5/test_3-5_1-0_322.py:17: AssertionError
   - [#  25] ZIL combinations: 
--------------------------------------------------------------------------------
   4: 
   5:     '''
   6:     output = []
   7:     for i in range(0, len(string)):
-  8:         output.append(string[i])
-  9:         for j in range(i + 1, len(string)):
- 10:             output.append(string[i:j + 1])
+  8:         break
+  9:     
+ 10:     
  11:     
  12:     return output
  13: 
  14: def combinations_of_phone_input(string: str):
--------------------------------------------------------------------------------
[0.15687 s] killed by ts-3-5/test_3-5_1-0_322.py::test_combinations_of_word[abc-expected_output0]

input_str = 'abc', expected_output = ['a', 'ab', 'abc', 'b', 'bc', 'c']

    @pytest.mark.parametrize("input_str, expected_output",
                             [
                                 ("abc", ['a', 'ab', 'abc', 'b', 'bc', 'c']),
                                 ("123", ['1', '12', '123', '2', '23', '3']),
                                 ("", [])
                             ])
    def test_combinations_of_word(input_str, expected_output):
>       assert combinations.combinations_of_word(input_str) == expected_output
E       AssertionError

ts-3-5/test_3-5_1-0_322.py:17: AssertionError
   - [#  26] ZIL combinations: 
--------------------------------------------------------------------------------
   6:     output = []
   7:     for i in range(0, len(string)):
   8:         output.append(string[i])
   9:         for j in range(i + 1, len(string)):
- 10:             output.append(string[i:j + 1])
+ 10:             break
  11:     
  12:     return output
  13: 
  14: def combinations_of_phone_input(string: str):
--------------------------------------------------------------------------------
[0.17319 s] killed by ts-3-5/test_3-5_1-0_322.py::test_combinations_of_word[abc-expected_output0]

input_str = 'abc', expected_output = ['a', 'ab', 'abc', 'b', 'bc', 'c']

    @pytest.mark.parametrize("input_str, expected_output",
                             [
                                 ("abc", ['a', 'ab', 'abc', 'b', 'bc', 'c']),
                                 ("123", ['1', '12', '123', '2', '23', '3']),
                                 ("", [])
                             ])
    def test_combinations_of_word(input_str, expected_output):
>       assert combinations.combinations_of_word(input_str) == expected_output
E       AssertionError

ts-3-5/test_3-5_1-0_322.py:17: AssertionError
   - [#  27] ZIL combinations: 
--------------------------------------------------------------------------------
  35:     
  36:     outputs = [letter for letter in phone_mapper[string[0]]]
  37:     
  38:     for i in range(1, len(string)):
- 39:         temp = []
- 40:         for output in outputs:
- 41:             temp = temp + [output + letter for letter in phone_mapper[string[i]]]
- 42:         outputs = temp
+ 39:         break
+ 40:     
+ 41:     
+ 42:     
  43:     
  44:     return outputs
--------------------------------------------------------------------------------
[0.17211 s] killed by ts-3-5/test_3-5_1-0_322.py::test_combinations_of_phone_input[23-expected_output0]

input_str = '23', expected_output = ['ad', 'ae', 'af', 'bd', 'be', 'bf', ...]

    @pytest.mark.parametrize("input_str, expected_output",
                             [
                                 ("23", ['ad', 'ae', 'af', 'bd', 'be', 'bf', 'cd', 'ce', 'cf']),
                                 ("9", ['w', 'x', 'y', 'z']),
                                 ("234", ['adg', 'adh', 'adi', 'aeg', 'aeh', 'aei', 'afg', 'afh', 'afi', 'bdg', 'bdh', 'bdi', 'beg', 'beh', 'bei', 'bfg', 'bfh', 'bfi', 'cdg', 'cdh', 'cdi', 'ceg', 'ceh', 'cei', 'cfg', 'cfh', 'cfi'])
                             ])
    def test_combinations_of_phone_input(input_str, expected_output):
>       assert combinations.combinations_of_phone_input(input_str) == expected_output
E       AssertionError

ts-3-5/test_3-5_1-0_322.py:26: AssertionError
   - [#  28] ZIL combinations: 
--------------------------------------------------------------------------------
  37:     
  38:     for i in range(1, len(string)):
  39:         temp = []
  40:         for output in outputs:
- 41:             temp = temp + [output + letter for letter in phone_mapper[string[i]]]
+ 41:             break
  42:         outputs = temp
  43:     
  44:     return outputs
--------------------------------------------------------------------------------
[0.15613 s] killed by ts-3-5/test_3-5_1-0_322.py::test_combinations_of_phone_input[23-expected_output0]

input_str = '23', expected_output = ['ad', 'ae', 'af', 'bd', 'be', 'bf', ...]

    @pytest.mark.parametrize("input_str, expected_output",
                             [
                                 ("23", ['ad', 'ae', 'af', 'bd', 'be', 'bf', 'cd', 'ce', 'cf']),
                                 ("9", ['w', 'x', 'y', 'z']),
                                 ("234", ['adg', 'adh', 'adi', 'aeg', 'aeh', 'aei', 'afg', 'afh', 'afi', 'bdg', 'bdh', 'bdi', 'beg', 'beh', 'bei', 'bfg', 'bfh', 'bfi', 'cdg', 'cdh', 'cdi', 'ceg', 'ceh', 'cei', 'cfg', 'cfh', 'cfi'])
                             ])
    def test_combinations_of_phone_input(input_str, expected_output):
>       assert combinations.combinations_of_phone_input(input_str) == expected_output
E       AssertionError

ts-3-5/test_3-5_1-0_322.py:26: AssertionError
[*] Mutation score [5.39586 s]: 100.0%
   - all: 28
   - killed: 26 (92.9%)
   - survived: 0 (0.0%)
   - incompetent: 2 (7.1%)
   - timeout: 0 (0.0%)
