[*] Start mutation process:
   - targets: fizz_buzz.py
   - tests: ts-3-5/test_3-5_0-8_269.py
[*] 5 tests passed:
   - test_3-5_0-8_269 [0.12361 s]
[*] Start mutants generation and execution:
   - [#   1] AOR fizz_buzz: 
--------------------------------------------------------------------------------
  5:     divisible by 5, add "Buzz", if it is 
  6:     divisible by both, add "FizzBuzz"
  7: 
  8:     '''
- 9:     return [(('Fizz' if x % 3 == 0 else '') + ('Buzz' if x % 5 == 0 else '') or str(x)) for x in range(1, n + 1)]
+ 9:     return [(('Fizz' if x * 3 == 0 else '') + ('Buzz' if x % 5 == 0 else '') or str(x)) for x in range(1, n + 1)]
--------------------------------------------------------------------------------
[0.15703 s] killed by ts-3-5/test_3-5_0-8_269.py::test_fizz_buzz_divisible_by_3

def test_fizz_buzz_divisible_by_3():
>       assert fizz_buzz(6) == ['1', '2', 'Fizz', '4', 'Buzz', 'Fizz']
E       AssertionError

ts-3-5/test_3-5_0-8_269.py:12: AssertionError
   - [#   2] AOR fizz_buzz: 
--------------------------------------------------------------------------------
  5:     divisible by 5, add "Buzz", if it is 
  6:     divisible by both, add "FizzBuzz"
  7: 
  8:     '''
- 9:     return [(('Fizz' if x % 3 == 0 else '') + ('Buzz' if x % 5 == 0 else '') or str(x)) for x in range(1, n + 1)]
+ 9:     return [(('Fizz' if x % 3 == 0 else '') - ('Buzz' if x % 5 == 0 else '') or str(x)) for x in range(1, n + 1)]
--------------------------------------------------------------------------------
[0.14034 s] incompetent

TypeError: fizz_buzz:9: TypeError: unsupported operand type(s) for -: 'str' and 'str'

   - [#   3] AOR fizz_buzz: 
--------------------------------------------------------------------------------
  5:     divisible by 5, add "Buzz", if it is 
  6:     divisible by both, add "FizzBuzz"
  7: 
  8:     '''
- 9:     return [(('Fizz' if x % 3 == 0 else '') + ('Buzz' if x % 5 == 0 else '') or str(x)) for x in range(1, n + 1)]
+ 9:     return [(('Fizz' if x % 3 == 0 else '') + ('Buzz' if x * 5 == 0 else '') or str(x)) for x in range(1, n + 1)]
--------------------------------------------------------------------------------
[0.14526 s] killed by ts-3-5/test_3-5_0-8_269.py::test_fizz_buzz_divisible_by_3

def test_fizz_buzz_divisible_by_3():
>       assert fizz_buzz(6) == ['1', '2', 'Fizz', '4', 'Buzz', 'Fizz']
E       AssertionError

ts-3-5/test_3-5_0-8_269.py:12: AssertionError
   - [#   4] AOR fizz_buzz: 
--------------------------------------------------------------------------------
  5:     divisible by 5, add "Buzz", if it is 
  6:     divisible by both, add "FizzBuzz"
  7: 
  8:     '''
- 9:     return [(('Fizz' if x % 3 == 0 else '') + ('Buzz' if x % 5 == 0 else '') or str(x)) for x in range(1, n + 1)]
+ 9:     return [(('Fizz' if x % 3 == 0 else '') + ('Buzz' if x % 5 == 0 else '') or str(x)) for x in range(1, n - 1)]
--------------------------------------------------------------------------------
[0.15079 s] killed by ts-3-5/test_3-5_0-8_269.py::test_fizz_buzz_divisible_by_3

def test_fizz_buzz_divisible_by_3():
>       assert fizz_buzz(6) == ['1', '2', 'Fizz', '4', 'Buzz', 'Fizz']
E       AssertionError

ts-3-5/test_3-5_0-8_269.py:12: AssertionError
   - [#   5] LCR fizz_buzz: 
--------------------------------------------------------------------------------
  5:     divisible by 5, add "Buzz", if it is 
  6:     divisible by both, add "FizzBuzz"
  7: 
  8:     '''
- 9:     return [(('Fizz' if x % 3 == 0 else '') + ('Buzz' if x % 5 == 0 else '') or str(x)) for x in range(1, n + 1)]
+ 9:     return [(('Fizz' if x % 3 == 0 else '') + ('Buzz' if x % 5 == 0 else '') and str(x)) for x in range(1, n + 1)]
--------------------------------------------------------------------------------
[0.16664 s] killed by ts-3-5/test_3-5_0-8_269.py::test_fizz_buzz_divisible_by_3

def test_fizz_buzz_divisible_by_3():
>       assert fizz_buzz(6) == ['1', '2', 'Fizz', '4', 'Buzz', 'Fizz']
E       AssertionError

ts-3-5/test_3-5_0-8_269.py:12: AssertionError
   - [#   6] ROR fizz_buzz: 
--------------------------------------------------------------------------------
  5:     divisible by 5, add "Buzz", if it is 
  6:     divisible by both, add "FizzBuzz"
  7: 
  8:     '''
- 9:     return [(('Fizz' if x % 3 == 0 else '') + ('Buzz' if x % 5 == 0 else '') or str(x)) for x in range(1, n + 1)]
+ 9:     return [(('Fizz' if x % 3 != 0 else '') + ('Buzz' if x % 5 == 0 else '') or str(x)) for x in range(1, n + 1)]
--------------------------------------------------------------------------------
[0.15288 s] killed by ts-3-5/test_3-5_0-8_269.py::test_fizz_buzz_divisible_by_3

def test_fizz_buzz_divisible_by_3():
>       assert fizz_buzz(6) == ['1', '2', 'Fizz', '4', 'Buzz', 'Fizz']
E       AssertionError

ts-3-5/test_3-5_0-8_269.py:12: AssertionError
   - [#   7] ROR fizz_buzz: 
--------------------------------------------------------------------------------
  5:     divisible by 5, add "Buzz", if it is 
  6:     divisible by both, add "FizzBuzz"
  7: 
  8:     '''
- 9:     return [(('Fizz' if x % 3 == 0 else '') + ('Buzz' if x % 5 == 0 else '') or str(x)) for x in range(1, n + 1)]
+ 9:     return [(('Fizz' if x % 3 == 0 else '') + ('Buzz' if x % 5 != 0 else '') or str(x)) for x in range(1, n + 1)]
--------------------------------------------------------------------------------
[0.15631 s] killed by ts-3-5/test_3-5_0-8_269.py::test_fizz_buzz_divisible_by_3

def test_fizz_buzz_divisible_by_3():
>       assert fizz_buzz(6) == ['1', '2', 'Fizz', '4', 'Buzz', 'Fizz']
E       AssertionError

ts-3-5/test_3-5_0-8_269.py:12: AssertionError
   - [#   8] SDL fizz_buzz: 
--------------------------------------------------------------------------------
  5:     divisible by 5, add "Buzz", if it is 
  6:     divisible by both, add "FizzBuzz"
  7: 
  8:     '''
- 9:     return [(('Fizz' if x % 3 == 0 else '') + ('Buzz' if x % 5 == 0 else '') or str(x)) for x in range(1, n + 1)]
+ 9:     pass
--------------------------------------------------------------------------------
[0.15390 s] killed by ts-3-5/test_3-5_0-8_269.py::test_fizz_buzz_divisible_by_3

def test_fizz_buzz_divisible_by_3():
>       assert fizz_buzz(6) == ['1', '2', 'Fizz', '4', 'Buzz', 'Fizz']
E       AssertionError

ts-3-5/test_3-5_0-8_269.py:12: AssertionError
[*] Mutation score [1.47684 s]: 100.0%
   - all: 8
   - killed: 7 (87.5%)
   - survived: 0 (0.0%)
   - incompetent: 1 (12.5%)
   - timeout: 0 (0.0%)
