[*] Start mutation process:
   - targets: first_missing_positive.py
   - tests: ts-3-5/test_3-5_1-0_323.py
[*] 5 tests passed:
   - test_3-5_1-0_323 [0.11336 s]
[*] Start mutants generation and execution:
   - [#   1] AOR first_missing_positive: 
--------------------------------------------------------------------------------
  24:         The first integer greater than 0 that is not 
  25:         present in the input list.
  26:     """
  27:     start = 0
- 28:     end = len(nums) - 1
+ 28:     end = len(nums) + 1
  29:     while start <= end:
  30:         i = nums[start] - 1
  31:         
  32:         if i == start:
--------------------------------------------------------------------------------
[0.13473 s] killed by ts-3-5/test_3-5_1-0_323.py::test_first_missing_positive_1

def test_first_missing_positive_1():
        nums = [1, 2, 0]
>       assert first_missing_positive(nums) == 3

ts-3-5/test_3-5_1-0_323.py:13: 
_ _ _ _ _ _ _ _ _ _ _ _ _ _ _ _ _ _ _ _ _ _ _ _ _ _ _ _ _ _ _ _ _ _ _ _ _ _ _ _ 

nums = [1, 2, 0]

>   ???
E   IndexError: list index out of range

first_missing_positive:38: IndexError
   - [#   2] AOR first_missing_positive: 
--------------------------------------------------------------------------------
  26:     """
  27:     start = 0
  28:     end = len(nums) - 1
  29:     while start <= end:
- 30:         i = nums[start] - 1
+ 30:         i = nums[start] + 1
  31:         
  32:         if i == start:
  33:             start += 1
  34:         
--------------------------------------------------------------------------------
[0.13401 s] killed by ts-3-5/test_3-5_1-0_323.py::test_first_missing_positive_1

def test_first_missing_positive_1():
        nums = [1, 2, 0]
>       assert first_missing_positive(nums) == 3
E       AssertionError

ts-3-5/test_3-5_1-0_323.py:13: AssertionError
   - [#   3] AOR first_missing_positive: 
--------------------------------------------------------------------------------
  40:         else:
  41:             
  42:             (nums[start], nums[i]) = (nums[i], nums[start])
  43:     
- 44:     return start + 1
+ 44:     return start - 1
--------------------------------------------------------------------------------
[0.13654 s] killed by ts-3-5/test_3-5_1-0_323.py::test_first_missing_positive_1

def test_first_missing_positive_1():
        nums = [1, 2, 0]
>       assert first_missing_positive(nums) == 3
E       AssertionError

ts-3-5/test_3-5_1-0_323.py:13: AssertionError
   - [#   4] ASR first_missing_positive: 
--------------------------------------------------------------------------------
  29:     while start <= end:
  30:         i = nums[start] - 1
  31:         
  32:         if i == start:
- 33:             start += 1
+ 33:             start -= 1
  34:         
  35:         
  36:         
  37:         elif (i < 0 or i > end or nums[start] == nums[i]):
--------------------------------------------------------------------------------
[0.13738 s] killed by ts-3-5/test_3-5_1-0_323.py::test_first_missing_positive_1

def test_first_missing_positive_1():
        nums = [1, 2, 0]
>       assert first_missing_positive(nums) == 3
E       AssertionError

ts-3-5/test_3-5_1-0_323.py:13: AssertionError
   - [#   5] ASR first_missing_positive: 
--------------------------------------------------------------------------------
  35:         
  36:         
  37:         elif (i < 0 or i > end or nums[start] == nums[i]):
  38:             nums[start] = nums[end]
- 39:             end -= 1
+ 39:             end += 1
  40:         else:
  41:             
  42:             (nums[start], nums[i]) = (nums[i], nums[start])
  43:     
--------------------------------------------------------------------------------
[0.12727 s] killed by ts-3-5/test_3-5_1-0_323.py::test_first_missing_positive_1

def test_first_missing_positive_1():
        nums = [1, 2, 0]
>       assert first_missing_positive(nums) == 3

ts-3-5/test_3-5_1-0_323.py:13: 
_ _ _ _ _ _ _ _ _ _ _ _ _ _ _ _ _ _ _ _ _ _ _ _ _ _ _ _ _ _ _ _ _ _ _ _ _ _ _ _ 

nums = [1, 2, 0]

>   ???
E   IndexError: list index out of range

first_missing_positive:38: IndexError
   - [#   6] COI first_missing_positive: 
--------------------------------------------------------------------------------
  25:         present in the input list.
  26:     """
  27:     start = 0
  28:     end = len(nums) - 1
- 29:     while start <= end:
+ 29:     while not (start <= end):
  30:         i = nums[start] - 1
  31:         
  32:         if i == start:
  33:             start += 1
--------------------------------------------------------------------------------
[0.12657 s] killed by ts-3-5/test_3-5_1-0_323.py::test_first_missing_positive_1

def test_first_missing_positive_1():
        nums = [1, 2, 0]
>       assert first_missing_positive(nums) == 3
E       AssertionError

ts-3-5/test_3-5_1-0_323.py:13: AssertionError
   - [#   7] COI first_missing_positive: 
--------------------------------------------------------------------------------
  28:     end = len(nums) - 1
  29:     while start <= end:
  30:         i = nums[start] - 1
  31:         
- 32:         if i == start:
+ 32:         if not (i == start):
  33:             start += 1
  34:         
  35:         
  36:         
--------------------------------------------------------------------------------
[0.12733 s] killed by ts-3-5/test_3-5_1-0_323.py::test_first_missing_positive_1

def test_first_missing_positive_1():
        nums = [1, 2, 0]
>       assert first_missing_positive(nums) == 3
E       AssertionError

ts-3-5/test_3-5_1-0_323.py:13: AssertionError
   - [#   8] COI first_missing_positive: 
--------------------------------------------------------------------------------
  33:             start += 1
  34:         
  35:         
  36:         
- 37:         elif (i < 0 or i > end or nums[start] == nums[i]):
+ 37:         elif not ((i < 0 or i > end or nums[start] == nums[i])):
  38:             nums[start] = nums[end]
  39:             end -= 1
  40:         else:
  41:             
--------------------------------------------------------------------------------
[5.00624 s] timeout
   - [#   9] LCR first_missing_positive: 
--------------------------------------------------------------------------------
  33:             start += 1
  34:         
  35:         
  36:         
- 37:         elif (i < 0 or i > end or nums[start] == nums[i]):
+ 37:         elif (i < 0 and i > end and nums[start] == nums[i]):
  38:             nums[start] = nums[end]
  39:             end -= 1
  40:         else:
  41:             
--------------------------------------------------------------------------------
[5.00586 s] timeout
   - [#  10] OIL first_missing_positive: 
--------------------------------------------------------------------------------
  38:             nums[start] = nums[end]
  39:             end -= 1
  40:         else:
  41:             
- 42:             (nums[start], nums[i]) = (nums[i], nums[start])
+ 42:             (nums[start], nums[i]) = (nums[i], nums[start])break
  43:     
  44:     return start + 1
--------------------------------------------------------------------------------
[0.12426 s] killed by ts-3-5/test_3-5_1-0_323.py::test_first_missing_positive_1

def test_first_missing_positive_1():
        nums = [1, 2, 0]
>       assert first_missing_positive(nums) == 3
E       AssertionError

ts-3-5/test_3-5_1-0_323.py:13: AssertionError
   - [#  11] ROR first_missing_positive: 
--------------------------------------------------------------------------------
  25:         present in the input list.
  26:     """
  27:     start = 0
  28:     end = len(nums) - 1
- 29:     while start <= end:
+ 29:     while start >= end:
  30:         i = nums[start] - 1
  31:         
  32:         if i == start:
  33:             start += 1
--------------------------------------------------------------------------------
[0.12603 s] killed by ts-3-5/test_3-5_1-0_323.py::test_first_missing_positive_1

def test_first_missing_positive_1():
        nums = [1, 2, 0]
>       assert first_missing_positive(nums) == 3
E       AssertionError

ts-3-5/test_3-5_1-0_323.py:13: AssertionError
   - [#  12] ROR first_missing_positive: 
--------------------------------------------------------------------------------
  25:         present in the input list.
  26:     """
  27:     start = 0
  28:     end = len(nums) - 1
- 29:     while start <= end:
+ 29:     while start < end:
  30:         i = nums[start] - 1
  31:         
  32:         if i == start:
  33:             start += 1
--------------------------------------------------------------------------------
[0.12365 s] killed by ts-3-5/test_3-5_1-0_323.py::test_first_missing_positive_5

def test_first_missing_positive_5():
        nums = [1, 2, 3, 4, 5]
>       assert first_missing_positive(nums) == 6
E       AssertionError

ts-3-5/test_3-5_1-0_323.py:29: AssertionError
   - [#  13] ROR first_missing_positive: 
--------------------------------------------------------------------------------
  28:     end = len(nums) - 1
  29:     while start <= end:
  30:         i = nums[start] - 1
  31:         
- 32:         if i == start:
+ 32:         if i != start:
  33:             start += 1
  34:         
  35:         
  36:         
--------------------------------------------------------------------------------
[0.12509 s] killed by ts-3-5/test_3-5_1-0_323.py::test_first_missing_positive_1

def test_first_missing_positive_1():
        nums = [1, 2, 0]
>       assert first_missing_positive(nums) == 3
E       AssertionError

ts-3-5/test_3-5_1-0_323.py:13: AssertionError
   - [#  14] ROR first_missing_positive: 
--------------------------------------------------------------------------------
  33:             start += 1
  34:         
  35:         
  36:         
- 37:         elif (i < 0 or i > end or nums[start] == nums[i]):
+ 37:         elif (i > 0 or i > end or nums[start] == nums[i]):
  38:             nums[start] = nums[end]
  39:             end -= 1
  40:         else:
  41:             
--------------------------------------------------------------------------------
[0.10410 s] survived
   - [#  15] ROR first_missing_positive: 
--------------------------------------------------------------------------------
  33:             start += 1
  34:         
  35:         
  36:         
- 37:         elif (i < 0 or i > end or nums[start] == nums[i]):
+ 37:         elif (i <= 0 or i > end or nums[start] == nums[i]):
  38:             nums[start] = nums[end]
  39:             end -= 1
  40:         else:
  41:             
--------------------------------------------------------------------------------
[0.10362 s] survived
   - [#  16] ROR first_missing_positive: 
--------------------------------------------------------------------------------
  33:             start += 1
  34:         
  35:         
  36:         
- 37:         elif (i < 0 or i > end or nums[start] == nums[i]):
+ 37:         elif (i < 0 or i < end or nums[start] == nums[i]):
  38:             nums[start] = nums[end]
  39:             end -= 1
  40:         else:
  41:             
--------------------------------------------------------------------------------
[0.12784 s] killed by ts-3-5/test_3-5_1-0_323.py::test_first_missing_positive_3

def test_first_missing_positive_3():
        nums = [7, 8, 9, 11, 12]
>       assert first_missing_positive(nums) == 1

ts-3-5/test_3-5_1-0_323.py:21: 
_ _ _ _ _ _ _ _ _ _ _ _ _ _ _ _ _ _ _ _ _ _ _ _ _ _ _ _ _ _ _ _ _ _ _ _ _ _ _ _ 

nums = [7, 8, 9, 11, 12]

>   ???
E   IndexError: list index out of range

first_missing_positive:37: IndexError
   - [#  17] ROR first_missing_positive: 
--------------------------------------------------------------------------------
  33:             start += 1
  34:         
  35:         
  36:         
- 37:         elif (i < 0 or i > end or nums[start] == nums[i]):
+ 37:         elif (i < 0 or i >= end or nums[start] == nums[i]):
  38:             nums[start] = nums[end]
  39:             end -= 1
  40:         else:
  41:             
--------------------------------------------------------------------------------
[0.10440 s] survived
   - [#  18] ROR first_missing_positive: 
--------------------------------------------------------------------------------
  33:             start += 1
  34:         
  35:         
  36:         
- 37:         elif (i < 0 or i > end or nums[start] == nums[i]):
+ 37:         elif (i < 0 or i > end or nums[start] != nums[i]):
  38:             nums[start] = nums[end]
  39:             end -= 1
  40:         else:
  41:             
--------------------------------------------------------------------------------
[5.00657 s] timeout
   - [#  19] SDL first_missing_positive: 
--------------------------------------------------------------------------------
  23:     Returns:
  24:         The first integer greater than 0 that is not 
  25:         present in the input list.
  26:     """
- 27:     start = 0
+ 27:     pass
  28:     end = len(nums) - 1
  29:     while start <= end:
  30:         i = nums[start] - 1
  31:         
--------------------------------------------------------------------------------
[0.12373 s] killed by ts-3-5/test_3-5_1-0_323.py::test_first_missing_positive_1

def test_first_missing_positive_1():
        nums = [1, 2, 0]
>       assert first_missing_positive(nums) == 3

ts-3-5/test_3-5_1-0_323.py:13: 
_ _ _ _ _ _ _ _ _ _ _ _ _ _ _ _ _ _ _ _ _ _ _ _ _ _ _ _ _ _ _ _ _ _ _ _ _ _ _ _ 

nums = [1, 2, 0]

>   ???
E   UnboundLocalError: local variable 'start' referenced before assignment

first_missing_positive:29: UnboundLocalError
   - [#  20] SDL first_missing_positive: 
--------------------------------------------------------------------------------
  24:         The first integer greater than 0 that is not 
  25:         present in the input list.
  26:     """
  27:     start = 0
- 28:     end = len(nums) - 1
+ 28:     pass
  29:     while start <= end:
  30:         i = nums[start] - 1
  31:         
  32:         if i == start:
--------------------------------------------------------------------------------
[0.12746 s] killed by ts-3-5/test_3-5_1-0_323.py::test_first_missing_positive_1

def test_first_missing_positive_1():
        nums = [1, 2, 0]
>       assert first_missing_positive(nums) == 3

ts-3-5/test_3-5_1-0_323.py:13: 
_ _ _ _ _ _ _ _ _ _ _ _ _ _ _ _ _ _ _ _ _ _ _ _ _ _ _ _ _ _ _ _ _ _ _ _ _ _ _ _ 

nums = [1, 2, 0]

>   ???
E   UnboundLocalError: local variable 'end' referenced before assignment

first_missing_positive:29: UnboundLocalError
   - [#  21] SDL first_missing_positive: 
--------------------------------------------------------------------------------
  26:     """
  27:     start = 0
  28:     end = len(nums) - 1
  29:     while start <= end:
- 30:         i = nums[start] - 1
+ 30:         pass
  31:         
  32:         if i == start:
  33:             start += 1
  34:         
--------------------------------------------------------------------------------
[0.12703 s] killed by ts-3-5/test_3-5_1-0_323.py::test_first_missing_positive_1

def test_first_missing_positive_1():
        nums = [1, 2, 0]
>       assert first_missing_positive(nums) == 3

ts-3-5/test_3-5_1-0_323.py:13: 
_ _ _ _ _ _ _ _ _ _ _ _ _ _ _ _ _ _ _ _ _ _ _ _ _ _ _ _ _ _ _ _ _ _ _ _ _ _ _ _ 

nums = [1, 2, 0]

>   ???
E   NameError: name 'i' is not defined

first_missing_positive:32: NameError
   - [#  22] SDL first_missing_positive: 
--------------------------------------------------------------------------------
  34:         
  35:         
  36:         
  37:         elif (i < 0 or i > end or nums[start] == nums[i]):
- 38:             nums[start] = nums[end]
+ 38:             pass
  39:             end -= 1
  40:         else:
  41:             
  42:             (nums[start], nums[i]) = (nums[i], nums[start])
--------------------------------------------------------------------------------
[0.12687 s] killed by ts-3-5/test_3-5_1-0_323.py::test_first_missing_positive_2

def test_first_missing_positive_2():
        nums = [3, 4, -1, 1]
>       assert first_missing_positive(nums) == 2
E       AssertionError

ts-3-5/test_3-5_1-0_323.py:17: AssertionError
   - [#  23] SDL first_missing_positive: 
--------------------------------------------------------------------------------
  38:             nums[start] = nums[end]
  39:             end -= 1
  40:         else:
  41:             
- 42:             (nums[start], nums[i]) = (nums[i], nums[start])
+ 42:             pass
  43:     
  44:     return start + 1
--------------------------------------------------------------------------------
[5.00622 s] timeout
   - [#  24] SDL first_missing_positive: 
--------------------------------------------------------------------------------
  40:         else:
  41:             
  42:             (nums[start], nums[i]) = (nums[i], nums[start])
  43:     
- 44:     return start + 1
+ 44:     pass
--------------------------------------------------------------------------------
[0.12166 s] killed by ts-3-5/test_3-5_1-0_323.py::test_first_missing_positive_1

def test_first_missing_positive_1():
        nums = [1, 2, 0]
>       assert first_missing_positive(nums) == 3
E       AssertionError

ts-3-5/test_3-5_1-0_323.py:13: AssertionError
   - [#  25] ZIL first_missing_positive: 
--------------------------------------------------------------------------------
  26:     """
  27:     start = 0
  28:     end = len(nums) - 1
  29:     while start <= end:
- 30:         i = nums[start] - 1
- 31:         
- 32:         if i == start:
- 33:             start += 1
- 34:         
- 35:         
- 36:         
- 37:         elif (i < 0 or i > end or nums[start] == nums[i]):
- 38:             nums[start] = nums[end]
- 39:             end -= 1
- 40:         else:
- 41:             
- 42:             (nums[start], nums[i]) = (nums[i], nums[start])
+ 30:         break
+ 31:     
+ 32:     
+ 33:     
+ 34:     
+ 35:     
+ 36:     
+ 37:     
+ 38:     
+ 39:     
+ 40:     
+ 41:     
+ 42:     
  43:     
  44:     return start + 1
--------------------------------------------------------------------------------
[0.12802 s] killed by ts-3-5/test_3-5_1-0_323.py::test_first_missing_positive_1

def test_first_missing_positive_1():
        nums = [1, 2, 0]
>       assert first_missing_positive(nums) == 3
E       AssertionError

ts-3-5/test_3-5_1-0_323.py:13: AssertionError
[*] Mutation score [23.18260 s]: 88.0%
   - all: 25
   - killed: 18 (72.0%)
   - survived: 3 (12.0%)
   - incompetent: 0 (0.0%)
   - timeout: 4 (16.0%)
