[*] Start mutation process:
   - targets: complement.py
   - tests: ts-3-5/test_3-5_0-8_268.py
[*] 5 tests passed:
   - test_3-5_0-8_268 [0.17518 s]
[*] Start mutants generation and execution:
   - [#   1] COD complement: 
--------------------------------------------------------------------------------
   2:     '''
   3:     Find the non-zero padded binary compelement.
   4: 
   5:     '''
-  6:     if not num:
+  6:     if num:
   7:         return 1
   8:     i = 1
   9:     while i <= num:
  10:         num ^= i
--------------------------------------------------------------------------------
[0.19092 s] killed by ts-3-5/test_3-5_0-8_268.py::test_complement_zero_input

def test_complement_zero_input():
>       assert complement(0) == 1
E       AssertionError

ts-3-5/test_3-5_0-8_268.py:10: AssertionError
   - [#   2] COI complement: 
--------------------------------------------------------------------------------
   2:     '''
   3:     Find the non-zero padded binary compelement.
   4: 
   5:     '''
-  6:     if not num:
+  6:     if not ((not num)):
   7:         return 1
   8:     i = 1
   9:     while i <= num:
  10:         num ^= i
--------------------------------------------------------------------------------
[0.18160 s] killed by ts-3-5/test_3-5_0-8_268.py::test_complement_zero_input

def test_complement_zero_input():
>       assert complement(0) == 1
E       AssertionError

ts-3-5/test_3-5_0-8_268.py:10: AssertionError
   - [#   3] COI complement: 
--------------------------------------------------------------------------------
   5:     '''
   6:     if not num:
   7:         return 1
   8:     i = 1
-  9:     while i <= num:
+  9:     while not (i <= num):
  10:         num ^= i
  11:         i = i << 1
  12:     return num
--------------------------------------------------------------------------------
[0.18874 s] killed by ts-3-5/test_3-5_0-8_268.py::test_complement_positive_input

def test_complement_positive_input():
>       assert complement(5) == 2
E       AssertionError

ts-3-5/test_3-5_0-8_268.py:13: AssertionError
   - [#   4] LOR complement: 
--------------------------------------------------------------------------------
   6:     if not num:
   7:         return 1
   8:     i = 1
   9:     while i <= num:
- 10:         num ^= i
+ 10:         num &= i
  11:         i = i << 1
  12:     return num
--------------------------------------------------------------------------------
[0.20132 s] killed by ts-3-5/test_3-5_0-8_268.py::test_complement_positive_input

def test_complement_positive_input():
>       assert complement(5) == 2
E       AssertionError

ts-3-5/test_3-5_0-8_268.py:13: AssertionError
   - [#   5] LOR complement: 
--------------------------------------------------------------------------------
   7:         return 1
   8:     i = 1
   9:     while i <= num:
  10:         num ^= i
- 11:         i = i << 1
+ 11:         i = i >> 1
  12:     return num
--------------------------------------------------------------------------------
[5.00663 s] timeout
   - [#   6] OIL complement: 
--------------------------------------------------------------------------------
   8:     i = 1
   9:     while i <= num:
  10:         num ^= i
  11:         i = i << 1
- 12:     return num
+ 12:         break
+ 13:     return num
--------------------------------------------------------------------------------
[0.19259 s] killed by ts-3-5/test_3-5_0-8_268.py::test_complement_positive_input

def test_complement_positive_input():
>       assert complement(5) == 2
E       AssertionError

ts-3-5/test_3-5_0-8_268.py:13: AssertionError
   - [#   7] ROR complement: 
--------------------------------------------------------------------------------
   5:     '''
   6:     if not num:
   7:         return 1
   8:     i = 1
-  9:     while i <= num:
+  9:     while i >= num:
  10:         num ^= i
  11:         i = i << 1
  12:     return num
--------------------------------------------------------------------------------
[0.20180 s] killed by ts-3-5/test_3-5_0-8_268.py::test_complement_positive_input

def test_complement_positive_input():
>       assert complement(5) == 2
E       AssertionError

ts-3-5/test_3-5_0-8_268.py:13: AssertionError
   - [#   8] ROR complement: 
--------------------------------------------------------------------------------
   5:     '''
   6:     if not num:
   7:         return 1
   8:     i = 1
-  9:     while i <= num:
+  9:     while i < num:
  10:         num ^= i
  11:         i = i << 1
  12:     return num
--------------------------------------------------------------------------------
[0.20183 s] killed by ts-3-5/test_3-5_0-8_268.py::test_complement_one_input

def test_complement_one_input():
>       assert complement(1) == 0
E       AssertionError

ts-3-5/test_3-5_0-8_268.py:22: AssertionError
   - [#   9] SDL complement: 
--------------------------------------------------------------------------------
   3:     Find the non-zero padded binary compelement.
   4: 
   5:     '''
   6:     if not num:
-  7:         return 1
+  7:         pass
   8:     i = 1
   9:     while i <= num:
  10:         num ^= i
  11:         i = i << 1
--------------------------------------------------------------------------------
[0.19577 s] killed by ts-3-5/test_3-5_0-8_268.py::test_complement_zero_input

def test_complement_zero_input():
>       assert complement(0) == 1
E       AssertionError

ts-3-5/test_3-5_0-8_268.py:10: AssertionError
   - [#  10] SDL complement: 
--------------------------------------------------------------------------------
   4: 
   5:     '''
   6:     if not num:
   7:         return 1
-  8:     i = 1
+  8:     pass
   9:     while i <= num:
  10:         num ^= i
  11:         i = i << 1
  12:     return num
--------------------------------------------------------------------------------
[0.20129 s] killed by ts-3-5/test_3-5_0-8_268.py::test_complement_positive_input

def test_complement_positive_input():
>       assert complement(5) == 2

ts-3-5/test_3-5_0-8_268.py:13: 
_ _ _ _ _ _ _ _ _ _ _ _ _ _ _ _ _ _ _ _ _ _ _ _ _ _ _ _ _ _ _ _ _ _ _ _ _ _ _ _ 

num = 5

>   ???
E   UnboundLocalError: local variable 'i' referenced before assignment

complement:9: UnboundLocalError
   - [#  11] SDL complement: 
--------------------------------------------------------------------------------
   7:         return 1
   8:     i = 1
   9:     while i <= num:
  10:         num ^= i
- 11:         i = i << 1
+ 11:         pass
  12:     return num
--------------------------------------------------------------------------------
[5.00674 s] timeout
   - [#  12] SDL complement: 
--------------------------------------------------------------------------------
   8:     i = 1
   9:     while i <= num:
  10:         num ^= i
  11:         i = i << 1
- 12:     return num
+ 12:     pass
--------------------------------------------------------------------------------
[0.19373 s] killed by ts-3-5/test_3-5_0-8_268.py::test_complement_positive_input

def test_complement_positive_input():
>       assert complement(5) == 2
E       AssertionError

ts-3-5/test_3-5_0-8_268.py:13: AssertionError
   - [#  13] ZIL complement: 
--------------------------------------------------------------------------------
   6:     if not num:
   7:         return 1
   8:     i = 1
   9:     while i <= num:
- 10:         num ^= i
- 11:         i = i << 1
+ 10:         break
+ 11:     
  12:     return num
--------------------------------------------------------------------------------
[0.19627 s] killed by ts-3-5/test_3-5_0-8_268.py::test_complement_positive_input

def test_complement_positive_input():
>       assert complement(5) == 2
E       AssertionError

ts-3-5/test_3-5_0-8_268.py:13: AssertionError
[*] Mutation score [12.44821 s]: 100.0%
   - all: 13
   - killed: 11 (84.6%)
   - survived: 0 (0.0%)
   - incompetent: 0 (0.0%)
   - timeout: 2 (15.4%)
