[*] Start mutation process:
   - targets: combinations.py
   - tests: ts-3-5/test_3-5_0-6_197.py
[*] 2 tests passed:
   - test_3-5_0-6_197 [0.14734 s]
[*] Start mutants generation and execution:
   - [#   1] AOR combinations: 
--------------------------------------------------------------------------------
   5:     '''
   6:     output = []
   7:     for i in range(0, len(string)):
   8:         output.append(string[i])
-  9:         for j in range(i + 1, len(string)):
+  9:         for j in range(i - 1, len(string)):
  10:             output.append(string[i:j + 1])
  11:     
  12:     return output
  13: 
--------------------------------------------------------------------------------
[0.16470 s] killed by ts-3-5/test_3-5_0-6_197.py::test_combinations_of_word

def test_combinations_of_word():
>       assert combinations_of_word('abc') == ['a', 'ab', 'abc', 'b', 'bc', 'c']
E       AssertionError

ts-3-5/test_3-5_0-6_197.py:12: AssertionError
   - [#   2] AOR combinations: 
--------------------------------------------------------------------------------
   6:     output = []
   7:     for i in range(0, len(string)):
   8:         output.append(string[i])
   9:         for j in range(i + 1, len(string)):
- 10:             output.append(string[i:j + 1])
+ 10:             output.append(string[i:j - 1])
  11:     
  12:     return output
  13: 
  14: def combinations_of_phone_input(string: str):
--------------------------------------------------------------------------------
[0.16745 s] killed by ts-3-5/test_3-5_0-6_197.py::test_combinations_of_word

def test_combinations_of_word():
>       assert combinations_of_word('abc') == ['a', 'ab', 'abc', 'b', 'bc', 'c']
E       AssertionError

ts-3-5/test_3-5_0-6_197.py:12: AssertionError
   - [#   3] AOR combinations: 
--------------------------------------------------------------------------------
  37:     
  38:     for i in range(1, len(string)):
  39:         temp = []
  40:         for output in outputs:
- 41:             temp = temp + [output + letter for letter in phone_mapper[string[i]]]
+ 41:             temp = temp - [output + letter for letter in phone_mapper[string[i]]]
  42:         outputs = temp
  43:     
  44:     return outputs
--------------------------------------------------------------------------------
[0.14687 s] incompetent

TypeError: combinations:41: TypeError: unsupported operand type(s) for -: 'list' and 'list'

   - [#   4] AOR combinations: 
--------------------------------------------------------------------------------
  37:     
  38:     for i in range(1, len(string)):
  39:         temp = []
  40:         for output in outputs:
- 41:             temp = temp + [output + letter for letter in phone_mapper[string[i]]]
+ 41:             temp = temp + [output - letter for letter in phone_mapper[string[i]]]
  42:         outputs = temp
  43:     
  44:     return outputs
--------------------------------------------------------------------------------
[0.15741 s] incompetent

TypeError: combinations:41: TypeError: unsupported operand type(s) for -: 'str' and 'str'

   - [#   5] OIL combinations: 
--------------------------------------------------------------------------------
   7:     for i in range(0, len(string)):
   8:         output.append(string[i])
   9:         for j in range(i + 1, len(string)):
  10:             output.append(string[i:j + 1])
- 11:     
+ 11:         break
  12:     return output
  13: 
  14: def combinations_of_phone_input(string: str):
  15:     """
--------------------------------------------------------------------------------
[0.16122 s] killed by ts-3-5/test_3-5_0-6_197.py::test_combinations_of_word

def test_combinations_of_word():
>       assert combinations_of_word('abc') == ['a', 'ab', 'abc', 'b', 'bc', 'c']
E       AssertionError

ts-3-5/test_3-5_0-6_197.py:12: AssertionError
   - [#   6] OIL combinations: 
--------------------------------------------------------------------------------
   7:     for i in range(0, len(string)):
   8:         output.append(string[i])
   9:         for j in range(i + 1, len(string)):
  10:             output.append(string[i:j + 1])
- 11:     
+ 11:             break
  12:     return output
  13: 
  14: def combinations_of_phone_input(string: str):
  15:     """
--------------------------------------------------------------------------------
[0.14345 s] killed by ts-3-5/test_3-5_0-6_197.py::test_combinations_of_word

def test_combinations_of_word():
>       assert combinations_of_word('abc') == ['a', 'ab', 'abc', 'b', 'bc', 'c']
E       AssertionError

ts-3-5/test_3-5_0-6_197.py:12: AssertionError
   - [#   7] OIL combinations: 
--------------------------------------------------------------------------------
  39:         temp = []
  40:         for output in outputs:
  41:             temp = temp + [output + letter for letter in phone_mapper[string[i]]]
  42:         outputs = temp
- 43:     
+ 43:         break
  44:     return outputs
--------------------------------------------------------------------------------
[0.13334 s] survived
   - [#   8] OIL combinations: 
--------------------------------------------------------------------------------
  38:     for i in range(1, len(string)):
  39:         temp = []
  40:         for output in outputs:
  41:             temp = temp + [output + letter for letter in phone_mapper[string[i]]]
- 42:         outputs = temp
- 43:     
+ 42:             break
+ 43:         outputs = temp
  44:     return outputs
--------------------------------------------------------------------------------
[0.15966 s] killed by ts-3-5/test_3-5_0-6_197.py::test_combinations_of_phone_input

def test_combinations_of_phone_input():
>       assert combinations_of_phone_input('23') == ['ad', 'ae', 'af', 'bd', 'be', 'bf', 'cd', 'ce', 'cf']
E       AssertionError

ts-3-5/test_3-5_0-6_197.py:16: AssertionError
   - [#   9] RIL combinations: 
--------------------------------------------------------------------------------
   3:     Find all combinations of letters in a word.
   4: 
   5:     '''
   6:     output = []
-  7:     for i in range(0, len(string)):
+  7:     for i in reversed(range(0, len(string))):
   8:         output.append(string[i])
   9:         for j in range(i + 1, len(string)):
  10:             output.append(string[i:j + 1])
  11:     
--------------------------------------------------------------------------------
[0.15778 s] killed by ts-3-5/test_3-5_0-6_197.py::test_combinations_of_word

def test_combinations_of_word():
>       assert combinations_of_word('abc') == ['a', 'ab', 'abc', 'b', 'bc', 'c']
E       AssertionError

ts-3-5/test_3-5_0-6_197.py:12: AssertionError
   - [#  10] RIL combinations: 
--------------------------------------------------------------------------------
   5:     '''
   6:     output = []
   7:     for i in range(0, len(string)):
   8:         output.append(string[i])
-  9:         for j in range(i + 1, len(string)):
+  9:         for j in reversed(range(i + 1, len(string))):
  10:             output.append(string[i:j + 1])
  11:     
  12:     return output
  13: 
--------------------------------------------------------------------------------
[0.15639 s] killed by ts-3-5/test_3-5_0-6_197.py::test_combinations_of_word

def test_combinations_of_word():
>       assert combinations_of_word('abc') == ['a', 'ab', 'abc', 'b', 'bc', 'c']
E       AssertionError

ts-3-5/test_3-5_0-6_197.py:12: AssertionError
   - [#  11] RIL combinations: 
--------------------------------------------------------------------------------
  34:     
  35:     
  36:     outputs = [letter for letter in phone_mapper[string[0]]]
  37:     
- 38:     for i in range(1, len(string)):
+ 38:     for i in reversed(range(1, len(string))):
  39:         temp = []
  40:         for output in outputs:
  41:             temp = temp + [output + letter for letter in phone_mapper[string[i]]]
  42:         outputs = temp
--------------------------------------------------------------------------------
[0.13821 s] survived
   - [#  12] RIL combinations: 
--------------------------------------------------------------------------------
  36:     outputs = [letter for letter in phone_mapper[string[0]]]
  37:     
  38:     for i in range(1, len(string)):
  39:         temp = []
- 40:         for output in outputs:
+ 40:         for output in reversed(outputs):
  41:             temp = temp + [output + letter for letter in phone_mapper[string[i]]]
  42:         outputs = temp
  43:     
  44:     return outputs
--------------------------------------------------------------------------------
[0.20724 s] killed by ts-3-5/test_3-5_0-6_197.py::test_combinations_of_phone_input

def test_combinations_of_phone_input():
>       assert combinations_of_phone_input('23') == ['ad', 'ae', 'af', 'bd', 'be', 'bf', 'cd', 'ce', 'cf']
E       AssertionError

ts-3-5/test_3-5_0-6_197.py:16: AssertionError
   - [#  13] SDL combinations: 
--------------------------------------------------------------------------------
   2:     '''
   3:     Find all combinations of letters in a word.
   4: 
   5:     '''
-  6:     output = []
+  6:     pass
   7:     for i in range(0, len(string)):
   8:         output.append(string[i])
   9:         for j in range(i + 1, len(string)):
  10:             output.append(string[i:j + 1])
--------------------------------------------------------------------------------
[0.15508 s] killed by ts-3-5/test_3-5_0-6_197.py::test_combinations_of_word

def test_combinations_of_word():
>       assert combinations_of_word('abc') == ['a', 'ab', 'abc', 'b', 'bc', 'c']

ts-3-5/test_3-5_0-6_197.py:12: 
_ _ _ _ _ _ _ _ _ _ _ _ _ _ _ _ _ _ _ _ _ _ _ _ _ _ _ _ _ _ _ _ _ _ _ _ _ _ _ _ 

string = 'abc'

>   ???
E   NameError: name 'output' is not defined

combinations:8: NameError
   - [#  14] SDL combinations: 
--------------------------------------------------------------------------------
   4: 
   5:     '''
   6:     output = []
   7:     for i in range(0, len(string)):
-  8:         output.append(string[i])
+  8:         pass
   9:         for j in range(i + 1, len(string)):
  10:             output.append(string[i:j + 1])
  11:     
  12:     return output
--------------------------------------------------------------------------------
[0.15848 s] killed by ts-3-5/test_3-5_0-6_197.py::test_combinations_of_word

def test_combinations_of_word():
>       assert combinations_of_word('abc') == ['a', 'ab', 'abc', 'b', 'bc', 'c']
E       AssertionError

ts-3-5/test_3-5_0-6_197.py:12: AssertionError
   - [#  15] SDL combinations: 
--------------------------------------------------------------------------------
   6:     output = []
   7:     for i in range(0, len(string)):
   8:         output.append(string[i])
   9:         for j in range(i + 1, len(string)):
- 10:             output.append(string[i:j + 1])
+ 10:             pass
  11:     
  12:     return output
  13: 
  14: def combinations_of_phone_input(string: str):
--------------------------------------------------------------------------------
[0.16257 s] killed by ts-3-5/test_3-5_0-6_197.py::test_combinations_of_word

def test_combinations_of_word():
>       assert combinations_of_word('abc') == ['a', 'ab', 'abc', 'b', 'bc', 'c']
E       AssertionError

ts-3-5/test_3-5_0-6_197.py:12: AssertionError
   - [#  16] SDL combinations: 
--------------------------------------------------------------------------------
   8:         output.append(string[i])
   9:         for j in range(i + 1, len(string)):
  10:             output.append(string[i:j + 1])
  11:     
- 12:     return output
+ 12:     pass
  13: 
  14: def combinations_of_phone_input(string: str):
  15:     """
  16:     Find all permutations of phone numbers in an input of numbers.
--------------------------------------------------------------------------------
[0.16084 s] killed by ts-3-5/test_3-5_0-6_197.py::test_combinations_of_word

def test_combinations_of_word():
>       assert combinations_of_word('abc') == ['a', 'ab', 'abc', 'b', 'bc', 'c']
E       AssertionError

ts-3-5/test_3-5_0-6_197.py:12: AssertionError
   - [#  17] SDL combinations: 
--------------------------------------------------------------------------------
  20:     contain all combinations possible.  Only combinations that are
  21:     full length using all input numbers in the string.
  22: 
  23:     """
- 24:     phone_mapper = {\
- 25:         '1': [], \
- 26:         '2': ['a', 'b', 'c'], \
- 27:         '3': ['d', 'e', 'f'], \
- 28:         '4': ['g', 'h', 'i'], \
- 29:         '5': ['j', 'k', 'l'], \
- 30:         '6': ['m', 'n', 'o'], \
- 31:         '7': ['p', 'q', 'r', 's'], \
- 32:         '8': ['t', 'u', 'v'], \
- 33:         '9': ['w', 'x', 'y', 'z']}
+ 24:     pass
+ 25:     
+ 26:     
+ 27:     
+ 28:     
+ 29:     
+ 30:     
+ 31:     
+ 32:     
+ 33:     
  34:     
  35:     
  36:     outputs = [letter for letter in phone_mapper[string[0]]]
  37:     
--------------------------------------------------------------------------------
[0.16283 s] killed by ts-3-5/test_3-5_0-6_197.py::test_combinations_of_phone_input

def test_combinations_of_phone_input():
>       assert combinations_of_phone_input('23') == ['ad', 'ae', 'af', 'bd', 'be', 'bf', 'cd', 'ce', 'cf']

ts-3-5/test_3-5_0-6_197.py:16: 
_ _ _ _ _ _ _ _ _ _ _ _ _ _ _ _ _ _ _ _ _ _ _ _ _ _ _ _ _ _ _ _ _ _ _ _ _ _ _ _ 

string = '23'

>   ???
E   NameError: name 'phone_mapper' is not defined

combinations:36: NameError
   - [#  18] SDL combinations: 
--------------------------------------------------------------------------------
  32:         '8': ['t', 'u', 'v'], \
  33:         '9': ['w', 'x', 'y', 'z']}
  34:     
  35:     
- 36:     outputs = [letter for letter in phone_mapper[string[0]]]
+ 36:     pass
  37:     
  38:     for i in range(1, len(string)):
  39:         temp = []
  40:         for output in outputs:
--------------------------------------------------------------------------------
[0.16271 s] killed by ts-3-5/test_3-5_0-6_197.py::test_combinations_of_phone_input

def test_combinations_of_phone_input():
>       assert combinations_of_phone_input('23') == ['ad', 'ae', 'af', 'bd', 'be', 'bf', 'cd', 'ce', 'cf']

ts-3-5/test_3-5_0-6_197.py:16: 
_ _ _ _ _ _ _ _ _ _ _ _ _ _ _ _ _ _ _ _ _ _ _ _ _ _ _ _ _ _ _ _ _ _ _ _ _ _ _ _ 

string = '23'

>   ???
E   UnboundLocalError: local variable 'outputs' referenced before assignment

combinations:40: UnboundLocalError
   - [#  19] SDL combinations: 
--------------------------------------------------------------------------------
  35:     
  36:     outputs = [letter for letter in phone_mapper[string[0]]]
  37:     
  38:     for i in range(1, len(string)):
- 39:         temp = []
+ 39:         pass
  40:         for output in outputs:
  41:             temp = temp + [output + letter for letter in phone_mapper[string[i]]]
  42:         outputs = temp
  43:     
--------------------------------------------------------------------------------
[0.16275 s] killed by ts-3-5/test_3-5_0-6_197.py::test_combinations_of_phone_input

def test_combinations_of_phone_input():
>       assert combinations_of_phone_input('23') == ['ad', 'ae', 'af', 'bd', 'be', 'bf', 'cd', 'ce', 'cf']

ts-3-5/test_3-5_0-6_197.py:16: 
_ _ _ _ _ _ _ _ _ _ _ _ _ _ _ _ _ _ _ _ _ _ _ _ _ _ _ _ _ _ _ _ _ _ _ _ _ _ _ _ 

string = '23'

>   ???
E   UnboundLocalError: local variable 'temp' referenced before assignment

combinations:41: UnboundLocalError
   - [#  20] SDL combinations: 
--------------------------------------------------------------------------------
  37:     
  38:     for i in range(1, len(string)):
  39:         temp = []
  40:         for output in outputs:
- 41:             temp = temp + [output + letter for letter in phone_mapper[string[i]]]
+ 41:             pass
  42:         outputs = temp
  43:     
  44:     return outputs
--------------------------------------------------------------------------------
[0.15586 s] killed by ts-3-5/test_3-5_0-6_197.py::test_combinations_of_phone_input

def test_combinations_of_phone_input():
>       assert combinations_of_phone_input('23') == ['ad', 'ae', 'af', 'bd', 'be', 'bf', 'cd', 'ce', 'cf']
E       AssertionError

ts-3-5/test_3-5_0-6_197.py:16: AssertionError
   - [#  21] SDL combinations: 
--------------------------------------------------------------------------------
  38:     for i in range(1, len(string)):
  39:         temp = []
  40:         for output in outputs:
  41:             temp = temp + [output + letter for letter in phone_mapper[string[i]]]
- 42:         outputs = temp
+ 42:         pass
  43:     
  44:     return outputs
--------------------------------------------------------------------------------
[0.15924 s] killed by ts-3-5/test_3-5_0-6_197.py::test_combinations_of_phone_input

def test_combinations_of_phone_input():
>       assert combinations_of_phone_input('23') == ['ad', 'ae', 'af', 'bd', 'be', 'bf', 'cd', 'ce', 'cf']
E       AssertionError

ts-3-5/test_3-5_0-6_197.py:16: AssertionError
   - [#  22] SDL combinations: 
--------------------------------------------------------------------------------
  40:         for output in outputs:
  41:             temp = temp + [output + letter for letter in phone_mapper[string[i]]]
  42:         outputs = temp
  43:     
- 44:     return outputs
+ 44:     pass
--------------------------------------------------------------------------------
[0.15950 s] killed by ts-3-5/test_3-5_0-6_197.py::test_combinations_of_phone_input

def test_combinations_of_phone_input():
>       assert combinations_of_phone_input('23') == ['ad', 'ae', 'af', 'bd', 'be', 'bf', 'cd', 'ce', 'cf']
E       AssertionError

ts-3-5/test_3-5_0-6_197.py:16: AssertionError
   - [#  23] SIR combinations: 
--------------------------------------------------------------------------------
   6:     output = []
   7:     for i in range(0, len(string)):
   8:         output.append(string[i])
   9:         for j in range(i + 1, len(string)):
- 10:             output.append(string[i:j + 1])
+ 10:             output.append(string[:j + 1])
  11:     
  12:     return output
  13: 
  14: def combinations_of_phone_input(string: str):
--------------------------------------------------------------------------------
[0.15692 s] killed by ts-3-5/test_3-5_0-6_197.py::test_combinations_of_word

def test_combinations_of_word():
>       assert combinations_of_word('abc') == ['a', 'ab', 'abc', 'b', 'bc', 'c']
E       AssertionError

ts-3-5/test_3-5_0-6_197.py:12: AssertionError
   - [#  24] SIR combinations: 
--------------------------------------------------------------------------------
   6:     output = []
   7:     for i in range(0, len(string)):
   8:         output.append(string[i])
   9:         for j in range(i + 1, len(string)):
- 10:             output.append(string[i:j + 1])
+ 10:             output.append(string[i:])
  11:     
  12:     return output
  13: 
  14: def combinations_of_phone_input(string: str):
--------------------------------------------------------------------------------
[0.15557 s] killed by ts-3-5/test_3-5_0-6_197.py::test_combinations_of_word

def test_combinations_of_word():
>       assert combinations_of_word('abc') == ['a', 'ab', 'abc', 'b', 'bc', 'c']
E       AssertionError

ts-3-5/test_3-5_0-6_197.py:12: AssertionError
   - [#  25] ZIL combinations: 
--------------------------------------------------------------------------------
   4: 
   5:     '''
   6:     output = []
   7:     for i in range(0, len(string)):
-  8:         output.append(string[i])
-  9:         for j in range(i + 1, len(string)):
- 10:             output.append(string[i:j + 1])
+  8:         break
+  9:     
+ 10:     
  11:     
  12:     return output
  13: 
  14: def combinations_of_phone_input(string: str):
--------------------------------------------------------------------------------
[0.15951 s] killed by ts-3-5/test_3-5_0-6_197.py::test_combinations_of_word

def test_combinations_of_word():
>       assert combinations_of_word('abc') == ['a', 'ab', 'abc', 'b', 'bc', 'c']
E       AssertionError

ts-3-5/test_3-5_0-6_197.py:12: AssertionError
   - [#  26] ZIL combinations: 
--------------------------------------------------------------------------------
   6:     output = []
   7:     for i in range(0, len(string)):
   8:         output.append(string[i])
   9:         for j in range(i + 1, len(string)):
- 10:             output.append(string[i:j + 1])
+ 10:             break
  11:     
  12:     return output
  13: 
  14: def combinations_of_phone_input(string: str):
--------------------------------------------------------------------------------
[0.16879 s] killed by ts-3-5/test_3-5_0-6_197.py::test_combinations_of_word

def test_combinations_of_word():
>       assert combinations_of_word('abc') == ['a', 'ab', 'abc', 'b', 'bc', 'c']
E       AssertionError

ts-3-5/test_3-5_0-6_197.py:12: AssertionError
   - [#  27] ZIL combinations: 
--------------------------------------------------------------------------------
  35:     
  36:     outputs = [letter for letter in phone_mapper[string[0]]]
  37:     
  38:     for i in range(1, len(string)):
- 39:         temp = []
- 40:         for output in outputs:
- 41:             temp = temp + [output + letter for letter in phone_mapper[string[i]]]
- 42:         outputs = temp
+ 39:         break
+ 40:     
+ 41:     
+ 42:     
  43:     
  44:     return outputs
--------------------------------------------------------------------------------
[0.17302 s] killed by ts-3-5/test_3-5_0-6_197.py::test_combinations_of_phone_input

def test_combinations_of_phone_input():
>       assert combinations_of_phone_input('23') == ['ad', 'ae', 'af', 'bd', 'be', 'bf', 'cd', 'ce', 'cf']
E       AssertionError

ts-3-5/test_3-5_0-6_197.py:16: AssertionError
   - [#  28] ZIL combinations: 
--------------------------------------------------------------------------------
  37:     
  38:     for i in range(1, len(string)):
  39:         temp = []
  40:         for output in outputs:
- 41:             temp = temp + [output + letter for letter in phone_mapper[string[i]]]
+ 41:             break
  42:         outputs = temp
  43:     
  44:     return outputs
--------------------------------------------------------------------------------
[0.15972 s] killed by ts-3-5/test_3-5_0-6_197.py::test_combinations_of_phone_input

def test_combinations_of_phone_input():
>       assert combinations_of_phone_input('23') == ['ad', 'ae', 'af', 'bd', 'be', 'bf', 'cd', 'ce', 'cf']
E       AssertionError

ts-3-5/test_3-5_0-6_197.py:16: AssertionError
[*] Mutation score [5.36485 s]: 92.3%
   - all: 28
   - killed: 24 (85.7%)
   - survived: 2 (7.1%)
   - incompetent: 2 (7.1%)
   - timeout: 0 (0.0%)
