[*] Start mutation process:
   - targets: breadth_first_search.py
   - tests: ts-3-5/test_3-5_0-8_260.py
[*] 2 tests passed:
   - test_3-5_0-8_260 [0.12799 s]
[*] Start mutants generation and execution:
   - [#   1] AOR breadth_first_search: 
--------------------------------------------------------------------------------
  31:     while queue:
  32:         current = queue.pop()
  33:         
  34:         
- 35:         for coor in [(current[0], current[1] - 1), (current[0] - 1, current[1]), (current[0] + 1, current[1]), (current[0], current[1] + 1)]:
+ 35:         for coor in [(current[0], current[1] + 1), (current[0] - 1, current[1]), (current[0] + 1, current[1]), (current[0], current[1] + 1)]:
  36:             if (coor[0] < 0 or coor[0] > width - 1 or coor[1] < 0 or coor[1] > height - 1):
  37:                 continue
  38:             if grid[coor[1]][coor[0]] == target:
  39:                 return coor
--------------------------------------------------------------------------------
[0.12583 s] survived
   - [#   2] AOR breadth_first_search: 
--------------------------------------------------------------------------------
  31:     while queue:
  32:         current = queue.pop()
  33:         
  34:         
- 35:         for coor in [(current[0], current[1] - 1), (current[0] - 1, current[1]), (current[0] + 1, current[1]), (current[0], current[1] + 1)]:
+ 35:         for coor in [(current[0], current[1] - 1), (current[0] + 1, current[1]), (current[0] + 1, current[1]), (current[0], current[1] + 1)]:
  36:             if (coor[0] < 0 or coor[0] > width - 1 or coor[1] < 0 or coor[1] > height - 1):
  37:                 continue
  38:             if grid[coor[1]][coor[0]] == target:
  39:                 return coor
--------------------------------------------------------------------------------
[0.14480 s] killed by ts-3-5/test_3-5_0-8_260.py::test_breadth_first_search

grid_1 = [[1, 2, 3], [4, 5, 6], [7, 8, 9]]

    def test_breadth_first_search(grid_1):
        assert breadth_first_search(grid_1, (0, 0), 5) == (1, 1)
        assert breadth_first_search(grid_1, (2, 2), 9) == (2, 2)
>       assert breadth_first_search(grid_1, (1, 1), 7) == (0, 2)
E       AssertionError

ts-3-5/test_3-5_0-8_260.py:33: AssertionError
   - [#   3] AOR breadth_first_search: 
--------------------------------------------------------------------------------
  31:     while queue:
  32:         current = queue.pop()
  33:         
  34:         
- 35:         for coor in [(current[0], current[1] - 1), (current[0] - 1, current[1]), (current[0] + 1, current[1]), (current[0], current[1] + 1)]:
+ 35:         for coor in [(current[0], current[1] - 1), (current[0] - 1, current[1]), (current[0] - 1, current[1]), (current[0], current[1] + 1)]:
  36:             if (coor[0] < 0 or coor[0] > width - 1 or coor[1] < 0 or coor[1] > height - 1):
  37:                 continue
  38:             if grid[coor[1]][coor[0]] == target:
  39:                 return coor
--------------------------------------------------------------------------------
[0.13985 s] killed by ts-3-5/test_3-5_0-8_260.py::test_breadth_first_search

grid_1 = [[1, 2, 3], [4, 5, 6], [7, 8, 9]]

    def test_breadth_first_search(grid_1):
>       assert breadth_first_search(grid_1, (0, 0), 5) == (1, 1)
E       AssertionError

ts-3-5/test_3-5_0-8_260.py:31: AssertionError
   - [#   4] AOR breadth_first_search: 
--------------------------------------------------------------------------------
  31:     while queue:
  32:         current = queue.pop()
  33:         
  34:         
- 35:         for coor in [(current[0], current[1] - 1), (current[0] - 1, current[1]), (current[0] + 1, current[1]), (current[0], current[1] + 1)]:
+ 35:         for coor in [(current[0], current[1] - 1), (current[0] - 1, current[1]), (current[0] + 1, current[1]), (current[0], current[1] - 1)]:
  36:             if (coor[0] < 0 or coor[0] > width - 1 or coor[1] < 0 or coor[1] > height - 1):
  37:                 continue
  38:             if grid[coor[1]][coor[0]] == target:
  39:                 return coor
--------------------------------------------------------------------------------
[0.13921 s] killed by ts-3-5/test_3-5_0-8_260.py::test_breadth_first_search

grid_1 = [[1, 2, 3], [4, 5, 6], [7, 8, 9]]

    def test_breadth_first_search(grid_1):
>       assert breadth_first_search(grid_1, (0, 0), 5) == (1, 1)
E       AssertionError

ts-3-5/test_3-5_0-8_260.py:31: AssertionError
   - [#   5] AOR breadth_first_search: 
--------------------------------------------------------------------------------
  32:         current = queue.pop()
  33:         
  34:         
  35:         for coor in [(current[0], current[1] - 1), (current[0] - 1, current[1]), (current[0] + 1, current[1]), (current[0], current[1] + 1)]:
- 36:             if (coor[0] < 0 or coor[0] > width - 1 or coor[1] < 0 or coor[1] > height - 1):
+ 36:             if (coor[0] < 0 or coor[0] > width + 1 or coor[1] < 0 or coor[1] > height - 1):
  37:                 continue
  38:             if grid[coor[1]][coor[0]] == target:
  39:                 return coor
  40:             
--------------------------------------------------------------------------------
[0.11901 s] survived
   - [#   6] AOR breadth_first_search: 
--------------------------------------------------------------------------------
  32:         current = queue.pop()
  33:         
  34:         
  35:         for coor in [(current[0], current[1] - 1), (current[0] - 1, current[1]), (current[0] + 1, current[1]), (current[0], current[1] + 1)]:
- 36:             if (coor[0] < 0 or coor[0] > width - 1 or coor[1] < 0 or coor[1] > height - 1):
+ 36:             if (coor[0] < 0 or coor[0] > width - 1 or coor[1] < 0 or coor[1] > height + 1):
  37:                 continue
  38:             if grid[coor[1]][coor[0]] == target:
  39:                 return coor
  40:             
--------------------------------------------------------------------------------
[0.11571 s] survived
   - [#   7] BCR breadth_first_search: 
--------------------------------------------------------------------------------
  33:         
  34:         
  35:         for coor in [(current[0], current[1] - 1), (current[0] - 1, current[1]), (current[0] + 1, current[1]), (current[0], current[1] + 1)]:
  36:             if (coor[0] < 0 or coor[0] > width - 1 or coor[1] < 0 or coor[1] > height - 1):
- 37:                 continue
+ 37:                 break
  38:             if grid[coor[1]][coor[0]] == target:
  39:                 return coor
  40:             
  41:             elif coor not in visited:
--------------------------------------------------------------------------------
[0.14090 s] killed by ts-3-5/test_3-5_0-8_260.py::test_breadth_first_search

grid_1 = [[1, 2, 3], [4, 5, 6], [7, 8, 9]]

    def test_breadth_first_search(grid_1):
>       assert breadth_first_search(grid_1, (0, 0), 5) == (1, 1)
E       AssertionError

ts-3-5/test_3-5_0-8_260.py:31: AssertionError
   - [#   8] BCR breadth_first_search: 
--------------------------------------------------------------------------------
  61:         current = queue.pop()
  62:         
  63:         for adjacent in current.adjacent_list:
  64:             if adjacent in visited:
- 65:                 continue
+ 65:                 break
  66:             
  67:             if adjacent.val == target:
  68:                 return adjacent
  69:             else:
--------------------------------------------------------------------------------
[0.12019 s] survived
   - [#   9] COD breadth_first_search: 
--------------------------------------------------------------------------------
  11:     Returns:
  12:         Coordinate of the target. Or None if cannot be found. 
  13:     '''
  14:     height = len(grid)
- 15:     if not height:
+ 15:     if height:
  16:         return None
  17:     width = len(grid[0])
  18:     
  19:     x_start = start[0]
--------------------------------------------------------------------------------
[0.13588 s] killed by ts-3-5/test_3-5_0-8_260.py::test_breadth_first_search

grid_1 = [[1, 2, 3], [4, 5, 6], [7, 8, 9]]

    def test_breadth_first_search(grid_1):
>       assert breadth_first_search(grid_1, (0, 0), 5) == (1, 1)
E       AssertionError

ts-3-5/test_3-5_0-8_260.py:31: AssertionError
   - [#  10] COD breadth_first_search: 
--------------------------------------------------------------------------------
  37:                 continue
  38:             if grid[coor[1]][coor[0]] == target:
  39:                 return coor
  40:             
- 41:             elif coor not in visited:
+ 41:             elif coor in visited:
  42:                 queue.appendleft(coor)
  43:                 visited.add(current)
  44:     return None
  45: 
--------------------------------------------------------------------------------
[0.13752 s] killed by ts-3-5/test_3-5_0-8_260.py::test_breadth_first_search

grid_1 = [[1, 2, 3], [4, 5, 6], [7, 8, 9]]

    def test_breadth_first_search(grid_1):
>       assert breadth_first_search(grid_1, (0, 0), 5) == (1, 1)
E       AssertionError

ts-3-5/test_3-5_0-8_260.py:31: AssertionError
   - [#  11] COI breadth_first_search: 
--------------------------------------------------------------------------------
  11:     Returns:
  12:         Coordinate of the target. Or None if cannot be found. 
  13:     '''
  14:     height = len(grid)
- 15:     if not height:
+ 15:     if not ((not height)):
  16:         return None
  17:     width = len(grid[0])
  18:     
  19:     x_start = start[0]
--------------------------------------------------------------------------------
[0.13894 s] killed by ts-3-5/test_3-5_0-8_260.py::test_breadth_first_search

grid_1 = [[1, 2, 3], [4, 5, 6], [7, 8, 9]]

    def test_breadth_first_search(grid_1):
>       assert breadth_first_search(grid_1, (0, 0), 5) == (1, 1)
E       AssertionError

ts-3-5/test_3-5_0-8_260.py:31: AssertionError
   - [#  12] COI breadth_first_search: 
--------------------------------------------------------------------------------
  19:     x_start = start[0]
  20:     y_start = start[1]
  21:     
  22:     
- 23:     if grid[y_start][x_start] == target:
+ 23:     if not (grid[y_start][x_start] == target):
  24:         return (x_start, y_start)
  25:     
  26:     visited = set()
  27:     
--------------------------------------------------------------------------------
[0.16760 s] killed by ts-3-5/test_3-5_0-8_260.py::test_breadth_first_search

grid_1 = [[1, 2, 3], [4, 5, 6], [7, 8, 9]]

    def test_breadth_first_search(grid_1):
>       assert breadth_first_search(grid_1, (0, 0), 5) == (1, 1)
E       AssertionError

ts-3-5/test_3-5_0-8_260.py:31: AssertionError
   - [#  13] COI breadth_first_search: 
--------------------------------------------------------------------------------
  27:     
  28:     queue = deque([(x_start, y_start)])
  29:     visited.add((x_start, y_start))
  30:     
- 31:     while queue:
+ 31:     while not queue:
  32:         current = queue.pop()
  33:         
  34:         
  35:         for coor in [(current[0], current[1] - 1), (current[0] - 1, current[1]), (current[0] + 1, current[1]), (current[0], current[1] + 1)]:
--------------------------------------------------------------------------------
[0.13314 s] killed by ts-3-5/test_3-5_0-8_260.py::test_breadth_first_search

grid_1 = [[1, 2, 3], [4, 5, 6], [7, 8, 9]]

    def test_breadth_first_search(grid_1):
>       assert breadth_first_search(grid_1, (0, 0), 5) == (1, 1)
E       AssertionError

ts-3-5/test_3-5_0-8_260.py:31: AssertionError
   - [#  14] COI breadth_first_search: 
--------------------------------------------------------------------------------
  32:         current = queue.pop()
  33:         
  34:         
  35:         for coor in [(current[0], current[1] - 1), (current[0] - 1, current[1]), (current[0] + 1, current[1]), (current[0], current[1] + 1)]:
- 36:             if (coor[0] < 0 or coor[0] > width - 1 or coor[1] < 0 or coor[1] > height - 1):
+ 36:             if not ((coor[0] < 0 or coor[0] > width - 1 or coor[1] < 0 or coor[1] > height - 1)):
  37:                 continue
  38:             if grid[coor[1]][coor[0]] == target:
  39:                 return coor
  40:             
--------------------------------------------------------------------------------
[0.14086 s] killed by ts-3-5/test_3-5_0-8_260.py::test_breadth_first_search

grid_1 = [[1, 2, 3], [4, 5, 6], [7, 8, 9]]

    def test_breadth_first_search(grid_1):
>       assert breadth_first_search(grid_1, (0, 0), 5) == (1, 1)
E       AssertionError

ts-3-5/test_3-5_0-8_260.py:31: AssertionError
   - [#  15] COI breadth_first_search: 
--------------------------------------------------------------------------------
  34:         
  35:         for coor in [(current[0], current[1] - 1), (current[0] - 1, current[1]), (current[0] + 1, current[1]), (current[0], current[1] + 1)]:
  36:             if (coor[0] < 0 or coor[0] > width - 1 or coor[1] < 0 or coor[1] > height - 1):
  37:                 continue
- 38:             if grid[coor[1]][coor[0]] == target:
+ 38:             if not (grid[coor[1]][coor[0]] == target):
  39:                 return coor
  40:             
  41:             elif coor not in visited:
  42:                 queue.appendleft(coor)
--------------------------------------------------------------------------------
[0.14427 s] killed by ts-3-5/test_3-5_0-8_260.py::test_breadth_first_search

grid_1 = [[1, 2, 3], [4, 5, 6], [7, 8, 9]]

    def test_breadth_first_search(grid_1):
>       assert breadth_first_search(grid_1, (0, 0), 5) == (1, 1)
E       AssertionError

ts-3-5/test_3-5_0-8_260.py:31: AssertionError
   - [#  16] COI breadth_first_search: 
--------------------------------------------------------------------------------
  37:                 continue
  38:             if grid[coor[1]][coor[0]] == target:
  39:                 return coor
  40:             
- 41:             elif coor not in visited:
+ 41:             elif not (coor not in visited):
  42:                 queue.appendleft(coor)
  43:                 visited.add(current)
  44:     return None
  45: 
--------------------------------------------------------------------------------
[0.15498 s] killed by ts-3-5/test_3-5_0-8_260.py::test_breadth_first_search

grid_1 = [[1, 2, 3], [4, 5, 6], [7, 8, 9]]

    def test_breadth_first_search(grid_1):
>       assert breadth_first_search(grid_1, (0, 0), 5) == (1, 1)
E       AssertionError

ts-3-5/test_3-5_0-8_260.py:31: AssertionError
   - [#  17] COI breadth_first_search: 
--------------------------------------------------------------------------------
  56:     '''
  57:     visited = set([head])
  58:     queue = [head]
  59:     
- 60:     while queue:
+ 60:     while not queue:
  61:         current = queue.pop()
  62:         
  63:         for adjacent in current.adjacent_list:
  64:             if adjacent in visited:
--------------------------------------------------------------------------------
[0.15277 s] killed by ts-3-5/test_3-5_0-8_260.py::test_breadth_first_search_graph

graph_node = <test_3-5_0-8_260.graph_node.<locals>.GraphNode object at 0x7f2a987f38e0>

    def test_breadth_first_search_graph(graph_node):
        target_node = breadth_first_search_graph(graph_node, 3)
>       assert target_node.val == 3
E       AttributeError: 'NoneType' object has no attribute 'val'

ts-3-5/test_3-5_0-8_260.py:37: AttributeError
   - [#  18] COI breadth_first_search: 
--------------------------------------------------------------------------------
  60:     while queue:
  61:         current = queue.pop()
  62:         
  63:         for adjacent in current.adjacent_list:
- 64:             if adjacent in visited:
+ 64:             if not (adjacent in visited):
  65:                 continue
  66:             
  67:             if adjacent.val == target:
  68:                 return adjacent
--------------------------------------------------------------------------------
[0.14087 s] killed by ts-3-5/test_3-5_0-8_260.py::test_breadth_first_search_graph

graph_node = <test_3-5_0-8_260.graph_node.<locals>.GraphNode object at 0x7f2a987f0520>

    def test_breadth_first_search_graph(graph_node):
        target_node = breadth_first_search_graph(graph_node, 3)
>       assert target_node.val == 3
E       AttributeError: 'NoneType' object has no attribute 'val'

ts-3-5/test_3-5_0-8_260.py:37: AttributeError
   - [#  19] COI breadth_first_search: 
--------------------------------------------------------------------------------
  60:     while queue:
  61:         current = queue.pop()
  62:         
  63:         for adjacent in current.adjacent_list:
- 64:             if adjacent in visited:
+ 64:             if adjacent not in visited:
  65:                 continue
  66:             
  67:             if adjacent.val == target:
  68:                 return adjacent
--------------------------------------------------------------------------------
[0.14225 s] killed by ts-3-5/test_3-5_0-8_260.py::test_breadth_first_search_graph

graph_node = <test_3-5_0-8_260.graph_node.<locals>.GraphNode object at 0x7f2a9874f5e0>

    def test_breadth_first_search_graph(graph_node):
        target_node = breadth_first_search_graph(graph_node, 3)
>       assert target_node.val == 3
E       AttributeError: 'NoneType' object has no attribute 'val'

ts-3-5/test_3-5_0-8_260.py:37: AttributeError
   - [#  20] COI breadth_first_search: 
--------------------------------------------------------------------------------
  63:         for adjacent in current.adjacent_list:
  64:             if adjacent in visited:
  65:                 continue
  66:             
- 67:             if adjacent.val == target:
+ 67:             if not (adjacent.val == target):
  68:                 return adjacent
  69:             else:
  70:                 queue.insert(0, adjacent)
  71:                 visited.add(adjacent)
--------------------------------------------------------------------------------
[0.14212 s] killed by ts-3-5/test_3-5_0-8_260.py::test_breadth_first_search_graph

graph_node = <test_3-5_0-8_260.graph_node.<locals>.GraphNode object at 0x7f2a98a0cb80>

    def test_breadth_first_search_graph(graph_node):
        target_node = breadth_first_search_graph(graph_node, 3)
>       assert target_node.val == 3
E       AssertionError

ts-3-5/test_3-5_0-8_260.py:37: AssertionError
   - [#  21] LCR breadth_first_search: 
--------------------------------------------------------------------------------
  32:         current = queue.pop()
  33:         
  34:         
  35:         for coor in [(current[0], current[1] - 1), (current[0] - 1, current[1]), (current[0] + 1, current[1]), (current[0], current[1] + 1)]:
- 36:             if (coor[0] < 0 or coor[0] > width - 1 or coor[1] < 0 or coor[1] > height - 1):
+ 36:             if (coor[0] < 0 and coor[0] > width - 1 and coor[1] < 0 and coor[1] > height - 1):
  37:                 continue
  38:             if grid[coor[1]][coor[0]] == target:
  39:                 return coor
  40:             
--------------------------------------------------------------------------------
[0.13422 s] survived
   - [#  22] OIL breadth_first_search: 
--------------------------------------------------------------------------------
  39:                 return coor
  40:             
  41:             elif coor not in visited:
  42:                 queue.appendleft(coor)
- 43:                 visited.add(current)
+ 43:                 visited.add(current)break
  44:     return None
  45: 
  46: def breadth_first_search_graph(head, target):
  47:     '''
--------------------------------------------------------------------------------
[0.14272 s] killed by ts-3-5/test_3-5_0-8_260.py::test_breadth_first_search

grid_1 = [[1, 2, 3], [4, 5, 6], [7, 8, 9]]

    def test_breadth_first_search(grid_1):
>       assert breadth_first_search(grid_1, (0, 0), 5) == (1, 1)
E       AssertionError

ts-3-5/test_3-5_0-8_260.py:31: AssertionError
   - [#  23] OIL breadth_first_search: 
--------------------------------------------------------------------------------
  39:                 return coor
  40:             
  41:             elif coor not in visited:
  42:                 queue.appendleft(coor)
- 43:                 visited.add(current)
+ 43:                 visited.add(current)break
  44:     return None
  45: 
  46: def breadth_first_search_graph(head, target):
  47:     '''
--------------------------------------------------------------------------------
[0.14376 s] killed by ts-3-5/test_3-5_0-8_260.py::test_breadth_first_search

grid_1 = [[1, 2, 3], [4, 5, 6], [7, 8, 9]]

    def test_breadth_first_search(grid_1):
>       assert breadth_first_search(grid_1, (0, 0), 5) == (1, 1)
E       AssertionError

ts-3-5/test_3-5_0-8_260.py:31: AssertionError
   - [#  24] OIL breadth_first_search: 
--------------------------------------------------------------------------------
  67:             if adjacent.val == target:
  68:                 return adjacent
  69:             else:
  70:                 queue.insert(0, adjacent)
- 71:                 visited.add(adjacent)
+ 71:                 visited.add(adjacent)break
  72:     return None
--------------------------------------------------------------------------------
[0.12083 s] survived
   - [#  25] OIL breadth_first_search: 
--------------------------------------------------------------------------------
  67:             if adjacent.val == target:
  68:                 return adjacent
  69:             else:
  70:                 queue.insert(0, adjacent)
- 71:                 visited.add(adjacent)
+ 71:                 visited.add(adjacent)break
  72:     return None
--------------------------------------------------------------------------------
[0.14672 s] killed by ts-3-5/test_3-5_0-8_260.py::test_breadth_first_search_graph

graph_node = <test_3-5_0-8_260.graph_node.<locals>.GraphNode object at 0x7f2a9874feb0>

    def test_breadth_first_search_graph(graph_node):
        target_node = breadth_first_search_graph(graph_node, 3)
>       assert target_node.val == 3
E       AttributeError: 'NoneType' object has no attribute 'val'

ts-3-5/test_3-5_0-8_260.py:37: AttributeError
   - [#  26] RIL breadth_first_search: 
--------------------------------------------------------------------------------
  31:     while queue:
  32:         current = queue.pop()
  33:         
  34:         
- 35:         for coor in [(current[0], current[1] - 1), (current[0] - 1, current[1]), (current[0] + 1, current[1]), (current[0], current[1] + 1)]:
+ 35:         for coor in reversed([(current[0], current[1] - 1), (current[0] - 1, current[1]), (current[0] + 1, current[1]), (current[0], current[1] + 1)]):
  36:             if (coor[0] < 0 or coor[0] > width - 1 or coor[1] < 0 or coor[1] > height - 1):
  37:                 continue
  38:             if grid[coor[1]][coor[0]] == target:
  39:                 return coor
--------------------------------------------------------------------------------
[0.11605 s] survived
   - [#  27] RIL breadth_first_search: 
--------------------------------------------------------------------------------
  59:     
  60:     while queue:
  61:         current = queue.pop()
  62:         
- 63:         for adjacent in current.adjacent_list:
+ 63:         for adjacent in reversed(current.adjacent_list):
  64:             if adjacent in visited:
  65:                 continue
  66:             
  67:             if adjacent.val == target:
--------------------------------------------------------------------------------
[0.11351 s] survived
   - [#  28] ROR breadth_first_search: 
--------------------------------------------------------------------------------
  19:     x_start = start[0]
  20:     y_start = start[1]
  21:     
  22:     
- 23:     if grid[y_start][x_start] == target:
+ 23:     if grid[y_start][x_start] != target:
  24:         return (x_start, y_start)
  25:     
  26:     visited = set()
  27:     
--------------------------------------------------------------------------------
[0.13866 s] killed by ts-3-5/test_3-5_0-8_260.py::test_breadth_first_search

grid_1 = [[1, 2, 3], [4, 5, 6], [7, 8, 9]]

    def test_breadth_first_search(grid_1):
>       assert breadth_first_search(grid_1, (0, 0), 5) == (1, 1)
E       AssertionError

ts-3-5/test_3-5_0-8_260.py:31: AssertionError
   - [#  29] ROR breadth_first_search: 
--------------------------------------------------------------------------------
  32:         current = queue.pop()
  33:         
  34:         
  35:         for coor in [(current[0], current[1] - 1), (current[0] - 1, current[1]), (current[0] + 1, current[1]), (current[0], current[1] + 1)]:
- 36:             if (coor[0] < 0 or coor[0] > width - 1 or coor[1] < 0 or coor[1] > height - 1):
+ 36:             if (coor[0] > 0 or coor[0] > width - 1 or coor[1] < 0 or coor[1] > height - 1):
  37:                 continue
  38:             if grid[coor[1]][coor[0]] == target:
  39:                 return coor
  40:             
--------------------------------------------------------------------------------
[0.13595 s] killed by ts-3-5/test_3-5_0-8_260.py::test_breadth_first_search

grid_1 = [[1, 2, 3], [4, 5, 6], [7, 8, 9]]

    def test_breadth_first_search(grid_1):
>       assert breadth_first_search(grid_1, (0, 0), 5) == (1, 1)
E       AssertionError

ts-3-5/test_3-5_0-8_260.py:31: AssertionError
   - [#  30] ROR breadth_first_search: 
--------------------------------------------------------------------------------
  32:         current = queue.pop()
  33:         
  34:         
  35:         for coor in [(current[0], current[1] - 1), (current[0] - 1, current[1]), (current[0] + 1, current[1]), (current[0], current[1] + 1)]:
- 36:             if (coor[0] < 0 or coor[0] > width - 1 or coor[1] < 0 or coor[1] > height - 1):
+ 36:             if (coor[0] <= 0 or coor[0] > width - 1 or coor[1] < 0 or coor[1] > height - 1):
  37:                 continue
  38:             if grid[coor[1]][coor[0]] == target:
  39:                 return coor
  40:             
--------------------------------------------------------------------------------
[0.13709 s] killed by ts-3-5/test_3-5_0-8_260.py::test_breadth_first_search

grid_1 = [[1, 2, 3], [4, 5, 6], [7, 8, 9]]

    def test_breadth_first_search(grid_1):
        assert breadth_first_search(grid_1, (0, 0), 5) == (1, 1)
        assert breadth_first_search(grid_1, (2, 2), 9) == (2, 2)
>       assert breadth_first_search(grid_1, (1, 1), 7) == (0, 2)
E       AssertionError

ts-3-5/test_3-5_0-8_260.py:33: AssertionError
   - [#  31] ROR breadth_first_search: 
--------------------------------------------------------------------------------
  32:         current = queue.pop()
  33:         
  34:         
  35:         for coor in [(current[0], current[1] - 1), (current[0] - 1, current[1]), (current[0] + 1, current[1]), (current[0], current[1] + 1)]:
- 36:             if (coor[0] < 0 or coor[0] > width - 1 or coor[1] < 0 or coor[1] > height - 1):
+ 36:             if (coor[0] < 0 or coor[0] < width - 1 or coor[1] < 0 or coor[1] > height - 1):
  37:                 continue
  38:             if grid[coor[1]][coor[0]] == target:
  39:                 return coor
  40:             
--------------------------------------------------------------------------------
[0.15209 s] killed by ts-3-5/test_3-5_0-8_260.py::test_breadth_first_search

grid_1 = [[1, 2, 3], [4, 5, 6], [7, 8, 9]]

    def test_breadth_first_search(grid_1):
>       assert breadth_first_search(grid_1, (0, 0), 5) == (1, 1)
E       AssertionError

ts-3-5/test_3-5_0-8_260.py:31: AssertionError
   - [#  32] ROR breadth_first_search: 
--------------------------------------------------------------------------------
  32:         current = queue.pop()
  33:         
  34:         
  35:         for coor in [(current[0], current[1] - 1), (current[0] - 1, current[1]), (current[0] + 1, current[1]), (current[0], current[1] + 1)]:
- 36:             if (coor[0] < 0 or coor[0] > width - 1 or coor[1] < 0 or coor[1] > height - 1):
+ 36:             if (coor[0] < 0 or coor[0] >= width - 1 or coor[1] < 0 or coor[1] > height - 1):
  37:                 continue
  38:             if grid[coor[1]][coor[0]] == target:
  39:                 return coor
  40:             
--------------------------------------------------------------------------------
[0.11527 s] survived
   - [#  33] ROR breadth_first_search: 
--------------------------------------------------------------------------------
  32:         current = queue.pop()
  33:         
  34:         
  35:         for coor in [(current[0], current[1] - 1), (current[0] - 1, current[1]), (current[0] + 1, current[1]), (current[0], current[1] + 1)]:
- 36:             if (coor[0] < 0 or coor[0] > width - 1 or coor[1] < 0 or coor[1] > height - 1):
+ 36:             if (coor[0] < 0 or coor[0] > width - 1 or coor[1] > 0 or coor[1] > height - 1):
  37:                 continue
  38:             if grid[coor[1]][coor[0]] == target:
  39:                 return coor
  40:             
--------------------------------------------------------------------------------
[0.14192 s] killed by ts-3-5/test_3-5_0-8_260.py::test_breadth_first_search

grid_1 = [[1, 2, 3], [4, 5, 6], [7, 8, 9]]

    def test_breadth_first_search(grid_1):
>       assert breadth_first_search(grid_1, (0, 0), 5) == (1, 1)
E       AssertionError

ts-3-5/test_3-5_0-8_260.py:31: AssertionError
   - [#  34] ROR breadth_first_search: 
--------------------------------------------------------------------------------
  32:         current = queue.pop()
  33:         
  34:         
  35:         for coor in [(current[0], current[1] - 1), (current[0] - 1, current[1]), (current[0] + 1, current[1]), (current[0], current[1] + 1)]:
- 36:             if (coor[0] < 0 or coor[0] > width - 1 or coor[1] < 0 or coor[1] > height - 1):
+ 36:             if (coor[0] < 0 or coor[0] > width - 1 or coor[1] <= 0 or coor[1] > height - 1):
  37:                 continue
  38:             if grid[coor[1]][coor[0]] == target:
  39:                 return coor
  40:             
--------------------------------------------------------------------------------
[0.11634 s] survived
   - [#  35] ROR breadth_first_search: 
--------------------------------------------------------------------------------
  32:         current = queue.pop()
  33:         
  34:         
  35:         for coor in [(current[0], current[1] - 1), (current[0] - 1, current[1]), (current[0] + 1, current[1]), (current[0], current[1] + 1)]:
- 36:             if (coor[0] < 0 or coor[0] > width - 1 or coor[1] < 0 or coor[1] > height - 1):
+ 36:             if (coor[0] < 0 or coor[0] > width - 1 or coor[1] < 0 or coor[1] < height - 1):
  37:                 continue
  38:             if grid[coor[1]][coor[0]] == target:
  39:                 return coor
  40:             
--------------------------------------------------------------------------------
[0.13748 s] killed by ts-3-5/test_3-5_0-8_260.py::test_breadth_first_search

grid_1 = [[1, 2, 3], [4, 5, 6], [7, 8, 9]]

    def test_breadth_first_search(grid_1):
>       assert breadth_first_search(grid_1, (0, 0), 5) == (1, 1)
E       AssertionError

ts-3-5/test_3-5_0-8_260.py:31: AssertionError
   - [#  36] ROR breadth_first_search: 
--------------------------------------------------------------------------------
  32:         current = queue.pop()
  33:         
  34:         
  35:         for coor in [(current[0], current[1] - 1), (current[0] - 1, current[1]), (current[0] + 1, current[1]), (current[0], current[1] + 1)]:
- 36:             if (coor[0] < 0 or coor[0] > width - 1 or coor[1] < 0 or coor[1] > height - 1):
+ 36:             if (coor[0] < 0 or coor[0] > width - 1 or coor[1] < 0 or coor[1] >= height - 1):
  37:                 continue
  38:             if grid[coor[1]][coor[0]] == target:
  39:                 return coor
  40:             
--------------------------------------------------------------------------------
[0.14226 s] killed by ts-3-5/test_3-5_0-8_260.py::test_breadth_first_search

grid_1 = [[1, 2, 3], [4, 5, 6], [7, 8, 9]]

    def test_breadth_first_search(grid_1):
        assert breadth_first_search(grid_1, (0, 0), 5) == (1, 1)
        assert breadth_first_search(grid_1, (2, 2), 9) == (2, 2)
>       assert breadth_first_search(grid_1, (1, 1), 7) == (0, 2)
E       AssertionError

ts-3-5/test_3-5_0-8_260.py:33: AssertionError
   - [#  37] ROR breadth_first_search: 
--------------------------------------------------------------------------------
  34:         
  35:         for coor in [(current[0], current[1] - 1), (current[0] - 1, current[1]), (current[0] + 1, current[1]), (current[0], current[1] + 1)]:
  36:             if (coor[0] < 0 or coor[0] > width - 1 or coor[1] < 0 or coor[1] > height - 1):
  37:                 continue
- 38:             if grid[coor[1]][coor[0]] == target:
+ 38:             if grid[coor[1]][coor[0]] != target:
  39:                 return coor
  40:             
  41:             elif coor not in visited:
  42:                 queue.appendleft(coor)
--------------------------------------------------------------------------------
[0.13659 s] killed by ts-3-5/test_3-5_0-8_260.py::test_breadth_first_search

grid_1 = [[1, 2, 3], [4, 5, 6], [7, 8, 9]]

    def test_breadth_first_search(grid_1):
>       assert breadth_first_search(grid_1, (0, 0), 5) == (1, 1)
E       AssertionError

ts-3-5/test_3-5_0-8_260.py:31: AssertionError
   - [#  38] ROR breadth_first_search: 
--------------------------------------------------------------------------------
  63:         for adjacent in current.adjacent_list:
  64:             if adjacent in visited:
  65:                 continue
  66:             
- 67:             if adjacent.val == target:
+ 67:             if adjacent.val != target:
  68:                 return adjacent
  69:             else:
  70:                 queue.insert(0, adjacent)
  71:                 visited.add(adjacent)
--------------------------------------------------------------------------------
[0.14083 s] killed by ts-3-5/test_3-5_0-8_260.py::test_breadth_first_search_graph

graph_node = <test_3-5_0-8_260.graph_node.<locals>.GraphNode object at 0x7f2a98802020>

    def test_breadth_first_search_graph(graph_node):
        target_node = breadth_first_search_graph(graph_node, 3)
>       assert target_node.val == 3
E       AssertionError

ts-3-5/test_3-5_0-8_260.py:37: AssertionError
   - [#  39] SDL breadth_first_search: 
--------------------------------------------------------------------------------
  10:         target: the target value to find in the grid
  11:     Returns:
  12:         Coordinate of the target. Or None if cannot be found. 
  13:     '''
- 14:     height = len(grid)
+ 14:     pass
  15:     if not height:
  16:         return None
  17:     width = len(grid[0])
  18:     
--------------------------------------------------------------------------------
[0.13950 s] killed by ts-3-5/test_3-5_0-8_260.py::test_breadth_first_search

grid_1 = [[1, 2, 3], [4, 5, 6], [7, 8, 9]]

    def test_breadth_first_search(grid_1):
>       assert breadth_first_search(grid_1, (0, 0), 5) == (1, 1)

ts-3-5/test_3-5_0-8_260.py:31: 
_ _ _ _ _ _ _ _ _ _ _ _ _ _ _ _ _ _ _ _ _ _ _ _ _ _ _ _ _ _ _ _ _ _ _ _ _ _ _ _ 

grid = [[1, 2, 3], [4, 5, 6], [7, 8, 9]], start = (0, 0), target = 5

>   ???
E   NameError: name 'height' is not defined

breadth_first_search:15: NameError
   - [#  40] SDL breadth_first_search: 
--------------------------------------------------------------------------------
  12:         Coordinate of the target. Or None if cannot be found. 
  13:     '''
  14:     height = len(grid)
  15:     if not height:
- 16:         return None
+ 16:         pass
  17:     width = len(grid[0])
  18:     
  19:     x_start = start[0]
  20:     y_start = start[1]
--------------------------------------------------------------------------------
[0.11584 s] survived
   - [#  41] SDL breadth_first_search: 
--------------------------------------------------------------------------------
  13:     '''
  14:     height = len(grid)
  15:     if not height:
  16:         return None
- 17:     width = len(grid[0])
+ 17:     pass
  18:     
  19:     x_start = start[0]
  20:     y_start = start[1]
  21:     
--------------------------------------------------------------------------------
[0.13737 s] killed by ts-3-5/test_3-5_0-8_260.py::test_breadth_first_search

grid_1 = [[1, 2, 3], [4, 5, 6], [7, 8, 9]]

    def test_breadth_first_search(grid_1):
>       assert breadth_first_search(grid_1, (0, 0), 5) == (1, 1)

ts-3-5/test_3-5_0-8_260.py:31: 
_ _ _ _ _ _ _ _ _ _ _ _ _ _ _ _ _ _ _ _ _ _ _ _ _ _ _ _ _ _ _ _ _ _ _ _ _ _ _ _ 

grid = [[1, 2, 3], [4, 5, 6], [7, 8, 9]], start = (0, 0), target = 5

>   ???
E   NameError: name 'width' is not defined

breadth_first_search:36: NameError
   - [#  42] SDL breadth_first_search: 
--------------------------------------------------------------------------------
  15:     if not height:
  16:         return None
  17:     width = len(grid[0])
  18:     
- 19:     x_start = start[0]
+ 19:     pass
  20:     y_start = start[1]
  21:     
  22:     
  23:     if grid[y_start][x_start] == target:
--------------------------------------------------------------------------------
[0.13715 s] killed by ts-3-5/test_3-5_0-8_260.py::test_breadth_first_search

grid_1 = [[1, 2, 3], [4, 5, 6], [7, 8, 9]]

    def test_breadth_first_search(grid_1):
>       assert breadth_first_search(grid_1, (0, 0), 5) == (1, 1)

ts-3-5/test_3-5_0-8_260.py:31: 
_ _ _ _ _ _ _ _ _ _ _ _ _ _ _ _ _ _ _ _ _ _ _ _ _ _ _ _ _ _ _ _ _ _ _ _ _ _ _ _ 

grid = [[1, 2, 3], [4, 5, 6], [7, 8, 9]], start = (0, 0), target = 5

>   ???
E   NameError: name 'x_start' is not defined

breadth_first_search:23: NameError
   - [#  43] SDL breadth_first_search: 
--------------------------------------------------------------------------------
  16:         return None
  17:     width = len(grid[0])
  18:     
  19:     x_start = start[0]
- 20:     y_start = start[1]
+ 20:     pass
  21:     
  22:     
  23:     if grid[y_start][x_start] == target:
  24:         return (x_start, y_start)
--------------------------------------------------------------------------------
[0.14024 s] killed by ts-3-5/test_3-5_0-8_260.py::test_breadth_first_search

grid_1 = [[1, 2, 3], [4, 5, 6], [7, 8, 9]]

    def test_breadth_first_search(grid_1):
>       assert breadth_first_search(grid_1, (0, 0), 5) == (1, 1)

ts-3-5/test_3-5_0-8_260.py:31: 
_ _ _ _ _ _ _ _ _ _ _ _ _ _ _ _ _ _ _ _ _ _ _ _ _ _ _ _ _ _ _ _ _ _ _ _ _ _ _ _ 

grid = [[1, 2, 3], [4, 5, 6], [7, 8, 9]], start = (0, 0), target = 5

>   ???
E   NameError: name 'y_start' is not defined

breadth_first_search:23: NameError
   - [#  44] SDL breadth_first_search: 
--------------------------------------------------------------------------------
  20:     y_start = start[1]
  21:     
  22:     
  23:     if grid[y_start][x_start] == target:
- 24:         return (x_start, y_start)
+ 24:         pass
  25:     
  26:     visited = set()
  27:     
  28:     queue = deque([(x_start, y_start)])
--------------------------------------------------------------------------------
[0.11911 s] survived
   - [#  45] SDL breadth_first_search: 
--------------------------------------------------------------------------------
  22:     
  23:     if grid[y_start][x_start] == target:
  24:         return (x_start, y_start)
  25:     
- 26:     visited = set()
+ 26:     pass
  27:     
  28:     queue = deque([(x_start, y_start)])
  29:     visited.add((x_start, y_start))
  30:     
--------------------------------------------------------------------------------
[0.14096 s] killed by ts-3-5/test_3-5_0-8_260.py::test_breadth_first_search

grid_1 = [[1, 2, 3], [4, 5, 6], [7, 8, 9]]

    def test_breadth_first_search(grid_1):
>       assert breadth_first_search(grid_1, (0, 0), 5) == (1, 1)

ts-3-5/test_3-5_0-8_260.py:31: 
_ _ _ _ _ _ _ _ _ _ _ _ _ _ _ _ _ _ _ _ _ _ _ _ _ _ _ _ _ _ _ _ _ _ _ _ _ _ _ _ 

grid = [[1, 2, 3], [4, 5, 6], [7, 8, 9]], start = (0, 0), target = 5

>   ???
E   NameError: name 'visited' is not defined

breadth_first_search:29: NameError
   - [#  46] SDL breadth_first_search: 
--------------------------------------------------------------------------------
  24:         return (x_start, y_start)
  25:     
  26:     visited = set()
  27:     
- 28:     queue = deque([(x_start, y_start)])
+ 28:     pass
  29:     visited.add((x_start, y_start))
  30:     
  31:     while queue:
  32:         current = queue.pop()
--------------------------------------------------------------------------------
[0.14026 s] killed by ts-3-5/test_3-5_0-8_260.py::test_breadth_first_search

grid_1 = [[1, 2, 3], [4, 5, 6], [7, 8, 9]]

    def test_breadth_first_search(grid_1):
>       assert breadth_first_search(grid_1, (0, 0), 5) == (1, 1)

ts-3-5/test_3-5_0-8_260.py:31: 
_ _ _ _ _ _ _ _ _ _ _ _ _ _ _ _ _ _ _ _ _ _ _ _ _ _ _ _ _ _ _ _ _ _ _ _ _ _ _ _ 

grid = [[1, 2, 3], [4, 5, 6], [7, 8, 9]], start = (0, 0), target = 5

>   ???
E   NameError: name 'queue' is not defined

breadth_first_search:31: NameError
   - [#  47] SDL breadth_first_search: 
--------------------------------------------------------------------------------
  25:     
  26:     visited = set()
  27:     
  28:     queue = deque([(x_start, y_start)])
- 29:     visited.add((x_start, y_start))
+ 29:     pass
  30:     
  31:     while queue:
  32:         current = queue.pop()
  33:         
--------------------------------------------------------------------------------
[0.14059 s] survived
   - [#  48] SDL breadth_first_search: 
--------------------------------------------------------------------------------
  28:     queue = deque([(x_start, y_start)])
  29:     visited.add((x_start, y_start))
  30:     
  31:     while queue:
- 32:         current = queue.pop()
+ 32:         pass
  33:         
  34:         
  35:         for coor in [(current[0], current[1] - 1), (current[0] - 1, current[1]), (current[0] + 1, current[1]), (current[0], current[1] + 1)]:
  36:             if (coor[0] < 0 or coor[0] > width - 1 or coor[1] < 0 or coor[1] > height - 1):
--------------------------------------------------------------------------------
[0.14589 s] killed by ts-3-5/test_3-5_0-8_260.py::test_breadth_first_search

grid_1 = [[1, 2, 3], [4, 5, 6], [7, 8, 9]]

    def test_breadth_first_search(grid_1):
>       assert breadth_first_search(grid_1, (0, 0), 5) == (1, 1)

ts-3-5/test_3-5_0-8_260.py:31: 
_ _ _ _ _ _ _ _ _ _ _ _ _ _ _ _ _ _ _ _ _ _ _ _ _ _ _ _ _ _ _ _ _ _ _ _ _ _ _ _ 

grid = [[1, 2, 3], [4, 5, 6], [7, 8, 9]], start = (0, 0), target = 5

>   ???
E   NameError: name 'current' is not defined

breadth_first_search:35: NameError
   - [#  49] SDL breadth_first_search: 
--------------------------------------------------------------------------------
  35:         for coor in [(current[0], current[1] - 1), (current[0] - 1, current[1]), (current[0] + 1, current[1]), (current[0], current[1] + 1)]:
  36:             if (coor[0] < 0 or coor[0] > width - 1 or coor[1] < 0 or coor[1] > height - 1):
  37:                 continue
  38:             if grid[coor[1]][coor[0]] == target:
- 39:                 return coor
+ 39:                 pass
  40:             
  41:             elif coor not in visited:
  42:                 queue.appendleft(coor)
  43:                 visited.add(current)
--------------------------------------------------------------------------------
[0.14071 s] killed by ts-3-5/test_3-5_0-8_260.py::test_breadth_first_search

grid_1 = [[1, 2, 3], [4, 5, 6], [7, 8, 9]]

    def test_breadth_first_search(grid_1):
>       assert breadth_first_search(grid_1, (0, 0), 5) == (1, 1)
E       AssertionError

ts-3-5/test_3-5_0-8_260.py:31: AssertionError
   - [#  50] SDL breadth_first_search: 
--------------------------------------------------------------------------------
  38:             if grid[coor[1]][coor[0]] == target:
  39:                 return coor
  40:             
  41:             elif coor not in visited:
- 42:                 queue.appendleft(coor)
+ 42:                 pass
  43:                 visited.add(current)
  44:     return None
  45: 
  46: def breadth_first_search_graph(head, target):
--------------------------------------------------------------------------------
[0.15015 s] killed by ts-3-5/test_3-5_0-8_260.py::test_breadth_first_search

grid_1 = [[1, 2, 3], [4, 5, 6], [7, 8, 9]]

    def test_breadth_first_search(grid_1):
>       assert breadth_first_search(grid_1, (0, 0), 5) == (1, 1)
E       AssertionError

ts-3-5/test_3-5_0-8_260.py:31: AssertionError
   - [#  51] SDL breadth_first_search: 
--------------------------------------------------------------------------------
  39:                 return coor
  40:             
  41:             elif coor not in visited:
  42:                 queue.appendleft(coor)
- 43:                 visited.add(current)
+ 43:                 pass
  44:     return None
  45: 
  46: def breadth_first_search_graph(head, target):
  47:     '''
--------------------------------------------------------------------------------
[0.11807 s] survived
   - [#  52] SDL breadth_first_search: 
--------------------------------------------------------------------------------
  40:             
  41:             elif coor not in visited:
  42:                 queue.appendleft(coor)
  43:                 visited.add(current)
- 44:     return None
+ 44:     pass
  45: 
  46: def breadth_first_search_graph(head, target):
  47:     '''
  48:     Search a graph for a target value.
--------------------------------------------------------------------------------
[0.11784 s] survived
   - [#  53] SDL breadth_first_search: 
--------------------------------------------------------------------------------
  53:     
  54:     Returns:
  55:         Node which has value = target.
  56:     '''
- 57:     visited = set([head])
+ 57:     pass
  58:     queue = [head]
  59:     
  60:     while queue:
  61:         current = queue.pop()
--------------------------------------------------------------------------------
[0.13856 s] killed by ts-3-5/test_3-5_0-8_260.py::test_breadth_first_search_graph

graph_node = <test_3-5_0-8_260.graph_node.<locals>.GraphNode object at 0x7f2a98a0d120>

    def test_breadth_first_search_graph(graph_node):
>       target_node = breadth_first_search_graph(graph_node, 3)

ts-3-5/test_3-5_0-8_260.py:36: 
_ _ _ _ _ _ _ _ _ _ _ _ _ _ _ _ _ _ _ _ _ _ _ _ _ _ _ _ _ _ _ _ _ _ _ _ _ _ _ _ 

head = <test_3-5_0-8_260.graph_node.<locals>.GraphNode object at 0x7f2a98a0d120>
target = 3

>   ???
E   NameError: name 'visited' is not defined

breadth_first_search:64: NameError
   - [#  54] SDL breadth_first_search: 
--------------------------------------------------------------------------------
  54:     Returns:
  55:         Node which has value = target.
  56:     '''
  57:     visited = set([head])
- 58:     queue = [head]
+ 58:     pass
  59:     
  60:     while queue:
  61:         current = queue.pop()
  62:         
--------------------------------------------------------------------------------
[0.13797 s] killed by ts-3-5/test_3-5_0-8_260.py::test_breadth_first_search_graph

graph_node = <test_3-5_0-8_260.graph_node.<locals>.GraphNode object at 0x7f2a98881390>

    def test_breadth_first_search_graph(graph_node):
>       target_node = breadth_first_search_graph(graph_node, 3)

ts-3-5/test_3-5_0-8_260.py:36: 
_ _ _ _ _ _ _ _ _ _ _ _ _ _ _ _ _ _ _ _ _ _ _ _ _ _ _ _ _ _ _ _ _ _ _ _ _ _ _ _ 

head = <test_3-5_0-8_260.graph_node.<locals>.GraphNode object at 0x7f2a98881390>
target = 3

>   ???
E   NameError: name 'queue' is not defined

breadth_first_search:60: NameError
   - [#  55] SDL breadth_first_search: 
--------------------------------------------------------------------------------
  57:     visited = set([head])
  58:     queue = [head]
  59:     
  60:     while queue:
- 61:         current = queue.pop()
+ 61:         pass
  62:         
  63:         for adjacent in current.adjacent_list:
  64:             if adjacent in visited:
  65:                 continue
--------------------------------------------------------------------------------
[0.13586 s] killed by ts-3-5/test_3-5_0-8_260.py::test_breadth_first_search_graph

graph_node = <test_3-5_0-8_260.graph_node.<locals>.GraphNode object at 0x7f2a9890f5e0>

    def test_breadth_first_search_graph(graph_node):
>       target_node = breadth_first_search_graph(graph_node, 3)

ts-3-5/test_3-5_0-8_260.py:36: 
_ _ _ _ _ _ _ _ _ _ _ _ _ _ _ _ _ _ _ _ _ _ _ _ _ _ _ _ _ _ _ _ _ _ _ _ _ _ _ _ 

head = <test_3-5_0-8_260.graph_node.<locals>.GraphNode object at 0x7f2a9890f5e0>
target = 3

>   ???
E   NameError: name 'current' is not defined

breadth_first_search:63: NameError
   - [#  56] SDL breadth_first_search: 
--------------------------------------------------------------------------------
  64:             if adjacent in visited:
  65:                 continue
  66:             
  67:             if adjacent.val == target:
- 68:                 return adjacent
+ 68:                 pass
  69:             else:
  70:                 queue.insert(0, adjacent)
  71:                 visited.add(adjacent)
  72:     return None
--------------------------------------------------------------------------------
[0.13769 s] killed by ts-3-5/test_3-5_0-8_260.py::test_breadth_first_search_graph

graph_node = <test_3-5_0-8_260.graph_node.<locals>.GraphNode object at 0x7f2a9890d7e0>

    def test_breadth_first_search_graph(graph_node):
        target_node = breadth_first_search_graph(graph_node, 3)
>       assert target_node.val == 3
E       AttributeError: 'NoneType' object has no attribute 'val'

ts-3-5/test_3-5_0-8_260.py:37: AttributeError
   - [#  57] SDL breadth_first_search: 
--------------------------------------------------------------------------------
  66:             
  67:             if adjacent.val == target:
  68:                 return adjacent
  69:             else:
- 70:                 queue.insert(0, adjacent)
+ 70:                 pass
  71:                 visited.add(adjacent)
  72:     return None
--------------------------------------------------------------------------------
[0.11425 s] survived
   - [#  58] SDL breadth_first_search: 
--------------------------------------------------------------------------------
  67:             if adjacent.val == target:
  68:                 return adjacent
  69:             else:
  70:                 queue.insert(0, adjacent)
- 71:                 visited.add(adjacent)
+ 71:                 pass
  72:     return None
--------------------------------------------------------------------------------
[0.11804 s] survived
   - [#  59] SDL breadth_first_search: 
--------------------------------------------------------------------------------
  68:                 return adjacent
  69:             else:
  70:                 queue.insert(0, adjacent)
  71:                 visited.add(adjacent)
- 72:     return None
+ 72:     pass
--------------------------------------------------------------------------------
[0.11346 s] survived
   - [#  60] ZIL breadth_first_search: 
--------------------------------------------------------------------------------
  28:     queue = deque([(x_start, y_start)])
  29:     visited.add((x_start, y_start))
  30:     
  31:     while queue:
- 32:         current = queue.pop()
- 33:         
- 34:         
- 35:         for coor in [(current[0], current[1] - 1), (current[0] - 1, current[1]), (current[0] + 1, current[1]), (current[0], current[1] + 1)]:
- 36:             if (coor[0] < 0 or coor[0] > width - 1 or coor[1] < 0 or coor[1] > height - 1):
- 37:                 continue
- 38:             if grid[coor[1]][coor[0]] == target:
- 39:                 return coor
- 40:             
- 41:             elif coor not in visited:
- 42:                 queue.appendleft(coor)
- 43:                 visited.add(current)
+ 32:         break
+ 33:     
+ 34:     
+ 35:     
+ 36:     
+ 37:     
+ 38:     
+ 39:     
+ 40:     
+ 41:     
+ 42:     
+ 43:     
  44:     return None
  45: 
  46: def breadth_first_search_graph(head, target):
  47:     '''
--------------------------------------------------------------------------------
[0.14370 s] killed by ts-3-5/test_3-5_0-8_260.py::test_breadth_first_search

grid_1 = [[1, 2, 3], [4, 5, 6], [7, 8, 9]]

    def test_breadth_first_search(grid_1):
>       assert breadth_first_search(grid_1, (0, 0), 5) == (1, 1)
E       AssertionError

ts-3-5/test_3-5_0-8_260.py:31: AssertionError
   - [#  61] ZIL breadth_first_search: 
--------------------------------------------------------------------------------
  32:         current = queue.pop()
  33:         
  34:         
  35:         for coor in [(current[0], current[1] - 1), (current[0] - 1, current[1]), (current[0] + 1, current[1]), (current[0], current[1] + 1)]:
- 36:             if (coor[0] < 0 or coor[0] > width - 1 or coor[1] < 0 or coor[1] > height - 1):
- 37:                 continue
- 38:             if grid[coor[1]][coor[0]] == target:
- 39:                 return coor
- 40:             
- 41:             elif coor not in visited:
- 42:                 queue.appendleft(coor)
- 43:                 visited.add(current)
+ 36:             break
+ 37:     
+ 38:     
+ 39:     
+ 40:     
+ 41:     
+ 42:     
+ 43:     
  44:     return None
  45: 
  46: def breadth_first_search_graph(head, target):
  47:     '''
--------------------------------------------------------------------------------
[0.14751 s] killed by ts-3-5/test_3-5_0-8_260.py::test_breadth_first_search

grid_1 = [[1, 2, 3], [4, 5, 6], [7, 8, 9]]

    def test_breadth_first_search(grid_1):
>       assert breadth_first_search(grid_1, (0, 0), 5) == (1, 1)
E       AssertionError

ts-3-5/test_3-5_0-8_260.py:31: AssertionError
   - [#  62] ZIL breadth_first_search: 
--------------------------------------------------------------------------------
  57:     visited = set([head])
  58:     queue = [head]
  59:     
  60:     while queue:
- 61:         current = queue.pop()
- 62:         
- 63:         for adjacent in current.adjacent_list:
- 64:             if adjacent in visited:
- 65:                 continue
- 66:             
- 67:             if adjacent.val == target:
- 68:                 return adjacent
- 69:             else:
- 70:                 queue.insert(0, adjacent)
- 71:                 visited.add(adjacent)
+ 61:         break
+ 62:     
+ 63:     
+ 64:     
+ 65:     
+ 66:     
+ 67:     
+ 68:     
+ 69:     
+ 70:     
+ 71:     
  72:     return None
--------------------------------------------------------------------------------
[0.15318 s] killed by ts-3-5/test_3-5_0-8_260.py::test_breadth_first_search_graph

graph_node = <test_3-5_0-8_260.graph_node.<locals>.GraphNode object at 0x7f2a9863e0b0>

    def test_breadth_first_search_graph(graph_node):
        target_node = breadth_first_search_graph(graph_node, 3)
>       assert target_node.val == 3
E       AttributeError: 'NoneType' object has no attribute 'val'

ts-3-5/test_3-5_0-8_260.py:37: AttributeError
   - [#  63] ZIL breadth_first_search: 
--------------------------------------------------------------------------------
  60:     while queue:
  61:         current = queue.pop()
  62:         
  63:         for adjacent in current.adjacent_list:
- 64:             if adjacent in visited:
- 65:                 continue
- 66:             
- 67:             if adjacent.val == target:
- 68:                 return adjacent
- 69:             else:
- 70:                 queue.insert(0, adjacent)
- 71:                 visited.add(adjacent)
+ 64:             break
+ 65:     
+ 66:     
+ 67:     
+ 68:     
+ 69:     
+ 70:     
+ 71:     
  72:     return None
--------------------------------------------------------------------------------
[0.15098 s] killed by ts-3-5/test_3-5_0-8_260.py::test_breadth_first_search_graph

graph_node = <test_3-5_0-8_260.graph_node.<locals>.GraphNode object at 0x7f2a987f3f10>

    def test_breadth_first_search_graph(graph_node):
        target_node = breadth_first_search_graph(graph_node, 3)
>       assert target_node.val == 3
E       AttributeError: 'NoneType' object has no attribute 'val'

ts-3-5/test_3-5_0-8_260.py:37: AttributeError
[*] Mutation score [11.04194 s]: 71.4%
   - all: 63
   - killed: 45 (71.4%)
   - survived: 18 (28.6%)
   - incompetent: 0 (0.0%)
   - timeout: 0 (0.0%)
