[*] Start mutation process:
   - targets: rabin_karp_substring_search.py
   - tests: ts-3-5/test_3-5_0-5_167.py
[*] 1 tests passed:
   - test_3-5_0-5_167 [0.16837 s]
[*] Start mutants generation and execution:
   - [#   1] AOD rabin_karp_substring_search: 
--------------------------------------------------------------------------------
  46:             
  47:             
  48:             rolling_hash = (rolling_hash + prime_modulus) % prime_modulus
  49:     
- 50:     return -1
+ 50:     return 1
--------------------------------------------------------------------------------
[0.18461 s] killed by ts-3-5/test_3-5_0-5_167.py::test_rabin_karp_find_substring

def test_rabin_karp_find_substring():
        # Test cases for rabin_karp_find_substring method
    
        # Test case 1: Substring found in the string
        assert rabin_karp_find_substring("hello world", "world") == 6
    
        # Test case 2: Substring not found in the string
>       assert rabin_karp_find_substring("hello world", "python") == -1
E       AssertionError

ts-3-5/test_3-5_0-5_167.py:16: AssertionError
   - [#   2] AOR rabin_karp_substring_search: 
--------------------------------------------------------------------------------
  22:     '''
  23:     
  24:     substring_hash = 0
  25:     rolling_hash = 0
- 26:     base_n = pow(base, len(substring) - 1) % prime_modulus
+ 26:     base_n = pow(base, len(substring) + 1) % prime_modulus
  27:     
  28:     
  29:     for i in range(len(substring)):
  30:         rolling_hash = ((base * rolling_hash) + ord(string[i])) % prime_modulus
--------------------------------------------------------------------------------
[0.19825 s] killed by ts-3-5/test_3-5_0-5_167.py::test_rabin_karp_find_substring

def test_rabin_karp_find_substring():
        # Test cases for rabin_karp_find_substring method
    
        # Test case 1: Substring found in the string
>       assert rabin_karp_find_substring("hello world", "world") == 6
E       AssertionError

ts-3-5/test_3-5_0-5_167.py:13: AssertionError
   - [#   3] AOR rabin_karp_substring_search: 
--------------------------------------------------------------------------------
  22:     '''
  23:     
  24:     substring_hash = 0
  25:     rolling_hash = 0
- 26:     base_n = pow(base, len(substring) - 1) % prime_modulus
+ 26:     base_n = pow(base, len(substring) - 1) * prime_modulus
  27:     
  28:     
  29:     for i in range(len(substring)):
  30:         rolling_hash = ((base * rolling_hash) + ord(string[i])) % prime_modulus
--------------------------------------------------------------------------------
[0.20396 s] killed by ts-3-5/test_3-5_0-5_167.py::test_rabin_karp_find_substring

def test_rabin_karp_find_substring():
        # Test cases for rabin_karp_find_substring method
    
        # Test case 1: Substring found in the string
>       assert rabin_karp_find_substring("hello world", "world") == 6
E       AssertionError

ts-3-5/test_3-5_0-5_167.py:13: AssertionError
   - [#   4] AOR rabin_karp_substring_search: 
--------------------------------------------------------------------------------
  26:     base_n = pow(base, len(substring) - 1) % prime_modulus
  27:     
  28:     
  29:     for i in range(len(substring)):
- 30:         rolling_hash = ((base * rolling_hash) + ord(string[i])) % prime_modulus
+ 30:         rolling_hash = ((base / rolling_hash) + ord(string[i])) % prime_modulus
  31:         substring_hash = ((base * substring_hash) + ord(substring[i])) % prime_modulus
  32:     
  33:     for i in range((len(string) - len(substring)) + 1):
  34:         
--------------------------------------------------------------------------------
[0.18689 s] killed by ts-3-5/test_3-5_0-5_167.py::test_rabin_karp_find_substring

def test_rabin_karp_find_substring():
        # Test cases for rabin_karp_find_substring method
    
        # Test case 1: Substring found in the string
>       assert rabin_karp_find_substring("hello world", "world") == 6

ts-3-5/test_3-5_0-5_167.py:13: 
_ _ _ _ _ _ _ _ _ _ _ _ _ _ _ _ _ _ _ _ _ _ _ _ _ _ _ _ _ _ _ _ _ _ _ _ _ _ _ _ 

string = 'hello world', substring = 'world', base = 256, prime_modulus = 487

>   ???
E   ZeroDivisionError: division by zero

rabin_karp_substring_search:30: ZeroDivisionError
   - [#   5] AOR rabin_karp_substring_search: 
--------------------------------------------------------------------------------
  26:     base_n = pow(base, len(substring) - 1) % prime_modulus
  27:     
  28:     
  29:     for i in range(len(substring)):
- 30:         rolling_hash = ((base * rolling_hash) + ord(string[i])) % prime_modulus
+ 30:         rolling_hash = ((base // rolling_hash) + ord(string[i])) % prime_modulus
  31:         substring_hash = ((base * substring_hash) + ord(substring[i])) % prime_modulus
  32:     
  33:     for i in range((len(string) - len(substring)) + 1):
  34:         
--------------------------------------------------------------------------------
[0.18990 s] killed by ts-3-5/test_3-5_0-5_167.py::test_rabin_karp_find_substring

def test_rabin_karp_find_substring():
        # Test cases for rabin_karp_find_substring method
    
        # Test case 1: Substring found in the string
>       assert rabin_karp_find_substring("hello world", "world") == 6

ts-3-5/test_3-5_0-5_167.py:13: 
_ _ _ _ _ _ _ _ _ _ _ _ _ _ _ _ _ _ _ _ _ _ _ _ _ _ _ _ _ _ _ _ _ _ _ _ _ _ _ _ 

string = 'hello world', substring = 'world', base = 256, prime_modulus = 487

>   ???
E   ZeroDivisionError: integer division or modulo by zero

rabin_karp_substring_search:30: ZeroDivisionError
   - [#   6] AOR rabin_karp_substring_search: 
--------------------------------------------------------------------------------
  26:     base_n = pow(base, len(substring) - 1) % prime_modulus
  27:     
  28:     
  29:     for i in range(len(substring)):
- 30:         rolling_hash = ((base * rolling_hash) + ord(string[i])) % prime_modulus
+ 30:         rolling_hash = ((base ** rolling_hash) + ord(string[i])) % prime_modulus
  31:         substring_hash = ((base * substring_hash) + ord(substring[i])) % prime_modulus
  32:     
  33:     for i in range((len(string) - len(substring)) + 1):
  34:         
--------------------------------------------------------------------------------
[0.18646 s] killed by ts-3-5/test_3-5_0-5_167.py::test_rabin_karp_find_substring

def test_rabin_karp_find_substring():
        # Test cases for rabin_karp_find_substring method
    
        # Test case 1: Substring found in the string
>       assert rabin_karp_find_substring("hello world", "world") == 6
E       AssertionError

ts-3-5/test_3-5_0-5_167.py:13: AssertionError
   - [#   7] AOR rabin_karp_substring_search: 
--------------------------------------------------------------------------------
  26:     base_n = pow(base, len(substring) - 1) % prime_modulus
  27:     
  28:     
  29:     for i in range(len(substring)):
- 30:         rolling_hash = ((base * rolling_hash) + ord(string[i])) % prime_modulus
+ 30:         rolling_hash = ((base * rolling_hash) - ord(string[i])) % prime_modulus
  31:         substring_hash = ((base * substring_hash) + ord(substring[i])) % prime_modulus
  32:     
  33:     for i in range((len(string) - len(substring)) + 1):
  34:         
--------------------------------------------------------------------------------
[0.19319 s] killed by ts-3-5/test_3-5_0-5_167.py::test_rabin_karp_find_substring

def test_rabin_karp_find_substring():
        # Test cases for rabin_karp_find_substring method
    
        # Test case 1: Substring found in the string
>       assert rabin_karp_find_substring("hello world", "world") == 6
E       AssertionError

ts-3-5/test_3-5_0-5_167.py:13: AssertionError
   - [#   8] AOR rabin_karp_substring_search: 
--------------------------------------------------------------------------------
  26:     base_n = pow(base, len(substring) - 1) % prime_modulus
  27:     
  28:     
  29:     for i in range(len(substring)):
- 30:         rolling_hash = ((base * rolling_hash) + ord(string[i])) % prime_modulus
+ 30:         rolling_hash = ((base * rolling_hash) + ord(string[i])) * prime_modulus
  31:         substring_hash = ((base * substring_hash) + ord(substring[i])) % prime_modulus
  32:     
  33:     for i in range((len(string) - len(substring)) + 1):
  34:         
--------------------------------------------------------------------------------
[0.19548 s] killed by ts-3-5/test_3-5_0-5_167.py::test_rabin_karp_find_substring

def test_rabin_karp_find_substring():
        # Test cases for rabin_karp_find_substring method
    
        # Test case 1: Substring found in the string
>       assert rabin_karp_find_substring("hello world", "world") == 6
E       AssertionError

ts-3-5/test_3-5_0-5_167.py:13: AssertionError
   - [#   9] AOR rabin_karp_substring_search: 
--------------------------------------------------------------------------------
  27:     
  28:     
  29:     for i in range(len(substring)):
  30:         rolling_hash = ((base * rolling_hash) + ord(string[i])) % prime_modulus
- 31:         substring_hash = ((base * substring_hash) + ord(substring[i])) % prime_modulus
+ 31:         substring_hash = ((base / substring_hash) + ord(substring[i])) % prime_modulus
  32:     
  33:     for i in range((len(string) - len(substring)) + 1):
  34:         
  35:         if rolling_hash == substring_hash:
--------------------------------------------------------------------------------
[0.19331 s] killed by ts-3-5/test_3-5_0-5_167.py::test_rabin_karp_find_substring

def test_rabin_karp_find_substring():
        # Test cases for rabin_karp_find_substring method
    
        # Test case 1: Substring found in the string
>       assert rabin_karp_find_substring("hello world", "world") == 6

ts-3-5/test_3-5_0-5_167.py:13: 
_ _ _ _ _ _ _ _ _ _ _ _ _ _ _ _ _ _ _ _ _ _ _ _ _ _ _ _ _ _ _ _ _ _ _ _ _ _ _ _ 

string = 'hello world', substring = 'world', base = 256, prime_modulus = 487

>   ???
E   ZeroDivisionError: division by zero

rabin_karp_substring_search:31: ZeroDivisionError
   - [#  10] AOR rabin_karp_substring_search: 
--------------------------------------------------------------------------------
  27:     
  28:     
  29:     for i in range(len(substring)):
  30:         rolling_hash = ((base * rolling_hash) + ord(string[i])) % prime_modulus
- 31:         substring_hash = ((base * substring_hash) + ord(substring[i])) % prime_modulus
+ 31:         substring_hash = ((base // substring_hash) + ord(substring[i])) % prime_modulus
  32:     
  33:     for i in range((len(string) - len(substring)) + 1):
  34:         
  35:         if rolling_hash == substring_hash:
--------------------------------------------------------------------------------
[0.19202 s] killed by ts-3-5/test_3-5_0-5_167.py::test_rabin_karp_find_substring

def test_rabin_karp_find_substring():
        # Test cases for rabin_karp_find_substring method
    
        # Test case 1: Substring found in the string
>       assert rabin_karp_find_substring("hello world", "world") == 6

ts-3-5/test_3-5_0-5_167.py:13: 
_ _ _ _ _ _ _ _ _ _ _ _ _ _ _ _ _ _ _ _ _ _ _ _ _ _ _ _ _ _ _ _ _ _ _ _ _ _ _ _ 

string = 'hello world', substring = 'world', base = 256, prime_modulus = 487

>   ???
E   ZeroDivisionError: integer division or modulo by zero

rabin_karp_substring_search:31: ZeroDivisionError
   - [#  11] AOR rabin_karp_substring_search: 
--------------------------------------------------------------------------------
  27:     
  28:     
  29:     for i in range(len(substring)):
  30:         rolling_hash = ((base * rolling_hash) + ord(string[i])) % prime_modulus
- 31:         substring_hash = ((base * substring_hash) + ord(substring[i])) % prime_modulus
+ 31:         substring_hash = ((base ** substring_hash) + ord(substring[i])) % prime_modulus
  32:     
  33:     for i in range((len(string) - len(substring)) + 1):
  34:         
  35:         if rolling_hash == substring_hash:
--------------------------------------------------------------------------------
[0.19284 s] killed by ts-3-5/test_3-5_0-5_167.py::test_rabin_karp_find_substring

def test_rabin_karp_find_substring():
        # Test cases for rabin_karp_find_substring method
    
        # Test case 1: Substring found in the string
>       assert rabin_karp_find_substring("hello world", "world") == 6
E       AssertionError

ts-3-5/test_3-5_0-5_167.py:13: AssertionError
   - [#  12] AOR rabin_karp_substring_search: 
--------------------------------------------------------------------------------
  27:     
  28:     
  29:     for i in range(len(substring)):
  30:         rolling_hash = ((base * rolling_hash) + ord(string[i])) % prime_modulus
- 31:         substring_hash = ((base * substring_hash) + ord(substring[i])) % prime_modulus
+ 31:         substring_hash = ((base * substring_hash) - ord(substring[i])) % prime_modulus
  32:     
  33:     for i in range((len(string) - len(substring)) + 1):
  34:         
  35:         if rolling_hash == substring_hash:
--------------------------------------------------------------------------------
[0.19639 s] killed by ts-3-5/test_3-5_0-5_167.py::test_rabin_karp_find_substring

def test_rabin_karp_find_substring():
        # Test cases for rabin_karp_find_substring method
    
        # Test case 1: Substring found in the string
>       assert rabin_karp_find_substring("hello world", "world") == 6
E       AssertionError

ts-3-5/test_3-5_0-5_167.py:13: AssertionError
   - [#  13] AOR rabin_karp_substring_search: 
--------------------------------------------------------------------------------
  27:     
  28:     
  29:     for i in range(len(substring)):
  30:         rolling_hash = ((base * rolling_hash) + ord(string[i])) % prime_modulus
- 31:         substring_hash = ((base * substring_hash) + ord(substring[i])) % prime_modulus
+ 31:         substring_hash = ((base * substring_hash) + ord(substring[i])) * prime_modulus
  32:     
  33:     for i in range((len(string) - len(substring)) + 1):
  34:         
  35:         if rolling_hash == substring_hash:
--------------------------------------------------------------------------------
[0.19574 s] killed by ts-3-5/test_3-5_0-5_167.py::test_rabin_karp_find_substring

def test_rabin_karp_find_substring():
        # Test cases for rabin_karp_find_substring method
    
        # Test case 1: Substring found in the string
>       assert rabin_karp_find_substring("hello world", "world") == 6
E       AssertionError

ts-3-5/test_3-5_0-5_167.py:13: AssertionError
   - [#  14] AOR rabin_karp_substring_search: 
--------------------------------------------------------------------------------
  29:     for i in range(len(substring)):
  30:         rolling_hash = ((base * rolling_hash) + ord(string[i])) % prime_modulus
  31:         substring_hash = ((base * substring_hash) + ord(substring[i])) % prime_modulus
  32:     
- 33:     for i in range((len(string) - len(substring)) + 1):
+ 33:     for i in range((len(string) + len(substring)) + 1):
  34:         
  35:         if rolling_hash == substring_hash:
  36:             
  37:             for (s_i, letter) in enumerate(substring):
--------------------------------------------------------------------------------
[0.19567 s] killed by ts-3-5/test_3-5_0-5_167.py::test_rabin_karp_find_substring

def test_rabin_karp_find_substring():
        # Test cases for rabin_karp_find_substring method
    
        # Test case 1: Substring found in the string
        assert rabin_karp_find_substring("hello world", "world") == 6
    
        # Test case 2: Substring not found in the string
>       assert rabin_karp_find_substring("hello world", "python") == -1

ts-3-5/test_3-5_0-5_167.py:16: 
_ _ _ _ _ _ _ _ _ _ _ _ _ _ _ _ _ _ _ _ _ _ _ _ _ _ _ _ _ _ _ _ _ _ _ _ _ _ _ _ 

string = 'hello world', substring = 'python', base = 256, prime_modulus = 487

>   ???
E   IndexError: string index out of range

rabin_karp_substring_search:38: IndexError
   - [#  15] AOR rabin_karp_substring_search: 
--------------------------------------------------------------------------------
  29:     for i in range(len(substring)):
  30:         rolling_hash = ((base * rolling_hash) + ord(string[i])) % prime_modulus
  31:         substring_hash = ((base * substring_hash) + ord(substring[i])) % prime_modulus
  32:     
- 33:     for i in range((len(string) - len(substring)) + 1):
+ 33:     for i in range((len(string) - len(substring)) - 1):
  34:         
  35:         if rolling_hash == substring_hash:
  36:             
  37:             for (s_i, letter) in enumerate(substring):
--------------------------------------------------------------------------------
[0.21537 s] killed by ts-3-5/test_3-5_0-5_167.py::test_rabin_karp_find_substring

def test_rabin_karp_find_substring():
        # Test cases for rabin_karp_find_substring method
    
        # Test case 1: Substring found in the string
>       assert rabin_karp_find_substring("hello world", "world") == 6
E       AssertionError

ts-3-5/test_3-5_0-5_167.py:13: AssertionError
   - [#  16] AOR rabin_karp_substring_search: 
--------------------------------------------------------------------------------
  34:         
  35:         if rolling_hash == substring_hash:
  36:             
  37:             for (s_i, letter) in enumerate(substring):
- 38:                 if letter != string[i + s_i]:
+ 38:                 if letter != string[i - s_i]:
  39:                     break
  40:             else:
  41:                 return i
  42:         
--------------------------------------------------------------------------------
[0.19600 s] killed by ts-3-5/test_3-5_0-5_167.py::test_rabin_karp_find_substring

def test_rabin_karp_find_substring():
        # Test cases for rabin_karp_find_substring method
    
        # Test case 1: Substring found in the string
>       assert rabin_karp_find_substring("hello world", "world") == 6
E       AssertionError

ts-3-5/test_3-5_0-5_167.py:13: AssertionError
   - [#  17] AOR rabin_karp_substring_search: 
--------------------------------------------------------------------------------
  39:                     break
  40:             else:
  41:                 return i
  42:         
- 43:         if i < len(string) - len(substring):
+ 43:         if i < len(string) + len(substring):
  44:             
  45:             rolling_hash = ((rolling_hash - (base_n * ord(string[i]))) * base) + (ord(string[i + len(substring)]) % prime_modulus)
  46:             
  47:             
--------------------------------------------------------------------------------
[0.19892 s] killed by ts-3-5/test_3-5_0-5_167.py::test_rabin_karp_find_substring

def test_rabin_karp_find_substring():
        # Test cases for rabin_karp_find_substring method
    
        # Test case 1: Substring found in the string
        assert rabin_karp_find_substring("hello world", "world") == 6
    
        # Test case 2: Substring not found in the string
>       assert rabin_karp_find_substring("hello world", "python") == -1

ts-3-5/test_3-5_0-5_167.py:16: 
_ _ _ _ _ _ _ _ _ _ _ _ _ _ _ _ _ _ _ _ _ _ _ _ _ _ _ _ _ _ _ _ _ _ _ _ _ _ _ _ 

string = 'hello world', substring = 'python', base = 256, prime_modulus = 487

>   ???
E   IndexError: string index out of range

rabin_karp_substring_search:45: IndexError
   - [#  18] AOR rabin_karp_substring_search: 
--------------------------------------------------------------------------------
  41:                 return i
  42:         
  43:         if i < len(string) - len(substring):
  44:             
- 45:             rolling_hash = ((rolling_hash - (base_n * ord(string[i]))) * base) + (ord(string[i + len(substring)]) % prime_modulus)
+ 45:             rolling_hash = ((rolling_hash + (base_n * ord(string[i]))) * base) + (ord(string[i + len(substring)]) % prime_modulus)
  46:             
  47:             
  48:             rolling_hash = (rolling_hash + prime_modulus) % prime_modulus
  49:     
--------------------------------------------------------------------------------
[0.20350 s] killed by ts-3-5/test_3-5_0-5_167.py::test_rabin_karp_find_substring

def test_rabin_karp_find_substring():
        # Test cases for rabin_karp_find_substring method
    
        # Test case 1: Substring found in the string
>       assert rabin_karp_find_substring("hello world", "world") == 6
E       AssertionError

ts-3-5/test_3-5_0-5_167.py:13: AssertionError
   - [#  19] AOR rabin_karp_substring_search: 
--------------------------------------------------------------------------------
  41:                 return i
  42:         
  43:         if i < len(string) - len(substring):
  44:             
- 45:             rolling_hash = ((rolling_hash - (base_n * ord(string[i]))) * base) + (ord(string[i + len(substring)]) % prime_modulus)
+ 45:             rolling_hash = ((rolling_hash - (base_n / ord(string[i]))) * base) + (ord(string[i + len(substring)]) % prime_modulus)
  46:             
  47:             
  48:             rolling_hash = (rolling_hash + prime_modulus) % prime_modulus
  49:     
--------------------------------------------------------------------------------
[0.19084 s] killed by ts-3-5/test_3-5_0-5_167.py::test_rabin_karp_find_substring

def test_rabin_karp_find_substring():
        # Test cases for rabin_karp_find_substring method
    
        # Test case 1: Substring found in the string
>       assert rabin_karp_find_substring("hello world", "world") == 6
E       AssertionError

ts-3-5/test_3-5_0-5_167.py:13: AssertionError
   - [#  20] AOR rabin_karp_substring_search: 
--------------------------------------------------------------------------------
  41:                 return i
  42:         
  43:         if i < len(string) - len(substring):
  44:             
- 45:             rolling_hash = ((rolling_hash - (base_n * ord(string[i]))) * base) + (ord(string[i + len(substring)]) % prime_modulus)
+ 45:             rolling_hash = ((rolling_hash - (base_n // ord(string[i]))) * base) + (ord(string[i + len(substring)]) % prime_modulus)
  46:             
  47:             
  48:             rolling_hash = (rolling_hash + prime_modulus) % prime_modulus
  49:     
--------------------------------------------------------------------------------
[0.18789 s] killed by ts-3-5/test_3-5_0-5_167.py::test_rabin_karp_find_substring

def test_rabin_karp_find_substring():
        # Test cases for rabin_karp_find_substring method
    
        # Test case 1: Substring found in the string
>       assert rabin_karp_find_substring("hello world", "world") == 6
E       AssertionError

ts-3-5/test_3-5_0-5_167.py:13: AssertionError
   - [#  21] AOR rabin_karp_substring_search: 
--------------------------------------------------------------------------------
  41:                 return i
  42:         
  43:         if i < len(string) - len(substring):
  44:             
- 45:             rolling_hash = ((rolling_hash - (base_n * ord(string[i]))) * base) + (ord(string[i + len(substring)]) % prime_modulus)
+ 45:             rolling_hash = ((rolling_hash - (base_n ** ord(string[i]))) * base) + (ord(string[i + len(substring)]) % prime_modulus)
  46:             
  47:             
  48:             rolling_hash = (rolling_hash + prime_modulus) % prime_modulus
  49:     
--------------------------------------------------------------------------------
[0.19484 s] killed by ts-3-5/test_3-5_0-5_167.py::test_rabin_karp_find_substring

def test_rabin_karp_find_substring():
        # Test cases for rabin_karp_find_substring method
    
        # Test case 1: Substring found in the string
>       assert rabin_karp_find_substring("hello world", "world") == 6
E       AssertionError

ts-3-5/test_3-5_0-5_167.py:13: AssertionError
   - [#  22] AOR rabin_karp_substring_search: 
--------------------------------------------------------------------------------
  41:                 return i
  42:         
  43:         if i < len(string) - len(substring):
  44:             
- 45:             rolling_hash = ((rolling_hash - (base_n * ord(string[i]))) * base) + (ord(string[i + len(substring)]) % prime_modulus)
+ 45:             rolling_hash = ((rolling_hash - (base_n * ord(string[i]))) / base) + (ord(string[i + len(substring)]) % prime_modulus)
  46:             
  47:             
  48:             rolling_hash = (rolling_hash + prime_modulus) % prime_modulus
  49:     
--------------------------------------------------------------------------------
[0.19812 s] killed by ts-3-5/test_3-5_0-5_167.py::test_rabin_karp_find_substring

def test_rabin_karp_find_substring():
        # Test cases for rabin_karp_find_substring method
    
        # Test case 1: Substring found in the string
>       assert rabin_karp_find_substring("hello world", "world") == 6
E       AssertionError

ts-3-5/test_3-5_0-5_167.py:13: AssertionError
   - [#  23] AOR rabin_karp_substring_search: 
--------------------------------------------------------------------------------
  41:                 return i
  42:         
  43:         if i < len(string) - len(substring):
  44:             
- 45:             rolling_hash = ((rolling_hash - (base_n * ord(string[i]))) * base) + (ord(string[i + len(substring)]) % prime_modulus)
+ 45:             rolling_hash = ((rolling_hash - (base_n * ord(string[i]))) // base) + (ord(string[i + len(substring)]) % prime_modulus)
  46:             
  47:             
  48:             rolling_hash = (rolling_hash + prime_modulus) % prime_modulus
  49:     
--------------------------------------------------------------------------------
[0.19784 s] killed by ts-3-5/test_3-5_0-5_167.py::test_rabin_karp_find_substring

def test_rabin_karp_find_substring():
        # Test cases for rabin_karp_find_substring method
    
        # Test case 1: Substring found in the string
>       assert rabin_karp_find_substring("hello world", "world") == 6
E       AssertionError

ts-3-5/test_3-5_0-5_167.py:13: AssertionError
   - [#  24] AOR rabin_karp_substring_search: 
--------------------------------------------------------------------------------
  41:                 return i
  42:         
  43:         if i < len(string) - len(substring):
  44:             
- 45:             rolling_hash = ((rolling_hash - (base_n * ord(string[i]))) * base) + (ord(string[i + len(substring)]) % prime_modulus)
+ 45:             rolling_hash = ((rolling_hash - (base_n * ord(string[i]))) ** base) + (ord(string[i + len(substring)]) % prime_modulus)
  46:             
  47:             
  48:             rolling_hash = (rolling_hash + prime_modulus) % prime_modulus
  49:     
--------------------------------------------------------------------------------
[0.19501 s] killed by ts-3-5/test_3-5_0-5_167.py::test_rabin_karp_find_substring

def test_rabin_karp_find_substring():
        # Test cases for rabin_karp_find_substring method
    
        # Test case 1: Substring found in the string
>       assert rabin_karp_find_substring("hello world", "world") == 6
E       AssertionError

ts-3-5/test_3-5_0-5_167.py:13: AssertionError
   - [#  25] AOR rabin_karp_substring_search: 
--------------------------------------------------------------------------------
  41:                 return i
  42:         
  43:         if i < len(string) - len(substring):
  44:             
- 45:             rolling_hash = ((rolling_hash - (base_n * ord(string[i]))) * base) + (ord(string[i + len(substring)]) % prime_modulus)
+ 45:             rolling_hash = ((rolling_hash - (base_n * ord(string[i]))) * base) - (ord(string[i + len(substring)]) % prime_modulus)
  46:             
  47:             
  48:             rolling_hash = (rolling_hash + prime_modulus) % prime_modulus
  49:     
--------------------------------------------------------------------------------
[0.19275 s] killed by ts-3-5/test_3-5_0-5_167.py::test_rabin_karp_find_substring

def test_rabin_karp_find_substring():
        # Test cases for rabin_karp_find_substring method
    
        # Test case 1: Substring found in the string
>       assert rabin_karp_find_substring("hello world", "world") == 6
E       AssertionError

ts-3-5/test_3-5_0-5_167.py:13: AssertionError
   - [#  26] AOR rabin_karp_substring_search: 
--------------------------------------------------------------------------------
  41:                 return i
  42:         
  43:         if i < len(string) - len(substring):
  44:             
- 45:             rolling_hash = ((rolling_hash - (base_n * ord(string[i]))) * base) + (ord(string[i + len(substring)]) % prime_modulus)
+ 45:             rolling_hash = ((rolling_hash - (base_n * ord(string[i]))) * base) + (ord(string[i - len(substring)]) % prime_modulus)
  46:             
  47:             
  48:             rolling_hash = (rolling_hash + prime_modulus) % prime_modulus
  49:     
--------------------------------------------------------------------------------
[0.19654 s] killed by ts-3-5/test_3-5_0-5_167.py::test_rabin_karp_find_substring

def test_rabin_karp_find_substring():
        # Test cases for rabin_karp_find_substring method
    
        # Test case 1: Substring found in the string
>       assert rabin_karp_find_substring("hello world", "world") == 6
E       AssertionError

ts-3-5/test_3-5_0-5_167.py:13: AssertionError
   - [#  27] AOR rabin_karp_substring_search: 
--------------------------------------------------------------------------------
  41:                 return i
  42:         
  43:         if i < len(string) - len(substring):
  44:             
- 45:             rolling_hash = ((rolling_hash - (base_n * ord(string[i]))) * base) + (ord(string[i + len(substring)]) % prime_modulus)
+ 45:             rolling_hash = ((rolling_hash - (base_n * ord(string[i]))) * base) + (ord(string[i + len(substring)]) * prime_modulus)
  46:             
  47:             
  48:             rolling_hash = (rolling_hash + prime_modulus) % prime_modulus
  49:     
--------------------------------------------------------------------------------
[0.19927 s] killed by ts-3-5/test_3-5_0-5_167.py::test_rabin_karp_find_substring

def test_rabin_karp_find_substring():
        # Test cases for rabin_karp_find_substring method
    
        # Test case 1: Substring found in the string
>       assert rabin_karp_find_substring("hello world", "world") == 6
E       AssertionError

ts-3-5/test_3-5_0-5_167.py:13: AssertionError
   - [#  28] AOR rabin_karp_substring_search: 
--------------------------------------------------------------------------------
  44:             
  45:             rolling_hash = ((rolling_hash - (base_n * ord(string[i]))) * base) + (ord(string[i + len(substring)]) % prime_modulus)
  46:             
  47:             
- 48:             rolling_hash = (rolling_hash + prime_modulus) % prime_modulus
+ 48:             rolling_hash = (rolling_hash - prime_modulus) % prime_modulus
  49:     
  50:     return -1
--------------------------------------------------------------------------------
[0.17907 s] survived
   - [#  29] AOR rabin_karp_substring_search: 
--------------------------------------------------------------------------------
  44:             
  45:             rolling_hash = ((rolling_hash - (base_n * ord(string[i]))) * base) + (ord(string[i + len(substring)]) % prime_modulus)
  46:             
  47:             
- 48:             rolling_hash = (rolling_hash + prime_modulus) % prime_modulus
+ 48:             rolling_hash = (rolling_hash + prime_modulus) * prime_modulus
  49:     
  50:     return -1
--------------------------------------------------------------------------------
[0.19611 s] killed by ts-3-5/test_3-5_0-5_167.py::test_rabin_karp_find_substring

def test_rabin_karp_find_substring():
        # Test cases for rabin_karp_find_substring method
    
        # Test case 1: Substring found in the string
>       assert rabin_karp_find_substring("hello world", "world") == 6
E       AssertionError

ts-3-5/test_3-5_0-5_167.py:13: AssertionError
   - [#  30] AOR rabin_karp_substring_search: 
--------------------------------------------------------------------------------
  46:             
  47:             
  48:             rolling_hash = (rolling_hash + prime_modulus) % prime_modulus
  49:     
- 50:     return -1
+ 50:     return +1
--------------------------------------------------------------------------------
[0.18732 s] killed by ts-3-5/test_3-5_0-5_167.py::test_rabin_karp_find_substring

def test_rabin_karp_find_substring():
        # Test cases for rabin_karp_find_substring method
    
        # Test case 1: Substring found in the string
        assert rabin_karp_find_substring("hello world", "world") == 6
    
        # Test case 2: Substring not found in the string
>       assert rabin_karp_find_substring("hello world", "python") == -1
E       AssertionError

ts-3-5/test_3-5_0-5_167.py:16: AssertionError
   - [#  31] BCR rabin_karp_substring_search: 
--------------------------------------------------------------------------------
  35:         if rolling_hash == substring_hash:
  36:             
  37:             for (s_i, letter) in enumerate(substring):
  38:                 if letter != string[i + s_i]:
- 39:                     break
+ 39:                     continue
  40:             else:
  41:                 return i
  42:         
  43:         if i < len(string) - len(substring):
--------------------------------------------------------------------------------
[0.19902 s] killed by ts-3-5/test_3-5_0-5_167.py::test_rabin_karp_find_substring

def test_rabin_karp_find_substring():
        # Test cases for rabin_karp_find_substring method
    
        # Test case 1: Substring found in the string
        assert rabin_karp_find_substring("hello world", "world") == 6
    
        # Test case 2: Substring not found in the string
>       assert rabin_karp_find_substring("hello world", "python") == -1
E       AssertionError

ts-3-5/test_3-5_0-5_167.py:16: AssertionError
   - [#  32] COI rabin_karp_substring_search: 
--------------------------------------------------------------------------------
  31:         substring_hash = ((base * substring_hash) + ord(substring[i])) % prime_modulus
  32:     
  33:     for i in range((len(string) - len(substring)) + 1):
  34:         
- 35:         if rolling_hash == substring_hash:
+ 35:         if not (rolling_hash == substring_hash):
  36:             
  37:             for (s_i, letter) in enumerate(substring):
  38:                 if letter != string[i + s_i]:
  39:                     break
--------------------------------------------------------------------------------
[0.19703 s] killed by ts-3-5/test_3-5_0-5_167.py::test_rabin_karp_find_substring

def test_rabin_karp_find_substring():
        # Test cases for rabin_karp_find_substring method
    
        # Test case 1: Substring found in the string
>       assert rabin_karp_find_substring("hello world", "world") == 6
E       AssertionError

ts-3-5/test_3-5_0-5_167.py:13: AssertionError
   - [#  33] COI rabin_karp_substring_search: 
--------------------------------------------------------------------------------
  34:         
  35:         if rolling_hash == substring_hash:
  36:             
  37:             for (s_i, letter) in enumerate(substring):
- 38:                 if letter != string[i + s_i]:
+ 38:                 if not (letter != string[i + s_i]):
  39:                     break
  40:             else:
  41:                 return i
  42:         
--------------------------------------------------------------------------------
[0.20208 s] killed by ts-3-5/test_3-5_0-5_167.py::test_rabin_karp_find_substring

def test_rabin_karp_find_substring():
        # Test cases for rabin_karp_find_substring method
    
        # Test case 1: Substring found in the string
>       assert rabin_karp_find_substring("hello world", "world") == 6
E       AssertionError

ts-3-5/test_3-5_0-5_167.py:13: AssertionError
   - [#  34] COI rabin_karp_substring_search: 
--------------------------------------------------------------------------------
  39:                     break
  40:             else:
  41:                 return i
  42:         
- 43:         if i < len(string) - len(substring):
+ 43:         if not (i < len(string) - len(substring)):
  44:             
  45:             rolling_hash = ((rolling_hash - (base_n * ord(string[i]))) * base) + (ord(string[i + len(substring)]) % prime_modulus)
  46:             
  47:             
--------------------------------------------------------------------------------
[0.19194 s] killed by ts-3-5/test_3-5_0-5_167.py::test_rabin_karp_find_substring

def test_rabin_karp_find_substring():
        # Test cases for rabin_karp_find_substring method
    
        # Test case 1: Substring found in the string
>       assert rabin_karp_find_substring("hello world", "world") == 6

ts-3-5/test_3-5_0-5_167.py:13: 
_ _ _ _ _ _ _ _ _ _ _ _ _ _ _ _ _ _ _ _ _ _ _ _ _ _ _ _ _ _ _ _ _ _ _ _ _ _ _ _ 

string = 'hello world', substring = 'world', base = 256, prime_modulus = 487

>   ???
E   IndexError: string index out of range

rabin_karp_substring_search:45: IndexError
   - [#  35] OIL rabin_karp_substring_search: 
--------------------------------------------------------------------------------
  28:     
  29:     for i in range(len(substring)):
  30:         rolling_hash = ((base * rolling_hash) + ord(string[i])) % prime_modulus
  31:         substring_hash = ((base * substring_hash) + ord(substring[i])) % prime_modulus
- 32:     
+ 32:         break
  33:     for i in range((len(string) - len(substring)) + 1):
  34:         
  35:         if rolling_hash == substring_hash:
  36:             
--------------------------------------------------------------------------------
[0.20099 s] killed by ts-3-5/test_3-5_0-5_167.py::test_rabin_karp_find_substring

def test_rabin_karp_find_substring():
        # Test cases for rabin_karp_find_substring method
    
        # Test case 1: Substring found in the string
>       assert rabin_karp_find_substring("hello world", "world") == 6
E       AssertionError

ts-3-5/test_3-5_0-5_167.py:13: AssertionError
   - [#  36] OIL rabin_karp_substring_search: 
--------------------------------------------------------------------------------
  45:             rolling_hash = ((rolling_hash - (base_n * ord(string[i]))) * base) + (ord(string[i + len(substring)]) % prime_modulus)
  46:             
  47:             
  48:             rolling_hash = (rolling_hash + prime_modulus) % prime_modulus
- 49:     
+ 49:         break
  50:     return -1
--------------------------------------------------------------------------------
[0.19902 s] killed by ts-3-5/test_3-5_0-5_167.py::test_rabin_karp_find_substring

def test_rabin_karp_find_substring():
        # Test cases for rabin_karp_find_substring method
    
        # Test case 1: Substring found in the string
>       assert rabin_karp_find_substring("hello world", "world") == 6
E       AssertionError

ts-3-5/test_3-5_0-5_167.py:13: AssertionError
   - [#  37] OIL rabin_karp_substring_search: 
--------------------------------------------------------------------------------
  36:             
  37:             for (s_i, letter) in enumerate(substring):
  38:                 if letter != string[i + s_i]:
  39:                     break
- 40:             else:
- 41:                 return i
+ 40:                 break
+ 41:             else:return i
  42:         
  43:         if i < len(string) - len(substring):
  44:             
  45:             rolling_hash = ((rolling_hash - (base_n * ord(string[i]))) * base) + (ord(string[i + len(substring)]) % prime_modulus)
--------------------------------------------------------------------------------
[0.20573 s] killed by ts-3-5/test_3-5_0-5_167.py::test_rabin_karp_find_substring

def test_rabin_karp_find_substring():
        # Test cases for rabin_karp_find_substring method
    
        # Test case 1: Substring found in the string
>       assert rabin_karp_find_substring("hello world", "world") == 6
E       AssertionError

ts-3-5/test_3-5_0-5_167.py:13: AssertionError
   - [#  38] RIL rabin_karp_substring_search: 
--------------------------------------------------------------------------------
  25:     rolling_hash = 0
  26:     base_n = pow(base, len(substring) - 1) % prime_modulus
  27:     
  28:     
- 29:     for i in range(len(substring)):
+ 29:     for i in reversed(range(len(substring))):
  30:         rolling_hash = ((base * rolling_hash) + ord(string[i])) % prime_modulus
  31:         substring_hash = ((base * substring_hash) + ord(substring[i])) % prime_modulus
  32:     
  33:     for i in range((len(string) - len(substring)) + 1):
--------------------------------------------------------------------------------
[0.20186 s] killed by ts-3-5/test_3-5_0-5_167.py::test_rabin_karp_find_substring

def test_rabin_karp_find_substring():
        # Test cases for rabin_karp_find_substring method
    
        # Test case 1: Substring found in the string
>       assert rabin_karp_find_substring("hello world", "world") == 6
E       AssertionError

ts-3-5/test_3-5_0-5_167.py:13: AssertionError
   - [#  39] RIL rabin_karp_substring_search: 
--------------------------------------------------------------------------------
  29:     for i in range(len(substring)):
  30:         rolling_hash = ((base * rolling_hash) + ord(string[i])) % prime_modulus
  31:         substring_hash = ((base * substring_hash) + ord(substring[i])) % prime_modulus
  32:     
- 33:     for i in range((len(string) - len(substring)) + 1):
+ 33:     for i in reversed(range((len(string) - len(substring)) + 1)):
  34:         
  35:         if rolling_hash == substring_hash:
  36:             
  37:             for (s_i, letter) in enumerate(substring):
--------------------------------------------------------------------------------
[0.17915 s] killed by ts-3-5/test_3-5_0-5_167.py::test_rabin_karp_find_substring

def test_rabin_karp_find_substring():
        # Test cases for rabin_karp_find_substring method
    
        # Test case 1: Substring found in the string
>       assert rabin_karp_find_substring("hello world", "world") == 6
E       AssertionError

ts-3-5/test_3-5_0-5_167.py:13: AssertionError
   - [#  40] RIL rabin_karp_substring_search: 
--------------------------------------------------------------------------------
  33:     for i in range((len(string) - len(substring)) + 1):
  34:         
  35:         if rolling_hash == substring_hash:
  36:             
- 37:             for (s_i, letter) in enumerate(substring):
+ 37:             for (s_i, letter) in reversed(enumerate(substring)):
  38:                 if letter != string[i + s_i]:
  39:                     break
  40:             else:
  41:                 return i
--------------------------------------------------------------------------------
[0.19473 s] incompetent

TypeError: rabin_karp_substring_search:37: TypeError: 'enumerate' object is not reversible

   - [#  41] ROR rabin_karp_substring_search: 
--------------------------------------------------------------------------------
  31:         substring_hash = ((base * substring_hash) + ord(substring[i])) % prime_modulus
  32:     
  33:     for i in range((len(string) - len(substring)) + 1):
  34:         
- 35:         if rolling_hash == substring_hash:
+ 35:         if rolling_hash != substring_hash:
  36:             
  37:             for (s_i, letter) in enumerate(substring):
  38:                 if letter != string[i + s_i]:
  39:                     break
--------------------------------------------------------------------------------
[0.19810 s] killed by ts-3-5/test_3-5_0-5_167.py::test_rabin_karp_find_substring

def test_rabin_karp_find_substring():
        # Test cases for rabin_karp_find_substring method
    
        # Test case 1: Substring found in the string
>       assert rabin_karp_find_substring("hello world", "world") == 6
E       AssertionError

ts-3-5/test_3-5_0-5_167.py:13: AssertionError
   - [#  42] ROR rabin_karp_substring_search: 
--------------------------------------------------------------------------------
  34:         
  35:         if rolling_hash == substring_hash:
  36:             
  37:             for (s_i, letter) in enumerate(substring):
- 38:                 if letter != string[i + s_i]:
+ 38:                 if letter == string[i + s_i]:
  39:                     break
  40:             else:
  41:                 return i
  42:         
--------------------------------------------------------------------------------
[0.19494 s] killed by ts-3-5/test_3-5_0-5_167.py::test_rabin_karp_find_substring

def test_rabin_karp_find_substring():
        # Test cases for rabin_karp_find_substring method
    
        # Test case 1: Substring found in the string
>       assert rabin_karp_find_substring("hello world", "world") == 6
E       AssertionError

ts-3-5/test_3-5_0-5_167.py:13: AssertionError
   - [#  43] ROR rabin_karp_substring_search: 
--------------------------------------------------------------------------------
  39:                     break
  40:             else:
  41:                 return i
  42:         
- 43:         if i < len(string) - len(substring):
+ 43:         if i > len(string) - len(substring):
  44:             
  45:             rolling_hash = ((rolling_hash - (base_n * ord(string[i]))) * base) + (ord(string[i + len(substring)]) % prime_modulus)
  46:             
  47:             
--------------------------------------------------------------------------------
[0.19601 s] killed by ts-3-5/test_3-5_0-5_167.py::test_rabin_karp_find_substring

def test_rabin_karp_find_substring():
        # Test cases for rabin_karp_find_substring method
    
        # Test case 1: Substring found in the string
>       assert rabin_karp_find_substring("hello world", "world") == 6
E       AssertionError

ts-3-5/test_3-5_0-5_167.py:13: AssertionError
   - [#  44] ROR rabin_karp_substring_search: 
--------------------------------------------------------------------------------
  39:                     break
  40:             else:
  41:                 return i
  42:         
- 43:         if i < len(string) - len(substring):
+ 43:         if i <= len(string) - len(substring):
  44:             
  45:             rolling_hash = ((rolling_hash - (base_n * ord(string[i]))) * base) + (ord(string[i + len(substring)]) % prime_modulus)
  46:             
  47:             
--------------------------------------------------------------------------------
[0.19829 s] killed by ts-3-5/test_3-5_0-5_167.py::test_rabin_karp_find_substring

def test_rabin_karp_find_substring():
        # Test cases for rabin_karp_find_substring method
    
        # Test case 1: Substring found in the string
        assert rabin_karp_find_substring("hello world", "world") == 6
    
        # Test case 2: Substring not found in the string
>       assert rabin_karp_find_substring("hello world", "python") == -1

ts-3-5/test_3-5_0-5_167.py:16: 
_ _ _ _ _ _ _ _ _ _ _ _ _ _ _ _ _ _ _ _ _ _ _ _ _ _ _ _ _ _ _ _ _ _ _ _ _ _ _ _ 

string = 'hello world', substring = 'python', base = 256, prime_modulus = 487

>   ???
E   IndexError: string index out of range

rabin_karp_substring_search:45: IndexError
   - [#  45] SDL rabin_karp_substring_search: 
--------------------------------------------------------------------------------
  20:         of a substring that is within the string.
  21: 
  22:     '''
  23:     
- 24:     substring_hash = 0
+ 24:     pass
  25:     rolling_hash = 0
  26:     base_n = pow(base, len(substring) - 1) % prime_modulus
  27:     
  28:     
--------------------------------------------------------------------------------
[0.20087 s] killed by ts-3-5/test_3-5_0-5_167.py::test_rabin_karp_find_substring

def test_rabin_karp_find_substring():
        # Test cases for rabin_karp_find_substring method
    
        # Test case 1: Substring found in the string
>       assert rabin_karp_find_substring("hello world", "world") == 6

ts-3-5/test_3-5_0-5_167.py:13: 
_ _ _ _ _ _ _ _ _ _ _ _ _ _ _ _ _ _ _ _ _ _ _ _ _ _ _ _ _ _ _ _ _ _ _ _ _ _ _ _ 

string = 'hello world', substring = 'world', base = 256, prime_modulus = 487

>   ???
E   UnboundLocalError: local variable 'substring_hash' referenced before assignment

rabin_karp_substring_search:31: UnboundLocalError
   - [#  46] SDL rabin_karp_substring_search: 
--------------------------------------------------------------------------------
  21: 
  22:     '''
  23:     
  24:     substring_hash = 0
- 25:     rolling_hash = 0
+ 25:     pass
  26:     base_n = pow(base, len(substring) - 1) % prime_modulus
  27:     
  28:     
  29:     for i in range(len(substring)):
--------------------------------------------------------------------------------
[0.20111 s] killed by ts-3-5/test_3-5_0-5_167.py::test_rabin_karp_find_substring

def test_rabin_karp_find_substring():
        # Test cases for rabin_karp_find_substring method
    
        # Test case 1: Substring found in the string
>       assert rabin_karp_find_substring("hello world", "world") == 6

ts-3-5/test_3-5_0-5_167.py:13: 
_ _ _ _ _ _ _ _ _ _ _ _ _ _ _ _ _ _ _ _ _ _ _ _ _ _ _ _ _ _ _ _ _ _ _ _ _ _ _ _ 

string = 'hello world', substring = 'world', base = 256, prime_modulus = 487

>   ???
E   UnboundLocalError: local variable 'rolling_hash' referenced before assignment

rabin_karp_substring_search:30: UnboundLocalError
   - [#  47] SDL rabin_karp_substring_search: 
--------------------------------------------------------------------------------
  22:     '''
  23:     
  24:     substring_hash = 0
  25:     rolling_hash = 0
- 26:     base_n = pow(base, len(substring) - 1) % prime_modulus
+ 26:     pass
  27:     
  28:     
  29:     for i in range(len(substring)):
  30:         rolling_hash = ((base * rolling_hash) + ord(string[i])) % prime_modulus
--------------------------------------------------------------------------------
[0.20165 s] killed by ts-3-5/test_3-5_0-5_167.py::test_rabin_karp_find_substring

def test_rabin_karp_find_substring():
        # Test cases for rabin_karp_find_substring method
    
        # Test case 1: Substring found in the string
>       assert rabin_karp_find_substring("hello world", "world") == 6

ts-3-5/test_3-5_0-5_167.py:13: 
_ _ _ _ _ _ _ _ _ _ _ _ _ _ _ _ _ _ _ _ _ _ _ _ _ _ _ _ _ _ _ _ _ _ _ _ _ _ _ _ 

string = 'hello world', substring = 'world', base = 256, prime_modulus = 487

>   ???
E   NameError: name 'base_n' is not defined

rabin_karp_substring_search:45: NameError
   - [#  48] SDL rabin_karp_substring_search: 
--------------------------------------------------------------------------------
  26:     base_n = pow(base, len(substring) - 1) % prime_modulus
  27:     
  28:     
  29:     for i in range(len(substring)):
- 30:         rolling_hash = ((base * rolling_hash) + ord(string[i])) % prime_modulus
+ 30:         pass
  31:         substring_hash = ((base * substring_hash) + ord(substring[i])) % prime_modulus
  32:     
  33:     for i in range((len(string) - len(substring)) + 1):
  34:         
--------------------------------------------------------------------------------
[0.18877 s] killed by ts-3-5/test_3-5_0-5_167.py::test_rabin_karp_find_substring

def test_rabin_karp_find_substring():
        # Test cases for rabin_karp_find_substring method
    
        # Test case 1: Substring found in the string
>       assert rabin_karp_find_substring("hello world", "world") == 6
E       AssertionError

ts-3-5/test_3-5_0-5_167.py:13: AssertionError
   - [#  49] SDL rabin_karp_substring_search: 
--------------------------------------------------------------------------------
  27:     
  28:     
  29:     for i in range(len(substring)):
  30:         rolling_hash = ((base * rolling_hash) + ord(string[i])) % prime_modulus
- 31:         substring_hash = ((base * substring_hash) + ord(substring[i])) % prime_modulus
+ 31:         pass
  32:     
  33:     for i in range((len(string) - len(substring)) + 1):
  34:         
  35:         if rolling_hash == substring_hash:
--------------------------------------------------------------------------------
[0.18682 s] killed by ts-3-5/test_3-5_0-5_167.py::test_rabin_karp_find_substring

def test_rabin_karp_find_substring():
        # Test cases for rabin_karp_find_substring method
    
        # Test case 1: Substring found in the string
>       assert rabin_karp_find_substring("hello world", "world") == 6
E       AssertionError

ts-3-5/test_3-5_0-5_167.py:13: AssertionError
   - [#  50] SDL rabin_karp_substring_search: 
--------------------------------------------------------------------------------
  37:             for (s_i, letter) in enumerate(substring):
  38:                 if letter != string[i + s_i]:
  39:                     break
  40:             else:
- 41:                 return i
+ 41:                 pass
  42:         
  43:         if i < len(string) - len(substring):
  44:             
  45:             rolling_hash = ((rolling_hash - (base_n * ord(string[i]))) * base) + (ord(string[i + len(substring)]) % prime_modulus)
--------------------------------------------------------------------------------
[0.19644 s] killed by ts-3-5/test_3-5_0-5_167.py::test_rabin_karp_find_substring

def test_rabin_karp_find_substring():
        # Test cases for rabin_karp_find_substring method
    
        # Test case 1: Substring found in the string
>       assert rabin_karp_find_substring("hello world", "world") == 6
E       AssertionError

ts-3-5/test_3-5_0-5_167.py:13: AssertionError
   - [#  51] SDL rabin_karp_substring_search: 
--------------------------------------------------------------------------------
  41:                 return i
  42:         
  43:         if i < len(string) - len(substring):
  44:             
- 45:             rolling_hash = ((rolling_hash - (base_n * ord(string[i]))) * base) + (ord(string[i + len(substring)]) % prime_modulus)
+ 45:             pass
  46:             
  47:             
  48:             rolling_hash = (rolling_hash + prime_modulus) % prime_modulus
  49:     
--------------------------------------------------------------------------------
[0.21348 s] killed by ts-3-5/test_3-5_0-5_167.py::test_rabin_karp_find_substring

def test_rabin_karp_find_substring():
        # Test cases for rabin_karp_find_substring method
    
        # Test case 1: Substring found in the string
>       assert rabin_karp_find_substring("hello world", "world") == 6
E       AssertionError

ts-3-5/test_3-5_0-5_167.py:13: AssertionError
   - [#  52] SDL rabin_karp_substring_search: 
--------------------------------------------------------------------------------
  44:             
  45:             rolling_hash = ((rolling_hash - (base_n * ord(string[i]))) * base) + (ord(string[i + len(substring)]) % prime_modulus)
  46:             
  47:             
- 48:             rolling_hash = (rolling_hash + prime_modulus) % prime_modulus
+ 48:             pass
  49:     
  50:     return -1
--------------------------------------------------------------------------------
[0.21258 s] killed by ts-3-5/test_3-5_0-5_167.py::test_rabin_karp_find_substring

def test_rabin_karp_find_substring():
        # Test cases for rabin_karp_find_substring method
    
        # Test case 1: Substring found in the string
>       assert rabin_karp_find_substring("hello world", "world") == 6
E       AssertionError

ts-3-5/test_3-5_0-5_167.py:13: AssertionError
   - [#  53] SDL rabin_karp_substring_search: 
--------------------------------------------------------------------------------
  46:             
  47:             
  48:             rolling_hash = (rolling_hash + prime_modulus) % prime_modulus
  49:     
- 50:     return -1
+ 50:     pass
--------------------------------------------------------------------------------
[0.19506 s] killed by ts-3-5/test_3-5_0-5_167.py::test_rabin_karp_find_substring

def test_rabin_karp_find_substring():
        # Test cases for rabin_karp_find_substring method
    
        # Test case 1: Substring found in the string
        assert rabin_karp_find_substring("hello world", "world") == 6
    
        # Test case 2: Substring not found in the string
>       assert rabin_karp_find_substring("hello world", "python") == -1
E       AssertionError

ts-3-5/test_3-5_0-5_167.py:16: AssertionError
   - [#  54] ZIL rabin_karp_substring_search: 
--------------------------------------------------------------------------------
  26:     base_n = pow(base, len(substring) - 1) % prime_modulus
  27:     
  28:     
  29:     for i in range(len(substring)):
- 30:         rolling_hash = ((base * rolling_hash) + ord(string[i])) % prime_modulus
- 31:         substring_hash = ((base * substring_hash) + ord(substring[i])) % prime_modulus
+ 30:         break
+ 31:     
  32:     
  33:     for i in range((len(string) - len(substring)) + 1):
  34:         
  35:         if rolling_hash == substring_hash:
--------------------------------------------------------------------------------
[0.20020 s] killed by ts-3-5/test_3-5_0-5_167.py::test_rabin_karp_find_substring

def test_rabin_karp_find_substring():
        # Test cases for rabin_karp_find_substring method
    
        # Test case 1: Substring found in the string
>       assert rabin_karp_find_substring("hello world", "world") == 6
E       AssertionError

ts-3-5/test_3-5_0-5_167.py:13: AssertionError
   - [#  55] ZIL rabin_karp_substring_search: 
--------------------------------------------------------------------------------
  31:         substring_hash = ((base * substring_hash) + ord(substring[i])) % prime_modulus
  32:     
  33:     for i in range((len(string) - len(substring)) + 1):
  34:         
- 35:         if rolling_hash == substring_hash:
- 36:             
- 37:             for (s_i, letter) in enumerate(substring):
- 38:                 if letter != string[i + s_i]:
- 39:                     break
- 40:             else:
- 41:                 return i
- 42:         
- 43:         if i < len(string) - len(substring):
- 44:             
- 45:             rolling_hash = ((rolling_hash - (base_n * ord(string[i]))) * base) + (ord(string[i + len(substring)]) % prime_modulus)
- 46:             
- 47:             
- 48:             rolling_hash = (rolling_hash + prime_modulus) % prime_modulus
+ 35:         break
+ 36:     
+ 37:     
+ 38:     
+ 39:     
+ 40:     
+ 41:     
+ 42:     
+ 43:     
+ 44:     
+ 45:     
+ 46:     
+ 47:     
+ 48:     
  49:     
  50:     return -1
--------------------------------------------------------------------------------
[0.19545 s] killed by ts-3-5/test_3-5_0-5_167.py::test_rabin_karp_find_substring

def test_rabin_karp_find_substring():
        # Test cases for rabin_karp_find_substring method
    
        # Test case 1: Substring found in the string
>       assert rabin_karp_find_substring("hello world", "world") == 6
E       AssertionError

ts-3-5/test_3-5_0-5_167.py:13: AssertionError
   - [#  56] ZIL rabin_karp_substring_search: 
--------------------------------------------------------------------------------
  34:         
  35:         if rolling_hash == substring_hash:
  36:             
  37:             for (s_i, letter) in enumerate(substring):
- 38:                 if letter != string[i + s_i]:
- 39:                     break
- 40:             else:
+ 38:                 break
+ 39:             else:
+ 40:                 
  41:                 return i
  42:         
  43:         if i < len(string) - len(substring):
  44:             
--------------------------------------------------------------------------------
[0.20055 s] killed by ts-3-5/test_3-5_0-5_167.py::test_rabin_karp_find_substring

def test_rabin_karp_find_substring():
        # Test cases for rabin_karp_find_substring method
    
        # Test case 1: Substring found in the string
>       assert rabin_karp_find_substring("hello world", "world") == 6
E       AssertionError

ts-3-5/test_3-5_0-5_167.py:13: AssertionError
[*] Mutation score [12.55858 s]: 98.2%
   - all: 56
   - killed: 54 (96.4%)
   - survived: 1 (1.8%)
   - incompetent: 1 (1.8%)
   - timeout: 0 (0.0%)
