[*] Start mutation process:
   - targets: first_missing_positive.py
   - tests: ts-3-5/test_3-5_0-8_266.py
[*] 6 tests passed:
   - test_3-5_0-8_266 [0.11356 s]
[*] Start mutants generation and execution:
   - [#   1] AOR first_missing_positive: 
--------------------------------------------------------------------------------
  24:         The first integer greater than 0 that is not 
  25:         present in the input list.
  26:     """
  27:     start = 0
- 28:     end = len(nums) - 1
+ 28:     end = len(nums) + 1
  29:     while start <= end:
  30:         i = nums[start] - 1
  31:         
  32:         if i == start:
--------------------------------------------------------------------------------
[0.14076 s] killed by ts-3-5/test_3-5_0-8_266.py::test_first_missing_positive_basic

def test_first_missing_positive_basic():
        nums = [3, 4, -1, 1]
>       assert first_missing_positive(nums) == 2

ts-3-5/test_3-5_0-8_266.py:13: 
_ _ _ _ _ _ _ _ _ _ _ _ _ _ _ _ _ _ _ _ _ _ _ _ _ _ _ _ _ _ _ _ _ _ _ _ _ _ _ _ 

nums = [-1, 4, 3, 1]

>   ???
E   IndexError: list index out of range

first_missing_positive:38: IndexError
   - [#   2] AOR first_missing_positive: 
--------------------------------------------------------------------------------
  26:     """
  27:     start = 0
  28:     end = len(nums) - 1
  29:     while start <= end:
- 30:         i = nums[start] - 1
+ 30:         i = nums[start] + 1
  31:         
  32:         if i == start:
  33:             start += 1
  34:         
--------------------------------------------------------------------------------
[0.14160 s] killed by ts-3-5/test_3-5_0-8_266.py::test_first_missing_positive_negative_values

def test_first_missing_positive_negative_values():
        nums = [-1, -2, -3, 0]
>       assert first_missing_positive(nums) == 1
E       AssertionError

ts-3-5/test_3-5_0-8_266.py:17: AssertionError
   - [#   3] AOR first_missing_positive: 
--------------------------------------------------------------------------------
  40:         else:
  41:             
  42:             (nums[start], nums[i]) = (nums[i], nums[start])
  43:     
- 44:     return start + 1
+ 44:     return start - 1
--------------------------------------------------------------------------------
[0.14510 s] killed by ts-3-5/test_3-5_0-8_266.py::test_first_missing_positive_basic

def test_first_missing_positive_basic():
        nums = [3, 4, -1, 1]
>       assert first_missing_positive(nums) == 2
E       AssertionError

ts-3-5/test_3-5_0-8_266.py:13: AssertionError
   - [#   4] ASR first_missing_positive: 
--------------------------------------------------------------------------------
  29:     while start <= end:
  30:         i = nums[start] - 1
  31:         
  32:         if i == start:
- 33:             start += 1
+ 33:             start -= 1
  34:         
  35:         
  36:         
  37:         elif (i < 0 or i > end or nums[start] == nums[i]):
--------------------------------------------------------------------------------
[0.14755 s] killed by ts-3-5/test_3-5_0-8_266.py::test_first_missing_positive_basic

def test_first_missing_positive_basic():
        nums = [3, 4, -1, 1]
>       assert first_missing_positive(nums) == 2
E       AssertionError

ts-3-5/test_3-5_0-8_266.py:13: AssertionError
   - [#   5] ASR first_missing_positive: 
--------------------------------------------------------------------------------
  35:         
  36:         
  37:         elif (i < 0 or i > end or nums[start] == nums[i]):
  38:             nums[start] = nums[end]
- 39:             end -= 1
+ 39:             end += 1
  40:         else:
  41:             
  42:             (nums[start], nums[i]) = (nums[i], nums[start])
  43:     
--------------------------------------------------------------------------------
[0.13722 s] killed by ts-3-5/test_3-5_0-8_266.py::test_first_missing_positive_basic

def test_first_missing_positive_basic():
        nums = [3, 4, -1, 1]
>       assert first_missing_positive(nums) == 2

ts-3-5/test_3-5_0-8_266.py:13: 
_ _ _ _ _ _ _ _ _ _ _ _ _ _ _ _ _ _ _ _ _ _ _ _ _ _ _ _ _ _ _ _ _ _ _ _ _ _ _ _ 

nums = [1, 1, 3, 4]

>   ???
E   IndexError: list index out of range

first_missing_positive:38: IndexError
   - [#   6] COI first_missing_positive: 
--------------------------------------------------------------------------------
  25:         present in the input list.
  26:     """
  27:     start = 0
  28:     end = len(nums) - 1
- 29:     while start <= end:
+ 29:     while not (start <= end):
  30:         i = nums[start] - 1
  31:         
  32:         if i == start:
  33:             start += 1
--------------------------------------------------------------------------------
[0.12929 s] killed by ts-3-5/test_3-5_0-8_266.py::test_first_missing_positive_basic

def test_first_missing_positive_basic():
        nums = [3, 4, -1, 1]
>       assert first_missing_positive(nums) == 2
E       AssertionError

ts-3-5/test_3-5_0-8_266.py:13: AssertionError
   - [#   7] COI first_missing_positive: 
--------------------------------------------------------------------------------
  28:     end = len(nums) - 1
  29:     while start <= end:
  30:         i = nums[start] - 1
  31:         
- 32:         if i == start:
+ 32:         if not (i == start):
  33:             start += 1
  34:         
  35:         
  36:         
--------------------------------------------------------------------------------
[0.13417 s] killed by ts-3-5/test_3-5_0-8_266.py::test_first_missing_positive_basic

def test_first_missing_positive_basic():
        nums = [3, 4, -1, 1]
>       assert first_missing_positive(nums) == 2
E       AssertionError

ts-3-5/test_3-5_0-8_266.py:13: AssertionError
   - [#   8] COI first_missing_positive: 
--------------------------------------------------------------------------------
  33:             start += 1
  34:         
  35:         
  36:         
- 37:         elif (i < 0 or i > end or nums[start] == nums[i]):
+ 37:         elif not ((i < 0 or i > end or nums[start] == nums[i])):
  38:             nums[start] = nums[end]
  39:             end -= 1
  40:         else:
  41:             
--------------------------------------------------------------------------------
[5.00581 s] timeout
   - [#   9] LCR first_missing_positive: 
--------------------------------------------------------------------------------
  33:             start += 1
  34:         
  35:         
  36:         
- 37:         elif (i < 0 or i > end or nums[start] == nums[i]):
+ 37:         elif (i < 0 and i > end and nums[start] == nums[i]):
  38:             nums[start] = nums[end]
  39:             end -= 1
  40:         else:
  41:             
--------------------------------------------------------------------------------
[5.00601 s] timeout
   - [#  10] OIL first_missing_positive: 
--------------------------------------------------------------------------------
  38:             nums[start] = nums[end]
  39:             end -= 1
  40:         else:
  41:             
- 42:             (nums[start], nums[i]) = (nums[i], nums[start])
+ 42:             (nums[start], nums[i]) = (nums[i], nums[start])break
  43:     
  44:     return start + 1
--------------------------------------------------------------------------------
[0.12751 s] killed by ts-3-5/test_3-5_0-8_266.py::test_first_missing_positive_basic

def test_first_missing_positive_basic():
        nums = [3, 4, -1, 1]
>       assert first_missing_positive(nums) == 2
E       AssertionError

ts-3-5/test_3-5_0-8_266.py:13: AssertionError
   - [#  11] ROR first_missing_positive: 
--------------------------------------------------------------------------------
  25:         present in the input list.
  26:     """
  27:     start = 0
  28:     end = len(nums) - 1
- 29:     while start <= end:
+ 29:     while start >= end:
  30:         i = nums[start] - 1
  31:         
  32:         if i == start:
  33:             start += 1
--------------------------------------------------------------------------------
[0.12918 s] killed by ts-3-5/test_3-5_0-8_266.py::test_first_missing_positive_basic

def test_first_missing_positive_basic():
        nums = [3, 4, -1, 1]
>       assert first_missing_positive(nums) == 2
E       AssertionError

ts-3-5/test_3-5_0-8_266.py:13: AssertionError
   - [#  12] ROR first_missing_positive: 
--------------------------------------------------------------------------------
  25:         present in the input list.
  26:     """
  27:     start = 0
  28:     end = len(nums) - 1
- 29:     while start <= end:
+ 29:     while start < end:
  30:         i = nums[start] - 1
  31:         
  32:         if i == start:
  33:             start += 1
--------------------------------------------------------------------------------
[0.13441 s] killed by ts-3-5/test_3-5_0-8_266.py::test_first_missing_positive_duplicates

def test_first_missing_positive_duplicates():
        nums = [1, 1, 2, 3]
>       assert first_missing_positive(nums) == 4
E       AssertionError

ts-3-5/test_3-5_0-8_266.py:21: AssertionError
   - [#  13] ROR first_missing_positive: 
--------------------------------------------------------------------------------
  28:     end = len(nums) - 1
  29:     while start <= end:
  30:         i = nums[start] - 1
  31:         
- 32:         if i == start:
+ 32:         if i != start:
  33:             start += 1
  34:         
  35:         
  36:         
--------------------------------------------------------------------------------
[0.13398 s] killed by ts-3-5/test_3-5_0-8_266.py::test_first_missing_positive_basic

def test_first_missing_positive_basic():
        nums = [3, 4, -1, 1]
>       assert first_missing_positive(nums) == 2
E       AssertionError

ts-3-5/test_3-5_0-8_266.py:13: AssertionError
   - [#  14] ROR first_missing_positive: 
--------------------------------------------------------------------------------
  33:             start += 1
  34:         
  35:         
  36:         
- 37:         elif (i < 0 or i > end or nums[start] == nums[i]):
+ 37:         elif (i > 0 or i > end or nums[start] == nums[i]):
  38:             nums[start] = nums[end]
  39:             end -= 1
  40:         else:
  41:             
--------------------------------------------------------------------------------
[0.13349 s] killed by ts-3-5/test_3-5_0-8_266.py::test_first_missing_positive_duplicates

def test_first_missing_positive_duplicates():
        nums = [1, 1, 2, 3]
>       assert first_missing_positive(nums) == 4
E       AssertionError

ts-3-5/test_3-5_0-8_266.py:21: AssertionError
   - [#  15] ROR first_missing_positive: 
--------------------------------------------------------------------------------
  33:             start += 1
  34:         
  35:         
  36:         
- 37:         elif (i < 0 or i > end or nums[start] == nums[i]):
+ 37:         elif (i <= 0 or i > end or nums[start] == nums[i]):
  38:             nums[start] = nums[end]
  39:             end -= 1
  40:         else:
  41:             
--------------------------------------------------------------------------------
[0.10920 s] survived
   - [#  16] ROR first_missing_positive: 
--------------------------------------------------------------------------------
  33:             start += 1
  34:         
  35:         
  36:         
- 37:         elif (i < 0 or i > end or nums[start] == nums[i]):
+ 37:         elif (i < 0 or i < end or nums[start] == nums[i]):
  38:             nums[start] = nums[end]
  39:             end -= 1
  40:         else:
  41:             
--------------------------------------------------------------------------------
[0.13400 s] killed by ts-3-5/test_3-5_0-8_266.py::test_first_missing_positive_large_values

def test_first_missing_positive_large_values():
        nums = [1000, 2000, 3000]
>       assert first_missing_positive(nums) == 1

ts-3-5/test_3-5_0-8_266.py:25: 
_ _ _ _ _ _ _ _ _ _ _ _ _ _ _ _ _ _ _ _ _ _ _ _ _ _ _ _ _ _ _ _ _ _ _ _ _ _ _ _ 

nums = [1000, 2000, 3000]

>   ???
E   IndexError: list index out of range

first_missing_positive:37: IndexError
   - [#  17] ROR first_missing_positive: 
--------------------------------------------------------------------------------
  33:             start += 1
  34:         
  35:         
  36:         
- 37:         elif (i < 0 or i > end or nums[start] == nums[i]):
+ 37:         elif (i < 0 or i >= end or nums[start] == nums[i]):
  38:             nums[start] = nums[end]
  39:             end -= 1
  40:         else:
  41:             
--------------------------------------------------------------------------------
[0.13365 s] killed by ts-3-5/test_3-5_0-8_266.py::test_first_missing_positive_duplicates

def test_first_missing_positive_duplicates():
        nums = [1, 1, 2, 3]
>       assert first_missing_positive(nums) == 4
E       AssertionError

ts-3-5/test_3-5_0-8_266.py:21: AssertionError
   - [#  18] ROR first_missing_positive: 
--------------------------------------------------------------------------------
  33:             start += 1
  34:         
  35:         
  36:         
- 37:         elif (i < 0 or i > end or nums[start] == nums[i]):
+ 37:         elif (i < 0 or i > end or nums[start] != nums[i]):
  38:             nums[start] = nums[end]
  39:             end -= 1
  40:         else:
  41:             
--------------------------------------------------------------------------------
[5.00628 s] timeout
   - [#  19] SDL first_missing_positive: 
--------------------------------------------------------------------------------
  23:     Returns:
  24:         The first integer greater than 0 that is not 
  25:         present in the input list.
  26:     """
- 27:     start = 0
+ 27:     pass
  28:     end = len(nums) - 1
  29:     while start <= end:
  30:         i = nums[start] - 1
  31:         
--------------------------------------------------------------------------------
[0.12773 s] killed by ts-3-5/test_3-5_0-8_266.py::test_first_missing_positive_basic

def test_first_missing_positive_basic():
        nums = [3, 4, -1, 1]
>       assert first_missing_positive(nums) == 2

ts-3-5/test_3-5_0-8_266.py:13: 
_ _ _ _ _ _ _ _ _ _ _ _ _ _ _ _ _ _ _ _ _ _ _ _ _ _ _ _ _ _ _ _ _ _ _ _ _ _ _ _ 

nums = [3, 4, -1, 1]

>   ???
E   UnboundLocalError: local variable 'start' referenced before assignment

first_missing_positive:29: UnboundLocalError
   - [#  20] SDL first_missing_positive: 
--------------------------------------------------------------------------------
  24:         The first integer greater than 0 that is not 
  25:         present in the input list.
  26:     """
  27:     start = 0
- 28:     end = len(nums) - 1
+ 28:     pass
  29:     while start <= end:
  30:         i = nums[start] - 1
  31:         
  32:         if i == start:
--------------------------------------------------------------------------------
[0.13392 s] killed by ts-3-5/test_3-5_0-8_266.py::test_first_missing_positive_basic

def test_first_missing_positive_basic():
        nums = [3, 4, -1, 1]
>       assert first_missing_positive(nums) == 2

ts-3-5/test_3-5_0-8_266.py:13: 
_ _ _ _ _ _ _ _ _ _ _ _ _ _ _ _ _ _ _ _ _ _ _ _ _ _ _ _ _ _ _ _ _ _ _ _ _ _ _ _ 

nums = [3, 4, -1, 1]

>   ???
E   UnboundLocalError: local variable 'end' referenced before assignment

first_missing_positive:29: UnboundLocalError
   - [#  21] SDL first_missing_positive: 
--------------------------------------------------------------------------------
  26:     """
  27:     start = 0
  28:     end = len(nums) - 1
  29:     while start <= end:
- 30:         i = nums[start] - 1
+ 30:         pass
  31:         
  32:         if i == start:
  33:             start += 1
  34:         
--------------------------------------------------------------------------------
[0.13162 s] killed by ts-3-5/test_3-5_0-8_266.py::test_first_missing_positive_basic

def test_first_missing_positive_basic():
        nums = [3, 4, -1, 1]
>       assert first_missing_positive(nums) == 2

ts-3-5/test_3-5_0-8_266.py:13: 
_ _ _ _ _ _ _ _ _ _ _ _ _ _ _ _ _ _ _ _ _ _ _ _ _ _ _ _ _ _ _ _ _ _ _ _ _ _ _ _ 

nums = [3, 4, -1, 1]

>   ???
E   NameError: name 'i' is not defined

first_missing_positive:32: NameError
   - [#  22] SDL first_missing_positive: 
--------------------------------------------------------------------------------
  34:         
  35:         
  36:         
  37:         elif (i < 0 or i > end or nums[start] == nums[i]):
- 38:             nums[start] = nums[end]
+ 38:             pass
  39:             end -= 1
  40:         else:
  41:             
  42:             (nums[start], nums[i]) = (nums[i], nums[start])
--------------------------------------------------------------------------------
[0.13346 s] killed by ts-3-5/test_3-5_0-8_266.py::test_first_missing_positive_basic

def test_first_missing_positive_basic():
        nums = [3, 4, -1, 1]
>       assert first_missing_positive(nums) == 2
E       AssertionError

ts-3-5/test_3-5_0-8_266.py:13: AssertionError
   - [#  23] SDL first_missing_positive: 
--------------------------------------------------------------------------------
  38:             nums[start] = nums[end]
  39:             end -= 1
  40:         else:
  41:             
- 42:             (nums[start], nums[i]) = (nums[i], nums[start])
+ 42:             pass
  43:     
  44:     return start + 1
--------------------------------------------------------------------------------
[5.00617 s] timeout
   - [#  24] SDL first_missing_positive: 
--------------------------------------------------------------------------------
  40:         else:
  41:             
  42:             (nums[start], nums[i]) = (nums[i], nums[start])
  43:     
- 44:     return start + 1
+ 44:     pass
--------------------------------------------------------------------------------
[0.12633 s] killed by ts-3-5/test_3-5_0-8_266.py::test_first_missing_positive_basic

def test_first_missing_positive_basic():
        nums = [3, 4, -1, 1]
>       assert first_missing_positive(nums) == 2
E       AssertionError

ts-3-5/test_3-5_0-8_266.py:13: AssertionError
   - [#  25] ZIL first_missing_positive: 
--------------------------------------------------------------------------------
  26:     """
  27:     start = 0
  28:     end = len(nums) - 1
  29:     while start <= end:
- 30:         i = nums[start] - 1
- 31:         
- 32:         if i == start:
- 33:             start += 1
- 34:         
- 35:         
- 36:         
- 37:         elif (i < 0 or i > end or nums[start] == nums[i]):
- 38:             nums[start] = nums[end]
- 39:             end -= 1
- 40:         else:
- 41:             
- 42:             (nums[start], nums[i]) = (nums[i], nums[start])
+ 30:         break
+ 31:     
+ 32:     
+ 33:     
+ 34:     
+ 35:     
+ 36:     
+ 37:     
+ 38:     
+ 39:     
+ 40:     
+ 41:     
+ 42:     
  43:     
  44:     return start + 1
--------------------------------------------------------------------------------
[0.12894 s] killed by ts-3-5/test_3-5_0-8_266.py::test_first_missing_positive_basic

def test_first_missing_positive_basic():
        nums = [3, 4, -1, 1]
>       assert first_missing_positive(nums) == 2
E       AssertionError

ts-3-5/test_3-5_0-8_266.py:13: AssertionError
[*] Mutation score [23.36014 s]: 96.0%
   - all: 25
   - killed: 20 (80.0%)
   - survived: 1 (4.0%)
   - incompetent: 0 (0.0%)
   - timeout: 4 (16.0%)
