[*] Start mutation process:
   - targets: complement.py
   - tests: ts-3-5/test_3-5_0-8_264.py
[*] 5 tests passed:
   - test_3-5_0-8_264 [0.17558 s]
[*] Start mutants generation and execution:
   - [#   1] COD complement: 
--------------------------------------------------------------------------------
   2:     '''
   3:     Find the non-zero padded binary compelement.
   4: 
   5:     '''
-  6:     if not num:
+  6:     if num:
   7:         return 1
   8:     i = 1
   9:     while i <= num:
  10:         num ^= i
--------------------------------------------------------------------------------
[0.18593 s] killed by ts-3-5/test_3-5_0-8_264.py::test_complement_zero

def test_complement_zero():
>       assert complement(0) == 1
E       AssertionError

ts-3-5/test_3-5_0-8_264.py:12: AssertionError
   - [#   2] COI complement: 
--------------------------------------------------------------------------------
   2:     '''
   3:     Find the non-zero padded binary compelement.
   4: 
   5:     '''
-  6:     if not num:
+  6:     if not ((not num)):
   7:         return 1
   8:     i = 1
   9:     while i <= num:
  10:         num ^= i
--------------------------------------------------------------------------------
[0.19247 s] killed by ts-3-5/test_3-5_0-8_264.py::test_complement_zero

def test_complement_zero():
>       assert complement(0) == 1
E       AssertionError

ts-3-5/test_3-5_0-8_264.py:12: AssertionError
   - [#   3] COI complement: 
--------------------------------------------------------------------------------
   5:     '''
   6:     if not num:
   7:         return 1
   8:     i = 1
-  9:     while i <= num:
+  9:     while not (i <= num):
  10:         num ^= i
  11:         i = i << 1
  12:     return num
--------------------------------------------------------------------------------
[0.19222 s] killed by ts-3-5/test_3-5_0-8_264.py::test_complement_positive_number

def test_complement_positive_number():
>       assert complement(5) == 2
E       AssertionError

ts-3-5/test_3-5_0-8_264.py:15: AssertionError
   - [#   4] LOR complement: 
--------------------------------------------------------------------------------
   6:     if not num:
   7:         return 1
   8:     i = 1
   9:     while i <= num:
- 10:         num ^= i
+ 10:         num &= i
  11:         i = i << 1
  12:     return num
--------------------------------------------------------------------------------
[0.19900 s] killed by ts-3-5/test_3-5_0-8_264.py::test_complement_positive_number

def test_complement_positive_number():
>       assert complement(5) == 2
E       AssertionError

ts-3-5/test_3-5_0-8_264.py:15: AssertionError
   - [#   5] LOR complement: 
--------------------------------------------------------------------------------
   7:         return 1
   8:     i = 1
   9:     while i <= num:
  10:         num ^= i
- 11:         i = i << 1
+ 11:         i = i >> 1
  12:     return num
--------------------------------------------------------------------------------
[5.00649 s] timeout
   - [#   6] OIL complement: 
--------------------------------------------------------------------------------
   8:     i = 1
   9:     while i <= num:
  10:         num ^= i
  11:         i = i << 1
- 12:     return num
+ 12:         break
+ 13:     return num
--------------------------------------------------------------------------------
[0.19859 s] killed by ts-3-5/test_3-5_0-8_264.py::test_complement_positive_number

def test_complement_positive_number():
>       assert complement(5) == 2
E       AssertionError

ts-3-5/test_3-5_0-8_264.py:15: AssertionError
   - [#   7] ROR complement: 
--------------------------------------------------------------------------------
   5:     '''
   6:     if not num:
   7:         return 1
   8:     i = 1
-  9:     while i <= num:
+  9:     while i >= num:
  10:         num ^= i
  11:         i = i << 1
  12:     return num
--------------------------------------------------------------------------------
[0.20466 s] killed by ts-3-5/test_3-5_0-8_264.py::test_complement_positive_number

def test_complement_positive_number():
>       assert complement(5) == 2
E       AssertionError

ts-3-5/test_3-5_0-8_264.py:15: AssertionError
   - [#   8] ROR complement: 
--------------------------------------------------------------------------------
   5:     '''
   6:     if not num:
   7:         return 1
   8:     i = 1
-  9:     while i <= num:
+  9:     while i < num:
  10:         num ^= i
  11:         i = i << 1
  12:     return num
--------------------------------------------------------------------------------
[0.20635 s] killed by ts-3-5/test_3-5_0-8_264.py::test_complement_large_number

def test_complement_large_number():
>       assert complement(1023) == 0
E       AssertionError

ts-3-5/test_3-5_0-8_264.py:21: AssertionError
   - [#   9] SDL complement: 
--------------------------------------------------------------------------------
   3:     Find the non-zero padded binary compelement.
   4: 
   5:     '''
   6:     if not num:
-  7:         return 1
+  7:         pass
   8:     i = 1
   9:     while i <= num:
  10:         num ^= i
  11:         i = i << 1
--------------------------------------------------------------------------------
[0.20168 s] killed by ts-3-5/test_3-5_0-8_264.py::test_complement_zero

def test_complement_zero():
>       assert complement(0) == 1
E       AssertionError

ts-3-5/test_3-5_0-8_264.py:12: AssertionError
   - [#  10] SDL complement: 
--------------------------------------------------------------------------------
   4: 
   5:     '''
   6:     if not num:
   7:         return 1
-  8:     i = 1
+  8:     pass
   9:     while i <= num:
  10:         num ^= i
  11:         i = i << 1
  12:     return num
--------------------------------------------------------------------------------
[0.21574 s] killed by ts-3-5/test_3-5_0-8_264.py::test_complement_positive_number

def test_complement_positive_number():
>       assert complement(5) == 2

ts-3-5/test_3-5_0-8_264.py:15: 
_ _ _ _ _ _ _ _ _ _ _ _ _ _ _ _ _ _ _ _ _ _ _ _ _ _ _ _ _ _ _ _ _ _ _ _ _ _ _ _ 

num = 5

>   ???
E   UnboundLocalError: local variable 'i' referenced before assignment

complement:9: UnboundLocalError
   - [#  11] SDL complement: 
--------------------------------------------------------------------------------
   7:         return 1
   8:     i = 1
   9:     while i <= num:
  10:         num ^= i
- 11:         i = i << 1
+ 11:         pass
  12:     return num
--------------------------------------------------------------------------------
[5.00747 s] timeout
   - [#  12] SDL complement: 
--------------------------------------------------------------------------------
   8:     i = 1
   9:     while i <= num:
  10:         num ^= i
  11:         i = i << 1
- 12:     return num
+ 12:     pass
--------------------------------------------------------------------------------
[0.19866 s] killed by ts-3-5/test_3-5_0-8_264.py::test_complement_positive_number

def test_complement_positive_number():
>       assert complement(5) == 2
E       AssertionError

ts-3-5/test_3-5_0-8_264.py:15: AssertionError
   - [#  13] ZIL complement: 
--------------------------------------------------------------------------------
   6:     if not num:
   7:         return 1
   8:     i = 1
   9:     while i <= num:
- 10:         num ^= i
- 11:         i = i << 1
+ 10:         break
+ 11:     
  12:     return num
--------------------------------------------------------------------------------
[0.20485 s] killed by ts-3-5/test_3-5_0-8_264.py::test_complement_positive_number

def test_complement_positive_number():
>       assert complement(5) == 2
E       AssertionError

ts-3-5/test_3-5_0-8_264.py:15: AssertionError
[*] Mutation score [12.51278 s]: 100.0%
   - all: 13
   - killed: 11 (84.6%)
   - survived: 0 (0.0%)
   - incompetent: 0 (0.0%)
   - timeout: 2 (15.4%)
