[*] Start mutation process:
   - targets: rabin_karp_substring_search.py
   - tests: ts-3-5/test_3-5_0-2_68.py
[*] 1 tests passed:
   - test_3-5_0-2_68 [0.17871 s]
[*] Start mutants generation and execution:
   - [#   1] AOD rabin_karp_substring_search: 
--------------------------------------------------------------------------------
  46:             
  47:             
  48:             rolling_hash = (rolling_hash + prime_modulus) % prime_modulus
  49:     
- 50:     return -1
+ 50:     return 1
--------------------------------------------------------------------------------
[0.18204 s] killed by ts-3-5/test_3-5_0-2_68.py::test_rabin_karp_find_substring

def test_rabin_karp_find_substring():
        assert rabin_karp_find_substring("hello", "he") == 0
        assert rabin_karp_find_substring("hello", "ell") == 1
        assert rabin_karp_find_substring("hello", "lo") == 3
>       assert rabin_karp_find_substring("hello", "abc") == -1
E       AssertionError

ts-3-5/test_3-5_0-2_68.py:13: AssertionError
   - [#   2] AOR rabin_karp_substring_search: 
--------------------------------------------------------------------------------
  22:     '''
  23:     
  24:     substring_hash = 0
  25:     rolling_hash = 0
- 26:     base_n = pow(base, len(substring) - 1) % prime_modulus
+ 26:     base_n = pow(base, len(substring) + 1) % prime_modulus
  27:     
  28:     
  29:     for i in range(len(substring)):
  30:         rolling_hash = ((base * rolling_hash) + ord(string[i])) % prime_modulus
--------------------------------------------------------------------------------
[0.21282 s] killed by ts-3-5/test_3-5_0-2_68.py::test_rabin_karp_find_substring

def test_rabin_karp_find_substring():
        assert rabin_karp_find_substring("hello", "he") == 0
>       assert rabin_karp_find_substring("hello", "ell") == 1
E       AssertionError

ts-3-5/test_3-5_0-2_68.py:11: AssertionError
   - [#   3] AOR rabin_karp_substring_search: 
--------------------------------------------------------------------------------
  22:     '''
  23:     
  24:     substring_hash = 0
  25:     rolling_hash = 0
- 26:     base_n = pow(base, len(substring) - 1) % prime_modulus
+ 26:     base_n = pow(base, len(substring) - 1) * prime_modulus
  27:     
  28:     
  29:     for i in range(len(substring)):
  30:         rolling_hash = ((base * rolling_hash) + ord(string[i])) % prime_modulus
--------------------------------------------------------------------------------
[0.19339 s] killed by ts-3-5/test_3-5_0-2_68.py::test_rabin_karp_find_substring

def test_rabin_karp_find_substring():
        assert rabin_karp_find_substring("hello", "he") == 0
>       assert rabin_karp_find_substring("hello", "ell") == 1
E       AssertionError

ts-3-5/test_3-5_0-2_68.py:11: AssertionError
   - [#   4] AOR rabin_karp_substring_search: 
--------------------------------------------------------------------------------
  26:     base_n = pow(base, len(substring) - 1) % prime_modulus
  27:     
  28:     
  29:     for i in range(len(substring)):
- 30:         rolling_hash = ((base * rolling_hash) + ord(string[i])) % prime_modulus
+ 30:         rolling_hash = ((base / rolling_hash) + ord(string[i])) % prime_modulus
  31:         substring_hash = ((base * substring_hash) + ord(substring[i])) % prime_modulus
  32:     
  33:     for i in range((len(string) - len(substring)) + 1):
  34:         
--------------------------------------------------------------------------------
[0.18347 s] killed by ts-3-5/test_3-5_0-2_68.py::test_rabin_karp_find_substring

def test_rabin_karp_find_substring():
>       assert rabin_karp_find_substring("hello", "he") == 0

ts-3-5/test_3-5_0-2_68.py:10: 
_ _ _ _ _ _ _ _ _ _ _ _ _ _ _ _ _ _ _ _ _ _ _ _ _ _ _ _ _ _ _ _ _ _ _ _ _ _ _ _ 

string = 'hello', substring = 'he', base = 256, prime_modulus = 487

>   ???
E   ZeroDivisionError: division by zero

rabin_karp_substring_search:30: ZeroDivisionError
   - [#   5] AOR rabin_karp_substring_search: 
--------------------------------------------------------------------------------
  26:     base_n = pow(base, len(substring) - 1) % prime_modulus
  27:     
  28:     
  29:     for i in range(len(substring)):
- 30:         rolling_hash = ((base * rolling_hash) + ord(string[i])) % prime_modulus
+ 30:         rolling_hash = ((base // rolling_hash) + ord(string[i])) % prime_modulus
  31:         substring_hash = ((base * substring_hash) + ord(substring[i])) % prime_modulus
  32:     
  33:     for i in range((len(string) - len(substring)) + 1):
  34:         
--------------------------------------------------------------------------------
[0.18641 s] killed by ts-3-5/test_3-5_0-2_68.py::test_rabin_karp_find_substring

def test_rabin_karp_find_substring():
>       assert rabin_karp_find_substring("hello", "he") == 0

ts-3-5/test_3-5_0-2_68.py:10: 
_ _ _ _ _ _ _ _ _ _ _ _ _ _ _ _ _ _ _ _ _ _ _ _ _ _ _ _ _ _ _ _ _ _ _ _ _ _ _ _ 

string = 'hello', substring = 'he', base = 256, prime_modulus = 487

>   ???
E   ZeroDivisionError: integer division or modulo by zero

rabin_karp_substring_search:30: ZeroDivisionError
   - [#   6] AOR rabin_karp_substring_search: 
--------------------------------------------------------------------------------
  26:     base_n = pow(base, len(substring) - 1) % prime_modulus
  27:     
  28:     
  29:     for i in range(len(substring)):
- 30:         rolling_hash = ((base * rolling_hash) + ord(string[i])) % prime_modulus
+ 30:         rolling_hash = ((base ** rolling_hash) + ord(string[i])) % prime_modulus
  31:         substring_hash = ((base * substring_hash) + ord(substring[i])) % prime_modulus
  32:     
  33:     for i in range((len(string) - len(substring)) + 1):
  34:         
--------------------------------------------------------------------------------
[0.18432 s] killed by ts-3-5/test_3-5_0-2_68.py::test_rabin_karp_find_substring

def test_rabin_karp_find_substring():
>       assert rabin_karp_find_substring("hello", "he") == 0
E       AssertionError

ts-3-5/test_3-5_0-2_68.py:10: AssertionError
   - [#   7] AOR rabin_karp_substring_search: 
--------------------------------------------------------------------------------
  26:     base_n = pow(base, len(substring) - 1) % prime_modulus
  27:     
  28:     
  29:     for i in range(len(substring)):
- 30:         rolling_hash = ((base * rolling_hash) + ord(string[i])) % prime_modulus
+ 30:         rolling_hash = ((base * rolling_hash) - ord(string[i])) % prime_modulus
  31:         substring_hash = ((base * substring_hash) + ord(substring[i])) % prime_modulus
  32:     
  33:     for i in range((len(string) - len(substring)) + 1):
  34:         
--------------------------------------------------------------------------------
[0.18611 s] killed by ts-3-5/test_3-5_0-2_68.py::test_rabin_karp_find_substring

def test_rabin_karp_find_substring():
>       assert rabin_karp_find_substring("hello", "he") == 0
E       AssertionError

ts-3-5/test_3-5_0-2_68.py:10: AssertionError
   - [#   8] AOR rabin_karp_substring_search: 
--------------------------------------------------------------------------------
  26:     base_n = pow(base, len(substring) - 1) % prime_modulus
  27:     
  28:     
  29:     for i in range(len(substring)):
- 30:         rolling_hash = ((base * rolling_hash) + ord(string[i])) % prime_modulus
+ 30:         rolling_hash = ((base * rolling_hash) + ord(string[i])) * prime_modulus
  31:         substring_hash = ((base * substring_hash) + ord(substring[i])) % prime_modulus
  32:     
  33:     for i in range((len(string) - len(substring)) + 1):
  34:         
--------------------------------------------------------------------------------
[0.18338 s] killed by ts-3-5/test_3-5_0-2_68.py::test_rabin_karp_find_substring

def test_rabin_karp_find_substring():
>       assert rabin_karp_find_substring("hello", "he") == 0
E       AssertionError

ts-3-5/test_3-5_0-2_68.py:10: AssertionError
   - [#   9] AOR rabin_karp_substring_search: 
--------------------------------------------------------------------------------
  27:     
  28:     
  29:     for i in range(len(substring)):
  30:         rolling_hash = ((base * rolling_hash) + ord(string[i])) % prime_modulus
- 31:         substring_hash = ((base * substring_hash) + ord(substring[i])) % prime_modulus
+ 31:         substring_hash = ((base / substring_hash) + ord(substring[i])) % prime_modulus
  32:     
  33:     for i in range((len(string) - len(substring)) + 1):
  34:         
  35:         if rolling_hash == substring_hash:
--------------------------------------------------------------------------------
[0.18567 s] killed by ts-3-5/test_3-5_0-2_68.py::test_rabin_karp_find_substring

def test_rabin_karp_find_substring():
>       assert rabin_karp_find_substring("hello", "he") == 0

ts-3-5/test_3-5_0-2_68.py:10: 
_ _ _ _ _ _ _ _ _ _ _ _ _ _ _ _ _ _ _ _ _ _ _ _ _ _ _ _ _ _ _ _ _ _ _ _ _ _ _ _ 

string = 'hello', substring = 'he', base = 256, prime_modulus = 487

>   ???
E   ZeroDivisionError: division by zero

rabin_karp_substring_search:31: ZeroDivisionError
   - [#  10] AOR rabin_karp_substring_search: 
--------------------------------------------------------------------------------
  27:     
  28:     
  29:     for i in range(len(substring)):
  30:         rolling_hash = ((base * rolling_hash) + ord(string[i])) % prime_modulus
- 31:         substring_hash = ((base * substring_hash) + ord(substring[i])) % prime_modulus
+ 31:         substring_hash = ((base // substring_hash) + ord(substring[i])) % prime_modulus
  32:     
  33:     for i in range((len(string) - len(substring)) + 1):
  34:         
  35:         if rolling_hash == substring_hash:
--------------------------------------------------------------------------------
[0.19776 s] killed by ts-3-5/test_3-5_0-2_68.py::test_rabin_karp_find_substring

def test_rabin_karp_find_substring():
>       assert rabin_karp_find_substring("hello", "he") == 0

ts-3-5/test_3-5_0-2_68.py:10: 
_ _ _ _ _ _ _ _ _ _ _ _ _ _ _ _ _ _ _ _ _ _ _ _ _ _ _ _ _ _ _ _ _ _ _ _ _ _ _ _ 

string = 'hello', substring = 'he', base = 256, prime_modulus = 487

>   ???
E   ZeroDivisionError: integer division or modulo by zero

rabin_karp_substring_search:31: ZeroDivisionError
   - [#  11] AOR rabin_karp_substring_search: 
--------------------------------------------------------------------------------
  27:     
  28:     
  29:     for i in range(len(substring)):
  30:         rolling_hash = ((base * rolling_hash) + ord(string[i])) % prime_modulus
- 31:         substring_hash = ((base * substring_hash) + ord(substring[i])) % prime_modulus
+ 31:         substring_hash = ((base ** substring_hash) + ord(substring[i])) % prime_modulus
  32:     
  33:     for i in range((len(string) - len(substring)) + 1):
  34:         
  35:         if rolling_hash == substring_hash:
--------------------------------------------------------------------------------
[0.19639 s] killed by ts-3-5/test_3-5_0-2_68.py::test_rabin_karp_find_substring

def test_rabin_karp_find_substring():
>       assert rabin_karp_find_substring("hello", "he") == 0
E       AssertionError

ts-3-5/test_3-5_0-2_68.py:10: AssertionError
   - [#  12] AOR rabin_karp_substring_search: 
--------------------------------------------------------------------------------
  27:     
  28:     
  29:     for i in range(len(substring)):
  30:         rolling_hash = ((base * rolling_hash) + ord(string[i])) % prime_modulus
- 31:         substring_hash = ((base * substring_hash) + ord(substring[i])) % prime_modulus
+ 31:         substring_hash = ((base * substring_hash) - ord(substring[i])) % prime_modulus
  32:     
  33:     for i in range((len(string) - len(substring)) + 1):
  34:         
  35:         if rolling_hash == substring_hash:
--------------------------------------------------------------------------------
[0.18026 s] killed by ts-3-5/test_3-5_0-2_68.py::test_rabin_karp_find_substring

def test_rabin_karp_find_substring():
>       assert rabin_karp_find_substring("hello", "he") == 0
E       AssertionError

ts-3-5/test_3-5_0-2_68.py:10: AssertionError
   - [#  13] AOR rabin_karp_substring_search: 
--------------------------------------------------------------------------------
  27:     
  28:     
  29:     for i in range(len(substring)):
  30:         rolling_hash = ((base * rolling_hash) + ord(string[i])) % prime_modulus
- 31:         substring_hash = ((base * substring_hash) + ord(substring[i])) % prime_modulus
+ 31:         substring_hash = ((base * substring_hash) + ord(substring[i])) * prime_modulus
  32:     
  33:     for i in range((len(string) - len(substring)) + 1):
  34:         
  35:         if rolling_hash == substring_hash:
--------------------------------------------------------------------------------
[0.18284 s] killed by ts-3-5/test_3-5_0-2_68.py::test_rabin_karp_find_substring

def test_rabin_karp_find_substring():
>       assert rabin_karp_find_substring("hello", "he") == 0
E       AssertionError

ts-3-5/test_3-5_0-2_68.py:10: AssertionError
   - [#  14] AOR rabin_karp_substring_search: 
--------------------------------------------------------------------------------
  29:     for i in range(len(substring)):
  30:         rolling_hash = ((base * rolling_hash) + ord(string[i])) % prime_modulus
  31:         substring_hash = ((base * substring_hash) + ord(substring[i])) % prime_modulus
  32:     
- 33:     for i in range((len(string) - len(substring)) + 1):
+ 33:     for i in range((len(string) + len(substring)) + 1):
  34:         
  35:         if rolling_hash == substring_hash:
  36:             
  37:             for (s_i, letter) in enumerate(substring):
--------------------------------------------------------------------------------
[0.16465 s] survived
   - [#  15] AOR rabin_karp_substring_search: 
--------------------------------------------------------------------------------
  29:     for i in range(len(substring)):
  30:         rolling_hash = ((base * rolling_hash) + ord(string[i])) % prime_modulus
  31:         substring_hash = ((base * substring_hash) + ord(substring[i])) % prime_modulus
  32:     
- 33:     for i in range((len(string) - len(substring)) + 1):
+ 33:     for i in range((len(string) - len(substring)) - 1):
  34:         
  35:         if rolling_hash == substring_hash:
  36:             
  37:             for (s_i, letter) in enumerate(substring):
--------------------------------------------------------------------------------
[0.18449 s] killed by ts-3-5/test_3-5_0-2_68.py::test_rabin_karp_find_substring

def test_rabin_karp_find_substring():
        assert rabin_karp_find_substring("hello", "he") == 0
>       assert rabin_karp_find_substring("hello", "ell") == 1
E       AssertionError

ts-3-5/test_3-5_0-2_68.py:11: AssertionError
   - [#  16] AOR rabin_karp_substring_search: 
--------------------------------------------------------------------------------
  34:         
  35:         if rolling_hash == substring_hash:
  36:             
  37:             for (s_i, letter) in enumerate(substring):
- 38:                 if letter != string[i + s_i]:
+ 38:                 if letter != string[i - s_i]:
  39:                     break
  40:             else:
  41:                 return i
  42:         
--------------------------------------------------------------------------------
[0.18415 s] killed by ts-3-5/test_3-5_0-2_68.py::test_rabin_karp_find_substring

def test_rabin_karp_find_substring():
>       assert rabin_karp_find_substring("hello", "he") == 0
E       AssertionError

ts-3-5/test_3-5_0-2_68.py:10: AssertionError
   - [#  17] AOR rabin_karp_substring_search: 
--------------------------------------------------------------------------------
  39:                     break
  40:             else:
  41:                 return i
  42:         
- 43:         if i < len(string) - len(substring):
+ 43:         if i < len(string) + len(substring):
  44:             
  45:             rolling_hash = ((rolling_hash - (base_n * ord(string[i]))) * base) + (ord(string[i + len(substring)]) % prime_modulus)
  46:             
  47:             
--------------------------------------------------------------------------------
[0.18646 s] killed by ts-3-5/test_3-5_0-2_68.py::test_rabin_karp_find_substring

def test_rabin_karp_find_substring():
        assert rabin_karp_find_substring("hello", "he") == 0
        assert rabin_karp_find_substring("hello", "ell") == 1
        assert rabin_karp_find_substring("hello", "lo") == 3
>       assert rabin_karp_find_substring("hello", "abc") == -1

ts-3-5/test_3-5_0-2_68.py:13: 
_ _ _ _ _ _ _ _ _ _ _ _ _ _ _ _ _ _ _ _ _ _ _ _ _ _ _ _ _ _ _ _ _ _ _ _ _ _ _ _ 

string = 'hello', substring = 'abc', base = 256, prime_modulus = 487

>   ???
E   IndexError: string index out of range

rabin_karp_substring_search:45: IndexError
   - [#  18] AOR rabin_karp_substring_search: 
--------------------------------------------------------------------------------
  41:                 return i
  42:         
  43:         if i < len(string) - len(substring):
  44:             
- 45:             rolling_hash = ((rolling_hash - (base_n * ord(string[i]))) * base) + (ord(string[i + len(substring)]) % prime_modulus)
+ 45:             rolling_hash = ((rolling_hash + (base_n * ord(string[i]))) * base) + (ord(string[i + len(substring)]) % prime_modulus)
  46:             
  47:             
  48:             rolling_hash = (rolling_hash + prime_modulus) % prime_modulus
  49:     
--------------------------------------------------------------------------------
[0.18486 s] killed by ts-3-5/test_3-5_0-2_68.py::test_rabin_karp_find_substring

def test_rabin_karp_find_substring():
        assert rabin_karp_find_substring("hello", "he") == 0
>       assert rabin_karp_find_substring("hello", "ell") == 1
E       AssertionError

ts-3-5/test_3-5_0-2_68.py:11: AssertionError
   - [#  19] AOR rabin_karp_substring_search: 
--------------------------------------------------------------------------------
  41:                 return i
  42:         
  43:         if i < len(string) - len(substring):
  44:             
- 45:             rolling_hash = ((rolling_hash - (base_n * ord(string[i]))) * base) + (ord(string[i + len(substring)]) % prime_modulus)
+ 45:             rolling_hash = ((rolling_hash - (base_n / ord(string[i]))) * base) + (ord(string[i + len(substring)]) % prime_modulus)
  46:             
  47:             
  48:             rolling_hash = (rolling_hash + prime_modulus) % prime_modulus
  49:     
--------------------------------------------------------------------------------
[0.18512 s] killed by ts-3-5/test_3-5_0-2_68.py::test_rabin_karp_find_substring

def test_rabin_karp_find_substring():
        assert rabin_karp_find_substring("hello", "he") == 0
>       assert rabin_karp_find_substring("hello", "ell") == 1
E       AssertionError

ts-3-5/test_3-5_0-2_68.py:11: AssertionError
   - [#  20] AOR rabin_karp_substring_search: 
--------------------------------------------------------------------------------
  41:                 return i
  42:         
  43:         if i < len(string) - len(substring):
  44:             
- 45:             rolling_hash = ((rolling_hash - (base_n * ord(string[i]))) * base) + (ord(string[i + len(substring)]) % prime_modulus)
+ 45:             rolling_hash = ((rolling_hash - (base_n // ord(string[i]))) * base) + (ord(string[i + len(substring)]) % prime_modulus)
  46:             
  47:             
  48:             rolling_hash = (rolling_hash + prime_modulus) % prime_modulus
  49:     
--------------------------------------------------------------------------------
[0.18513 s] killed by ts-3-5/test_3-5_0-2_68.py::test_rabin_karp_find_substring

def test_rabin_karp_find_substring():
        assert rabin_karp_find_substring("hello", "he") == 0
>       assert rabin_karp_find_substring("hello", "ell") == 1
E       AssertionError

ts-3-5/test_3-5_0-2_68.py:11: AssertionError
   - [#  21] AOR rabin_karp_substring_search: 
--------------------------------------------------------------------------------
  41:                 return i
  42:         
  43:         if i < len(string) - len(substring):
  44:             
- 45:             rolling_hash = ((rolling_hash - (base_n * ord(string[i]))) * base) + (ord(string[i + len(substring)]) % prime_modulus)
+ 45:             rolling_hash = ((rolling_hash - (base_n ** ord(string[i]))) * base) + (ord(string[i + len(substring)]) % prime_modulus)
  46:             
  47:             
  48:             rolling_hash = (rolling_hash + prime_modulus) % prime_modulus
  49:     
--------------------------------------------------------------------------------
[0.19412 s] killed by ts-3-5/test_3-5_0-2_68.py::test_rabin_karp_find_substring

def test_rabin_karp_find_substring():
        assert rabin_karp_find_substring("hello", "he") == 0
>       assert rabin_karp_find_substring("hello", "ell") == 1
E       AssertionError

ts-3-5/test_3-5_0-2_68.py:11: AssertionError
   - [#  22] AOR rabin_karp_substring_search: 
--------------------------------------------------------------------------------
  41:                 return i
  42:         
  43:         if i < len(string) - len(substring):
  44:             
- 45:             rolling_hash = ((rolling_hash - (base_n * ord(string[i]))) * base) + (ord(string[i + len(substring)]) % prime_modulus)
+ 45:             rolling_hash = ((rolling_hash - (base_n * ord(string[i]))) / base) + (ord(string[i + len(substring)]) % prime_modulus)
  46:             
  47:             
  48:             rolling_hash = (rolling_hash + prime_modulus) % prime_modulus
  49:     
--------------------------------------------------------------------------------
[0.18477 s] killed by ts-3-5/test_3-5_0-2_68.py::test_rabin_karp_find_substring

def test_rabin_karp_find_substring():
        assert rabin_karp_find_substring("hello", "he") == 0
>       assert rabin_karp_find_substring("hello", "ell") == 1
E       AssertionError

ts-3-5/test_3-5_0-2_68.py:11: AssertionError
   - [#  23] AOR rabin_karp_substring_search: 
--------------------------------------------------------------------------------
  41:                 return i
  42:         
  43:         if i < len(string) - len(substring):
  44:             
- 45:             rolling_hash = ((rolling_hash - (base_n * ord(string[i]))) * base) + (ord(string[i + len(substring)]) % prime_modulus)
+ 45:             rolling_hash = ((rolling_hash - (base_n * ord(string[i]))) // base) + (ord(string[i + len(substring)]) % prime_modulus)
  46:             
  47:             
  48:             rolling_hash = (rolling_hash + prime_modulus) % prime_modulus
  49:     
--------------------------------------------------------------------------------
[0.18497 s] killed by ts-3-5/test_3-5_0-2_68.py::test_rabin_karp_find_substring

def test_rabin_karp_find_substring():
        assert rabin_karp_find_substring("hello", "he") == 0
>       assert rabin_karp_find_substring("hello", "ell") == 1
E       AssertionError

ts-3-5/test_3-5_0-2_68.py:11: AssertionError
   - [#  24] AOR rabin_karp_substring_search: 
--------------------------------------------------------------------------------
  41:                 return i
  42:         
  43:         if i < len(string) - len(substring):
  44:             
- 45:             rolling_hash = ((rolling_hash - (base_n * ord(string[i]))) * base) + (ord(string[i + len(substring)]) % prime_modulus)
+ 45:             rolling_hash = ((rolling_hash - (base_n * ord(string[i]))) ** base) + (ord(string[i + len(substring)]) % prime_modulus)
  46:             
  47:             
  48:             rolling_hash = (rolling_hash + prime_modulus) % prime_modulus
  49:     
--------------------------------------------------------------------------------
[0.18603 s] killed by ts-3-5/test_3-5_0-2_68.py::test_rabin_karp_find_substring

def test_rabin_karp_find_substring():
        assert rabin_karp_find_substring("hello", "he") == 0
>       assert rabin_karp_find_substring("hello", "ell") == 1
E       AssertionError

ts-3-5/test_3-5_0-2_68.py:11: AssertionError
   - [#  25] AOR rabin_karp_substring_search: 
--------------------------------------------------------------------------------
  41:                 return i
  42:         
  43:         if i < len(string) - len(substring):
  44:             
- 45:             rolling_hash = ((rolling_hash - (base_n * ord(string[i]))) * base) + (ord(string[i + len(substring)]) % prime_modulus)
+ 45:             rolling_hash = ((rolling_hash - (base_n * ord(string[i]))) * base) - (ord(string[i + len(substring)]) % prime_modulus)
  46:             
  47:             
  48:             rolling_hash = (rolling_hash + prime_modulus) % prime_modulus
  49:     
--------------------------------------------------------------------------------
[0.18400 s] killed by ts-3-5/test_3-5_0-2_68.py::test_rabin_karp_find_substring

def test_rabin_karp_find_substring():
        assert rabin_karp_find_substring("hello", "he") == 0
>       assert rabin_karp_find_substring("hello", "ell") == 1
E       AssertionError

ts-3-5/test_3-5_0-2_68.py:11: AssertionError
   - [#  26] AOR rabin_karp_substring_search: 
--------------------------------------------------------------------------------
  41:                 return i
  42:         
  43:         if i < len(string) - len(substring):
  44:             
- 45:             rolling_hash = ((rolling_hash - (base_n * ord(string[i]))) * base) + (ord(string[i + len(substring)]) % prime_modulus)
+ 45:             rolling_hash = ((rolling_hash - (base_n * ord(string[i]))) * base) + (ord(string[i - len(substring)]) % prime_modulus)
  46:             
  47:             
  48:             rolling_hash = (rolling_hash + prime_modulus) % prime_modulus
  49:     
--------------------------------------------------------------------------------
[0.18720 s] killed by ts-3-5/test_3-5_0-2_68.py::test_rabin_karp_find_substring

def test_rabin_karp_find_substring():
        assert rabin_karp_find_substring("hello", "he") == 0
        assert rabin_karp_find_substring("hello", "ell") == 1
>       assert rabin_karp_find_substring("hello", "lo") == 3
E       AssertionError

ts-3-5/test_3-5_0-2_68.py:12: AssertionError
   - [#  27] AOR rabin_karp_substring_search: 
--------------------------------------------------------------------------------
  41:                 return i
  42:         
  43:         if i < len(string) - len(substring):
  44:             
- 45:             rolling_hash = ((rolling_hash - (base_n * ord(string[i]))) * base) + (ord(string[i + len(substring)]) % prime_modulus)
+ 45:             rolling_hash = ((rolling_hash - (base_n * ord(string[i]))) * base) + (ord(string[i + len(substring)]) * prime_modulus)
  46:             
  47:             
  48:             rolling_hash = (rolling_hash + prime_modulus) % prime_modulus
  49:     
--------------------------------------------------------------------------------
[0.18579 s] killed by ts-3-5/test_3-5_0-2_68.py::test_rabin_karp_find_substring

def test_rabin_karp_find_substring():
        assert rabin_karp_find_substring("hello", "he") == 0
>       assert rabin_karp_find_substring("hello", "ell") == 1
E       AssertionError

ts-3-5/test_3-5_0-2_68.py:11: AssertionError
   - [#  28] AOR rabin_karp_substring_search: 
--------------------------------------------------------------------------------
  44:             
  45:             rolling_hash = ((rolling_hash - (base_n * ord(string[i]))) * base) + (ord(string[i + len(substring)]) % prime_modulus)
  46:             
  47:             
- 48:             rolling_hash = (rolling_hash + prime_modulus) % prime_modulus
+ 48:             rolling_hash = (rolling_hash - prime_modulus) % prime_modulus
  49:     
  50:     return -1
--------------------------------------------------------------------------------
[0.16303 s] survived
   - [#  29] AOR rabin_karp_substring_search: 
--------------------------------------------------------------------------------
  44:             
  45:             rolling_hash = ((rolling_hash - (base_n * ord(string[i]))) * base) + (ord(string[i + len(substring)]) % prime_modulus)
  46:             
  47:             
- 48:             rolling_hash = (rolling_hash + prime_modulus) % prime_modulus
+ 48:             rolling_hash = (rolling_hash + prime_modulus) * prime_modulus
  49:     
  50:     return -1
--------------------------------------------------------------------------------
[0.19869 s] killed by ts-3-5/test_3-5_0-2_68.py::test_rabin_karp_find_substring

def test_rabin_karp_find_substring():
        assert rabin_karp_find_substring("hello", "he") == 0
>       assert rabin_karp_find_substring("hello", "ell") == 1
E       AssertionError

ts-3-5/test_3-5_0-2_68.py:11: AssertionError
   - [#  30] AOR rabin_karp_substring_search: 
--------------------------------------------------------------------------------
  46:             
  47:             
  48:             rolling_hash = (rolling_hash + prime_modulus) % prime_modulus
  49:     
- 50:     return -1
+ 50:     return +1
--------------------------------------------------------------------------------
[0.18673 s] killed by ts-3-5/test_3-5_0-2_68.py::test_rabin_karp_find_substring

def test_rabin_karp_find_substring():
        assert rabin_karp_find_substring("hello", "he") == 0
        assert rabin_karp_find_substring("hello", "ell") == 1
        assert rabin_karp_find_substring("hello", "lo") == 3
>       assert rabin_karp_find_substring("hello", "abc") == -1
E       AssertionError

ts-3-5/test_3-5_0-2_68.py:13: AssertionError
   - [#  31] BCR rabin_karp_substring_search: 
--------------------------------------------------------------------------------
  35:         if rolling_hash == substring_hash:
  36:             
  37:             for (s_i, letter) in enumerate(substring):
  38:                 if letter != string[i + s_i]:
- 39:                     break
+ 39:                     continue
  40:             else:
  41:                 return i
  42:         
  43:         if i < len(string) - len(substring):
--------------------------------------------------------------------------------
[0.17456 s] survived
   - [#  32] COI rabin_karp_substring_search: 
--------------------------------------------------------------------------------
  31:         substring_hash = ((base * substring_hash) + ord(substring[i])) % prime_modulus
  32:     
  33:     for i in range((len(string) - len(substring)) + 1):
  34:         
- 35:         if rolling_hash == substring_hash:
+ 35:         if not (rolling_hash == substring_hash):
  36:             
  37:             for (s_i, letter) in enumerate(substring):
  38:                 if letter != string[i + s_i]:
  39:                     break
--------------------------------------------------------------------------------
[0.18053 s] killed by ts-3-5/test_3-5_0-2_68.py::test_rabin_karp_find_substring

def test_rabin_karp_find_substring():
>       assert rabin_karp_find_substring("hello", "he") == 0
E       AssertionError

ts-3-5/test_3-5_0-2_68.py:10: AssertionError
   - [#  33] COI rabin_karp_substring_search: 
--------------------------------------------------------------------------------
  34:         
  35:         if rolling_hash == substring_hash:
  36:             
  37:             for (s_i, letter) in enumerate(substring):
- 38:                 if letter != string[i + s_i]:
+ 38:                 if not (letter != string[i + s_i]):
  39:                     break
  40:             else:
  41:                 return i
  42:         
--------------------------------------------------------------------------------
[0.18669 s] killed by ts-3-5/test_3-5_0-2_68.py::test_rabin_karp_find_substring

def test_rabin_karp_find_substring():
>       assert rabin_karp_find_substring("hello", "he") == 0
E       AssertionError

ts-3-5/test_3-5_0-2_68.py:10: AssertionError
   - [#  34] COI rabin_karp_substring_search: 
--------------------------------------------------------------------------------
  39:                     break
  40:             else:
  41:                 return i
  42:         
- 43:         if i < len(string) - len(substring):
+ 43:         if not (i < len(string) - len(substring)):
  44:             
  45:             rolling_hash = ((rolling_hash - (base_n * ord(string[i]))) * base) + (ord(string[i + len(substring)]) % prime_modulus)
  46:             
  47:             
--------------------------------------------------------------------------------
[0.18518 s] killed by ts-3-5/test_3-5_0-2_68.py::test_rabin_karp_find_substring

def test_rabin_karp_find_substring():
        assert rabin_karp_find_substring("hello", "he") == 0
>       assert rabin_karp_find_substring("hello", "ell") == 1

ts-3-5/test_3-5_0-2_68.py:11: 
_ _ _ _ _ _ _ _ _ _ _ _ _ _ _ _ _ _ _ _ _ _ _ _ _ _ _ _ _ _ _ _ _ _ _ _ _ _ _ _ 

string = 'hello', substring = 'ell', base = 256, prime_modulus = 487

>   ???
E   IndexError: string index out of range

rabin_karp_substring_search:45: IndexError
   - [#  35] OIL rabin_karp_substring_search: 
--------------------------------------------------------------------------------
  28:     
  29:     for i in range(len(substring)):
  30:         rolling_hash = ((base * rolling_hash) + ord(string[i])) % prime_modulus
  31:         substring_hash = ((base * substring_hash) + ord(substring[i])) % prime_modulus
- 32:     
+ 32:         break
  33:     for i in range((len(string) - len(substring)) + 1):
  34:         
  35:         if rolling_hash == substring_hash:
  36:             
--------------------------------------------------------------------------------
[0.18518 s] killed by ts-3-5/test_3-5_0-2_68.py::test_rabin_karp_find_substring

def test_rabin_karp_find_substring():
        assert rabin_karp_find_substring("hello", "he") == 0
>       assert rabin_karp_find_substring("hello", "ell") == 1
E       AssertionError

ts-3-5/test_3-5_0-2_68.py:11: AssertionError
   - [#  36] OIL rabin_karp_substring_search: 
--------------------------------------------------------------------------------
  45:             rolling_hash = ((rolling_hash - (base_n * ord(string[i]))) * base) + (ord(string[i + len(substring)]) % prime_modulus)
  46:             
  47:             
  48:             rolling_hash = (rolling_hash + prime_modulus) % prime_modulus
- 49:     
+ 49:         break
  50:     return -1
--------------------------------------------------------------------------------
[0.18524 s] killed by ts-3-5/test_3-5_0-2_68.py::test_rabin_karp_find_substring

def test_rabin_karp_find_substring():
        assert rabin_karp_find_substring("hello", "he") == 0
>       assert rabin_karp_find_substring("hello", "ell") == 1
E       AssertionError

ts-3-5/test_3-5_0-2_68.py:11: AssertionError
   - [#  37] OIL rabin_karp_substring_search: 
--------------------------------------------------------------------------------
  36:             
  37:             for (s_i, letter) in enumerate(substring):
  38:                 if letter != string[i + s_i]:
  39:                     break
- 40:             else:
- 41:                 return i
+ 40:                 break
+ 41:             else:return i
  42:         
  43:         if i < len(string) - len(substring):
  44:             
  45:             rolling_hash = ((rolling_hash - (base_n * ord(string[i]))) * base) + (ord(string[i + len(substring)]) % prime_modulus)
--------------------------------------------------------------------------------
[0.18614 s] killed by ts-3-5/test_3-5_0-2_68.py::test_rabin_karp_find_substring

def test_rabin_karp_find_substring():
>       assert rabin_karp_find_substring("hello", "he") == 0
E       AssertionError

ts-3-5/test_3-5_0-2_68.py:10: AssertionError
   - [#  38] RIL rabin_karp_substring_search: 
--------------------------------------------------------------------------------
  25:     rolling_hash = 0
  26:     base_n = pow(base, len(substring) - 1) % prime_modulus
  27:     
  28:     
- 29:     for i in range(len(substring)):
+ 29:     for i in reversed(range(len(substring))):
  30:         rolling_hash = ((base * rolling_hash) + ord(string[i])) % prime_modulus
  31:         substring_hash = ((base * substring_hash) + ord(substring[i])) % prime_modulus
  32:     
  33:     for i in range((len(string) - len(substring)) + 1):
--------------------------------------------------------------------------------
[0.18484 s] killed by ts-3-5/test_3-5_0-2_68.py::test_rabin_karp_find_substring

def test_rabin_karp_find_substring():
        assert rabin_karp_find_substring("hello", "he") == 0
>       assert rabin_karp_find_substring("hello", "ell") == 1
E       AssertionError

ts-3-5/test_3-5_0-2_68.py:11: AssertionError
   - [#  39] RIL rabin_karp_substring_search: 
--------------------------------------------------------------------------------
  29:     for i in range(len(substring)):
  30:         rolling_hash = ((base * rolling_hash) + ord(string[i])) % prime_modulus
  31:         substring_hash = ((base * substring_hash) + ord(substring[i])) % prime_modulus
  32:     
- 33:     for i in range((len(string) - len(substring)) + 1):
+ 33:     for i in reversed(range((len(string) - len(substring)) + 1)):
  34:         
  35:         if rolling_hash == substring_hash:
  36:             
  37:             for (s_i, letter) in enumerate(substring):
--------------------------------------------------------------------------------
[0.18486 s] killed by ts-3-5/test_3-5_0-2_68.py::test_rabin_karp_find_substring

def test_rabin_karp_find_substring():
>       assert rabin_karp_find_substring("hello", "he") == 0
E       AssertionError

ts-3-5/test_3-5_0-2_68.py:10: AssertionError
   - [#  40] RIL rabin_karp_substring_search: 
--------------------------------------------------------------------------------
  33:     for i in range((len(string) - len(substring)) + 1):
  34:         
  35:         if rolling_hash == substring_hash:
  36:             
- 37:             for (s_i, letter) in enumerate(substring):
+ 37:             for (s_i, letter) in reversed(enumerate(substring)):
  38:                 if letter != string[i + s_i]:
  39:                     break
  40:             else:
  41:                 return i
--------------------------------------------------------------------------------
[0.20024 s] incompetent

TypeError: rabin_karp_substring_search:37: TypeError: 'enumerate' object is not reversible

   - [#  41] ROR rabin_karp_substring_search: 
--------------------------------------------------------------------------------
  31:         substring_hash = ((base * substring_hash) + ord(substring[i])) % prime_modulus
  32:     
  33:     for i in range((len(string) - len(substring)) + 1):
  34:         
- 35:         if rolling_hash == substring_hash:
+ 35:         if rolling_hash != substring_hash:
  36:             
  37:             for (s_i, letter) in enumerate(substring):
  38:                 if letter != string[i + s_i]:
  39:                     break
--------------------------------------------------------------------------------
[0.19797 s] killed by ts-3-5/test_3-5_0-2_68.py::test_rabin_karp_find_substring

def test_rabin_karp_find_substring():
>       assert rabin_karp_find_substring("hello", "he") == 0
E       AssertionError

ts-3-5/test_3-5_0-2_68.py:10: AssertionError
   - [#  42] ROR rabin_karp_substring_search: 
--------------------------------------------------------------------------------
  34:         
  35:         if rolling_hash == substring_hash:
  36:             
  37:             for (s_i, letter) in enumerate(substring):
- 38:                 if letter != string[i + s_i]:
+ 38:                 if letter == string[i + s_i]:
  39:                     break
  40:             else:
  41:                 return i
  42:         
--------------------------------------------------------------------------------
[0.19274 s] killed by ts-3-5/test_3-5_0-2_68.py::test_rabin_karp_find_substring

def test_rabin_karp_find_substring():
>       assert rabin_karp_find_substring("hello", "he") == 0
E       AssertionError

ts-3-5/test_3-5_0-2_68.py:10: AssertionError
   - [#  43] ROR rabin_karp_substring_search: 
--------------------------------------------------------------------------------
  39:                     break
  40:             else:
  41:                 return i
  42:         
- 43:         if i < len(string) - len(substring):
+ 43:         if i > len(string) - len(substring):
  44:             
  45:             rolling_hash = ((rolling_hash - (base_n * ord(string[i]))) * base) + (ord(string[i + len(substring)]) % prime_modulus)
  46:             
  47:             
--------------------------------------------------------------------------------
[0.19618 s] killed by ts-3-5/test_3-5_0-2_68.py::test_rabin_karp_find_substring

def test_rabin_karp_find_substring():
        assert rabin_karp_find_substring("hello", "he") == 0
>       assert rabin_karp_find_substring("hello", "ell") == 1
E       AssertionError

ts-3-5/test_3-5_0-2_68.py:11: AssertionError
   - [#  44] ROR rabin_karp_substring_search: 
--------------------------------------------------------------------------------
  39:                     break
  40:             else:
  41:                 return i
  42:         
- 43:         if i < len(string) - len(substring):
+ 43:         if i <= len(string) - len(substring):
  44:             
  45:             rolling_hash = ((rolling_hash - (base_n * ord(string[i]))) * base) + (ord(string[i + len(substring)]) % prime_modulus)
  46:             
  47:             
--------------------------------------------------------------------------------
[0.19370 s] killed by ts-3-5/test_3-5_0-2_68.py::test_rabin_karp_find_substring

def test_rabin_karp_find_substring():
        assert rabin_karp_find_substring("hello", "he") == 0
        assert rabin_karp_find_substring("hello", "ell") == 1
        assert rabin_karp_find_substring("hello", "lo") == 3
>       assert rabin_karp_find_substring("hello", "abc") == -1

ts-3-5/test_3-5_0-2_68.py:13: 
_ _ _ _ _ _ _ _ _ _ _ _ _ _ _ _ _ _ _ _ _ _ _ _ _ _ _ _ _ _ _ _ _ _ _ _ _ _ _ _ 

string = 'hello', substring = 'abc', base = 256, prime_modulus = 487

>   ???
E   IndexError: string index out of range

rabin_karp_substring_search:45: IndexError
   - [#  45] SDL rabin_karp_substring_search: 
--------------------------------------------------------------------------------
  20:         of a substring that is within the string.
  21: 
  22:     '''
  23:     
- 24:     substring_hash = 0
+ 24:     pass
  25:     rolling_hash = 0
  26:     base_n = pow(base, len(substring) - 1) % prime_modulus
  27:     
  28:     
--------------------------------------------------------------------------------
[0.20259 s] killed by ts-3-5/test_3-5_0-2_68.py::test_rabin_karp_find_substring

def test_rabin_karp_find_substring():
>       assert rabin_karp_find_substring("hello", "he") == 0

ts-3-5/test_3-5_0-2_68.py:10: 
_ _ _ _ _ _ _ _ _ _ _ _ _ _ _ _ _ _ _ _ _ _ _ _ _ _ _ _ _ _ _ _ _ _ _ _ _ _ _ _ 

string = 'hello', substring = 'he', base = 256, prime_modulus = 487

>   ???
E   UnboundLocalError: local variable 'substring_hash' referenced before assignment

rabin_karp_substring_search:31: UnboundLocalError
   - [#  46] SDL rabin_karp_substring_search: 
--------------------------------------------------------------------------------
  21: 
  22:     '''
  23:     
  24:     substring_hash = 0
- 25:     rolling_hash = 0
+ 25:     pass
  26:     base_n = pow(base, len(substring) - 1) % prime_modulus
  27:     
  28:     
  29:     for i in range(len(substring)):
--------------------------------------------------------------------------------
[0.19559 s] killed by ts-3-5/test_3-5_0-2_68.py::test_rabin_karp_find_substring

def test_rabin_karp_find_substring():
>       assert rabin_karp_find_substring("hello", "he") == 0

ts-3-5/test_3-5_0-2_68.py:10: 
_ _ _ _ _ _ _ _ _ _ _ _ _ _ _ _ _ _ _ _ _ _ _ _ _ _ _ _ _ _ _ _ _ _ _ _ _ _ _ _ 

string = 'hello', substring = 'he', base = 256, prime_modulus = 487

>   ???
E   UnboundLocalError: local variable 'rolling_hash' referenced before assignment

rabin_karp_substring_search:30: UnboundLocalError
   - [#  47] SDL rabin_karp_substring_search: 
--------------------------------------------------------------------------------
  22:     '''
  23:     
  24:     substring_hash = 0
  25:     rolling_hash = 0
- 26:     base_n = pow(base, len(substring) - 1) % prime_modulus
+ 26:     pass
  27:     
  28:     
  29:     for i in range(len(substring)):
  30:         rolling_hash = ((base * rolling_hash) + ord(string[i])) % prime_modulus
--------------------------------------------------------------------------------
[0.19844 s] killed by ts-3-5/test_3-5_0-2_68.py::test_rabin_karp_find_substring

def test_rabin_karp_find_substring():
        assert rabin_karp_find_substring("hello", "he") == 0
>       assert rabin_karp_find_substring("hello", "ell") == 1

ts-3-5/test_3-5_0-2_68.py:11: 
_ _ _ _ _ _ _ _ _ _ _ _ _ _ _ _ _ _ _ _ _ _ _ _ _ _ _ _ _ _ _ _ _ _ _ _ _ _ _ _ 

string = 'hello', substring = 'ell', base = 256, prime_modulus = 487

>   ???
E   NameError: name 'base_n' is not defined

rabin_karp_substring_search:45: NameError
   - [#  48] SDL rabin_karp_substring_search: 
--------------------------------------------------------------------------------
  26:     base_n = pow(base, len(substring) - 1) % prime_modulus
  27:     
  28:     
  29:     for i in range(len(substring)):
- 30:         rolling_hash = ((base * rolling_hash) + ord(string[i])) % prime_modulus
+ 30:         pass
  31:         substring_hash = ((base * substring_hash) + ord(substring[i])) % prime_modulus
  32:     
  33:     for i in range((len(string) - len(substring)) + 1):
  34:         
--------------------------------------------------------------------------------
[0.19549 s] killed by ts-3-5/test_3-5_0-2_68.py::test_rabin_karp_find_substring

def test_rabin_karp_find_substring():
>       assert rabin_karp_find_substring("hello", "he") == 0
E       AssertionError

ts-3-5/test_3-5_0-2_68.py:10: AssertionError
   - [#  49] SDL rabin_karp_substring_search: 
--------------------------------------------------------------------------------
  27:     
  28:     
  29:     for i in range(len(substring)):
  30:         rolling_hash = ((base * rolling_hash) + ord(string[i])) % prime_modulus
- 31:         substring_hash = ((base * substring_hash) + ord(substring[i])) % prime_modulus
+ 31:         pass
  32:     
  33:     for i in range((len(string) - len(substring)) + 1):
  34:         
  35:         if rolling_hash == substring_hash:
--------------------------------------------------------------------------------
[0.19866 s] killed by ts-3-5/test_3-5_0-2_68.py::test_rabin_karp_find_substring

def test_rabin_karp_find_substring():
>       assert rabin_karp_find_substring("hello", "he") == 0
E       AssertionError

ts-3-5/test_3-5_0-2_68.py:10: AssertionError
   - [#  50] SDL rabin_karp_substring_search: 
--------------------------------------------------------------------------------
  37:             for (s_i, letter) in enumerate(substring):
  38:                 if letter != string[i + s_i]:
  39:                     break
  40:             else:
- 41:                 return i
+ 41:                 pass
  42:         
  43:         if i < len(string) - len(substring):
  44:             
  45:             rolling_hash = ((rolling_hash - (base_n * ord(string[i]))) * base) + (ord(string[i + len(substring)]) % prime_modulus)
--------------------------------------------------------------------------------
[0.21613 s] killed by ts-3-5/test_3-5_0-2_68.py::test_rabin_karp_find_substring

def test_rabin_karp_find_substring():
>       assert rabin_karp_find_substring("hello", "he") == 0
E       AssertionError

ts-3-5/test_3-5_0-2_68.py:10: AssertionError
   - [#  51] SDL rabin_karp_substring_search: 
--------------------------------------------------------------------------------
  41:                 return i
  42:         
  43:         if i < len(string) - len(substring):
  44:             
- 45:             rolling_hash = ((rolling_hash - (base_n * ord(string[i]))) * base) + (ord(string[i + len(substring)]) % prime_modulus)
+ 45:             pass
  46:             
  47:             
  48:             rolling_hash = (rolling_hash + prime_modulus) % prime_modulus
  49:     
--------------------------------------------------------------------------------
[0.18817 s] killed by ts-3-5/test_3-5_0-2_68.py::test_rabin_karp_find_substring

def test_rabin_karp_find_substring():
        assert rabin_karp_find_substring("hello", "he") == 0
>       assert rabin_karp_find_substring("hello", "ell") == 1
E       AssertionError

ts-3-5/test_3-5_0-2_68.py:11: AssertionError
   - [#  52] SDL rabin_karp_substring_search: 
--------------------------------------------------------------------------------
  44:             
  45:             rolling_hash = ((rolling_hash - (base_n * ord(string[i]))) * base) + (ord(string[i + len(substring)]) % prime_modulus)
  46:             
  47:             
- 48:             rolling_hash = (rolling_hash + prime_modulus) % prime_modulus
+ 48:             pass
  49:     
  50:     return -1
--------------------------------------------------------------------------------
[0.20818 s] killed by ts-3-5/test_3-5_0-2_68.py::test_rabin_karp_find_substring

def test_rabin_karp_find_substring():
        assert rabin_karp_find_substring("hello", "he") == 0
>       assert rabin_karp_find_substring("hello", "ell") == 1
E       AssertionError

ts-3-5/test_3-5_0-2_68.py:11: AssertionError
   - [#  53] SDL rabin_karp_substring_search: 
--------------------------------------------------------------------------------
  46:             
  47:             
  48:             rolling_hash = (rolling_hash + prime_modulus) % prime_modulus
  49:     
- 50:     return -1
+ 50:     pass
--------------------------------------------------------------------------------
[0.17860 s] killed by ts-3-5/test_3-5_0-2_68.py::test_rabin_karp_find_substring

def test_rabin_karp_find_substring():
        assert rabin_karp_find_substring("hello", "he") == 0
        assert rabin_karp_find_substring("hello", "ell") == 1
        assert rabin_karp_find_substring("hello", "lo") == 3
>       assert rabin_karp_find_substring("hello", "abc") == -1
E       AssertionError

ts-3-5/test_3-5_0-2_68.py:13: AssertionError
   - [#  54] ZIL rabin_karp_substring_search: 
--------------------------------------------------------------------------------
  26:     base_n = pow(base, len(substring) - 1) % prime_modulus
  27:     
  28:     
  29:     for i in range(len(substring)):
- 30:         rolling_hash = ((base * rolling_hash) + ord(string[i])) % prime_modulus
- 31:         substring_hash = ((base * substring_hash) + ord(substring[i])) % prime_modulus
+ 30:         break
+ 31:     
  32:     
  33:     for i in range((len(string) - len(substring)) + 1):
  34:         
  35:         if rolling_hash == substring_hash:
--------------------------------------------------------------------------------
[0.18414 s] killed by ts-3-5/test_3-5_0-2_68.py::test_rabin_karp_find_substring

def test_rabin_karp_find_substring():
        assert rabin_karp_find_substring("hello", "he") == 0
>       assert rabin_karp_find_substring("hello", "ell") == 1
E       AssertionError

ts-3-5/test_3-5_0-2_68.py:11: AssertionError
   - [#  55] ZIL rabin_karp_substring_search: 
--------------------------------------------------------------------------------
  31:         substring_hash = ((base * substring_hash) + ord(substring[i])) % prime_modulus
  32:     
  33:     for i in range((len(string) - len(substring)) + 1):
  34:         
- 35:         if rolling_hash == substring_hash:
- 36:             
- 37:             for (s_i, letter) in enumerate(substring):
- 38:                 if letter != string[i + s_i]:
- 39:                     break
- 40:             else:
- 41:                 return i
- 42:         
- 43:         if i < len(string) - len(substring):
- 44:             
- 45:             rolling_hash = ((rolling_hash - (base_n * ord(string[i]))) * base) + (ord(string[i + len(substring)]) % prime_modulus)
- 46:             
- 47:             
- 48:             rolling_hash = (rolling_hash + prime_modulus) % prime_modulus
+ 35:         break
+ 36:     
+ 37:     
+ 38:     
+ 39:     
+ 40:     
+ 41:     
+ 42:     
+ 43:     
+ 44:     
+ 45:     
+ 46:     
+ 47:     
+ 48:     
  49:     
  50:     return -1
--------------------------------------------------------------------------------
[0.17978 s] killed by ts-3-5/test_3-5_0-2_68.py::test_rabin_karp_find_substring

def test_rabin_karp_find_substring():
>       assert rabin_karp_find_substring("hello", "he") == 0
E       AssertionError

ts-3-5/test_3-5_0-2_68.py:10: AssertionError
   - [#  56] ZIL rabin_karp_substring_search: 
--------------------------------------------------------------------------------
  34:         
  35:         if rolling_hash == substring_hash:
  36:             
  37:             for (s_i, letter) in enumerate(substring):
- 38:                 if letter != string[i + s_i]:
- 39:                     break
- 40:             else:
+ 38:                 break
+ 39:             else:
+ 40:                 
  41:                 return i
  42:         
  43:         if i < len(string) - len(substring):
  44:             
--------------------------------------------------------------------------------
[0.18365 s] killed by ts-3-5/test_3-5_0-2_68.py::test_rabin_karp_find_substring

def test_rabin_karp_find_substring():
>       assert rabin_karp_find_substring("hello", "he") == 0
E       AssertionError

ts-3-5/test_3-5_0-2_68.py:10: AssertionError
[*] Mutation score [12.09958 s]: 94.5%
   - all: 56
   - killed: 52 (92.9%)
   - survived: 3 (5.4%)
   - incompetent: 1 (1.8%)
   - timeout: 0 (0.0%)
