[*] Start mutation process:
   - targets: complement.py
   - tests: ts-3-5/test_3-5_0-9_299.py
[*] 4 tests passed:
   - test_3-5_0-9_299 [0.16944 s]
[*] Start mutants generation and execution:
   - [#   1] COD complement: 
--------------------------------------------------------------------------------
   2:     '''
   3:     Find the non-zero padded binary compelement.
   4: 
   5:     '''
-  6:     if not num:
+  6:     if num:
   7:         return 1
   8:     i = 1
   9:     while i <= num:
  10:         num ^= i
--------------------------------------------------------------------------------
[0.19201 s] killed by ts-3-5/test_3-5_0-9_299.py::test_complement_returns_correct_result_for_zero_input

def test_complement_returns_correct_result_for_zero_input():
>       assert complement(0) == 1
E       AssertionError

ts-3-5/test_3-5_0-9_299.py:12: AssertionError
   - [#   2] COI complement: 
--------------------------------------------------------------------------------
   2:     '''
   3:     Find the non-zero padded binary compelement.
   4: 
   5:     '''
-  6:     if not num:
+  6:     if not ((not num)):
   7:         return 1
   8:     i = 1
   9:     while i <= num:
  10:         num ^= i
--------------------------------------------------------------------------------
[0.18197 s] killed by ts-3-5/test_3-5_0-9_299.py::test_complement_returns_correct_result_for_zero_input

def test_complement_returns_correct_result_for_zero_input():
>       assert complement(0) == 1
E       AssertionError

ts-3-5/test_3-5_0-9_299.py:12: AssertionError
   - [#   3] COI complement: 
--------------------------------------------------------------------------------
   5:     '''
   6:     if not num:
   7:         return 1
   8:     i = 1
-  9:     while i <= num:
+  9:     while not (i <= num):
  10:         num ^= i
  11:         i = i << 1
  12:     return num
--------------------------------------------------------------------------------
[0.18132 s] killed by ts-3-5/test_3-5_0-9_299.py::test_complement_returns_correct_result_for_positive_input

def test_complement_returns_correct_result_for_positive_input():
>       assert complement(5) == 2
E       AssertionError

ts-3-5/test_3-5_0-9_299.py:15: AssertionError
   - [#   4] LOR complement: 
--------------------------------------------------------------------------------
   6:     if not num:
   7:         return 1
   8:     i = 1
   9:     while i <= num:
- 10:         num ^= i
+ 10:         num &= i
  11:         i = i << 1
  12:     return num
--------------------------------------------------------------------------------
[0.19277 s] killed by ts-3-5/test_3-5_0-9_299.py::test_complement_returns_correct_result_for_positive_input

def test_complement_returns_correct_result_for_positive_input():
>       assert complement(5) == 2
E       AssertionError

ts-3-5/test_3-5_0-9_299.py:15: AssertionError
   - [#   5] LOR complement: 
--------------------------------------------------------------------------------
   7:         return 1
   8:     i = 1
   9:     while i <= num:
  10:         num ^= i
- 11:         i = i << 1
+ 11:         i = i >> 1
  12:     return num
--------------------------------------------------------------------------------
[5.00661 s] timeout
   - [#   6] OIL complement: 
--------------------------------------------------------------------------------
   8:     i = 1
   9:     while i <= num:
  10:         num ^= i
  11:         i = i << 1
- 12:     return num
+ 12:         break
+ 13:     return num
--------------------------------------------------------------------------------
[0.19082 s] killed by ts-3-5/test_3-5_0-9_299.py::test_complement_returns_correct_result_for_positive_input

def test_complement_returns_correct_result_for_positive_input():
>       assert complement(5) == 2
E       AssertionError

ts-3-5/test_3-5_0-9_299.py:15: AssertionError
   - [#   7] ROR complement: 
--------------------------------------------------------------------------------
   5:     '''
   6:     if not num:
   7:         return 1
   8:     i = 1
-  9:     while i <= num:
+  9:     while i >= num:
  10:         num ^= i
  11:         i = i << 1
  12:     return num
--------------------------------------------------------------------------------
[0.19423 s] killed by ts-3-5/test_3-5_0-9_299.py::test_complement_returns_correct_result_for_positive_input

def test_complement_returns_correct_result_for_positive_input():
>       assert complement(5) == 2
E       AssertionError

ts-3-5/test_3-5_0-9_299.py:15: AssertionError
   - [#   8] ROR complement: 
--------------------------------------------------------------------------------
   5:     '''
   6:     if not num:
   7:         return 1
   8:     i = 1
-  9:     while i <= num:
+  9:     while i < num:
  10:         num ^= i
  11:         i = i << 1
  12:     return num
--------------------------------------------------------------------------------
[0.19859 s] killed by ts-3-5/test_3-5_0-9_299.py::test_complement_returns_correct_result_for_large_input

def test_complement_returns_correct_result_for_large_input():
>       assert complement(15) == 0
E       AssertionError

ts-3-5/test_3-5_0-9_299.py:18: AssertionError
   - [#   9] SDL complement: 
--------------------------------------------------------------------------------
   3:     Find the non-zero padded binary compelement.
   4: 
   5:     '''
   6:     if not num:
-  7:         return 1
+  7:         pass
   8:     i = 1
   9:     while i <= num:
  10:         num ^= i
  11:         i = i << 1
--------------------------------------------------------------------------------
[0.19618 s] killed by ts-3-5/test_3-5_0-9_299.py::test_complement_returns_correct_result_for_zero_input

def test_complement_returns_correct_result_for_zero_input():
>       assert complement(0) == 1
E       AssertionError

ts-3-5/test_3-5_0-9_299.py:12: AssertionError
   - [#  10] SDL complement: 
--------------------------------------------------------------------------------
   4: 
   5:     '''
   6:     if not num:
   7:         return 1
-  8:     i = 1
+  8:     pass
   9:     while i <= num:
  10:         num ^= i
  11:         i = i << 1
  12:     return num
--------------------------------------------------------------------------------
[0.20668 s] killed by ts-3-5/test_3-5_0-9_299.py::test_complement_returns_correct_result_for_positive_input

def test_complement_returns_correct_result_for_positive_input():
>       assert complement(5) == 2

ts-3-5/test_3-5_0-9_299.py:15: 
_ _ _ _ _ _ _ _ _ _ _ _ _ _ _ _ _ _ _ _ _ _ _ _ _ _ _ _ _ _ _ _ _ _ _ _ _ _ _ _ 

num = 5

>   ???
E   UnboundLocalError: local variable 'i' referenced before assignment

complement:9: UnboundLocalError
   - [#  11] SDL complement: 
--------------------------------------------------------------------------------
   7:         return 1
   8:     i = 1
   9:     while i <= num:
  10:         num ^= i
- 11:         i = i << 1
+ 11:         pass
  12:     return num
--------------------------------------------------------------------------------
[5.00739 s] timeout
   - [#  12] SDL complement: 
--------------------------------------------------------------------------------
   8:     i = 1
   9:     while i <= num:
  10:         num ^= i
  11:         i = i << 1
- 12:     return num
+ 12:     pass
--------------------------------------------------------------------------------
[0.18933 s] killed by ts-3-5/test_3-5_0-9_299.py::test_complement_returns_correct_result_for_positive_input

def test_complement_returns_correct_result_for_positive_input():
>       assert complement(5) == 2
E       AssertionError

ts-3-5/test_3-5_0-9_299.py:15: AssertionError
   - [#  13] ZIL complement: 
--------------------------------------------------------------------------------
   6:     if not num:
   7:         return 1
   8:     i = 1
   9:     while i <= num:
- 10:         num ^= i
- 11:         i = i << 1
+ 10:         break
+ 11:     
  12:     return num
--------------------------------------------------------------------------------
[0.18916 s] killed by ts-3-5/test_3-5_0-9_299.py::test_complement_returns_correct_result_for_positive_input

def test_complement_returns_correct_result_for_positive_input():
>       assert complement(5) == 2
E       AssertionError

ts-3-5/test_3-5_0-9_299.py:15: AssertionError
[*] Mutation score [12.41445 s]: 100.0%
   - all: 13
   - killed: 11 (84.6%)
   - survived: 0 (0.0%)
   - incompetent: 0 (0.0%)
   - timeout: 2 (15.4%)
