[*] Start mutation process:
   - targets: combinations.py
   - tests: ts-3-5/test_3-5_0-5_170.py
[*] 6 tests passed:
   - test_3-5_0-5_170 [0.14267 s]
[*] Start mutants generation and execution:
   - [#   1] AOR combinations: 
--------------------------------------------------------------------------------
   5:     '''
   6:     output = []
   7:     for i in range(0, len(string)):
   8:         output.append(string[i])
-  9:         for j in range(i + 1, len(string)):
+  9:         for j in range(i - 1, len(string)):
  10:             output.append(string[i:j + 1])
  11:     
  12:     return output
  13: 
--------------------------------------------------------------------------------
[0.16830 s] killed by ts-3-5/test_3-5_0-5_170.py::test_combinations_of_word_single_letter

def test_combinations_of_word_single_letter():
>       assert combinations_of_word('a') == ['a']
E       AssertionError

ts-3-5/test_3-5_0-5_170.py:16: AssertionError
   - [#   2] AOR combinations: 
--------------------------------------------------------------------------------
   6:     output = []
   7:     for i in range(0, len(string)):
   8:         output.append(string[i])
   9:         for j in range(i + 1, len(string)):
- 10:             output.append(string[i:j + 1])
+ 10:             output.append(string[i:j - 1])
  11:     
  12:     return output
  13: 
  14: def combinations_of_phone_input(string: str):
--------------------------------------------------------------------------------
[0.17335 s] killed by ts-3-5/test_3-5_0-5_170.py::test_combinations_of_word_multiple_letters

def test_combinations_of_word_multiple_letters():
>       assert combinations_of_word('abc') == ['a', 'ab', 'abc', 'b', 'bc', 'c']
E       AssertionError

ts-3-5/test_3-5_0-5_170.py:19: AssertionError
   - [#   3] AOR combinations: 
--------------------------------------------------------------------------------
  37:     
  38:     for i in range(1, len(string)):
  39:         temp = []
  40:         for output in outputs:
- 41:             temp = temp + [output + letter for letter in phone_mapper[string[i]]]
+ 41:             temp = temp - [output + letter for letter in phone_mapper[string[i]]]
  42:         outputs = temp
  43:     
  44:     return outputs
--------------------------------------------------------------------------------
[0.15290 s] incompetent

TypeError: combinations:41: TypeError: unsupported operand type(s) for -: 'list' and 'list'

   - [#   4] AOR combinations: 
--------------------------------------------------------------------------------
  37:     
  38:     for i in range(1, len(string)):
  39:         temp = []
  40:         for output in outputs:
- 41:             temp = temp + [output + letter for letter in phone_mapper[string[i]]]
+ 41:             temp = temp + [output - letter for letter in phone_mapper[string[i]]]
  42:         outputs = temp
  43:     
  44:     return outputs
--------------------------------------------------------------------------------
[0.15585 s] incompetent

TypeError: combinations:41: TypeError: unsupported operand type(s) for -: 'str' and 'str'

   - [#   5] OIL combinations: 
--------------------------------------------------------------------------------
   7:     for i in range(0, len(string)):
   8:         output.append(string[i])
   9:         for j in range(i + 1, len(string)):
  10:             output.append(string[i:j + 1])
- 11:     
+ 11:         break
  12:     return output
  13: 
  14: def combinations_of_phone_input(string: str):
  15:     """
--------------------------------------------------------------------------------
[0.15485 s] killed by ts-3-5/test_3-5_0-5_170.py::test_combinations_of_word_multiple_letters

def test_combinations_of_word_multiple_letters():
>       assert combinations_of_word('abc') == ['a', 'ab', 'abc', 'b', 'bc', 'c']
E       AssertionError

ts-3-5/test_3-5_0-5_170.py:19: AssertionError
   - [#   6] OIL combinations: 
--------------------------------------------------------------------------------
   7:     for i in range(0, len(string)):
   8:         output.append(string[i])
   9:         for j in range(i + 1, len(string)):
  10:             output.append(string[i:j + 1])
- 11:     
+ 11:             break
  12:     return output
  13: 
  14: def combinations_of_phone_input(string: str):
  15:     """
--------------------------------------------------------------------------------
[0.15114 s] killed by ts-3-5/test_3-5_0-5_170.py::test_combinations_of_word_multiple_letters

def test_combinations_of_word_multiple_letters():
>       assert combinations_of_word('abc') == ['a', 'ab', 'abc', 'b', 'bc', 'c']
E       AssertionError

ts-3-5/test_3-5_0-5_170.py:19: AssertionError
   - [#   7] OIL combinations: 
--------------------------------------------------------------------------------
  39:         temp = []
  40:         for output in outputs:
  41:             temp = temp + [output + letter for letter in phone_mapper[string[i]]]
  42:         outputs = temp
- 43:     
+ 43:         break
  44:     return outputs
--------------------------------------------------------------------------------
[0.15163 s] killed by ts-3-5/test_3-5_0-5_170.py::test_combinations_of_phone_input_three_digits

def test_combinations_of_phone_input_three_digits():
>       assert combinations_of_phone_input('234') == ['adg', 'adh', 'adi', 'aeg', 'aeh', 'aei', 'afg', 'afh', 'afi', 'bdg', 'bdh', 'bdi', 'beg', 'beh', 'bei', 'bfg', 'bfh', 'bfi', 'cdg', 'cdh', 'cdi', 'ceg', 'ceh', 'cei', 'cfg', 'cfh', 'cfi']
E       AssertionError

ts-3-5/test_3-5_0-5_170.py:29: AssertionError
   - [#   8] OIL combinations: 
--------------------------------------------------------------------------------
  38:     for i in range(1, len(string)):
  39:         temp = []
  40:         for output in outputs:
  41:             temp = temp + [output + letter for letter in phone_mapper[string[i]]]
- 42:         outputs = temp
- 43:     
+ 42:             break
+ 43:         outputs = temp
  44:     return outputs
--------------------------------------------------------------------------------
[0.14976 s] killed by ts-3-5/test_3-5_0-5_170.py::test_combinations_of_phone_input_two_digits

def test_combinations_of_phone_input_two_digits():
>       assert combinations_of_phone_input('23') == ['ad', 'ae', 'af', 'bd', 'be', 'bf', 'cd', 'ce', 'cf']
E       AssertionError

ts-3-5/test_3-5_0-5_170.py:26: AssertionError
   - [#   9] RIL combinations: 
--------------------------------------------------------------------------------
   3:     Find all combinations of letters in a word.
   4: 
   5:     '''
   6:     output = []
-  7:     for i in range(0, len(string)):
+  7:     for i in reversed(range(0, len(string))):
   8:         output.append(string[i])
   9:         for j in range(i + 1, len(string)):
  10:             output.append(string[i:j + 1])
  11:     
--------------------------------------------------------------------------------
[0.15286 s] killed by ts-3-5/test_3-5_0-5_170.py::test_combinations_of_word_multiple_letters

def test_combinations_of_word_multiple_letters():
>       assert combinations_of_word('abc') == ['a', 'ab', 'abc', 'b', 'bc', 'c']
E       AssertionError

ts-3-5/test_3-5_0-5_170.py:19: AssertionError
   - [#  10] RIL combinations: 
--------------------------------------------------------------------------------
   5:     '''
   6:     output = []
   7:     for i in range(0, len(string)):
   8:         output.append(string[i])
-  9:         for j in range(i + 1, len(string)):
+  9:         for j in reversed(range(i + 1, len(string))):
  10:             output.append(string[i:j + 1])
  11:     
  12:     return output
  13: 
--------------------------------------------------------------------------------
[0.15502 s] killed by ts-3-5/test_3-5_0-5_170.py::test_combinations_of_word_multiple_letters

def test_combinations_of_word_multiple_letters():
>       assert combinations_of_word('abc') == ['a', 'ab', 'abc', 'b', 'bc', 'c']
E       AssertionError

ts-3-5/test_3-5_0-5_170.py:19: AssertionError
   - [#  11] RIL combinations: 
--------------------------------------------------------------------------------
  34:     
  35:     
  36:     outputs = [letter for letter in phone_mapper[string[0]]]
  37:     
- 38:     for i in range(1, len(string)):
+ 38:     for i in reversed(range(1, len(string))):
  39:         temp = []
  40:         for output in outputs:
  41:             temp = temp + [output + letter for letter in phone_mapper[string[i]]]
  42:         outputs = temp
--------------------------------------------------------------------------------
[0.15425 s] killed by ts-3-5/test_3-5_0-5_170.py::test_combinations_of_phone_input_three_digits

def test_combinations_of_phone_input_three_digits():
>       assert combinations_of_phone_input('234') == ['adg', 'adh', 'adi', 'aeg', 'aeh', 'aei', 'afg', 'afh', 'afi', 'bdg', 'bdh', 'bdi', 'beg', 'beh', 'bei', 'bfg', 'bfh', 'bfi', 'cdg', 'cdh', 'cdi', 'ceg', 'ceh', 'cei', 'cfg', 'cfh', 'cfi']
E       AssertionError

ts-3-5/test_3-5_0-5_170.py:29: AssertionError
   - [#  12] RIL combinations: 
--------------------------------------------------------------------------------
  36:     outputs = [letter for letter in phone_mapper[string[0]]]
  37:     
  38:     for i in range(1, len(string)):
  39:         temp = []
- 40:         for output in outputs:
+ 40:         for output in reversed(outputs):
  41:             temp = temp + [output + letter for letter in phone_mapper[string[i]]]
  42:         outputs = temp
  43:     
  44:     return outputs
--------------------------------------------------------------------------------
[0.15270 s] killed by ts-3-5/test_3-5_0-5_170.py::test_combinations_of_phone_input_two_digits

def test_combinations_of_phone_input_two_digits():
>       assert combinations_of_phone_input('23') == ['ad', 'ae', 'af', 'bd', 'be', 'bf', 'cd', 'ce', 'cf']
E       AssertionError

ts-3-5/test_3-5_0-5_170.py:26: AssertionError
   - [#  13] SDL combinations: 
--------------------------------------------------------------------------------
   2:     '''
   3:     Find all combinations of letters in a word.
   4: 
   5:     '''
-  6:     output = []
+  6:     pass
   7:     for i in range(0, len(string)):
   8:         output.append(string[i])
   9:         for j in range(i + 1, len(string)):
  10:             output.append(string[i:j + 1])
--------------------------------------------------------------------------------
[0.15303 s] killed by ts-3-5/test_3-5_0-5_170.py::test_combinations_of_word_empty_string

def test_combinations_of_word_empty_string():
>       assert combinations_of_word('') == []

ts-3-5/test_3-5_0-5_170.py:13: 
_ _ _ _ _ _ _ _ _ _ _ _ _ _ _ _ _ _ _ _ _ _ _ _ _ _ _ _ _ _ _ _ _ _ _ _ _ _ _ _ 

string = ''

>   ???
E   NameError: name 'output' is not defined

combinations:12: NameError
   - [#  14] SDL combinations: 
--------------------------------------------------------------------------------
   4: 
   5:     '''
   6:     output = []
   7:     for i in range(0, len(string)):
-  8:         output.append(string[i])
+  8:         pass
   9:         for j in range(i + 1, len(string)):
  10:             output.append(string[i:j + 1])
  11:     
  12:     return output
--------------------------------------------------------------------------------
[0.15393 s] killed by ts-3-5/test_3-5_0-5_170.py::test_combinations_of_word_single_letter

def test_combinations_of_word_single_letter():
>       assert combinations_of_word('a') == ['a']
E       AssertionError

ts-3-5/test_3-5_0-5_170.py:16: AssertionError
   - [#  15] SDL combinations: 
--------------------------------------------------------------------------------
   6:     output = []
   7:     for i in range(0, len(string)):
   8:         output.append(string[i])
   9:         for j in range(i + 1, len(string)):
- 10:             output.append(string[i:j + 1])
+ 10:             pass
  11:     
  12:     return output
  13: 
  14: def combinations_of_phone_input(string: str):
--------------------------------------------------------------------------------
[0.15481 s] killed by ts-3-5/test_3-5_0-5_170.py::test_combinations_of_word_multiple_letters

def test_combinations_of_word_multiple_letters():
>       assert combinations_of_word('abc') == ['a', 'ab', 'abc', 'b', 'bc', 'c']
E       AssertionError

ts-3-5/test_3-5_0-5_170.py:19: AssertionError
   - [#  16] SDL combinations: 
--------------------------------------------------------------------------------
   8:         output.append(string[i])
   9:         for j in range(i + 1, len(string)):
  10:             output.append(string[i:j + 1])
  11:     
- 12:     return output
+ 12:     pass
  13: 
  14: def combinations_of_phone_input(string: str):
  15:     """
  16:     Find all permutations of phone numbers in an input of numbers.
--------------------------------------------------------------------------------
[0.17208 s] killed by ts-3-5/test_3-5_0-5_170.py::test_combinations_of_word_empty_string

def test_combinations_of_word_empty_string():
>       assert combinations_of_word('') == []
E       AssertionError

ts-3-5/test_3-5_0-5_170.py:13: AssertionError
   - [#  17] SDL combinations: 
--------------------------------------------------------------------------------
  20:     contain all combinations possible.  Only combinations that are
  21:     full length using all input numbers in the string.
  22: 
  23:     """
- 24:     phone_mapper = {\
- 25:         '1': [], \
- 26:         '2': ['a', 'b', 'c'], \
- 27:         '3': ['d', 'e', 'f'], \
- 28:         '4': ['g', 'h', 'i'], \
- 29:         '5': ['j', 'k', 'l'], \
- 30:         '6': ['m', 'n', 'o'], \
- 31:         '7': ['p', 'q', 'r', 's'], \
- 32:         '8': ['t', 'u', 'v'], \
- 33:         '9': ['w', 'x', 'y', 'z']}
+ 24:     pass
+ 25:     
+ 26:     
+ 27:     
+ 28:     
+ 29:     
+ 30:     
+ 31:     
+ 32:     
+ 33:     
  34:     
  35:     
  36:     outputs = [letter for letter in phone_mapper[string[0]]]
  37:     
--------------------------------------------------------------------------------
[0.14925 s] killed by ts-3-5/test_3-5_0-5_170.py::test_combinations_of_phone_input_single_digit

def test_combinations_of_phone_input_single_digit():
>       assert combinations_of_phone_input('2') == ['a', 'b', 'c']

ts-3-5/test_3-5_0-5_170.py:23: 
_ _ _ _ _ _ _ _ _ _ _ _ _ _ _ _ _ _ _ _ _ _ _ _ _ _ _ _ _ _ _ _ _ _ _ _ _ _ _ _ 

string = '2'

>   ???
E   NameError: name 'phone_mapper' is not defined

combinations:36: NameError
   - [#  18] SDL combinations: 
--------------------------------------------------------------------------------
  32:         '8': ['t', 'u', 'v'], \
  33:         '9': ['w', 'x', 'y', 'z']}
  34:     
  35:     
- 36:     outputs = [letter for letter in phone_mapper[string[0]]]
+ 36:     pass
  37:     
  38:     for i in range(1, len(string)):
  39:         temp = []
  40:         for output in outputs:
--------------------------------------------------------------------------------
[0.15285 s] killed by ts-3-5/test_3-5_0-5_170.py::test_combinations_of_phone_input_single_digit

def test_combinations_of_phone_input_single_digit():
>       assert combinations_of_phone_input('2') == ['a', 'b', 'c']

ts-3-5/test_3-5_0-5_170.py:23: 
_ _ _ _ _ _ _ _ _ _ _ _ _ _ _ _ _ _ _ _ _ _ _ _ _ _ _ _ _ _ _ _ _ _ _ _ _ _ _ _ 

string = '2'

>   ???
E   UnboundLocalError: local variable 'outputs' referenced before assignment

combinations:44: UnboundLocalError
   - [#  19] SDL combinations: 
--------------------------------------------------------------------------------
  35:     
  36:     outputs = [letter for letter in phone_mapper[string[0]]]
  37:     
  38:     for i in range(1, len(string)):
- 39:         temp = []
+ 39:         pass
  40:         for output in outputs:
  41:             temp = temp + [output + letter for letter in phone_mapper[string[i]]]
  42:         outputs = temp
  43:     
--------------------------------------------------------------------------------
[0.15632 s] killed by ts-3-5/test_3-5_0-5_170.py::test_combinations_of_phone_input_two_digits

def test_combinations_of_phone_input_two_digits():
>       assert combinations_of_phone_input('23') == ['ad', 'ae', 'af', 'bd', 'be', 'bf', 'cd', 'ce', 'cf']

ts-3-5/test_3-5_0-5_170.py:26: 
_ _ _ _ _ _ _ _ _ _ _ _ _ _ _ _ _ _ _ _ _ _ _ _ _ _ _ _ _ _ _ _ _ _ _ _ _ _ _ _ 

string = '23'

>   ???
E   UnboundLocalError: local variable 'temp' referenced before assignment

combinations:41: UnboundLocalError
   - [#  20] SDL combinations: 
--------------------------------------------------------------------------------
  37:     
  38:     for i in range(1, len(string)):
  39:         temp = []
  40:         for output in outputs:
- 41:             temp = temp + [output + letter for letter in phone_mapper[string[i]]]
+ 41:             pass
  42:         outputs = temp
  43:     
  44:     return outputs
--------------------------------------------------------------------------------
[0.14833 s] killed by ts-3-5/test_3-5_0-5_170.py::test_combinations_of_phone_input_two_digits

def test_combinations_of_phone_input_two_digits():
>       assert combinations_of_phone_input('23') == ['ad', 'ae', 'af', 'bd', 'be', 'bf', 'cd', 'ce', 'cf']
E       AssertionError

ts-3-5/test_3-5_0-5_170.py:26: AssertionError
   - [#  21] SDL combinations: 
--------------------------------------------------------------------------------
  38:     for i in range(1, len(string)):
  39:         temp = []
  40:         for output in outputs:
  41:             temp = temp + [output + letter for letter in phone_mapper[string[i]]]
- 42:         outputs = temp
+ 42:         pass
  43:     
  44:     return outputs
--------------------------------------------------------------------------------
[0.15452 s] killed by ts-3-5/test_3-5_0-5_170.py::test_combinations_of_phone_input_two_digits

def test_combinations_of_phone_input_two_digits():
>       assert combinations_of_phone_input('23') == ['ad', 'ae', 'af', 'bd', 'be', 'bf', 'cd', 'ce', 'cf']
E       AssertionError

ts-3-5/test_3-5_0-5_170.py:26: AssertionError
   - [#  22] SDL combinations: 
--------------------------------------------------------------------------------
  40:         for output in outputs:
  41:             temp = temp + [output + letter for letter in phone_mapper[string[i]]]
  42:         outputs = temp
  43:     
- 44:     return outputs
+ 44:     pass
--------------------------------------------------------------------------------
[0.15568 s] killed by ts-3-5/test_3-5_0-5_170.py::test_combinations_of_phone_input_single_digit

def test_combinations_of_phone_input_single_digit():
>       assert combinations_of_phone_input('2') == ['a', 'b', 'c']
E       AssertionError

ts-3-5/test_3-5_0-5_170.py:23: AssertionError
   - [#  23] SIR combinations: 
--------------------------------------------------------------------------------
   6:     output = []
   7:     for i in range(0, len(string)):
   8:         output.append(string[i])
   9:         for j in range(i + 1, len(string)):
- 10:             output.append(string[i:j + 1])
+ 10:             output.append(string[:j + 1])
  11:     
  12:     return output
  13: 
  14: def combinations_of_phone_input(string: str):
--------------------------------------------------------------------------------
[0.14357 s] killed by ts-3-5/test_3-5_0-5_170.py::test_combinations_of_word_multiple_letters

def test_combinations_of_word_multiple_letters():
>       assert combinations_of_word('abc') == ['a', 'ab', 'abc', 'b', 'bc', 'c']
E       AssertionError

ts-3-5/test_3-5_0-5_170.py:19: AssertionError
   - [#  24] SIR combinations: 
--------------------------------------------------------------------------------
   6:     output = []
   7:     for i in range(0, len(string)):
   8:         output.append(string[i])
   9:         for j in range(i + 1, len(string)):
- 10:             output.append(string[i:j + 1])
+ 10:             output.append(string[i:])
  11:     
  12:     return output
  13: 
  14: def combinations_of_phone_input(string: str):
--------------------------------------------------------------------------------
[0.15385 s] killed by ts-3-5/test_3-5_0-5_170.py::test_combinations_of_word_multiple_letters

def test_combinations_of_word_multiple_letters():
>       assert combinations_of_word('abc') == ['a', 'ab', 'abc', 'b', 'bc', 'c']
E       AssertionError

ts-3-5/test_3-5_0-5_170.py:19: AssertionError
   - [#  25] ZIL combinations: 
--------------------------------------------------------------------------------
   4: 
   5:     '''
   6:     output = []
   7:     for i in range(0, len(string)):
-  8:         output.append(string[i])
-  9:         for j in range(i + 1, len(string)):
- 10:             output.append(string[i:j + 1])
+  8:         break
+  9:     
+ 10:     
  11:     
  12:     return output
  13: 
  14: def combinations_of_phone_input(string: str):
--------------------------------------------------------------------------------
[0.15467 s] killed by ts-3-5/test_3-5_0-5_170.py::test_combinations_of_word_single_letter

def test_combinations_of_word_single_letter():
>       assert combinations_of_word('a') == ['a']
E       AssertionError

ts-3-5/test_3-5_0-5_170.py:16: AssertionError
   - [#  26] ZIL combinations: 
--------------------------------------------------------------------------------
   6:     output = []
   7:     for i in range(0, len(string)):
   8:         output.append(string[i])
   9:         for j in range(i + 1, len(string)):
- 10:             output.append(string[i:j + 1])
+ 10:             break
  11:     
  12:     return output
  13: 
  14: def combinations_of_phone_input(string: str):
--------------------------------------------------------------------------------
[0.16762 s] killed by ts-3-5/test_3-5_0-5_170.py::test_combinations_of_word_multiple_letters

def test_combinations_of_word_multiple_letters():
>       assert combinations_of_word('abc') == ['a', 'ab', 'abc', 'b', 'bc', 'c']
E       AssertionError

ts-3-5/test_3-5_0-5_170.py:19: AssertionError
   - [#  27] ZIL combinations: 
--------------------------------------------------------------------------------
  35:     
  36:     outputs = [letter for letter in phone_mapper[string[0]]]
  37:     
  38:     for i in range(1, len(string)):
- 39:         temp = []
- 40:         for output in outputs:
- 41:             temp = temp + [output + letter for letter in phone_mapper[string[i]]]
- 42:         outputs = temp
+ 39:         break
+ 40:     
+ 41:     
+ 42:     
  43:     
  44:     return outputs
--------------------------------------------------------------------------------
[0.16894 s] killed by ts-3-5/test_3-5_0-5_170.py::test_combinations_of_phone_input_two_digits

def test_combinations_of_phone_input_two_digits():
>       assert combinations_of_phone_input('23') == ['ad', 'ae', 'af', 'bd', 'be', 'bf', 'cd', 'ce', 'cf']
E       AssertionError

ts-3-5/test_3-5_0-5_170.py:26: AssertionError
   - [#  28] ZIL combinations: 
--------------------------------------------------------------------------------
  37:     
  38:     for i in range(1, len(string)):
  39:         temp = []
  40:         for output in outputs:
- 41:             temp = temp + [output + letter for letter in phone_mapper[string[i]]]
+ 41:             break
  42:         outputs = temp
  43:     
  44:     return outputs
--------------------------------------------------------------------------------
[0.15573 s] killed by ts-3-5/test_3-5_0-5_170.py::test_combinations_of_phone_input_two_digits

def test_combinations_of_phone_input_two_digits():
>       assert combinations_of_phone_input('23') == ['ad', 'ae', 'af', 'bd', 'be', 'bf', 'cd', 'ce', 'cf']
E       AssertionError

ts-3-5/test_3-5_0-5_170.py:26: AssertionError
[*] Mutation score [5.23233 s]: 100.0%
   - all: 28
   - killed: 26 (92.9%)
   - survived: 0 (0.0%)
   - incompetent: 2 (7.1%)
   - timeout: 0 (0.0%)
