[*] Start mutation process:
   - targets: fizz_buzz.py
   - tests: ts-3-5/test_3-5_0-8_264.py
[*] 1 tests passed:
   - test_3-5_0-8_264 [0.11246 s]
[*] Start mutants generation and execution:
   - [#   1] AOR fizz_buzz: 
--------------------------------------------------------------------------------
  5:     divisible by 5, add "Buzz", if it is 
  6:     divisible by both, add "FizzBuzz"
  7: 
  8:     '''
- 9:     return [(('Fizz' if x % 3 == 0 else '') + ('Buzz' if x % 5 == 0 else '') or str(x)) for x in range(1, n + 1)]
+ 9:     return [(('Fizz' if x * 3 == 0 else '') + ('Buzz' if x % 5 == 0 else '') or str(x)) for x in range(1, n + 1)]
--------------------------------------------------------------------------------
[0.13421 s] killed by ts-3-5/test_3-5_0-8_264.py::test_fizz_buzz

def test_fizz_buzz():
        # Test case for numbers not divisible by 3 or 5
        assert fizz_buzz(2) == ['1', '2']
    
        # Test case for numbers divisible by 3 but not 5
>       assert fizz_buzz(4) == ['1', '2', 'Fizz', '4']
E       AssertionError

ts-3-5/test_3-5_0-8_264.py:14: AssertionError
   - [#   2] AOR fizz_buzz: 
--------------------------------------------------------------------------------
  5:     divisible by 5, add "Buzz", if it is 
  6:     divisible by both, add "FizzBuzz"
  7: 
  8:     '''
- 9:     return [(('Fizz' if x % 3 == 0 else '') + ('Buzz' if x % 5 == 0 else '') or str(x)) for x in range(1, n + 1)]
+ 9:     return [(('Fizz' if x % 3 == 0 else '') - ('Buzz' if x % 5 == 0 else '') or str(x)) for x in range(1, n + 1)]
--------------------------------------------------------------------------------
[0.14054 s] incompetent

TypeError: fizz_buzz:9: TypeError: unsupported operand type(s) for -: 'str' and 'str'

   - [#   3] AOR fizz_buzz: 
--------------------------------------------------------------------------------
  5:     divisible by 5, add "Buzz", if it is 
  6:     divisible by both, add "FizzBuzz"
  7: 
  8:     '''
- 9:     return [(('Fizz' if x % 3 == 0 else '') + ('Buzz' if x % 5 == 0 else '') or str(x)) for x in range(1, n + 1)]
+ 9:     return [(('Fizz' if x % 3 == 0 else '') + ('Buzz' if x * 5 == 0 else '') or str(x)) for x in range(1, n + 1)]
--------------------------------------------------------------------------------
[0.13460 s] killed by ts-3-5/test_3-5_0-8_264.py::test_fizz_buzz

def test_fizz_buzz():
        # Test case for numbers not divisible by 3 or 5
        assert fizz_buzz(2) == ['1', '2']
    
        # Test case for numbers divisible by 3 but not 5
        assert fizz_buzz(4) == ['1', '2', 'Fizz', '4']
    
        # Test case for numbers divisible by 5 but not 3
>       assert fizz_buzz(6) == ['1', '2', 'Fizz', '4', 'Buzz', 'Fizz']
E       AssertionError

ts-3-5/test_3-5_0-8_264.py:17: AssertionError
   - [#   4] AOR fizz_buzz: 
--------------------------------------------------------------------------------
  5:     divisible by 5, add "Buzz", if it is 
  6:     divisible by both, add "FizzBuzz"
  7: 
  8:     '''
- 9:     return [(('Fizz' if x % 3 == 0 else '') + ('Buzz' if x % 5 == 0 else '') or str(x)) for x in range(1, n + 1)]
+ 9:     return [(('Fizz' if x % 3 == 0 else '') + ('Buzz' if x % 5 == 0 else '') or str(x)) for x in range(1, n - 1)]
--------------------------------------------------------------------------------
[0.13407 s] killed by ts-3-5/test_3-5_0-8_264.py::test_fizz_buzz

def test_fizz_buzz():
        # Test case for numbers not divisible by 3 or 5
>       assert fizz_buzz(2) == ['1', '2']
E       AssertionError

ts-3-5/test_3-5_0-8_264.py:11: AssertionError
   - [#   5] LCR fizz_buzz: 
--------------------------------------------------------------------------------
  5:     divisible by 5, add "Buzz", if it is 
  6:     divisible by both, add "FizzBuzz"
  7: 
  8:     '''
- 9:     return [(('Fizz' if x % 3 == 0 else '') + ('Buzz' if x % 5 == 0 else '') or str(x)) for x in range(1, n + 1)]
+ 9:     return [(('Fizz' if x % 3 == 0 else '') + ('Buzz' if x % 5 == 0 else '') and str(x)) for x in range(1, n + 1)]
--------------------------------------------------------------------------------
[0.13647 s] killed by ts-3-5/test_3-5_0-8_264.py::test_fizz_buzz

def test_fizz_buzz():
        # Test case for numbers not divisible by 3 or 5
>       assert fizz_buzz(2) == ['1', '2']
E       AssertionError

ts-3-5/test_3-5_0-8_264.py:11: AssertionError
   - [#   6] ROR fizz_buzz: 
--------------------------------------------------------------------------------
  5:     divisible by 5, add "Buzz", if it is 
  6:     divisible by both, add "FizzBuzz"
  7: 
  8:     '''
- 9:     return [(('Fizz' if x % 3 == 0 else '') + ('Buzz' if x % 5 == 0 else '') or str(x)) for x in range(1, n + 1)]
+ 9:     return [(('Fizz' if x % 3 != 0 else '') + ('Buzz' if x % 5 == 0 else '') or str(x)) for x in range(1, n + 1)]
--------------------------------------------------------------------------------
[0.13646 s] killed by ts-3-5/test_3-5_0-8_264.py::test_fizz_buzz

def test_fizz_buzz():
        # Test case for numbers not divisible by 3 or 5
>       assert fizz_buzz(2) == ['1', '2']
E       AssertionError

ts-3-5/test_3-5_0-8_264.py:11: AssertionError
   - [#   7] ROR fizz_buzz: 
--------------------------------------------------------------------------------
  5:     divisible by 5, add "Buzz", if it is 
  6:     divisible by both, add "FizzBuzz"
  7: 
  8:     '''
- 9:     return [(('Fizz' if x % 3 == 0 else '') + ('Buzz' if x % 5 == 0 else '') or str(x)) for x in range(1, n + 1)]
+ 9:     return [(('Fizz' if x % 3 == 0 else '') + ('Buzz' if x % 5 != 0 else '') or str(x)) for x in range(1, n + 1)]
--------------------------------------------------------------------------------
[0.13500 s] killed by ts-3-5/test_3-5_0-8_264.py::test_fizz_buzz

def test_fizz_buzz():
        # Test case for numbers not divisible by 3 or 5
>       assert fizz_buzz(2) == ['1', '2']
E       AssertionError

ts-3-5/test_3-5_0-8_264.py:11: AssertionError
   - [#   8] SDL fizz_buzz: 
--------------------------------------------------------------------------------
  5:     divisible by 5, add "Buzz", if it is 
  6:     divisible by both, add "FizzBuzz"
  7: 
  8:     '''
- 9:     return [(('Fizz' if x % 3 == 0 else '') + ('Buzz' if x % 5 == 0 else '') or str(x)) for x in range(1, n + 1)]
+ 9:     pass
--------------------------------------------------------------------------------
[0.13620 s] killed by ts-3-5/test_3-5_0-8_264.py::test_fizz_buzz

def test_fizz_buzz():
        # Test case for numbers not divisible by 3 or 5
>       assert fizz_buzz(2) == ['1', '2']
E       AssertionError

ts-3-5/test_3-5_0-8_264.py:11: AssertionError
[*] Mutation score [1.29412 s]: 100.0%
   - all: 8
   - killed: 7 (87.5%)
   - survived: 0 (0.0%)
   - incompetent: 1 (12.5%)
   - timeout: 0 (0.0%)
