[*] Start mutation process:
   - targets: complement.py
   - tests: ts-3-5/test_3-5_1-0_317.py
[*] 5 tests passed:
   - test_3-5_1-0_317 [0.17625 s]
[*] Start mutants generation and execution:
   - [#   1] COD complement: 
--------------------------------------------------------------------------------
   2:     '''
   3:     Find the non-zero padded binary compelement.
   4: 
   5:     '''
-  6:     if not num:
+  6:     if num:
   7:         return 1
   8:     i = 1
   9:     while i <= num:
  10:         num ^= i
--------------------------------------------------------------------------------
[0.18623 s] killed by ts-3-5/test_3-5_1-0_317.py::test_complement_zero

def test_complement_zero():
>       assert complement(0) == 1
E       AssertionError

ts-3-5/test_3-5_1-0_317.py:10: AssertionError
   - [#   2] COI complement: 
--------------------------------------------------------------------------------
   2:     '''
   3:     Find the non-zero padded binary compelement.
   4: 
   5:     '''
-  6:     if not num:
+  6:     if not ((not num)):
   7:         return 1
   8:     i = 1
   9:     while i <= num:
  10:         num ^= i
--------------------------------------------------------------------------------
[0.17797 s] killed by ts-3-5/test_3-5_1-0_317.py::test_complement_zero

def test_complement_zero():
>       assert complement(0) == 1
E       AssertionError

ts-3-5/test_3-5_1-0_317.py:10: AssertionError
   - [#   3] COI complement: 
--------------------------------------------------------------------------------
   5:     '''
   6:     if not num:
   7:         return 1
   8:     i = 1
-  9:     while i <= num:
+  9:     while not (i <= num):
  10:         num ^= i
  11:         i = i << 1
  12:     return num
--------------------------------------------------------------------------------
[0.18190 s] killed by ts-3-5/test_3-5_1-0_317.py::test_complement_single_bit

def test_complement_single_bit():
>       assert complement(1) == 0
E       AssertionError

ts-3-5/test_3-5_1-0_317.py:13: AssertionError
   - [#   4] LOR complement: 
--------------------------------------------------------------------------------
   6:     if not num:
   7:         return 1
   8:     i = 1
   9:     while i <= num:
- 10:         num ^= i
+ 10:         num &= i
  11:         i = i << 1
  12:     return num
--------------------------------------------------------------------------------
[0.19469 s] killed by ts-3-5/test_3-5_1-0_317.py::test_complement_single_bit

def test_complement_single_bit():
>       assert complement(1) == 0
E       AssertionError

ts-3-5/test_3-5_1-0_317.py:13: AssertionError
   - [#   5] LOR complement: 
--------------------------------------------------------------------------------
   7:         return 1
   8:     i = 1
   9:     while i <= num:
  10:         num ^= i
- 11:         i = i << 1
+ 11:         i = i >> 1
  12:     return num
--------------------------------------------------------------------------------
[5.00667 s] timeout
   - [#   6] OIL complement: 
--------------------------------------------------------------------------------
   8:     i = 1
   9:     while i <= num:
  10:         num ^= i
  11:         i = i << 1
- 12:     return num
+ 12:         break
+ 13:     return num
--------------------------------------------------------------------------------
[0.18907 s] killed by ts-3-5/test_3-5_1-0_317.py::test_complement_even_number

def test_complement_even_number():
>       assert complement(6) == 1
E       AssertionError

ts-3-5/test_3-5_1-0_317.py:16: AssertionError
   - [#   7] ROR complement: 
--------------------------------------------------------------------------------
   5:     '''
   6:     if not num:
   7:         return 1
   8:     i = 1
-  9:     while i <= num:
+  9:     while i >= num:
  10:         num ^= i
  11:         i = i << 1
  12:     return num
--------------------------------------------------------------------------------
[5.00680 s] timeout
   - [#   8] ROR complement: 
--------------------------------------------------------------------------------
   5:     '''
   6:     if not num:
   7:         return 1
   8:     i = 1
-  9:     while i <= num:
+  9:     while i < num:
  10:         num ^= i
  11:         i = i << 1
  12:     return num
--------------------------------------------------------------------------------
[0.19699 s] killed by ts-3-5/test_3-5_1-0_317.py::test_complement_single_bit

def test_complement_single_bit():
>       assert complement(1) == 0
E       AssertionError

ts-3-5/test_3-5_1-0_317.py:13: AssertionError
   - [#   9] SDL complement: 
--------------------------------------------------------------------------------
   3:     Find the non-zero padded binary compelement.
   4: 
   5:     '''
   6:     if not num:
-  7:         return 1
+  7:         pass
   8:     i = 1
   9:     while i <= num:
  10:         num ^= i
  11:         i = i << 1
--------------------------------------------------------------------------------
[0.19800 s] killed by ts-3-5/test_3-5_1-0_317.py::test_complement_zero

def test_complement_zero():
>       assert complement(0) == 1
E       AssertionError

ts-3-5/test_3-5_1-0_317.py:10: AssertionError
   - [#  10] SDL complement: 
--------------------------------------------------------------------------------
   4: 
   5:     '''
   6:     if not num:
   7:         return 1
-  8:     i = 1
+  8:     pass
   9:     while i <= num:
  10:         num ^= i
  11:         i = i << 1
  12:     return num
--------------------------------------------------------------------------------
[0.20113 s] killed by ts-3-5/test_3-5_1-0_317.py::test_complement_single_bit

def test_complement_single_bit():
>       assert complement(1) == 0

ts-3-5/test_3-5_1-0_317.py:13: 
_ _ _ _ _ _ _ _ _ _ _ _ _ _ _ _ _ _ _ _ _ _ _ _ _ _ _ _ _ _ _ _ _ _ _ _ _ _ _ _ 

num = 1

>   ???
E   UnboundLocalError: local variable 'i' referenced before assignment

complement:9: UnboundLocalError
   - [#  11] SDL complement: 
--------------------------------------------------------------------------------
   7:         return 1
   8:     i = 1
   9:     while i <= num:
  10:         num ^= i
- 11:         i = i << 1
+ 11:         pass
  12:     return num
--------------------------------------------------------------------------------
[5.00663 s] timeout
   - [#  12] SDL complement: 
--------------------------------------------------------------------------------
   8:     i = 1
   9:     while i <= num:
  10:         num ^= i
  11:         i = i << 1
- 12:     return num
+ 12:     pass
--------------------------------------------------------------------------------
[0.19195 s] killed by ts-3-5/test_3-5_1-0_317.py::test_complement_single_bit

def test_complement_single_bit():
>       assert complement(1) == 0
E       AssertionError

ts-3-5/test_3-5_1-0_317.py:13: AssertionError
   - [#  13] ZIL complement: 
--------------------------------------------------------------------------------
   6:     if not num:
   7:         return 1
   8:     i = 1
   9:     while i <= num:
- 10:         num ^= i
- 11:         i = i << 1
+ 10:         break
+ 11:     
  12:     return num
--------------------------------------------------------------------------------
[0.19488 s] killed by ts-3-5/test_3-5_1-0_317.py::test_complement_single_bit

def test_complement_single_bit():
>       assert complement(1) == 0
E       AssertionError

ts-3-5/test_3-5_1-0_317.py:13: AssertionError
[*] Mutation score [17.22154 s]: 100.0%
   - all: 13
   - killed: 10 (76.9%)
   - survived: 0 (0.0%)
   - incompetent: 0 (0.0%)
   - timeout: 3 (23.1%)
