[*] Start mutation process:
   - targets: first_missing_positive.py
   - tests: ts-3-5/test_3-5_0-8_253.py
[*] 1 tests passed:
   - test_3-5_0-8_253 [0.11290 s]
[*] Start mutants generation and execution:
   - [#   1] AOR first_missing_positive: 
--------------------------------------------------------------------------------
  24:         The first integer greater than 0 that is not 
  25:         present in the input list.
  26:     """
  27:     start = 0
- 28:     end = len(nums) - 1
+ 28:     end = len(nums) + 1
  29:     while start <= end:
  30:         i = nums[start] - 1
  31:         
  32:         if i == start:
--------------------------------------------------------------------------------
[0.14363 s] killed by ts-3-5/test_3-5_0-8_253.py::test_first_missing_positive

def test_first_missing_positive():
        # Test cases for the first_missing_positive function
    
        # Test case for a basic scenario
>       assert first_missing_positive([3, 4, -1, 1]) == 2

ts-3-5/test_3-5_0-8_253.py:14: 
_ _ _ _ _ _ _ _ _ _ _ _ _ _ _ _ _ _ _ _ _ _ _ _ _ _ _ _ _ _ _ _ _ _ _ _ _ _ _ _ 

nums = [-1, 4, 3, 1]

>   ???
E   IndexError: list index out of range

first_missing_positive:38: IndexError
   - [#   2] AOR first_missing_positive: 
--------------------------------------------------------------------------------
  26:     """
  27:     start = 0
  28:     end = len(nums) - 1
  29:     while start <= end:
- 30:         i = nums[start] - 1
+ 30:         i = nums[start] + 1
  31:         
  32:         if i == start:
  33:             start += 1
  34:         
--------------------------------------------------------------------------------
[0.13984 s] killed by ts-3-5/test_3-5_0-8_253.py::test_first_missing_positive

def test_first_missing_positive():
        # Test cases for the first_missing_positive function
    
        # Test case for a basic scenario
        assert first_missing_positive([3, 4, -1, 1]) == 2
    
        # Test case for all negative numbers
>       assert first_missing_positive([-1, -2, -3]) == 1
E       AssertionError

ts-3-5/test_3-5_0-8_253.py:17: AssertionError
   - [#   3] AOR first_missing_positive: 
--------------------------------------------------------------------------------
  40:         else:
  41:             
  42:             (nums[start], nums[i]) = (nums[i], nums[start])
  43:     
- 44:     return start + 1
+ 44:     return start - 1
--------------------------------------------------------------------------------
[0.14039 s] killed by ts-3-5/test_3-5_0-8_253.py::test_first_missing_positive

def test_first_missing_positive():
        # Test cases for the first_missing_positive function
    
        # Test case for a basic scenario
>       assert first_missing_positive([3, 4, -1, 1]) == 2
E       AssertionError

ts-3-5/test_3-5_0-8_253.py:14: AssertionError
   - [#   4] ASR first_missing_positive: 
--------------------------------------------------------------------------------
  29:     while start <= end:
  30:         i = nums[start] - 1
  31:         
  32:         if i == start:
- 33:             start += 1
+ 33:             start -= 1
  34:         
  35:         
  36:         
  37:         elif (i < 0 or i > end or nums[start] == nums[i]):
--------------------------------------------------------------------------------
[0.14649 s] killed by ts-3-5/test_3-5_0-8_253.py::test_first_missing_positive

def test_first_missing_positive():
        # Test cases for the first_missing_positive function
    
        # Test case for a basic scenario
>       assert first_missing_positive([3, 4, -1, 1]) == 2
E       AssertionError

ts-3-5/test_3-5_0-8_253.py:14: AssertionError
   - [#   5] ASR first_missing_positive: 
--------------------------------------------------------------------------------
  35:         
  36:         
  37:         elif (i < 0 or i > end or nums[start] == nums[i]):
  38:             nums[start] = nums[end]
- 39:             end -= 1
+ 39:             end += 1
  40:         else:
  41:             
  42:             (nums[start], nums[i]) = (nums[i], nums[start])
  43:     
--------------------------------------------------------------------------------
[0.12983 s] killed by ts-3-5/test_3-5_0-8_253.py::test_first_missing_positive

def test_first_missing_positive():
        # Test cases for the first_missing_positive function
    
        # Test case for a basic scenario
>       assert first_missing_positive([3, 4, -1, 1]) == 2

ts-3-5/test_3-5_0-8_253.py:14: 
_ _ _ _ _ _ _ _ _ _ _ _ _ _ _ _ _ _ _ _ _ _ _ _ _ _ _ _ _ _ _ _ _ _ _ _ _ _ _ _ 

nums = [1, 1, 3, 4]

>   ???
E   IndexError: list index out of range

first_missing_positive:38: IndexError
   - [#   6] COI first_missing_positive: 
--------------------------------------------------------------------------------
  25:         present in the input list.
  26:     """
  27:     start = 0
  28:     end = len(nums) - 1
- 29:     while start <= end:
+ 29:     while not (start <= end):
  30:         i = nums[start] - 1
  31:         
  32:         if i == start:
  33:             start += 1
--------------------------------------------------------------------------------
[0.12999 s] killed by ts-3-5/test_3-5_0-8_253.py::test_first_missing_positive

def test_first_missing_positive():
        # Test cases for the first_missing_positive function
    
        # Test case for a basic scenario
>       assert first_missing_positive([3, 4, -1, 1]) == 2
E       AssertionError

ts-3-5/test_3-5_0-8_253.py:14: AssertionError
   - [#   7] COI first_missing_positive: 
--------------------------------------------------------------------------------
  28:     end = len(nums) - 1
  29:     while start <= end:
  30:         i = nums[start] - 1
  31:         
- 32:         if i == start:
+ 32:         if not (i == start):
  33:             start += 1
  34:         
  35:         
  36:         
--------------------------------------------------------------------------------
[0.13215 s] killed by ts-3-5/test_3-5_0-8_253.py::test_first_missing_positive

def test_first_missing_positive():
        # Test cases for the first_missing_positive function
    
        # Test case for a basic scenario
>       assert first_missing_positive([3, 4, -1, 1]) == 2
E       AssertionError

ts-3-5/test_3-5_0-8_253.py:14: AssertionError
   - [#   8] COI first_missing_positive: 
--------------------------------------------------------------------------------
  33:             start += 1
  34:         
  35:         
  36:         
- 37:         elif (i < 0 or i > end or nums[start] == nums[i]):
+ 37:         elif not ((i < 0 or i > end or nums[start] == nums[i])):
  38:             nums[start] = nums[end]
  39:             end -= 1
  40:         else:
  41:             
--------------------------------------------------------------------------------
[5.00675 s] timeout
   - [#   9] LCR first_missing_positive: 
--------------------------------------------------------------------------------
  33:             start += 1
  34:         
  35:         
  36:         
- 37:         elif (i < 0 or i > end or nums[start] == nums[i]):
+ 37:         elif (i < 0 and i > end and nums[start] == nums[i]):
  38:             nums[start] = nums[end]
  39:             end -= 1
  40:         else:
  41:             
--------------------------------------------------------------------------------
[5.00562 s] timeout
   - [#  10] OIL first_missing_positive: 
--------------------------------------------------------------------------------
  38:             nums[start] = nums[end]
  39:             end -= 1
  40:         else:
  41:             
- 42:             (nums[start], nums[i]) = (nums[i], nums[start])
+ 42:             (nums[start], nums[i]) = (nums[i], nums[start])break
  43:     
  44:     return start + 1
--------------------------------------------------------------------------------
[0.12953 s] killed by ts-3-5/test_3-5_0-8_253.py::test_first_missing_positive

def test_first_missing_positive():
        # Test cases for the first_missing_positive function
    
        # Test case for a basic scenario
>       assert first_missing_positive([3, 4, -1, 1]) == 2
E       AssertionError

ts-3-5/test_3-5_0-8_253.py:14: AssertionError
   - [#  11] ROR first_missing_positive: 
--------------------------------------------------------------------------------
  25:         present in the input list.
  26:     """
  27:     start = 0
  28:     end = len(nums) - 1
- 29:     while start <= end:
+ 29:     while start >= end:
  30:         i = nums[start] - 1
  31:         
  32:         if i == start:
  33:             start += 1
--------------------------------------------------------------------------------
[0.13437 s] killed by ts-3-5/test_3-5_0-8_253.py::test_first_missing_positive

def test_first_missing_positive():
        # Test cases for the first_missing_positive function
    
        # Test case for a basic scenario
>       assert first_missing_positive([3, 4, -1, 1]) == 2
E       AssertionError

ts-3-5/test_3-5_0-8_253.py:14: AssertionError
   - [#  12] ROR first_missing_positive: 
--------------------------------------------------------------------------------
  25:         present in the input list.
  26:     """
  27:     start = 0
  28:     end = len(nums) - 1
- 29:     while start <= end:
+ 29:     while start < end:
  30:         i = nums[start] - 1
  31:         
  32:         if i == start:
  33:             start += 1
--------------------------------------------------------------------------------
[0.13480 s] killed by ts-3-5/test_3-5_0-8_253.py::test_first_missing_positive

def test_first_missing_positive():
        # Test cases for the first_missing_positive function
    
        # Test case for a basic scenario
        assert first_missing_positive([3, 4, -1, 1]) == 2
    
        # Test case for all negative numbers
        assert first_missing_positive([-1, -2, -3]) == 1
    
        # Test case for all positive numbers in order
>       assert first_missing_positive([1, 2, 3, 4]) == 5
E       AssertionError

ts-3-5/test_3-5_0-8_253.py:20: AssertionError
   - [#  13] ROR first_missing_positive: 
--------------------------------------------------------------------------------
  28:     end = len(nums) - 1
  29:     while start <= end:
  30:         i = nums[start] - 1
  31:         
- 32:         if i == start:
+ 32:         if i != start:
  33:             start += 1
  34:         
  35:         
  36:         
--------------------------------------------------------------------------------
[0.13548 s] killed by ts-3-5/test_3-5_0-8_253.py::test_first_missing_positive

def test_first_missing_positive():
        # Test cases for the first_missing_positive function
    
        # Test case for a basic scenario
>       assert first_missing_positive([3, 4, -1, 1]) == 2
E       AssertionError

ts-3-5/test_3-5_0-8_253.py:14: AssertionError
   - [#  14] ROR first_missing_positive: 
--------------------------------------------------------------------------------
  33:             start += 1
  34:         
  35:         
  36:         
- 37:         elif (i < 0 or i > end or nums[start] == nums[i]):
+ 37:         elif (i > 0 or i > end or nums[start] == nums[i]):
  38:             nums[start] = nums[end]
  39:             end -= 1
  40:         else:
  41:             
--------------------------------------------------------------------------------
[0.13521 s] killed by ts-3-5/test_3-5_0-8_253.py::test_first_missing_positive

def test_first_missing_positive():
        # Test cases for the first_missing_positive function
    
        # Test case for a basic scenario
        assert first_missing_positive([3, 4, -1, 1]) == 2
    
        # Test case for all negative numbers
>       assert first_missing_positive([-1, -2, -3]) == 1

ts-3-5/test_3-5_0-8_253.py:17: 
_ _ _ _ _ _ _ _ _ _ _ _ _ _ _ _ _ _ _ _ _ _ _ _ _ _ _ _ _ _ _ _ _ _ _ _ _ _ _ _ 

nums = [-3, -1, -3]

>   ???
E   IndexError: list index out of range

first_missing_positive:37: IndexError
   - [#  15] ROR first_missing_positive: 
--------------------------------------------------------------------------------
  33:             start += 1
  34:         
  35:         
  36:         
- 37:         elif (i < 0 or i > end or nums[start] == nums[i]):
+ 37:         elif (i <= 0 or i > end or nums[start] == nums[i]):
  38:             nums[start] = nums[end]
  39:             end -= 1
  40:         else:
  41:             
--------------------------------------------------------------------------------
[0.11048 s] survived
   - [#  16] ROR first_missing_positive: 
--------------------------------------------------------------------------------
  33:             start += 1
  34:         
  35:         
  36:         
- 37:         elif (i < 0 or i > end or nums[start] == nums[i]):
+ 37:         elif (i < 0 or i < end or nums[start] == nums[i]):
  38:             nums[start] = nums[end]
  39:             end -= 1
  40:         else:
  41:             
--------------------------------------------------------------------------------
[0.13421 s] killed by ts-3-5/test_3-5_0-8_253.py::test_first_missing_positive

def test_first_missing_positive():
        # Test cases for the first_missing_positive function
    
        # Test case for a basic scenario
        assert first_missing_positive([3, 4, -1, 1]) == 2
    
        # Test case for all negative numbers
        assert first_missing_positive([-1, -2, -3]) == 1
    
        # Test case for all positive numbers in order
        assert first_missing_positive([1, 2, 3, 4]) == 5
    
        # Test case for duplicates
>       assert first_missing_positive([1, 1, 2, 3, 4]) == 5
E       AssertionError

ts-3-5/test_3-5_0-8_253.py:23: AssertionError
   - [#  17] ROR first_missing_positive: 
--------------------------------------------------------------------------------
  33:             start += 1
  34:         
  35:         
  36:         
- 37:         elif (i < 0 or i > end or nums[start] == nums[i]):
+ 37:         elif (i < 0 or i >= end or nums[start] == nums[i]):
  38:             nums[start] = nums[end]
  39:             end -= 1
  40:         else:
  41:             
--------------------------------------------------------------------------------
[0.13377 s] killed by ts-3-5/test_3-5_0-8_253.py::test_first_missing_positive

def test_first_missing_positive():
        # Test cases for the first_missing_positive function
    
        # Test case for a basic scenario
        assert first_missing_positive([3, 4, -1, 1]) == 2
    
        # Test case for all negative numbers
        assert first_missing_positive([-1, -2, -3]) == 1
    
        # Test case for all positive numbers in order
        assert first_missing_positive([1, 2, 3, 4]) == 5
    
        # Test case for duplicates
>       assert first_missing_positive([1, 1, 2, 3, 4]) == 5
E       AssertionError

ts-3-5/test_3-5_0-8_253.py:23: AssertionError
   - [#  18] ROR first_missing_positive: 
--------------------------------------------------------------------------------
  33:             start += 1
  34:         
  35:         
  36:         
- 37:         elif (i < 0 or i > end or nums[start] == nums[i]):
+ 37:         elif (i < 0 or i > end or nums[start] != nums[i]):
  38:             nums[start] = nums[end]
  39:             end -= 1
  40:         else:
  41:             
--------------------------------------------------------------------------------
[5.00665 s] timeout
   - [#  19] SDL first_missing_positive: 
--------------------------------------------------------------------------------
  23:     Returns:
  24:         The first integer greater than 0 that is not 
  25:         present in the input list.
  26:     """
- 27:     start = 0
+ 27:     pass
  28:     end = len(nums) - 1
  29:     while start <= end:
  30:         i = nums[start] - 1
  31:         
--------------------------------------------------------------------------------
[0.12407 s] killed by ts-3-5/test_3-5_0-8_253.py::test_first_missing_positive

def test_first_missing_positive():
        # Test cases for the first_missing_positive function
    
        # Test case for a basic scenario
>       assert first_missing_positive([3, 4, -1, 1]) == 2

ts-3-5/test_3-5_0-8_253.py:14: 
_ _ _ _ _ _ _ _ _ _ _ _ _ _ _ _ _ _ _ _ _ _ _ _ _ _ _ _ _ _ _ _ _ _ _ _ _ _ _ _ 

nums = [3, 4, -1, 1]

>   ???
E   UnboundLocalError: local variable 'start' referenced before assignment

first_missing_positive:29: UnboundLocalError
   - [#  20] SDL first_missing_positive: 
--------------------------------------------------------------------------------
  24:         The first integer greater than 0 that is not 
  25:         present in the input list.
  26:     """
  27:     start = 0
- 28:     end = len(nums) - 1
+ 28:     pass
  29:     while start <= end:
  30:         i = nums[start] - 1
  31:         
  32:         if i == start:
--------------------------------------------------------------------------------
[0.12951 s] killed by ts-3-5/test_3-5_0-8_253.py::test_first_missing_positive

def test_first_missing_positive():
        # Test cases for the first_missing_positive function
    
        # Test case for a basic scenario
>       assert first_missing_positive([3, 4, -1, 1]) == 2

ts-3-5/test_3-5_0-8_253.py:14: 
_ _ _ _ _ _ _ _ _ _ _ _ _ _ _ _ _ _ _ _ _ _ _ _ _ _ _ _ _ _ _ _ _ _ _ _ _ _ _ _ 

nums = [3, 4, -1, 1]

>   ???
E   UnboundLocalError: local variable 'end' referenced before assignment

first_missing_positive:29: UnboundLocalError
   - [#  21] SDL first_missing_positive: 
--------------------------------------------------------------------------------
  26:     """
  27:     start = 0
  28:     end = len(nums) - 1
  29:     while start <= end:
- 30:         i = nums[start] - 1
+ 30:         pass
  31:         
  32:         if i == start:
  33:             start += 1
  34:         
--------------------------------------------------------------------------------
[0.13360 s] killed by ts-3-5/test_3-5_0-8_253.py::test_first_missing_positive

def test_first_missing_positive():
        # Test cases for the first_missing_positive function
    
        # Test case for a basic scenario
>       assert first_missing_positive([3, 4, -1, 1]) == 2

ts-3-5/test_3-5_0-8_253.py:14: 
_ _ _ _ _ _ _ _ _ _ _ _ _ _ _ _ _ _ _ _ _ _ _ _ _ _ _ _ _ _ _ _ _ _ _ _ _ _ _ _ 

nums = [3, 4, -1, 1]

>   ???
E   NameError: name 'i' is not defined

first_missing_positive:32: NameError
   - [#  22] SDL first_missing_positive: 
--------------------------------------------------------------------------------
  34:         
  35:         
  36:         
  37:         elif (i < 0 or i > end or nums[start] == nums[i]):
- 38:             nums[start] = nums[end]
+ 38:             pass
  39:             end -= 1
  40:         else:
  41:             
  42:             (nums[start], nums[i]) = (nums[i], nums[start])
--------------------------------------------------------------------------------
[0.13390 s] killed by ts-3-5/test_3-5_0-8_253.py::test_first_missing_positive

def test_first_missing_positive():
        # Test cases for the first_missing_positive function
    
        # Test case for a basic scenario
>       assert first_missing_positive([3, 4, -1, 1]) == 2
E       AssertionError

ts-3-5/test_3-5_0-8_253.py:14: AssertionError
   - [#  23] SDL first_missing_positive: 
--------------------------------------------------------------------------------
  38:             nums[start] = nums[end]
  39:             end -= 1
  40:         else:
  41:             
- 42:             (nums[start], nums[i]) = (nums[i], nums[start])
+ 42:             pass
  43:     
  44:     return start + 1
--------------------------------------------------------------------------------
[5.00595 s] timeout
   - [#  24] SDL first_missing_positive: 
--------------------------------------------------------------------------------
  40:         else:
  41:             
  42:             (nums[start], nums[i]) = (nums[i], nums[start])
  43:     
- 44:     return start + 1
+ 44:     pass
--------------------------------------------------------------------------------
[0.12631 s] killed by ts-3-5/test_3-5_0-8_253.py::test_first_missing_positive

def test_first_missing_positive():
        # Test cases for the first_missing_positive function
    
        # Test case for a basic scenario
>       assert first_missing_positive([3, 4, -1, 1]) == 2
E       AssertionError

ts-3-5/test_3-5_0-8_253.py:14: AssertionError
   - [#  25] ZIL first_missing_positive: 
--------------------------------------------------------------------------------
  26:     """
  27:     start = 0
  28:     end = len(nums) - 1
  29:     while start <= end:
- 30:         i = nums[start] - 1
- 31:         
- 32:         if i == start:
- 33:             start += 1
- 34:         
- 35:         
- 36:         
- 37:         elif (i < 0 or i > end or nums[start] == nums[i]):
- 38:             nums[start] = nums[end]
- 39:             end -= 1
- 40:         else:
- 41:             
- 42:             (nums[start], nums[i]) = (nums[i], nums[start])
+ 30:         break
+ 31:     
+ 32:     
+ 33:     
+ 34:     
+ 35:     
+ 36:     
+ 37:     
+ 38:     
+ 39:     
+ 40:     
+ 41:     
+ 42:     
  43:     
  44:     return start + 1
--------------------------------------------------------------------------------
[0.13090 s] killed by ts-3-5/test_3-5_0-8_253.py::test_first_missing_positive

def test_first_missing_positive():
        # Test cases for the first_missing_positive function
    
        # Test case for a basic scenario
>       assert first_missing_positive([3, 4, -1, 1]) == 2
E       AssertionError

ts-3-5/test_3-5_0-8_253.py:14: AssertionError
[*] Mutation score [23.43402 s]: 96.0%
   - all: 25
   - killed: 20 (80.0%)
   - survived: 1 (4.0%)
   - incompetent: 0 (0.0%)
   - timeout: 4 (16.0%)
