[*] Start mutation process:
   - targets: fizz_buzz.py
   - tests: ts-3-5/test_3-5_0-6_196.py
[*] 4 tests passed:
   - test_3-5_0-6_196 [0.10943 s]
[*] Start mutants generation and execution:
   - [#   1] AOR fizz_buzz: 
--------------------------------------------------------------------------------
  5:     divisible by 5, add "Buzz", if it is 
  6:     divisible by both, add "FizzBuzz"
  7: 
  8:     '''
- 9:     return [(('Fizz' if x % 3 == 0 else '') + ('Buzz' if x % 5 == 0 else '') or str(x)) for x in range(1, n + 1)]
+ 9:     return [(('Fizz' if x * 3 == 0 else '') + ('Buzz' if x % 5 == 0 else '') or str(x)) for x in range(1, n + 1)]
--------------------------------------------------------------------------------
[0.13621 s] killed by ts-3-5/test_3-5_0-6_196.py::test_fizz_buzz_with_15_elements

def test_fizz_buzz_with_15_elements():
        result = fizz_buzz(15)
        expected = ['1', '2', 'Fizz', '4', 'Buzz', 'Fizz', '7', '8', 'Fizz', 'Buzz', '11', 'Fizz', '13', '14', 'FizzBuzz']
>       assert result == expected
E       AssertionError

ts-3-5/test_3-5_0-6_196.py:14: AssertionError
   - [#   2] AOR fizz_buzz: 
--------------------------------------------------------------------------------
  5:     divisible by 5, add "Buzz", if it is 
  6:     divisible by both, add "FizzBuzz"
  7: 
  8:     '''
- 9:     return [(('Fizz' if x % 3 == 0 else '') + ('Buzz' if x % 5 == 0 else '') or str(x)) for x in range(1, n + 1)]
+ 9:     return [(('Fizz' if x % 3 == 0 else '') - ('Buzz' if x % 5 == 0 else '') or str(x)) for x in range(1, n + 1)]
--------------------------------------------------------------------------------
[0.13338 s] incompetent

TypeError: fizz_buzz:9: TypeError: unsupported operand type(s) for -: 'str' and 'str'

   - [#   3] AOR fizz_buzz: 
--------------------------------------------------------------------------------
  5:     divisible by 5, add "Buzz", if it is 
  6:     divisible by both, add "FizzBuzz"
  7: 
  8:     '''
- 9:     return [(('Fizz' if x % 3 == 0 else '') + ('Buzz' if x % 5 == 0 else '') or str(x)) for x in range(1, n + 1)]
+ 9:     return [(('Fizz' if x % 3 == 0 else '') + ('Buzz' if x * 5 == 0 else '') or str(x)) for x in range(1, n + 1)]
--------------------------------------------------------------------------------
[0.13404 s] killed by ts-3-5/test_3-5_0-6_196.py::test_fizz_buzz_with_15_elements

def test_fizz_buzz_with_15_elements():
        result = fizz_buzz(15)
        expected = ['1', '2', 'Fizz', '4', 'Buzz', 'Fizz', '7', '8', 'Fizz', 'Buzz', '11', 'Fizz', '13', '14', 'FizzBuzz']
>       assert result == expected
E       AssertionError

ts-3-5/test_3-5_0-6_196.py:14: AssertionError
   - [#   4] AOR fizz_buzz: 
--------------------------------------------------------------------------------
  5:     divisible by 5, add "Buzz", if it is 
  6:     divisible by both, add "FizzBuzz"
  7: 
  8:     '''
- 9:     return [(('Fizz' if x % 3 == 0 else '') + ('Buzz' if x % 5 == 0 else '') or str(x)) for x in range(1, n + 1)]
+ 9:     return [(('Fizz' if x % 3 == 0 else '') + ('Buzz' if x % 5 == 0 else '') or str(x)) for x in range(1, n - 1)]
--------------------------------------------------------------------------------
[0.13946 s] killed by ts-3-5/test_3-5_0-6_196.py::test_fizz_buzz_with_15_elements

def test_fizz_buzz_with_15_elements():
        result = fizz_buzz(15)
        expected = ['1', '2', 'Fizz', '4', 'Buzz', 'Fizz', '7', '8', 'Fizz', 'Buzz', '11', 'Fizz', '13', '14', 'FizzBuzz']
>       assert result == expected
E       AssertionError

ts-3-5/test_3-5_0-6_196.py:14: AssertionError
   - [#   5] LCR fizz_buzz: 
--------------------------------------------------------------------------------
  5:     divisible by 5, add "Buzz", if it is 
  6:     divisible by both, add "FizzBuzz"
  7: 
  8:     '''
- 9:     return [(('Fizz' if x % 3 == 0 else '') + ('Buzz' if x % 5 == 0 else '') or str(x)) for x in range(1, n + 1)]
+ 9:     return [(('Fizz' if x % 3 == 0 else '') + ('Buzz' if x % 5 == 0 else '') and str(x)) for x in range(1, n + 1)]
--------------------------------------------------------------------------------
[0.13358 s] killed by ts-3-5/test_3-5_0-6_196.py::test_fizz_buzz_with_15_elements

def test_fizz_buzz_with_15_elements():
        result = fizz_buzz(15)
        expected = ['1', '2', 'Fizz', '4', 'Buzz', 'Fizz', '7', '8', 'Fizz', 'Buzz', '11', 'Fizz', '13', '14', 'FizzBuzz']
>       assert result == expected
E       AssertionError

ts-3-5/test_3-5_0-6_196.py:14: AssertionError
   - [#   6] ROR fizz_buzz: 
--------------------------------------------------------------------------------
  5:     divisible by 5, add "Buzz", if it is 
  6:     divisible by both, add "FizzBuzz"
  7: 
  8:     '''
- 9:     return [(('Fizz' if x % 3 == 0 else '') + ('Buzz' if x % 5 == 0 else '') or str(x)) for x in range(1, n + 1)]
+ 9:     return [(('Fizz' if x % 3 != 0 else '') + ('Buzz' if x % 5 == 0 else '') or str(x)) for x in range(1, n + 1)]
--------------------------------------------------------------------------------
[0.13950 s] killed by ts-3-5/test_3-5_0-6_196.py::test_fizz_buzz_with_15_elements

def test_fizz_buzz_with_15_elements():
        result = fizz_buzz(15)
        expected = ['1', '2', 'Fizz', '4', 'Buzz', 'Fizz', '7', '8', 'Fizz', 'Buzz', '11', 'Fizz', '13', '14', 'FizzBuzz']
>       assert result == expected
E       AssertionError

ts-3-5/test_3-5_0-6_196.py:14: AssertionError
   - [#   7] ROR fizz_buzz: 
--------------------------------------------------------------------------------
  5:     divisible by 5, add "Buzz", if it is 
  6:     divisible by both, add "FizzBuzz"
  7: 
  8:     '''
- 9:     return [(('Fizz' if x % 3 == 0 else '') + ('Buzz' if x % 5 == 0 else '') or str(x)) for x in range(1, n + 1)]
+ 9:     return [(('Fizz' if x % 3 == 0 else '') + ('Buzz' if x % 5 != 0 else '') or str(x)) for x in range(1, n + 1)]
--------------------------------------------------------------------------------
[0.13712 s] killed by ts-3-5/test_3-5_0-6_196.py::test_fizz_buzz_with_15_elements

def test_fizz_buzz_with_15_elements():
        result = fizz_buzz(15)
        expected = ['1', '2', 'Fizz', '4', 'Buzz', 'Fizz', '7', '8', 'Fizz', 'Buzz', '11', 'Fizz', '13', '14', 'FizzBuzz']
>       assert result == expected
E       AssertionError

ts-3-5/test_3-5_0-6_196.py:14: AssertionError
   - [#   8] SDL fizz_buzz: 
--------------------------------------------------------------------------------
  5:     divisible by 5, add "Buzz", if it is 
  6:     divisible by both, add "FizzBuzz"
  7: 
  8:     '''
- 9:     return [(('Fizz' if x % 3 == 0 else '') + ('Buzz' if x % 5 == 0 else '') or str(x)) for x in range(1, n + 1)]
+ 9:     pass
--------------------------------------------------------------------------------
[0.13919 s] killed by ts-3-5/test_3-5_0-6_196.py::test_fizz_buzz_with_15_elements

def test_fizz_buzz_with_15_elements():
        result = fizz_buzz(15)
        expected = ['1', '2', 'Fizz', '4', 'Buzz', 'Fizz', '7', '8', 'Fizz', 'Buzz', '11', 'Fizz', '13', '14', 'FizzBuzz']
>       assert result == expected
E       AssertionError

ts-3-5/test_3-5_0-6_196.py:14: AssertionError
[*] Mutation score [1.29531 s]: 100.0%
   - all: 8
   - killed: 7 (87.5%)
   - survived: 0 (0.0%)
   - incompetent: 1 (12.5%)
   - timeout: 0 (0.0%)
