[*] Start mutation process:
   - targets: complement.py
   - tests: ts-3-5/test_3-5_0-9_290.py
[*] 3 tests passed:
   - test_3-5_0-9_290 [0.17249 s]
[*] Start mutants generation and execution:
   - [#   1] COD complement: 
--------------------------------------------------------------------------------
   2:     '''
   3:     Find the non-zero padded binary compelement.
   4: 
   5:     '''
-  6:     if not num:
+  6:     if num:
   7:         return 1
   8:     i = 1
   9:     while i <= num:
  10:         num ^= i
--------------------------------------------------------------------------------
[0.17956 s] killed by ts-3-5/test_3-5_0-9_290.py::test_complement_for_zero_input

def test_complement_for_zero_input():
>       assert complement(0) == 1
E       AssertionError

ts-3-5/test_3-5_0-9_290.py:12: AssertionError
   - [#   2] COI complement: 
--------------------------------------------------------------------------------
   2:     '''
   3:     Find the non-zero padded binary compelement.
   4: 
   5:     '''
-  6:     if not num:
+  6:     if not ((not num)):
   7:         return 1
   8:     i = 1
   9:     while i <= num:
  10:         num ^= i
--------------------------------------------------------------------------------
[0.20104 s] killed by ts-3-5/test_3-5_0-9_290.py::test_complement_for_zero_input

def test_complement_for_zero_input():
>       assert complement(0) == 1
E       AssertionError

ts-3-5/test_3-5_0-9_290.py:12: AssertionError
   - [#   3] COI complement: 
--------------------------------------------------------------------------------
   5:     '''
   6:     if not num:
   7:         return 1
   8:     i = 1
-  9:     while i <= num:
+  9:     while not (i <= num):
  10:         num ^= i
  11:         i = i << 1
  12:     return num
--------------------------------------------------------------------------------
[0.18329 s] killed by ts-3-5/test_3-5_0-9_290.py::test_complement_for_positive_input

def test_complement_for_positive_input():
>       assert complement(5) == 2
E       AssertionError

ts-3-5/test_3-5_0-9_290.py:16: AssertionError
   - [#   4] LOR complement: 
--------------------------------------------------------------------------------
   6:     if not num:
   7:         return 1
   8:     i = 1
   9:     while i <= num:
- 10:         num ^= i
+ 10:         num &= i
  11:         i = i << 1
  12:     return num
--------------------------------------------------------------------------------
[0.19303 s] killed by ts-3-5/test_3-5_0-9_290.py::test_complement_for_positive_input

def test_complement_for_positive_input():
>       assert complement(5) == 2
E       AssertionError

ts-3-5/test_3-5_0-9_290.py:16: AssertionError
   - [#   5] LOR complement: 
--------------------------------------------------------------------------------
   7:         return 1
   8:     i = 1
   9:     while i <= num:
  10:         num ^= i
- 11:         i = i << 1
+ 11:         i = i >> 1
  12:     return num
--------------------------------------------------------------------------------
[5.00594 s] timeout
   - [#   6] OIL complement: 
--------------------------------------------------------------------------------
   8:     i = 1
   9:     while i <= num:
  10:         num ^= i
  11:         i = i << 1
- 12:     return num
+ 12:         break
+ 13:     return num
--------------------------------------------------------------------------------
[0.18887 s] killed by ts-3-5/test_3-5_0-9_290.py::test_complement_for_positive_input

def test_complement_for_positive_input():
>       assert complement(5) == 2
E       AssertionError

ts-3-5/test_3-5_0-9_290.py:16: AssertionError
   - [#   7] ROR complement: 
--------------------------------------------------------------------------------
   5:     '''
   6:     if not num:
   7:         return 1
   8:     i = 1
-  9:     while i <= num:
+  9:     while i >= num:
  10:         num ^= i
  11:         i = i << 1
  12:     return num
--------------------------------------------------------------------------------
[0.19328 s] killed by ts-3-5/test_3-5_0-9_290.py::test_complement_for_positive_input

def test_complement_for_positive_input():
>       assert complement(5) == 2
E       AssertionError

ts-3-5/test_3-5_0-9_290.py:16: AssertionError
   - [#   8] ROR complement: 
--------------------------------------------------------------------------------
   5:     '''
   6:     if not num:
   7:         return 1
   8:     i = 1
-  9:     while i <= num:
+  9:     while i < num:
  10:         num ^= i
  11:         i = i << 1
  12:     return num
--------------------------------------------------------------------------------
[0.19170 s] killed by ts-3-5/test_3-5_0-9_290.py::test_complement_for_max_int_input

def test_complement_for_max_int_input():
>       assert complement(2147483647) == 0
E       AssertionError

ts-3-5/test_3-5_0-9_290.py:20: AssertionError
   - [#   9] SDL complement: 
--------------------------------------------------------------------------------
   3:     Find the non-zero padded binary compelement.
   4: 
   5:     '''
   6:     if not num:
-  7:         return 1
+  7:         pass
   8:     i = 1
   9:     while i <= num:
  10:         num ^= i
  11:         i = i << 1
--------------------------------------------------------------------------------
[0.19051 s] killed by ts-3-5/test_3-5_0-9_290.py::test_complement_for_zero_input

def test_complement_for_zero_input():
>       assert complement(0) == 1
E       AssertionError

ts-3-5/test_3-5_0-9_290.py:12: AssertionError
   - [#  10] SDL complement: 
--------------------------------------------------------------------------------
   4: 
   5:     '''
   6:     if not num:
   7:         return 1
-  8:     i = 1
+  8:     pass
   9:     while i <= num:
  10:         num ^= i
  11:         i = i << 1
  12:     return num
--------------------------------------------------------------------------------
[0.19348 s] killed by ts-3-5/test_3-5_0-9_290.py::test_complement_for_positive_input

def test_complement_for_positive_input():
>       assert complement(5) == 2

ts-3-5/test_3-5_0-9_290.py:16: 
_ _ _ _ _ _ _ _ _ _ _ _ _ _ _ _ _ _ _ _ _ _ _ _ _ _ _ _ _ _ _ _ _ _ _ _ _ _ _ _ 

num = 5

>   ???
E   UnboundLocalError: local variable 'i' referenced before assignment

complement:9: UnboundLocalError
   - [#  11] SDL complement: 
--------------------------------------------------------------------------------
   7:         return 1
   8:     i = 1
   9:     while i <= num:
  10:         num ^= i
- 11:         i = i << 1
+ 11:         pass
  12:     return num
--------------------------------------------------------------------------------
[5.00634 s] timeout
   - [#  12] SDL complement: 
--------------------------------------------------------------------------------
   8:     i = 1
   9:     while i <= num:
  10:         num ^= i
  11:         i = i << 1
- 12:     return num
+ 12:     pass
--------------------------------------------------------------------------------
[0.18853 s] killed by ts-3-5/test_3-5_0-9_290.py::test_complement_for_positive_input

def test_complement_for_positive_input():
>       assert complement(5) == 2
E       AssertionError

ts-3-5/test_3-5_0-9_290.py:16: AssertionError
   - [#  13] ZIL complement: 
--------------------------------------------------------------------------------
   6:     if not num:
   7:         return 1
   8:     i = 1
   9:     while i <= num:
- 10:         num ^= i
- 11:         i = i << 1
+ 10:         break
+ 11:     
  12:     return num
--------------------------------------------------------------------------------
[0.19086 s] killed by ts-3-5/test_3-5_0-9_290.py::test_complement_for_positive_input

def test_complement_for_positive_input():
>       assert complement(5) == 2
E       AssertionError

ts-3-5/test_3-5_0-9_290.py:16: AssertionError
[*] Mutation score [12.38967 s]: 100.0%
   - all: 13
   - killed: 11 (84.6%)
   - survived: 0 (0.0%)
   - incompetent: 0 (0.0%)
   - timeout: 2 (15.4%)
