[*] Start mutation process:
   - targets: first_missing_positive.py
   - tests: ts-3-5/test_3-5_0-9_277.py
[*] 7 tests passed:
   - test_3-5_0-9_277 [0.11521 s]
[*] Start mutants generation and execution:
   - [#   1] AOR first_missing_positive: 
--------------------------------------------------------------------------------
  24:         The first integer greater than 0 that is not 
  25:         present in the input list.
  26:     """
  27:     start = 0
- 28:     end = len(nums) - 1
+ 28:     end = len(nums) + 1
  29:     while start <= end:
  30:         i = nums[start] - 1
  31:         
  32:         if i == start:
--------------------------------------------------------------------------------
[0.13860 s] killed by ts-3-5/test_3-5_0-9_277.py::test_first_missing_positive_normal_input

def test_first_missing_positive_normal_input():
>       assert first_missing_positive([1, 2, 0]) == 3

ts-3-5/test_3-5_0-9_277.py:12: 
_ _ _ _ _ _ _ _ _ _ _ _ _ _ _ _ _ _ _ _ _ _ _ _ _ _ _ _ _ _ _ _ _ _ _ _ _ _ _ _ 

nums = [1, 2, 0]

>   ???
E   IndexError: list index out of range

first_missing_positive:38: IndexError
   - [#   2] AOR first_missing_positive: 
--------------------------------------------------------------------------------
  26:     """
  27:     start = 0
  28:     end = len(nums) - 1
  29:     while start <= end:
- 30:         i = nums[start] - 1
+ 30:         i = nums[start] + 1
  31:         
  32:         if i == start:
  33:             start += 1
  34:         
--------------------------------------------------------------------------------
[0.13436 s] killed by ts-3-5/test_3-5_0-9_277.py::test_first_missing_positive_normal_input

def test_first_missing_positive_normal_input():
>       assert first_missing_positive([1, 2, 0]) == 3
E       AssertionError

ts-3-5/test_3-5_0-9_277.py:12: AssertionError
   - [#   3] AOR first_missing_positive: 
--------------------------------------------------------------------------------
  40:         else:
  41:             
  42:             (nums[start], nums[i]) = (nums[i], nums[start])
  43:     
- 44:     return start + 1
+ 44:     return start - 1
--------------------------------------------------------------------------------
[0.13568 s] killed by ts-3-5/test_3-5_0-9_277.py::test_first_missing_positive_normal_input

def test_first_missing_positive_normal_input():
>       assert first_missing_positive([1, 2, 0]) == 3
E       AssertionError

ts-3-5/test_3-5_0-9_277.py:12: AssertionError
   - [#   4] ASR first_missing_positive: 
--------------------------------------------------------------------------------
  29:     while start <= end:
  30:         i = nums[start] - 1
  31:         
  32:         if i == start:
- 33:             start += 1
+ 33:             start -= 1
  34:         
  35:         
  36:         
  37:         elif (i < 0 or i > end or nums[start] == nums[i]):
--------------------------------------------------------------------------------
[0.13529 s] killed by ts-3-5/test_3-5_0-9_277.py::test_first_missing_positive_normal_input

def test_first_missing_positive_normal_input():
>       assert first_missing_positive([1, 2, 0]) == 3
E       AssertionError

ts-3-5/test_3-5_0-9_277.py:12: AssertionError
   - [#   5] ASR first_missing_positive: 
--------------------------------------------------------------------------------
  35:         
  36:         
  37:         elif (i < 0 or i > end or nums[start] == nums[i]):
  38:             nums[start] = nums[end]
- 39:             end -= 1
+ 39:             end += 1
  40:         else:
  41:             
  42:             (nums[start], nums[i]) = (nums[i], nums[start])
  43:     
--------------------------------------------------------------------------------
[0.12615 s] killed by ts-3-5/test_3-5_0-9_277.py::test_first_missing_positive_normal_input

def test_first_missing_positive_normal_input():
>       assert first_missing_positive([1, 2, 0]) == 3

ts-3-5/test_3-5_0-9_277.py:12: 
_ _ _ _ _ _ _ _ _ _ _ _ _ _ _ _ _ _ _ _ _ _ _ _ _ _ _ _ _ _ _ _ _ _ _ _ _ _ _ _ 

nums = [1, 2, 0]

>   ???
E   IndexError: list index out of range

first_missing_positive:38: IndexError
   - [#   6] COI first_missing_positive: 
--------------------------------------------------------------------------------
  25:         present in the input list.
  26:     """
  27:     start = 0
  28:     end = len(nums) - 1
- 29:     while start <= end:
+ 29:     while not (start <= end):
  30:         i = nums[start] - 1
  31:         
  32:         if i == start:
  33:             start += 1
--------------------------------------------------------------------------------
[0.12810 s] killed by ts-3-5/test_3-5_0-9_277.py::test_first_missing_positive_normal_input

def test_first_missing_positive_normal_input():
>       assert first_missing_positive([1, 2, 0]) == 3
E       AssertionError

ts-3-5/test_3-5_0-9_277.py:12: AssertionError
   - [#   7] COI first_missing_positive: 
--------------------------------------------------------------------------------
  28:     end = len(nums) - 1
  29:     while start <= end:
  30:         i = nums[start] - 1
  31:         
- 32:         if i == start:
+ 32:         if not (i == start):
  33:             start += 1
  34:         
  35:         
  36:         
--------------------------------------------------------------------------------
[0.12714 s] killed by ts-3-5/test_3-5_0-9_277.py::test_first_missing_positive_normal_input

def test_first_missing_positive_normal_input():
>       assert first_missing_positive([1, 2, 0]) == 3
E       AssertionError

ts-3-5/test_3-5_0-9_277.py:12: AssertionError
   - [#   8] COI first_missing_positive: 
--------------------------------------------------------------------------------
  33:             start += 1
  34:         
  35:         
  36:         
- 37:         elif (i < 0 or i > end or nums[start] == nums[i]):
+ 37:         elif not ((i < 0 or i > end or nums[start] == nums[i])):
  38:             nums[start] = nums[end]
  39:             end -= 1
  40:         else:
  41:             
--------------------------------------------------------------------------------
[5.00669 s] timeout
   - [#   9] LCR first_missing_positive: 
--------------------------------------------------------------------------------
  33:             start += 1
  34:         
  35:         
  36:         
- 37:         elif (i < 0 or i > end or nums[start] == nums[i]):
+ 37:         elif (i < 0 and i > end and nums[start] == nums[i]):
  38:             nums[start] = nums[end]
  39:             end -= 1
  40:         else:
  41:             
--------------------------------------------------------------------------------
[5.00666 s] timeout
   - [#  10] OIL first_missing_positive: 
--------------------------------------------------------------------------------
  38:             nums[start] = nums[end]
  39:             end -= 1
  40:         else:
  41:             
- 42:             (nums[start], nums[i]) = (nums[i], nums[start])
+ 42:             (nums[start], nums[i]) = (nums[i], nums[start])break
  43:     
  44:     return start + 1
--------------------------------------------------------------------------------
[0.12191 s] killed by ts-3-5/test_3-5_0-9_277.py::test_first_missing_positive_normal_input

def test_first_missing_positive_normal_input():
>       assert first_missing_positive([1, 2, 0]) == 3
E       AssertionError

ts-3-5/test_3-5_0-9_277.py:12: AssertionError
   - [#  11] ROR first_missing_positive: 
--------------------------------------------------------------------------------
  25:         present in the input list.
  26:     """
  27:     start = 0
  28:     end = len(nums) - 1
- 29:     while start <= end:
+ 29:     while start >= end:
  30:         i = nums[start] - 1
  31:         
  32:         if i == start:
  33:             start += 1
--------------------------------------------------------------------------------
[0.12639 s] killed by ts-3-5/test_3-5_0-9_277.py::test_first_missing_positive_normal_input

def test_first_missing_positive_normal_input():
>       assert first_missing_positive([1, 2, 0]) == 3
E       AssertionError

ts-3-5/test_3-5_0-9_277.py:12: AssertionError
   - [#  12] ROR first_missing_positive: 
--------------------------------------------------------------------------------
  25:         present in the input list.
  26:     """
  27:     start = 0
  28:     end = len(nums) - 1
- 29:     while start <= end:
+ 29:     while start < end:
  30:         i = nums[start] - 1
  31:         
  32:         if i == start:
  33:             start += 1
--------------------------------------------------------------------------------
[0.12881 s] killed by ts-3-5/test_3-5_0-9_277.py::test_first_missing_positive_sorted_list

def test_first_missing_positive_sorted_list():
>       assert first_missing_positive([1, 2, 3, 4, 5]) == 6
E       AssertionError

ts-3-5/test_3-5_0-9_277.py:27: AssertionError
   - [#  13] ROR first_missing_positive: 
--------------------------------------------------------------------------------
  28:     end = len(nums) - 1
  29:     while start <= end:
  30:         i = nums[start] - 1
  31:         
- 32:         if i == start:
+ 32:         if i != start:
  33:             start += 1
  34:         
  35:         
  36:         
--------------------------------------------------------------------------------
[0.12567 s] killed by ts-3-5/test_3-5_0-9_277.py::test_first_missing_positive_normal_input

def test_first_missing_positive_normal_input():
>       assert first_missing_positive([1, 2, 0]) == 3
E       AssertionError

ts-3-5/test_3-5_0-9_277.py:12: AssertionError
   - [#  14] ROR first_missing_positive: 
--------------------------------------------------------------------------------
  33:             start += 1
  34:         
  35:         
  36:         
- 37:         elif (i < 0 or i > end or nums[start] == nums[i]):
+ 37:         elif (i > 0 or i > end or nums[start] == nums[i]):
  38:             nums[start] = nums[end]
  39:             end -= 1
  40:         else:
  41:             
--------------------------------------------------------------------------------
[0.12804 s] killed by ts-3-5/test_3-5_0-9_277.py::test_first_missing_positive_negative_input

def test_first_missing_positive_negative_input():
>       assert first_missing_positive([-1, -2, -3]) == 1

ts-3-5/test_3-5_0-9_277.py:15: 
_ _ _ _ _ _ _ _ _ _ _ _ _ _ _ _ _ _ _ _ _ _ _ _ _ _ _ _ _ _ _ _ _ _ _ _ _ _ _ _ 

nums = [-3, -1, -3]

>   ???
E   IndexError: list index out of range

first_missing_positive:37: IndexError
   - [#  15] ROR first_missing_positive: 
--------------------------------------------------------------------------------
  33:             start += 1
  34:         
  35:         
  36:         
- 37:         elif (i < 0 or i > end or nums[start] == nums[i]):
+ 37:         elif (i <= 0 or i > end or nums[start] == nums[i]):
  38:             nums[start] = nums[end]
  39:             end -= 1
  40:         else:
  41:             
--------------------------------------------------------------------------------
[0.10510 s] survived
   - [#  16] ROR first_missing_positive: 
--------------------------------------------------------------------------------
  33:             start += 1
  34:         
  35:         
  36:         
- 37:         elif (i < 0 or i > end or nums[start] == nums[i]):
+ 37:         elif (i < 0 or i < end or nums[start] == nums[i]):
  38:             nums[start] = nums[end]
  39:             end -= 1
  40:         else:
  41:             
--------------------------------------------------------------------------------
[0.12910 s] killed by ts-3-5/test_3-5_0-9_277.py::test_first_missing_positive_single_element

def test_first_missing_positive_single_element():
>       assert first_missing_positive([5]) == 1

ts-3-5/test_3-5_0-9_277.py:24: 
_ _ _ _ _ _ _ _ _ _ _ _ _ _ _ _ _ _ _ _ _ _ _ _ _ _ _ _ _ _ _ _ _ _ _ _ _ _ _ _ 

nums = [5]

>   ???
E   IndexError: list index out of range

first_missing_positive:37: IndexError
   - [#  17] ROR first_missing_positive: 
--------------------------------------------------------------------------------
  33:             start += 1
  34:         
  35:         
  36:         
- 37:         elif (i < 0 or i > end or nums[start] == nums[i]):
+ 37:         elif (i < 0 or i >= end or nums[start] == nums[i]):
  38:             nums[start] = nums[end]
  39:             end -= 1
  40:         else:
  41:             
--------------------------------------------------------------------------------
[0.10649 s] survived
   - [#  18] ROR first_missing_positive: 
--------------------------------------------------------------------------------
  33:             start += 1
  34:         
  35:         
  36:         
- 37:         elif (i < 0 or i > end or nums[start] == nums[i]):
+ 37:         elif (i < 0 or i > end or nums[start] != nums[i]):
  38:             nums[start] = nums[end]
  39:             end -= 1
  40:         else:
  41:             
--------------------------------------------------------------------------------
[5.00665 s] timeout
   - [#  19] SDL first_missing_positive: 
--------------------------------------------------------------------------------
  23:     Returns:
  24:         The first integer greater than 0 that is not 
  25:         present in the input list.
  26:     """
- 27:     start = 0
+ 27:     pass
  28:     end = len(nums) - 1
  29:     while start <= end:
  30:         i = nums[start] - 1
  31:         
--------------------------------------------------------------------------------
[0.12221 s] killed by ts-3-5/test_3-5_0-9_277.py::test_first_missing_positive_normal_input

def test_first_missing_positive_normal_input():
>       assert first_missing_positive([1, 2, 0]) == 3

ts-3-5/test_3-5_0-9_277.py:12: 
_ _ _ _ _ _ _ _ _ _ _ _ _ _ _ _ _ _ _ _ _ _ _ _ _ _ _ _ _ _ _ _ _ _ _ _ _ _ _ _ 

nums = [1, 2, 0]

>   ???
E   UnboundLocalError: local variable 'start' referenced before assignment

first_missing_positive:29: UnboundLocalError
   - [#  20] SDL first_missing_positive: 
--------------------------------------------------------------------------------
  24:         The first integer greater than 0 that is not 
  25:         present in the input list.
  26:     """
  27:     start = 0
- 28:     end = len(nums) - 1
+ 28:     pass
  29:     while start <= end:
  30:         i = nums[start] - 1
  31:         
  32:         if i == start:
--------------------------------------------------------------------------------
[0.12671 s] killed by ts-3-5/test_3-5_0-9_277.py::test_first_missing_positive_normal_input

def test_first_missing_positive_normal_input():
>       assert first_missing_positive([1, 2, 0]) == 3

ts-3-5/test_3-5_0-9_277.py:12: 
_ _ _ _ _ _ _ _ _ _ _ _ _ _ _ _ _ _ _ _ _ _ _ _ _ _ _ _ _ _ _ _ _ _ _ _ _ _ _ _ 

nums = [1, 2, 0]

>   ???
E   UnboundLocalError: local variable 'end' referenced before assignment

first_missing_positive:29: UnboundLocalError
   - [#  21] SDL first_missing_positive: 
--------------------------------------------------------------------------------
  26:     """
  27:     start = 0
  28:     end = len(nums) - 1
  29:     while start <= end:
- 30:         i = nums[start] - 1
+ 30:         pass
  31:         
  32:         if i == start:
  33:             start += 1
  34:         
--------------------------------------------------------------------------------
[0.12596 s] killed by ts-3-5/test_3-5_0-9_277.py::test_first_missing_positive_normal_input

def test_first_missing_positive_normal_input():
>       assert first_missing_positive([1, 2, 0]) == 3

ts-3-5/test_3-5_0-9_277.py:12: 
_ _ _ _ _ _ _ _ _ _ _ _ _ _ _ _ _ _ _ _ _ _ _ _ _ _ _ _ _ _ _ _ _ _ _ _ _ _ _ _ 

nums = [1, 2, 0]

>   ???
E   NameError: name 'i' is not defined

first_missing_positive:32: NameError
   - [#  22] SDL first_missing_positive: 
--------------------------------------------------------------------------------
  34:         
  35:         
  36:         
  37:         elif (i < 0 or i > end or nums[start] == nums[i]):
- 38:             nums[start] = nums[end]
+ 38:             pass
  39:             end -= 1
  40:         else:
  41:             
  42:             (nums[start], nums[i]) = (nums[i], nums[start])
--------------------------------------------------------------------------------
[0.12777 s] killed by ts-3-5/test_3-5_0-9_277.py::test_first_missing_positive_duplicates

def test_first_missing_positive_duplicates():
>       assert first_missing_positive([3, 4, -1, 1, 1, -2]) == 2
E       AssertionError

ts-3-5/test_3-5_0-9_277.py:18: AssertionError
   - [#  23] SDL first_missing_positive: 
--------------------------------------------------------------------------------
  38:             nums[start] = nums[end]
  39:             end -= 1
  40:         else:
  41:             
- 42:             (nums[start], nums[i]) = (nums[i], nums[start])
+ 42:             pass
  43:     
  44:     return start + 1
--------------------------------------------------------------------------------
[5.00666 s] timeout
   - [#  24] SDL first_missing_positive: 
--------------------------------------------------------------------------------
  40:         else:
  41:             
  42:             (nums[start], nums[i]) = (nums[i], nums[start])
  43:     
- 44:     return start + 1
+ 44:     pass
--------------------------------------------------------------------------------
[0.12194 s] killed by ts-3-5/test_3-5_0-9_277.py::test_first_missing_positive_normal_input

def test_first_missing_positive_normal_input():
>       assert first_missing_positive([1, 2, 0]) == 3
E       AssertionError

ts-3-5/test_3-5_0-9_277.py:12: AssertionError
   - [#  25] ZIL first_missing_positive: 
--------------------------------------------------------------------------------
  26:     """
  27:     start = 0
  28:     end = len(nums) - 1
  29:     while start <= end:
- 30:         i = nums[start] - 1
- 31:         
- 32:         if i == start:
- 33:             start += 1
- 34:         
- 35:         
- 36:         
- 37:         elif (i < 0 or i > end or nums[start] == nums[i]):
- 38:             nums[start] = nums[end]
- 39:             end -= 1
- 40:         else:
- 41:             
- 42:             (nums[start], nums[i]) = (nums[i], nums[start])
+ 30:         break
+ 31:     
+ 32:     
+ 33:     
+ 34:     
+ 35:     
+ 36:     
+ 37:     
+ 38:     
+ 39:     
+ 40:     
+ 41:     
+ 42:     
  43:     
  44:     return start + 1
--------------------------------------------------------------------------------
[0.12770 s] killed by ts-3-5/test_3-5_0-9_277.py::test_first_missing_positive_normal_input

def test_first_missing_positive_normal_input():
>       assert first_missing_positive([1, 2, 0]) == 3
E       AssertionError

ts-3-5/test_3-5_0-9_277.py:12: AssertionError
[*] Mutation score [23.20573 s]: 92.0%
   - all: 25
   - killed: 19 (76.0%)
   - survived: 2 (8.0%)
   - incompetent: 0 (0.0%)
   - timeout: 4 (16.0%)
