[*] Start mutation process:
   - targets: complement.py
   - tests: ts-3-5/test_3-5_0-9_280.py
[*] 4 tests passed:
   - test_3-5_0-9_280 [0.17899 s]
[*] Start mutants generation and execution:
   - [#   1] COD complement: 
--------------------------------------------------------------------------------
   2:     '''
   3:     Find the non-zero padded binary compelement.
   4: 
   5:     '''
-  6:     if not num:
+  6:     if num:
   7:         return 1
   8:     i = 1
   9:     while i <= num:
  10:         num ^= i
--------------------------------------------------------------------------------
[0.19397 s] killed by ts-3-5/test_3-5_0-9_280.py::test_complement_zero_input

def test_complement_zero_input():
>       assert complement.complement(0) == 1
E       AssertionError

ts-3-5/test_3-5_0-9_280.py:9: AssertionError
   - [#   2] COI complement: 
--------------------------------------------------------------------------------
   2:     '''
   3:     Find the non-zero padded binary compelement.
   4: 
   5:     '''
-  6:     if not num:
+  6:     if not ((not num)):
   7:         return 1
   8:     i = 1
   9:     while i <= num:
  10:         num ^= i
--------------------------------------------------------------------------------
[0.17883 s] killed by ts-3-5/test_3-5_0-9_280.py::test_complement_zero_input

def test_complement_zero_input():
>       assert complement.complement(0) == 1
E       AssertionError

ts-3-5/test_3-5_0-9_280.py:9: AssertionError
   - [#   3] COI complement: 
--------------------------------------------------------------------------------
   5:     '''
   6:     if not num:
   7:         return 1
   8:     i = 1
-  9:     while i <= num:
+  9:     while not (i <= num):
  10:         num ^= i
  11:         i = i << 1
  12:     return num
--------------------------------------------------------------------------------
[0.18643 s] killed by ts-3-5/test_3-5_0-9_280.py::test_complement_positive_input

def test_complement_positive_input():
>       assert complement.complement(5) == 2
E       AssertionError

ts-3-5/test_3-5_0-9_280.py:12: AssertionError
   - [#   4] LOR complement: 
--------------------------------------------------------------------------------
   6:     if not num:
   7:         return 1
   8:     i = 1
   9:     while i <= num:
- 10:         num ^= i
+ 10:         num &= i
  11:         i = i << 1
  12:     return num
--------------------------------------------------------------------------------
[0.19887 s] killed by ts-3-5/test_3-5_0-9_280.py::test_complement_positive_input

def test_complement_positive_input():
>       assert complement.complement(5) == 2
E       AssertionError

ts-3-5/test_3-5_0-9_280.py:12: AssertionError
   - [#   5] LOR complement: 
--------------------------------------------------------------------------------
   7:         return 1
   8:     i = 1
   9:     while i <= num:
  10:         num ^= i
- 11:         i = i << 1
+ 11:         i = i >> 1
  12:     return num
--------------------------------------------------------------------------------
[5.00659 s] timeout
   - [#   6] OIL complement: 
--------------------------------------------------------------------------------
   8:     i = 1
   9:     while i <= num:
  10:         num ^= i
  11:         i = i << 1
- 12:     return num
+ 12:         break
+ 13:     return num
--------------------------------------------------------------------------------
[0.18800 s] killed by ts-3-5/test_3-5_0-9_280.py::test_complement_positive_input

def test_complement_positive_input():
>       assert complement.complement(5) == 2
E       AssertionError

ts-3-5/test_3-5_0-9_280.py:12: AssertionError
   - [#   7] ROR complement: 
--------------------------------------------------------------------------------
   5:     '''
   6:     if not num:
   7:         return 1
   8:     i = 1
-  9:     while i <= num:
+  9:     while i >= num:
  10:         num ^= i
  11:         i = i << 1
  12:     return num
--------------------------------------------------------------------------------
[0.19552 s] killed by ts-3-5/test_3-5_0-9_280.py::test_complement_positive_input

def test_complement_positive_input():
>       assert complement.complement(5) == 2
E       AssertionError

ts-3-5/test_3-5_0-9_280.py:12: AssertionError
   - [#   8] ROR complement: 
--------------------------------------------------------------------------------
   5:     '''
   6:     if not num:
   7:         return 1
   8:     i = 1
-  9:     while i <= num:
+  9:     while i < num:
  10:         num ^= i
  11:         i = i << 1
  12:     return num
--------------------------------------------------------------------------------
[0.17659 s] survived
   - [#   9] SDL complement: 
--------------------------------------------------------------------------------
   3:     Find the non-zero padded binary compelement.
   4: 
   5:     '''
   6:     if not num:
-  7:         return 1
+  7:         pass
   8:     i = 1
   9:     while i <= num:
  10:         num ^= i
  11:         i = i << 1
--------------------------------------------------------------------------------
[0.19199 s] killed by ts-3-5/test_3-5_0-9_280.py::test_complement_zero_input

def test_complement_zero_input():
>       assert complement.complement(0) == 1
E       AssertionError

ts-3-5/test_3-5_0-9_280.py:9: AssertionError
   - [#  10] SDL complement: 
--------------------------------------------------------------------------------
   4: 
   5:     '''
   6:     if not num:
   7:         return 1
-  8:     i = 1
+  8:     pass
   9:     while i <= num:
  10:         num ^= i
  11:         i = i << 1
  12:     return num
--------------------------------------------------------------------------------
[0.20087 s] killed by ts-3-5/test_3-5_0-9_280.py::test_complement_positive_input

def test_complement_positive_input():
>       assert complement.complement(5) == 2

ts-3-5/test_3-5_0-9_280.py:12: 
_ _ _ _ _ _ _ _ _ _ _ _ _ _ _ _ _ _ _ _ _ _ _ _ _ _ _ _ _ _ _ _ _ _ _ _ _ _ _ _ 

num = 5

>   ???
E   UnboundLocalError: local variable 'i' referenced before assignment

complement:9: UnboundLocalError
   - [#  11] SDL complement: 
--------------------------------------------------------------------------------
   7:         return 1
   8:     i = 1
   9:     while i <= num:
  10:         num ^= i
- 11:         i = i << 1
+ 11:         pass
  12:     return num
--------------------------------------------------------------------------------
[5.00672 s] timeout
   - [#  12] SDL complement: 
--------------------------------------------------------------------------------
   8:     i = 1
   9:     while i <= num:
  10:         num ^= i
  11:         i = i << 1
- 12:     return num
+ 12:     pass
--------------------------------------------------------------------------------
[0.19303 s] killed by ts-3-5/test_3-5_0-9_280.py::test_complement_positive_input

def test_complement_positive_input():
>       assert complement.complement(5) == 2
E       AssertionError

ts-3-5/test_3-5_0-9_280.py:12: AssertionError
   - [#  13] ZIL complement: 
--------------------------------------------------------------------------------
   6:     if not num:
   7:         return 1
   8:     i = 1
   9:     while i <= num:
- 10:         num ^= i
- 11:         i = i << 1
+ 10:         break
+ 11:     
  12:     return num
--------------------------------------------------------------------------------
[0.19636 s] killed by ts-3-5/test_3-5_0-9_280.py::test_complement_positive_input

def test_complement_positive_input():
>       assert complement.complement(5) == 2
E       AssertionError

ts-3-5/test_3-5_0-9_280.py:12: AssertionError
[*] Mutation score [12.40565 s]: 92.3%
   - all: 13
   - killed: 10 (76.9%)
   - survived: 1 (7.7%)
   - incompetent: 0 (0.0%)
   - timeout: 2 (15.4%)
