[*] Start mutation process:
   - targets: factorial.py
   - tests: ts-3-5/test_3-5_1-0_303.py
[*] 6 tests passed:
   - test_3-5_1-0_303 [0.14291 s]
[*] Start mutants generation and execution:
   - [#   1] AOR factorial: 
--------------------------------------------------------------------------------
  14:     
  15:     if n <= 0:
  16:         return 0
  17:     
- 18:     return reduce((lambda x, y: (x * y)), range(1, n + 1))
+ 18:     return reduce((lambda x, y: (x / y)), range(1, n + 1))
--------------------------------------------------------------------------------
[0.15571 s] killed by ts-3-5/test_3-5_1-0_303.py::TestFactorial::test_factorial_with_positive_number

self = <test_3-5_1-0_303.TestFactorial object at 0x7c18b13979d0>

    def test_factorial_with_positive_number(self):
>       assert factorial(5) == 120
E       AssertionError

ts-3-5/test_3-5_1-0_303.py:18: AssertionError
   - [#   2] AOR factorial: 
--------------------------------------------------------------------------------
  14:     
  15:     if n <= 0:
  16:         return 0
  17:     
- 18:     return reduce((lambda x, y: (x * y)), range(1, n + 1))
+ 18:     return reduce((lambda x, y: (x // y)), range(1, n + 1))
--------------------------------------------------------------------------------
[0.16085 s] killed by ts-3-5/test_3-5_1-0_303.py::TestFactorial::test_factorial_with_positive_number

self = <test_3-5_1-0_303.TestFactorial object at 0x7c18b11ebe50>

    def test_factorial_with_positive_number(self):
>       assert factorial(5) == 120
E       AssertionError

ts-3-5/test_3-5_1-0_303.py:18: AssertionError
   - [#   3] AOR factorial: 
--------------------------------------------------------------------------------
  14:     
  15:     if n <= 0:
  16:         return 0
  17:     
- 18:     return reduce((lambda x, y: (x * y)), range(1, n + 1))
+ 18:     return reduce((lambda x, y: (x ** y)), range(1, n + 1))
--------------------------------------------------------------------------------
[0.15735 s] killed by ts-3-5/test_3-5_1-0_303.py::TestFactorial::test_factorial_with_positive_number

self = <test_3-5_1-0_303.TestFactorial object at 0x7c18b1083c10>

    def test_factorial_with_positive_number(self):
>       assert factorial(5) == 120
E       AssertionError

ts-3-5/test_3-5_1-0_303.py:18: AssertionError
   - [#   4] AOR factorial: 
--------------------------------------------------------------------------------
  14:     
  15:     if n <= 0:
  16:         return 0
  17:     
- 18:     return reduce((lambda x, y: (x * y)), range(1, n + 1))
+ 18:     return reduce((lambda x, y: (x * y)), range(1, n - 1))
--------------------------------------------------------------------------------
[0.15786 s] killed by ts-3-5/test_3-5_1-0_303.py::TestFactorial::test_factorial_with_positive_number

self = <test_3-5_1-0_303.TestFactorial object at 0x7c18b123d900>

    def test_factorial_with_positive_number(self):
>       assert factorial(5) == 120
E       AssertionError

ts-3-5/test_3-5_1-0_303.py:18: AssertionError
   - [#   5] COI factorial: 
--------------------------------------------------------------------------------
  11:         The factorial number for n (n!).  Input
  12:         of 0 or less will output 0.
  13:     '''
  14:     
- 15:     if n <= 0:
+ 15:     if not (n <= 0):
  16:         return 0
  17:     
  18:     return reduce((lambda x, y: (x * y)), range(1, n + 1))
--------------------------------------------------------------------------------
[0.14336 s] incompetent

TypeError: factorial:18: TypeError: reduce() of empty iterable with no initial value

   - [#   6] ROR factorial: 
--------------------------------------------------------------------------------
  11:         The factorial number for n (n!).  Input
  12:         of 0 or less will output 0.
  13:     '''
  14:     
- 15:     if n <= 0:
+ 15:     if n >= 0:
  16:         return 0
  17:     
  18:     return reduce((lambda x, y: (x * y)), range(1, n + 1))
--------------------------------------------------------------------------------
[0.14475 s] killed by ts-3-5/test_3-5_1-0_303.py::TestFactorial::test_factorial_with_positive_number

self = <test_3-5_1-0_303.TestFactorial object at 0x7c18b10a5c90>

    def test_factorial_with_positive_number(self):
>       assert factorial(5) == 120
E       AssertionError

ts-3-5/test_3-5_1-0_303.py:18: AssertionError
   - [#   7] ROR factorial: 
--------------------------------------------------------------------------------
  11:         The factorial number for n (n!).  Input
  12:         of 0 or less will output 0.
  13:     '''
  14:     
- 15:     if n <= 0:
+ 15:     if n < 0:
  16:         return 0
  17:     
  18:     return reduce((lambda x, y: (x * y)), range(1, n + 1))
--------------------------------------------------------------------------------
[0.14671 s] incompetent

TypeError: factorial:18: TypeError: reduce() of empty iterable with no initial value

   - [#   8] SDL factorial: 
--------------------------------------------------------------------------------
  12:         of 0 or less will output 0.
  13:     '''
  14:     
  15:     if n <= 0:
- 16:         return 0
+ 16:         pass
  17:     
  18:     return reduce((lambda x, y: (x * y)), range(1, n + 1))
--------------------------------------------------------------------------------
[0.14437 s] incompetent

TypeError: factorial:18: TypeError: reduce() of empty iterable with no initial value

   - [#   9] SDL factorial: 
--------------------------------------------------------------------------------
  14:     
  15:     if n <= 0:
  16:         return 0
  17:     
- 18:     return reduce((lambda x, y: (x * y)), range(1, n + 1))
+ 18:     pass
--------------------------------------------------------------------------------
[0.15086 s] killed by ts-3-5/test_3-5_1-0_303.py::TestFactorial::test_factorial_with_positive_number

self = <test_3-5_1-0_303.TestFactorial object at 0x7c18b10a7d90>

    def test_factorial_with_positive_number(self):
>       assert factorial(5) == 120
E       AssertionError

ts-3-5/test_3-5_1-0_303.py:18: AssertionError
[*] Mutation score [1.61552 s]: 100.0%
   - all: 9
   - killed: 6 (66.7%)
   - survived: 0 (0.0%)
   - incompetent: 3 (33.3%)
   - timeout: 0 (0.0%)
