[*] Start mutation process:
   - targets: complement.py
   - tests: ts-3-5/test_3-5_0-2_77.py
[*] 4 tests passed:
   - test_3-5_0-2_77 [0.18090 s]
[*] Start mutants generation and execution:
   - [#   1] COD complement: 
--------------------------------------------------------------------------------
   2:     '''
   3:     Find the non-zero padded binary compelement.
   4: 
   5:     '''
-  6:     if not num:
+  6:     if num:
   7:         return 1
   8:     i = 1
   9:     while i <= num:
  10:         num ^= i
--------------------------------------------------------------------------------
[0.19196 s] killed by ts-3-5/test_3-5_0-2_77.py::test_complement_zero_input

def test_complement_zero_input():
>       assert complement(0) == 1
E       AssertionError

ts-3-5/test_3-5_0-2_77.py:10: AssertionError
   - [#   2] COI complement: 
--------------------------------------------------------------------------------
   2:     '''
   3:     Find the non-zero padded binary compelement.
   4: 
   5:     '''
-  6:     if not num:
+  6:     if not ((not num)):
   7:         return 1
   8:     i = 1
   9:     while i <= num:
  10:         num ^= i
--------------------------------------------------------------------------------
[0.18743 s] killed by ts-3-5/test_3-5_0-2_77.py::test_complement_zero_input

def test_complement_zero_input():
>       assert complement(0) == 1
E       AssertionError

ts-3-5/test_3-5_0-2_77.py:10: AssertionError
   - [#   3] COI complement: 
--------------------------------------------------------------------------------
   5:     '''
   6:     if not num:
   7:         return 1
   8:     i = 1
-  9:     while i <= num:
+  9:     while not (i <= num):
  10:         num ^= i
  11:         i = i << 1
  12:     return num
--------------------------------------------------------------------------------
[0.19111 s] killed by ts-3-5/test_3-5_0-2_77.py::test_complement_positive_input

def test_complement_positive_input():
>       assert complement(5) == 2
E       AssertionError

ts-3-5/test_3-5_0-2_77.py:13: AssertionError
   - [#   4] LOR complement: 
--------------------------------------------------------------------------------
   6:     if not num:
   7:         return 1
   8:     i = 1
   9:     while i <= num:
- 10:         num ^= i
+ 10:         num &= i
  11:         i = i << 1
  12:     return num
--------------------------------------------------------------------------------
[0.21092 s] killed by ts-3-5/test_3-5_0-2_77.py::test_complement_positive_input

def test_complement_positive_input():
>       assert complement(5) == 2
E       AssertionError

ts-3-5/test_3-5_0-2_77.py:13: AssertionError
   - [#   5] LOR complement: 
--------------------------------------------------------------------------------
   7:         return 1
   8:     i = 1
   9:     while i <= num:
  10:         num ^= i
- 11:         i = i << 1
+ 11:         i = i >> 1
  12:     return num
--------------------------------------------------------------------------------
[5.00617 s] timeout
   - [#   6] OIL complement: 
--------------------------------------------------------------------------------
   8:     i = 1
   9:     while i <= num:
  10:         num ^= i
  11:         i = i << 1
- 12:     return num
+ 12:         break
+ 13:     return num
--------------------------------------------------------------------------------
[0.18940 s] killed by ts-3-5/test_3-5_0-2_77.py::test_complement_positive_input

def test_complement_positive_input():
>       assert complement(5) == 2
E       AssertionError

ts-3-5/test_3-5_0-2_77.py:13: AssertionError
   - [#   7] ROR complement: 
--------------------------------------------------------------------------------
   5:     '''
   6:     if not num:
   7:         return 1
   8:     i = 1
-  9:     while i <= num:
+  9:     while i >= num:
  10:         num ^= i
  11:         i = i << 1
  12:     return num
--------------------------------------------------------------------------------
[0.20286 s] killed by ts-3-5/test_3-5_0-2_77.py::test_complement_positive_input

def test_complement_positive_input():
>       assert complement(5) == 2
E       AssertionError

ts-3-5/test_3-5_0-2_77.py:13: AssertionError
   - [#   8] ROR complement: 
--------------------------------------------------------------------------------
   5:     '''
   6:     if not num:
   7:         return 1
   8:     i = 1
-  9:     while i <= num:
+  9:     while i < num:
  10:         num ^= i
  11:         i = i << 1
  12:     return num
--------------------------------------------------------------------------------
[0.18011 s] survived
   - [#   9] SDL complement: 
--------------------------------------------------------------------------------
   3:     Find the non-zero padded binary compelement.
   4: 
   5:     '''
   6:     if not num:
-  7:         return 1
+  7:         pass
   8:     i = 1
   9:     while i <= num:
  10:         num ^= i
  11:         i = i << 1
--------------------------------------------------------------------------------
[0.20328 s] killed by ts-3-5/test_3-5_0-2_77.py::test_complement_zero_input

def test_complement_zero_input():
>       assert complement(0) == 1
E       AssertionError

ts-3-5/test_3-5_0-2_77.py:10: AssertionError
   - [#  10] SDL complement: 
--------------------------------------------------------------------------------
   4: 
   5:     '''
   6:     if not num:
   7:         return 1
-  8:     i = 1
+  8:     pass
   9:     while i <= num:
  10:         num ^= i
  11:         i = i << 1
  12:     return num
--------------------------------------------------------------------------------
[0.20996 s] killed by ts-3-5/test_3-5_0-2_77.py::test_complement_positive_input

def test_complement_positive_input():
>       assert complement(5) == 2

ts-3-5/test_3-5_0-2_77.py:13: 
_ _ _ _ _ _ _ _ _ _ _ _ _ _ _ _ _ _ _ _ _ _ _ _ _ _ _ _ _ _ _ _ _ _ _ _ _ _ _ _ 

num = 5

>   ???
E   UnboundLocalError: local variable 'i' referenced before assignment

complement:9: UnboundLocalError
   - [#  11] SDL complement: 
--------------------------------------------------------------------------------
   7:         return 1
   8:     i = 1
   9:     while i <= num:
  10:         num ^= i
- 11:         i = i << 1
+ 11:         pass
  12:     return num
--------------------------------------------------------------------------------
[5.00599 s] timeout
   - [#  12] SDL complement: 
--------------------------------------------------------------------------------
   8:     i = 1
   9:     while i <= num:
  10:         num ^= i
  11:         i = i << 1
- 12:     return num
+ 12:     pass
--------------------------------------------------------------------------------
[0.19015 s] killed by ts-3-5/test_3-5_0-2_77.py::test_complement_positive_input

def test_complement_positive_input():
>       assert complement(5) == 2
E       AssertionError

ts-3-5/test_3-5_0-2_77.py:13: AssertionError
   - [#  13] ZIL complement: 
--------------------------------------------------------------------------------
   6:     if not num:
   7:         return 1
   8:     i = 1
   9:     while i <= num:
- 10:         num ^= i
- 11:         i = i << 1
+ 10:         break
+ 11:     
  12:     return num
--------------------------------------------------------------------------------
[0.19742 s] killed by ts-3-5/test_3-5_0-2_77.py::test_complement_positive_input

def test_complement_positive_input():
>       assert complement(5) == 2
E       AssertionError

ts-3-5/test_3-5_0-2_77.py:13: AssertionError
[*] Mutation score [12.46430 s]: 92.3%
   - all: 13
   - killed: 10 (76.9%)
   - survived: 1 (7.7%)
   - incompetent: 0 (0.0%)
   - timeout: 2 (15.4%)
