[*] Start mutation process:
   - targets: first_missing_positive.py
   - tests: ts-3-5/test_3-5_0-4_138.py
[*] 7 tests passed:
   - test_3-5_0-4_138 [0.11267 s]
[*] Start mutants generation and execution:
   - [#   1] AOR first_missing_positive: 
--------------------------------------------------------------------------------
  24:         The first integer greater than 0 that is not 
  25:         present in the input list.
  26:     """
  27:     start = 0
- 28:     end = len(nums) - 1
+ 28:     end = len(nums) + 1
  29:     while start <= end:
  30:         i = nums[start] - 1
  31:         
  32:         if i == start:
--------------------------------------------------------------------------------
[0.13678 s] killed by ts-3-5/test_3-5_0-4_138.py::test_first_missing_positive_empty_list

def test_first_missing_positive_empty_list():
        nums = []
>       assert first_missing_positive(nums) == 1

ts-3-5/test_3-5_0-4_138.py:13: 
_ _ _ _ _ _ _ _ _ _ _ _ _ _ _ _ _ _ _ _ _ _ _ _ _ _ _ _ _ _ _ _ _ _ _ _ _ _ _ _ 

nums = []

>   ???
E   IndexError: list index out of range

first_missing_positive:30: IndexError
   - [#   2] AOR first_missing_positive: 
--------------------------------------------------------------------------------
  26:     """
  27:     start = 0
  28:     end = len(nums) - 1
  29:     while start <= end:
- 30:         i = nums[start] - 1
+ 30:         i = nums[start] + 1
  31:         
  32:         if i == start:
  33:             start += 1
  34:         
--------------------------------------------------------------------------------
[0.13731 s] killed by ts-3-5/test_3-5_0-4_138.py::test_first_missing_positive_single_element

def test_first_missing_positive_single_element():
        nums = [1]
>       assert first_missing_positive(nums) == 2
E       AssertionError

ts-3-5/test_3-5_0-4_138.py:17: AssertionError
   - [#   3] AOR first_missing_positive: 
--------------------------------------------------------------------------------
  40:         else:
  41:             
  42:             (nums[start], nums[i]) = (nums[i], nums[start])
  43:     
- 44:     return start + 1
+ 44:     return start - 1
--------------------------------------------------------------------------------
[0.13552 s] killed by ts-3-5/test_3-5_0-4_138.py::test_first_missing_positive_empty_list

def test_first_missing_positive_empty_list():
        nums = []
>       assert first_missing_positive(nums) == 1
E       AssertionError

ts-3-5/test_3-5_0-4_138.py:13: AssertionError
   - [#   4] ASR first_missing_positive: 
--------------------------------------------------------------------------------
  29:     while start <= end:
  30:         i = nums[start] - 1
  31:         
  32:         if i == start:
- 33:             start += 1
+ 33:             start -= 1
  34:         
  35:         
  36:         
  37:         elif (i < 0 or i > end or nums[start] == nums[i]):
--------------------------------------------------------------------------------
[0.13894 s] killed by ts-3-5/test_3-5_0-4_138.py::test_first_missing_positive_single_element

def test_first_missing_positive_single_element():
        nums = [1]
>       assert first_missing_positive(nums) == 2
E       AssertionError

ts-3-5/test_3-5_0-4_138.py:17: AssertionError
   - [#   5] ASR first_missing_positive: 
--------------------------------------------------------------------------------
  35:         
  36:         
  37:         elif (i < 0 or i > end or nums[start] == nums[i]):
  38:             nums[start] = nums[end]
- 39:             end -= 1
+ 39:             end += 1
  40:         else:
  41:             
  42:             (nums[start], nums[i]) = (nums[i], nums[start])
  43:     
--------------------------------------------------------------------------------
[0.13346 s] killed by ts-3-5/test_3-5_0-4_138.py::test_first_missing_positive_all_negative

def test_first_missing_positive_all_negative():
        nums = [-1, -5, -3]
>       assert first_missing_positive(nums) == 1

ts-3-5/test_3-5_0-4_138.py:21: 
_ _ _ _ _ _ _ _ _ _ _ _ _ _ _ _ _ _ _ _ _ _ _ _ _ _ _ _ _ _ _ _ _ _ _ _ _ _ _ _ 

nums = [-3, -5, -3]

>   ???
E   IndexError: list index out of range

first_missing_positive:38: IndexError
   - [#   6] COI first_missing_positive: 
--------------------------------------------------------------------------------
  25:         present in the input list.
  26:     """
  27:     start = 0
  28:     end = len(nums) - 1
- 29:     while start <= end:
+ 29:     while not (start <= end):
  30:         i = nums[start] - 1
  31:         
  32:         if i == start:
  33:             start += 1
--------------------------------------------------------------------------------
[0.13734 s] killed by ts-3-5/test_3-5_0-4_138.py::test_first_missing_positive_empty_list

def test_first_missing_positive_empty_list():
        nums = []
>       assert first_missing_positive(nums) == 1

ts-3-5/test_3-5_0-4_138.py:13: 
_ _ _ _ _ _ _ _ _ _ _ _ _ _ _ _ _ _ _ _ _ _ _ _ _ _ _ _ _ _ _ _ _ _ _ _ _ _ _ _ 

nums = []

>   ???
E   IndexError: list index out of range

first_missing_positive:30: IndexError
   - [#   7] COI first_missing_positive: 
--------------------------------------------------------------------------------
  28:     end = len(nums) - 1
  29:     while start <= end:
  30:         i = nums[start] - 1
  31:         
- 32:         if i == start:
+ 32:         if not (i == start):
  33:             start += 1
  34:         
  35:         
  36:         
--------------------------------------------------------------------------------
[0.13408 s] killed by ts-3-5/test_3-5_0-4_138.py::test_first_missing_positive_single_element

def test_first_missing_positive_single_element():
        nums = [1]
>       assert first_missing_positive(nums) == 2
E       AssertionError

ts-3-5/test_3-5_0-4_138.py:17: AssertionError
   - [#   8] COI first_missing_positive: 
--------------------------------------------------------------------------------
  33:             start += 1
  34:         
  35:         
  36:         
- 37:         elif (i < 0 or i > end or nums[start] == nums[i]):
+ 37:         elif not ((i < 0 or i > end or nums[start] == nums[i])):
  38:             nums[start] = nums[end]
  39:             end -= 1
  40:         else:
  41:             
--------------------------------------------------------------------------------
[0.13470 s] killed by ts-3-5/test_3-5_0-4_138.py::test_first_missing_positive_all_negative

def test_first_missing_positive_all_negative():
        nums = [-1, -5, -3]
>       assert first_missing_positive(nums) == 1

ts-3-5/test_3-5_0-4_138.py:21: 
_ _ _ _ _ _ _ _ _ _ _ _ _ _ _ _ _ _ _ _ _ _ _ _ _ _ _ _ _ _ _ _ _ _ _ _ _ _ _ _ 

nums = [-5, -1, -3]

>   ???
E   IndexError: list index out of range

first_missing_positive:42: IndexError
   - [#   9] LCR first_missing_positive: 
--------------------------------------------------------------------------------
  33:             start += 1
  34:         
  35:         
  36:         
- 37:         elif (i < 0 or i > end or nums[start] == nums[i]):
+ 37:         elif (i < 0 and i > end and nums[start] == nums[i]):
  38:             nums[start] = nums[end]
  39:             end -= 1
  40:         else:
  41:             
--------------------------------------------------------------------------------
[0.13361 s] killed by ts-3-5/test_3-5_0-4_138.py::test_first_missing_positive_all_negative

def test_first_missing_positive_all_negative():
        nums = [-1, -5, -3]
>       assert first_missing_positive(nums) == 1

ts-3-5/test_3-5_0-4_138.py:21: 
_ _ _ _ _ _ _ _ _ _ _ _ _ _ _ _ _ _ _ _ _ _ _ _ _ _ _ _ _ _ _ _ _ _ _ _ _ _ _ _ 

nums = [-5, -1, -3]

>   ???
E   IndexError: list index out of range

first_missing_positive:42: IndexError
   - [#  10] OIL first_missing_positive: 
--------------------------------------------------------------------------------
  38:             nums[start] = nums[end]
  39:             end -= 1
  40:         else:
  41:             
- 42:             (nums[start], nums[i]) = (nums[i], nums[start])
+ 42:             (nums[start], nums[i]) = (nums[i], nums[start])break
  43:     
  44:     return start + 1
--------------------------------------------------------------------------------
[0.13493 s] killed by ts-3-5/test_3-5_0-4_138.py::test_first_missing_positive_sorted

def test_first_missing_positive_sorted():
        nums = [1, 2, 3, 4, 5]
>       assert first_missing_positive(nums) == 6
E       AssertionError

ts-3-5/test_3-5_0-4_138.py:29: AssertionError
   - [#  11] ROR first_missing_positive: 
--------------------------------------------------------------------------------
  25:         present in the input list.
  26:     """
  27:     start = 0
  28:     end = len(nums) - 1
- 29:     while start <= end:
+ 29:     while start >= end:
  30:         i = nums[start] - 1
  31:         
  32:         if i == start:
  33:             start += 1
--------------------------------------------------------------------------------
[0.13358 s] killed by ts-3-5/test_3-5_0-4_138.py::test_first_missing_positive_empty_list

def test_first_missing_positive_empty_list():
        nums = []
>       assert first_missing_positive(nums) == 1

ts-3-5/test_3-5_0-4_138.py:13: 
_ _ _ _ _ _ _ _ _ _ _ _ _ _ _ _ _ _ _ _ _ _ _ _ _ _ _ _ _ _ _ _ _ _ _ _ _ _ _ _ 

nums = []

>   ???
E   IndexError: list index out of range

first_missing_positive:30: IndexError
   - [#  12] ROR first_missing_positive: 
--------------------------------------------------------------------------------
  25:         present in the input list.
  26:     """
  27:     start = 0
  28:     end = len(nums) - 1
- 29:     while start <= end:
+ 29:     while start < end:
  30:         i = nums[start] - 1
  31:         
  32:         if i == start:
  33:             start += 1
--------------------------------------------------------------------------------
[0.14047 s] killed by ts-3-5/test_3-5_0-4_138.py::test_first_missing_positive_single_element

def test_first_missing_positive_single_element():
        nums = [1]
>       assert first_missing_positive(nums) == 2
E       AssertionError

ts-3-5/test_3-5_0-4_138.py:17: AssertionError
   - [#  13] ROR first_missing_positive: 
--------------------------------------------------------------------------------
  28:     end = len(nums) - 1
  29:     while start <= end:
  30:         i = nums[start] - 1
  31:         
- 32:         if i == start:
+ 32:         if i != start:
  33:             start += 1
  34:         
  35:         
  36:         
--------------------------------------------------------------------------------
[0.13471 s] killed by ts-3-5/test_3-5_0-4_138.py::test_first_missing_positive_single_element

def test_first_missing_positive_single_element():
        nums = [1]
>       assert first_missing_positive(nums) == 2
E       AssertionError

ts-3-5/test_3-5_0-4_138.py:17: AssertionError
   - [#  14] ROR first_missing_positive: 
--------------------------------------------------------------------------------
  33:             start += 1
  34:         
  35:         
  36:         
- 37:         elif (i < 0 or i > end or nums[start] == nums[i]):
+ 37:         elif (i > 0 or i > end or nums[start] == nums[i]):
  38:             nums[start] = nums[end]
  39:             end -= 1
  40:         else:
  41:             
--------------------------------------------------------------------------------
[0.13536 s] killed by ts-3-5/test_3-5_0-4_138.py::test_first_missing_positive_all_negative

def test_first_missing_positive_all_negative():
        nums = [-1, -5, -3]
>       assert first_missing_positive(nums) == 1

ts-3-5/test_3-5_0-4_138.py:21: 
_ _ _ _ _ _ _ _ _ _ _ _ _ _ _ _ _ _ _ _ _ _ _ _ _ _ _ _ _ _ _ _ _ _ _ _ _ _ _ _ 

nums = [-5, -1, -3]

>   ???
E   IndexError: list index out of range

first_missing_positive:37: IndexError
   - [#  15] ROR first_missing_positive: 
--------------------------------------------------------------------------------
  33:             start += 1
  34:         
  35:         
  36:         
- 37:         elif (i < 0 or i > end or nums[start] == nums[i]):
+ 37:         elif (i <= 0 or i > end or nums[start] == nums[i]):
  38:             nums[start] = nums[end]
  39:             end -= 1
  40:         else:
  41:             
--------------------------------------------------------------------------------
[0.11170 s] survived
   - [#  16] ROR first_missing_positive: 
--------------------------------------------------------------------------------
  33:             start += 1
  34:         
  35:         
  36:         
- 37:         elif (i < 0 or i > end or nums[start] == nums[i]):
+ 37:         elif (i < 0 or i < end or nums[start] == nums[i]):
  38:             nums[start] = nums[end]
  39:             end -= 1
  40:         else:
  41:             
--------------------------------------------------------------------------------
[0.13242 s] killed by ts-3-5/test_3-5_0-4_138.py::test_first_missing_positive_large_values

def test_first_missing_positive_large_values():
        nums = [1000, 1001, 1002, 1004]
>       assert first_missing_positive(nums) == 1

ts-3-5/test_3-5_0-4_138.py:37: 
_ _ _ _ _ _ _ _ _ _ _ _ _ _ _ _ _ _ _ _ _ _ _ _ _ _ _ _ _ _ _ _ _ _ _ _ _ _ _ _ 

nums = [1000, 1001, 1002, 1004]

>   ???
E   IndexError: list index out of range

first_missing_positive:37: IndexError
   - [#  17] ROR first_missing_positive: 
--------------------------------------------------------------------------------
  33:             start += 1
  34:         
  35:         
  36:         
- 37:         elif (i < 0 or i > end or nums[start] == nums[i]):
+ 37:         elif (i < 0 or i >= end or nums[start] == nums[i]):
  38:             nums[start] = nums[end]
  39:             end -= 1
  40:         else:
  41:             
--------------------------------------------------------------------------------
[0.11110 s] survived
   - [#  18] ROR first_missing_positive: 
--------------------------------------------------------------------------------
  33:             start += 1
  34:         
  35:         
  36:         
- 37:         elif (i < 0 or i > end or nums[start] == nums[i]):
+ 37:         elif (i < 0 or i > end or nums[start] != nums[i]):
  38:             nums[start] = nums[end]
  39:             end -= 1
  40:         else:
  41:             
--------------------------------------------------------------------------------
[5.00622 s] timeout
   - [#  19] SDL first_missing_positive: 
--------------------------------------------------------------------------------
  23:     Returns:
  24:         The first integer greater than 0 that is not 
  25:         present in the input list.
  26:     """
- 27:     start = 0
+ 27:     pass
  28:     end = len(nums) - 1
  29:     while start <= end:
  30:         i = nums[start] - 1
  31:         
--------------------------------------------------------------------------------
[0.11853 s] killed by ts-3-5/test_3-5_0-4_138.py::test_first_missing_positive_empty_list

def test_first_missing_positive_empty_list():
        nums = []
>       assert first_missing_positive(nums) == 1

ts-3-5/test_3-5_0-4_138.py:13: 
_ _ _ _ _ _ _ _ _ _ _ _ _ _ _ _ _ _ _ _ _ _ _ _ _ _ _ _ _ _ _ _ _ _ _ _ _ _ _ _ 

nums = []

>   ???
E   UnboundLocalError: local variable 'start' referenced before assignment

first_missing_positive:29: UnboundLocalError
   - [#  20] SDL first_missing_positive: 
--------------------------------------------------------------------------------
  24:         The first integer greater than 0 that is not 
  25:         present in the input list.
  26:     """
  27:     start = 0
- 28:     end = len(nums) - 1
+ 28:     pass
  29:     while start <= end:
  30:         i = nums[start] - 1
  31:         
  32:         if i == start:
--------------------------------------------------------------------------------
[0.12703 s] killed by ts-3-5/test_3-5_0-4_138.py::test_first_missing_positive_empty_list

def test_first_missing_positive_empty_list():
        nums = []
>       assert first_missing_positive(nums) == 1

ts-3-5/test_3-5_0-4_138.py:13: 
_ _ _ _ _ _ _ _ _ _ _ _ _ _ _ _ _ _ _ _ _ _ _ _ _ _ _ _ _ _ _ _ _ _ _ _ _ _ _ _ 

nums = []

>   ???
E   UnboundLocalError: local variable 'end' referenced before assignment

first_missing_positive:29: UnboundLocalError
   - [#  21] SDL first_missing_positive: 
--------------------------------------------------------------------------------
  26:     """
  27:     start = 0
  28:     end = len(nums) - 1
  29:     while start <= end:
- 30:         i = nums[start] - 1
+ 30:         pass
  31:         
  32:         if i == start:
  33:             start += 1
  34:         
--------------------------------------------------------------------------------
[0.13253 s] killed by ts-3-5/test_3-5_0-4_138.py::test_first_missing_positive_single_element

def test_first_missing_positive_single_element():
        nums = [1]
>       assert first_missing_positive(nums) == 2

ts-3-5/test_3-5_0-4_138.py:17: 
_ _ _ _ _ _ _ _ _ _ _ _ _ _ _ _ _ _ _ _ _ _ _ _ _ _ _ _ _ _ _ _ _ _ _ _ _ _ _ _ 

nums = [1]

>   ???
E   NameError: name 'i' is not defined

first_missing_positive:32: NameError
   - [#  22] SDL first_missing_positive: 
--------------------------------------------------------------------------------
  34:         
  35:         
  36:         
  37:         elif (i < 0 or i > end or nums[start] == nums[i]):
- 38:             nums[start] = nums[end]
+ 38:             pass
  39:             end -= 1
  40:         else:
  41:             
  42:             (nums[start], nums[i]) = (nums[i], nums[start])
--------------------------------------------------------------------------------
[0.13982 s] killed by ts-3-5/test_3-5_0-4_138.py::test_first_missing_positive_unsorted

def test_first_missing_positive_unsorted():
        nums = [3, 4, -1, 1]
>       assert first_missing_positive(nums) == 2
E       AssertionError

ts-3-5/test_3-5_0-4_138.py:33: AssertionError
   - [#  23] SDL first_missing_positive: 
--------------------------------------------------------------------------------
  38:             nums[start] = nums[end]
  39:             end -= 1
  40:         else:
  41:             
- 42:             (nums[start], nums[i]) = (nums[i], nums[start])
+ 42:             pass
  43:     
  44:     return start + 1
--------------------------------------------------------------------------------
[5.00591 s] timeout
   - [#  24] SDL first_missing_positive: 
--------------------------------------------------------------------------------
  40:         else:
  41:             
  42:             (nums[start], nums[i]) = (nums[i], nums[start])
  43:     
- 44:     return start + 1
+ 44:     pass
--------------------------------------------------------------------------------
[0.11903 s] killed by ts-3-5/test_3-5_0-4_138.py::test_first_missing_positive_empty_list

def test_first_missing_positive_empty_list():
        nums = []
>       assert first_missing_positive(nums) == 1
E       AssertionError

ts-3-5/test_3-5_0-4_138.py:13: AssertionError
   - [#  25] ZIL first_missing_positive: 
--------------------------------------------------------------------------------
  26:     """
  27:     start = 0
  28:     end = len(nums) - 1
  29:     while start <= end:
- 30:         i = nums[start] - 1
- 31:         
- 32:         if i == start:
- 33:             start += 1
- 34:         
- 35:         
- 36:         
- 37:         elif (i < 0 or i > end or nums[start] == nums[i]):
- 38:             nums[start] = nums[end]
- 39:             end -= 1
- 40:         else:
- 41:             
- 42:             (nums[start], nums[i]) = (nums[i], nums[start])
+ 30:         break
+ 31:     
+ 32:     
+ 33:     
+ 34:     
+ 35:     
+ 36:     
+ 37:     
+ 38:     
+ 39:     
+ 40:     
+ 41:     
+ 42:     
  43:     
  44:     return start + 1
--------------------------------------------------------------------------------
[0.15529 s] killed by ts-3-5/test_3-5_0-4_138.py::test_first_missing_positive_single_element

def test_first_missing_positive_single_element():
        nums = [1]
>       assert first_missing_positive(nums) == 2
E       AssertionError

ts-3-5/test_3-5_0-4_138.py:17: AssertionError
[*] Mutation score [13.60113 s]: 92.0%
   - all: 25
   - killed: 21 (84.0%)
   - survived: 2 (8.0%)
   - incompetent: 0 (0.0%)
   - timeout: 2 (8.0%)
