[*] Start mutation process:
   - targets: first_missing_positive.py
   - tests: ts-3-5/test_3-5_0-0_2.py
[*] 6 tests passed:
   - test_3-5_0-0_2 [0.11630 s]
[*] Start mutants generation and execution:
   - [#   1] AOR first_missing_positive: 
--------------------------------------------------------------------------------
  24:         The first integer greater than 0 that is not 
  25:         present in the input list.
  26:     """
  27:     start = 0
- 28:     end = len(nums) - 1
+ 28:     end = len(nums) + 1
  29:     while start <= end:
  30:         i = nums[start] - 1
  31:         
  32:         if i == start:
--------------------------------------------------------------------------------
[0.14410 s] killed by ts-3-5/test_3-5_0-0_2.py::test_first_missing_positive_sorted_input

def test_first_missing_positive_sorted_input():
        nums = [1, 2, 3, 4, 5]
>       assert first_missing_positive(nums) == 6

ts-3-5/test_3-5_0-0_2.py:13: 
_ _ _ _ _ _ _ _ _ _ _ _ _ _ _ _ _ _ _ _ _ _ _ _ _ _ _ _ _ _ _ _ _ _ _ _ _ _ _ _ 

nums = [1, 2, 3, 4, 5]

>   ???
E   IndexError: list index out of range

first_missing_positive:30: IndexError
   - [#   2] AOR first_missing_positive: 
--------------------------------------------------------------------------------
  26:     """
  27:     start = 0
  28:     end = len(nums) - 1
  29:     while start <= end:
- 30:         i = nums[start] - 1
+ 30:         i = nums[start] + 1
  31:         
  32:         if i == start:
  33:             start += 1
  34:         
--------------------------------------------------------------------------------
[0.14195 s] killed by ts-3-5/test_3-5_0-0_2.py::test_first_missing_positive_sorted_input

def test_first_missing_positive_sorted_input():
        nums = [1, 2, 3, 4, 5]
>       assert first_missing_positive(nums) == 6
E       AssertionError

ts-3-5/test_3-5_0-0_2.py:13: AssertionError
   - [#   3] AOR first_missing_positive: 
--------------------------------------------------------------------------------
  40:         else:
  41:             
  42:             (nums[start], nums[i]) = (nums[i], nums[start])
  43:     
- 44:     return start + 1
+ 44:     return start - 1
--------------------------------------------------------------------------------
[0.14115 s] killed by ts-3-5/test_3-5_0-0_2.py::test_first_missing_positive_sorted_input

def test_first_missing_positive_sorted_input():
        nums = [1, 2, 3, 4, 5]
>       assert first_missing_positive(nums) == 6
E       AssertionError

ts-3-5/test_3-5_0-0_2.py:13: AssertionError
   - [#   4] ASR first_missing_positive: 
--------------------------------------------------------------------------------
  29:     while start <= end:
  30:         i = nums[start] - 1
  31:         
  32:         if i == start:
- 33:             start += 1
+ 33:             start -= 1
  34:         
  35:         
  36:         
  37:         elif (i < 0 or i > end or nums[start] == nums[i]):
--------------------------------------------------------------------------------
[0.14598 s] killed by ts-3-5/test_3-5_0-0_2.py::test_first_missing_positive_sorted_input

def test_first_missing_positive_sorted_input():
        nums = [1, 2, 3, 4, 5]
>       assert first_missing_positive(nums) == 6
E       AssertionError

ts-3-5/test_3-5_0-0_2.py:13: AssertionError
   - [#   5] ASR first_missing_positive: 
--------------------------------------------------------------------------------
  35:         
  36:         
  37:         elif (i < 0 or i > end or nums[start] == nums[i]):
  38:             nums[start] = nums[end]
- 39:             end -= 1
+ 39:             end += 1
  40:         else:
  41:             
  42:             (nums[start], nums[i]) = (nums[i], nums[start])
  43:     
--------------------------------------------------------------------------------
[0.13142 s] killed by ts-3-5/test_3-5_0-0_2.py::test_first_missing_positive_unsorted_input

def test_first_missing_positive_unsorted_input():
        nums = [3, 4, -1, 1]
>       assert first_missing_positive(nums) == 2

ts-3-5/test_3-5_0-0_2.py:17: 
_ _ _ _ _ _ _ _ _ _ _ _ _ _ _ _ _ _ _ _ _ _ _ _ _ _ _ _ _ _ _ _ _ _ _ _ _ _ _ _ 

nums = [1, 1, 3, 4]

>   ???
E   IndexError: list index out of range

first_missing_positive:38: IndexError
   - [#   6] COI first_missing_positive: 
--------------------------------------------------------------------------------
  25:         present in the input list.
  26:     """
  27:     start = 0
  28:     end = len(nums) - 1
- 29:     while start <= end:
+ 29:     while not (start <= end):
  30:         i = nums[start] - 1
  31:         
  32:         if i == start:
  33:             start += 1
--------------------------------------------------------------------------------
[0.12991 s] killed by ts-3-5/test_3-5_0-0_2.py::test_first_missing_positive_sorted_input

def test_first_missing_positive_sorted_input():
        nums = [1, 2, 3, 4, 5]
>       assert first_missing_positive(nums) == 6
E       AssertionError

ts-3-5/test_3-5_0-0_2.py:13: AssertionError
   - [#   7] COI first_missing_positive: 
--------------------------------------------------------------------------------
  28:     end = len(nums) - 1
  29:     while start <= end:
  30:         i = nums[start] - 1
  31:         
- 32:         if i == start:
+ 32:         if not (i == start):
  33:             start += 1
  34:         
  35:         
  36:         
--------------------------------------------------------------------------------
[0.13350 s] killed by ts-3-5/test_3-5_0-0_2.py::test_first_missing_positive_sorted_input

def test_first_missing_positive_sorted_input():
        nums = [1, 2, 3, 4, 5]
>       assert first_missing_positive(nums) == 6
E       AssertionError

ts-3-5/test_3-5_0-0_2.py:13: AssertionError
   - [#   8] COI first_missing_positive: 
--------------------------------------------------------------------------------
  33:             start += 1
  34:         
  35:         
  36:         
- 37:         elif (i < 0 or i > end or nums[start] == nums[i]):
+ 37:         elif not ((i < 0 or i > end or nums[start] == nums[i])):
  38:             nums[start] = nums[end]
  39:             end -= 1
  40:         else:
  41:             
--------------------------------------------------------------------------------
[5.00670 s] timeout
   - [#   9] LCR first_missing_positive: 
--------------------------------------------------------------------------------
  33:             start += 1
  34:         
  35:         
  36:         
- 37:         elif (i < 0 or i > end or nums[start] == nums[i]):
+ 37:         elif (i < 0 and i > end and nums[start] == nums[i]):
  38:             nums[start] = nums[end]
  39:             end -= 1
  40:         else:
  41:             
--------------------------------------------------------------------------------
[5.00652 s] timeout
   - [#  10] OIL first_missing_positive: 
--------------------------------------------------------------------------------
  38:             nums[start] = nums[end]
  39:             end -= 1
  40:         else:
  41:             
- 42:             (nums[start], nums[i]) = (nums[i], nums[start])
+ 42:             (nums[start], nums[i]) = (nums[i], nums[start])break
  43:     
  44:     return start + 1
--------------------------------------------------------------------------------
[0.12639 s] killed by ts-3-5/test_3-5_0-0_2.py::test_first_missing_positive_sorted_input

def test_first_missing_positive_sorted_input():
        nums = [1, 2, 3, 4, 5]
>       assert first_missing_positive(nums) == 6
E       AssertionError

ts-3-5/test_3-5_0-0_2.py:13: AssertionError
   - [#  11] ROR first_missing_positive: 
--------------------------------------------------------------------------------
  25:         present in the input list.
  26:     """
  27:     start = 0
  28:     end = len(nums) - 1
- 29:     while start <= end:
+ 29:     while start >= end:
  30:         i = nums[start] - 1
  31:         
  32:         if i == start:
  33:             start += 1
--------------------------------------------------------------------------------
[0.12815 s] killed by ts-3-5/test_3-5_0-0_2.py::test_first_missing_positive_sorted_input

def test_first_missing_positive_sorted_input():
        nums = [1, 2, 3, 4, 5]
>       assert first_missing_positive(nums) == 6
E       AssertionError

ts-3-5/test_3-5_0-0_2.py:13: AssertionError
   - [#  12] ROR first_missing_positive: 
--------------------------------------------------------------------------------
  25:         present in the input list.
  26:     """
  27:     start = 0
  28:     end = len(nums) - 1
- 29:     while start <= end:
+ 29:     while start < end:
  30:         i = nums[start] - 1
  31:         
  32:         if i == start:
  33:             start += 1
--------------------------------------------------------------------------------
[0.12923 s] killed by ts-3-5/test_3-5_0-0_2.py::test_first_missing_positive_sorted_input

def test_first_missing_positive_sorted_input():
        nums = [1, 2, 3, 4, 5]
>       assert first_missing_positive(nums) == 6
E       AssertionError

ts-3-5/test_3-5_0-0_2.py:13: AssertionError
   - [#  13] ROR first_missing_positive: 
--------------------------------------------------------------------------------
  28:     end = len(nums) - 1
  29:     while start <= end:
  30:         i = nums[start] - 1
  31:         
- 32:         if i == start:
+ 32:         if i != start:
  33:             start += 1
  34:         
  35:         
  36:         
--------------------------------------------------------------------------------
[0.12988 s] killed by ts-3-5/test_3-5_0-0_2.py::test_first_missing_positive_sorted_input

def test_first_missing_positive_sorted_input():
        nums = [1, 2, 3, 4, 5]
>       assert first_missing_positive(nums) == 6
E       AssertionError

ts-3-5/test_3-5_0-0_2.py:13: AssertionError
   - [#  14] ROR first_missing_positive: 
--------------------------------------------------------------------------------
  33:             start += 1
  34:         
  35:         
  36:         
- 37:         elif (i < 0 or i > end or nums[start] == nums[i]):
+ 37:         elif (i > 0 or i > end or nums[start] == nums[i]):
  38:             nums[start] = nums[end]
  39:             end -= 1
  40:         else:
  41:             
--------------------------------------------------------------------------------
[0.13024 s] killed by ts-3-5/test_3-5_0-0_2.py::test_first_missing_positive_duplicates

def test_first_missing_positive_duplicates():
        nums = [1, 1, 2, 2, 3, 3]
>       assert first_missing_positive(nums) == 4
E       AssertionError

ts-3-5/test_3-5_0-0_2.py:21: AssertionError
   - [#  15] ROR first_missing_positive: 
--------------------------------------------------------------------------------
  33:             start += 1
  34:         
  35:         
  36:         
- 37:         elif (i < 0 or i > end or nums[start] == nums[i]):
+ 37:         elif (i <= 0 or i > end or nums[start] == nums[i]):
  38:             nums[start] = nums[end]
  39:             end -= 1
  40:         else:
  41:             
--------------------------------------------------------------------------------
[0.10693 s] survived
   - [#  16] ROR first_missing_positive: 
--------------------------------------------------------------------------------
  33:             start += 1
  34:         
  35:         
  36:         
- 37:         elif (i < 0 or i > end or nums[start] == nums[i]):
+ 37:         elif (i < 0 or i < end or nums[start] == nums[i]):
  38:             nums[start] = nums[end]
  39:             end -= 1
  40:         else:
  41:             
--------------------------------------------------------------------------------
[0.13081 s] killed by ts-3-5/test_3-5_0-0_2.py::test_first_missing_positive_duplicates

def test_first_missing_positive_duplicates():
        nums = [1, 1, 2, 2, 3, 3]
>       assert first_missing_positive(nums) == 4
E       AssertionError

ts-3-5/test_3-5_0-0_2.py:21: AssertionError
   - [#  17] ROR first_missing_positive: 
--------------------------------------------------------------------------------
  33:             start += 1
  34:         
  35:         
  36:         
- 37:         elif (i < 0 or i > end or nums[start] == nums[i]):
+ 37:         elif (i < 0 or i >= end or nums[start] == nums[i]):
  38:             nums[start] = nums[end]
  39:             end -= 1
  40:         else:
  41:             
--------------------------------------------------------------------------------
[0.10845 s] survived
   - [#  18] ROR first_missing_positive: 
--------------------------------------------------------------------------------
  33:             start += 1
  34:         
  35:         
  36:         
- 37:         elif (i < 0 or i > end or nums[start] == nums[i]):
+ 37:         elif (i < 0 or i > end or nums[start] != nums[i]):
  38:             nums[start] = nums[end]
  39:             end -= 1
  40:         else:
  41:             
--------------------------------------------------------------------------------
[5.00625 s] timeout
   - [#  19] SDL first_missing_positive: 
--------------------------------------------------------------------------------
  23:     Returns:
  24:         The first integer greater than 0 that is not 
  25:         present in the input list.
  26:     """
- 27:     start = 0
+ 27:     pass
  28:     end = len(nums) - 1
  29:     while start <= end:
  30:         i = nums[start] - 1
  31:         
--------------------------------------------------------------------------------
[0.14333 s] killed by ts-3-5/test_3-5_0-0_2.py::test_first_missing_positive_sorted_input

def test_first_missing_positive_sorted_input():
        nums = [1, 2, 3, 4, 5]
>       assert first_missing_positive(nums) == 6

ts-3-5/test_3-5_0-0_2.py:13: 
_ _ _ _ _ _ _ _ _ _ _ _ _ _ _ _ _ _ _ _ _ _ _ _ _ _ _ _ _ _ _ _ _ _ _ _ _ _ _ _ 

nums = [1, 2, 3, 4, 5]

>   ???
E   UnboundLocalError: local variable 'start' referenced before assignment

first_missing_positive:29: UnboundLocalError
   - [#  20] SDL first_missing_positive: 
--------------------------------------------------------------------------------
  24:         The first integer greater than 0 that is not 
  25:         present in the input list.
  26:     """
  27:     start = 0
- 28:     end = len(nums) - 1
+ 28:     pass
  29:     while start <= end:
  30:         i = nums[start] - 1
  31:         
  32:         if i == start:
--------------------------------------------------------------------------------
[0.12857 s] killed by ts-3-5/test_3-5_0-0_2.py::test_first_missing_positive_sorted_input

def test_first_missing_positive_sorted_input():
        nums = [1, 2, 3, 4, 5]
>       assert first_missing_positive(nums) == 6

ts-3-5/test_3-5_0-0_2.py:13: 
_ _ _ _ _ _ _ _ _ _ _ _ _ _ _ _ _ _ _ _ _ _ _ _ _ _ _ _ _ _ _ _ _ _ _ _ _ _ _ _ 

nums = [1, 2, 3, 4, 5]

>   ???
E   UnboundLocalError: local variable 'end' referenced before assignment

first_missing_positive:29: UnboundLocalError
   - [#  21] SDL first_missing_positive: 
--------------------------------------------------------------------------------
  26:     """
  27:     start = 0
  28:     end = len(nums) - 1
  29:     while start <= end:
- 30:         i = nums[start] - 1
+ 30:         pass
  31:         
  32:         if i == start:
  33:             start += 1
  34:         
--------------------------------------------------------------------------------
[0.12952 s] killed by ts-3-5/test_3-5_0-0_2.py::test_first_missing_positive_sorted_input

def test_first_missing_positive_sorted_input():
        nums = [1, 2, 3, 4, 5]
>       assert first_missing_positive(nums) == 6

ts-3-5/test_3-5_0-0_2.py:13: 
_ _ _ _ _ _ _ _ _ _ _ _ _ _ _ _ _ _ _ _ _ _ _ _ _ _ _ _ _ _ _ _ _ _ _ _ _ _ _ _ 

nums = [1, 2, 3, 4, 5]

>   ???
E   NameError: name 'i' is not defined

first_missing_positive:32: NameError
   - [#  22] SDL first_missing_positive: 
--------------------------------------------------------------------------------
  34:         
  35:         
  36:         
  37:         elif (i < 0 or i > end or nums[start] == nums[i]):
- 38:             nums[start] = nums[end]
+ 38:             pass
  39:             end -= 1
  40:         else:
  41:             
  42:             (nums[start], nums[i]) = (nums[i], nums[start])
--------------------------------------------------------------------------------
[0.13173 s] killed by ts-3-5/test_3-5_0-0_2.py::test_first_missing_positive_unsorted_input

def test_first_missing_positive_unsorted_input():
        nums = [3, 4, -1, 1]
>       assert first_missing_positive(nums) == 2
E       AssertionError

ts-3-5/test_3-5_0-0_2.py:17: AssertionError
   - [#  23] SDL first_missing_positive: 
--------------------------------------------------------------------------------
  38:             nums[start] = nums[end]
  39:             end -= 1
  40:         else:
  41:             
- 42:             (nums[start], nums[i]) = (nums[i], nums[start])
+ 42:             pass
  43:     
  44:     return start + 1
--------------------------------------------------------------------------------
[5.00667 s] timeout
   - [#  24] SDL first_missing_positive: 
--------------------------------------------------------------------------------
  40:         else:
  41:             
  42:             (nums[start], nums[i]) = (nums[i], nums[start])
  43:     
- 44:     return start + 1
+ 44:     pass
--------------------------------------------------------------------------------
[0.12667 s] killed by ts-3-5/test_3-5_0-0_2.py::test_first_missing_positive_sorted_input

def test_first_missing_positive_sorted_input():
        nums = [1, 2, 3, 4, 5]
>       assert first_missing_positive(nums) == 6
E       AssertionError

ts-3-5/test_3-5_0-0_2.py:13: AssertionError
   - [#  25] ZIL first_missing_positive: 
--------------------------------------------------------------------------------
  26:     """
  27:     start = 0
  28:     end = len(nums) - 1
  29:     while start <= end:
- 30:         i = nums[start] - 1
- 31:         
- 32:         if i == start:
- 33:             start += 1
- 34:         
- 35:         
- 36:         
- 37:         elif (i < 0 or i > end or nums[start] == nums[i]):
- 38:             nums[start] = nums[end]
- 39:             end -= 1
- 40:         else:
- 41:             
- 42:             (nums[start], nums[i]) = (nums[i], nums[start])
+ 30:         break
+ 31:     
+ 32:     
+ 33:     
+ 34:     
+ 35:     
+ 36:     
+ 37:     
+ 38:     
+ 39:     
+ 40:     
+ 41:     
+ 42:     
  43:     
  44:     return start + 1
--------------------------------------------------------------------------------
[0.12962 s] killed by ts-3-5/test_3-5_0-0_2.py::test_first_missing_positive_sorted_input

def test_first_missing_positive_sorted_input():
        nums = [1, 2, 3, 4, 5]
>       assert first_missing_positive(nums) == 6
E       AssertionError

ts-3-5/test_3-5_0-0_2.py:13: AssertionError
[*] Mutation score [23.31986 s]: 92.0%
   - all: 25
   - killed: 19 (76.0%)
   - survived: 2 (8.0%)
   - incompetent: 0 (0.0%)
   - timeout: 4 (16.0%)
