<!DOCTYPE html><html lang="en"><head><meta charset="utf-8" /><meta name="viewport" content="width=device-width, initial-scale=1, shrink-to-fit=no" /><link rel="stylesheet" href="https://stackpath.bootstrapcdn.com/bootstrap/4.3.1/css/bootstrap.min.css" integrity="sha384-ggOyR0iXCbMQv3Xipma34MD+dH/1fQ784/j6cY/iJTQUOhcWr7x9JvoRxT2MZw1T" crossorigin="anonymous" /><title>Cosmic Ray Report</title></head><body><div class="container"><h1><p class="text-dark">Cosmic Ray Report</p></h1></div><div class="container"><div class="mb-1" id="summary_info___accordion"><div class="card"><a data-toggle="collapse" data-target="#summary_info___collapse_1" aria-expanded="true" aria-controls="summary_info___collapse_1" href="#"><div class="card-header" id="summary_info___heading_1"><button class="btn btn-outline-dark"><h4 class="m-0">Summary info</h4></button></div></a><div aria-labelledby="summary_info___heading_1" data-parent="#summary_info___accordion" class="collapse show" id="summary_info___collapse_1"><div class="card-body"><p>Date time: 01/10/2024 00:57:09</p><p>Total jobs: 69</p><p>Complete: 69 (100.00%)</p><p>Surviving mutants: 2 (2.90%)</p></div></div></div></div><div class="mb-1" id="job_list___accordion"><div class="card"><a data-toggle="collapse" data-target="#job_list___collapse_1" aria-expanded="false" aria-controls="job_list___collapse_1" href="#"><div class="card-header" id="job_list___heading_1"><button class="btn btn-outline-dark"><h4 class="m-0">Job list</h4></button></div></a><div aria-labelledby="job_list___heading_1" data-parent="#job_list___accordion" class="collapse" id="job_list___collapse_1"><div class="card-body"><div class="text-right mb-1"><div class="mx-1" id="job_item_expand_all"><a href="#" onclick="$('div.job_list___sub_multi_collapse').collapse('show');"><button class="btn btn-outline-dark"><span>Expand All</span></button></a></div><div class="mx-1" id="job_item_collapse_all"><a href="#" onclick="$('div.job_list___sub_multi_collapse').collapse('hide');"><button class="btn btn-outline-dark"><span>Collapse All</span></button></a></div></div><div class="mb-1" id="job_list___sub_accordion_1"><div class="card"><a data-toggle="collapse" data-target="#job_list___sub_collapse_1_1" aria-expanded="false" aria-controls="job_list___sub_collapse_1_1" href="#" class="job_list___sub_multi_heading"><div role="alert" class="card-header alert-success" id="job_list___sub_heading_1_1"><button class="btn btn-outline-success"><span class="job_id">1 : Job ID fb32e62db550466480ad3de92920dc55</span></button></div></a><div aria-labelledby="job_list___sub_heading_1_1" data-parent="#job_list___sub_accordion_1" class="collapse job_list___sub_multi_collapse" id="job_list___sub_collapse_1_1"><div class="card-body"><div class="work-item"><div class="alert alert-success test-outcome" role="alert"><p>worker outcome: normal</p><p>test outcome: killed</p></div></div><pre class="location"><a href="pycharm://open?file=fizz_buzz.py&amp;line=9" class="text-secondary"><button class="btn btn-outline-dark">fizz_buzz.py, start pos: (9, 43), end pos: (9, 44)</button></a></pre><pre>operator: core/ReplaceBinaryOperator_Add_Sub, occurrence: 0</pre><div class="alert alert-secondary"><pre class="diff">--- mutation diff ---
--- afizz_buzz.py
+++ bfizz_buzz.py
@@ -6,4 +6,4 @@
     divisible by both, add "FizzBuzz"
 
     """
-    return [("Fizz" if x % 3 == 0 else "") + ("Buzz" if x % 5 == 0 else "") or str(x) for x in range(1,n+1)]
+    return [("Fizz" if x % 3 == 0 else "") - ("Buzz" if x % 5 == 0 else "") or str(x) for x in range(1,n+1)]</pre></div><div class="alert alert-secondary"><pre class="diff">============================= test session starts ==============================
platform linux -- Python 3.10.12, pytest-8.3.3, pluggy-1.5.0
rootdir: /home/teste/python_experiments2/fizz-buzz
collected 2 items

ts-3-5/test_3-5_0-9_289.py FF                                            [100%]

=========================== short test summary info ============================
FAILED ts-3-5/test_3-5_0-9_289.py::test_fizz_buzz - TypeError: unsupported op...
FAILED ts-3-5/test_3-5_0-9_289.py::test_fizz_buzz_edge_cases - TypeError: uns...
============================== 2 failed in 0.07s ===============================
</pre></div></div></div></div></div><div class="mb-1" id="job_list___sub_accordion_2"><div class="card"><a data-toggle="collapse" data-target="#job_list___sub_collapse_2_1" aria-expanded="false" aria-controls="job_list___sub_collapse_2_1" href="#" class="job_list___sub_multi_heading"><div role="alert" class="card-header alert-success" id="job_list___sub_heading_2_1"><button class="btn btn-outline-success"><span class="job_id">2 : Job ID 45e7a7e6db954c72982f03fc265a98df</span></button></div></a><div aria-labelledby="job_list___sub_heading_2_1" data-parent="#job_list___sub_accordion_2" class="collapse job_list___sub_multi_collapse" id="job_list___sub_collapse_2_1"><div class="card-body"><div class="work-item"><div class="alert alert-success test-outcome" role="alert"><p>worker outcome: normal</p><p>test outcome: killed</p></div></div><pre class="location"><a href="pycharm://open?file=fizz_buzz.py&amp;line=9" class="text-secondary"><button class="btn btn-outline-dark">fizz_buzz.py, start pos: (9, 104), end pos: (9, 105)</button></a></pre><pre>operator: core/ReplaceBinaryOperator_Add_Sub, occurrence: 1</pre><div class="alert alert-secondary"><pre class="diff">--- mutation diff ---
--- afizz_buzz.py
+++ bfizz_buzz.py
@@ -6,4 +6,4 @@
     divisible by both, add "FizzBuzz"
 
     """
-    return [("Fizz" if x % 3 == 0 else "") + ("Buzz" if x % 5 == 0 else "") or str(x) for x in range(1,n+1)]
+    return [("Fizz" if x % 3 == 0 else "") + ("Buzz" if x % 5 == 0 else "") or str(x) for x in range(1,n-1)]</pre></div><div class="alert alert-secondary"><pre class="diff">============================= test session starts ==============================
platform linux -- Python 3.10.12, pytest-8.3.3, pluggy-1.5.0
rootdir: /home/teste/python_experiments2/fizz-buzz
collected 2 items

ts-3-5/test_3-5_0-9_289.py FF                                            [100%]

=========================== short test summary info ============================
FAILED ts-3-5/test_3-5_0-9_289.py::test_fizz_buzz - AssertionError: assert []...
FAILED ts-3-5/test_3-5_0-9_289.py::test_fizz_buzz_edge_cases - AssertionError...
============================== 2 failed in 0.07s ===============================
</pre></div></div></div></div></div><div class="mb-1" id="job_list___sub_accordion_3"><div class="card"><a data-toggle="collapse" data-target="#job_list___sub_collapse_3_1" aria-expanded="false" aria-controls="job_list___sub_collapse_3_1" href="#" class="job_list___sub_multi_heading"><div role="alert" class="card-header alert-success" id="job_list___sub_heading_3_1"><button class="btn btn-outline-success"><span class="job_id">3 : Job ID 6f262f6c006647749421e6811333e061</span></button></div></a><div aria-labelledby="job_list___sub_heading_3_1" data-parent="#job_list___sub_accordion_3" class="collapse job_list___sub_multi_collapse" id="job_list___sub_collapse_3_1"><div class="card-body"><div class="work-item"><div class="alert alert-success test-outcome" role="alert"><p>worker outcome: normal</p><p>test outcome: killed</p></div></div><pre class="location"><a href="pycharm://open?file=fizz_buzz.py&amp;line=9" class="text-secondary"><button class="btn btn-outline-dark">fizz_buzz.py, start pos: (9, 43), end pos: (9, 44)</button></a></pre><pre>operator: core/ReplaceBinaryOperator_Add_Mul, occurrence: 0</pre><div class="alert alert-secondary"><pre class="diff">--- mutation diff ---
--- afizz_buzz.py
+++ bfizz_buzz.py
@@ -6,4 +6,4 @@
     divisible by both, add "FizzBuzz"
 
     """
-    return [("Fizz" if x % 3 == 0 else "") + ("Buzz" if x % 5 == 0 else "") or str(x) for x in range(1,n+1)]
+    return [("Fizz" if x % 3 == 0 else "") * ("Buzz" if x % 5 == 0 else "") or str(x) for x in range(1,n+1)]</pre></div><div class="alert alert-secondary"><pre class="diff">============================= test session starts ==============================
platform linux -- Python 3.10.12, pytest-8.3.3, pluggy-1.5.0
rootdir: /home/teste/python_experiments2/fizz-buzz
collected 2 items

ts-3-5/test_3-5_0-9_289.py FF                                            [100%]

=========================== short test summary info ============================
FAILED ts-3-5/test_3-5_0-9_289.py::test_fizz_buzz - TypeError: can't multiply...
FAILED ts-3-5/test_3-5_0-9_289.py::test_fizz_buzz_edge_cases - TypeError: can...
============================== 2 failed in 0.07s ===============================
</pre></div></div></div></div></div><div class="mb-1" id="job_list___sub_accordion_4"><div class="card"><a data-toggle="collapse" data-target="#job_list___sub_collapse_4_1" aria-expanded="false" aria-controls="job_list___sub_collapse_4_1" href="#" class="job_list___sub_multi_heading"><div role="alert" class="card-header alert-success" id="job_list___sub_heading_4_1"><button class="btn btn-outline-success"><span class="job_id">4 : Job ID 732e6115c91b49b486e6a0885874c9d0</span></button></div></a><div aria-labelledby="job_list___sub_heading_4_1" data-parent="#job_list___sub_accordion_4" class="collapse job_list___sub_multi_collapse" id="job_list___sub_collapse_4_1"><div class="card-body"><div class="work-item"><div class="alert alert-success test-outcome" role="alert"><p>worker outcome: normal</p><p>test outcome: killed</p></div></div><pre class="location"><a href="pycharm://open?file=fizz_buzz.py&amp;line=9" class="text-secondary"><button class="btn btn-outline-dark">fizz_buzz.py, start pos: (9, 104), end pos: (9, 105)</button></a></pre><pre>operator: core/ReplaceBinaryOperator_Add_Mul, occurrence: 1</pre><div class="alert alert-secondary"><pre class="diff">--- mutation diff ---
--- afizz_buzz.py
+++ bfizz_buzz.py
@@ -6,4 +6,4 @@
     divisible by both, add "FizzBuzz"
 
     """
-    return [("Fizz" if x % 3 == 0 else "") + ("Buzz" if x % 5 == 0 else "") or str(x) for x in range(1,n+1)]
+    return [("Fizz" if x % 3 == 0 else "") + ("Buzz" if x % 5 == 0 else "") or str(x) for x in range(1,n*1)]</pre></div><div class="alert alert-secondary"><pre class="diff">============================= test session starts ==============================
platform linux -- Python 3.10.12, pytest-8.3.3, pluggy-1.5.0
rootdir: /home/teste/python_experiments2/fizz-buzz
collected 2 items

ts-3-5/test_3-5_0-9_289.py FF                                            [100%]

=========================== short test summary info ============================
FAILED ts-3-5/test_3-5_0-9_289.py::test_fizz_buzz - AssertionError: assert []...
FAILED ts-3-5/test_3-5_0-9_289.py::test_fizz_buzz_edge_cases - AssertionError...
============================== 2 failed in 0.07s ===============================
</pre></div></div></div></div></div><div class="mb-1" id="job_list___sub_accordion_5"><div class="card"><a data-toggle="collapse" data-target="#job_list___sub_collapse_5_1" aria-expanded="false" aria-controls="job_list___sub_collapse_5_1" href="#" class="job_list___sub_multi_heading"><div role="alert" class="card-header alert-success" id="job_list___sub_heading_5_1"><button class="btn btn-outline-success"><span class="job_id">5 : Job ID 16c4aa6879c441f9b5a5696ea30a9ef1</span></button></div></a><div aria-labelledby="job_list___sub_heading_5_1" data-parent="#job_list___sub_accordion_5" class="collapse job_list___sub_multi_collapse" id="job_list___sub_collapse_5_1"><div class="card-body"><div class="work-item"><div class="alert alert-success test-outcome" role="alert"><p>worker outcome: normal</p><p>test outcome: killed</p></div></div><pre class="location"><a href="pycharm://open?file=fizz_buzz.py&amp;line=9" class="text-secondary"><button class="btn btn-outline-dark">fizz_buzz.py, start pos: (9, 43), end pos: (9, 44)</button></a></pre><pre>operator: core/ReplaceBinaryOperator_Add_Div, occurrence: 0</pre><div class="alert alert-secondary"><pre class="diff">--- mutation diff ---
--- afizz_buzz.py
+++ bfizz_buzz.py
@@ -6,4 +6,4 @@
     divisible by both, add "FizzBuzz"
 
     """
-    return [("Fizz" if x % 3 == 0 else "") + ("Buzz" if x % 5 == 0 else "") or str(x) for x in range(1,n+1)]
+    return [("Fizz" if x % 3 == 0 else "") / ("Buzz" if x % 5 == 0 else "") or str(x) for x in range(1,n+1)]</pre></div><div class="alert alert-secondary"><pre class="diff">============================= test session starts ==============================
platform linux -- Python 3.10.12, pytest-8.3.3, pluggy-1.5.0
rootdir: /home/teste/python_experiments2/fizz-buzz
collected 2 items

ts-3-5/test_3-5_0-9_289.py FF                                            [100%]

=========================== short test summary info ============================
FAILED ts-3-5/test_3-5_0-9_289.py::test_fizz_buzz - TypeError: unsupported op...
FAILED ts-3-5/test_3-5_0-9_289.py::test_fizz_buzz_edge_cases - TypeError: uns...
============================== 2 failed in 0.07s ===============================
</pre></div></div></div></div></div><div class="mb-1" id="job_list___sub_accordion_6"><div class="card"><a data-toggle="collapse" data-target="#job_list___sub_collapse_6_1" aria-expanded="false" aria-controls="job_list___sub_collapse_6_1" href="#" class="job_list___sub_multi_heading"><div role="alert" class="card-header alert-success" id="job_list___sub_heading_6_1"><button class="btn btn-outline-success"><span class="job_id">6 : Job ID de13534e31f04abaa6e7dd58e8ad121d</span></button></div></a><div aria-labelledby="job_list___sub_heading_6_1" data-parent="#job_list___sub_accordion_6" class="collapse job_list___sub_multi_collapse" id="job_list___sub_collapse_6_1"><div class="card-body"><div class="work-item"><div class="alert alert-success test-outcome" role="alert"><p>worker outcome: normal</p><p>test outcome: killed</p></div></div><pre class="location"><a href="pycharm://open?file=fizz_buzz.py&amp;line=9" class="text-secondary"><button class="btn btn-outline-dark">fizz_buzz.py, start pos: (9, 104), end pos: (9, 105)</button></a></pre><pre>operator: core/ReplaceBinaryOperator_Add_Div, occurrence: 1</pre><div class="alert alert-secondary"><pre class="diff">--- mutation diff ---
--- afizz_buzz.py
+++ bfizz_buzz.py
@@ -6,4 +6,4 @@
     divisible by both, add "FizzBuzz"
 
     """
-    return [("Fizz" if x % 3 == 0 else "") + ("Buzz" if x % 5 == 0 else "") or str(x) for x in range(1,n+1)]
+    return [("Fizz" if x % 3 == 0 else "") + ("Buzz" if x % 5 == 0 else "") or str(x) for x in range(1,n/1)]</pre></div><div class="alert alert-secondary"><pre class="diff">============================= test session starts ==============================
platform linux -- Python 3.10.12, pytest-8.3.3, pluggy-1.5.0
rootdir: /home/teste/python_experiments2/fizz-buzz
collected 2 items

ts-3-5/test_3-5_0-9_289.py FF                                            [100%]

=========================== short test summary info ============================
FAILED ts-3-5/test_3-5_0-9_289.py::test_fizz_buzz - TypeError: 'float' object...
FAILED ts-3-5/test_3-5_0-9_289.py::test_fizz_buzz_edge_cases - TypeError: 'fl...
============================== 2 failed in 0.07s ===============================
</pre></div></div></div></div></div><div class="mb-1" id="job_list___sub_accordion_7"><div class="card"><a data-toggle="collapse" data-target="#job_list___sub_collapse_7_1" aria-expanded="false" aria-controls="job_list___sub_collapse_7_1" href="#" class="job_list___sub_multi_heading"><div role="alert" class="card-header alert-success" id="job_list___sub_heading_7_1"><button class="btn btn-outline-success"><span class="job_id">7 : Job ID 3f2a7446d94a414b8208f3b98168ab7d</span></button></div></a><div aria-labelledby="job_list___sub_heading_7_1" data-parent="#job_list___sub_accordion_7" class="collapse job_list___sub_multi_collapse" id="job_list___sub_collapse_7_1"><div class="card-body"><div class="work-item"><div class="alert alert-success test-outcome" role="alert"><p>worker outcome: normal</p><p>test outcome: killed</p></div></div><pre class="location"><a href="pycharm://open?file=fizz_buzz.py&amp;line=9" class="text-secondary"><button class="btn btn-outline-dark">fizz_buzz.py, start pos: (9, 43), end pos: (9, 44)</button></a></pre><pre>operator: core/ReplaceBinaryOperator_Add_FloorDiv, occurrence: 0</pre><div class="alert alert-secondary"><pre class="diff">--- mutation diff ---
--- afizz_buzz.py
+++ bfizz_buzz.py
@@ -6,4 +6,4 @@
     divisible by both, add "FizzBuzz"
 
     """
-    return [("Fizz" if x % 3 == 0 else "") + ("Buzz" if x % 5 == 0 else "") or str(x) for x in range(1,n+1)]
+    return [("Fizz" if x % 3 == 0 else "") // ("Buzz" if x % 5 == 0 else "") or str(x) for x in range(1,n+1)]</pre></div><div class="alert alert-secondary"><pre class="diff">============================= test session starts ==============================
platform linux -- Python 3.10.12, pytest-8.3.3, pluggy-1.5.0
rootdir: /home/teste/python_experiments2/fizz-buzz
collected 2 items

ts-3-5/test_3-5_0-9_289.py FF                                            [100%]

=========================== short test summary info ============================
FAILED ts-3-5/test_3-5_0-9_289.py::test_fizz_buzz - TypeError: unsupported op...
FAILED ts-3-5/test_3-5_0-9_289.py::test_fizz_buzz_edge_cases - TypeError: uns...
============================== 2 failed in 0.07s ===============================
</pre></div></div></div></div></div><div class="mb-1" id="job_list___sub_accordion_8"><div class="card"><a data-toggle="collapse" data-target="#job_list___sub_collapse_8_1" aria-expanded="false" aria-controls="job_list___sub_collapse_8_1" href="#" class="job_list___sub_multi_heading"><div role="alert" class="card-header alert-success" id="job_list___sub_heading_8_1"><button class="btn btn-outline-success"><span class="job_id">8 : Job ID 7aba4650700345b0a11e208da201dc54</span></button></div></a><div aria-labelledby="job_list___sub_heading_8_1" data-parent="#job_list___sub_accordion_8" class="collapse job_list___sub_multi_collapse" id="job_list___sub_collapse_8_1"><div class="card-body"><div class="work-item"><div class="alert alert-success test-outcome" role="alert"><p>worker outcome: normal</p><p>test outcome: killed</p></div></div><pre class="location"><a href="pycharm://open?file=fizz_buzz.py&amp;line=9" class="text-secondary"><button class="btn btn-outline-dark">fizz_buzz.py, start pos: (9, 104), end pos: (9, 105)</button></a></pre><pre>operator: core/ReplaceBinaryOperator_Add_FloorDiv, occurrence: 1</pre><div class="alert alert-secondary"><pre class="diff">--- mutation diff ---
--- afizz_buzz.py
+++ bfizz_buzz.py
@@ -6,4 +6,4 @@
     divisible by both, add "FizzBuzz"
 
     """
-    return [("Fizz" if x % 3 == 0 else "") + ("Buzz" if x % 5 == 0 else "") or str(x) for x in range(1,n+1)]
+    return [("Fizz" if x % 3 == 0 else "") + ("Buzz" if x % 5 == 0 else "") or str(x) for x in range(1,n//1)]</pre></div><div class="alert alert-secondary"><pre class="diff">============================= test session starts ==============================
platform linux -- Python 3.10.12, pytest-8.3.3, pluggy-1.5.0
rootdir: /home/teste/python_experiments2/fizz-buzz
collected 2 items

ts-3-5/test_3-5_0-9_289.py FF                                            [100%]

=========================== short test summary info ============================
FAILED ts-3-5/test_3-5_0-9_289.py::test_fizz_buzz - AssertionError: assert []...
FAILED ts-3-5/test_3-5_0-9_289.py::test_fizz_buzz_edge_cases - AssertionError...
============================== 2 failed in 0.07s ===============================
</pre></div></div></div></div></div><div class="mb-1" id="job_list___sub_accordion_9"><div class="card"><a data-toggle="collapse" data-target="#job_list___sub_collapse_9_1" aria-expanded="false" aria-controls="job_list___sub_collapse_9_1" href="#" class="job_list___sub_multi_heading"><div role="alert" class="card-header alert-success" id="job_list___sub_heading_9_1"><button class="btn btn-outline-success"><span class="job_id">9 : Job ID 59735b803d1c4095b094a64cb809d583</span></button></div></a><div aria-labelledby="job_list___sub_heading_9_1" data-parent="#job_list___sub_accordion_9" class="collapse job_list___sub_multi_collapse" id="job_list___sub_collapse_9_1"><div class="card-body"><div class="work-item"><div class="alert alert-success test-outcome" role="alert"><p>worker outcome: normal</p><p>test outcome: killed</p></div></div><pre class="location"><a href="pycharm://open?file=fizz_buzz.py&amp;line=9" class="text-secondary"><button class="btn btn-outline-dark">fizz_buzz.py, start pos: (9, 43), end pos: (9, 44)</button></a></pre><pre>operator: core/ReplaceBinaryOperator_Add_Mod, occurrence: 0</pre><div class="alert alert-secondary"><pre class="diff">--- mutation diff ---
--- afizz_buzz.py
+++ bfizz_buzz.py
@@ -6,4 +6,4 @@
     divisible by both, add "FizzBuzz"
 
     """
-    return [("Fizz" if x % 3 == 0 else "") + ("Buzz" if x % 5 == 0 else "") or str(x) for x in range(1,n+1)]
+    return [("Fizz" if x % 3 == 0 else "") % ("Buzz" if x % 5 == 0 else "") or str(x) for x in range(1,n+1)]</pre></div><div class="alert alert-secondary"><pre class="diff">============================= test session starts ==============================
platform linux -- Python 3.10.12, pytest-8.3.3, pluggy-1.5.0
rootdir: /home/teste/python_experiments2/fizz-buzz
collected 2 items

ts-3-5/test_3-5_0-9_289.py FF                                            [100%]

=========================== short test summary info ============================
FAILED ts-3-5/test_3-5_0-9_289.py::test_fizz_buzz - TypeError: not all argume...
FAILED ts-3-5/test_3-5_0-9_289.py::test_fizz_buzz_edge_cases - TypeError: not...
============================== 2 failed in 0.07s ===============================
</pre></div></div></div></div></div><div class="mb-1" id="job_list___sub_accordion_10"><div class="card"><a data-toggle="collapse" data-target="#job_list___sub_collapse_10_1" aria-expanded="false" aria-controls="job_list___sub_collapse_10_1" href="#" class="job_list___sub_multi_heading"><div role="alert" class="card-header alert-success" id="job_list___sub_heading_10_1"><button class="btn btn-outline-success"><span class="job_id">10 : Job ID 84cf4c2c016c4e209b19f25f54f95bbe</span></button></div></a><div aria-labelledby="job_list___sub_heading_10_1" data-parent="#job_list___sub_accordion_10" class="collapse job_list___sub_multi_collapse" id="job_list___sub_collapse_10_1"><div class="card-body"><div class="work-item"><div class="alert alert-success test-outcome" role="alert"><p>worker outcome: normal</p><p>test outcome: killed</p></div></div><pre class="location"><a href="pycharm://open?file=fizz_buzz.py&amp;line=9" class="text-secondary"><button class="btn btn-outline-dark">fizz_buzz.py, start pos: (9, 104), end pos: (9, 105)</button></a></pre><pre>operator: core/ReplaceBinaryOperator_Add_Mod, occurrence: 1</pre><div class="alert alert-secondary"><pre class="diff">--- mutation diff ---
--- afizz_buzz.py
+++ bfizz_buzz.py
@@ -6,4 +6,4 @@
     divisible by both, add "FizzBuzz"
 
     """
-    return [("Fizz" if x % 3 == 0 else "") + ("Buzz" if x % 5 == 0 else "") or str(x) for x in range(1,n+1)]
+    return [("Fizz" if x % 3 == 0 else "") + ("Buzz" if x % 5 == 0 else "") or str(x) for x in range(1,n%1)]</pre></div><div class="alert alert-secondary"><pre class="diff">============================= test session starts ==============================
platform linux -- Python 3.10.12, pytest-8.3.3, pluggy-1.5.0
rootdir: /home/teste/python_experiments2/fizz-buzz
collected 2 items

ts-3-5/test_3-5_0-9_289.py FF                                            [100%]

=========================== short test summary info ============================
FAILED ts-3-5/test_3-5_0-9_289.py::test_fizz_buzz - AssertionError: assert []...
FAILED ts-3-5/test_3-5_0-9_289.py::test_fizz_buzz_edge_cases - AssertionError...
============================== 2 failed in 0.07s ===============================
</pre></div></div></div></div></div><div class="mb-1" id="job_list___sub_accordion_11"><div class="card"><a data-toggle="collapse" data-target="#job_list___sub_collapse_11_1" aria-expanded="false" aria-controls="job_list___sub_collapse_11_1" href="#" class="job_list___sub_multi_heading"><div role="alert" class="card-header alert-success" id="job_list___sub_heading_11_1"><button class="btn btn-outline-success"><span class="job_id">11 : Job ID 194fa7618fb84c80a0c62aa4521b54f3</span></button></div></a><div aria-labelledby="job_list___sub_heading_11_1" data-parent="#job_list___sub_accordion_11" class="collapse job_list___sub_multi_collapse" id="job_list___sub_collapse_11_1"><div class="card-body"><div class="work-item"><div class="alert alert-success test-outcome" role="alert"><p>worker outcome: normal</p><p>test outcome: killed</p></div></div><pre class="location"><a href="pycharm://open?file=fizz_buzz.py&amp;line=9" class="text-secondary"><button class="btn btn-outline-dark">fizz_buzz.py, start pos: (9, 43), end pos: (9, 44)</button></a></pre><pre>operator: core/ReplaceBinaryOperator_Add_Pow, occurrence: 0</pre><div class="alert alert-secondary"><pre class="diff">--- mutation diff ---
--- afizz_buzz.py
+++ bfizz_buzz.py
@@ -6,4 +6,4 @@
     divisible by both, add "FizzBuzz"
 
     """
-    return [("Fizz" if x % 3 == 0 else "") + ("Buzz" if x % 5 == 0 else "") or str(x) for x in range(1,n+1)]
+    return [("Fizz" if x % 3 == 0 else "") ** ("Buzz" if x % 5 == 0 else "") or str(x) for x in range(1,n+1)]</pre></div><div class="alert alert-secondary"><pre class="diff">============================= test session starts ==============================
platform linux -- Python 3.10.12, pytest-8.3.3, pluggy-1.5.0
rootdir: /home/teste/python_experiments2/fizz-buzz
collected 2 items

ts-3-5/test_3-5_0-9_289.py FF                                            [100%]

=========================== short test summary info ============================
FAILED ts-3-5/test_3-5_0-9_289.py::test_fizz_buzz - TypeError: unsupported op...
FAILED ts-3-5/test_3-5_0-9_289.py::test_fizz_buzz_edge_cases - TypeError: uns...
============================== 2 failed in 0.08s ===============================
</pre></div></div></div></div></div><div class="mb-1" id="job_list___sub_accordion_12"><div class="card"><a data-toggle="collapse" data-target="#job_list___sub_collapse_12_1" aria-expanded="false" aria-controls="job_list___sub_collapse_12_1" href="#" class="job_list___sub_multi_heading"><div role="alert" class="card-header alert-success" id="job_list___sub_heading_12_1"><button class="btn btn-outline-success"><span class="job_id">12 : Job ID 88b00d8e29a3407eba6b3c6d5464da0d</span></button></div></a><div aria-labelledby="job_list___sub_heading_12_1" data-parent="#job_list___sub_accordion_12" class="collapse job_list___sub_multi_collapse" id="job_list___sub_collapse_12_1"><div class="card-body"><div class="work-item"><div class="alert alert-success test-outcome" role="alert"><p>worker outcome: normal</p><p>test outcome: killed</p></div></div><pre class="location"><a href="pycharm://open?file=fizz_buzz.py&amp;line=9" class="text-secondary"><button class="btn btn-outline-dark">fizz_buzz.py, start pos: (9, 104), end pos: (9, 105)</button></a></pre><pre>operator: core/ReplaceBinaryOperator_Add_Pow, occurrence: 1</pre><div class="alert alert-secondary"><pre class="diff">--- mutation diff ---
--- afizz_buzz.py
+++ bfizz_buzz.py
@@ -6,4 +6,4 @@
     divisible by both, add "FizzBuzz"
 
     """
-    return [("Fizz" if x % 3 == 0 else "") + ("Buzz" if x % 5 == 0 else "") or str(x) for x in range(1,n+1)]
+    return [("Fizz" if x % 3 == 0 else "") + ("Buzz" if x % 5 == 0 else "") or str(x) for x in range(1,n**1)]</pre></div><div class="alert alert-secondary"><pre class="diff">============================= test session starts ==============================
platform linux -- Python 3.10.12, pytest-8.3.3, pluggy-1.5.0
rootdir: /home/teste/python_experiments2/fizz-buzz
collected 2 items

ts-3-5/test_3-5_0-9_289.py FF                                            [100%]

=========================== short test summary info ============================
FAILED ts-3-5/test_3-5_0-9_289.py::test_fizz_buzz - AssertionError: assert []...
FAILED ts-3-5/test_3-5_0-9_289.py::test_fizz_buzz_edge_cases - AssertionError...
============================== 2 failed in 0.07s ===============================
</pre></div></div></div></div></div><div class="mb-1" id="job_list___sub_accordion_13"><div class="card"><a data-toggle="collapse" data-target="#job_list___sub_collapse_13_1" aria-expanded="false" aria-controls="job_list___sub_collapse_13_1" href="#" class="job_list___sub_multi_heading"><div role="alert" class="card-header alert-success" id="job_list___sub_heading_13_1"><button class="btn btn-outline-success"><span class="job_id">13 : Job ID 8717155e01274732b8ebb99b3b001d3f</span></button></div></a><div aria-labelledby="job_list___sub_heading_13_1" data-parent="#job_list___sub_accordion_13" class="collapse job_list___sub_multi_collapse" id="job_list___sub_collapse_13_1"><div class="card-body"><div class="work-item"><div class="alert alert-success test-outcome" role="alert"><p>worker outcome: normal</p><p>test outcome: killed</p></div></div><pre class="location"><a href="pycharm://open?file=fizz_buzz.py&amp;line=9" class="text-secondary"><button class="btn btn-outline-dark">fizz_buzz.py, start pos: (9, 43), end pos: (9, 44)</button></a></pre><pre>operator: core/ReplaceBinaryOperator_Add_RShift, occurrence: 0</pre><div class="alert alert-secondary"><pre class="diff">--- mutation diff ---
--- afizz_buzz.py
+++ bfizz_buzz.py
@@ -6,4 +6,4 @@
     divisible by both, add "FizzBuzz"
 
     """
-    return [("Fizz" if x % 3 == 0 else "") + ("Buzz" if x % 5 == 0 else "") or str(x) for x in range(1,n+1)]
+    return [("Fizz" if x % 3 == 0 else "") &gt;&gt; ("Buzz" if x % 5 == 0 else "") or str(x) for x in range(1,n+1)]</pre></div><div class="alert alert-secondary"><pre class="diff">============================= test session starts ==============================
platform linux -- Python 3.10.12, pytest-8.3.3, pluggy-1.5.0
rootdir: /home/teste/python_experiments2/fizz-buzz
collected 2 items

ts-3-5/test_3-5_0-9_289.py FF                                            [100%]

=========================== short test summary info ============================
FAILED ts-3-5/test_3-5_0-9_289.py::test_fizz_buzz - TypeError: unsupported op...
FAILED ts-3-5/test_3-5_0-9_289.py::test_fizz_buzz_edge_cases - TypeError: uns...
============================== 2 failed in 0.07s ===============================
</pre></div></div></div></div></div><div class="mb-1" id="job_list___sub_accordion_14"><div class="card"><a data-toggle="collapse" data-target="#job_list___sub_collapse_14_1" aria-expanded="false" aria-controls="job_list___sub_collapse_14_1" href="#" class="job_list___sub_multi_heading"><div role="alert" class="card-header alert-success" id="job_list___sub_heading_14_1"><button class="btn btn-outline-success"><span class="job_id">14 : Job ID 8b088fa0646743dcba252557f2f95aa5</span></button></div></a><div aria-labelledby="job_list___sub_heading_14_1" data-parent="#job_list___sub_accordion_14" class="collapse job_list___sub_multi_collapse" id="job_list___sub_collapse_14_1"><div class="card-body"><div class="work-item"><div class="alert alert-success test-outcome" role="alert"><p>worker outcome: normal</p><p>test outcome: killed</p></div></div><pre class="location"><a href="pycharm://open?file=fizz_buzz.py&amp;line=9" class="text-secondary"><button class="btn btn-outline-dark">fizz_buzz.py, start pos: (9, 104), end pos: (9, 105)</button></a></pre><pre>operator: core/ReplaceBinaryOperator_Add_RShift, occurrence: 1</pre><div class="alert alert-secondary"><pre class="diff">--- mutation diff ---
--- afizz_buzz.py
+++ bfizz_buzz.py
@@ -6,4 +6,4 @@
     divisible by both, add "FizzBuzz"
 
     """
-    return [("Fizz" if x % 3 == 0 else "") + ("Buzz" if x % 5 == 0 else "") or str(x) for x in range(1,n+1)]
+    return [("Fizz" if x % 3 == 0 else "") + ("Buzz" if x % 5 == 0 else "") or str(x) for x in range(1,n&gt;&gt;1)]</pre></div><div class="alert alert-secondary"><pre class="diff">============================= test session starts ==============================
platform linux -- Python 3.10.12, pytest-8.3.3, pluggy-1.5.0
rootdir: /home/teste/python_experiments2/fizz-buzz
collected 2 items

ts-3-5/test_3-5_0-9_289.py FF                                            [100%]

=========================== short test summary info ============================
FAILED ts-3-5/test_3-5_0-9_289.py::test_fizz_buzz - AssertionError: assert []...
FAILED ts-3-5/test_3-5_0-9_289.py::test_fizz_buzz_edge_cases - AssertionError...
============================== 2 failed in 0.07s ===============================
</pre></div></div></div></div></div><div class="mb-1" id="job_list___sub_accordion_15"><div class="card"><a data-toggle="collapse" data-target="#job_list___sub_collapse_15_1" aria-expanded="false" aria-controls="job_list___sub_collapse_15_1" href="#" class="job_list___sub_multi_heading"><div role="alert" class="card-header alert-success" id="job_list___sub_heading_15_1"><button class="btn btn-outline-success"><span class="job_id">15 : Job ID 7f152335923f4c979bd76744ef850092</span></button></div></a><div aria-labelledby="job_list___sub_heading_15_1" data-parent="#job_list___sub_accordion_15" class="collapse job_list___sub_multi_collapse" id="job_list___sub_collapse_15_1"><div class="card-body"><div class="work-item"><div class="alert alert-success test-outcome" role="alert"><p>worker outcome: normal</p><p>test outcome: killed</p></div></div><pre class="location"><a href="pycharm://open?file=fizz_buzz.py&amp;line=9" class="text-secondary"><button class="btn btn-outline-dark">fizz_buzz.py, start pos: (9, 43), end pos: (9, 44)</button></a></pre><pre>operator: core/ReplaceBinaryOperator_Add_LShift, occurrence: 0</pre><div class="alert alert-secondary"><pre class="diff">--- mutation diff ---
--- afizz_buzz.py
+++ bfizz_buzz.py
@@ -6,4 +6,4 @@
     divisible by both, add "FizzBuzz"
 
     """
-    return [("Fizz" if x % 3 == 0 else "") + ("Buzz" if x % 5 == 0 else "") or str(x) for x in range(1,n+1)]
+    return [("Fizz" if x % 3 == 0 else "") &lt;&lt; ("Buzz" if x % 5 == 0 else "") or str(x) for x in range(1,n+1)]</pre></div><div class="alert alert-secondary"><pre class="diff">============================= test session starts ==============================
platform linux -- Python 3.10.12, pytest-8.3.3, pluggy-1.5.0
rootdir: /home/teste/python_experiments2/fizz-buzz
collected 2 items

ts-3-5/test_3-5_0-9_289.py FF                                            [100%]

=========================== short test summary info ============================
FAILED ts-3-5/test_3-5_0-9_289.py::test_fizz_buzz - TypeError: unsupported op...
FAILED ts-3-5/test_3-5_0-9_289.py::test_fizz_buzz_edge_cases - TypeError: uns...
============================== 2 failed in 0.07s ===============================
</pre></div></div></div></div></div><div class="mb-1" id="job_list___sub_accordion_16"><div class="card"><a data-toggle="collapse" data-target="#job_list___sub_collapse_16_1" aria-expanded="false" aria-controls="job_list___sub_collapse_16_1" href="#" class="job_list___sub_multi_heading"><div role="alert" class="card-header alert-success" id="job_list___sub_heading_16_1"><button class="btn btn-outline-success"><span class="job_id">16 : Job ID 3c847bc2b1a14e8686d75cb2b75df828</span></button></div></a><div aria-labelledby="job_list___sub_heading_16_1" data-parent="#job_list___sub_accordion_16" class="collapse job_list___sub_multi_collapse" id="job_list___sub_collapse_16_1"><div class="card-body"><div class="work-item"><div class="alert alert-success test-outcome" role="alert"><p>worker outcome: normal</p><p>test outcome: killed</p></div></div><pre class="location"><a href="pycharm://open?file=fizz_buzz.py&amp;line=9" class="text-secondary"><button class="btn btn-outline-dark">fizz_buzz.py, start pos: (9, 104), end pos: (9, 105)</button></a></pre><pre>operator: core/ReplaceBinaryOperator_Add_LShift, occurrence: 1</pre><div class="alert alert-secondary"><pre class="diff">--- mutation diff ---
--- afizz_buzz.py
+++ bfizz_buzz.py
@@ -6,4 +6,4 @@
     divisible by both, add "FizzBuzz"
 
     """
-    return [("Fizz" if x % 3 == 0 else "") + ("Buzz" if x % 5 == 0 else "") or str(x) for x in range(1,n+1)]
+    return [("Fizz" if x % 3 == 0 else "") + ("Buzz" if x % 5 == 0 else "") or str(x) for x in range(1,n&lt;&lt;1)]</pre></div><div class="alert alert-secondary"><pre class="diff">============================= test session starts ==============================
platform linux -- Python 3.10.12, pytest-8.3.3, pluggy-1.5.0
rootdir: /home/teste/python_experiments2/fizz-buzz
collected 2 items

ts-3-5/test_3-5_0-9_289.py FF                                            [100%]

=========================== short test summary info ============================
FAILED ts-3-5/test_3-5_0-9_289.py::test_fizz_buzz - AssertionError: assert ['...
FAILED ts-3-5/test_3-5_0-9_289.py::test_fizz_buzz_edge_cases - AssertionError...
============================== 2 failed in 0.07s ===============================
</pre></div></div></div></div></div><div class="mb-1" id="job_list___sub_accordion_17"><div class="card"><a data-toggle="collapse" data-target="#job_list___sub_collapse_17_1" aria-expanded="false" aria-controls="job_list___sub_collapse_17_1" href="#" class="job_list___sub_multi_heading"><div role="alert" class="card-header alert-success" id="job_list___sub_heading_17_1"><button class="btn btn-outline-success"><span class="job_id">17 : Job ID 34cceb573ee3496a888e690e490925e6</span></button></div></a><div aria-labelledby="job_list___sub_heading_17_1" data-parent="#job_list___sub_accordion_17" class="collapse job_list___sub_multi_collapse" id="job_list___sub_collapse_17_1"><div class="card-body"><div class="work-item"><div class="alert alert-success test-outcome" role="alert"><p>worker outcome: normal</p><p>test outcome: killed</p></div></div><pre class="location"><a href="pycharm://open?file=fizz_buzz.py&amp;line=9" class="text-secondary"><button class="btn btn-outline-dark">fizz_buzz.py, start pos: (9, 43), end pos: (9, 44)</button></a></pre><pre>operator: core/ReplaceBinaryOperator_Add_BitOr, occurrence: 0</pre><div class="alert alert-secondary"><pre class="diff">--- mutation diff ---
--- afizz_buzz.py
+++ bfizz_buzz.py
@@ -6,4 +6,4 @@
     divisible by both, add "FizzBuzz"
 
     """
-    return [("Fizz" if x % 3 == 0 else "") + ("Buzz" if x % 5 == 0 else "") or str(x) for x in range(1,n+1)]
+    return [("Fizz" if x % 3 == 0 else "") | ("Buzz" if x % 5 == 0 else "") or str(x) for x in range(1,n+1)]</pre></div><div class="alert alert-secondary"><pre class="diff">============================= test session starts ==============================
platform linux -- Python 3.10.12, pytest-8.3.3, pluggy-1.5.0
rootdir: /home/teste/python_experiments2/fizz-buzz
collected 2 items

ts-3-5/test_3-5_0-9_289.py FF                                            [100%]

=========================== short test summary info ============================
FAILED ts-3-5/test_3-5_0-9_289.py::test_fizz_buzz - TypeError: unsupported op...
FAILED ts-3-5/test_3-5_0-9_289.py::test_fizz_buzz_edge_cases - TypeError: uns...
============================== 2 failed in 0.07s ===============================
</pre></div></div></div></div></div><div class="mb-1" id="job_list___sub_accordion_18"><div class="card"><a data-toggle="collapse" data-target="#job_list___sub_collapse_18_1" aria-expanded="false" aria-controls="job_list___sub_collapse_18_1" href="#" class="job_list___sub_multi_heading"><div role="alert" class="card-header alert-success" id="job_list___sub_heading_18_1"><button class="btn btn-outline-success"><span class="job_id">18 : Job ID be1ae74b18d24067a574f8bf8970f2f8</span></button></div></a><div aria-labelledby="job_list___sub_heading_18_1" data-parent="#job_list___sub_accordion_18" class="collapse job_list___sub_multi_collapse" id="job_list___sub_collapse_18_1"><div class="card-body"><div class="work-item"><div class="alert alert-success test-outcome" role="alert"><p>worker outcome: normal</p><p>test outcome: killed</p></div></div><pre class="location"><a href="pycharm://open?file=fizz_buzz.py&amp;line=9" class="text-secondary"><button class="btn btn-outline-dark">fizz_buzz.py, start pos: (9, 104), end pos: (9, 105)</button></a></pre><pre>operator: core/ReplaceBinaryOperator_Add_BitOr, occurrence: 1</pre><div class="alert alert-secondary"><pre class="diff">--- mutation diff ---
--- afizz_buzz.py
+++ bfizz_buzz.py
@@ -6,4 +6,4 @@
     divisible by both, add "FizzBuzz"
 
     """
-    return [("Fizz" if x % 3 == 0 else "") + ("Buzz" if x % 5 == 0 else "") or str(x) for x in range(1,n+1)]
+    return [("Fizz" if x % 3 == 0 else "") + ("Buzz" if x % 5 == 0 else "") or str(x) for x in range(1,n|1)]</pre></div><div class="alert alert-secondary"><pre class="diff">============================= test session starts ==============================
platform linux -- Python 3.10.12, pytest-8.3.3, pluggy-1.5.0
rootdir: /home/teste/python_experiments2/fizz-buzz
collected 2 items

ts-3-5/test_3-5_0-9_289.py FF                                            [100%]

=========================== short test summary info ============================
FAILED ts-3-5/test_3-5_0-9_289.py::test_fizz_buzz - AssertionError: assert []...
FAILED ts-3-5/test_3-5_0-9_289.py::test_fizz_buzz_edge_cases - AssertionError...
============================== 2 failed in 0.07s ===============================
</pre></div></div></div></div></div><div class="mb-1" id="job_list___sub_accordion_19"><div class="card"><a data-toggle="collapse" data-target="#job_list___sub_collapse_19_1" aria-expanded="false" aria-controls="job_list___sub_collapse_19_1" href="#" class="job_list___sub_multi_heading"><div role="alert" class="card-header alert-success" id="job_list___sub_heading_19_1"><button class="btn btn-outline-success"><span class="job_id">19 : Job ID 6af51d2b62954d4aafda3bedd0c6a56d</span></button></div></a><div aria-labelledby="job_list___sub_heading_19_1" data-parent="#job_list___sub_accordion_19" class="collapse job_list___sub_multi_collapse" id="job_list___sub_collapse_19_1"><div class="card-body"><div class="work-item"><div class="alert alert-success test-outcome" role="alert"><p>worker outcome: normal</p><p>test outcome: killed</p></div></div><pre class="location"><a href="pycharm://open?file=fizz_buzz.py&amp;line=9" class="text-secondary"><button class="btn btn-outline-dark">fizz_buzz.py, start pos: (9, 43), end pos: (9, 44)</button></a></pre><pre>operator: core/ReplaceBinaryOperator_Add_BitAnd, occurrence: 0</pre><div class="alert alert-secondary"><pre class="diff">--- mutation diff ---
--- afizz_buzz.py
+++ bfizz_buzz.py
@@ -6,4 +6,4 @@
     divisible by both, add "FizzBuzz"
 
     """
-    return [("Fizz" if x % 3 == 0 else "") + ("Buzz" if x % 5 == 0 else "") or str(x) for x in range(1,n+1)]
+    return [("Fizz" if x % 3 == 0 else "") &amp; ("Buzz" if x % 5 == 0 else "") or str(x) for x in range(1,n+1)]</pre></div><div class="alert alert-secondary"><pre class="diff">============================= test session starts ==============================
platform linux -- Python 3.10.12, pytest-8.3.3, pluggy-1.5.0
rootdir: /home/teste/python_experiments2/fizz-buzz
collected 2 items

ts-3-5/test_3-5_0-9_289.py FF                                            [100%]

=========================== short test summary info ============================
FAILED ts-3-5/test_3-5_0-9_289.py::test_fizz_buzz - TypeError: unsupported op...
FAILED ts-3-5/test_3-5_0-9_289.py::test_fizz_buzz_edge_cases - TypeError: uns...
============================== 2 failed in 0.07s ===============================
</pre></div></div></div></div></div><div class="mb-1" id="job_list___sub_accordion_20"><div class="card"><a data-toggle="collapse" data-target="#job_list___sub_collapse_20_1" aria-expanded="false" aria-controls="job_list___sub_collapse_20_1" href="#" class="job_list___sub_multi_heading"><div role="alert" class="card-header alert-success" id="job_list___sub_heading_20_1"><button class="btn btn-outline-success"><span class="job_id">20 : Job ID e5339f904c9647b1973a10f17adbc138</span></button></div></a><div aria-labelledby="job_list___sub_heading_20_1" data-parent="#job_list___sub_accordion_20" class="collapse job_list___sub_multi_collapse" id="job_list___sub_collapse_20_1"><div class="card-body"><div class="work-item"><div class="alert alert-success test-outcome" role="alert"><p>worker outcome: normal</p><p>test outcome: killed</p></div></div><pre class="location"><a href="pycharm://open?file=fizz_buzz.py&amp;line=9" class="text-secondary"><button class="btn btn-outline-dark">fizz_buzz.py, start pos: (9, 104), end pos: (9, 105)</button></a></pre><pre>operator: core/ReplaceBinaryOperator_Add_BitAnd, occurrence: 1</pre><div class="alert alert-secondary"><pre class="diff">--- mutation diff ---
--- afizz_buzz.py
+++ bfizz_buzz.py
@@ -6,4 +6,4 @@
     divisible by both, add "FizzBuzz"
 
     """
-    return [("Fizz" if x % 3 == 0 else "") + ("Buzz" if x % 5 == 0 else "") or str(x) for x in range(1,n+1)]
+    return [("Fizz" if x % 3 == 0 else "") + ("Buzz" if x % 5 == 0 else "") or str(x) for x in range(1,n&amp;1)]</pre></div><div class="alert alert-secondary"><pre class="diff">============================= test session starts ==============================
platform linux -- Python 3.10.12, pytest-8.3.3, pluggy-1.5.0
rootdir: /home/teste/python_experiments2/fizz-buzz
collected 2 items

ts-3-5/test_3-5_0-9_289.py FF                                            [100%]

=========================== short test summary info ============================
FAILED ts-3-5/test_3-5_0-9_289.py::test_fizz_buzz - AssertionError: assert []...
FAILED ts-3-5/test_3-5_0-9_289.py::test_fizz_buzz_edge_cases - AssertionError...
============================== 2 failed in 0.07s ===============================
</pre></div></div></div></div></div><div class="mb-1" id="job_list___sub_accordion_21"><div class="card"><a data-toggle="collapse" data-target="#job_list___sub_collapse_21_1" aria-expanded="false" aria-controls="job_list___sub_collapse_21_1" href="#" class="job_list___sub_multi_heading"><div role="alert" class="card-header alert-success" id="job_list___sub_heading_21_1"><button class="btn btn-outline-success"><span class="job_id">21 : Job ID 721b198026934337b604017de61d7885</span></button></div></a><div aria-labelledby="job_list___sub_heading_21_1" data-parent="#job_list___sub_accordion_21" class="collapse job_list___sub_multi_collapse" id="job_list___sub_collapse_21_1"><div class="card-body"><div class="work-item"><div class="alert alert-success test-outcome" role="alert"><p>worker outcome: normal</p><p>test outcome: killed</p></div></div><pre class="location"><a href="pycharm://open?file=fizz_buzz.py&amp;line=9" class="text-secondary"><button class="btn btn-outline-dark">fizz_buzz.py, start pos: (9, 43), end pos: (9, 44)</button></a></pre><pre>operator: core/ReplaceBinaryOperator_Add_BitXor, occurrence: 0</pre><div class="alert alert-secondary"><pre class="diff">--- mutation diff ---
--- afizz_buzz.py
+++ bfizz_buzz.py
@@ -6,4 +6,4 @@
     divisible by both, add "FizzBuzz"
 
     """
-    return [("Fizz" if x % 3 == 0 else "") + ("Buzz" if x % 5 == 0 else "") or str(x) for x in range(1,n+1)]
+    return [("Fizz" if x % 3 == 0 else "") ^ ("Buzz" if x % 5 == 0 else "") or str(x) for x in range(1,n+1)]</pre></div><div class="alert alert-secondary"><pre class="diff">============================= test session starts ==============================
platform linux -- Python 3.10.12, pytest-8.3.3, pluggy-1.5.0
rootdir: /home/teste/python_experiments2/fizz-buzz
collected 2 items

ts-3-5/test_3-5_0-9_289.py FF                                            [100%]

=========================== short test summary info ============================
FAILED ts-3-5/test_3-5_0-9_289.py::test_fizz_buzz - TypeError: unsupported op...
FAILED ts-3-5/test_3-5_0-9_289.py::test_fizz_buzz_edge_cases - TypeError: uns...
============================== 2 failed in 0.07s ===============================
</pre></div></div></div></div></div><div class="mb-1" id="job_list___sub_accordion_22"><div class="card"><a data-toggle="collapse" data-target="#job_list___sub_collapse_22_1" aria-expanded="false" aria-controls="job_list___sub_collapse_22_1" href="#" class="job_list___sub_multi_heading"><div role="alert" class="card-header alert-success" id="job_list___sub_heading_22_1"><button class="btn btn-outline-success"><span class="job_id">22 : Job ID 5c506fc6c0514058bb39bb80613ce65b</span></button></div></a><div aria-labelledby="job_list___sub_heading_22_1" data-parent="#job_list___sub_accordion_22" class="collapse job_list___sub_multi_collapse" id="job_list___sub_collapse_22_1"><div class="card-body"><div class="work-item"><div class="alert alert-success test-outcome" role="alert"><p>worker outcome: normal</p><p>test outcome: killed</p></div></div><pre class="location"><a href="pycharm://open?file=fizz_buzz.py&amp;line=9" class="text-secondary"><button class="btn btn-outline-dark">fizz_buzz.py, start pos: (9, 104), end pos: (9, 105)</button></a></pre><pre>operator: core/ReplaceBinaryOperator_Add_BitXor, occurrence: 1</pre><div class="alert alert-secondary"><pre class="diff">--- mutation diff ---
--- afizz_buzz.py
+++ bfizz_buzz.py
@@ -6,4 +6,4 @@
     divisible by both, add "FizzBuzz"
 
     """
-    return [("Fizz" if x % 3 == 0 else "") + ("Buzz" if x % 5 == 0 else "") or str(x) for x in range(1,n+1)]
+    return [("Fizz" if x % 3 == 0 else "") + ("Buzz" if x % 5 == 0 else "") or str(x) for x in range(1,n^1)]</pre></div><div class="alert alert-secondary"><pre class="diff">============================= test session starts ==============================
platform linux -- Python 3.10.12, pytest-8.3.3, pluggy-1.5.0
rootdir: /home/teste/python_experiments2/fizz-buzz
collected 2 items

ts-3-5/test_3-5_0-9_289.py FF                                            [100%]

=========================== short test summary info ============================
FAILED ts-3-5/test_3-5_0-9_289.py::test_fizz_buzz - AssertionError: assert []...
FAILED ts-3-5/test_3-5_0-9_289.py::test_fizz_buzz_edge_cases - AssertionError...
============================== 2 failed in 0.07s ===============================
</pre></div></div></div></div></div><div class="mb-1" id="job_list___sub_accordion_23"><div class="card"><a data-toggle="collapse" data-target="#job_list___sub_collapse_23_1" aria-expanded="false" aria-controls="job_list___sub_collapse_23_1" href="#" class="job_list___sub_multi_heading"><div role="alert" class="card-header alert-success" id="job_list___sub_heading_23_1"><button class="btn btn-outline-success"><span class="job_id">23 : Job ID 351d65c74dd348f885fc2a16ec07d960</span></button></div></a><div aria-labelledby="job_list___sub_heading_23_1" data-parent="#job_list___sub_accordion_23" class="collapse job_list___sub_multi_collapse" id="job_list___sub_collapse_23_1"><div class="card-body"><div class="work-item"><div class="alert alert-success test-outcome" role="alert"><p>worker outcome: normal</p><p>test outcome: killed</p></div></div><pre class="location"><a href="pycharm://open?file=fizz_buzz.py&amp;line=9" class="text-secondary"><button class="btn btn-outline-dark">fizz_buzz.py, start pos: (9, 25), end pos: (9, 26)</button></a></pre><pre>operator: core/ReplaceBinaryOperator_Mod_Add, occurrence: 0</pre><div class="alert alert-secondary"><pre class="diff">--- mutation diff ---
--- afizz_buzz.py
+++ bfizz_buzz.py
@@ -6,4 +6,4 @@
     divisible by both, add "FizzBuzz"
 
     """
-    return [("Fizz" if x % 3 == 0 else "") + ("Buzz" if x % 5 == 0 else "") or str(x) for x in range(1,n+1)]
+    return [("Fizz" if x + 3 == 0 else "") + ("Buzz" if x % 5 == 0 else "") or str(x) for x in range(1,n+1)]</pre></div><div class="alert alert-secondary"><pre class="diff">============================= test session starts ==============================
platform linux -- Python 3.10.12, pytest-8.3.3, pluggy-1.5.0
rootdir: /home/teste/python_experiments2/fizz-buzz
collected 2 items

ts-3-5/test_3-5_0-9_289.py FF                                            [100%]

=========================== short test summary info ============================
FAILED ts-3-5/test_3-5_0-9_289.py::test_fizz_buzz - AssertionError: assert ['...
FAILED ts-3-5/test_3-5_0-9_289.py::test_fizz_buzz_edge_cases - AssertionError...
============================== 2 failed in 0.07s ===============================
</pre></div></div></div></div></div><div class="mb-1" id="job_list___sub_accordion_24"><div class="card"><a data-toggle="collapse" data-target="#job_list___sub_collapse_24_1" aria-expanded="false" aria-controls="job_list___sub_collapse_24_1" href="#" class="job_list___sub_multi_heading"><div role="alert" class="card-header alert-success" id="job_list___sub_heading_24_1"><button class="btn btn-outline-success"><span class="job_id">24 : Job ID 8d5faf7c98a941e9b24136b59516b409</span></button></div></a><div aria-labelledby="job_list___sub_heading_24_1" data-parent="#job_list___sub_accordion_24" class="collapse job_list___sub_multi_collapse" id="job_list___sub_collapse_24_1"><div class="card-body"><div class="work-item"><div class="alert alert-success test-outcome" role="alert"><p>worker outcome: normal</p><p>test outcome: killed</p></div></div><pre class="location"><a href="pycharm://open?file=fizz_buzz.py&amp;line=9" class="text-secondary"><button class="btn btn-outline-dark">fizz_buzz.py, start pos: (9, 58), end pos: (9, 59)</button></a></pre><pre>operator: core/ReplaceBinaryOperator_Mod_Add, occurrence: 1</pre><div class="alert alert-secondary"><pre class="diff">--- mutation diff ---
--- afizz_buzz.py
+++ bfizz_buzz.py
@@ -6,4 +6,4 @@
     divisible by both, add "FizzBuzz"
 
     """
-    return [("Fizz" if x % 3 == 0 else "") + ("Buzz" if x % 5 == 0 else "") or str(x) for x in range(1,n+1)]
+    return [("Fizz" if x % 3 == 0 else "") + ("Buzz" if x + 5 == 0 else "") or str(x) for x in range(1,n+1)]</pre></div><div class="alert alert-secondary"><pre class="diff">============================= test session starts ==============================
platform linux -- Python 3.10.12, pytest-8.3.3, pluggy-1.5.0
rootdir: /home/teste/python_experiments2/fizz-buzz
collected 2 items

ts-3-5/test_3-5_0-9_289.py FF                                            [100%]

=========================== short test summary info ============================
FAILED ts-3-5/test_3-5_0-9_289.py::test_fizz_buzz - AssertionError: assert ['...
FAILED ts-3-5/test_3-5_0-9_289.py::test_fizz_buzz_edge_cases - AssertionError...
============================== 2 failed in 0.07s ===============================
</pre></div></div></div></div></div><div class="mb-1" id="job_list___sub_accordion_25"><div class="card"><a data-toggle="collapse" data-target="#job_list___sub_collapse_25_1" aria-expanded="false" aria-controls="job_list___sub_collapse_25_1" href="#" class="job_list___sub_multi_heading"><div role="alert" class="card-header alert-success" id="job_list___sub_heading_25_1"><button class="btn btn-outline-success"><span class="job_id">25 : Job ID 644e4923760c4457968d75d65a92a527</span></button></div></a><div aria-labelledby="job_list___sub_heading_25_1" data-parent="#job_list___sub_accordion_25" class="collapse job_list___sub_multi_collapse" id="job_list___sub_collapse_25_1"><div class="card-body"><div class="work-item"><div class="alert alert-success test-outcome" role="alert"><p>worker outcome: normal</p><p>test outcome: killed</p></div></div><pre class="location"><a href="pycharm://open?file=fizz_buzz.py&amp;line=9" class="text-secondary"><button class="btn btn-outline-dark">fizz_buzz.py, start pos: (9, 25), end pos: (9, 26)</button></a></pre><pre>operator: core/ReplaceBinaryOperator_Mod_Sub, occurrence: 0</pre><div class="alert alert-secondary"><pre class="diff">--- mutation diff ---
--- afizz_buzz.py
+++ bfizz_buzz.py
@@ -6,4 +6,4 @@
     divisible by both, add "FizzBuzz"
 
     """
-    return [("Fizz" if x % 3 == 0 else "") + ("Buzz" if x % 5 == 0 else "") or str(x) for x in range(1,n+1)]
+    return [("Fizz" if x - 3 == 0 else "") + ("Buzz" if x % 5 == 0 else "") or str(x) for x in range(1,n+1)]</pre></div><div class="alert alert-secondary"><pre class="diff">============================= test session starts ==============================
platform linux -- Python 3.10.12, pytest-8.3.3, pluggy-1.5.0
rootdir: /home/teste/python_experiments2/fizz-buzz
collected 2 items

ts-3-5/test_3-5_0-9_289.py FF                                            [100%]

=========================== short test summary info ============================
FAILED ts-3-5/test_3-5_0-9_289.py::test_fizz_buzz - AssertionError: assert ['...
FAILED ts-3-5/test_3-5_0-9_289.py::test_fizz_buzz_edge_cases - AssertionError...
============================== 2 failed in 0.07s ===============================
</pre></div></div></div></div></div><div class="mb-1" id="job_list___sub_accordion_26"><div class="card"><a data-toggle="collapse" data-target="#job_list___sub_collapse_26_1" aria-expanded="false" aria-controls="job_list___sub_collapse_26_1" href="#" class="job_list___sub_multi_heading"><div role="alert" class="card-header alert-success" id="job_list___sub_heading_26_1"><button class="btn btn-outline-success"><span class="job_id">26 : Job ID 9263badcb9704fd8ac56460967046a6b</span></button></div></a><div aria-labelledby="job_list___sub_heading_26_1" data-parent="#job_list___sub_accordion_26" class="collapse job_list___sub_multi_collapse" id="job_list___sub_collapse_26_1"><div class="card-body"><div class="work-item"><div class="alert alert-success test-outcome" role="alert"><p>worker outcome: normal</p><p>test outcome: killed</p></div></div><pre class="location"><a href="pycharm://open?file=fizz_buzz.py&amp;line=9" class="text-secondary"><button class="btn btn-outline-dark">fizz_buzz.py, start pos: (9, 58), end pos: (9, 59)</button></a></pre><pre>operator: core/ReplaceBinaryOperator_Mod_Sub, occurrence: 1</pre><div class="alert alert-secondary"><pre class="diff">--- mutation diff ---
--- afizz_buzz.py
+++ bfizz_buzz.py
@@ -6,4 +6,4 @@
     divisible by both, add "FizzBuzz"
 
     """
-    return [("Fizz" if x % 3 == 0 else "") + ("Buzz" if x % 5 == 0 else "") or str(x) for x in range(1,n+1)]
+    return [("Fizz" if x % 3 == 0 else "") + ("Buzz" if x - 5 == 0 else "") or str(x) for x in range(1,n+1)]</pre></div><div class="alert alert-secondary"><pre class="diff">============================= test session starts ==============================
platform linux -- Python 3.10.12, pytest-8.3.3, pluggy-1.5.0
rootdir: /home/teste/python_experiments2/fizz-buzz
collected 2 items

ts-3-5/test_3-5_0-9_289.py FF                                            [100%]

=========================== short test summary info ============================
FAILED ts-3-5/test_3-5_0-9_289.py::test_fizz_buzz - AssertionError: assert ['...
FAILED ts-3-5/test_3-5_0-9_289.py::test_fizz_buzz_edge_cases - AssertionError...
============================== 2 failed in 0.07s ===============================
</pre></div></div></div></div></div><div class="mb-1" id="job_list___sub_accordion_27"><div class="card"><a data-toggle="collapse" data-target="#job_list___sub_collapse_27_1" aria-expanded="false" aria-controls="job_list___sub_collapse_27_1" href="#" class="job_list___sub_multi_heading"><div role="alert" class="card-header alert-success" id="job_list___sub_heading_27_1"><button class="btn btn-outline-success"><span class="job_id">27 : Job ID 94bf14c03683440d9d34a78bc7b91602</span></button></div></a><div aria-labelledby="job_list___sub_heading_27_1" data-parent="#job_list___sub_accordion_27" class="collapse job_list___sub_multi_collapse" id="job_list___sub_collapse_27_1"><div class="card-body"><div class="work-item"><div class="alert alert-success test-outcome" role="alert"><p>worker outcome: normal</p><p>test outcome: killed</p></div></div><pre class="location"><a href="pycharm://open?file=fizz_buzz.py&amp;line=9" class="text-secondary"><button class="btn btn-outline-dark">fizz_buzz.py, start pos: (9, 25), end pos: (9, 26)</button></a></pre><pre>operator: core/ReplaceBinaryOperator_Mod_Mul, occurrence: 0</pre><div class="alert alert-secondary"><pre class="diff">--- mutation diff ---
--- afizz_buzz.py
+++ bfizz_buzz.py
@@ -6,4 +6,4 @@
     divisible by both, add "FizzBuzz"
 
     """
-    return [("Fizz" if x % 3 == 0 else "") + ("Buzz" if x % 5 == 0 else "") or str(x) for x in range(1,n+1)]
+    return [("Fizz" if x * 3 == 0 else "") + ("Buzz" if x % 5 == 0 else "") or str(x) for x in range(1,n+1)]</pre></div><div class="alert alert-secondary"><pre class="diff">============================= test session starts ==============================
platform linux -- Python 3.10.12, pytest-8.3.3, pluggy-1.5.0
rootdir: /home/teste/python_experiments2/fizz-buzz
collected 2 items

ts-3-5/test_3-5_0-9_289.py FF                                            [100%]

=========================== short test summary info ============================
FAILED ts-3-5/test_3-5_0-9_289.py::test_fizz_buzz - AssertionError: assert ['...
FAILED ts-3-5/test_3-5_0-9_289.py::test_fizz_buzz_edge_cases - AssertionError...
============================== 2 failed in 0.07s ===============================
</pre></div></div></div></div></div><div class="mb-1" id="job_list___sub_accordion_28"><div class="card"><a data-toggle="collapse" data-target="#job_list___sub_collapse_28_1" aria-expanded="false" aria-controls="job_list___sub_collapse_28_1" href="#" class="job_list___sub_multi_heading"><div role="alert" class="card-header alert-success" id="job_list___sub_heading_28_1"><button class="btn btn-outline-success"><span class="job_id">28 : Job ID 5d2510b5220a4fa1bcc85a059f984b4e</span></button></div></a><div aria-labelledby="job_list___sub_heading_28_1" data-parent="#job_list___sub_accordion_28" class="collapse job_list___sub_multi_collapse" id="job_list___sub_collapse_28_1"><div class="card-body"><div class="work-item"><div class="alert alert-success test-outcome" role="alert"><p>worker outcome: normal</p><p>test outcome: killed</p></div></div><pre class="location"><a href="pycharm://open?file=fizz_buzz.py&amp;line=9" class="text-secondary"><button class="btn btn-outline-dark">fizz_buzz.py, start pos: (9, 58), end pos: (9, 59)</button></a></pre><pre>operator: core/ReplaceBinaryOperator_Mod_Mul, occurrence: 1</pre><div class="alert alert-secondary"><pre class="diff">--- mutation diff ---
--- afizz_buzz.py
+++ bfizz_buzz.py
@@ -6,4 +6,4 @@
     divisible by both, add "FizzBuzz"
 
     """
-    return [("Fizz" if x % 3 == 0 else "") + ("Buzz" if x % 5 == 0 else "") or str(x) for x in range(1,n+1)]
+    return [("Fizz" if x % 3 == 0 else "") + ("Buzz" if x * 5 == 0 else "") or str(x) for x in range(1,n+1)]</pre></div><div class="alert alert-secondary"><pre class="diff">============================= test session starts ==============================
platform linux -- Python 3.10.12, pytest-8.3.3, pluggy-1.5.0
rootdir: /home/teste/python_experiments2/fizz-buzz
collected 2 items

ts-3-5/test_3-5_0-9_289.py FF                                            [100%]

=========================== short test summary info ============================
FAILED ts-3-5/test_3-5_0-9_289.py::test_fizz_buzz - AssertionError: assert ['...
FAILED ts-3-5/test_3-5_0-9_289.py::test_fizz_buzz_edge_cases - AssertionError...
============================== 2 failed in 0.07s ===============================
</pre></div></div></div></div></div><div class="mb-1" id="job_list___sub_accordion_29"><div class="card"><a data-toggle="collapse" data-target="#job_list___sub_collapse_29_1" aria-expanded="false" aria-controls="job_list___sub_collapse_29_1" href="#" class="job_list___sub_multi_heading"><div role="alert" class="card-header alert-success" id="job_list___sub_heading_29_1"><button class="btn btn-outline-success"><span class="job_id">29 : Job ID 923f671e94a04140bec891ea0b7eb0d9</span></button></div></a><div aria-labelledby="job_list___sub_heading_29_1" data-parent="#job_list___sub_accordion_29" class="collapse job_list___sub_multi_collapse" id="job_list___sub_collapse_29_1"><div class="card-body"><div class="work-item"><div class="alert alert-success test-outcome" role="alert"><p>worker outcome: normal</p><p>test outcome: killed</p></div></div><pre class="location"><a href="pycharm://open?file=fizz_buzz.py&amp;line=9" class="text-secondary"><button class="btn btn-outline-dark">fizz_buzz.py, start pos: (9, 25), end pos: (9, 26)</button></a></pre><pre>operator: core/ReplaceBinaryOperator_Mod_Div, occurrence: 0</pre><div class="alert alert-secondary"><pre class="diff">--- mutation diff ---
--- afizz_buzz.py
+++ bfizz_buzz.py
@@ -6,4 +6,4 @@
     divisible by both, add "FizzBuzz"
 
     """
-    return [("Fizz" if x % 3 == 0 else "") + ("Buzz" if x % 5 == 0 else "") or str(x) for x in range(1,n+1)]
+    return [("Fizz" if x / 3 == 0 else "") + ("Buzz" if x % 5 == 0 else "") or str(x) for x in range(1,n+1)]</pre></div><div class="alert alert-secondary"><pre class="diff">============================= test session starts ==============================
platform linux -- Python 3.10.12, pytest-8.3.3, pluggy-1.5.0
rootdir: /home/teste/python_experiments2/fizz-buzz
collected 2 items

ts-3-5/test_3-5_0-9_289.py FF                                            [100%]

=========================== short test summary info ============================
FAILED ts-3-5/test_3-5_0-9_289.py::test_fizz_buzz - AssertionError: assert ['...
FAILED ts-3-5/test_3-5_0-9_289.py::test_fizz_buzz_edge_cases - AssertionError...
============================== 2 failed in 0.07s ===============================
</pre></div></div></div></div></div><div class="mb-1" id="job_list___sub_accordion_30"><div class="card"><a data-toggle="collapse" data-target="#job_list___sub_collapse_30_1" aria-expanded="false" aria-controls="job_list___sub_collapse_30_1" href="#" class="job_list___sub_multi_heading"><div role="alert" class="card-header alert-success" id="job_list___sub_heading_30_1"><button class="btn btn-outline-success"><span class="job_id">30 : Job ID 721c3d7f30674accb75ba0f27adb4e6b</span></button></div></a><div aria-labelledby="job_list___sub_heading_30_1" data-parent="#job_list___sub_accordion_30" class="collapse job_list___sub_multi_collapse" id="job_list___sub_collapse_30_1"><div class="card-body"><div class="work-item"><div class="alert alert-success test-outcome" role="alert"><p>worker outcome: normal</p><p>test outcome: killed</p></div></div><pre class="location"><a href="pycharm://open?file=fizz_buzz.py&amp;line=9" class="text-secondary"><button class="btn btn-outline-dark">fizz_buzz.py, start pos: (9, 58), end pos: (9, 59)</button></a></pre><pre>operator: core/ReplaceBinaryOperator_Mod_Div, occurrence: 1</pre><div class="alert alert-secondary"><pre class="diff">--- mutation diff ---
--- afizz_buzz.py
+++ bfizz_buzz.py
@@ -6,4 +6,4 @@
     divisible by both, add "FizzBuzz"
 
     """
-    return [("Fizz" if x % 3 == 0 else "") + ("Buzz" if x % 5 == 0 else "") or str(x) for x in range(1,n+1)]
+    return [("Fizz" if x % 3 == 0 else "") + ("Buzz" if x / 5 == 0 else "") or str(x) for x in range(1,n+1)]</pre></div><div class="alert alert-secondary"><pre class="diff">============================= test session starts ==============================
platform linux -- Python 3.10.12, pytest-8.3.3, pluggy-1.5.0
rootdir: /home/teste/python_experiments2/fizz-buzz
collected 2 items

ts-3-5/test_3-5_0-9_289.py FF                                            [100%]

=========================== short test summary info ============================
FAILED ts-3-5/test_3-5_0-9_289.py::test_fizz_buzz - AssertionError: assert ['...
FAILED ts-3-5/test_3-5_0-9_289.py::test_fizz_buzz_edge_cases - AssertionError...
============================== 2 failed in 0.07s ===============================
</pre></div></div></div></div></div><div class="mb-1" id="job_list___sub_accordion_31"><div class="card"><a data-toggle="collapse" data-target="#job_list___sub_collapse_31_1" aria-expanded="false" aria-controls="job_list___sub_collapse_31_1" href="#" class="job_list___sub_multi_heading"><div role="alert" class="card-header alert-success" id="job_list___sub_heading_31_1"><button class="btn btn-outline-success"><span class="job_id">31 : Job ID cdffc0bcd3b049fdb054e58f3bf7983c</span></button></div></a><div aria-labelledby="job_list___sub_heading_31_1" data-parent="#job_list___sub_accordion_31" class="collapse job_list___sub_multi_collapse" id="job_list___sub_collapse_31_1"><div class="card-body"><div class="work-item"><div class="alert alert-success test-outcome" role="alert"><p>worker outcome: normal</p><p>test outcome: killed</p></div></div><pre class="location"><a href="pycharm://open?file=fizz_buzz.py&amp;line=9" class="text-secondary"><button class="btn btn-outline-dark">fizz_buzz.py, start pos: (9, 25), end pos: (9, 26)</button></a></pre><pre>operator: core/ReplaceBinaryOperator_Mod_FloorDiv, occurrence: 0</pre><div class="alert alert-secondary"><pre class="diff">--- mutation diff ---
--- afizz_buzz.py
+++ bfizz_buzz.py
@@ -6,4 +6,4 @@
     divisible by both, add "FizzBuzz"
 
     """
-    return [("Fizz" if x % 3 == 0 else "") + ("Buzz" if x % 5 == 0 else "") or str(x) for x in range(1,n+1)]
+    return [("Fizz" if x // 3 == 0 else "") + ("Buzz" if x % 5 == 0 else "") or str(x) for x in range(1,n+1)]</pre></div><div class="alert alert-secondary"><pre class="diff">============================= test session starts ==============================
platform linux -- Python 3.10.12, pytest-8.3.3, pluggy-1.5.0
rootdir: /home/teste/python_experiments2/fizz-buzz
collected 2 items

ts-3-5/test_3-5_0-9_289.py FF                                            [100%]

=========================== short test summary info ============================
FAILED ts-3-5/test_3-5_0-9_289.py::test_fizz_buzz - AssertionError: assert ['...
FAILED ts-3-5/test_3-5_0-9_289.py::test_fizz_buzz_edge_cases - AssertionError...
============================== 2 failed in 0.07s ===============================
</pre></div></div></div></div></div><div class="mb-1" id="job_list___sub_accordion_32"><div class="card"><a data-toggle="collapse" data-target="#job_list___sub_collapse_32_1" aria-expanded="false" aria-controls="job_list___sub_collapse_32_1" href="#" class="job_list___sub_multi_heading"><div role="alert" class="card-header alert-success" id="job_list___sub_heading_32_1"><button class="btn btn-outline-success"><span class="job_id">32 : Job ID c3bd8cae1199473e9d442c5a70ff7ea7</span></button></div></a><div aria-labelledby="job_list___sub_heading_32_1" data-parent="#job_list___sub_accordion_32" class="collapse job_list___sub_multi_collapse" id="job_list___sub_collapse_32_1"><div class="card-body"><div class="work-item"><div class="alert alert-success test-outcome" role="alert"><p>worker outcome: normal</p><p>test outcome: killed</p></div></div><pre class="location"><a href="pycharm://open?file=fizz_buzz.py&amp;line=9" class="text-secondary"><button class="btn btn-outline-dark">fizz_buzz.py, start pos: (9, 58), end pos: (9, 59)</button></a></pre><pre>operator: core/ReplaceBinaryOperator_Mod_FloorDiv, occurrence: 1</pre><div class="alert alert-secondary"><pre class="diff">--- mutation diff ---
--- afizz_buzz.py
+++ bfizz_buzz.py
@@ -6,4 +6,4 @@
     divisible by both, add "FizzBuzz"
 
     """
-    return [("Fizz" if x % 3 == 0 else "") + ("Buzz" if x % 5 == 0 else "") or str(x) for x in range(1,n+1)]
+    return [("Fizz" if x % 3 == 0 else "") + ("Buzz" if x // 5 == 0 else "") or str(x) for x in range(1,n+1)]</pre></div><div class="alert alert-secondary"><pre class="diff">============================= test session starts ==============================
platform linux -- Python 3.10.12, pytest-8.3.3, pluggy-1.5.0
rootdir: /home/teste/python_experiments2/fizz-buzz
collected 2 items

ts-3-5/test_3-5_0-9_289.py FF                                            [100%]

=========================== short test summary info ============================
FAILED ts-3-5/test_3-5_0-9_289.py::test_fizz_buzz - AssertionError: assert ['...
FAILED ts-3-5/test_3-5_0-9_289.py::test_fizz_buzz_edge_cases - AssertionError...
============================== 2 failed in 0.07s ===============================
</pre></div></div></div></div></div><div class="mb-1" id="job_list___sub_accordion_33"><div class="card"><a data-toggle="collapse" data-target="#job_list___sub_collapse_33_1" aria-expanded="false" aria-controls="job_list___sub_collapse_33_1" href="#" class="job_list___sub_multi_heading"><div role="alert" class="card-header alert-success" id="job_list___sub_heading_33_1"><button class="btn btn-outline-success"><span class="job_id">33 : Job ID 8437bbc49f1941cab9d14a6ee799cc9b</span></button></div></a><div aria-labelledby="job_list___sub_heading_33_1" data-parent="#job_list___sub_accordion_33" class="collapse job_list___sub_multi_collapse" id="job_list___sub_collapse_33_1"><div class="card-body"><div class="work-item"><div class="alert alert-success test-outcome" role="alert"><p>worker outcome: normal</p><p>test outcome: killed</p></div></div><pre class="location"><a href="pycharm://open?file=fizz_buzz.py&amp;line=9" class="text-secondary"><button class="btn btn-outline-dark">fizz_buzz.py, start pos: (9, 25), end pos: (9, 26)</button></a></pre><pre>operator: core/ReplaceBinaryOperator_Mod_Pow, occurrence: 0</pre><div class="alert alert-secondary"><pre class="diff">--- mutation diff ---
--- afizz_buzz.py
+++ bfizz_buzz.py
@@ -6,4 +6,4 @@
     divisible by both, add "FizzBuzz"
 
     """
-    return [("Fizz" if x % 3 == 0 else "") + ("Buzz" if x % 5 == 0 else "") or str(x) for x in range(1,n+1)]
+    return [("Fizz" if x ** 3 == 0 else "") + ("Buzz" if x % 5 == 0 else "") or str(x) for x in range(1,n+1)]</pre></div><div class="alert alert-secondary"><pre class="diff">============================= test session starts ==============================
platform linux -- Python 3.10.12, pytest-8.3.3, pluggy-1.5.0
rootdir: /home/teste/python_experiments2/fizz-buzz
collected 2 items

ts-3-5/test_3-5_0-9_289.py FF                                            [100%]

=========================== short test summary info ============================
FAILED ts-3-5/test_3-5_0-9_289.py::test_fizz_buzz - AssertionError: assert ['...
FAILED ts-3-5/test_3-5_0-9_289.py::test_fizz_buzz_edge_cases - AssertionError...
============================== 2 failed in 0.07s ===============================
</pre></div></div></div></div></div><div class="mb-1" id="job_list___sub_accordion_34"><div class="card"><a data-toggle="collapse" data-target="#job_list___sub_collapse_34_1" aria-expanded="false" aria-controls="job_list___sub_collapse_34_1" href="#" class="job_list___sub_multi_heading"><div role="alert" class="card-header alert-success" id="job_list___sub_heading_34_1"><button class="btn btn-outline-success"><span class="job_id">34 : Job ID 22c9bf5f4bb0429984021c505a6887be</span></button></div></a><div aria-labelledby="job_list___sub_heading_34_1" data-parent="#job_list___sub_accordion_34" class="collapse job_list___sub_multi_collapse" id="job_list___sub_collapse_34_1"><div class="card-body"><div class="work-item"><div class="alert alert-success test-outcome" role="alert"><p>worker outcome: normal</p><p>test outcome: killed</p></div></div><pre class="location"><a href="pycharm://open?file=fizz_buzz.py&amp;line=9" class="text-secondary"><button class="btn btn-outline-dark">fizz_buzz.py, start pos: (9, 58), end pos: (9, 59)</button></a></pre><pre>operator: core/ReplaceBinaryOperator_Mod_Pow, occurrence: 1</pre><div class="alert alert-secondary"><pre class="diff">--- mutation diff ---
--- afizz_buzz.py
+++ bfizz_buzz.py
@@ -6,4 +6,4 @@
     divisible by both, add "FizzBuzz"
 
     """
-    return [("Fizz" if x % 3 == 0 else "") + ("Buzz" if x % 5 == 0 else "") or str(x) for x in range(1,n+1)]
+    return [("Fizz" if x % 3 == 0 else "") + ("Buzz" if x ** 5 == 0 else "") or str(x) for x in range(1,n+1)]</pre></div><div class="alert alert-secondary"><pre class="diff">============================= test session starts ==============================
platform linux -- Python 3.10.12, pytest-8.3.3, pluggy-1.5.0
rootdir: /home/teste/python_experiments2/fizz-buzz
collected 2 items

ts-3-5/test_3-5_0-9_289.py FF                                            [100%]

=========================== short test summary info ============================
FAILED ts-3-5/test_3-5_0-9_289.py::test_fizz_buzz - AssertionError: assert ['...
FAILED ts-3-5/test_3-5_0-9_289.py::test_fizz_buzz_edge_cases - AssertionError...
============================== 2 failed in 0.07s ===============================
</pre></div></div></div></div></div><div class="mb-1" id="job_list___sub_accordion_35"><div class="card"><a data-toggle="collapse" data-target="#job_list___sub_collapse_35_1" aria-expanded="false" aria-controls="job_list___sub_collapse_35_1" href="#" class="job_list___sub_multi_heading"><div role="alert" class="card-header alert-success" id="job_list___sub_heading_35_1"><button class="btn btn-outline-success"><span class="job_id">35 : Job ID 313fb21911b14adeb9f9b12e3218f082</span></button></div></a><div aria-labelledby="job_list___sub_heading_35_1" data-parent="#job_list___sub_accordion_35" class="collapse job_list___sub_multi_collapse" id="job_list___sub_collapse_35_1"><div class="card-body"><div class="work-item"><div class="alert alert-success test-outcome" role="alert"><p>worker outcome: normal</p><p>test outcome: killed</p></div></div><pre class="location"><a href="pycharm://open?file=fizz_buzz.py&amp;line=9" class="text-secondary"><button class="btn btn-outline-dark">fizz_buzz.py, start pos: (9, 25), end pos: (9, 26)</button></a></pre><pre>operator: core/ReplaceBinaryOperator_Mod_RShift, occurrence: 0</pre><div class="alert alert-secondary"><pre class="diff">--- mutation diff ---
--- afizz_buzz.py
+++ bfizz_buzz.py
@@ -6,4 +6,4 @@
     divisible by both, add "FizzBuzz"
 
     """
-    return [("Fizz" if x % 3 == 0 else "") + ("Buzz" if x % 5 == 0 else "") or str(x) for x in range(1,n+1)]
+    return [("Fizz" if x &gt;&gt; 3 == 0 else "") + ("Buzz" if x % 5 == 0 else "") or str(x) for x in range(1,n+1)]</pre></div><div class="alert alert-secondary"><pre class="diff">============================= test session starts ==============================
platform linux -- Python 3.10.12, pytest-8.3.3, pluggy-1.5.0
rootdir: /home/teste/python_experiments2/fizz-buzz
collected 2 items

ts-3-5/test_3-5_0-9_289.py FF                                            [100%]

=========================== short test summary info ============================
FAILED ts-3-5/test_3-5_0-9_289.py::test_fizz_buzz - AssertionError: assert ['...
FAILED ts-3-5/test_3-5_0-9_289.py::test_fizz_buzz_edge_cases - AssertionError...
============================== 2 failed in 0.07s ===============================
</pre></div></div></div></div></div><div class="mb-1" id="job_list___sub_accordion_36"><div class="card"><a data-toggle="collapse" data-target="#job_list___sub_collapse_36_1" aria-expanded="false" aria-controls="job_list___sub_collapse_36_1" href="#" class="job_list___sub_multi_heading"><div role="alert" class="card-header alert-success" id="job_list___sub_heading_36_1"><button class="btn btn-outline-success"><span class="job_id">36 : Job ID 2509affac2894d3ebc1c14e5753d8fb6</span></button></div></a><div aria-labelledby="job_list___sub_heading_36_1" data-parent="#job_list___sub_accordion_36" class="collapse job_list___sub_multi_collapse" id="job_list___sub_collapse_36_1"><div class="card-body"><div class="work-item"><div class="alert alert-success test-outcome" role="alert"><p>worker outcome: normal</p><p>test outcome: killed</p></div></div><pre class="location"><a href="pycharm://open?file=fizz_buzz.py&amp;line=9" class="text-secondary"><button class="btn btn-outline-dark">fizz_buzz.py, start pos: (9, 58), end pos: (9, 59)</button></a></pre><pre>operator: core/ReplaceBinaryOperator_Mod_RShift, occurrence: 1</pre><div class="alert alert-secondary"><pre class="diff">--- mutation diff ---
--- afizz_buzz.py
+++ bfizz_buzz.py
@@ -6,4 +6,4 @@
     divisible by both, add "FizzBuzz"
 
     """
-    return [("Fizz" if x % 3 == 0 else "") + ("Buzz" if x % 5 == 0 else "") or str(x) for x in range(1,n+1)]
+    return [("Fizz" if x % 3 == 0 else "") + ("Buzz" if x &gt;&gt; 5 == 0 else "") or str(x) for x in range(1,n+1)]</pre></div><div class="alert alert-secondary"><pre class="diff">============================= test session starts ==============================
platform linux -- Python 3.10.12, pytest-8.3.3, pluggy-1.5.0
rootdir: /home/teste/python_experiments2/fizz-buzz
collected 2 items

ts-3-5/test_3-5_0-9_289.py FF                                            [100%]

=========================== short test summary info ============================
FAILED ts-3-5/test_3-5_0-9_289.py::test_fizz_buzz - AssertionError: assert ['...
FAILED ts-3-5/test_3-5_0-9_289.py::test_fizz_buzz_edge_cases - AssertionError...
============================== 2 failed in 0.07s ===============================
</pre></div></div></div></div></div><div class="mb-1" id="job_list___sub_accordion_37"><div class="card"><a data-toggle="collapse" data-target="#job_list___sub_collapse_37_1" aria-expanded="false" aria-controls="job_list___sub_collapse_37_1" href="#" class="job_list___sub_multi_heading"><div role="alert" class="card-header alert-success" id="job_list___sub_heading_37_1"><button class="btn btn-outline-success"><span class="job_id">37 : Job ID c1b1599a772841c5a9f5fce5515a0514</span></button></div></a><div aria-labelledby="job_list___sub_heading_37_1" data-parent="#job_list___sub_accordion_37" class="collapse job_list___sub_multi_collapse" id="job_list___sub_collapse_37_1"><div class="card-body"><div class="work-item"><div class="alert alert-success test-outcome" role="alert"><p>worker outcome: normal</p><p>test outcome: killed</p></div></div><pre class="location"><a href="pycharm://open?file=fizz_buzz.py&amp;line=9" class="text-secondary"><button class="btn btn-outline-dark">fizz_buzz.py, start pos: (9, 25), end pos: (9, 26)</button></a></pre><pre>operator: core/ReplaceBinaryOperator_Mod_LShift, occurrence: 0</pre><div class="alert alert-secondary"><pre class="diff">--- mutation diff ---
--- afizz_buzz.py
+++ bfizz_buzz.py
@@ -6,4 +6,4 @@
     divisible by both, add "FizzBuzz"
 
     """
-    return [("Fizz" if x % 3 == 0 else "") + ("Buzz" if x % 5 == 0 else "") or str(x) for x in range(1,n+1)]
+    return [("Fizz" if x &lt;&lt; 3 == 0 else "") + ("Buzz" if x % 5 == 0 else "") or str(x) for x in range(1,n+1)]</pre></div><div class="alert alert-secondary"><pre class="diff">============================= test session starts ==============================
platform linux -- Python 3.10.12, pytest-8.3.3, pluggy-1.5.0
rootdir: /home/teste/python_experiments2/fizz-buzz
collected 2 items

ts-3-5/test_3-5_0-9_289.py FF                                            [100%]

=========================== short test summary info ============================
FAILED ts-3-5/test_3-5_0-9_289.py::test_fizz_buzz - AssertionError: assert ['...
FAILED ts-3-5/test_3-5_0-9_289.py::test_fizz_buzz_edge_cases - AssertionError...
============================== 2 failed in 0.07s ===============================
</pre></div></div></div></div></div><div class="mb-1" id="job_list___sub_accordion_38"><div class="card"><a data-toggle="collapse" data-target="#job_list___sub_collapse_38_1" aria-expanded="false" aria-controls="job_list___sub_collapse_38_1" href="#" class="job_list___sub_multi_heading"><div role="alert" class="card-header alert-success" id="job_list___sub_heading_38_1"><button class="btn btn-outline-success"><span class="job_id">38 : Job ID f1dddbc7599444f3970753ae49a8d62c</span></button></div></a><div aria-labelledby="job_list___sub_heading_38_1" data-parent="#job_list___sub_accordion_38" class="collapse job_list___sub_multi_collapse" id="job_list___sub_collapse_38_1"><div class="card-body"><div class="work-item"><div class="alert alert-success test-outcome" role="alert"><p>worker outcome: normal</p><p>test outcome: killed</p></div></div><pre class="location"><a href="pycharm://open?file=fizz_buzz.py&amp;line=9" class="text-secondary"><button class="btn btn-outline-dark">fizz_buzz.py, start pos: (9, 58), end pos: (9, 59)</button></a></pre><pre>operator: core/ReplaceBinaryOperator_Mod_LShift, occurrence: 1</pre><div class="alert alert-secondary"><pre class="diff">--- mutation diff ---
--- afizz_buzz.py
+++ bfizz_buzz.py
@@ -6,4 +6,4 @@
     divisible by both, add "FizzBuzz"
 
     """
-    return [("Fizz" if x % 3 == 0 else "") + ("Buzz" if x % 5 == 0 else "") or str(x) for x in range(1,n+1)]
+    return [("Fizz" if x % 3 == 0 else "") + ("Buzz" if x &lt;&lt; 5 == 0 else "") or str(x) for x in range(1,n+1)]</pre></div><div class="alert alert-secondary"><pre class="diff">============================= test session starts ==============================
platform linux -- Python 3.10.12, pytest-8.3.3, pluggy-1.5.0
rootdir: /home/teste/python_experiments2/fizz-buzz
collected 2 items

ts-3-5/test_3-5_0-9_289.py FF                                            [100%]

=========================== short test summary info ============================
FAILED ts-3-5/test_3-5_0-9_289.py::test_fizz_buzz - AssertionError: assert ['...
FAILED ts-3-5/test_3-5_0-9_289.py::test_fizz_buzz_edge_cases - AssertionError...
============================== 2 failed in 0.07s ===============================
</pre></div></div></div></div></div><div class="mb-1" id="job_list___sub_accordion_39"><div class="card"><a data-toggle="collapse" data-target="#job_list___sub_collapse_39_1" aria-expanded="false" aria-controls="job_list___sub_collapse_39_1" href="#" class="job_list___sub_multi_heading"><div role="alert" class="card-header alert-success" id="job_list___sub_heading_39_1"><button class="btn btn-outline-success"><span class="job_id">39 : Job ID af94a7e6caf0498f8424b11a8e53d43c</span></button></div></a><div aria-labelledby="job_list___sub_heading_39_1" data-parent="#job_list___sub_accordion_39" class="collapse job_list___sub_multi_collapse" id="job_list___sub_collapse_39_1"><div class="card-body"><div class="work-item"><div class="alert alert-success test-outcome" role="alert"><p>worker outcome: normal</p><p>test outcome: killed</p></div></div><pre class="location"><a href="pycharm://open?file=fizz_buzz.py&amp;line=9" class="text-secondary"><button class="btn btn-outline-dark">fizz_buzz.py, start pos: (9, 25), end pos: (9, 26)</button></a></pre><pre>operator: core/ReplaceBinaryOperator_Mod_BitOr, occurrence: 0</pre><div class="alert alert-secondary"><pre class="diff">--- mutation diff ---
--- afizz_buzz.py
+++ bfizz_buzz.py
@@ -6,4 +6,4 @@
     divisible by both, add "FizzBuzz"
 
     """
-    return [("Fizz" if x % 3 == 0 else "") + ("Buzz" if x % 5 == 0 else "") or str(x) for x in range(1,n+1)]
+    return [("Fizz" if x | 3 == 0 else "") + ("Buzz" if x % 5 == 0 else "") or str(x) for x in range(1,n+1)]</pre></div><div class="alert alert-secondary"><pre class="diff">============================= test session starts ==============================
platform linux -- Python 3.10.12, pytest-8.3.3, pluggy-1.5.0
rootdir: /home/teste/python_experiments2/fizz-buzz
collected 2 items

ts-3-5/test_3-5_0-9_289.py FF                                            [100%]

=========================== short test summary info ============================
FAILED ts-3-5/test_3-5_0-9_289.py::test_fizz_buzz - AssertionError: assert ['...
FAILED ts-3-5/test_3-5_0-9_289.py::test_fizz_buzz_edge_cases - AssertionError...
============================== 2 failed in 0.07s ===============================
</pre></div></div></div></div></div><div class="mb-1" id="job_list___sub_accordion_40"><div class="card"><a data-toggle="collapse" data-target="#job_list___sub_collapse_40_1" aria-expanded="false" aria-controls="job_list___sub_collapse_40_1" href="#" class="job_list___sub_multi_heading"><div role="alert" class="card-header alert-success" id="job_list___sub_heading_40_1"><button class="btn btn-outline-success"><span class="job_id">40 : Job ID a820b6c4b79449baaa8714c93c2d2a4a</span></button></div></a><div aria-labelledby="job_list___sub_heading_40_1" data-parent="#job_list___sub_accordion_40" class="collapse job_list___sub_multi_collapse" id="job_list___sub_collapse_40_1"><div class="card-body"><div class="work-item"><div class="alert alert-success test-outcome" role="alert"><p>worker outcome: normal</p><p>test outcome: killed</p></div></div><pre class="location"><a href="pycharm://open?file=fizz_buzz.py&amp;line=9" class="text-secondary"><button class="btn btn-outline-dark">fizz_buzz.py, start pos: (9, 58), end pos: (9, 59)</button></a></pre><pre>operator: core/ReplaceBinaryOperator_Mod_BitOr, occurrence: 1</pre><div class="alert alert-secondary"><pre class="diff">--- mutation diff ---
--- afizz_buzz.py
+++ bfizz_buzz.py
@@ -6,4 +6,4 @@
     divisible by both, add "FizzBuzz"
 
     """
-    return [("Fizz" if x % 3 == 0 else "") + ("Buzz" if x % 5 == 0 else "") or str(x) for x in range(1,n+1)]
+    return [("Fizz" if x % 3 == 0 else "") + ("Buzz" if x | 5 == 0 else "") or str(x) for x in range(1,n+1)]</pre></div><div class="alert alert-secondary"><pre class="diff">============================= test session starts ==============================
platform linux -- Python 3.10.12, pytest-8.3.3, pluggy-1.5.0
rootdir: /home/teste/python_experiments2/fizz-buzz
collected 2 items

ts-3-5/test_3-5_0-9_289.py FF                                            [100%]

=========================== short test summary info ============================
FAILED ts-3-5/test_3-5_0-9_289.py::test_fizz_buzz - AssertionError: assert ['...
FAILED ts-3-5/test_3-5_0-9_289.py::test_fizz_buzz_edge_cases - AssertionError...
============================== 2 failed in 0.07s ===============================
</pre></div></div></div></div></div><div class="mb-1" id="job_list___sub_accordion_41"><div class="card"><a data-toggle="collapse" data-target="#job_list___sub_collapse_41_1" aria-expanded="false" aria-controls="job_list___sub_collapse_41_1" href="#" class="job_list___sub_multi_heading"><div role="alert" class="card-header alert-success" id="job_list___sub_heading_41_1"><button class="btn btn-outline-success"><span class="job_id">41 : Job ID ff0efc76aa80457d8e1e12737cc29b23</span></button></div></a><div aria-labelledby="job_list___sub_heading_41_1" data-parent="#job_list___sub_accordion_41" class="collapse job_list___sub_multi_collapse" id="job_list___sub_collapse_41_1"><div class="card-body"><div class="work-item"><div class="alert alert-success test-outcome" role="alert"><p>worker outcome: normal</p><p>test outcome: killed</p></div></div><pre class="location"><a href="pycharm://open?file=fizz_buzz.py&amp;line=9" class="text-secondary"><button class="btn btn-outline-dark">fizz_buzz.py, start pos: (9, 25), end pos: (9, 26)</button></a></pre><pre>operator: core/ReplaceBinaryOperator_Mod_BitAnd, occurrence: 0</pre><div class="alert alert-secondary"><pre class="diff">--- mutation diff ---
--- afizz_buzz.py
+++ bfizz_buzz.py
@@ -6,4 +6,4 @@
     divisible by both, add "FizzBuzz"
 
     """
-    return [("Fizz" if x % 3 == 0 else "") + ("Buzz" if x % 5 == 0 else "") or str(x) for x in range(1,n+1)]
+    return [("Fizz" if x &amp; 3 == 0 else "") + ("Buzz" if x % 5 == 0 else "") or str(x) for x in range(1,n+1)]</pre></div><div class="alert alert-secondary"><pre class="diff">============================= test session starts ==============================
platform linux -- Python 3.10.12, pytest-8.3.3, pluggy-1.5.0
rootdir: /home/teste/python_experiments2/fizz-buzz
collected 2 items

ts-3-5/test_3-5_0-9_289.py FF                                            [100%]

=========================== short test summary info ============================
FAILED ts-3-5/test_3-5_0-9_289.py::test_fizz_buzz - AssertionError: assert ['...
FAILED ts-3-5/test_3-5_0-9_289.py::test_fizz_buzz_edge_cases - AssertionError...
============================== 2 failed in 0.07s ===============================
</pre></div></div></div></div></div><div class="mb-1" id="job_list___sub_accordion_42"><div class="card"><a data-toggle="collapse" data-target="#job_list___sub_collapse_42_1" aria-expanded="false" aria-controls="job_list___sub_collapse_42_1" href="#" class="job_list___sub_multi_heading"><div role="alert" class="card-header alert-success" id="job_list___sub_heading_42_1"><button class="btn btn-outline-success"><span class="job_id">42 : Job ID fc26a5a96b5f44b99935e9671dfb8657</span></button></div></a><div aria-labelledby="job_list___sub_heading_42_1" data-parent="#job_list___sub_accordion_42" class="collapse job_list___sub_multi_collapse" id="job_list___sub_collapse_42_1"><div class="card-body"><div class="work-item"><div class="alert alert-success test-outcome" role="alert"><p>worker outcome: normal</p><p>test outcome: killed</p></div></div><pre class="location"><a href="pycharm://open?file=fizz_buzz.py&amp;line=9" class="text-secondary"><button class="btn btn-outline-dark">fizz_buzz.py, start pos: (9, 58), end pos: (9, 59)</button></a></pre><pre>operator: core/ReplaceBinaryOperator_Mod_BitAnd, occurrence: 1</pre><div class="alert alert-secondary"><pre class="diff">--- mutation diff ---
--- afizz_buzz.py
+++ bfizz_buzz.py
@@ -6,4 +6,4 @@
     divisible by both, add "FizzBuzz"
 
     """
-    return [("Fizz" if x % 3 == 0 else "") + ("Buzz" if x % 5 == 0 else "") or str(x) for x in range(1,n+1)]
+    return [("Fizz" if x % 3 == 0 else "") + ("Buzz" if x &amp; 5 == 0 else "") or str(x) for x in range(1,n+1)]</pre></div><div class="alert alert-secondary"><pre class="diff">============================= test session starts ==============================
platform linux -- Python 3.10.12, pytest-8.3.3, pluggy-1.5.0
rootdir: /home/teste/python_experiments2/fizz-buzz
collected 2 items

ts-3-5/test_3-5_0-9_289.py FF                                            [100%]

=========================== short test summary info ============================
FAILED ts-3-5/test_3-5_0-9_289.py::test_fizz_buzz - AssertionError: assert ['...
FAILED ts-3-5/test_3-5_0-9_289.py::test_fizz_buzz_edge_cases - AssertionError...
============================== 2 failed in 0.07s ===============================
</pre></div></div></div></div></div><div class="mb-1" id="job_list___sub_accordion_43"><div class="card"><a data-toggle="collapse" data-target="#job_list___sub_collapse_43_1" aria-expanded="false" aria-controls="job_list___sub_collapse_43_1" href="#" class="job_list___sub_multi_heading"><div role="alert" class="card-header alert-success" id="job_list___sub_heading_43_1"><button class="btn btn-outline-success"><span class="job_id">43 : Job ID a972b490f5754d74aea9d6bc7d05ee6b</span></button></div></a><div aria-labelledby="job_list___sub_heading_43_1" data-parent="#job_list___sub_accordion_43" class="collapse job_list___sub_multi_collapse" id="job_list___sub_collapse_43_1"><div class="card-body"><div class="work-item"><div class="alert alert-success test-outcome" role="alert"><p>worker outcome: normal</p><p>test outcome: killed</p></div></div><pre class="location"><a href="pycharm://open?file=fizz_buzz.py&amp;line=9" class="text-secondary"><button class="btn btn-outline-dark">fizz_buzz.py, start pos: (9, 25), end pos: (9, 26)</button></a></pre><pre>operator: core/ReplaceBinaryOperator_Mod_BitXor, occurrence: 0</pre><div class="alert alert-secondary"><pre class="diff">--- mutation diff ---
--- afizz_buzz.py
+++ bfizz_buzz.py
@@ -6,4 +6,4 @@
     divisible by both, add "FizzBuzz"
 
     """
-    return [("Fizz" if x % 3 == 0 else "") + ("Buzz" if x % 5 == 0 else "") or str(x) for x in range(1,n+1)]
+    return [("Fizz" if x ^ 3 == 0 else "") + ("Buzz" if x % 5 == 0 else "") or str(x) for x in range(1,n+1)]</pre></div><div class="alert alert-secondary"><pre class="diff">============================= test session starts ==============================
platform linux -- Python 3.10.12, pytest-8.3.3, pluggy-1.5.0
rootdir: /home/teste/python_experiments2/fizz-buzz
collected 2 items

ts-3-5/test_3-5_0-9_289.py FF                                            [100%]

=========================== short test summary info ============================
FAILED ts-3-5/test_3-5_0-9_289.py::test_fizz_buzz - AssertionError: assert ['...
FAILED ts-3-5/test_3-5_0-9_289.py::test_fizz_buzz_edge_cases - AssertionError...
============================== 2 failed in 0.07s ===============================
</pre></div></div></div></div></div><div class="mb-1" id="job_list___sub_accordion_44"><div class="card"><a data-toggle="collapse" data-target="#job_list___sub_collapse_44_1" aria-expanded="false" aria-controls="job_list___sub_collapse_44_1" href="#" class="job_list___sub_multi_heading"><div role="alert" class="card-header alert-success" id="job_list___sub_heading_44_1"><button class="btn btn-outline-success"><span class="job_id">44 : Job ID a93abb74f7d84feaa31bb93d88f12e2a</span></button></div></a><div aria-labelledby="job_list___sub_heading_44_1" data-parent="#job_list___sub_accordion_44" class="collapse job_list___sub_multi_collapse" id="job_list___sub_collapse_44_1"><div class="card-body"><div class="work-item"><div class="alert alert-success test-outcome" role="alert"><p>worker outcome: normal</p><p>test outcome: killed</p></div></div><pre class="location"><a href="pycharm://open?file=fizz_buzz.py&amp;line=9" class="text-secondary"><button class="btn btn-outline-dark">fizz_buzz.py, start pos: (9, 58), end pos: (9, 59)</button></a></pre><pre>operator: core/ReplaceBinaryOperator_Mod_BitXor, occurrence: 1</pre><div class="alert alert-secondary"><pre class="diff">--- mutation diff ---
--- afizz_buzz.py
+++ bfizz_buzz.py
@@ -6,4 +6,4 @@
     divisible by both, add "FizzBuzz"
 
     """
-    return [("Fizz" if x % 3 == 0 else "") + ("Buzz" if x % 5 == 0 else "") or str(x) for x in range(1,n+1)]
+    return [("Fizz" if x % 3 == 0 else "") + ("Buzz" if x ^ 5 == 0 else "") or str(x) for x in range(1,n+1)]</pre></div><div class="alert alert-secondary"><pre class="diff">============================= test session starts ==============================
platform linux -- Python 3.10.12, pytest-8.3.3, pluggy-1.5.0
rootdir: /home/teste/python_experiments2/fizz-buzz
collected 2 items

ts-3-5/test_3-5_0-9_289.py FF                                            [100%]

=========================== short test summary info ============================
FAILED ts-3-5/test_3-5_0-9_289.py::test_fizz_buzz - AssertionError: assert ['...
FAILED ts-3-5/test_3-5_0-9_289.py::test_fizz_buzz_edge_cases - AssertionError...
============================== 2 failed in 0.07s ===============================
</pre></div></div></div></div></div><div class="mb-1" id="job_list___sub_accordion_45"><div class="card"><a data-toggle="collapse" data-target="#job_list___sub_collapse_45_1" aria-expanded="false" aria-controls="job_list___sub_collapse_45_1" href="#" class="job_list___sub_multi_heading"><div role="alert" class="card-header alert-success" id="job_list___sub_heading_45_1"><button class="btn btn-outline-success"><span class="job_id">45 : Job ID 5e43e8c4ef3b4b02920aa718d3130ea8</span></button></div></a><div aria-labelledby="job_list___sub_heading_45_1" data-parent="#job_list___sub_accordion_45" class="collapse job_list___sub_multi_collapse" id="job_list___sub_collapse_45_1"><div class="card-body"><div class="work-item"><div class="alert alert-success test-outcome" role="alert"><p>worker outcome: normal</p><p>test outcome: killed</p></div></div><pre class="location"><a href="pycharm://open?file=fizz_buzz.py&amp;line=9" class="text-secondary"><button class="btn btn-outline-dark">fizz_buzz.py, start pos: (9, 29), end pos: (9, 31)</button></a></pre><pre>operator: core/ReplaceComparisonOperator_Eq_NotEq, occurrence: 0</pre><div class="alert alert-secondary"><pre class="diff">--- mutation diff ---
--- afizz_buzz.py
+++ bfizz_buzz.py
@@ -6,4 +6,4 @@
     divisible by both, add "FizzBuzz"
 
     """
-    return [("Fizz" if x % 3 == 0 else "") + ("Buzz" if x % 5 == 0 else "") or str(x) for x in range(1,n+1)]
+    return [("Fizz" if x % 3 != 0 else "") + ("Buzz" if x % 5 == 0 else "") or str(x) for x in range(1,n+1)]</pre></div><div class="alert alert-secondary"><pre class="diff">============================= test session starts ==============================
platform linux -- Python 3.10.12, pytest-8.3.3, pluggy-1.5.0
rootdir: /home/teste/python_experiments2/fizz-buzz
collected 2 items

ts-3-5/test_3-5_0-9_289.py FF                                            [100%]

=========================== short test summary info ============================
FAILED ts-3-5/test_3-5_0-9_289.py::test_fizz_buzz - AssertionError: assert ['...
FAILED ts-3-5/test_3-5_0-9_289.py::test_fizz_buzz_edge_cases - AssertionError...
============================== 2 failed in 0.07s ===============================
</pre></div></div></div></div></div><div class="mb-1" id="job_list___sub_accordion_46"><div class="card"><a data-toggle="collapse" data-target="#job_list___sub_collapse_46_1" aria-expanded="false" aria-controls="job_list___sub_collapse_46_1" href="#" class="job_list___sub_multi_heading"><div role="alert" class="card-header alert-success" id="job_list___sub_heading_46_1"><button class="btn btn-outline-success"><span class="job_id">46 : Job ID 0bd55a59311a4d06bc34af677413edb4</span></button></div></a><div aria-labelledby="job_list___sub_heading_46_1" data-parent="#job_list___sub_accordion_46" class="collapse job_list___sub_multi_collapse" id="job_list___sub_collapse_46_1"><div class="card-body"><div class="work-item"><div class="alert alert-success test-outcome" role="alert"><p>worker outcome: normal</p><p>test outcome: killed</p></div></div><pre class="location"><a href="pycharm://open?file=fizz_buzz.py&amp;line=9" class="text-secondary"><button class="btn btn-outline-dark">fizz_buzz.py, start pos: (9, 62), end pos: (9, 64)</button></a></pre><pre>operator: core/ReplaceComparisonOperator_Eq_NotEq, occurrence: 1</pre><div class="alert alert-secondary"><pre class="diff">--- mutation diff ---
--- afizz_buzz.py
+++ bfizz_buzz.py
@@ -6,4 +6,4 @@
     divisible by both, add "FizzBuzz"
 
     """
-    return [("Fizz" if x % 3 == 0 else "") + ("Buzz" if x % 5 == 0 else "") or str(x) for x in range(1,n+1)]
+    return [("Fizz" if x % 3 == 0 else "") + ("Buzz" if x % 5 != 0 else "") or str(x) for x in range(1,n+1)]</pre></div><div class="alert alert-secondary"><pre class="diff">============================= test session starts ==============================
platform linux -- Python 3.10.12, pytest-8.3.3, pluggy-1.5.0
rootdir: /home/teste/python_experiments2/fizz-buzz
collected 2 items

ts-3-5/test_3-5_0-9_289.py FF                                            [100%]

=========================== short test summary info ============================
FAILED ts-3-5/test_3-5_0-9_289.py::test_fizz_buzz - AssertionError: assert ['...
FAILED ts-3-5/test_3-5_0-9_289.py::test_fizz_buzz_edge_cases - AssertionError...
============================== 2 failed in 0.07s ===============================
</pre></div></div></div></div></div><div class="mb-1" id="job_list___sub_accordion_47"><div class="card"><a data-toggle="collapse" data-target="#job_list___sub_collapse_47_1" aria-expanded="false" aria-controls="job_list___sub_collapse_47_1" href="#" class="job_list___sub_multi_heading"><div role="alert" class="card-header alert-success" id="job_list___sub_heading_47_1"><button class="btn btn-outline-success"><span class="job_id">47 : Job ID 7b1c52ac39e14405b585c31a2c20c03c</span></button></div></a><div aria-labelledby="job_list___sub_heading_47_1" data-parent="#job_list___sub_accordion_47" class="collapse job_list___sub_multi_collapse" id="job_list___sub_collapse_47_1"><div class="card-body"><div class="work-item"><div class="alert alert-success test-outcome" role="alert"><p>worker outcome: normal</p><p>test outcome: killed</p></div></div><pre class="location"><a href="pycharm://open?file=fizz_buzz.py&amp;line=9" class="text-secondary"><button class="btn btn-outline-dark">fizz_buzz.py, start pos: (9, 29), end pos: (9, 31)</button></a></pre><pre>operator: core/ReplaceComparisonOperator_Eq_Lt, occurrence: 0</pre><div class="alert alert-secondary"><pre class="diff">--- mutation diff ---
--- afizz_buzz.py
+++ bfizz_buzz.py
@@ -6,4 +6,4 @@
     divisible by both, add "FizzBuzz"
 
     """
-    return [("Fizz" if x % 3 == 0 else "") + ("Buzz" if x % 5 == 0 else "") or str(x) for x in range(1,n+1)]
+    return [("Fizz" if x % 3 &lt; 0 else "") + ("Buzz" if x % 5 == 0 else "") or str(x) for x in range(1,n+1)]</pre></div><div class="alert alert-secondary"><pre class="diff">============================= test session starts ==============================
platform linux -- Python 3.10.12, pytest-8.3.3, pluggy-1.5.0
rootdir: /home/teste/python_experiments2/fizz-buzz
collected 2 items

ts-3-5/test_3-5_0-9_289.py FF                                            [100%]

=========================== short test summary info ============================
FAILED ts-3-5/test_3-5_0-9_289.py::test_fizz_buzz - AssertionError: assert ['...
FAILED ts-3-5/test_3-5_0-9_289.py::test_fizz_buzz_edge_cases - AssertionError...
============================== 2 failed in 0.07s ===============================
</pre></div></div></div></div></div><div class="mb-1" id="job_list___sub_accordion_48"><div class="card"><a data-toggle="collapse" data-target="#job_list___sub_collapse_48_1" aria-expanded="false" aria-controls="job_list___sub_collapse_48_1" href="#" class="job_list___sub_multi_heading"><div role="alert" class="card-header alert-success" id="job_list___sub_heading_48_1"><button class="btn btn-outline-success"><span class="job_id">48 : Job ID a9fce419bebf400990f049b62091dc95</span></button></div></a><div aria-labelledby="job_list___sub_heading_48_1" data-parent="#job_list___sub_accordion_48" class="collapse job_list___sub_multi_collapse" id="job_list___sub_collapse_48_1"><div class="card-body"><div class="work-item"><div class="alert alert-success test-outcome" role="alert"><p>worker outcome: normal</p><p>test outcome: killed</p></div></div><pre class="location"><a href="pycharm://open?file=fizz_buzz.py&amp;line=9" class="text-secondary"><button class="btn btn-outline-dark">fizz_buzz.py, start pos: (9, 62), end pos: (9, 64)</button></a></pre><pre>operator: core/ReplaceComparisonOperator_Eq_Lt, occurrence: 1</pre><div class="alert alert-secondary"><pre class="diff">--- mutation diff ---
--- afizz_buzz.py
+++ bfizz_buzz.py
@@ -6,4 +6,4 @@
     divisible by both, add "FizzBuzz"
 
     """
-    return [("Fizz" if x % 3 == 0 else "") + ("Buzz" if x % 5 == 0 else "") or str(x) for x in range(1,n+1)]
+    return [("Fizz" if x % 3 == 0 else "") + ("Buzz" if x % 5 &lt; 0 else "") or str(x) for x in range(1,n+1)]</pre></div><div class="alert alert-secondary"><pre class="diff">============================= test session starts ==============================
platform linux -- Python 3.10.12, pytest-8.3.3, pluggy-1.5.0
rootdir: /home/teste/python_experiments2/fizz-buzz
collected 2 items

ts-3-5/test_3-5_0-9_289.py FF                                            [100%]

=========================== short test summary info ============================
FAILED ts-3-5/test_3-5_0-9_289.py::test_fizz_buzz - AssertionError: assert ['...
FAILED ts-3-5/test_3-5_0-9_289.py::test_fizz_buzz_edge_cases - AssertionError...
============================== 2 failed in 0.07s ===============================
</pre></div></div></div></div></div><div class="mb-1" id="job_list___sub_accordion_49"><div class="card"><a data-toggle="collapse" data-target="#job_list___sub_collapse_49_1" aria-expanded="false" aria-controls="job_list___sub_collapse_49_1" href="#" class="job_list___sub_multi_heading"><div role="alert" class="card-header alert-danger" id="job_list___sub_heading_49_1"><button class="btn btn-outline-danger"><span class="job_id">49 : Job ID a078b314b88546c08619d18b24217de4</span></button></div></a><div aria-labelledby="job_list___sub_heading_49_1" data-parent="#job_list___sub_accordion_49" class="collapse job_list___sub_multi_collapse" id="job_list___sub_collapse_49_1"><div class="card-body"><div class="work-item"><div class="alert alert-danger test-outcome" role="alert"><p>SURVIVED</p><p>worker outcome: normal</p><p>test outcome: survived</p></div></div><pre class="location"><a href="pycharm://open?file=fizz_buzz.py&amp;line=9" class="text-secondary"><button class="btn btn-outline-dark">fizz_buzz.py, start pos: (9, 29), end pos: (9, 31)</button></a></pre><pre>operator: core/ReplaceComparisonOperator_Eq_LtE, occurrence: 0</pre><div class="alert alert-secondary"><pre class="diff">--- mutation diff ---
--- afizz_buzz.py
+++ bfizz_buzz.py
@@ -6,4 +6,4 @@
     divisible by both, add "FizzBuzz"
 
     """
-    return [("Fizz" if x % 3 == 0 else "") + ("Buzz" if x % 5 == 0 else "") or str(x) for x in range(1,n+1)]
+    return [("Fizz" if x % 3 &lt;= 0 else "") + ("Buzz" if x % 5 == 0 else "") or str(x) for x in range(1,n+1)]</pre></div><div class="alert alert-secondary"><pre class="diff">============================= test session starts ==============================
platform linux -- Python 3.10.12, pytest-8.3.3, pluggy-1.5.0
rootdir: /home/teste/python_experiments2/fizz-buzz
collected 2 items

ts-3-5/test_3-5_0-9_289.py ..                                            [100%]

============================== 2 passed in 0.07s ===============================
</pre></div></div></div></div></div><div class="mb-1" id="job_list___sub_accordion_50"><div class="card"><a data-toggle="collapse" data-target="#job_list___sub_collapse_50_1" aria-expanded="false" aria-controls="job_list___sub_collapse_50_1" href="#" class="job_list___sub_multi_heading"><div role="alert" class="card-header alert-danger" id="job_list___sub_heading_50_1"><button class="btn btn-outline-danger"><span class="job_id">50 : Job ID c2bdfe550d52446e88b5e21be1abf795</span></button></div></a><div aria-labelledby="job_list___sub_heading_50_1" data-parent="#job_list___sub_accordion_50" class="collapse job_list___sub_multi_collapse" id="job_list___sub_collapse_50_1"><div class="card-body"><div class="work-item"><div class="alert alert-danger test-outcome" role="alert"><p>SURVIVED</p><p>worker outcome: normal</p><p>test outcome: survived</p></div></div><pre class="location"><a href="pycharm://open?file=fizz_buzz.py&amp;line=9" class="text-secondary"><button class="btn btn-outline-dark">fizz_buzz.py, start pos: (9, 62), end pos: (9, 64)</button></a></pre><pre>operator: core/ReplaceComparisonOperator_Eq_LtE, occurrence: 1</pre><div class="alert alert-secondary"><pre class="diff">--- mutation diff ---
--- afizz_buzz.py
+++ bfizz_buzz.py
@@ -6,4 +6,4 @@
     divisible by both, add "FizzBuzz"
 
     """
-    return [("Fizz" if x % 3 == 0 else "") + ("Buzz" if x % 5 == 0 else "") or str(x) for x in range(1,n+1)]
+    return [("Fizz" if x % 3 == 0 else "") + ("Buzz" if x % 5 &lt;= 0 else "") or str(x) for x in range(1,n+1)]</pre></div><div class="alert alert-secondary"><pre class="diff">============================= test session starts ==============================
platform linux -- Python 3.10.12, pytest-8.3.3, pluggy-1.5.0
rootdir: /home/teste/python_experiments2/fizz-buzz
collected 2 items

ts-3-5/test_3-5_0-9_289.py ..                                            [100%]

============================== 2 passed in 0.07s ===============================
</pre></div></div></div></div></div><div class="mb-1" id="job_list___sub_accordion_51"><div class="card"><a data-toggle="collapse" data-target="#job_list___sub_collapse_51_1" aria-expanded="false" aria-controls="job_list___sub_collapse_51_1" href="#" class="job_list___sub_multi_heading"><div role="alert" class="card-header alert-success" id="job_list___sub_heading_51_1"><button class="btn btn-outline-success"><span class="job_id">51 : Job ID 44af96b144604516ab137a13a36ff75a</span></button></div></a><div aria-labelledby="job_list___sub_heading_51_1" data-parent="#job_list___sub_accordion_51" class="collapse job_list___sub_multi_collapse" id="job_list___sub_collapse_51_1"><div class="card-body"><div class="work-item"><div class="alert alert-success test-outcome" role="alert"><p>worker outcome: normal</p><p>test outcome: killed</p></div></div><pre class="location"><a href="pycharm://open?file=fizz_buzz.py&amp;line=9" class="text-secondary"><button class="btn btn-outline-dark">fizz_buzz.py, start pos: (9, 29), end pos: (9, 31)</button></a></pre><pre>operator: core/ReplaceComparisonOperator_Eq_Gt, occurrence: 0</pre><div class="alert alert-secondary"><pre class="diff">--- mutation diff ---
--- afizz_buzz.py
+++ bfizz_buzz.py
@@ -6,4 +6,4 @@
     divisible by both, add "FizzBuzz"
 
     """
-    return [("Fizz" if x % 3 == 0 else "") + ("Buzz" if x % 5 == 0 else "") or str(x) for x in range(1,n+1)]
+    return [("Fizz" if x % 3 &gt; 0 else "") + ("Buzz" if x % 5 == 0 else "") or str(x) for x in range(1,n+1)]</pre></div><div class="alert alert-secondary"><pre class="diff">============================= test session starts ==============================
platform linux -- Python 3.10.12, pytest-8.3.3, pluggy-1.5.0
rootdir: /home/teste/python_experiments2/fizz-buzz
collected 2 items

ts-3-5/test_3-5_0-9_289.py FF                                            [100%]

=========================== short test summary info ============================
FAILED ts-3-5/test_3-5_0-9_289.py::test_fizz_buzz - AssertionError: assert ['...
FAILED ts-3-5/test_3-5_0-9_289.py::test_fizz_buzz_edge_cases - AssertionError...
============================== 2 failed in 0.07s ===============================
</pre></div></div></div></div></div><div class="mb-1" id="job_list___sub_accordion_52"><div class="card"><a data-toggle="collapse" data-target="#job_list___sub_collapse_52_1" aria-expanded="false" aria-controls="job_list___sub_collapse_52_1" href="#" class="job_list___sub_multi_heading"><div role="alert" class="card-header alert-success" id="job_list___sub_heading_52_1"><button class="btn btn-outline-success"><span class="job_id">52 : Job ID 2cc7fd9be27741f9ad0db1bb22740ab0</span></button></div></a><div aria-labelledby="job_list___sub_heading_52_1" data-parent="#job_list___sub_accordion_52" class="collapse job_list___sub_multi_collapse" id="job_list___sub_collapse_52_1"><div class="card-body"><div class="work-item"><div class="alert alert-success test-outcome" role="alert"><p>worker outcome: normal</p><p>test outcome: killed</p></div></div><pre class="location"><a href="pycharm://open?file=fizz_buzz.py&amp;line=9" class="text-secondary"><button class="btn btn-outline-dark">fizz_buzz.py, start pos: (9, 62), end pos: (9, 64)</button></a></pre><pre>operator: core/ReplaceComparisonOperator_Eq_Gt, occurrence: 1</pre><div class="alert alert-secondary"><pre class="diff">--- mutation diff ---
--- afizz_buzz.py
+++ bfizz_buzz.py
@@ -6,4 +6,4 @@
     divisible by both, add "FizzBuzz"
 
     """
-    return [("Fizz" if x % 3 == 0 else "") + ("Buzz" if x % 5 == 0 else "") or str(x) for x in range(1,n+1)]
+    return [("Fizz" if x % 3 == 0 else "") + ("Buzz" if x % 5 &gt; 0 else "") or str(x) for x in range(1,n+1)]</pre></div><div class="alert alert-secondary"><pre class="diff">============================= test session starts ==============================
platform linux -- Python 3.10.12, pytest-8.3.3, pluggy-1.5.0
rootdir: /home/teste/python_experiments2/fizz-buzz
collected 2 items

ts-3-5/test_3-5_0-9_289.py FF                                            [100%]

=========================== short test summary info ============================
FAILED ts-3-5/test_3-5_0-9_289.py::test_fizz_buzz - AssertionError: assert ['...
FAILED ts-3-5/test_3-5_0-9_289.py::test_fizz_buzz_edge_cases - AssertionError...
============================== 2 failed in 0.07s ===============================
</pre></div></div></div></div></div><div class="mb-1" id="job_list___sub_accordion_53"><div class="card"><a data-toggle="collapse" data-target="#job_list___sub_collapse_53_1" aria-expanded="false" aria-controls="job_list___sub_collapse_53_1" href="#" class="job_list___sub_multi_heading"><div role="alert" class="card-header alert-success" id="job_list___sub_heading_53_1"><button class="btn btn-outline-success"><span class="job_id">53 : Job ID 48cdec308bef4da3b78f71519f21217d</span></button></div></a><div aria-labelledby="job_list___sub_heading_53_1" data-parent="#job_list___sub_accordion_53" class="collapse job_list___sub_multi_collapse" id="job_list___sub_collapse_53_1"><div class="card-body"><div class="work-item"><div class="alert alert-success test-outcome" role="alert"><p>worker outcome: normal</p><p>test outcome: killed</p></div></div><pre class="location"><a href="pycharm://open?file=fizz_buzz.py&amp;line=9" class="text-secondary"><button class="btn btn-outline-dark">fizz_buzz.py, start pos: (9, 29), end pos: (9, 31)</button></a></pre><pre>operator: core/ReplaceComparisonOperator_Eq_GtE, occurrence: 0</pre><div class="alert alert-secondary"><pre class="diff">--- mutation diff ---
--- afizz_buzz.py
+++ bfizz_buzz.py
@@ -6,4 +6,4 @@
     divisible by both, add "FizzBuzz"
 
     """
-    return [("Fizz" if x % 3 == 0 else "") + ("Buzz" if x % 5 == 0 else "") or str(x) for x in range(1,n+1)]
+    return [("Fizz" if x % 3 &gt;= 0 else "") + ("Buzz" if x % 5 == 0 else "") or str(x) for x in range(1,n+1)]</pre></div><div class="alert alert-secondary"><pre class="diff">============================= test session starts ==============================
platform linux -- Python 3.10.12, pytest-8.3.3, pluggy-1.5.0
rootdir: /home/teste/python_experiments2/fizz-buzz
collected 2 items

ts-3-5/test_3-5_0-9_289.py FF                                            [100%]

=========================== short test summary info ============================
FAILED ts-3-5/test_3-5_0-9_289.py::test_fizz_buzz - AssertionError: assert ['...
FAILED ts-3-5/test_3-5_0-9_289.py::test_fizz_buzz_edge_cases - AssertionError...
============================== 2 failed in 0.07s ===============================
</pre></div></div></div></div></div><div class="mb-1" id="job_list___sub_accordion_54"><div class="card"><a data-toggle="collapse" data-target="#job_list___sub_collapse_54_1" aria-expanded="false" aria-controls="job_list___sub_collapse_54_1" href="#" class="job_list___sub_multi_heading"><div role="alert" class="card-header alert-success" id="job_list___sub_heading_54_1"><button class="btn btn-outline-success"><span class="job_id">54 : Job ID e298b491b4984fe197a25a77b401280a</span></button></div></a><div aria-labelledby="job_list___sub_heading_54_1" data-parent="#job_list___sub_accordion_54" class="collapse job_list___sub_multi_collapse" id="job_list___sub_collapse_54_1"><div class="card-body"><div class="work-item"><div class="alert alert-success test-outcome" role="alert"><p>worker outcome: normal</p><p>test outcome: killed</p></div></div><pre class="location"><a href="pycharm://open?file=fizz_buzz.py&amp;line=9" class="text-secondary"><button class="btn btn-outline-dark">fizz_buzz.py, start pos: (9, 62), end pos: (9, 64)</button></a></pre><pre>operator: core/ReplaceComparisonOperator_Eq_GtE, occurrence: 1</pre><div class="alert alert-secondary"><pre class="diff">--- mutation diff ---
--- afizz_buzz.py
+++ bfizz_buzz.py
@@ -6,4 +6,4 @@
     divisible by both, add "FizzBuzz"
 
     """
-    return [("Fizz" if x % 3 == 0 else "") + ("Buzz" if x % 5 == 0 else "") or str(x) for x in range(1,n+1)]
+    return [("Fizz" if x % 3 == 0 else "") + ("Buzz" if x % 5 &gt;= 0 else "") or str(x) for x in range(1,n+1)]</pre></div><div class="alert alert-secondary"><pre class="diff">============================= test session starts ==============================
platform linux -- Python 3.10.12, pytest-8.3.3, pluggy-1.5.0
rootdir: /home/teste/python_experiments2/fizz-buzz
collected 2 items

ts-3-5/test_3-5_0-9_289.py FF                                            [100%]

=========================== short test summary info ============================
FAILED ts-3-5/test_3-5_0-9_289.py::test_fizz_buzz - AssertionError: assert ['...
FAILED ts-3-5/test_3-5_0-9_289.py::test_fizz_buzz_edge_cases - AssertionError...
============================== 2 failed in 0.07s ===============================
</pre></div></div></div></div></div><div class="mb-1" id="job_list___sub_accordion_55"><div class="card"><a data-toggle="collapse" data-target="#job_list___sub_collapse_55_1" aria-expanded="false" aria-controls="job_list___sub_collapse_55_1" href="#" class="job_list___sub_multi_heading"><div role="alert" class="card-header alert-success" id="job_list___sub_heading_55_1"><button class="btn btn-outline-success"><span class="job_id">55 : Job ID 651cad069c0242048ed5f5d548af8d98</span></button></div></a><div aria-labelledby="job_list___sub_heading_55_1" data-parent="#job_list___sub_accordion_55" class="collapse job_list___sub_multi_collapse" id="job_list___sub_collapse_55_1"><div class="card-body"><div class="work-item"><div class="alert alert-success test-outcome" role="alert"><p>worker outcome: normal</p><p>test outcome: killed</p></div></div><pre class="location"><a href="pycharm://open?file=fizz_buzz.py&amp;line=9" class="text-secondary"><button class="btn btn-outline-dark">fizz_buzz.py, start pos: (9, 23), end pos: (9, 33)</button></a></pre><pre>operator: core/AddNot, occurrence: 0</pre><div class="alert alert-secondary"><pre class="diff">--- mutation diff ---
--- afizz_buzz.py
+++ bfizz_buzz.py
@@ -6,4 +6,4 @@
     divisible by both, add "FizzBuzz"
 
     """
-    return [("Fizz" if x % 3 == 0 else "") + ("Buzz" if x % 5 == 0 else "") or str(x) for x in range(1,n+1)]
+    return [("Fizz" if not x % 3 == 0 else "") + ("Buzz" if x % 5 == 0 else "") or str(x) for x in range(1,n+1)]</pre></div><div class="alert alert-secondary"><pre class="diff">============================= test session starts ==============================
platform linux -- Python 3.10.12, pytest-8.3.3, pluggy-1.5.0
rootdir: /home/teste/python_experiments2/fizz-buzz
collected 2 items

ts-3-5/test_3-5_0-9_289.py FF                                            [100%]

=========================== short test summary info ============================
FAILED ts-3-5/test_3-5_0-9_289.py::test_fizz_buzz - AssertionError: assert ['...
FAILED ts-3-5/test_3-5_0-9_289.py::test_fizz_buzz_edge_cases - AssertionError...
============================== 2 failed in 0.07s ===============================
</pre></div></div></div></div></div><div class="mb-1" id="job_list___sub_accordion_56"><div class="card"><a data-toggle="collapse" data-target="#job_list___sub_collapse_56_1" aria-expanded="false" aria-controls="job_list___sub_collapse_56_1" href="#" class="job_list___sub_multi_heading"><div role="alert" class="card-header alert-success" id="job_list___sub_heading_56_1"><button class="btn btn-outline-success"><span class="job_id">56 : Job ID 0e73596cdd0e4fa180f60df145fb5650</span></button></div></a><div aria-labelledby="job_list___sub_heading_56_1" data-parent="#job_list___sub_accordion_56" class="collapse job_list___sub_multi_collapse" id="job_list___sub_collapse_56_1"><div class="card-body"><div class="work-item"><div class="alert alert-success test-outcome" role="alert"><p>worker outcome: normal</p><p>test outcome: killed</p></div></div><pre class="location"><a href="pycharm://open?file=fizz_buzz.py&amp;line=9" class="text-secondary"><button class="btn btn-outline-dark">fizz_buzz.py, start pos: (9, 56), end pos: (9, 66)</button></a></pre><pre>operator: core/AddNot, occurrence: 1</pre><div class="alert alert-secondary"><pre class="diff">--- mutation diff ---
--- afizz_buzz.py
+++ bfizz_buzz.py
@@ -6,4 +6,4 @@
     divisible by both, add "FizzBuzz"
 
     """
-    return [("Fizz" if x % 3 == 0 else "") + ("Buzz" if x % 5 == 0 else "") or str(x) for x in range(1,n+1)]
+    return [("Fizz" if x % 3 == 0 else "") + ("Buzz" if not x % 5 == 0 else "") or str(x) for x in range(1,n+1)]</pre></div><div class="alert alert-secondary"><pre class="diff">============================= test session starts ==============================
platform linux -- Python 3.10.12, pytest-8.3.3, pluggy-1.5.0
rootdir: /home/teste/python_experiments2/fizz-buzz
collected 2 items

ts-3-5/test_3-5_0-9_289.py FF                                            [100%]

=========================== short test summary info ============================
FAILED ts-3-5/test_3-5_0-9_289.py::test_fizz_buzz - AssertionError: assert ['...
FAILED ts-3-5/test_3-5_0-9_289.py::test_fizz_buzz_edge_cases - AssertionError...
============================== 2 failed in 0.07s ===============================
</pre></div></div></div></div></div><div class="mb-1" id="job_list___sub_accordion_57"><div class="card"><a data-toggle="collapse" data-target="#job_list___sub_collapse_57_1" aria-expanded="false" aria-controls="job_list___sub_collapse_57_1" href="#" class="job_list___sub_multi_heading"><div role="alert" class="card-header alert-success" id="job_list___sub_heading_57_1"><button class="btn btn-outline-success"><span class="job_id">57 : Job ID 660a171cd6324dc5a8e2e408030b1a24</span></button></div></a><div aria-labelledby="job_list___sub_heading_57_1" data-parent="#job_list___sub_accordion_57" class="collapse job_list___sub_multi_collapse" id="job_list___sub_collapse_57_1"><div class="card-body"><div class="work-item"><div class="alert alert-success test-outcome" role="alert"><p>worker outcome: normal</p><p>test outcome: killed</p></div></div><pre class="location"><a href="pycharm://open?file=fizz_buzz.py&amp;line=9" class="text-secondary"><button class="btn btn-outline-dark">fizz_buzz.py, start pos: (9, 76), end pos: (9, 78)</button></a></pre><pre>operator: core/ReplaceOrWithAnd, occurrence: 0</pre><div class="alert alert-secondary"><pre class="diff">--- mutation diff ---
--- afizz_buzz.py
+++ bfizz_buzz.py
@@ -6,4 +6,4 @@
     divisible by both, add "FizzBuzz"
 
     """
-    return [("Fizz" if x % 3 == 0 else "") + ("Buzz" if x % 5 == 0 else "") or str(x) for x in range(1,n+1)]
+    return [("Fizz" if x % 3 == 0 else "") + ("Buzz" if x % 5 == 0 else "") and str(x) for x in range(1,n+1)]</pre></div><div class="alert alert-secondary"><pre class="diff">============================= test session starts ==============================
platform linux -- Python 3.10.12, pytest-8.3.3, pluggy-1.5.0
rootdir: /home/teste/python_experiments2/fizz-buzz
collected 2 items

ts-3-5/test_3-5_0-9_289.py FF                                            [100%]

=========================== short test summary info ============================
FAILED ts-3-5/test_3-5_0-9_289.py::test_fizz_buzz - AssertionError: assert ['...
FAILED ts-3-5/test_3-5_0-9_289.py::test_fizz_buzz_edge_cases - AssertionError...
============================== 2 failed in 0.07s ===============================
</pre></div></div></div></div></div><div class="mb-1" id="job_list___sub_accordion_58"><div class="card"><a data-toggle="collapse" data-target="#job_list___sub_collapse_58_1" aria-expanded="false" aria-controls="job_list___sub_collapse_58_1" href="#" class="job_list___sub_multi_heading"><div role="alert" class="card-header alert-success" id="job_list___sub_heading_58_1"><button class="btn btn-outline-success"><span class="job_id">58 : Job ID 8dad0c92961d432a9501a0e2d464b81a</span></button></div></a><div aria-labelledby="job_list___sub_heading_58_1" data-parent="#job_list___sub_accordion_58" class="collapse job_list___sub_multi_collapse" id="job_list___sub_collapse_58_1"><div class="card-body"><div class="work-item"><div class="alert alert-success test-outcome" role="alert"><p>worker outcome: normal</p><p>test outcome: killed</p></div></div><pre class="location"><a href="pycharm://open?file=fizz_buzz.py&amp;line=9" class="text-secondary"><button class="btn btn-outline-dark">fizz_buzz.py, start pos: (9, 27), end pos: (9, 28)</button></a></pre><pre>operator: core/NumberReplacer, occurrence: 0</pre><div class="alert alert-secondary"><pre class="diff">--- mutation diff ---
--- afizz_buzz.py
+++ bfizz_buzz.py
@@ -6,4 +6,4 @@
     divisible by both, add "FizzBuzz"
 
     """
-    return [("Fizz" if x % 3 == 0 else "") + ("Buzz" if x % 5 == 0 else "") or str(x) for x in range(1,n+1)]
+    return [("Fizz" if x % 4 == 0 else "") + ("Buzz" if x % 5 == 0 else "") or str(x) for x in range(1,n+1)]</pre></div><div class="alert alert-secondary"><pre class="diff">============================= test session starts ==============================
platform linux -- Python 3.10.12, pytest-8.3.3, pluggy-1.5.0
rootdir: /home/teste/python_experiments2/fizz-buzz
collected 2 items

ts-3-5/test_3-5_0-9_289.py FF                                            [100%]

=========================== short test summary info ============================
FAILED ts-3-5/test_3-5_0-9_289.py::test_fizz_buzz - AssertionError: assert ['...
FAILED ts-3-5/test_3-5_0-9_289.py::test_fizz_buzz_edge_cases - AssertionError...
============================== 2 failed in 0.07s ===============================
</pre></div></div></div></div></div><div class="mb-1" id="job_list___sub_accordion_59"><div class="card"><a data-toggle="collapse" data-target="#job_list___sub_collapse_59_1" aria-expanded="false" aria-controls="job_list___sub_collapse_59_1" href="#" class="job_list___sub_multi_heading"><div role="alert" class="card-header alert-success" id="job_list___sub_heading_59_1"><button class="btn btn-outline-success"><span class="job_id">59 : Job ID 5dabf6fee66d442081e3bca1213056f4</span></button></div></a><div aria-labelledby="job_list___sub_heading_59_1" data-parent="#job_list___sub_accordion_59" class="collapse job_list___sub_multi_collapse" id="job_list___sub_collapse_59_1"><div class="card-body"><div class="work-item"><div class="alert alert-success test-outcome" role="alert"><p>worker outcome: normal</p><p>test outcome: killed</p></div></div><pre class="location"><a href="pycharm://open?file=fizz_buzz.py&amp;line=9" class="text-secondary"><button class="btn btn-outline-dark">fizz_buzz.py, start pos: (9, 27), end pos: (9, 28)</button></a></pre><pre>operator: core/NumberReplacer, occurrence: 1</pre><div class="alert alert-secondary"><pre class="diff">--- mutation diff ---
--- afizz_buzz.py
+++ bfizz_buzz.py
@@ -6,4 +6,4 @@
     divisible by both, add "FizzBuzz"
 
     """
-    return [("Fizz" if x % 3 == 0 else "") + ("Buzz" if x % 5 == 0 else "") or str(x) for x in range(1,n+1)]
+    return [("Fizz" if x % 2 == 0 else "") + ("Buzz" if x % 5 == 0 else "") or str(x) for x in range(1,n+1)]</pre></div><div class="alert alert-secondary"><pre class="diff">============================= test session starts ==============================
platform linux -- Python 3.10.12, pytest-8.3.3, pluggy-1.5.0
rootdir: /home/teste/python_experiments2/fizz-buzz
collected 2 items

ts-3-5/test_3-5_0-9_289.py FF                                            [100%]

=========================== short test summary info ============================
FAILED ts-3-5/test_3-5_0-9_289.py::test_fizz_buzz - AssertionError: assert ['...
FAILED ts-3-5/test_3-5_0-9_289.py::test_fizz_buzz_edge_cases - AssertionError...
============================== 2 failed in 0.07s ===============================
</pre></div></div></div></div></div><div class="mb-1" id="job_list___sub_accordion_60"><div class="card"><a data-toggle="collapse" data-target="#job_list___sub_collapse_60_1" aria-expanded="false" aria-controls="job_list___sub_collapse_60_1" href="#" class="job_list___sub_multi_heading"><div role="alert" class="card-header alert-success" id="job_list___sub_heading_60_1"><button class="btn btn-outline-success"><span class="job_id">60 : Job ID 652eb1dd8342465099ed717f2bc276f7</span></button></div></a><div aria-labelledby="job_list___sub_heading_60_1" data-parent="#job_list___sub_accordion_60" class="collapse job_list___sub_multi_collapse" id="job_list___sub_collapse_60_1"><div class="card-body"><div class="work-item"><div class="alert alert-success test-outcome" role="alert"><p>worker outcome: normal</p><p>test outcome: killed</p></div></div><pre class="location"><a href="pycharm://open?file=fizz_buzz.py&amp;line=9" class="text-secondary"><button class="btn btn-outline-dark">fizz_buzz.py, start pos: (9, 32), end pos: (9, 33)</button></a></pre><pre>operator: core/NumberReplacer, occurrence: 2</pre><div class="alert alert-secondary"><pre class="diff">--- mutation diff ---
--- afizz_buzz.py
+++ bfizz_buzz.py
@@ -6,4 +6,4 @@
     divisible by both, add "FizzBuzz"
 
     """
-    return [("Fizz" if x % 3 == 0 else "") + ("Buzz" if x % 5 == 0 else "") or str(x) for x in range(1,n+1)]
+    return [("Fizz" if x % 3 == 1 else "") + ("Buzz" if x % 5 == 0 else "") or str(x) for x in range(1,n+1)]</pre></div><div class="alert alert-secondary"><pre class="diff">============================= test session starts ==============================
platform linux -- Python 3.10.12, pytest-8.3.3, pluggy-1.5.0
rootdir: /home/teste/python_experiments2/fizz-buzz
collected 2 items

ts-3-5/test_3-5_0-9_289.py FF                                            [100%]

=========================== short test summary info ============================
FAILED ts-3-5/test_3-5_0-9_289.py::test_fizz_buzz - AssertionError: assert ['...
FAILED ts-3-5/test_3-5_0-9_289.py::test_fizz_buzz_edge_cases - AssertionError...
============================== 2 failed in 0.07s ===============================
</pre></div></div></div></div></div><div class="mb-1" id="job_list___sub_accordion_61"><div class="card"><a data-toggle="collapse" data-target="#job_list___sub_collapse_61_1" aria-expanded="false" aria-controls="job_list___sub_collapse_61_1" href="#" class="job_list___sub_multi_heading"><div role="alert" class="card-header alert-success" id="job_list___sub_heading_61_1"><button class="btn btn-outline-success"><span class="job_id">61 : Job ID 4290d313c0d449d6b3498c701003b351</span></button></div></a><div aria-labelledby="job_list___sub_heading_61_1" data-parent="#job_list___sub_accordion_61" class="collapse job_list___sub_multi_collapse" id="job_list___sub_collapse_61_1"><div class="card-body"><div class="work-item"><div class="alert alert-success test-outcome" role="alert"><p>worker outcome: normal</p><p>test outcome: killed</p></div></div><pre class="location"><a href="pycharm://open?file=fizz_buzz.py&amp;line=9" class="text-secondary"><button class="btn btn-outline-dark">fizz_buzz.py, start pos: (9, 32), end pos: (9, 33)</button></a></pre><pre>operator: core/NumberReplacer, occurrence: 3</pre><div class="alert alert-secondary"><pre class="diff">--- mutation diff ---
--- afizz_buzz.py
+++ bfizz_buzz.py
@@ -6,4 +6,4 @@
     divisible by both, add "FizzBuzz"
 
     """
-    return [("Fizz" if x % 3 == 0 else "") + ("Buzz" if x % 5 == 0 else "") or str(x) for x in range(1,n+1)]
+    return [("Fizz" if x % 3 == -1 else "") + ("Buzz" if x % 5 == 0 else "") or str(x) for x in range(1,n+1)]</pre></div><div class="alert alert-secondary"><pre class="diff">============================= test session starts ==============================
platform linux -- Python 3.10.12, pytest-8.3.3, pluggy-1.5.0
rootdir: /home/teste/python_experiments2/fizz-buzz
collected 2 items

ts-3-5/test_3-5_0-9_289.py FF                                            [100%]

=========================== short test summary info ============================
FAILED ts-3-5/test_3-5_0-9_289.py::test_fizz_buzz - AssertionError: assert ['...
FAILED ts-3-5/test_3-5_0-9_289.py::test_fizz_buzz_edge_cases - AssertionError...
============================== 2 failed in 0.07s ===============================
</pre></div></div></div></div></div><div class="mb-1" id="job_list___sub_accordion_62"><div class="card"><a data-toggle="collapse" data-target="#job_list___sub_collapse_62_1" aria-expanded="false" aria-controls="job_list___sub_collapse_62_1" href="#" class="job_list___sub_multi_heading"><div role="alert" class="card-header alert-success" id="job_list___sub_heading_62_1"><button class="btn btn-outline-success"><span class="job_id">62 : Job ID d18abbfe2251460fa0fd25297ac32131</span></button></div></a><div aria-labelledby="job_list___sub_heading_62_1" data-parent="#job_list___sub_accordion_62" class="collapse job_list___sub_multi_collapse" id="job_list___sub_collapse_62_1"><div class="card-body"><div class="work-item"><div class="alert alert-success test-outcome" role="alert"><p>worker outcome: normal</p><p>test outcome: killed</p></div></div><pre class="location"><a href="pycharm://open?file=fizz_buzz.py&amp;line=9" class="text-secondary"><button class="btn btn-outline-dark">fizz_buzz.py, start pos: (9, 60), end pos: (9, 61)</button></a></pre><pre>operator: core/NumberReplacer, occurrence: 4</pre><div class="alert alert-secondary"><pre class="diff">--- mutation diff ---
--- afizz_buzz.py
+++ bfizz_buzz.py
@@ -6,4 +6,4 @@
     divisible by both, add "FizzBuzz"
 
     """
-    return [("Fizz" if x % 3 == 0 else "") + ("Buzz" if x % 5 == 0 else "") or str(x) for x in range(1,n+1)]
+    return [("Fizz" if x % 3 == 0 else "") + ("Buzz" if x % 6 == 0 else "") or str(x) for x in range(1,n+1)]</pre></div><div class="alert alert-secondary"><pre class="diff">============================= test session starts ==============================
platform linux -- Python 3.10.12, pytest-8.3.3, pluggy-1.5.0
rootdir: /home/teste/python_experiments2/fizz-buzz
collected 2 items

ts-3-5/test_3-5_0-9_289.py FF                                            [100%]

=========================== short test summary info ============================
FAILED ts-3-5/test_3-5_0-9_289.py::test_fizz_buzz - AssertionError: assert ['...
FAILED ts-3-5/test_3-5_0-9_289.py::test_fizz_buzz_edge_cases - AssertionError...
============================== 2 failed in 0.07s ===============================
</pre></div></div></div></div></div><div class="mb-1" id="job_list___sub_accordion_63"><div class="card"><a data-toggle="collapse" data-target="#job_list___sub_collapse_63_1" aria-expanded="false" aria-controls="job_list___sub_collapse_63_1" href="#" class="job_list___sub_multi_heading"><div role="alert" class="card-header alert-success" id="job_list___sub_heading_63_1"><button class="btn btn-outline-success"><span class="job_id">63 : Job ID d1498c455017468893eedee2bb4abcff</span></button></div></a><div aria-labelledby="job_list___sub_heading_63_1" data-parent="#job_list___sub_accordion_63" class="collapse job_list___sub_multi_collapse" id="job_list___sub_collapse_63_1"><div class="card-body"><div class="work-item"><div class="alert alert-success test-outcome" role="alert"><p>worker outcome: normal</p><p>test outcome: killed</p></div></div><pre class="location"><a href="pycharm://open?file=fizz_buzz.py&amp;line=9" class="text-secondary"><button class="btn btn-outline-dark">fizz_buzz.py, start pos: (9, 60), end pos: (9, 61)</button></a></pre><pre>operator: core/NumberReplacer, occurrence: 5</pre><div class="alert alert-secondary"><pre class="diff">--- mutation diff ---
--- afizz_buzz.py
+++ bfizz_buzz.py
@@ -6,4 +6,4 @@
     divisible by both, add "FizzBuzz"
 
     """
-    return [("Fizz" if x % 3 == 0 else "") + ("Buzz" if x % 5 == 0 else "") or str(x) for x in range(1,n+1)]
+    return [("Fizz" if x % 3 == 0 else "") + ("Buzz" if x % 4 == 0 else "") or str(x) for x in range(1,n+1)]</pre></div><div class="alert alert-secondary"><pre class="diff">============================= test session starts ==============================
platform linux -- Python 3.10.12, pytest-8.3.3, pluggy-1.5.0
rootdir: /home/teste/python_experiments2/fizz-buzz
collected 2 items

ts-3-5/test_3-5_0-9_289.py FF                                            [100%]

=========================== short test summary info ============================
FAILED ts-3-5/test_3-5_0-9_289.py::test_fizz_buzz - AssertionError: assert ['...
FAILED ts-3-5/test_3-5_0-9_289.py::test_fizz_buzz_edge_cases - AssertionError...
============================== 2 failed in 0.07s ===============================
</pre></div></div></div></div></div><div class="mb-1" id="job_list___sub_accordion_64"><div class="card"><a data-toggle="collapse" data-target="#job_list___sub_collapse_64_1" aria-expanded="false" aria-controls="job_list___sub_collapse_64_1" href="#" class="job_list___sub_multi_heading"><div role="alert" class="card-header alert-success" id="job_list___sub_heading_64_1"><button class="btn btn-outline-success"><span class="job_id">64 : Job ID 9dc8fd0a06574a79af517e5941497ef9</span></button></div></a><div aria-labelledby="job_list___sub_heading_64_1" data-parent="#job_list___sub_accordion_64" class="collapse job_list___sub_multi_collapse" id="job_list___sub_collapse_64_1"><div class="card-body"><div class="work-item"><div class="alert alert-success test-outcome" role="alert"><p>worker outcome: normal</p><p>test outcome: killed</p></div></div><pre class="location"><a href="pycharm://open?file=fizz_buzz.py&amp;line=9" class="text-secondary"><button class="btn btn-outline-dark">fizz_buzz.py, start pos: (9, 65), end pos: (9, 66)</button></a></pre><pre>operator: core/NumberReplacer, occurrence: 6</pre><div class="alert alert-secondary"><pre class="diff">--- mutation diff ---
--- afizz_buzz.py
+++ bfizz_buzz.py
@@ -6,4 +6,4 @@
     divisible by both, add "FizzBuzz"
 
     """
-    return [("Fizz" if x % 3 == 0 else "") + ("Buzz" if x % 5 == 0 else "") or str(x) for x in range(1,n+1)]
+    return [("Fizz" if x % 3 == 0 else "") + ("Buzz" if x % 5 == 1 else "") or str(x) for x in range(1,n+1)]</pre></div><div class="alert alert-secondary"><pre class="diff">============================= test session starts ==============================
platform linux -- Python 3.10.12, pytest-8.3.3, pluggy-1.5.0
rootdir: /home/teste/python_experiments2/fizz-buzz
collected 2 items

ts-3-5/test_3-5_0-9_289.py FF                                            [100%]

=========================== short test summary info ============================
FAILED ts-3-5/test_3-5_0-9_289.py::test_fizz_buzz - AssertionError: assert ['...
FAILED ts-3-5/test_3-5_0-9_289.py::test_fizz_buzz_edge_cases - AssertionError...
============================== 2 failed in 0.07s ===============================
</pre></div></div></div></div></div><div class="mb-1" id="job_list___sub_accordion_65"><div class="card"><a data-toggle="collapse" data-target="#job_list___sub_collapse_65_1" aria-expanded="false" aria-controls="job_list___sub_collapse_65_1" href="#" class="job_list___sub_multi_heading"><div role="alert" class="card-header alert-success" id="job_list___sub_heading_65_1"><button class="btn btn-outline-success"><span class="job_id">65 : Job ID be6bb68531474920ad6dce3591efbc78</span></button></div></a><div aria-labelledby="job_list___sub_heading_65_1" data-parent="#job_list___sub_accordion_65" class="collapse job_list___sub_multi_collapse" id="job_list___sub_collapse_65_1"><div class="card-body"><div class="work-item"><div class="alert alert-success test-outcome" role="alert"><p>worker outcome: normal</p><p>test outcome: killed</p></div></div><pre class="location"><a href="pycharm://open?file=fizz_buzz.py&amp;line=9" class="text-secondary"><button class="btn btn-outline-dark">fizz_buzz.py, start pos: (9, 65), end pos: (9, 66)</button></a></pre><pre>operator: core/NumberReplacer, occurrence: 7</pre><div class="alert alert-secondary"><pre class="diff">--- mutation diff ---
--- afizz_buzz.py
+++ bfizz_buzz.py
@@ -6,4 +6,4 @@
     divisible by both, add "FizzBuzz"
 
     """
-    return [("Fizz" if x % 3 == 0 else "") + ("Buzz" if x % 5 == 0 else "") or str(x) for x in range(1,n+1)]
+    return [("Fizz" if x % 3 == 0 else "") + ("Buzz" if x % 5 == -1 else "") or str(x) for x in range(1,n+1)]</pre></div><div class="alert alert-secondary"><pre class="diff">============================= test session starts ==============================
platform linux -- Python 3.10.12, pytest-8.3.3, pluggy-1.5.0
rootdir: /home/teste/python_experiments2/fizz-buzz
collected 2 items

ts-3-5/test_3-5_0-9_289.py FF                                            [100%]

=========================== short test summary info ============================
FAILED ts-3-5/test_3-5_0-9_289.py::test_fizz_buzz - AssertionError: assert ['...
FAILED ts-3-5/test_3-5_0-9_289.py::test_fizz_buzz_edge_cases - AssertionError...
============================== 2 failed in 0.07s ===============================
</pre></div></div></div></div></div><div class="mb-1" id="job_list___sub_accordion_66"><div class="card"><a data-toggle="collapse" data-target="#job_list___sub_collapse_66_1" aria-expanded="false" aria-controls="job_list___sub_collapse_66_1" href="#" class="job_list___sub_multi_heading"><div role="alert" class="card-header alert-success" id="job_list___sub_heading_66_1"><button class="btn btn-outline-success"><span class="job_id">66 : Job ID fbe26b192d9b4950ad7fbaf328cf26fc</span></button></div></a><div aria-labelledby="job_list___sub_heading_66_1" data-parent="#job_list___sub_accordion_66" class="collapse job_list___sub_multi_collapse" id="job_list___sub_collapse_66_1"><div class="card-body"><div class="work-item"><div class="alert alert-success test-outcome" role="alert"><p>worker outcome: normal</p><p>test outcome: killed</p></div></div><pre class="location"><a href="pycharm://open?file=fizz_buzz.py&amp;line=9" class="text-secondary"><button class="btn btn-outline-dark">fizz_buzz.py, start pos: (9, 101), end pos: (9, 102)</button></a></pre><pre>operator: core/NumberReplacer, occurrence: 8</pre><div class="alert alert-secondary"><pre class="diff">--- mutation diff ---
--- afizz_buzz.py
+++ bfizz_buzz.py
@@ -6,4 +6,4 @@
     divisible by both, add "FizzBuzz"
 
     """
-    return [("Fizz" if x % 3 == 0 else "") + ("Buzz" if x % 5 == 0 else "") or str(x) for x in range(1,n+1)]
+    return [("Fizz" if x % 3 == 0 else "") + ("Buzz" if x % 5 == 0 else "") or str(x) for x in range( 2,n+1)]</pre></div><div class="alert alert-secondary"><pre class="diff">============================= test session starts ==============================
platform linux -- Python 3.10.12, pytest-8.3.3, pluggy-1.5.0
rootdir: /home/teste/python_experiments2/fizz-buzz
collected 2 items

ts-3-5/test_3-5_0-9_289.py FF                                            [100%]

=========================== short test summary info ============================
FAILED ts-3-5/test_3-5_0-9_289.py::test_fizz_buzz - AssertionError: assert []...
FAILED ts-3-5/test_3-5_0-9_289.py::test_fizz_buzz_edge_cases - AssertionError...
============================== 2 failed in 0.07s ===============================
</pre></div></div></div></div></div><div class="mb-1" id="job_list___sub_accordion_67"><div class="card"><a data-toggle="collapse" data-target="#job_list___sub_collapse_67_1" aria-expanded="false" aria-controls="job_list___sub_collapse_67_1" href="#" class="job_list___sub_multi_heading"><div role="alert" class="card-header alert-success" id="job_list___sub_heading_67_1"><button class="btn btn-outline-success"><span class="job_id">67 : Job ID 1ed4a429545c42879e9a69db5d5d2829</span></button></div></a><div aria-labelledby="job_list___sub_heading_67_1" data-parent="#job_list___sub_accordion_67" class="collapse job_list___sub_multi_collapse" id="job_list___sub_collapse_67_1"><div class="card-body"><div class="work-item"><div class="alert alert-success test-outcome" role="alert"><p>worker outcome: normal</p><p>test outcome: killed</p></div></div><pre class="location"><a href="pycharm://open?file=fizz_buzz.py&amp;line=9" class="text-secondary"><button class="btn btn-outline-dark">fizz_buzz.py, start pos: (9, 101), end pos: (9, 102)</button></a></pre><pre>operator: core/NumberReplacer, occurrence: 9</pre><div class="alert alert-secondary"><pre class="diff">--- mutation diff ---
--- afizz_buzz.py
+++ bfizz_buzz.py
@@ -6,4 +6,4 @@
     divisible by both, add "FizzBuzz"
 
     """
-    return [("Fizz" if x % 3 == 0 else "") + ("Buzz" if x % 5 == 0 else "") or str(x) for x in range(1,n+1)]
+    return [("Fizz" if x % 3 == 0 else "") + ("Buzz" if x % 5 == 0 else "") or str(x) for x in range( 0,n+1)]</pre></div><div class="alert alert-secondary"><pre class="diff">============================= test session starts ==============================
platform linux -- Python 3.10.12, pytest-8.3.3, pluggy-1.5.0
rootdir: /home/teste/python_experiments2/fizz-buzz
collected 2 items

ts-3-5/test_3-5_0-9_289.py FF                                            [100%]

=========================== short test summary info ============================
FAILED ts-3-5/test_3-5_0-9_289.py::test_fizz_buzz - AssertionError: assert ['...
FAILED ts-3-5/test_3-5_0-9_289.py::test_fizz_buzz_edge_cases - AssertionError...
============================== 2 failed in 0.07s ===============================
</pre></div></div></div></div></div><div class="mb-1" id="job_list___sub_accordion_68"><div class="card"><a data-toggle="collapse" data-target="#job_list___sub_collapse_68_1" aria-expanded="false" aria-controls="job_list___sub_collapse_68_1" href="#" class="job_list___sub_multi_heading"><div role="alert" class="card-header alert-success" id="job_list___sub_heading_68_1"><button class="btn btn-outline-success"><span class="job_id">68 : Job ID 336580dc396e4efda07b512794849fc4</span></button></div></a><div aria-labelledby="job_list___sub_heading_68_1" data-parent="#job_list___sub_accordion_68" class="collapse job_list___sub_multi_collapse" id="job_list___sub_collapse_68_1"><div class="card-body"><div class="work-item"><div class="alert alert-success test-outcome" role="alert"><p>worker outcome: normal</p><p>test outcome: killed</p></div></div><pre class="location"><a href="pycharm://open?file=fizz_buzz.py&amp;line=9" class="text-secondary"><button class="btn btn-outline-dark">fizz_buzz.py, start pos: (9, 105), end pos: (9, 106)</button></a></pre><pre>operator: core/NumberReplacer, occurrence: 10</pre><div class="alert alert-secondary"><pre class="diff">--- mutation diff ---
--- afizz_buzz.py
+++ bfizz_buzz.py
@@ -6,4 +6,4 @@
     divisible by both, add "FizzBuzz"
 
     """
-    return [("Fizz" if x % 3 == 0 else "") + ("Buzz" if x % 5 == 0 else "") or str(x) for x in range(1,n+1)]
+    return [("Fizz" if x % 3 == 0 else "") + ("Buzz" if x % 5 == 0 else "") or str(x) for x in range(1,n+ 2)]</pre></div><div class="alert alert-secondary"><pre class="diff">============================= test session starts ==============================
platform linux -- Python 3.10.12, pytest-8.3.3, pluggy-1.5.0
rootdir: /home/teste/python_experiments2/fizz-buzz
collected 2 items

ts-3-5/test_3-5_0-9_289.py FF                                            [100%]

=========================== short test summary info ============================
FAILED ts-3-5/test_3-5_0-9_289.py::test_fizz_buzz - AssertionError: assert ['...
FAILED ts-3-5/test_3-5_0-9_289.py::test_fizz_buzz_edge_cases - AssertionError...
============================== 2 failed in 0.07s ===============================
</pre></div></div></div></div></div><div class="mb-1" id="job_list___sub_accordion_69"><div class="card"><a data-toggle="collapse" data-target="#job_list___sub_collapse_69_1" aria-expanded="false" aria-controls="job_list___sub_collapse_69_1" href="#" class="job_list___sub_multi_heading"><div role="alert" class="card-header alert-success" id="job_list___sub_heading_69_1"><button class="btn btn-outline-success"><span class="job_id">69 : Job ID f26786b799da456487735ef15e252677</span></button></div></a><div aria-labelledby="job_list___sub_heading_69_1" data-parent="#job_list___sub_accordion_69" class="collapse job_list___sub_multi_collapse" id="job_list___sub_collapse_69_1"><div class="card-body"><div class="work-item"><div class="alert alert-success test-outcome" role="alert"><p>worker outcome: normal</p><p>test outcome: killed</p></div></div><pre class="location"><a href="pycharm://open?file=fizz_buzz.py&amp;line=9" class="text-secondary"><button class="btn btn-outline-dark">fizz_buzz.py, start pos: (9, 105), end pos: (9, 106)</button></a></pre><pre>operator: core/NumberReplacer, occurrence: 11</pre><div class="alert alert-secondary"><pre class="diff">--- mutation diff ---
--- afizz_buzz.py
+++ bfizz_buzz.py
@@ -6,4 +6,4 @@
     divisible by both, add "FizzBuzz"
 
     """
-    return [("Fizz" if x % 3 == 0 else "") + ("Buzz" if x % 5 == 0 else "") or str(x) for x in range(1,n+1)]
+    return [("Fizz" if x % 3 == 0 else "") + ("Buzz" if x % 5 == 0 else "") or str(x) for x in range(1,n+ 0)]</pre></div><div class="alert alert-secondary"><pre class="diff">============================= test session starts ==============================
platform linux -- Python 3.10.12, pytest-8.3.3, pluggy-1.5.0
rootdir: /home/teste/python_experiments2/fizz-buzz
collected 2 items

ts-3-5/test_3-5_0-9_289.py FF                                            [100%]

=========================== short test summary info ============================
FAILED ts-3-5/test_3-5_0-9_289.py::test_fizz_buzz - AssertionError: assert []...
FAILED ts-3-5/test_3-5_0-9_289.py::test_fizz_buzz_edge_cases - AssertionError...
============================== 2 failed in 0.07s ===============================
</pre></div></div></div></div></div></div></div></div></div></div><script src="https://code.jquery.com/jquery-3.3.1.slim.min.js" integrity="sha384-q8i/X+965DzO0rT7abK41JStQIAqVgRVzpbzo5smXKp4YfRvH+8abtTE1Pi6jizo" crossorigin="anonymous"></script><script src="https://cdnjs.cloudflare.com/ajax/libs/popper.js/1.14.7/umd/popper.min.js" integrity="sha384-UO2eT0CpHqdSJQ6hJty5KVphtPhzWj9WO1clHTMGa3JDZwrnQq4sF86dIHNDz0W1" crossorigin="anonymous"></script><script src="https://stackpath.bootstrapcdn.com/bootstrap/4.3.1/js/bootstrap.min.js" integrity="sha384-JjSmVgyd0p3pXB1rRibZUAYoIIy6OrQ6VrjIEaFf/nJGzIxFDsf4x0xIM+B07jRM" crossorigin="anonymous"></script><script type="text/javascript">$('div.job_list___sub_multi_collapse').on('shown.bs.collapse',  function () {    correct_behavior_functional_buttons();  });$('div.job_list___sub_multi_collapse').on('hidden.bs.collapse',  function () {    correct_behavior_functional_buttons();  });function correct_behavior_functional_buttons() {    var expand = false;    var collapse = false;    $('a.job_list___sub_multi_heading').each(function(index) {      if ($(this).attr('aria-expanded') == 'false') {        expand = true;        return false;      };    });    $('a.job_list___sub_multi_heading').each(function(index) {      if ($(this).attr('aria-expanded') == 'true') {        collapse = true;        return false;      };    });    if (expand) {      $('div#job_item_expand_all').css('display', 'inline-block');    } else {      $('div#job_item_expand_all').css('display', 'none');    };    if (collapse) {      $('div#job_item_collapse_all').css('display', 'inline-block');    } else {      $('div#job_item_collapse_all').css('display', 'none');    };  };correct_behavior_functional_buttons();</script></body></html>
