[*] Start mutation process:
   - targets: lru_cache.py
   - tests: ./ALL-SMART
[*] 31 tests passed:
   - test_lru_cache_WHOLE_SUITE [0.06210 s]
   - test_lru_cache_MIO [0.04352 s]
   - test_lru_cache_MOSA [0.04154 s]
   - test_lru_cache_DYNAMOSA [0.05441 s]
[*] Start mutants generation and execution:
   - [#   1] AOD lru_cache: 
--------------------------------------------------------------------------------
  133:             self._add(node)
  134:             
  135:             return node.val
  136:         else:
- 137:             return -1
+ 137:             return 1
  138:     
  139:     def _add(self, node):
  140:         '''
  141:         Internal function.  Add a node to the end of the LRU list.
--------------------------------------------------------------------------------
[0.08378 s] killed by ALL-SMART/test_lru_cache_WHOLE_SUITE.py::test_case_2

def test_case_2():
        float_0 = 17.52
        lru_cache_0 = module_0.LruCache(float_0)
        assert f'{type(lru_cache_0).__module__}.{type(lru_cache_0).__qualname__}' == 'lru_cache.LruCache'
        assert f'{type(lru_cache_0.head).__module__}.{type(lru_cache_0.head).__qualname__}' == 'lru_cache.ListNode'
        assert f'{type(lru_cache_0.tail).__module__}.{type(lru_cache_0.tail).__qualname__}' == 'lru_cache.ListNode'
        assert lru_cache_0.lookup_map == {}
        assert lru_cache_0.capacity == pytest.approx(17.52, abs=0.01, rel=0.01)
        assert module_0.LruCache.terminal_value == 0
        none_type_0 = None
        var_0 = lru_cache_0.put(none_type_0, lru_cache_0)
        assert len(lru_cache_0.lookup_map) == 1
        var_1 = lru_cache_0.get(float_0)
>       assert var_1 == -1
E       AssertionError

ALL-SMART/test_lru_cache_WHOLE_SUITE.py:25: AssertionError
   - [#   2] AOR lru_cache: 
--------------------------------------------------------------------------------
  133:             self._add(node)
  134:             
  135:             return node.val
  136:         else:
- 137:             return -1
+ 137:             return +1
  138:     
  139:     def _add(self, node):
  140:         '''
  141:         Internal function.  Add a node to the end of the LRU list.
--------------------------------------------------------------------------------
[0.08093 s] killed by ALL-SMART/test_lru_cache_WHOLE_SUITE.py::test_case_2

def test_case_2():
        float_0 = 17.52
        lru_cache_0 = module_0.LruCache(float_0)
        assert f'{type(lru_cache_0).__module__}.{type(lru_cache_0).__qualname__}' == 'lru_cache.LruCache'
        assert f'{type(lru_cache_0.head).__module__}.{type(lru_cache_0.head).__qualname__}' == 'lru_cache.ListNode'
        assert f'{type(lru_cache_0.tail).__module__}.{type(lru_cache_0.tail).__qualname__}' == 'lru_cache.ListNode'
        assert lru_cache_0.lookup_map == {}
        assert lru_cache_0.capacity == pytest.approx(17.52, abs=0.01, rel=0.01)
        assert module_0.LruCache.terminal_value == 0
        none_type_0 = None
        var_0 = lru_cache_0.put(none_type_0, lru_cache_0)
        assert len(lru_cache_0.lookup_map) == 1
        var_1 = lru_cache_0.get(float_0)
>       assert var_1 == -1
E       AssertionError

ALL-SMART/test_lru_cache_WHOLE_SUITE.py:25: AssertionError
   - [#   3] CDI lru_cache: 
--------------------------------------------------------------------------------
    9: 
   10: 
   11:     '''
   12:     
-  13:     def __init__(self, key, val):
-  14:         '''
-  15:         Create a node.
-  16: 
-  17:         Node will have a key and value, and blank
-  18:         previous and next values.
-  19: 
-  20:         :param key: the lookup key value
-  21:         :param val: the value corresponding to the key
-  22:         '''
-  23:         self.key = key
-  24:         self.val = val
-  25:         self.next = None
-  26:         self.prev = None
-  27: 
+  13:     @classmethod
+  14:     def __init__(self, key, val):
+  15:         '''
+  16:         Create a node.
+  17: 
+  18:         Node will have a key and value, and blank
+  19:         previous and next values.
+  20: 
+  21:         :param key: the lookup key value
+  22:         :param val: the value corresponding to the key
+  23:         '''
+  24:         self.key = key
+  25:         self.val = val
+  26:         self.next = None
+  27:         self.prev = None
   28: 
   29: class LruCache:
   30:     
   31:     '''
--------------------------------------------------------------------------------
[0.09061 s] killed by ALL-SMART/test_lru_cache_MOSA.py::test_case_4

def test_case_4():
        float_0 = 196.2154521408226
        lru_cache_0 = module_1.LruCache(float_0)
        assert f'{type(lru_cache_0).__module__}.{type(lru_cache_0).__qualname__}' == 'lru_cache.LruCache'
        assert f'{type(lru_cache_0.head).__module__}.{type(lru_cache_0.head).__qualname__}' == 'lru_cache.ListNode'
        assert f'{type(lru_cache_0.tail).__module__}.{type(lru_cache_0.tail).__qualname__}' == 'lru_cache.ListNode'
        assert lru_cache_0.lookup_map == {}
        assert lru_cache_0.capacity == pytest.approx(196.2154521408226, abs=0.01, rel=0.01)
        assert module_1.LruCache.terminal_value == 0
        var_0 = lru_cache_0.put(lru_cache_0, lru_cache_0)
        assert len(lru_cache_0.lookup_map) == 1
        lru_cache_1 = module_1.LruCache(float_0)
        object_0 = module_0.object()
        var_1 = lru_cache_0.get(lru_cache_0)
>       assert f'{type(var_1).__module__}.{type(var_1).__qualname__}' == 'lru_cache.LruCache'
E       AssertionError

ALL-SMART/test_lru_cache_MOSA.py:65: AssertionError
   - [#   4] CDI lru_cache: 
--------------------------------------------------------------------------------
   50:     '''
   51:     Constant value used by the head and tail as terminating values.
   52:     '''
   53:     
-  54:     def __init__(self, capacity):
-  55:         '''
-  56:         Create an LRU Cache.
-  57: 
-  58:         :param capacity: the maximum number of elements that can be stored in the cache,
-  59:             must be greater than 0
-  60:         '''
-  61:         if capacity <= 1:
-  62:             raise ValueError('Capacity must be >= 1')
-  63:         
+  54:     @classmethod
+  55:     def __init__(self, capacity):
+  56:         '''
+  57:         Create an LRU Cache.
+  58: 
+  59:         :param capacity: the maximum number of elements that can be stored in the cache,
+  60:             must be greater than 0
+  61:         '''
+  62:         if capacity <= 1:
+  63:             raise ValueError('Capacity must be >= 1')
   64:         
-  65:         self.head = ListNode(self.terminal_value, self.terminal_value)
-  66:         self.tail = ListNode(self.terminal_value, self.terminal_value)
-  67:         
+  65:         
+  66:         self.head = ListNode(self.terminal_value, self.terminal_value)
+  67:         self.tail = ListNode(self.terminal_value, self.terminal_value)
   68:         
-  69:         self.head.next = self.tail
-  70:         self.tail.prev = self.head
-  71:         
+  69:         
+  70:         self.head.next = self.tail
+  71:         self.tail.prev = self.head
   72:         
-  73:         self.lookup_map = {}
-  74:         
+  73:         
+  74:         self.lookup_map = {}
   75:         
-  76:         self.capacity = capacity
-  77:     
+  76:         
+  77:         self.capacity = capacity
   78:     def put(self, key, value):
   79:         '''
   80:         Add a value to the cache.
   81: 
--------------------------------------------------------------------------------
[0.08881 s] killed by ALL-SMART/test_lru_cache_MOSA.py::test_case_4

def test_case_4():
        float_0 = 196.2154521408226
        lru_cache_0 = module_1.LruCache(float_0)
        assert f'{type(lru_cache_0).__module__}.{type(lru_cache_0).__qualname__}' == 'lru_cache.LruCache'
        assert f'{type(lru_cache_0.head).__module__}.{type(lru_cache_0.head).__qualname__}' == 'lru_cache.ListNode'
        assert f'{type(lru_cache_0.tail).__module__}.{type(lru_cache_0.tail).__qualname__}' == 'lru_cache.ListNode'
        assert lru_cache_0.lookup_map == {}
        assert lru_cache_0.capacity == pytest.approx(196.2154521408226, abs=0.01, rel=0.01)
        assert module_1.LruCache.terminal_value == 0
        var_0 = lru_cache_0.put(lru_cache_0, lru_cache_0)
        assert len(lru_cache_0.lookup_map) == 1
        lru_cache_1 = module_1.LruCache(float_0)
        object_0 = module_0.object()
        var_1 = lru_cache_0.get(lru_cache_0)
>       assert f'{type(var_1).__module__}.{type(var_1).__qualname__}' == 'lru_cache.LruCache'
E       AssertionError

ALL-SMART/test_lru_cache_MOSA.py:65: AssertionError
   - [#   5] CDI lru_cache: 
--------------------------------------------------------------------------------
   74:         
   75:         
   76:         self.capacity = capacity
   77:     
-  78:     def put(self, key, value):
-  79:         '''
-  80:         Add a value to the cache.
-  81: 
-  82:         If adding the value will cause the cache to go above capacity, then
-  83:         the least recently item will be dropped.
-  84: 
-  85:         :param key: the lookup key of the item
-  86:         :param value: the value stored on key
-  87:         :return: None
-  88:         '''
-  89:         
-  90:         if key in self.lookup_map:
-  91:             
-  92:             node = self.lookup_map.pop(key)
-  93:             self._remove(node)
-  94:         
+  78:     @classmethod
+  79:     def put(self, key, value):
+  80:         '''
+  81:         Add a value to the cache.
+  82: 
+  83:         If adding the value will cause the cache to go above capacity, then
+  84:         the least recently item will be dropped.
+  85: 
+  86:         :param key: the lookup key of the item
+  87:         :param value: the value stored on key
+  88:         :return: None
+  89:         '''
+  90:         
+  91:         if key in self.lookup_map:
+  92:             
+  93:             node = self.lookup_map.pop(key)
+  94:             self._remove(node)
   95:         
-  96:         node = ListNode(key, value)
-  97:         
+  96:         
+  97:         node = ListNode(key, value)
   98:         
-  99:         self._add(node)
- 100:         
+  99:         
+ 100:         self._add(node)
  101:         
- 102:         self.lookup_map[key] = node
- 103:         
+ 102:         
+ 103:         self.lookup_map[key] = node
  104:         
- 105:         if len(self.lookup_map) > self.capacity:
- 106:             
- 107:             least_recently_used_node = self.head.next
- 108:             
+ 105:         
+ 106:         if len(self.lookup_map) > self.capacity:
+ 107:             
+ 108:             least_recently_used_node = self.head.next
  109:             
- 110:             self._remove(least_recently_used_node)
- 111:             
+ 110:             
+ 111:             self._remove(least_recently_used_node)
  112:             
- 113:             del self.lookup_map[least_recently_used_node.key]
- 114:     
+ 113:             
+ 114:             del self.lookup_map[least_recently_used_node.key]
  115:     def get(self, key):
  116:         '''
  117:         Get a value from the cache.
  118: 
--------------------------------------------------------------------------------
[0.08294 s] killed by ALL-SMART/test_lru_cache_WHOLE_SUITE.py::test_case_2

def test_case_2():
        float_0 = 17.52
        lru_cache_0 = module_0.LruCache(float_0)
        assert f'{type(lru_cache_0).__module__}.{type(lru_cache_0).__qualname__}' == 'lru_cache.LruCache'
        assert f'{type(lru_cache_0.head).__module__}.{type(lru_cache_0.head).__qualname__}' == 'lru_cache.ListNode'
        assert f'{type(lru_cache_0.tail).__module__}.{type(lru_cache_0.tail).__qualname__}' == 'lru_cache.ListNode'
        assert lru_cache_0.lookup_map == {}
        assert lru_cache_0.capacity == pytest.approx(17.52, abs=0.01, rel=0.01)
        assert module_0.LruCache.terminal_value == 0
        none_type_0 = None
>       var_0 = lru_cache_0.put(none_type_0, lru_cache_0)

ALL-SMART/test_lru_cache_WHOLE_SUITE.py:22: 
_ _ _ _ _ _ _ _ _ _ _ _ _ _ _ _ _ _ _ _ _ _ _ _ _ _ _ _ _ _ _ _ _ _ _ _ _ _ _ _ 

self = <class 'lru_cache.LruCache'>, key = None
value = <lru_cache.LruCache object at 0x71ed1babaa70>

>   ???
E   AttributeError: type object 'LruCache' has no attribute 'lookup_map'

lru_cache:91: AttributeError
   - [#   6] CDI lru_cache: 
--------------------------------------------------------------------------------
  111:             
  112:             
  113:             del self.lookup_map[least_recently_used_node.key]
  114:     
- 115:     def get(self, key):
- 116:         '''
- 117:         Get a value from the cache.
- 118: 
- 119:         This will reset the key in the drop order.
- 120: 
- 121:         :param key: the key to lookup
- 122:         :return: the value of the key or -1 if the key is not found
- 123:         '''
- 124:         
- 125:         if key in self.lookup_map:
- 126:             
- 127:             node = self.lookup_map[key]
- 128:             
+ 115:     @classmethod
+ 116:     def get(self, key):
+ 117:         '''
+ 118:         Get a value from the cache.
+ 119: 
+ 120:         This will reset the key in the drop order.
+ 121: 
+ 122:         :param key: the key to lookup
+ 123:         :return: the value of the key or -1 if the key is not found
+ 124:         '''
+ 125:         
+ 126:         if key in self.lookup_map:
+ 127:             
+ 128:             node = self.lookup_map[key]
  129:             
- 130:             self._remove(node)
- 131:             
+ 130:             
+ 131:             self._remove(node)
  132:             
- 133:             self._add(node)
- 134:             
- 135:             return node.val
- 136:         else:
- 137:             return -1
- 138:     
+ 133:             
+ 134:             self._add(node)
+ 135:             
+ 136:             return node.val
+ 137:         else:
+ 138:             return -1
  139:     def _add(self, node):
  140:         '''
  141:         Internal function.  Add a node to the end of the LRU list.
  142: 
--------------------------------------------------------------------------------
[0.08558 s] killed by ALL-SMART/test_lru_cache_WHOLE_SUITE.py::test_case_2

def test_case_2():
        float_0 = 17.52
        lru_cache_0 = module_0.LruCache(float_0)
        assert f'{type(lru_cache_0).__module__}.{type(lru_cache_0).__qualname__}' == 'lru_cache.LruCache'
        assert f'{type(lru_cache_0.head).__module__}.{type(lru_cache_0.head).__qualname__}' == 'lru_cache.ListNode'
        assert f'{type(lru_cache_0.tail).__module__}.{type(lru_cache_0.tail).__qualname__}' == 'lru_cache.ListNode'
        assert lru_cache_0.lookup_map == {}
        assert lru_cache_0.capacity == pytest.approx(17.52, abs=0.01, rel=0.01)
        assert module_0.LruCache.terminal_value == 0
        none_type_0 = None
        var_0 = lru_cache_0.put(none_type_0, lru_cache_0)
        assert len(lru_cache_0.lookup_map) == 1
>       var_1 = lru_cache_0.get(float_0)

ALL-SMART/test_lru_cache_WHOLE_SUITE.py:24: 
_ _ _ _ _ _ _ _ _ _ _ _ _ _ _ _ _ _ _ _ _ _ _ _ _ _ _ _ _ _ _ _ _ _ _ _ _ _ _ _ 

self = <class 'lru_cache.LruCache'>, key = 17.52

>   ???
E   AttributeError: type object 'LruCache' has no attribute 'lookup_map'

lru_cache:126: AttributeError
   - [#   7] CDI lru_cache: 
--------------------------------------------------------------------------------
  135:             return node.val
  136:         else:
  137:             return -1
  138:     
- 139:     def _add(self, node):
- 140:         '''
- 141:         Internal function.  Add a node to the end of the LRU list.
- 142: 
- 143:         This function will add a node immediately in front of the tail
- 144:         node.  Sets the node previous to the tail to the previous of
- 145:         the new node, and the next of the new node to the tail.
- 146: 
- 147:         :param node:m the node to add to the list
- 148:         :return: None
- 149:         '''
- 150:         old_last_node = self.tail.prev
- 151:         
+ 139:     @classmethod
+ 140:     def _add(self, node):
+ 141:         '''
+ 142:         Internal function.  Add a node to the end of the LRU list.
+ 143: 
+ 144:         This function will add a node immediately in front of the tail
+ 145:         node.  Sets the node previous to the tail to the previous of
+ 146:         the new node, and the next of the new node to the tail.
+ 147: 
+ 148:         :param node:m the node to add to the list
+ 149:         :return: None
+ 150:         '''
+ 151:         old_last_node = self.tail.prev
  152:         
- 153:         node.prev = old_last_node
- 154:         
+ 153:         
+ 154:         node.prev = old_last_node
  155:         
- 156:         node.next = self.tail
- 157:         
+ 156:         
+ 157:         node.next = self.tail
  158:         
- 159:         old_last_node.next = node
- 160:         
+ 159:         
+ 160:         old_last_node.next = node
  161:         
- 162:         self.tail.prev = node
- 163:     
+ 162:         
+ 163:         self.tail.prev = node
  164:     def _remove(self, node):
  165:         '''
  166:         Internal function.  Remove a node from the list.
  167: 
--------------------------------------------------------------------------------
[0.08541 s] killed by ALL-SMART/test_lru_cache_WHOLE_SUITE.py::test_case_2

def test_case_2():
        float_0 = 17.52
        lru_cache_0 = module_0.LruCache(float_0)
        assert f'{type(lru_cache_0).__module__}.{type(lru_cache_0).__qualname__}' == 'lru_cache.LruCache'
        assert f'{type(lru_cache_0.head).__module__}.{type(lru_cache_0.head).__qualname__}' == 'lru_cache.ListNode'
        assert f'{type(lru_cache_0.tail).__module__}.{type(lru_cache_0.tail).__qualname__}' == 'lru_cache.ListNode'
        assert lru_cache_0.lookup_map == {}
        assert lru_cache_0.capacity == pytest.approx(17.52, abs=0.01, rel=0.01)
        assert module_0.LruCache.terminal_value == 0
        none_type_0 = None
>       var_0 = lru_cache_0.put(none_type_0, lru_cache_0)

ALL-SMART/test_lru_cache_WHOLE_SUITE.py:22: 
_ _ _ _ _ _ _ _ _ _ _ _ _ _ _ _ _ _ _ _ _ _ _ _ _ _ _ _ _ _ _ _ _ _ _ _ _ _ _ _ 
lru_cache:99: in put
    ???
_ _ _ _ _ _ _ _ _ _ _ _ _ _ _ _ _ _ _ _ _ _ _ _ _ _ _ _ _ _ _ _ _ _ _ _ _ _ _ _ 

self = <class 'lru_cache.LruCache'>
node = <lru_cache.ListNode object at 0x71ed1b966e30>

>   ???
E   AttributeError: type object 'LruCache' has no attribute 'tail'

lru_cache:151: AttributeError
   - [#   8] CDI lru_cache: 
--------------------------------------------------------------------------------
  160:         
  161:         
  162:         self.tail.prev = node
  163:     
- 164:     def _remove(self, node):
- 165:         '''
- 166:         Internal function.  Remove a node from the list.
- 167: 
- 168:         This function will remove a node by getting its prev and next
- 169:         and linking them together, thus removing the node and allowing
- 170:         it to be garbage collected.
- 171: 
- 172:         :param node: the node to remove from the list
- 173:         :return: None
- 174:         '''
- 175:         
+ 164:     @classmethod
+ 165:     def _remove(self, node):
+ 166:         '''
+ 167:         Internal function.  Remove a node from the list.
+ 168: 
+ 169:         This function will remove a node by getting its prev and next
+ 170:         and linking them together, thus removing the node and allowing
+ 171:         it to be garbage collected.
+ 172: 
+ 173:         :param node: the node to remove from the list
+ 174:         :return: None
+ 175:         '''
  176:         
- 177:         previous_node = node.prev
- 178:         next_node = node.next
- 179:         
+ 177:         
+ 178:         previous_node = node.prev
+ 179:         next_node = node.next
  180:         
- 181:         previous_node.next = next_node
- 182:         
+ 181:         
+ 182:         previous_node.next = next_node
  183:         
- 184:         next_node.prev = previous_node
+ 184:         
+ 185:         next_node.prev = previous_node
--------------------------------------------------------------------------------
[0.07546 s] survived
   - [#   9] COI lru_cache: 
--------------------------------------------------------------------------------
   57: 
   58:         :param capacity: the maximum number of elements that can be stored in the cache,
   59:             must be greater than 0
   60:         '''
-  61:         if capacity <= 1:
+  61:         if not (capacity <= 1):
   62:             raise ValueError('Capacity must be >= 1')
   63:         
   64:         
   65:         self.head = ListNode(self.terminal_value, self.terminal_value)
--------------------------------------------------------------------------------
[0.08033 s] killed by ALL-SMART/test_lru_cache_WHOLE_SUITE.py::test_case_2

def test_case_2():
        float_0 = 17.52
>       lru_cache_0 = module_0.LruCache(float_0)

ALL-SMART/test_lru_cache_WHOLE_SUITE.py:14: 
_ _ _ _ _ _ _ _ _ _ _ _ _ _ _ _ _ _ _ _ _ _ _ _ _ _ _ _ _ _ _ _ _ _ _ _ _ _ _ _ 

self = <lru_cache.LruCache object at 0x71ed1b85bd30>, capacity = 17.52

>   ???
E   ValueError: Capacity must be >= 1

lru_cache:62: ValueError
   - [#  10] COI lru_cache: 
--------------------------------------------------------------------------------
   86:         :param value: the value stored on key
   87:         :return: None
   88:         '''
   89:         
-  90:         if key in self.lookup_map:
+  90:         if not (key in self.lookup_map):
   91:             
   92:             node = self.lookup_map.pop(key)
   93:             self._remove(node)
   94:         
--------------------------------------------------------------------------------
[0.08112 s] killed by ALL-SMART/test_lru_cache_WHOLE_SUITE.py::test_case_2

def test_case_2():
        float_0 = 17.52
        lru_cache_0 = module_0.LruCache(float_0)
        assert f'{type(lru_cache_0).__module__}.{type(lru_cache_0).__qualname__}' == 'lru_cache.LruCache'
        assert f'{type(lru_cache_0.head).__module__}.{type(lru_cache_0.head).__qualname__}' == 'lru_cache.ListNode'
        assert f'{type(lru_cache_0.tail).__module__}.{type(lru_cache_0.tail).__qualname__}' == 'lru_cache.ListNode'
        assert lru_cache_0.lookup_map == {}
        assert lru_cache_0.capacity == pytest.approx(17.52, abs=0.01, rel=0.01)
        assert module_0.LruCache.terminal_value == 0
        none_type_0 = None
>       var_0 = lru_cache_0.put(none_type_0, lru_cache_0)

ALL-SMART/test_lru_cache_WHOLE_SUITE.py:22: 
_ _ _ _ _ _ _ _ _ _ _ _ _ _ _ _ _ _ _ _ _ _ _ _ _ _ _ _ _ _ _ _ _ _ _ _ _ _ _ _ 

self = <lru_cache.LruCache object at 0x71ed1b837fa0>, key = None
value = <lru_cache.LruCache object at 0x71ed1b837fa0>

>   ???
E   KeyError: None

lru_cache:92: KeyError
   - [#  11] COI lru_cache: 
--------------------------------------------------------------------------------
   86:         :param value: the value stored on key
   87:         :return: None
   88:         '''
   89:         
-  90:         if key in self.lookup_map:
+  90:         if key not in self.lookup_map:
   91:             
   92:             node = self.lookup_map.pop(key)
   93:             self._remove(node)
   94:         
--------------------------------------------------------------------------------
[0.08217 s] killed by ALL-SMART/test_lru_cache_WHOLE_SUITE.py::test_case_2

def test_case_2():
        float_0 = 17.52
        lru_cache_0 = module_0.LruCache(float_0)
        assert f'{type(lru_cache_0).__module__}.{type(lru_cache_0).__qualname__}' == 'lru_cache.LruCache'
        assert f'{type(lru_cache_0.head).__module__}.{type(lru_cache_0.head).__qualname__}' == 'lru_cache.ListNode'
        assert f'{type(lru_cache_0.tail).__module__}.{type(lru_cache_0.tail).__qualname__}' == 'lru_cache.ListNode'
        assert lru_cache_0.lookup_map == {}
        assert lru_cache_0.capacity == pytest.approx(17.52, abs=0.01, rel=0.01)
        assert module_0.LruCache.terminal_value == 0
        none_type_0 = None
>       var_0 = lru_cache_0.put(none_type_0, lru_cache_0)

ALL-SMART/test_lru_cache_WHOLE_SUITE.py:22: 
_ _ _ _ _ _ _ _ _ _ _ _ _ _ _ _ _ _ _ _ _ _ _ _ _ _ _ _ _ _ _ _ _ _ _ _ _ _ _ _ 

self = <lru_cache.LruCache object at 0x71ed1b8ac2e0>, key = None
value = <lru_cache.LruCache object at 0x71ed1b8ac2e0>

>   ???
E   KeyError: None

lru_cache:92: KeyError
   - [#  12] COI lru_cache: 
--------------------------------------------------------------------------------
  101:         
  102:         self.lookup_map[key] = node
  103:         
  104:         
- 105:         if len(self.lookup_map) > self.capacity:
+ 105:         if not (len(self.lookup_map) > self.capacity):
  106:             
  107:             least_recently_used_node = self.head.next
  108:             
  109:             
--------------------------------------------------------------------------------
[0.08357 s] killed by ALL-SMART/test_lru_cache_WHOLE_SUITE.py::test_case_2

def test_case_2():
        float_0 = 17.52
        lru_cache_0 = module_0.LruCache(float_0)
        assert f'{type(lru_cache_0).__module__}.{type(lru_cache_0).__qualname__}' == 'lru_cache.LruCache'
        assert f'{type(lru_cache_0.head).__module__}.{type(lru_cache_0.head).__qualname__}' == 'lru_cache.ListNode'
        assert f'{type(lru_cache_0.tail).__module__}.{type(lru_cache_0.tail).__qualname__}' == 'lru_cache.ListNode'
        assert lru_cache_0.lookup_map == {}
        assert lru_cache_0.capacity == pytest.approx(17.52, abs=0.01, rel=0.01)
        assert module_0.LruCache.terminal_value == 0
        none_type_0 = None
        var_0 = lru_cache_0.put(none_type_0, lru_cache_0)
>       assert len(lru_cache_0.lookup_map) == 1
E       AssertionError

ALL-SMART/test_lru_cache_WHOLE_SUITE.py:23: AssertionError
   - [#  13] COI lru_cache: 
--------------------------------------------------------------------------------
  121:         :param key: the key to lookup
  122:         :return: the value of the key or -1 if the key is not found
  123:         '''
  124:         
- 125:         if key in self.lookup_map:
+ 125:         if not (key in self.lookup_map):
  126:             
  127:             node = self.lookup_map[key]
  128:             
  129:             
--------------------------------------------------------------------------------
[0.10165 s] killed by ALL-SMART/test_lru_cache_WHOLE_SUITE.py::test_case_2

def test_case_2():
        float_0 = 17.52
        lru_cache_0 = module_0.LruCache(float_0)
        assert f'{type(lru_cache_0).__module__}.{type(lru_cache_0).__qualname__}' == 'lru_cache.LruCache'
        assert f'{type(lru_cache_0.head).__module__}.{type(lru_cache_0.head).__qualname__}' == 'lru_cache.ListNode'
        assert f'{type(lru_cache_0.tail).__module__}.{type(lru_cache_0.tail).__qualname__}' == 'lru_cache.ListNode'
        assert lru_cache_0.lookup_map == {}
        assert lru_cache_0.capacity == pytest.approx(17.52, abs=0.01, rel=0.01)
        assert module_0.LruCache.terminal_value == 0
        none_type_0 = None
        var_0 = lru_cache_0.put(none_type_0, lru_cache_0)
        assert len(lru_cache_0.lookup_map) == 1
>       var_1 = lru_cache_0.get(float_0)

ALL-SMART/test_lru_cache_WHOLE_SUITE.py:24: 
_ _ _ _ _ _ _ _ _ _ _ _ _ _ _ _ _ _ _ _ _ _ _ _ _ _ _ _ _ _ _ _ _ _ _ _ _ _ _ _ 

self = <lru_cache.LruCache object at 0x71ed1b835b40>, key = 17.52

>   ???
E   KeyError: 17.52

lru_cache:127: KeyError
   - [#  14] COI lru_cache: 
--------------------------------------------------------------------------------
  121:         :param key: the key to lookup
  122:         :return: the value of the key or -1 if the key is not found
  123:         '''
  124:         
- 125:         if key in self.lookup_map:
+ 125:         if key not in self.lookup_map:
  126:             
  127:             node = self.lookup_map[key]
  128:             
  129:             
--------------------------------------------------------------------------------
[0.08021 s] killed by ALL-SMART/test_lru_cache_WHOLE_SUITE.py::test_case_2

def test_case_2():
        float_0 = 17.52
        lru_cache_0 = module_0.LruCache(float_0)
        assert f'{type(lru_cache_0).__module__}.{type(lru_cache_0).__qualname__}' == 'lru_cache.LruCache'
        assert f'{type(lru_cache_0.head).__module__}.{type(lru_cache_0.head).__qualname__}' == 'lru_cache.ListNode'
        assert f'{type(lru_cache_0.tail).__module__}.{type(lru_cache_0.tail).__qualname__}' == 'lru_cache.ListNode'
        assert lru_cache_0.lookup_map == {}
        assert lru_cache_0.capacity == pytest.approx(17.52, abs=0.01, rel=0.01)
        assert module_0.LruCache.terminal_value == 0
        none_type_0 = None
        var_0 = lru_cache_0.put(none_type_0, lru_cache_0)
        assert len(lru_cache_0.lookup_map) == 1
>       var_1 = lru_cache_0.get(float_0)

ALL-SMART/test_lru_cache_WHOLE_SUITE.py:24: 
_ _ _ _ _ _ _ _ _ _ _ _ _ _ _ _ _ _ _ _ _ _ _ _ _ _ _ _ _ _ _ _ _ _ _ _ _ _ _ _ 

self = <lru_cache.LruCache object at 0x71ed1b906320>, key = 17.52

>   ???
E   KeyError: 17.52

lru_cache:127: KeyError
   - [#  15] ROR lru_cache: 
--------------------------------------------------------------------------------
   57: 
   58:         :param capacity: the maximum number of elements that can be stored in the cache,
   59:             must be greater than 0
   60:         '''
-  61:         if capacity <= 1:
+  61:         if capacity >= 1:
   62:             raise ValueError('Capacity must be >= 1')
   63:         
   64:         
   65:         self.head = ListNode(self.terminal_value, self.terminal_value)
--------------------------------------------------------------------------------
[0.08113 s] killed by ALL-SMART/test_lru_cache_WHOLE_SUITE.py::test_case_2

def test_case_2():
        float_0 = 17.52
>       lru_cache_0 = module_0.LruCache(float_0)

ALL-SMART/test_lru_cache_WHOLE_SUITE.py:14: 
_ _ _ _ _ _ _ _ _ _ _ _ _ _ _ _ _ _ _ _ _ _ _ _ _ _ _ _ _ _ _ _ _ _ _ _ _ _ _ _ 

self = <lru_cache.LruCache object at 0x71ed1b9063e0>, capacity = 17.52

>   ???
E   ValueError: Capacity must be >= 1

lru_cache:62: ValueError
   - [#  16] ROR lru_cache: 
--------------------------------------------------------------------------------
   57: 
   58:         :param capacity: the maximum number of elements that can be stored in the cache,
   59:             must be greater than 0
   60:         '''
-  61:         if capacity <= 1:
+  61:         if capacity < 1:
   62:             raise ValueError('Capacity must be >= 1')
   63:         
   64:         
   65:         self.head = ListNode(self.terminal_value, self.terminal_value)
--------------------------------------------------------------------------------
[0.08373 s] killed by ALL-SMART/test_lru_cache_WHOLE_SUITE.py::test_case_4

def test_case_4():
        bool_0 = True
>       with pytest.raises(ValueError):
E       Failed: DID NOT RAISE <class 'ValueError'>

ALL-SMART/test_lru_cache_WHOLE_SUITE.py:49: Failed
   - [#  17] ROR lru_cache: 
--------------------------------------------------------------------------------
  101:         
  102:         self.lookup_map[key] = node
  103:         
  104:         
- 105:         if len(self.lookup_map) > self.capacity:
+ 105:         if len(self.lookup_map) < self.capacity:
  106:             
  107:             least_recently_used_node = self.head.next
  108:             
  109:             
--------------------------------------------------------------------------------
[0.08481 s] killed by ALL-SMART/test_lru_cache_WHOLE_SUITE.py::test_case_2

def test_case_2():
        float_0 = 17.52
        lru_cache_0 = module_0.LruCache(float_0)
        assert f'{type(lru_cache_0).__module__}.{type(lru_cache_0).__qualname__}' == 'lru_cache.LruCache'
        assert f'{type(lru_cache_0.head).__module__}.{type(lru_cache_0.head).__qualname__}' == 'lru_cache.ListNode'
        assert f'{type(lru_cache_0.tail).__module__}.{type(lru_cache_0.tail).__qualname__}' == 'lru_cache.ListNode'
        assert lru_cache_0.lookup_map == {}
        assert lru_cache_0.capacity == pytest.approx(17.52, abs=0.01, rel=0.01)
        assert module_0.LruCache.terminal_value == 0
        none_type_0 = None
        var_0 = lru_cache_0.put(none_type_0, lru_cache_0)
>       assert len(lru_cache_0.lookup_map) == 1
E       AssertionError

ALL-SMART/test_lru_cache_WHOLE_SUITE.py:23: AssertionError
   - [#  18] ROR lru_cache: 
--------------------------------------------------------------------------------
  101:         
  102:         self.lookup_map[key] = node
  103:         
  104:         
- 105:         if len(self.lookup_map) > self.capacity:
+ 105:         if len(self.lookup_map) >= self.capacity:
  106:             
  107:             least_recently_used_node = self.head.next
  108:             
  109:             
--------------------------------------------------------------------------------
[0.08942 s] killed by ALL-SMART/test_lru_cache_WHOLE_SUITE.py::test_case_11

def test_case_11():
        int_0 = 2
        lru_cache_0 = module_0.LruCache(int_0)
        assert f'{type(lru_cache_0).__module__}.{type(lru_cache_0).__qualname__}' == 'lru_cache.LruCache'
        assert f'{type(lru_cache_0.head).__module__}.{type(lru_cache_0.head).__qualname__}' == 'lru_cache.ListNode'
        assert f'{type(lru_cache_0.tail).__module__}.{type(lru_cache_0.tail).__qualname__}' == 'lru_cache.ListNode'
        assert lru_cache_0.lookup_map == {}
        assert lru_cache_0.capacity == 2
        assert module_0.LruCache.terminal_value == 0
        var_0 = lru_cache_0.put(lru_cache_0, lru_cache_0)
        assert len(lru_cache_0.lookup_map) == 1
        bool_0 = False
        var_1 = lru_cache_0.put(bool_0, lru_cache_0)
>       assert len(lru_cache_0.lookup_map) == 2
E       AssertionError

ALL-SMART/test_lru_cache_WHOLE_SUITE.py:115: AssertionError
   - [#  19] SDI lru_cache: 
--------------------------------------------------------------------------------
    9: 
   10: 
   11:     '''
   12:     
-  13:     def __init__(self, key, val):
-  14:         '''
-  15:         Create a node.
-  16: 
-  17:         Node will have a key and value, and blank
-  18:         previous and next values.
-  19: 
-  20:         :param key: the lookup key value
-  21:         :param val: the value corresponding to the key
-  22:         '''
-  23:         self.key = key
-  24:         self.val = val
-  25:         self.next = None
-  26:         self.prev = None
-  27: 
+  13:     @staticmethod
+  14:     def __init__(self, key, val):
+  15:         '''
+  16:         Create a node.
+  17: 
+  18:         Node will have a key and value, and blank
+  19:         previous and next values.
+  20: 
+  21:         :param key: the lookup key value
+  22:         :param val: the value corresponding to the key
+  23:         '''
+  24:         self.key = key
+  25:         self.val = val
+  26:         self.next = None
+  27:         self.prev = None
   28: 
   29: class LruCache:
   30:     
   31:     '''
--------------------------------------------------------------------------------
[0.08570 s] incompetent

TypeError: /home/lucca/teste/python_experiments2/lru-cache/ALL-SMART/test_lru_cache_WHOLE_SUITE.py:10: TypeError: ListNode.__init__() missing 1 required positional argument: 'val'

   - [#  20] SDI lru_cache: 
--------------------------------------------------------------------------------
   50:     '''
   51:     Constant value used by the head and tail as terminating values.
   52:     '''
   53:     
-  54:     def __init__(self, capacity):
-  55:         '''
-  56:         Create an LRU Cache.
-  57: 
-  58:         :param capacity: the maximum number of elements that can be stored in the cache,
-  59:             must be greater than 0
-  60:         '''
-  61:         if capacity <= 1:
-  62:             raise ValueError('Capacity must be >= 1')
-  63:         
+  54:     @staticmethod
+  55:     def __init__(self, capacity):
+  56:         '''
+  57:         Create an LRU Cache.
+  58: 
+  59:         :param capacity: the maximum number of elements that can be stored in the cache,
+  60:             must be greater than 0
+  61:         '''
+  62:         if capacity <= 1:
+  63:             raise ValueError('Capacity must be >= 1')
   64:         
-  65:         self.head = ListNode(self.terminal_value, self.terminal_value)
-  66:         self.tail = ListNode(self.terminal_value, self.terminal_value)
-  67:         
+  65:         
+  66:         self.head = ListNode(self.terminal_value, self.terminal_value)
+  67:         self.tail = ListNode(self.terminal_value, self.terminal_value)
   68:         
-  69:         self.head.next = self.tail
-  70:         self.tail.prev = self.head
-  71:         
+  69:         
+  70:         self.head.next = self.tail
+  71:         self.tail.prev = self.head
   72:         
-  73:         self.lookup_map = {}
-  74:         
+  73:         
+  74:         self.lookup_map = {}
   75:         
-  76:         self.capacity = capacity
-  77:     
+  76:         
+  77:         self.capacity = capacity
   78:     def put(self, key, value):
   79:         '''
   80:         Add a value to the cache.
   81: 
--------------------------------------------------------------------------------
[0.08236 s] incompetent

TypeError: /home/lucca/teste/python_experiments2/lru-cache/ALL-SMART/test_lru_cache_WHOLE_SUITE.py:14: TypeError: LruCache.__init__() missing 1 required positional argument: 'capacity'

   - [#  21] SDI lru_cache: 
--------------------------------------------------------------------------------
   74:         
   75:         
   76:         self.capacity = capacity
   77:     
-  78:     def put(self, key, value):
-  79:         '''
-  80:         Add a value to the cache.
-  81: 
-  82:         If adding the value will cause the cache to go above capacity, then
-  83:         the least recently item will be dropped.
-  84: 
-  85:         :param key: the lookup key of the item
-  86:         :param value: the value stored on key
-  87:         :return: None
-  88:         '''
-  89:         
-  90:         if key in self.lookup_map:
-  91:             
-  92:             node = self.lookup_map.pop(key)
-  93:             self._remove(node)
-  94:         
+  78:     @staticmethod
+  79:     def put(self, key, value):
+  80:         '''
+  81:         Add a value to the cache.
+  82: 
+  83:         If adding the value will cause the cache to go above capacity, then
+  84:         the least recently item will be dropped.
+  85: 
+  86:         :param key: the lookup key of the item
+  87:         :param value: the value stored on key
+  88:         :return: None
+  89:         '''
+  90:         
+  91:         if key in self.lookup_map:
+  92:             
+  93:             node = self.lookup_map.pop(key)
+  94:             self._remove(node)
   95:         
-  96:         node = ListNode(key, value)
-  97:         
+  96:         
+  97:         node = ListNode(key, value)
   98:         
-  99:         self._add(node)
- 100:         
+  99:         
+ 100:         self._add(node)
  101:         
- 102:         self.lookup_map[key] = node
- 103:         
+ 102:         
+ 103:         self.lookup_map[key] = node
  104:         
- 105:         if len(self.lookup_map) > self.capacity:
- 106:             
- 107:             least_recently_used_node = self.head.next
- 108:             
+ 105:         
+ 106:         if len(self.lookup_map) > self.capacity:
+ 107:             
+ 108:             least_recently_used_node = self.head.next
  109:             
- 110:             self._remove(least_recently_used_node)
- 111:             
+ 110:             
+ 111:             self._remove(least_recently_used_node)
  112:             
- 113:             del self.lookup_map[least_recently_used_node.key]
- 114:     
+ 113:             
+ 114:             del self.lookup_map[least_recently_used_node.key]
  115:     def get(self, key):
  116:         '''
  117:         Get a value from the cache.
  118: 
--------------------------------------------------------------------------------
[0.08242 s] incompetent

TypeError: /home/lucca/teste/python_experiments2/lru-cache/ALL-SMART/test_lru_cache_WHOLE_SUITE.py:22: TypeError: LruCache.put() missing 1 required positional argument: 'value'

   - [#  22] SDI lru_cache: 
--------------------------------------------------------------------------------
  111:             
  112:             
  113:             del self.lookup_map[least_recently_used_node.key]
  114:     
- 115:     def get(self, key):
- 116:         '''
- 117:         Get a value from the cache.
- 118: 
- 119:         This will reset the key in the drop order.
- 120: 
- 121:         :param key: the key to lookup
- 122:         :return: the value of the key or -1 if the key is not found
- 123:         '''
- 124:         
- 125:         if key in self.lookup_map:
- 126:             
- 127:             node = self.lookup_map[key]
- 128:             
+ 115:     @staticmethod
+ 116:     def get(self, key):
+ 117:         '''
+ 118:         Get a value from the cache.
+ 119: 
+ 120:         This will reset the key in the drop order.
+ 121: 
+ 122:         :param key: the key to lookup
+ 123:         :return: the value of the key or -1 if the key is not found
+ 124:         '''
+ 125:         
+ 126:         if key in self.lookup_map:
+ 127:             
+ 128:             node = self.lookup_map[key]
  129:             
- 130:             self._remove(node)
- 131:             
+ 130:             
+ 131:             self._remove(node)
  132:             
- 133:             self._add(node)
- 134:             
- 135:             return node.val
- 136:         else:
- 137:             return -1
- 138:     
+ 133:             
+ 134:             self._add(node)
+ 135:             
+ 136:             return node.val
+ 137:         else:
+ 138:             return -1
  139:     def _add(self, node):
  140:         '''
  141:         Internal function.  Add a node to the end of the LRU list.
  142: 
--------------------------------------------------------------------------------
[0.08085 s] incompetent

TypeError: /home/lucca/teste/python_experiments2/lru-cache/ALL-SMART/test_lru_cache_WHOLE_SUITE.py:24: TypeError: LruCache.get() missing 1 required positional argument: 'key'

   - [#  23] SDI lru_cache: 
--------------------------------------------------------------------------------
  135:             return node.val
  136:         else:
  137:             return -1
  138:     
- 139:     def _add(self, node):
- 140:         '''
- 141:         Internal function.  Add a node to the end of the LRU list.
- 142: 
- 143:         This function will add a node immediately in front of the tail
- 144:         node.  Sets the node previous to the tail to the previous of
- 145:         the new node, and the next of the new node to the tail.
- 146: 
- 147:         :param node:m the node to add to the list
- 148:         :return: None
- 149:         '''
- 150:         old_last_node = self.tail.prev
- 151:         
+ 139:     @staticmethod
+ 140:     def _add(self, node):
+ 141:         '''
+ 142:         Internal function.  Add a node to the end of the LRU list.
+ 143: 
+ 144:         This function will add a node immediately in front of the tail
+ 145:         node.  Sets the node previous to the tail to the previous of
+ 146:         the new node, and the next of the new node to the tail.
+ 147: 
+ 148:         :param node:m the node to add to the list
+ 149:         :return: None
+ 150:         '''
+ 151:         old_last_node = self.tail.prev
  152:         
- 153:         node.prev = old_last_node
- 154:         
+ 153:         
+ 154:         node.prev = old_last_node
  155:         
- 156:         node.next = self.tail
- 157:         
+ 156:         
+ 157:         node.next = self.tail
  158:         
- 159:         old_last_node.next = node
- 160:         
+ 159:         
+ 160:         old_last_node.next = node
  161:         
- 162:         self.tail.prev = node
- 163:     
+ 162:         
+ 163:         self.tail.prev = node
  164:     def _remove(self, node):
  165:         '''
  166:         Internal function.  Remove a node from the list.
  167: 
--------------------------------------------------------------------------------
[0.08068 s] incompetent

TypeError: lru_cache:99: TypeError: LruCache._add() missing 1 required positional argument: 'node'

   - [#  24] SDI lru_cache: 
--------------------------------------------------------------------------------
  160:         
  161:         
  162:         self.tail.prev = node
  163:     
- 164:     def _remove(self, node):
- 165:         '''
- 166:         Internal function.  Remove a node from the list.
- 167: 
- 168:         This function will remove a node by getting its prev and next
- 169:         and linking them together, thus removing the node and allowing
- 170:         it to be garbage collected.
- 171: 
- 172:         :param node: the node to remove from the list
- 173:         :return: None
- 174:         '''
- 175:         
+ 164:     @staticmethod
+ 165:     def _remove(self, node):
+ 166:         '''
+ 167:         Internal function.  Remove a node from the list.
+ 168: 
+ 169:         This function will remove a node by getting its prev and next
+ 170:         and linking them together, thus removing the node and allowing
+ 171:         it to be garbage collected.
+ 172: 
+ 173:         :param node: the node to remove from the list
+ 174:         :return: None
+ 175:         '''
  176:         
- 177:         previous_node = node.prev
- 178:         next_node = node.next
- 179:         
+ 177:         
+ 178:         previous_node = node.prev
+ 179:         next_node = node.next
  180:         
- 181:         previous_node.next = next_node
- 182:         
+ 181:         
+ 182:         previous_node.next = next_node
  183:         
- 184:         next_node.prev = previous_node
+ 184:         
+ 185:         next_node.prev = previous_node
--------------------------------------------------------------------------------
[0.08580 s] incompetent

TypeError: lru_cache:93: TypeError: LruCache._remove() missing 1 required positional argument: 'node'

   - [#  25] SDL lru_cache: 
--------------------------------------------------------------------------------
   19: 
   20:         :param key: the lookup key value
   21:         :param val: the value corresponding to the key
   22:         '''
-  23:         self.key = key
+  23:         pass
   24:         self.val = val
   25:         self.next = None
   26:         self.prev = None
   27: 
--------------------------------------------------------------------------------
[0.08654 s] killed by ALL-SMART/test_lru_cache_WHOLE_SUITE.py::test_case_11

def test_case_11():
        int_0 = 2
        lru_cache_0 = module_0.LruCache(int_0)
        assert f'{type(lru_cache_0).__module__}.{type(lru_cache_0).__qualname__}' == 'lru_cache.LruCache'
        assert f'{type(lru_cache_0.head).__module__}.{type(lru_cache_0.head).__qualname__}' == 'lru_cache.ListNode'
        assert f'{type(lru_cache_0.tail).__module__}.{type(lru_cache_0.tail).__qualname__}' == 'lru_cache.ListNode'
        assert lru_cache_0.lookup_map == {}
        assert lru_cache_0.capacity == 2
        assert module_0.LruCache.terminal_value == 0
        var_0 = lru_cache_0.put(lru_cache_0, lru_cache_0)
        assert len(lru_cache_0.lookup_map) == 1
        bool_0 = False
        var_1 = lru_cache_0.put(bool_0, lru_cache_0)
        assert len(lru_cache_0.lookup_map) == 2
        none_type_0 = None
>       var_2 = lru_cache_0.put(none_type_0, none_type_0)

ALL-SMART/test_lru_cache_WHOLE_SUITE.py:117: 
_ _ _ _ _ _ _ _ _ _ _ _ _ _ _ _ _ _ _ _ _ _ _ _ _ _ _ _ _ _ _ _ _ _ _ _ _ _ _ _ 

self = <lru_cache.LruCache object at 0x71ed1ba7ce80>, key = None, value = None

>   ???
E   AttributeError: 'ListNode' object has no attribute 'key'

lru_cache:113: AttributeError
   - [#  26] SDL lru_cache: 
--------------------------------------------------------------------------------
   20:         :param key: the lookup key value
   21:         :param val: the value corresponding to the key
   22:         '''
   23:         self.key = key
-  24:         self.val = val
+  24:         pass
   25:         self.next = None
   26:         self.prev = None
   27: 
   28: 
--------------------------------------------------------------------------------
[0.08367 s] killed by ALL-SMART/test_lru_cache_WHOLE_SUITE.py::test_case_5

def test_case_5():
        bytes_0 = b'\xaa*'
        none_type_0 = None
        float_0 = 1038.6
        lru_cache_0 = module_0.LruCache(float_0)
        assert f'{type(lru_cache_0).__module__}.{type(lru_cache_0).__qualname__}' == 'lru_cache.LruCache'
        assert f'{type(lru_cache_0.head).__module__}.{type(lru_cache_0.head).__qualname__}' == 'lru_cache.ListNode'
        assert f'{type(lru_cache_0.tail).__module__}.{type(lru_cache_0.tail).__qualname__}' == 'lru_cache.ListNode'
        assert lru_cache_0.lookup_map == {}
        assert lru_cache_0.capacity == pytest.approx(1038.6, abs=0.01, rel=0.01)
        assert module_0.LruCache.terminal_value == 0
        var_0 = lru_cache_0.put(float_0, bytes_0)
        assert len(lru_cache_0.lookup_map) == 1
>       var_1 = lru_cache_0.get(float_0)

ALL-SMART/test_lru_cache_WHOLE_SUITE.py:65: 
_ _ _ _ _ _ _ _ _ _ _ _ _ _ _ _ _ _ _ _ _ _ _ _ _ _ _ _ _ _ _ _ _ _ _ _ _ _ _ _ 

self = <lru_cache.LruCache object at 0x71ed1b837160>, key = 1038.6

>   ???
E   AttributeError: 'ListNode' object has no attribute 'val'

lru_cache:135: AttributeError
   - [#  27] SDL lru_cache: 
--------------------------------------------------------------------------------
   21:         :param val: the value corresponding to the key
   22:         '''
   23:         self.key = key
   24:         self.val = val
-  25:         self.next = None
+  25:         pass
   26:         self.prev = None
   27: 
   28: 
   29: class LruCache:
--------------------------------------------------------------------------------
[0.09037 s] survived
   - [#  28] SDL lru_cache: 
--------------------------------------------------------------------------------
   22:         '''
   23:         self.key = key
   24:         self.val = val
   25:         self.next = None
-  26:         self.prev = None
+  26:         pass
   27: 
   28: 
   29: class LruCache:
   30:     
--------------------------------------------------------------------------------
[0.07605 s] survived
   - [#  29] SDL lru_cache: 
--------------------------------------------------------------------------------
   45:         get: O(1), amortized worst case: O(N)
   46: 
   47:     '''
   48:     
-  49:     terminal_value = 0
+  49:     pass
   50:     '''
   51:     Constant value used by the head and tail as terminating values.
   52:     '''
   53:     
--------------------------------------------------------------------------------
[0.08196 s] killed by ALL-SMART/test_lru_cache_WHOLE_SUITE.py::test_case_2

def test_case_2():
        float_0 = 17.52
>       lru_cache_0 = module_0.LruCache(float_0)

ALL-SMART/test_lru_cache_WHOLE_SUITE.py:14: 
_ _ _ _ _ _ _ _ _ _ _ _ _ _ _ _ _ _ _ _ _ _ _ _ _ _ _ _ _ _ _ _ _ _ _ _ _ _ _ _ 

self = <lru_cache.LruCache object at 0x71ed1b86f280>, capacity = 17.52

>   ???
E   AttributeError: 'LruCache' object has no attribute 'terminal_value'

lru_cache:65: AttributeError
   - [#  30] SDL lru_cache: 
--------------------------------------------------------------------------------
   46: 
   47:     '''
   48:     
   49:     terminal_value = 0
-  50:     '''
-  51:     Constant value used by the head and tail as terminating values.
-  52:     '''
+  50:     pass
+  51:     
+  52:     
   53:     
   54:     def __init__(self, capacity):
   55:         '''
   56:         Create an LRU Cache.
--------------------------------------------------------------------------------
[0.07684 s] survived
   - [#  31] SDL lru_cache: 
--------------------------------------------------------------------------------
   61:         if capacity <= 1:
   62:             raise ValueError('Capacity must be >= 1')
   63:         
   64:         
-  65:         self.head = ListNode(self.terminal_value, self.terminal_value)
+  65:         pass
   66:         self.tail = ListNode(self.terminal_value, self.terminal_value)
   67:         
   68:         
   69:         self.head.next = self.tail
--------------------------------------------------------------------------------
[0.08171 s] killed by ALL-SMART/test_lru_cache_WHOLE_SUITE.py::test_case_2

def test_case_2():
        float_0 = 17.52
>       lru_cache_0 = module_0.LruCache(float_0)

ALL-SMART/test_lru_cache_WHOLE_SUITE.py:14: 
_ _ _ _ _ _ _ _ _ _ _ _ _ _ _ _ _ _ _ _ _ _ _ _ _ _ _ _ _ _ _ _ _ _ _ _ _ _ _ _ 

self = <lru_cache.LruCache object at 0x71ed1bb8dc00>, capacity = 17.52

>   ???
E   AttributeError: 'LruCache' object has no attribute 'head'

lru_cache:69: AttributeError
   - [#  32] SDL lru_cache: 
--------------------------------------------------------------------------------
   62:             raise ValueError('Capacity must be >= 1')
   63:         
   64:         
   65:         self.head = ListNode(self.terminal_value, self.terminal_value)
-  66:         self.tail = ListNode(self.terminal_value, self.terminal_value)
+  66:         pass
   67:         
   68:         
   69:         self.head.next = self.tail
   70:         self.tail.prev = self.head
--------------------------------------------------------------------------------
[0.08279 s] killed by ALL-SMART/test_lru_cache_WHOLE_SUITE.py::test_case_2

def test_case_2():
        float_0 = 17.52
>       lru_cache_0 = module_0.LruCache(float_0)

ALL-SMART/test_lru_cache_WHOLE_SUITE.py:14: 
_ _ _ _ _ _ _ _ _ _ _ _ _ _ _ _ _ _ _ _ _ _ _ _ _ _ _ _ _ _ _ _ _ _ _ _ _ _ _ _ 

self = <lru_cache.LruCache object at 0x71ed1b9e4130>, capacity = 17.52

>   ???
E   AttributeError: 'LruCache' object has no attribute 'tail'

lru_cache:69: AttributeError
   - [#  33] SDL lru_cache: 
--------------------------------------------------------------------------------
   65:         self.head = ListNode(self.terminal_value, self.terminal_value)
   66:         self.tail = ListNode(self.terminal_value, self.terminal_value)
   67:         
   68:         
-  69:         self.head.next = self.tail
+  69:         pass
   70:         self.tail.prev = self.head
   71:         
   72:         
   73:         self.lookup_map = {}
--------------------------------------------------------------------------------
[0.07473 s] survived
   - [#  34] SDL lru_cache: 
--------------------------------------------------------------------------------
   66:         self.tail = ListNode(self.terminal_value, self.terminal_value)
   67:         
   68:         
   69:         self.head.next = self.tail
-  70:         self.tail.prev = self.head
+  70:         pass
   71:         
   72:         
   73:         self.lookup_map = {}
   74:         
--------------------------------------------------------------------------------
[0.08224 s] killed by ALL-SMART/test_lru_cache_WHOLE_SUITE.py::test_case_2

def test_case_2():
        float_0 = 17.52
        lru_cache_0 = module_0.LruCache(float_0)
        assert f'{type(lru_cache_0).__module__}.{type(lru_cache_0).__qualname__}' == 'lru_cache.LruCache'
        assert f'{type(lru_cache_0.head).__module__}.{type(lru_cache_0.head).__qualname__}' == 'lru_cache.ListNode'
        assert f'{type(lru_cache_0.tail).__module__}.{type(lru_cache_0.tail).__qualname__}' == 'lru_cache.ListNode'
        assert lru_cache_0.lookup_map == {}
        assert lru_cache_0.capacity == pytest.approx(17.52, abs=0.01, rel=0.01)
        assert module_0.LruCache.terminal_value == 0
        none_type_0 = None
>       var_0 = lru_cache_0.put(none_type_0, lru_cache_0)

ALL-SMART/test_lru_cache_WHOLE_SUITE.py:22: 
_ _ _ _ _ _ _ _ _ _ _ _ _ _ _ _ _ _ _ _ _ _ _ _ _ _ _ _ _ _ _ _ _ _ _ _ _ _ _ _ 
lru_cache:99: in put
    ???
_ _ _ _ _ _ _ _ _ _ _ _ _ _ _ _ _ _ _ _ _ _ _ _ _ _ _ _ _ _ _ _ _ _ _ _ _ _ _ _ 

self = <lru_cache.LruCache object at 0x71ed1b9062c0>
node = <lru_cache.ListNode object at 0x71ed1b907460>

>   ???
E   AttributeError: 'NoneType' object has no attribute 'next'

lru_cache:159: AttributeError
   - [#  35] SDL lru_cache: 
--------------------------------------------------------------------------------
   69:         self.head.next = self.tail
   70:         self.tail.prev = self.head
   71:         
   72:         
-  73:         self.lookup_map = {}
+  73:         pass
   74:         
   75:         
   76:         self.capacity = capacity
   77:     
--------------------------------------------------------------------------------
[0.08235 s] killed by ALL-SMART/test_lru_cache_WHOLE_SUITE.py::test_case_2

def test_case_2():
        float_0 = 17.52
        lru_cache_0 = module_0.LruCache(float_0)
        assert f'{type(lru_cache_0).__module__}.{type(lru_cache_0).__qualname__}' == 'lru_cache.LruCache'
        assert f'{type(lru_cache_0.head).__module__}.{type(lru_cache_0.head).__qualname__}' == 'lru_cache.ListNode'
        assert f'{type(lru_cache_0.tail).__module__}.{type(lru_cache_0.tail).__qualname__}' == 'lru_cache.ListNode'
>       assert lru_cache_0.lookup_map == {}
E       AttributeError: 'LruCache' object has no attribute 'lookup_map'

ALL-SMART/test_lru_cache_WHOLE_SUITE.py:18: AttributeError
   - [#  36] SDL lru_cache: 
--------------------------------------------------------------------------------
   72:         
   73:         self.lookup_map = {}
   74:         
   75:         
-  76:         self.capacity = capacity
+  76:         pass
   77:     
   78:     def put(self, key, value):
   79:         '''
   80:         Add a value to the cache.
--------------------------------------------------------------------------------
[0.08232 s] killed by ALL-SMART/test_lru_cache_WHOLE_SUITE.py::test_case_2

def test_case_2():
        float_0 = 17.52
        lru_cache_0 = module_0.LruCache(float_0)
        assert f'{type(lru_cache_0).__module__}.{type(lru_cache_0).__qualname__}' == 'lru_cache.LruCache'
        assert f'{type(lru_cache_0.head).__module__}.{type(lru_cache_0.head).__qualname__}' == 'lru_cache.ListNode'
        assert f'{type(lru_cache_0.tail).__module__}.{type(lru_cache_0.tail).__qualname__}' == 'lru_cache.ListNode'
        assert lru_cache_0.lookup_map == {}
>       assert lru_cache_0.capacity == pytest.approx(17.52, abs=0.01, rel=0.01)
E       AttributeError: 'LruCache' object has no attribute 'capacity'

ALL-SMART/test_lru_cache_WHOLE_SUITE.py:19: AttributeError
   - [#  37] SDL lru_cache: 
--------------------------------------------------------------------------------
   88:         '''
   89:         
   90:         if key in self.lookup_map:
   91:             
-  92:             node = self.lookup_map.pop(key)
+  92:             pass
   93:             self._remove(node)
   94:         
   95:         
   96:         node = ListNode(key, value)
--------------------------------------------------------------------------------
[0.08511 s] killed by ALL-SMART/test_lru_cache_WHOLE_SUITE.py::test_case_3

def test_case_3():
        none_type_0 = None
        float_0 = 320.0619167377027
        lru_cache_0 = module_0.LruCache(float_0)
        assert f'{type(lru_cache_0).__module__}.{type(lru_cache_0).__qualname__}' == 'lru_cache.LruCache'
        assert f'{type(lru_cache_0.head).__module__}.{type(lru_cache_0.head).__qualname__}' == 'lru_cache.ListNode'
        assert f'{type(lru_cache_0.tail).__module__}.{type(lru_cache_0.tail).__qualname__}' == 'lru_cache.ListNode'
        assert lru_cache_0.lookup_map == {}
        assert lru_cache_0.capacity == pytest.approx(320.0619167377027, abs=0.01, rel=0.01)
        assert module_0.LruCache.terminal_value == 0
        var_0 = lru_cache_0.put(none_type_0, none_type_0)
        assert len(lru_cache_0.lookup_map) == 1
        list_node_0 = module_0.ListNode(float_0, none_type_0)
        var_1 = lru_cache_0.put(float_0, none_type_0)
        assert len(lru_cache_0.lookup_map) == 2
>       var_2 = lru_cache_0.put(none_type_0, float_0)

ALL-SMART/test_lru_cache_WHOLE_SUITE.py:45: 
_ _ _ _ _ _ _ _ _ _ _ _ _ _ _ _ _ _ _ _ _ _ _ _ _ _ _ _ _ _ _ _ _ _ _ _ _ _ _ _ 

self = <lru_cache.LruCache object at 0x71ed1b9e5f90>, key = None
value = 320.0619167377027

>   ???
E   UnboundLocalError: local variable 'node' referenced before assignment

lru_cache:93: UnboundLocalError
   - [#  38] SDL lru_cache: 
--------------------------------------------------------------------------------
   89:         
   90:         if key in self.lookup_map:
   91:             
   92:             node = self.lookup_map.pop(key)
-  93:             self._remove(node)
+  93:             pass
   94:         
   95:         
   96:         node = ListNode(key, value)
   97:         
--------------------------------------------------------------------------------
[0.07489 s] survived
   - [#  39] SDL lru_cache: 
--------------------------------------------------------------------------------
   92:             node = self.lookup_map.pop(key)
   93:             self._remove(node)
   94:         
   95:         
-  96:         node = ListNode(key, value)
+  96:         pass
   97:         
   98:         
   99:         self._add(node)
  100:         
--------------------------------------------------------------------------------
[0.08313 s] killed by ALL-SMART/test_lru_cache_WHOLE_SUITE.py::test_case_2

def test_case_2():
        float_0 = 17.52
        lru_cache_0 = module_0.LruCache(float_0)
        assert f'{type(lru_cache_0).__module__}.{type(lru_cache_0).__qualname__}' == 'lru_cache.LruCache'
        assert f'{type(lru_cache_0.head).__module__}.{type(lru_cache_0.head).__qualname__}' == 'lru_cache.ListNode'
        assert f'{type(lru_cache_0.tail).__module__}.{type(lru_cache_0.tail).__qualname__}' == 'lru_cache.ListNode'
        assert lru_cache_0.lookup_map == {}
        assert lru_cache_0.capacity == pytest.approx(17.52, abs=0.01, rel=0.01)
        assert module_0.LruCache.terminal_value == 0
        none_type_0 = None
>       var_0 = lru_cache_0.put(none_type_0, lru_cache_0)

ALL-SMART/test_lru_cache_WHOLE_SUITE.py:22: 
_ _ _ _ _ _ _ _ _ _ _ _ _ _ _ _ _ _ _ _ _ _ _ _ _ _ _ _ _ _ _ _ _ _ _ _ _ _ _ _ 

self = <lru_cache.LruCache object at 0x71ed1b9e7b20>, key = None
value = <lru_cache.LruCache object at 0x71ed1b9e7b20>

>   ???
E   UnboundLocalError: local variable 'node' referenced before assignment

lru_cache:99: UnboundLocalError
   - [#  40] SDL lru_cache: 
--------------------------------------------------------------------------------
   95:         
   96:         node = ListNode(key, value)
   97:         
   98:         
-  99:         self._add(node)
+  99:         pass
  100:         
  101:         
  102:         self.lookup_map[key] = node
  103:         
--------------------------------------------------------------------------------
[0.08764 s] killed by ALL-SMART/test_lru_cache_WHOLE_SUITE.py::test_case_3

def test_case_3():
        none_type_0 = None
        float_0 = 320.0619167377027
        lru_cache_0 = module_0.LruCache(float_0)
        assert f'{type(lru_cache_0).__module__}.{type(lru_cache_0).__qualname__}' == 'lru_cache.LruCache'
        assert f'{type(lru_cache_0.head).__module__}.{type(lru_cache_0.head).__qualname__}' == 'lru_cache.ListNode'
        assert f'{type(lru_cache_0.tail).__module__}.{type(lru_cache_0.tail).__qualname__}' == 'lru_cache.ListNode'
        assert lru_cache_0.lookup_map == {}
        assert lru_cache_0.capacity == pytest.approx(320.0619167377027, abs=0.01, rel=0.01)
        assert module_0.LruCache.terminal_value == 0
        var_0 = lru_cache_0.put(none_type_0, none_type_0)
        assert len(lru_cache_0.lookup_map) == 1
        list_node_0 = module_0.ListNode(float_0, none_type_0)
        var_1 = lru_cache_0.put(float_0, none_type_0)
        assert len(lru_cache_0.lookup_map) == 2
>       var_2 = lru_cache_0.put(none_type_0, float_0)

ALL-SMART/test_lru_cache_WHOLE_SUITE.py:45: 
_ _ _ _ _ _ _ _ _ _ _ _ _ _ _ _ _ _ _ _ _ _ _ _ _ _ _ _ _ _ _ _ _ _ _ _ _ _ _ _ 
lru_cache:93: in put
    ???
_ _ _ _ _ _ _ _ _ _ _ _ _ _ _ _ _ _ _ _ _ _ _ _ _ _ _ _ _ _ _ _ _ _ _ _ _ _ _ _ 

self = <lru_cache.LruCache object at 0x71ed1ba5dd80>
node = <lru_cache.ListNode object at 0x71ed1bbe24a0>

>   ???
E   AttributeError: 'NoneType' object has no attribute 'next'

lru_cache:181: AttributeError
   - [#  41] SDL lru_cache: 
--------------------------------------------------------------------------------
   98:         
   99:         self._add(node)
  100:         
  101:         
- 102:         self.lookup_map[key] = node
+ 102:         pass
  103:         
  104:         
  105:         if len(self.lookup_map) > self.capacity:
  106:             
--------------------------------------------------------------------------------
[0.08529 s] killed by ALL-SMART/test_lru_cache_WHOLE_SUITE.py::test_case_2

def test_case_2():
        float_0 = 17.52
        lru_cache_0 = module_0.LruCache(float_0)
        assert f'{type(lru_cache_0).__module__}.{type(lru_cache_0).__qualname__}' == 'lru_cache.LruCache'
        assert f'{type(lru_cache_0.head).__module__}.{type(lru_cache_0.head).__qualname__}' == 'lru_cache.ListNode'
        assert f'{type(lru_cache_0.tail).__module__}.{type(lru_cache_0.tail).__qualname__}' == 'lru_cache.ListNode'
        assert lru_cache_0.lookup_map == {}
        assert lru_cache_0.capacity == pytest.approx(17.52, abs=0.01, rel=0.01)
        assert module_0.LruCache.terminal_value == 0
        none_type_0 = None
        var_0 = lru_cache_0.put(none_type_0, lru_cache_0)
>       assert len(lru_cache_0.lookup_map) == 1
E       AssertionError

ALL-SMART/test_lru_cache_WHOLE_SUITE.py:23: AssertionError
   - [#  42] SDL lru_cache: 
--------------------------------------------------------------------------------
  103:         
  104:         
  105:         if len(self.lookup_map) > self.capacity:
  106:             
- 107:             least_recently_used_node = self.head.next
+ 107:             pass
  108:             
  109:             
  110:             self._remove(least_recently_used_node)
  111:             
--------------------------------------------------------------------------------
[0.10287 s] killed by ALL-SMART/test_lru_cache_WHOLE_SUITE.py::test_case_11

def test_case_11():
        int_0 = 2
        lru_cache_0 = module_0.LruCache(int_0)
        assert f'{type(lru_cache_0).__module__}.{type(lru_cache_0).__qualname__}' == 'lru_cache.LruCache'
        assert f'{type(lru_cache_0.head).__module__}.{type(lru_cache_0.head).__qualname__}' == 'lru_cache.ListNode'
        assert f'{type(lru_cache_0.tail).__module__}.{type(lru_cache_0.tail).__qualname__}' == 'lru_cache.ListNode'
        assert lru_cache_0.lookup_map == {}
        assert lru_cache_0.capacity == 2
        assert module_0.LruCache.terminal_value == 0
        var_0 = lru_cache_0.put(lru_cache_0, lru_cache_0)
        assert len(lru_cache_0.lookup_map) == 1
        bool_0 = False
        var_1 = lru_cache_0.put(bool_0, lru_cache_0)
        assert len(lru_cache_0.lookup_map) == 2
        none_type_0 = None
>       var_2 = lru_cache_0.put(none_type_0, none_type_0)

ALL-SMART/test_lru_cache_WHOLE_SUITE.py:117: 
_ _ _ _ _ _ _ _ _ _ _ _ _ _ _ _ _ _ _ _ _ _ _ _ _ _ _ _ _ _ _ _ _ _ _ _ _ _ _ _ 

self = <lru_cache.LruCache object at 0x71ed1bcdb610>, key = None, value = None

>   ???
E   NameError: name 'least_recently_used_node' is not defined

lru_cache:110: NameError
   - [#  43] SDL lru_cache: 
--------------------------------------------------------------------------------
  106:             
  107:             least_recently_used_node = self.head.next
  108:             
  109:             
- 110:             self._remove(least_recently_used_node)
+ 110:             pass
  111:             
  112:             
  113:             del self.lookup_map[least_recently_used_node.key]
  114:     
--------------------------------------------------------------------------------
[0.07423 s] survived
   - [#  44] SDL lru_cache: 
--------------------------------------------------------------------------------
  123:         '''
  124:         
  125:         if key in self.lookup_map:
  126:             
- 127:             node = self.lookup_map[key]
+ 127:             pass
  128:             
  129:             
  130:             self._remove(node)
  131:             
--------------------------------------------------------------------------------
[0.08637 s] killed by ALL-SMART/test_lru_cache_WHOLE_SUITE.py::test_case_5

def test_case_5():
        bytes_0 = b'\xaa*'
        none_type_0 = None
        float_0 = 1038.6
        lru_cache_0 = module_0.LruCache(float_0)
        assert f'{type(lru_cache_0).__module__}.{type(lru_cache_0).__qualname__}' == 'lru_cache.LruCache'
        assert f'{type(lru_cache_0.head).__module__}.{type(lru_cache_0.head).__qualname__}' == 'lru_cache.ListNode'
        assert f'{type(lru_cache_0.tail).__module__}.{type(lru_cache_0.tail).__qualname__}' == 'lru_cache.ListNode'
        assert lru_cache_0.lookup_map == {}
        assert lru_cache_0.capacity == pytest.approx(1038.6, abs=0.01, rel=0.01)
        assert module_0.LruCache.terminal_value == 0
        var_0 = lru_cache_0.put(float_0, bytes_0)
        assert len(lru_cache_0.lookup_map) == 1
>       var_1 = lru_cache_0.get(float_0)

ALL-SMART/test_lru_cache_WHOLE_SUITE.py:65: 
_ _ _ _ _ _ _ _ _ _ _ _ _ _ _ _ _ _ _ _ _ _ _ _ _ _ _ _ _ _ _ _ _ _ _ _ _ _ _ _ 

self = <lru_cache.LruCache object at 0x71ed1b84ce20>, key = 1038.6

>   ???
E   NameError: name 'node' is not defined

lru_cache:130: NameError
   - [#  45] SDL lru_cache: 
--------------------------------------------------------------------------------
  126:             
  127:             node = self.lookup_map[key]
  128:             
  129:             
- 130:             self._remove(node)
+ 130:             pass
  131:             
  132:             
  133:             self._add(node)
  134:             
--------------------------------------------------------------------------------
[0.07743 s] survived
   - [#  46] SDL lru_cache: 
--------------------------------------------------------------------------------
  129:             
  130:             self._remove(node)
  131:             
  132:             
- 133:             self._add(node)
+ 133:             pass
  134:             
  135:             return node.val
  136:         else:
  137:             return -1
--------------------------------------------------------------------------------
[0.07751 s] survived
   - [#  47] SDL lru_cache: 
--------------------------------------------------------------------------------
  131:             
  132:             
  133:             self._add(node)
  134:             
- 135:             return node.val
+ 135:             pass
  136:         else:
  137:             return -1
  138:     
  139:     def _add(self, node):
--------------------------------------------------------------------------------
[0.08881 s] killed by ALL-SMART/test_lru_cache_WHOLE_SUITE.py::test_case_5

def test_case_5():
        bytes_0 = b'\xaa*'
        none_type_0 = None
        float_0 = 1038.6
        lru_cache_0 = module_0.LruCache(float_0)
        assert f'{type(lru_cache_0).__module__}.{type(lru_cache_0).__qualname__}' == 'lru_cache.LruCache'
        assert f'{type(lru_cache_0.head).__module__}.{type(lru_cache_0.head).__qualname__}' == 'lru_cache.ListNode'
        assert f'{type(lru_cache_0.tail).__module__}.{type(lru_cache_0.tail).__qualname__}' == 'lru_cache.ListNode'
        assert lru_cache_0.lookup_map == {}
        assert lru_cache_0.capacity == pytest.approx(1038.6, abs=0.01, rel=0.01)
        assert module_0.LruCache.terminal_value == 0
        var_0 = lru_cache_0.put(float_0, bytes_0)
        assert len(lru_cache_0.lookup_map) == 1
        var_1 = lru_cache_0.get(float_0)
>       assert var_1 == b'\xaa*'
E       AssertionError

ALL-SMART/test_lru_cache_WHOLE_SUITE.py:66: AssertionError
   - [#  48] SDL lru_cache: 
--------------------------------------------------------------------------------
  133:             self._add(node)
  134:             
  135:             return node.val
  136:         else:
- 137:             return -1
+ 137:             pass
  138:     
  139:     def _add(self, node):
  140:         '''
  141:         Internal function.  Add a node to the end of the LRU list.
--------------------------------------------------------------------------------
[0.08597 s] killed by ALL-SMART/test_lru_cache_WHOLE_SUITE.py::test_case_2

def test_case_2():
        float_0 = 17.52
        lru_cache_0 = module_0.LruCache(float_0)
        assert f'{type(lru_cache_0).__module__}.{type(lru_cache_0).__qualname__}' == 'lru_cache.LruCache'
        assert f'{type(lru_cache_0.head).__module__}.{type(lru_cache_0.head).__qualname__}' == 'lru_cache.ListNode'
        assert f'{type(lru_cache_0.tail).__module__}.{type(lru_cache_0.tail).__qualname__}' == 'lru_cache.ListNode'
        assert lru_cache_0.lookup_map == {}
        assert lru_cache_0.capacity == pytest.approx(17.52, abs=0.01, rel=0.01)
        assert module_0.LruCache.terminal_value == 0
        none_type_0 = None
        var_0 = lru_cache_0.put(none_type_0, lru_cache_0)
        assert len(lru_cache_0.lookup_map) == 1
        var_1 = lru_cache_0.get(float_0)
>       assert var_1 == -1
E       AssertionError

ALL-SMART/test_lru_cache_WHOLE_SUITE.py:25: AssertionError
   - [#  49] SDL lru_cache: 
--------------------------------------------------------------------------------
  146: 
  147:         :param node:m the node to add to the list
  148:         :return: None
  149:         '''
- 150:         old_last_node = self.tail.prev
+ 150:         pass
  151:         
  152:         
  153:         node.prev = old_last_node
  154:         
--------------------------------------------------------------------------------
[0.08603 s] killed by ALL-SMART/test_lru_cache_WHOLE_SUITE.py::test_case_2

def test_case_2():
        float_0 = 17.52
        lru_cache_0 = module_0.LruCache(float_0)
        assert f'{type(lru_cache_0).__module__}.{type(lru_cache_0).__qualname__}' == 'lru_cache.LruCache'
        assert f'{type(lru_cache_0.head).__module__}.{type(lru_cache_0.head).__qualname__}' == 'lru_cache.ListNode'
        assert f'{type(lru_cache_0.tail).__module__}.{type(lru_cache_0.tail).__qualname__}' == 'lru_cache.ListNode'
        assert lru_cache_0.lookup_map == {}
        assert lru_cache_0.capacity == pytest.approx(17.52, abs=0.01, rel=0.01)
        assert module_0.LruCache.terminal_value == 0
        none_type_0 = None
>       var_0 = lru_cache_0.put(none_type_0, lru_cache_0)

ALL-SMART/test_lru_cache_WHOLE_SUITE.py:22: 
_ _ _ _ _ _ _ _ _ _ _ _ _ _ _ _ _ _ _ _ _ _ _ _ _ _ _ _ _ _ _ _ _ _ _ _ _ _ _ _ 
lru_cache:99: in put
    ???
_ _ _ _ _ _ _ _ _ _ _ _ _ _ _ _ _ _ _ _ _ _ _ _ _ _ _ _ _ _ _ _ _ _ _ _ _ _ _ _ 

self = <lru_cache.LruCache object at 0x71ed1bb8ce20>
node = <lru_cache.ListNode object at 0x71ed1ba5fb50>

>   ???
E   NameError: name 'old_last_node' is not defined

lru_cache:153: NameError
   - [#  50] SDL lru_cache: 
--------------------------------------------------------------------------------
  149:         '''
  150:         old_last_node = self.tail.prev
  151:         
  152:         
- 153:         node.prev = old_last_node
+ 153:         pass
  154:         
  155:         
  156:         node.next = self.tail
  157:         
--------------------------------------------------------------------------------
[0.08999 s] killed by ALL-SMART/test_lru_cache_WHOLE_SUITE.py::test_case_3

def test_case_3():
        none_type_0 = None
        float_0 = 320.0619167377027
        lru_cache_0 = module_0.LruCache(float_0)
        assert f'{type(lru_cache_0).__module__}.{type(lru_cache_0).__qualname__}' == 'lru_cache.LruCache'
        assert f'{type(lru_cache_0.head).__module__}.{type(lru_cache_0.head).__qualname__}' == 'lru_cache.ListNode'
        assert f'{type(lru_cache_0.tail).__module__}.{type(lru_cache_0.tail).__qualname__}' == 'lru_cache.ListNode'
        assert lru_cache_0.lookup_map == {}
        assert lru_cache_0.capacity == pytest.approx(320.0619167377027, abs=0.01, rel=0.01)
        assert module_0.LruCache.terminal_value == 0
        var_0 = lru_cache_0.put(none_type_0, none_type_0)
        assert len(lru_cache_0.lookup_map) == 1
        list_node_0 = module_0.ListNode(float_0, none_type_0)
        var_1 = lru_cache_0.put(float_0, none_type_0)
        assert len(lru_cache_0.lookup_map) == 2
>       var_2 = lru_cache_0.put(none_type_0, float_0)

ALL-SMART/test_lru_cache_WHOLE_SUITE.py:45: 
_ _ _ _ _ _ _ _ _ _ _ _ _ _ _ _ _ _ _ _ _ _ _ _ _ _ _ _ _ _ _ _ _ _ _ _ _ _ _ _ 
lru_cache:93: in put
    ???
_ _ _ _ _ _ _ _ _ _ _ _ _ _ _ _ _ _ _ _ _ _ _ _ _ _ _ _ _ _ _ _ _ _ _ _ _ _ _ _ 

self = <lru_cache.LruCache object at 0x71ed1b9e6b30>
node = <lru_cache.ListNode object at 0x71ed1b9e45b0>

>   ???
E   AttributeError: 'NoneType' object has no attribute 'next'

lru_cache:181: AttributeError
   - [#  51] SDL lru_cache: 
--------------------------------------------------------------------------------
  152:         
  153:         node.prev = old_last_node
  154:         
  155:         
- 156:         node.next = self.tail
+ 156:         pass
  157:         
  158:         
  159:         old_last_node.next = node
  160:         
--------------------------------------------------------------------------------
[0.08637 s] killed by ALL-SMART/test_lru_cache_WHOLE_SUITE.py::test_case_5

def test_case_5():
        bytes_0 = b'\xaa*'
        none_type_0 = None
        float_0 = 1038.6
        lru_cache_0 = module_0.LruCache(float_0)
        assert f'{type(lru_cache_0).__module__}.{type(lru_cache_0).__qualname__}' == 'lru_cache.LruCache'
        assert f'{type(lru_cache_0.head).__module__}.{type(lru_cache_0.head).__qualname__}' == 'lru_cache.ListNode'
        assert f'{type(lru_cache_0.tail).__module__}.{type(lru_cache_0.tail).__qualname__}' == 'lru_cache.ListNode'
        assert lru_cache_0.lookup_map == {}
        assert lru_cache_0.capacity == pytest.approx(1038.6, abs=0.01, rel=0.01)
        assert module_0.LruCache.terminal_value == 0
        var_0 = lru_cache_0.put(float_0, bytes_0)
        assert len(lru_cache_0.lookup_map) == 1
>       var_1 = lru_cache_0.get(float_0)

ALL-SMART/test_lru_cache_WHOLE_SUITE.py:65: 
_ _ _ _ _ _ _ _ _ _ _ _ _ _ _ _ _ _ _ _ _ _ _ _ _ _ _ _ _ _ _ _ _ _ _ _ _ _ _ _ 
lru_cache:130: in get
    ???
_ _ _ _ _ _ _ _ _ _ _ _ _ _ _ _ _ _ _ _ _ _ _ _ _ _ _ _ _ _ _ _ _ _ _ _ _ _ _ _ 

self = <lru_cache.LruCache object at 0x71ed1b837520>
node = <lru_cache.ListNode object at 0x71ed1b8359c0>

>   ???
E   AttributeError: 'NoneType' object has no attribute 'prev'

lru_cache:184: AttributeError
   - [#  52] SDL lru_cache: 
--------------------------------------------------------------------------------
  155:         
  156:         node.next = self.tail
  157:         
  158:         
- 159:         old_last_node.next = node
+ 159:         pass
  160:         
  161:         
  162:         self.tail.prev = node
  163:     
--------------------------------------------------------------------------------
[0.09095 s] killed by ALL-SMART/test_lru_cache_WHOLE_SUITE.py::test_case_11

def test_case_11():
        int_0 = 2
        lru_cache_0 = module_0.LruCache(int_0)
        assert f'{type(lru_cache_0).__module__}.{type(lru_cache_0).__qualname__}' == 'lru_cache.LruCache'
        assert f'{type(lru_cache_0.head).__module__}.{type(lru_cache_0.head).__qualname__}' == 'lru_cache.ListNode'
        assert f'{type(lru_cache_0.tail).__module__}.{type(lru_cache_0.tail).__qualname__}' == 'lru_cache.ListNode'
        assert lru_cache_0.lookup_map == {}
        assert lru_cache_0.capacity == 2
        assert module_0.LruCache.terminal_value == 0
        var_0 = lru_cache_0.put(lru_cache_0, lru_cache_0)
        assert len(lru_cache_0.lookup_map) == 1
        bool_0 = False
        var_1 = lru_cache_0.put(bool_0, lru_cache_0)
        assert len(lru_cache_0.lookup_map) == 2
        none_type_0 = None
>       var_2 = lru_cache_0.put(none_type_0, none_type_0)

ALL-SMART/test_lru_cache_WHOLE_SUITE.py:117: 
_ _ _ _ _ _ _ _ _ _ _ _ _ _ _ _ _ _ _ _ _ _ _ _ _ _ _ _ _ _ _ _ _ _ _ _ _ _ _ _ 
lru_cache:110: in put
    ???
_ _ _ _ _ _ _ _ _ _ _ _ _ _ _ _ _ _ _ _ _ _ _ _ _ _ _ _ _ _ _ _ _ _ _ _ _ _ _ _ 

self = <lru_cache.LruCache object at 0x71ed1b906e60>
node = <lru_cache.ListNode object at 0x71ed1b84f9a0>

>   ???
E   AttributeError: 'NoneType' object has no attribute 'prev'

lru_cache:184: AttributeError
   - [#  53] SDL lru_cache: 
--------------------------------------------------------------------------------
  158:         
  159:         old_last_node.next = node
  160:         
  161:         
- 162:         self.tail.prev = node
+ 162:         pass
  163:     
  164:     def _remove(self, node):
  165:         '''
  166:         Internal function.  Remove a node from the list.
--------------------------------------------------------------------------------
[0.07854 s] survived
   - [#  54] SDL lru_cache: 
--------------------------------------------------------------------------------
  173:         :return: None
  174:         '''
  175:         
  176:         
- 177:         previous_node = node.prev
+ 177:         pass
  178:         next_node = node.next
  179:         
  180:         
  181:         previous_node.next = next_node
--------------------------------------------------------------------------------
[0.08591 s] killed by ALL-SMART/test_lru_cache_WHOLE_SUITE.py::test_case_3

def test_case_3():
        none_type_0 = None
        float_0 = 320.0619167377027
        lru_cache_0 = module_0.LruCache(float_0)
        assert f'{type(lru_cache_0).__module__}.{type(lru_cache_0).__qualname__}' == 'lru_cache.LruCache'
        assert f'{type(lru_cache_0.head).__module__}.{type(lru_cache_0.head).__qualname__}' == 'lru_cache.ListNode'
        assert f'{type(lru_cache_0.tail).__module__}.{type(lru_cache_0.tail).__qualname__}' == 'lru_cache.ListNode'
        assert lru_cache_0.lookup_map == {}
        assert lru_cache_0.capacity == pytest.approx(320.0619167377027, abs=0.01, rel=0.01)
        assert module_0.LruCache.terminal_value == 0
        var_0 = lru_cache_0.put(none_type_0, none_type_0)
        assert len(lru_cache_0.lookup_map) == 1
        list_node_0 = module_0.ListNode(float_0, none_type_0)
        var_1 = lru_cache_0.put(float_0, none_type_0)
        assert len(lru_cache_0.lookup_map) == 2
>       var_2 = lru_cache_0.put(none_type_0, float_0)

ALL-SMART/test_lru_cache_WHOLE_SUITE.py:45: 
_ _ _ _ _ _ _ _ _ _ _ _ _ _ _ _ _ _ _ _ _ _ _ _ _ _ _ _ _ _ _ _ _ _ _ _ _ _ _ _ 
lru_cache:93: in put
    ???
_ _ _ _ _ _ _ _ _ _ _ _ _ _ _ _ _ _ _ _ _ _ _ _ _ _ _ _ _ _ _ _ _ _ _ _ _ _ _ _ 

self = <lru_cache.LruCache object at 0x71ed1b9cfc70>
node = <lru_cache.ListNode object at 0x71ed1b9cd870>

>   ???
E   NameError: name 'previous_node' is not defined

lru_cache:181: NameError
   - [#  55] SDL lru_cache: 
--------------------------------------------------------------------------------
  174:         '''
  175:         
  176:         
  177:         previous_node = node.prev
- 178:         next_node = node.next
+ 178:         pass
  179:         
  180:         
  181:         previous_node.next = next_node
  182:         
--------------------------------------------------------------------------------
[0.08353 s] killed by ALL-SMART/test_lru_cache_WHOLE_SUITE.py::test_case_3

def test_case_3():
        none_type_0 = None
        float_0 = 320.0619167377027
        lru_cache_0 = module_0.LruCache(float_0)
        assert f'{type(lru_cache_0).__module__}.{type(lru_cache_0).__qualname__}' == 'lru_cache.LruCache'
        assert f'{type(lru_cache_0.head).__module__}.{type(lru_cache_0.head).__qualname__}' == 'lru_cache.ListNode'
        assert f'{type(lru_cache_0.tail).__module__}.{type(lru_cache_0.tail).__qualname__}' == 'lru_cache.ListNode'
        assert lru_cache_0.lookup_map == {}
        assert lru_cache_0.capacity == pytest.approx(320.0619167377027, abs=0.01, rel=0.01)
        assert module_0.LruCache.terminal_value == 0
        var_0 = lru_cache_0.put(none_type_0, none_type_0)
        assert len(lru_cache_0.lookup_map) == 1
        list_node_0 = module_0.ListNode(float_0, none_type_0)
        var_1 = lru_cache_0.put(float_0, none_type_0)
        assert len(lru_cache_0.lookup_map) == 2
>       var_2 = lru_cache_0.put(none_type_0, float_0)

ALL-SMART/test_lru_cache_WHOLE_SUITE.py:45: 
_ _ _ _ _ _ _ _ _ _ _ _ _ _ _ _ _ _ _ _ _ _ _ _ _ _ _ _ _ _ _ _ _ _ _ _ _ _ _ _ 
lru_cache:93: in put
    ???
_ _ _ _ _ _ _ _ _ _ _ _ _ _ _ _ _ _ _ _ _ _ _ _ _ _ _ _ _ _ _ _ _ _ _ _ _ _ _ _ 

self = <lru_cache.LruCache object at 0x71ed1bb8f010>
node = <lru_cache.ListNode object at 0x71ed1bb8c940>

>   ???
E   NameError: name 'next_node' is not defined

lru_cache:181: NameError
   - [#  56] SDL lru_cache: 
--------------------------------------------------------------------------------
  177:         previous_node = node.prev
  178:         next_node = node.next
  179:         
  180:         
- 181:         previous_node.next = next_node
+ 181:         pass
  182:         
  183:         
  184:         next_node.prev = previous_node
--------------------------------------------------------------------------------
[0.07777 s] survived
   - [#  57] SDL lru_cache: 
--------------------------------------------------------------------------------
  180:         
  181:         previous_node.next = next_node
  182:         
  183:         
- 184:         next_node.prev = previous_node
+ 184:         pass
--------------------------------------------------------------------------------
[0.08980 s] survived
   - [#  58] SVD lru_cache: 
--------------------------------------------------------------------------------
   19: 
   20:         :param key: the lookup key value
   21:         :param val: the value corresponding to the key
   22:         '''
-  23:         self.key = key
+  23:         key = key
   24:         self.val = val
   25:         self.next = None
   26:         self.prev = None
   27: 
--------------------------------------------------------------------------------
[0.00000 s] incompetent

ValueError: expression must have Store context but has Load instead

   - [#  59] SVD lru_cache: 
--------------------------------------------------------------------------------
   20:         :param key: the lookup key value
   21:         :param val: the value corresponding to the key
   22:         '''
   23:         self.key = key
-  24:         self.val = val
+  24:         val = val
   25:         self.next = None
   26:         self.prev = None
   27: 
   28: 
--------------------------------------------------------------------------------
[0.00000 s] incompetent

ValueError: expression must have Store context but has Load instead

   - [#  60] SVD lru_cache: 
--------------------------------------------------------------------------------
   21:         :param val: the value corresponding to the key
   22:         '''
   23:         self.key = key
   24:         self.val = val
-  25:         self.next = None
+  25:         next = None
   26:         self.prev = None
   27: 
   28: 
   29: class LruCache:
--------------------------------------------------------------------------------
[0.00000 s] incompetent

ValueError: expression must have Store context but has Load instead

   - [#  61] SVD lru_cache: 
--------------------------------------------------------------------------------
   22:         '''
   23:         self.key = key
   24:         self.val = val
   25:         self.next = None
-  26:         self.prev = None
+  26:         prev = None
   27: 
   28: 
   29: class LruCache:
   30:     
--------------------------------------------------------------------------------
[0.00000 s] incompetent

ValueError: expression must have Store context but has Load instead

   - [#  62] SVD lru_cache: 
--------------------------------------------------------------------------------
   61:         if capacity <= 1:
   62:             raise ValueError('Capacity must be >= 1')
   63:         
   64:         
-  65:         self.head = ListNode(self.terminal_value, self.terminal_value)
+  65:         head = ListNode(self.terminal_value, self.terminal_value)
   66:         self.tail = ListNode(self.terminal_value, self.terminal_value)
   67:         
   68:         
   69:         self.head.next = self.tail
--------------------------------------------------------------------------------
[0.00000 s] incompetent

ValueError: expression must have Store context but has Load instead

   - [#  63] SVD lru_cache: 
--------------------------------------------------------------------------------
   61:         if capacity <= 1:
   62:             raise ValueError('Capacity must be >= 1')
   63:         
   64:         
-  65:         self.head = ListNode(self.terminal_value, self.terminal_value)
+  65:         self.head = ListNode(terminal_value, self.terminal_value)
   66:         self.tail = ListNode(self.terminal_value, self.terminal_value)
   67:         
   68:         
   69:         self.head.next = self.tail
--------------------------------------------------------------------------------
[0.08448 s] killed by ALL-SMART/test_lru_cache_WHOLE_SUITE.py::test_case_2

def test_case_2():
        float_0 = 17.52
>       lru_cache_0 = module_0.LruCache(float_0)

ALL-SMART/test_lru_cache_WHOLE_SUITE.py:14: 
_ _ _ _ _ _ _ _ _ _ _ _ _ _ _ _ _ _ _ _ _ _ _ _ _ _ _ _ _ _ _ _ _ _ _ _ _ _ _ _ 

self = <lru_cache.LruCache object at 0x71ed1ba5dff0>, capacity = 17.52

>   ???
E   NameError: name 'terminal_value' is not defined

lru_cache:65: NameError
   - [#  64] SVD lru_cache: 
--------------------------------------------------------------------------------
   61:         if capacity <= 1:
   62:             raise ValueError('Capacity must be >= 1')
   63:         
   64:         
-  65:         self.head = ListNode(self.terminal_value, self.terminal_value)
+  65:         self.head = ListNode(self.terminal_value, terminal_value)
   66:         self.tail = ListNode(self.terminal_value, self.terminal_value)
   67:         
   68:         
   69:         self.head.next = self.tail
--------------------------------------------------------------------------------
[0.08415 s] killed by ALL-SMART/test_lru_cache_WHOLE_SUITE.py::test_case_2

def test_case_2():
        float_0 = 17.52
>       lru_cache_0 = module_0.LruCache(float_0)

ALL-SMART/test_lru_cache_WHOLE_SUITE.py:14: 
_ _ _ _ _ _ _ _ _ _ _ _ _ _ _ _ _ _ _ _ _ _ _ _ _ _ _ _ _ _ _ _ _ _ _ _ _ _ _ _ 

self = <lru_cache.LruCache object at 0x71ed1b86f2e0>, capacity = 17.52

>   ???
E   NameError: name 'terminal_value' is not defined

lru_cache:65: NameError
   - [#  65] SVD lru_cache: 
--------------------------------------------------------------------------------
   62:             raise ValueError('Capacity must be >= 1')
   63:         
   64:         
   65:         self.head = ListNode(self.terminal_value, self.terminal_value)
-  66:         self.tail = ListNode(self.terminal_value, self.terminal_value)
+  66:         tail = ListNode(self.terminal_value, self.terminal_value)
   67:         
   68:         
   69:         self.head.next = self.tail
   70:         self.tail.prev = self.head
--------------------------------------------------------------------------------
[0.00000 s] incompetent

ValueError: expression must have Store context but has Load instead

   - [#  66] SVD lru_cache: 
--------------------------------------------------------------------------------
   62:             raise ValueError('Capacity must be >= 1')
   63:         
   64:         
   65:         self.head = ListNode(self.terminal_value, self.terminal_value)
-  66:         self.tail = ListNode(self.terminal_value, self.terminal_value)
+  66:         self.tail = ListNode(terminal_value, self.terminal_value)
   67:         
   68:         
   69:         self.head.next = self.tail
   70:         self.tail.prev = self.head
--------------------------------------------------------------------------------
[0.08449 s] killed by ALL-SMART/test_lru_cache_WHOLE_SUITE.py::test_case_2

def test_case_2():
        float_0 = 17.52
>       lru_cache_0 = module_0.LruCache(float_0)

ALL-SMART/test_lru_cache_WHOLE_SUITE.py:14: 
_ _ _ _ _ _ _ _ _ _ _ _ _ _ _ _ _ _ _ _ _ _ _ _ _ _ _ _ _ _ _ _ _ _ _ _ _ _ _ _ 

self = <lru_cache.LruCache object at 0x71ed1b974040>, capacity = 17.52

>   ???
E   NameError: name 'terminal_value' is not defined

lru_cache:66: NameError
   - [#  67] SVD lru_cache: 
--------------------------------------------------------------------------------
   62:             raise ValueError('Capacity must be >= 1')
   63:         
   64:         
   65:         self.head = ListNode(self.terminal_value, self.terminal_value)
-  66:         self.tail = ListNode(self.terminal_value, self.terminal_value)
+  66:         self.tail = ListNode(self.terminal_value, terminal_value)
   67:         
   68:         
   69:         self.head.next = self.tail
   70:         self.tail.prev = self.head
--------------------------------------------------------------------------------
[0.08439 s] killed by ALL-SMART/test_lru_cache_WHOLE_SUITE.py::test_case_2

def test_case_2():
        float_0 = 17.52
>       lru_cache_0 = module_0.LruCache(float_0)

ALL-SMART/test_lru_cache_WHOLE_SUITE.py:14: 
_ _ _ _ _ _ _ _ _ _ _ _ _ _ _ _ _ _ _ _ _ _ _ _ _ _ _ _ _ _ _ _ _ _ _ _ _ _ _ _ 

self = <lru_cache.LruCache object at 0x71ed1ba1c070>, capacity = 17.52

>   ???
E   NameError: name 'terminal_value' is not defined

lru_cache:66: NameError
   - [#  68] SVD lru_cache: 
--------------------------------------------------------------------------------
   65:         self.head = ListNode(self.terminal_value, self.terminal_value)
   66:         self.tail = ListNode(self.terminal_value, self.terminal_value)
   67:         
   68:         
-  69:         self.head.next = self.tail
+  69:         head.next = self.tail
   70:         self.tail.prev = self.head
   71:         
   72:         
   73:         self.lookup_map = {}
--------------------------------------------------------------------------------
[0.08490 s] killed by ALL-SMART/test_lru_cache_WHOLE_SUITE.py::test_case_2

def test_case_2():
        float_0 = 17.52
>       lru_cache_0 = module_0.LruCache(float_0)

ALL-SMART/test_lru_cache_WHOLE_SUITE.py:14: 
_ _ _ _ _ _ _ _ _ _ _ _ _ _ _ _ _ _ _ _ _ _ _ _ _ _ _ _ _ _ _ _ _ _ _ _ _ _ _ _ 

self = <lru_cache.LruCache object at 0x71ed1b9c4ca0>, capacity = 17.52

>   ???
E   NameError: name 'head' is not defined

lru_cache:69: NameError
   - [#  69] SVD lru_cache: 
--------------------------------------------------------------------------------
   65:         self.head = ListNode(self.terminal_value, self.terminal_value)
   66:         self.tail = ListNode(self.terminal_value, self.terminal_value)
   67:         
   68:         
-  69:         self.head.next = self.tail
+  69:         self.head.next = tail
   70:         self.tail.prev = self.head
   71:         
   72:         
   73:         self.lookup_map = {}
--------------------------------------------------------------------------------
[0.08462 s] killed by ALL-SMART/test_lru_cache_WHOLE_SUITE.py::test_case_2

def test_case_2():
        float_0 = 17.52
>       lru_cache_0 = module_0.LruCache(float_0)

ALL-SMART/test_lru_cache_WHOLE_SUITE.py:14: 
_ _ _ _ _ _ _ _ _ _ _ _ _ _ _ _ _ _ _ _ _ _ _ _ _ _ _ _ _ _ _ _ _ _ _ _ _ _ _ _ 

self = <lru_cache.LruCache object at 0x71ed1b835870>, capacity = 17.52

>   ???
E   NameError: name 'tail' is not defined

lru_cache:69: NameError
   - [#  70] SVD lru_cache: 
--------------------------------------------------------------------------------
   66:         self.tail = ListNode(self.terminal_value, self.terminal_value)
   67:         
   68:         
   69:         self.head.next = self.tail
-  70:         self.tail.prev = self.head
+  70:         tail.prev = self.head
   71:         
   72:         
   73:         self.lookup_map = {}
   74:         
--------------------------------------------------------------------------------
[0.08579 s] killed by ALL-SMART/test_lru_cache_WHOLE_SUITE.py::test_case_2

def test_case_2():
        float_0 = 17.52
>       lru_cache_0 = module_0.LruCache(float_0)

ALL-SMART/test_lru_cache_WHOLE_SUITE.py:14: 
_ _ _ _ _ _ _ _ _ _ _ _ _ _ _ _ _ _ _ _ _ _ _ _ _ _ _ _ _ _ _ _ _ _ _ _ _ _ _ _ 

self = <lru_cache.LruCache object at 0x71ed1b86e620>, capacity = 17.52

>   ???
E   NameError: name 'tail' is not defined

lru_cache:70: NameError
   - [#  71] SVD lru_cache: 
--------------------------------------------------------------------------------
   66:         self.tail = ListNode(self.terminal_value, self.terminal_value)
   67:         
   68:         
   69:         self.head.next = self.tail
-  70:         self.tail.prev = self.head
+  70:         self.tail.prev = head
   71:         
   72:         
   73:         self.lookup_map = {}
   74:         
--------------------------------------------------------------------------------
[0.09199 s] killed by ALL-SMART/test_lru_cache_WHOLE_SUITE.py::test_case_2

def test_case_2():
        float_0 = 17.52
>       lru_cache_0 = module_0.LruCache(float_0)

ALL-SMART/test_lru_cache_WHOLE_SUITE.py:14: 
_ _ _ _ _ _ _ _ _ _ _ _ _ _ _ _ _ _ _ _ _ _ _ _ _ _ _ _ _ _ _ _ _ _ _ _ _ _ _ _ 

self = <lru_cache.LruCache object at 0x71ed1babb3d0>, capacity = 17.52

>   ???
E   NameError: name 'head' is not defined

lru_cache:70: NameError
   - [#  72] SVD lru_cache: 
--------------------------------------------------------------------------------
   69:         self.head.next = self.tail
   70:         self.tail.prev = self.head
   71:         
   72:         
-  73:         self.lookup_map = {}
+  73:         lookup_map = {}
   74:         
   75:         
   76:         self.capacity = capacity
   77:     
--------------------------------------------------------------------------------
[0.00000 s] incompetent

ValueError: expression must have Store context but has Load instead

   - [#  73] SVD lru_cache: 
--------------------------------------------------------------------------------
   72:         
   73:         self.lookup_map = {}
   74:         
   75:         
-  76:         self.capacity = capacity
+  76:         capacity = capacity
   77:     
   78:     def put(self, key, value):
   79:         '''
   80:         Add a value to the cache.
--------------------------------------------------------------------------------
[0.00000 s] incompetent

ValueError: expression must have Store context but has Load instead

   - [#  74] SVD lru_cache: 
--------------------------------------------------------------------------------
   86:         :param value: the value stored on key
   87:         :return: None
   88:         '''
   89:         
-  90:         if key in self.lookup_map:
+  90:         if key in lookup_map:
   91:             
   92:             node = self.lookup_map.pop(key)
   93:             self._remove(node)
   94:         
--------------------------------------------------------------------------------
[0.08155 s] killed by ALL-SMART/test_lru_cache_WHOLE_SUITE.py::test_case_2

def test_case_2():
        float_0 = 17.52
        lru_cache_0 = module_0.LruCache(float_0)
        assert f'{type(lru_cache_0).__module__}.{type(lru_cache_0).__qualname__}' == 'lru_cache.LruCache'
        assert f'{type(lru_cache_0.head).__module__}.{type(lru_cache_0.head).__qualname__}' == 'lru_cache.ListNode'
        assert f'{type(lru_cache_0.tail).__module__}.{type(lru_cache_0.tail).__qualname__}' == 'lru_cache.ListNode'
        assert lru_cache_0.lookup_map == {}
        assert lru_cache_0.capacity == pytest.approx(17.52, abs=0.01, rel=0.01)
        assert module_0.LruCache.terminal_value == 0
        none_type_0 = None
>       var_0 = lru_cache_0.put(none_type_0, lru_cache_0)

ALL-SMART/test_lru_cache_WHOLE_SUITE.py:22: 
_ _ _ _ _ _ _ _ _ _ _ _ _ _ _ _ _ _ _ _ _ _ _ _ _ _ _ _ _ _ _ _ _ _ _ _ _ _ _ _ 

self = <lru_cache.LruCache object at 0x71ed1b84df30>, key = None
value = <lru_cache.LruCache object at 0x71ed1b84df30>

>   ???
E   NameError: name 'lookup_map' is not defined

lru_cache:90: NameError
   - [#  75] SVD lru_cache: 
--------------------------------------------------------------------------------
   88:         '''
   89:         
   90:         if key in self.lookup_map:
   91:             
-  92:             node = self.lookup_map.pop(key)
+  92:             node = lookup_map.pop(key)
   93:             self._remove(node)
   94:         
   95:         
   96:         node = ListNode(key, value)
--------------------------------------------------------------------------------
[0.08418 s] killed by ALL-SMART/test_lru_cache_WHOLE_SUITE.py::test_case_3

def test_case_3():
        none_type_0 = None
        float_0 = 320.0619167377027
        lru_cache_0 = module_0.LruCache(float_0)
        assert f'{type(lru_cache_0).__module__}.{type(lru_cache_0).__qualname__}' == 'lru_cache.LruCache'
        assert f'{type(lru_cache_0.head).__module__}.{type(lru_cache_0.head).__qualname__}' == 'lru_cache.ListNode'
        assert f'{type(lru_cache_0.tail).__module__}.{type(lru_cache_0.tail).__qualname__}' == 'lru_cache.ListNode'
        assert lru_cache_0.lookup_map == {}
        assert lru_cache_0.capacity == pytest.approx(320.0619167377027, abs=0.01, rel=0.01)
        assert module_0.LruCache.terminal_value == 0
        var_0 = lru_cache_0.put(none_type_0, none_type_0)
        assert len(lru_cache_0.lookup_map) == 1
        list_node_0 = module_0.ListNode(float_0, none_type_0)
        var_1 = lru_cache_0.put(float_0, none_type_0)
        assert len(lru_cache_0.lookup_map) == 2
>       var_2 = lru_cache_0.put(none_type_0, float_0)

ALL-SMART/test_lru_cache_WHOLE_SUITE.py:45: 
_ _ _ _ _ _ _ _ _ _ _ _ _ _ _ _ _ _ _ _ _ _ _ _ _ _ _ _ _ _ _ _ _ _ _ _ _ _ _ _ 

self = <lru_cache.LruCache object at 0x71ed1ba5ef20>, key = None
value = 320.0619167377027

>   ???
E   NameError: name 'lookup_map' is not defined

lru_cache:92: NameError
   - [#  76] SVD lru_cache: 
--------------------------------------------------------------------------------
   89:         
   90:         if key in self.lookup_map:
   91:             
   92:             node = self.lookup_map.pop(key)
-  93:             self._remove(node)
+  93:             _remove(node)
   94:         
   95:         
   96:         node = ListNode(key, value)
   97:         
--------------------------------------------------------------------------------
[0.08719 s] killed by ALL-SMART/test_lru_cache_WHOLE_SUITE.py::test_case_3

def test_case_3():
        none_type_0 = None
        float_0 = 320.0619167377027
        lru_cache_0 = module_0.LruCache(float_0)
        assert f'{type(lru_cache_0).__module__}.{type(lru_cache_0).__qualname__}' == 'lru_cache.LruCache'
        assert f'{type(lru_cache_0.head).__module__}.{type(lru_cache_0.head).__qualname__}' == 'lru_cache.ListNode'
        assert f'{type(lru_cache_0.tail).__module__}.{type(lru_cache_0.tail).__qualname__}' == 'lru_cache.ListNode'
        assert lru_cache_0.lookup_map == {}
        assert lru_cache_0.capacity == pytest.approx(320.0619167377027, abs=0.01, rel=0.01)
        assert module_0.LruCache.terminal_value == 0
        var_0 = lru_cache_0.put(none_type_0, none_type_0)
        assert len(lru_cache_0.lookup_map) == 1
        list_node_0 = module_0.ListNode(float_0, none_type_0)
        var_1 = lru_cache_0.put(float_0, none_type_0)
        assert len(lru_cache_0.lookup_map) == 2
>       var_2 = lru_cache_0.put(none_type_0, float_0)

ALL-SMART/test_lru_cache_WHOLE_SUITE.py:45: 
_ _ _ _ _ _ _ _ _ _ _ _ _ _ _ _ _ _ _ _ _ _ _ _ _ _ _ _ _ _ _ _ _ _ _ _ _ _ _ _ 

self = <lru_cache.LruCache object at 0x71ed1bcdada0>, key = None
value = 320.0619167377027

>   ???
E   NameError: name '_remove' is not defined

lru_cache:93: NameError
   - [#  77] SVD lru_cache: 
--------------------------------------------------------------------------------
   95:         
   96:         node = ListNode(key, value)
   97:         
   98:         
-  99:         self._add(node)
+  99:         _add(node)
  100:         
  101:         
  102:         self.lookup_map[key] = node
  103:         
--------------------------------------------------------------------------------
[0.08499 s] killed by ALL-SMART/test_lru_cache_WHOLE_SUITE.py::test_case_2

def test_case_2():
        float_0 = 17.52
        lru_cache_0 = module_0.LruCache(float_0)
        assert f'{type(lru_cache_0).__module__}.{type(lru_cache_0).__qualname__}' == 'lru_cache.LruCache'
        assert f'{type(lru_cache_0.head).__module__}.{type(lru_cache_0.head).__qualname__}' == 'lru_cache.ListNode'
        assert f'{type(lru_cache_0.tail).__module__}.{type(lru_cache_0.tail).__qualname__}' == 'lru_cache.ListNode'
        assert lru_cache_0.lookup_map == {}
        assert lru_cache_0.capacity == pytest.approx(17.52, abs=0.01, rel=0.01)
        assert module_0.LruCache.terminal_value == 0
        none_type_0 = None
>       var_0 = lru_cache_0.put(none_type_0, lru_cache_0)

ALL-SMART/test_lru_cache_WHOLE_SUITE.py:22: 
_ _ _ _ _ _ _ _ _ _ _ _ _ _ _ _ _ _ _ _ _ _ _ _ _ _ _ _ _ _ _ _ _ _ _ _ _ _ _ _ 

self = <lru_cache.LruCache object at 0x71ed1bbe3520>, key = None
value = <lru_cache.LruCache object at 0x71ed1bbe3520>

>   ???
E   NameError: name '_add' is not defined

lru_cache:99: NameError
   - [#  78] SVD lru_cache: 
--------------------------------------------------------------------------------
   98:         
   99:         self._add(node)
  100:         
  101:         
- 102:         self.lookup_map[key] = node
+ 102:         lookup_map[key] = node
  103:         
  104:         
  105:         if len(self.lookup_map) > self.capacity:
  106:             
--------------------------------------------------------------------------------
[0.08305 s] killed by ALL-SMART/test_lru_cache_WHOLE_SUITE.py::test_case_2

def test_case_2():
        float_0 = 17.52
        lru_cache_0 = module_0.LruCache(float_0)
        assert f'{type(lru_cache_0).__module__}.{type(lru_cache_0).__qualname__}' == 'lru_cache.LruCache'
        assert f'{type(lru_cache_0.head).__module__}.{type(lru_cache_0.head).__qualname__}' == 'lru_cache.ListNode'
        assert f'{type(lru_cache_0.tail).__module__}.{type(lru_cache_0.tail).__qualname__}' == 'lru_cache.ListNode'
        assert lru_cache_0.lookup_map == {}
        assert lru_cache_0.capacity == pytest.approx(17.52, abs=0.01, rel=0.01)
        assert module_0.LruCache.terminal_value == 0
        none_type_0 = None
>       var_0 = lru_cache_0.put(none_type_0, lru_cache_0)

ALL-SMART/test_lru_cache_WHOLE_SUITE.py:22: 
_ _ _ _ _ _ _ _ _ _ _ _ _ _ _ _ _ _ _ _ _ _ _ _ _ _ _ _ _ _ _ _ _ _ _ _ _ _ _ _ 

self = <lru_cache.LruCache object at 0x71ed1b84cee0>, key = None
value = <lru_cache.LruCache object at 0x71ed1b84cee0>

>   ???
E   NameError: name 'lookup_map' is not defined

lru_cache:102: NameError
   - [#  79] SVD lru_cache: 
--------------------------------------------------------------------------------
  101:         
  102:         self.lookup_map[key] = node
  103:         
  104:         
- 105:         if len(self.lookup_map) > self.capacity:
+ 105:         if len(lookup_map) > self.capacity:
  106:             
  107:             least_recently_used_node = self.head.next
  108:             
  109:             
--------------------------------------------------------------------------------
[0.08459 s] killed by ALL-SMART/test_lru_cache_WHOLE_SUITE.py::test_case_2

def test_case_2():
        float_0 = 17.52
        lru_cache_0 = module_0.LruCache(float_0)
        assert f'{type(lru_cache_0).__module__}.{type(lru_cache_0).__qualname__}' == 'lru_cache.LruCache'
        assert f'{type(lru_cache_0.head).__module__}.{type(lru_cache_0.head).__qualname__}' == 'lru_cache.ListNode'
        assert f'{type(lru_cache_0.tail).__module__}.{type(lru_cache_0.tail).__qualname__}' == 'lru_cache.ListNode'
        assert lru_cache_0.lookup_map == {}
        assert lru_cache_0.capacity == pytest.approx(17.52, abs=0.01, rel=0.01)
        assert module_0.LruCache.terminal_value == 0
        none_type_0 = None
>       var_0 = lru_cache_0.put(none_type_0, lru_cache_0)

ALL-SMART/test_lru_cache_WHOLE_SUITE.py:22: 
_ _ _ _ _ _ _ _ _ _ _ _ _ _ _ _ _ _ _ _ _ _ _ _ _ _ _ _ _ _ _ _ _ _ _ _ _ _ _ _ 

self = <lru_cache.LruCache object at 0x71ed1b904550>, key = None
value = <lru_cache.LruCache object at 0x71ed1b904550>

>   ???
E   NameError: name 'lookup_map' is not defined

lru_cache:105: NameError
   - [#  80] SVD lru_cache: 
--------------------------------------------------------------------------------
  101:         
  102:         self.lookup_map[key] = node
  103:         
  104:         
- 105:         if len(self.lookup_map) > self.capacity:
+ 105:         if len(self.lookup_map) > capacity:
  106:             
  107:             least_recently_used_node = self.head.next
  108:             
  109:             
--------------------------------------------------------------------------------
[0.08454 s] killed by ALL-SMART/test_lru_cache_WHOLE_SUITE.py::test_case_2

def test_case_2():
        float_0 = 17.52
        lru_cache_0 = module_0.LruCache(float_0)
        assert f'{type(lru_cache_0).__module__}.{type(lru_cache_0).__qualname__}' == 'lru_cache.LruCache'
        assert f'{type(lru_cache_0.head).__module__}.{type(lru_cache_0.head).__qualname__}' == 'lru_cache.ListNode'
        assert f'{type(lru_cache_0.tail).__module__}.{type(lru_cache_0.tail).__qualname__}' == 'lru_cache.ListNode'
        assert lru_cache_0.lookup_map == {}
        assert lru_cache_0.capacity == pytest.approx(17.52, abs=0.01, rel=0.01)
        assert module_0.LruCache.terminal_value == 0
        none_type_0 = None
>       var_0 = lru_cache_0.put(none_type_0, lru_cache_0)

ALL-SMART/test_lru_cache_WHOLE_SUITE.py:22: 
_ _ _ _ _ _ _ _ _ _ _ _ _ _ _ _ _ _ _ _ _ _ _ _ _ _ _ _ _ _ _ _ _ _ _ _ _ _ _ _ 

self = <lru_cache.LruCache object at 0x71ed1b964880>, key = None
value = <lru_cache.LruCache object at 0x71ed1b964880>

>   ???
E   NameError: name 'capacity' is not defined

lru_cache:105: NameError
   - [#  81] SVD lru_cache: 
--------------------------------------------------------------------------------
  103:         
  104:         
  105:         if len(self.lookup_map) > self.capacity:
  106:             
- 107:             least_recently_used_node = self.head.next
+ 107:             least_recently_used_node = head.next
  108:             
  109:             
  110:             self._remove(least_recently_used_node)
  111:             
--------------------------------------------------------------------------------
[0.08637 s] killed by ALL-SMART/test_lru_cache_WHOLE_SUITE.py::test_case_11

def test_case_11():
        int_0 = 2
        lru_cache_0 = module_0.LruCache(int_0)
        assert f'{type(lru_cache_0).__module__}.{type(lru_cache_0).__qualname__}' == 'lru_cache.LruCache'
        assert f'{type(lru_cache_0.head).__module__}.{type(lru_cache_0.head).__qualname__}' == 'lru_cache.ListNode'
        assert f'{type(lru_cache_0.tail).__module__}.{type(lru_cache_0.tail).__qualname__}' == 'lru_cache.ListNode'
        assert lru_cache_0.lookup_map == {}
        assert lru_cache_0.capacity == 2
        assert module_0.LruCache.terminal_value == 0
        var_0 = lru_cache_0.put(lru_cache_0, lru_cache_0)
        assert len(lru_cache_0.lookup_map) == 1
        bool_0 = False
        var_1 = lru_cache_0.put(bool_0, lru_cache_0)
        assert len(lru_cache_0.lookup_map) == 2
        none_type_0 = None
>       var_2 = lru_cache_0.put(none_type_0, none_type_0)

ALL-SMART/test_lru_cache_WHOLE_SUITE.py:117: 
_ _ _ _ _ _ _ _ _ _ _ _ _ _ _ _ _ _ _ _ _ _ _ _ _ _ _ _ _ _ _ _ _ _ _ _ _ _ _ _ 

self = <lru_cache.LruCache object at 0x71ed1b905ba0>, key = None, value = None

>   ???
E   NameError: name 'head' is not defined

lru_cache:107: NameError
   - [#  82] SVD lru_cache: 
--------------------------------------------------------------------------------
  106:             
  107:             least_recently_used_node = self.head.next
  108:             
  109:             
- 110:             self._remove(least_recently_used_node)
+ 110:             _remove(least_recently_used_node)
  111:             
  112:             
  113:             del self.lookup_map[least_recently_used_node.key]
  114:     
--------------------------------------------------------------------------------
[0.08797 s] killed by ALL-SMART/test_lru_cache_WHOLE_SUITE.py::test_case_11

def test_case_11():
        int_0 = 2
        lru_cache_0 = module_0.LruCache(int_0)
        assert f'{type(lru_cache_0).__module__}.{type(lru_cache_0).__qualname__}' == 'lru_cache.LruCache'
        assert f'{type(lru_cache_0.head).__module__}.{type(lru_cache_0.head).__qualname__}' == 'lru_cache.ListNode'
        assert f'{type(lru_cache_0.tail).__module__}.{type(lru_cache_0.tail).__qualname__}' == 'lru_cache.ListNode'
        assert lru_cache_0.lookup_map == {}
        assert lru_cache_0.capacity == 2
        assert module_0.LruCache.terminal_value == 0
        var_0 = lru_cache_0.put(lru_cache_0, lru_cache_0)
        assert len(lru_cache_0.lookup_map) == 1
        bool_0 = False
        var_1 = lru_cache_0.put(bool_0, lru_cache_0)
        assert len(lru_cache_0.lookup_map) == 2
        none_type_0 = None
>       var_2 = lru_cache_0.put(none_type_0, none_type_0)

ALL-SMART/test_lru_cache_WHOLE_SUITE.py:117: 
_ _ _ _ _ _ _ _ _ _ _ _ _ _ _ _ _ _ _ _ _ _ _ _ _ _ _ _ _ _ _ _ _ _ _ _ _ _ _ _ 

self = <lru_cache.LruCache object at 0x71ed1b84dd80>, key = None, value = None

>   ???
E   NameError: name '_remove' is not defined

lru_cache:110: NameError
   - [#  83] SVD lru_cache: 
--------------------------------------------------------------------------------
  109:             
  110:             self._remove(least_recently_used_node)
  111:             
  112:             
- 113:             del self.lookup_map[least_recently_used_node.key]
+ 113:             del lookup_map[least_recently_used_node.key]
  114:     
  115:     def get(self, key):
  116:         '''
  117:         Get a value from the cache.
--------------------------------------------------------------------------------
[0.09124 s] killed by ALL-SMART/test_lru_cache_WHOLE_SUITE.py::test_case_11

def test_case_11():
        int_0 = 2
        lru_cache_0 = module_0.LruCache(int_0)
        assert f'{type(lru_cache_0).__module__}.{type(lru_cache_0).__qualname__}' == 'lru_cache.LruCache'
        assert f'{type(lru_cache_0.head).__module__}.{type(lru_cache_0.head).__qualname__}' == 'lru_cache.ListNode'
        assert f'{type(lru_cache_0.tail).__module__}.{type(lru_cache_0.tail).__qualname__}' == 'lru_cache.ListNode'
        assert lru_cache_0.lookup_map == {}
        assert lru_cache_0.capacity == 2
        assert module_0.LruCache.terminal_value == 0
        var_0 = lru_cache_0.put(lru_cache_0, lru_cache_0)
        assert len(lru_cache_0.lookup_map) == 1
        bool_0 = False
        var_1 = lru_cache_0.put(bool_0, lru_cache_0)
        assert len(lru_cache_0.lookup_map) == 2
        none_type_0 = None
>       var_2 = lru_cache_0.put(none_type_0, none_type_0)

ALL-SMART/test_lru_cache_WHOLE_SUITE.py:117: 
_ _ _ _ _ _ _ _ _ _ _ _ _ _ _ _ _ _ _ _ _ _ _ _ _ _ _ _ _ _ _ _ _ _ _ _ _ _ _ _ 

self = <lru_cache.LruCache object at 0x71ed1bcc19c0>, key = None, value = None

>   ???
E   NameError: name 'lookup_map' is not defined

lru_cache:113: NameError
   - [#  84] SVD lru_cache: 
--------------------------------------------------------------------------------
  121:         :param key: the key to lookup
  122:         :return: the value of the key or -1 if the key is not found
  123:         '''
  124:         
- 125:         if key in self.lookup_map:
+ 125:         if key in lookup_map:
  126:             
  127:             node = self.lookup_map[key]
  128:             
  129:             
--------------------------------------------------------------------------------
[0.08549 s] killed by ALL-SMART/test_lru_cache_WHOLE_SUITE.py::test_case_2

def test_case_2():
        float_0 = 17.52
        lru_cache_0 = module_0.LruCache(float_0)
        assert f'{type(lru_cache_0).__module__}.{type(lru_cache_0).__qualname__}' == 'lru_cache.LruCache'
        assert f'{type(lru_cache_0.head).__module__}.{type(lru_cache_0.head).__qualname__}' == 'lru_cache.ListNode'
        assert f'{type(lru_cache_0.tail).__module__}.{type(lru_cache_0.tail).__qualname__}' == 'lru_cache.ListNode'
        assert lru_cache_0.lookup_map == {}
        assert lru_cache_0.capacity == pytest.approx(17.52, abs=0.01, rel=0.01)
        assert module_0.LruCache.terminal_value == 0
        none_type_0 = None
        var_0 = lru_cache_0.put(none_type_0, lru_cache_0)
        assert len(lru_cache_0.lookup_map) == 1
>       var_1 = lru_cache_0.get(float_0)

ALL-SMART/test_lru_cache_WHOLE_SUITE.py:24: 
_ _ _ _ _ _ _ _ _ _ _ _ _ _ _ _ _ _ _ _ _ _ _ _ _ _ _ _ _ _ _ _ _ _ _ _ _ _ _ _ 

self = <lru_cache.LruCache object at 0x71ed1b920f70>, key = 17.52

>   ???
E   NameError: name 'lookup_map' is not defined

lru_cache:125: NameError
   - [#  85] SVD lru_cache: 
--------------------------------------------------------------------------------
  123:         '''
  124:         
  125:         if key in self.lookup_map:
  126:             
- 127:             node = self.lookup_map[key]
+ 127:             node = lookup_map[key]
  128:             
  129:             
  130:             self._remove(node)
  131:             
--------------------------------------------------------------------------------
[0.08679 s] killed by ALL-SMART/test_lru_cache_WHOLE_SUITE.py::test_case_5

def test_case_5():
        bytes_0 = b'\xaa*'
        none_type_0 = None
        float_0 = 1038.6
        lru_cache_0 = module_0.LruCache(float_0)
        assert f'{type(lru_cache_0).__module__}.{type(lru_cache_0).__qualname__}' == 'lru_cache.LruCache'
        assert f'{type(lru_cache_0.head).__module__}.{type(lru_cache_0.head).__qualname__}' == 'lru_cache.ListNode'
        assert f'{type(lru_cache_0.tail).__module__}.{type(lru_cache_0.tail).__qualname__}' == 'lru_cache.ListNode'
        assert lru_cache_0.lookup_map == {}
        assert lru_cache_0.capacity == pytest.approx(1038.6, abs=0.01, rel=0.01)
        assert module_0.LruCache.terminal_value == 0
        var_0 = lru_cache_0.put(float_0, bytes_0)
        assert len(lru_cache_0.lookup_map) == 1
>       var_1 = lru_cache_0.get(float_0)

ALL-SMART/test_lru_cache_WHOLE_SUITE.py:65: 
_ _ _ _ _ _ _ _ _ _ _ _ _ _ _ _ _ _ _ _ _ _ _ _ _ _ _ _ _ _ _ _ _ _ _ _ _ _ _ _ 

self = <lru_cache.LruCache object at 0x71ed1b9040d0>, key = 1038.6

>   ???
E   NameError: name 'lookup_map' is not defined

lru_cache:127: NameError
   - [#  86] SVD lru_cache: 
--------------------------------------------------------------------------------
  126:             
  127:             node = self.lookup_map[key]
  128:             
  129:             
- 130:             self._remove(node)
+ 130:             _remove(node)
  131:             
  132:             
  133:             self._add(node)
  134:             
--------------------------------------------------------------------------------
[0.08441 s] killed by ALL-SMART/test_lru_cache_WHOLE_SUITE.py::test_case_5

def test_case_5():
        bytes_0 = b'\xaa*'
        none_type_0 = None
        float_0 = 1038.6
        lru_cache_0 = module_0.LruCache(float_0)
        assert f'{type(lru_cache_0).__module__}.{type(lru_cache_0).__qualname__}' == 'lru_cache.LruCache'
        assert f'{type(lru_cache_0.head).__module__}.{type(lru_cache_0.head).__qualname__}' == 'lru_cache.ListNode'
        assert f'{type(lru_cache_0.tail).__module__}.{type(lru_cache_0.tail).__qualname__}' == 'lru_cache.ListNode'
        assert lru_cache_0.lookup_map == {}
        assert lru_cache_0.capacity == pytest.approx(1038.6, abs=0.01, rel=0.01)
        assert module_0.LruCache.terminal_value == 0
        var_0 = lru_cache_0.put(float_0, bytes_0)
        assert len(lru_cache_0.lookup_map) == 1
>       var_1 = lru_cache_0.get(float_0)

ALL-SMART/test_lru_cache_WHOLE_SUITE.py:65: 
_ _ _ _ _ _ _ _ _ _ _ _ _ _ _ _ _ _ _ _ _ _ _ _ _ _ _ _ _ _ _ _ _ _ _ _ _ _ _ _ 

self = <lru_cache.LruCache object at 0x71ed1b9ebf70>, key = 1038.6

>   ???
E   NameError: name '_remove' is not defined

lru_cache:130: NameError
   - [#  87] SVD lru_cache: 
--------------------------------------------------------------------------------
  129:             
  130:             self._remove(node)
  131:             
  132:             
- 133:             self._add(node)
+ 133:             _add(node)
  134:             
  135:             return node.val
  136:         else:
  137:             return -1
--------------------------------------------------------------------------------
[0.10196 s] killed by ALL-SMART/test_lru_cache_WHOLE_SUITE.py::test_case_5

def test_case_5():
        bytes_0 = b'\xaa*'
        none_type_0 = None
        float_0 = 1038.6
        lru_cache_0 = module_0.LruCache(float_0)
        assert f'{type(lru_cache_0).__module__}.{type(lru_cache_0).__qualname__}' == 'lru_cache.LruCache'
        assert f'{type(lru_cache_0.head).__module__}.{type(lru_cache_0.head).__qualname__}' == 'lru_cache.ListNode'
        assert f'{type(lru_cache_0.tail).__module__}.{type(lru_cache_0.tail).__qualname__}' == 'lru_cache.ListNode'
        assert lru_cache_0.lookup_map == {}
        assert lru_cache_0.capacity == pytest.approx(1038.6, abs=0.01, rel=0.01)
        assert module_0.LruCache.terminal_value == 0
        var_0 = lru_cache_0.put(float_0, bytes_0)
        assert len(lru_cache_0.lookup_map) == 1
>       var_1 = lru_cache_0.get(float_0)

ALL-SMART/test_lru_cache_WHOLE_SUITE.py:65: 
_ _ _ _ _ _ _ _ _ _ _ _ _ _ _ _ _ _ _ _ _ _ _ _ _ _ _ _ _ _ _ _ _ _ _ _ _ _ _ _ 

self = <lru_cache.LruCache object at 0x71ed1b870c10>, key = 1038.6

>   ???
E   NameError: name '_add' is not defined

lru_cache:133: NameError
   - [#  88] SVD lru_cache: 
--------------------------------------------------------------------------------
  146: 
  147:         :param node:m the node to add to the list
  148:         :return: None
  149:         '''
- 150:         old_last_node = self.tail.prev
+ 150:         old_last_node = tail.prev
  151:         
  152:         
  153:         node.prev = old_last_node
  154:         
--------------------------------------------------------------------------------
[0.08593 s] killed by ALL-SMART/test_lru_cache_WHOLE_SUITE.py::test_case_2

def test_case_2():
        float_0 = 17.52
        lru_cache_0 = module_0.LruCache(float_0)
        assert f'{type(lru_cache_0).__module__}.{type(lru_cache_0).__qualname__}' == 'lru_cache.LruCache'
        assert f'{type(lru_cache_0.head).__module__}.{type(lru_cache_0.head).__qualname__}' == 'lru_cache.ListNode'
        assert f'{type(lru_cache_0.tail).__module__}.{type(lru_cache_0.tail).__qualname__}' == 'lru_cache.ListNode'
        assert lru_cache_0.lookup_map == {}
        assert lru_cache_0.capacity == pytest.approx(17.52, abs=0.01, rel=0.01)
        assert module_0.LruCache.terminal_value == 0
        none_type_0 = None
>       var_0 = lru_cache_0.put(none_type_0, lru_cache_0)

ALL-SMART/test_lru_cache_WHOLE_SUITE.py:22: 
_ _ _ _ _ _ _ _ _ _ _ _ _ _ _ _ _ _ _ _ _ _ _ _ _ _ _ _ _ _ _ _ _ _ _ _ _ _ _ _ 
lru_cache:99: in put
    ???
_ _ _ _ _ _ _ _ _ _ _ _ _ _ _ _ _ _ _ _ _ _ _ _ _ _ _ _ _ _ _ _ _ _ _ _ _ _ _ _ 

self = <lru_cache.LruCache object at 0x71ed1b858910>
node = <lru_cache.ListNode object at 0x71ed1b8589a0>

>   ???
E   NameError: name 'tail' is not defined

lru_cache:150: NameError
   - [#  89] SVD lru_cache: 
--------------------------------------------------------------------------------
  152:         
  153:         node.prev = old_last_node
  154:         
  155:         
- 156:         node.next = self.tail
+ 156:         node.next = tail
  157:         
  158:         
  159:         old_last_node.next = node
  160:         
--------------------------------------------------------------------------------
[0.08505 s] killed by ALL-SMART/test_lru_cache_WHOLE_SUITE.py::test_case_2

def test_case_2():
        float_0 = 17.52
        lru_cache_0 = module_0.LruCache(float_0)
        assert f'{type(lru_cache_0).__module__}.{type(lru_cache_0).__qualname__}' == 'lru_cache.LruCache'
        assert f'{type(lru_cache_0.head).__module__}.{type(lru_cache_0.head).__qualname__}' == 'lru_cache.ListNode'
        assert f'{type(lru_cache_0.tail).__module__}.{type(lru_cache_0.tail).__qualname__}' == 'lru_cache.ListNode'
        assert lru_cache_0.lookup_map == {}
        assert lru_cache_0.capacity == pytest.approx(17.52, abs=0.01, rel=0.01)
        assert module_0.LruCache.terminal_value == 0
        none_type_0 = None
>       var_0 = lru_cache_0.put(none_type_0, lru_cache_0)

ALL-SMART/test_lru_cache_WHOLE_SUITE.py:22: 
_ _ _ _ _ _ _ _ _ _ _ _ _ _ _ _ _ _ _ _ _ _ _ _ _ _ _ _ _ _ _ _ _ _ _ _ _ _ _ _ 
lru_cache:99: in put
    ???
_ _ _ _ _ _ _ _ _ _ _ _ _ _ _ _ _ _ _ _ _ _ _ _ _ _ _ _ _ _ _ _ _ _ _ _ _ _ _ _ 

self = <lru_cache.LruCache object at 0x71ed1bcd8f40>
node = <lru_cache.ListNode object at 0x71ed1bcdaf80>

>   ???
E   NameError: name 'tail' is not defined

lru_cache:156: NameError
   - [#  90] SVD lru_cache: 
--------------------------------------------------------------------------------
  158:         
  159:         old_last_node.next = node
  160:         
  161:         
- 162:         self.tail.prev = node
+ 162:         tail.prev = node
  163:     
  164:     def _remove(self, node):
  165:         '''
  166:         Internal function.  Remove a node from the list.
--------------------------------------------------------------------------------
[0.08425 s] killed by ALL-SMART/test_lru_cache_WHOLE_SUITE.py::test_case_2

def test_case_2():
        float_0 = 17.52
        lru_cache_0 = module_0.LruCache(float_0)
        assert f'{type(lru_cache_0).__module__}.{type(lru_cache_0).__qualname__}' == 'lru_cache.LruCache'
        assert f'{type(lru_cache_0.head).__module__}.{type(lru_cache_0.head).__qualname__}' == 'lru_cache.ListNode'
        assert f'{type(lru_cache_0.tail).__module__}.{type(lru_cache_0.tail).__qualname__}' == 'lru_cache.ListNode'
        assert lru_cache_0.lookup_map == {}
        assert lru_cache_0.capacity == pytest.approx(17.52, abs=0.01, rel=0.01)
        assert module_0.LruCache.terminal_value == 0
        none_type_0 = None
>       var_0 = lru_cache_0.put(none_type_0, lru_cache_0)

ALL-SMART/test_lru_cache_WHOLE_SUITE.py:22: 
_ _ _ _ _ _ _ _ _ _ _ _ _ _ _ _ _ _ _ _ _ _ _ _ _ _ _ _ _ _ _ _ _ _ _ _ _ _ _ _ 
lru_cache:99: in put
    ???
_ _ _ _ _ _ _ _ _ _ _ _ _ _ _ _ _ _ _ _ _ _ _ _ _ _ _ _ _ _ _ _ _ _ _ _ _ _ _ _ 

self = <lru_cache.LruCache object at 0x71ed1b84d1b0>
node = <lru_cache.ListNode object at 0x71ed1b84ef20>

>   ???
E   NameError: name 'tail' is not defined

lru_cache:162: NameError
[*] Mutation score [10.78721 s]: 84.2%
   - all: 90
   - killed: 64 (71.1%)
   - survived: 12 (13.3%)
   - incompetent: 14 (15.6%)
   - timeout: 0 (0.0%)
