[*] Start mutation process:
   - targets: first_missing_positive.py
   - tests: ts-3-5/test_3-5_0-8_265.py
[*] 1 tests passed:
   - test_3-5_0-8_265 [0.10684 s]
[*] Start mutants generation and execution:
   - [#   1] AOR first_missing_positive: 
--------------------------------------------------------------------------------
  24:         The first integer greater than 0 that is not 
  25:         present in the input list.
  26:     """
  27:     start = 0
- 28:     end = len(nums) - 1
+ 28:     end = len(nums) + 1
  29:     while start <= end:
  30:         i = nums[start] - 1
  31:         
  32:         if i == start:
--------------------------------------------------------------------------------
[0.14095 s] killed by ts-3-5/test_3-5_0-8_265.py::test_first_missing_positive

def test_first_missing_positive():
        # Test cases for the first_missing_positive function
    
        # Test empty list
>       assert first_missing_positive([]) == 1

ts-3-5/test_3-5_0-8_265.py:15: 
_ _ _ _ _ _ _ _ _ _ _ _ _ _ _ _ _ _ _ _ _ _ _ _ _ _ _ _ _ _ _ _ _ _ _ _ _ _ _ _ 

nums = []

>   ???
E   IndexError: list index out of range

first_missing_positive:30: IndexError
   - [#   2] AOR first_missing_positive: 
--------------------------------------------------------------------------------
  26:     """
  27:     start = 0
  28:     end = len(nums) - 1
  29:     while start <= end:
- 30:         i = nums[start] - 1
+ 30:         i = nums[start] + 1
  31:         
  32:         if i == start:
  33:             start += 1
  34:         
--------------------------------------------------------------------------------
[0.13660 s] killed by ts-3-5/test_3-5_0-8_265.py::test_first_missing_positive

def test_first_missing_positive():
        # Test cases for the first_missing_positive function
    
        # Test empty list
        assert first_missing_positive([]) == 1
    
        # Test case where the missing positive is at the start
>       assert first_missing_positive([-1, -2, 0, 1, 2, 4]) == 3
E       AssertionError

ts-3-5/test_3-5_0-8_265.py:18: AssertionError
   - [#   3] AOR first_missing_positive: 
--------------------------------------------------------------------------------
  40:         else:
  41:             
  42:             (nums[start], nums[i]) = (nums[i], nums[start])
  43:     
- 44:     return start + 1
+ 44:     return start - 1
--------------------------------------------------------------------------------
[0.13942 s] killed by ts-3-5/test_3-5_0-8_265.py::test_first_missing_positive

def test_first_missing_positive():
        # Test cases for the first_missing_positive function
    
        # Test empty list
>       assert first_missing_positive([]) == 1
E       AssertionError

ts-3-5/test_3-5_0-8_265.py:15: AssertionError
   - [#   4] ASR first_missing_positive: 
--------------------------------------------------------------------------------
  29:     while start <= end:
  30:         i = nums[start] - 1
  31:         
  32:         if i == start:
- 33:             start += 1
+ 33:             start -= 1
  34:         
  35:         
  36:         
  37:         elif (i < 0 or i > end or nums[start] == nums[i]):
--------------------------------------------------------------------------------
[0.14203 s] killed by ts-3-5/test_3-5_0-8_265.py::test_first_missing_positive

def test_first_missing_positive():
        # Test cases for the first_missing_positive function
    
        # Test empty list
        assert first_missing_positive([]) == 1
    
        # Test case where the missing positive is at the start
>       assert first_missing_positive([-1, -2, 0, 1, 2, 4]) == 3
E       AssertionError

ts-3-5/test_3-5_0-8_265.py:18: AssertionError
   - [#   5] ASR first_missing_positive: 
--------------------------------------------------------------------------------
  35:         
  36:         
  37:         elif (i < 0 or i > end or nums[start] == nums[i]):
  38:             nums[start] = nums[end]
- 39:             end -= 1
+ 39:             end += 1
  40:         else:
  41:             
  42:             (nums[start], nums[i]) = (nums[i], nums[start])
  43:     
--------------------------------------------------------------------------------
[0.12973 s] killed by ts-3-5/test_3-5_0-8_265.py::test_first_missing_positive

def test_first_missing_positive():
        # Test cases for the first_missing_positive function
    
        # Test empty list
        assert first_missing_positive([]) == 1
    
        # Test case where the missing positive is at the start
>       assert first_missing_positive([-1, -2, 0, 1, 2, 4]) == 3

ts-3-5/test_3-5_0-8_265.py:18: 
_ _ _ _ _ _ _ _ _ _ _ _ _ _ _ _ _ _ _ _ _ _ _ _ _ _ _ _ _ _ _ _ _ _ _ _ _ _ _ _ 

nums = [1, -2, 0, 4, 2, 4]

>   ???
E   IndexError: list index out of range

first_missing_positive:38: IndexError
   - [#   6] COI first_missing_positive: 
--------------------------------------------------------------------------------
  25:         present in the input list.
  26:     """
  27:     start = 0
  28:     end = len(nums) - 1
- 29:     while start <= end:
+ 29:     while not (start <= end):
  30:         i = nums[start] - 1
  31:         
  32:         if i == start:
  33:             start += 1
--------------------------------------------------------------------------------
[0.13129 s] killed by ts-3-5/test_3-5_0-8_265.py::test_first_missing_positive

def test_first_missing_positive():
        # Test cases for the first_missing_positive function
    
        # Test empty list
>       assert first_missing_positive([]) == 1

ts-3-5/test_3-5_0-8_265.py:15: 
_ _ _ _ _ _ _ _ _ _ _ _ _ _ _ _ _ _ _ _ _ _ _ _ _ _ _ _ _ _ _ _ _ _ _ _ _ _ _ _ 

nums = []

>   ???
E   IndexError: list index out of range

first_missing_positive:30: IndexError
   - [#   7] COI first_missing_positive: 
--------------------------------------------------------------------------------
  28:     end = len(nums) - 1
  29:     while start <= end:
  30:         i = nums[start] - 1
  31:         
- 32:         if i == start:
+ 32:         if not (i == start):
  33:             start += 1
  34:         
  35:         
  36:         
--------------------------------------------------------------------------------
[0.13200 s] killed by ts-3-5/test_3-5_0-8_265.py::test_first_missing_positive

def test_first_missing_positive():
        # Test cases for the first_missing_positive function
    
        # Test empty list
        assert first_missing_positive([]) == 1
    
        # Test case where the missing positive is at the start
>       assert first_missing_positive([-1, -2, 0, 1, 2, 4]) == 3
E       AssertionError

ts-3-5/test_3-5_0-8_265.py:18: AssertionError
   - [#   8] COI first_missing_positive: 
--------------------------------------------------------------------------------
  33:             start += 1
  34:         
  35:         
  36:         
- 37:         elif (i < 0 or i > end or nums[start] == nums[i]):
+ 37:         elif not ((i < 0 or i > end or nums[start] == nums[i])):
  38:             nums[start] = nums[end]
  39:             end -= 1
  40:         else:
  41:             
--------------------------------------------------------------------------------
[5.00589 s] timeout
   - [#   9] LCR first_missing_positive: 
--------------------------------------------------------------------------------
  33:             start += 1
  34:         
  35:         
  36:         
- 37:         elif (i < 0 or i > end or nums[start] == nums[i]):
+ 37:         elif (i < 0 and i > end and nums[start] == nums[i]):
  38:             nums[start] = nums[end]
  39:             end -= 1
  40:         else:
  41:             
--------------------------------------------------------------------------------
[5.00655 s] timeout
   - [#  10] OIL first_missing_positive: 
--------------------------------------------------------------------------------
  38:             nums[start] = nums[end]
  39:             end -= 1
  40:         else:
  41:             
- 42:             (nums[start], nums[i]) = (nums[i], nums[start])
+ 42:             (nums[start], nums[i]) = (nums[i], nums[start])break
  43:     
  44:     return start + 1
--------------------------------------------------------------------------------
[0.12895 s] killed by ts-3-5/test_3-5_0-8_265.py::test_first_missing_positive

def test_first_missing_positive():
        # Test cases for the first_missing_positive function
    
        # Test empty list
        assert first_missing_positive([]) == 1
    
        # Test case where the missing positive is at the start
>       assert first_missing_positive([-1, -2, 0, 1, 2, 4]) == 3
E       AssertionError

ts-3-5/test_3-5_0-8_265.py:18: AssertionError
   - [#  11] ROR first_missing_positive: 
--------------------------------------------------------------------------------
  25:         present in the input list.
  26:     """
  27:     start = 0
  28:     end = len(nums) - 1
- 29:     while start <= end:
+ 29:     while start >= end:
  30:         i = nums[start] - 1
  31:         
  32:         if i == start:
  33:             start += 1
--------------------------------------------------------------------------------
[0.13050 s] killed by ts-3-5/test_3-5_0-8_265.py::test_first_missing_positive

def test_first_missing_positive():
        # Test cases for the first_missing_positive function
    
        # Test empty list
>       assert first_missing_positive([]) == 1

ts-3-5/test_3-5_0-8_265.py:15: 
_ _ _ _ _ _ _ _ _ _ _ _ _ _ _ _ _ _ _ _ _ _ _ _ _ _ _ _ _ _ _ _ _ _ _ _ _ _ _ _ 

nums = []

>   ???
E   IndexError: list index out of range

first_missing_positive:30: IndexError
   - [#  12] ROR first_missing_positive: 
--------------------------------------------------------------------------------
  25:         present in the input list.
  26:     """
  27:     start = 0
  28:     end = len(nums) - 1
- 29:     while start <= end:
+ 29:     while start < end:
  30:         i = nums[start] - 1
  31:         
  32:         if i == start:
  33:             start += 1
--------------------------------------------------------------------------------
[0.13167 s] killed by ts-3-5/test_3-5_0-8_265.py::test_first_missing_positive

def test_first_missing_positive():
        # Test cases for the first_missing_positive function
    
        # Test empty list
        assert first_missing_positive([]) == 1
    
        # Test case where the missing positive is at the start
        assert first_missing_positive([-1, -2, 0, 1, 2, 4]) == 3
    
        # Test case where the missing positive is in the middle
        assert first_missing_positive([3, 4, -1, 1]) == 2
    
        # Test case where all negatives and zeros are removed
>       assert first_missing_positive([0, -1, -2, 1, 2, 3]) == 4
E       AssertionError

ts-3-5/test_3-5_0-8_265.py:24: AssertionError
   - [#  13] ROR first_missing_positive: 
--------------------------------------------------------------------------------
  28:     end = len(nums) - 1
  29:     while start <= end:
  30:         i = nums[start] - 1
  31:         
- 32:         if i == start:
+ 32:         if i != start:
  33:             start += 1
  34:         
  35:         
  36:         
--------------------------------------------------------------------------------
[0.13130 s] killed by ts-3-5/test_3-5_0-8_265.py::test_first_missing_positive

def test_first_missing_positive():
        # Test cases for the first_missing_positive function
    
        # Test empty list
        assert first_missing_positive([]) == 1
    
        # Test case where the missing positive is at the start
>       assert first_missing_positive([-1, -2, 0, 1, 2, 4]) == 3
E       AssertionError

ts-3-5/test_3-5_0-8_265.py:18: AssertionError
   - [#  14] ROR first_missing_positive: 
--------------------------------------------------------------------------------
  33:             start += 1
  34:         
  35:         
  36:         
- 37:         elif (i < 0 or i > end or nums[start] == nums[i]):
+ 37:         elif (i > 0 or i > end or nums[start] == nums[i]):
  38:             nums[start] = nums[end]
  39:             end -= 1
  40:         else:
  41:             
--------------------------------------------------------------------------------
[0.13180 s] killed by ts-3-5/test_3-5_0-8_265.py::test_first_missing_positive

def test_first_missing_positive():
        # Test cases for the first_missing_positive function
    
        # Test empty list
        assert first_missing_positive([]) == 1
    
        # Test case where the missing positive is at the start
>       assert first_missing_positive([-1, -2, 0, 1, 2, 4]) == 3
E       AssertionError

ts-3-5/test_3-5_0-8_265.py:18: AssertionError
   - [#  15] ROR first_missing_positive: 
--------------------------------------------------------------------------------
  33:             start += 1
  34:         
  35:         
  36:         
- 37:         elif (i < 0 or i > end or nums[start] == nums[i]):
+ 37:         elif (i <= 0 or i > end or nums[start] == nums[i]):
  38:             nums[start] = nums[end]
  39:             end -= 1
  40:         else:
  41:             
--------------------------------------------------------------------------------
[0.10566 s] survived
   - [#  16] ROR first_missing_positive: 
--------------------------------------------------------------------------------
  33:             start += 1
  34:         
  35:         
  36:         
- 37:         elif (i < 0 or i > end or nums[start] == nums[i]):
+ 37:         elif (i < 0 or i < end or nums[start] == nums[i]):
  38:             nums[start] = nums[end]
  39:             end -= 1
  40:         else:
  41:             
--------------------------------------------------------------------------------
[0.13175 s] killed by ts-3-5/test_3-5_0-8_265.py::test_first_missing_positive

def test_first_missing_positive():
        # Test cases for the first_missing_positive function
    
        # Test empty list
        assert first_missing_positive([]) == 1
    
        # Test case where the missing positive is at the start
>       assert first_missing_positive([-1, -2, 0, 1, 2, 4]) == 3
E       AssertionError

ts-3-5/test_3-5_0-8_265.py:18: AssertionError
   - [#  17] ROR first_missing_positive: 
--------------------------------------------------------------------------------
  33:             start += 1
  34:         
  35:         
  36:         
- 37:         elif (i < 0 or i > end or nums[start] == nums[i]):
+ 37:         elif (i < 0 or i >= end or nums[start] == nums[i]):
  38:             nums[start] = nums[end]
  39:             end -= 1
  40:         else:
  41:             
--------------------------------------------------------------------------------
[0.13056 s] killed by ts-3-5/test_3-5_0-8_265.py::test_first_missing_positive

def test_first_missing_positive():
        # Test cases for the first_missing_positive function
    
        # Test empty list
        assert first_missing_positive([]) == 1
    
        # Test case where the missing positive is at the start
        assert first_missing_positive([-1, -2, 0, 1, 2, 4]) == 3
    
        # Test case where the missing positive is in the middle
        assert first_missing_positive([3, 4, -1, 1]) == 2
    
        # Test case where all negatives and zeros are removed
        assert first_missing_positive([0, -1, -2, 1, 2, 3]) == 4
    
        # Test case where the missing positive is at the end
        assert first_missing_positive([1, 2, 3, 4, 5]) == 6
    
        # Test case where all numbers are negative
        assert first_missing_positive([-1, -2, -3, -4]) == 1
    
        # Test case where input contains duplicates
>       assert first_missing_positive([1, 1, 2, 3, 5]) == 4
E       AssertionError

ts-3-5/test_3-5_0-8_265.py:33: AssertionError
   - [#  18] ROR first_missing_positive: 
--------------------------------------------------------------------------------
  33:             start += 1
  34:         
  35:         
  36:         
- 37:         elif (i < 0 or i > end or nums[start] == nums[i]):
+ 37:         elif (i < 0 or i > end or nums[start] != nums[i]):
  38:             nums[start] = nums[end]
  39:             end -= 1
  40:         else:
  41:             
--------------------------------------------------------------------------------
[0.13486 s] killed by ts-3-5/test_3-5_0-8_265.py::test_first_missing_positive

def test_first_missing_positive():
        # Test cases for the first_missing_positive function
    
        # Test empty list
        assert first_missing_positive([]) == 1
    
        # Test case where the missing positive is at the start
>       assert first_missing_positive([-1, -2, 0, 1, 2, 4]) == 3
E       AssertionError

ts-3-5/test_3-5_0-8_265.py:18: AssertionError
   - [#  19] SDL first_missing_positive: 
--------------------------------------------------------------------------------
  23:     Returns:
  24:         The first integer greater than 0 that is not 
  25:         present in the input list.
  26:     """
- 27:     start = 0
+ 27:     pass
  28:     end = len(nums) - 1
  29:     while start <= end:
  30:         i = nums[start] - 1
  31:         
--------------------------------------------------------------------------------
[0.13230 s] killed by ts-3-5/test_3-5_0-8_265.py::test_first_missing_positive

def test_first_missing_positive():
        # Test cases for the first_missing_positive function
    
        # Test empty list
>       assert first_missing_positive([]) == 1

ts-3-5/test_3-5_0-8_265.py:15: 
_ _ _ _ _ _ _ _ _ _ _ _ _ _ _ _ _ _ _ _ _ _ _ _ _ _ _ _ _ _ _ _ _ _ _ _ _ _ _ _ 

nums = []

>   ???
E   UnboundLocalError: local variable 'start' referenced before assignment

first_missing_positive:29: UnboundLocalError
   - [#  20] SDL first_missing_positive: 
--------------------------------------------------------------------------------
  24:         The first integer greater than 0 that is not 
  25:         present in the input list.
  26:     """
  27:     start = 0
- 28:     end = len(nums) - 1
+ 28:     pass
  29:     while start <= end:
  30:         i = nums[start] - 1
  31:         
  32:         if i == start:
--------------------------------------------------------------------------------
[0.13311 s] killed by ts-3-5/test_3-5_0-8_265.py::test_first_missing_positive

def test_first_missing_positive():
        # Test cases for the first_missing_positive function
    
        # Test empty list
>       assert first_missing_positive([]) == 1

ts-3-5/test_3-5_0-8_265.py:15: 
_ _ _ _ _ _ _ _ _ _ _ _ _ _ _ _ _ _ _ _ _ _ _ _ _ _ _ _ _ _ _ _ _ _ _ _ _ _ _ _ 

nums = []

>   ???
E   UnboundLocalError: local variable 'end' referenced before assignment

first_missing_positive:29: UnboundLocalError
   - [#  21] SDL first_missing_positive: 
--------------------------------------------------------------------------------
  26:     """
  27:     start = 0
  28:     end = len(nums) - 1
  29:     while start <= end:
- 30:         i = nums[start] - 1
+ 30:         pass
  31:         
  32:         if i == start:
  33:             start += 1
  34:         
--------------------------------------------------------------------------------
[0.13320 s] killed by ts-3-5/test_3-5_0-8_265.py::test_first_missing_positive

def test_first_missing_positive():
        # Test cases for the first_missing_positive function
    
        # Test empty list
        assert first_missing_positive([]) == 1
    
        # Test case where the missing positive is at the start
>       assert first_missing_positive([-1, -2, 0, 1, 2, 4]) == 3

ts-3-5/test_3-5_0-8_265.py:18: 
_ _ _ _ _ _ _ _ _ _ _ _ _ _ _ _ _ _ _ _ _ _ _ _ _ _ _ _ _ _ _ _ _ _ _ _ _ _ _ _ 

nums = [-1, -2, 0, 1, 2, 4]

>   ???
E   NameError: name 'i' is not defined

first_missing_positive:32: NameError
   - [#  22] SDL first_missing_positive: 
--------------------------------------------------------------------------------
  34:         
  35:         
  36:         
  37:         elif (i < 0 or i > end or nums[start] == nums[i]):
- 38:             nums[start] = nums[end]
+ 38:             pass
  39:             end -= 1
  40:         else:
  41:             
  42:             (nums[start], nums[i]) = (nums[i], nums[start])
--------------------------------------------------------------------------------
[0.13160 s] killed by ts-3-5/test_3-5_0-8_265.py::test_first_missing_positive

def test_first_missing_positive():
        # Test cases for the first_missing_positive function
    
        # Test empty list
        assert first_missing_positive([]) == 1
    
        # Test case where the missing positive is at the start
>       assert first_missing_positive([-1, -2, 0, 1, 2, 4]) == 3
E       AssertionError

ts-3-5/test_3-5_0-8_265.py:18: AssertionError
   - [#  23] SDL first_missing_positive: 
--------------------------------------------------------------------------------
  38:             nums[start] = nums[end]
  39:             end -= 1
  40:         else:
  41:             
- 42:             (nums[start], nums[i]) = (nums[i], nums[start])
+ 42:             pass
  43:     
  44:     return start + 1
--------------------------------------------------------------------------------
[5.00620 s] timeout
   - [#  24] SDL first_missing_positive: 
--------------------------------------------------------------------------------
  40:         else:
  41:             
  42:             (nums[start], nums[i]) = (nums[i], nums[start])
  43:     
- 44:     return start + 1
+ 44:     pass
--------------------------------------------------------------------------------
[0.12225 s] killed by ts-3-5/test_3-5_0-8_265.py::test_first_missing_positive

def test_first_missing_positive():
        # Test cases for the first_missing_positive function
    
        # Test empty list
>       assert first_missing_positive([]) == 1
E       AssertionError

ts-3-5/test_3-5_0-8_265.py:15: AssertionError
   - [#  25] ZIL first_missing_positive: 
--------------------------------------------------------------------------------
  26:     """
  27:     start = 0
  28:     end = len(nums) - 1
  29:     while start <= end:
- 30:         i = nums[start] - 1
- 31:         
- 32:         if i == start:
- 33:             start += 1
- 34:         
- 35:         
- 36:         
- 37:         elif (i < 0 or i > end or nums[start] == nums[i]):
- 38:             nums[start] = nums[end]
- 39:             end -= 1
- 40:         else:
- 41:             
- 42:             (nums[start], nums[i]) = (nums[i], nums[start])
+ 30:         break
+ 31:     
+ 32:     
+ 33:     
+ 34:     
+ 35:     
+ 36:     
+ 37:     
+ 38:     
+ 39:     
+ 40:     
+ 41:     
+ 42:     
  43:     
  44:     return start + 1
--------------------------------------------------------------------------------
[0.14754 s] killed by ts-3-5/test_3-5_0-8_265.py::test_first_missing_positive

def test_first_missing_positive():
        # Test cases for the first_missing_positive function
    
        # Test empty list
        assert first_missing_positive([]) == 1
    
        # Test case where the missing positive is at the start
>       assert first_missing_positive([-1, -2, 0, 1, 2, 4]) == 3
E       AssertionError

ts-3-5/test_3-5_0-8_265.py:18: AssertionError
[*] Mutation score [18.45675 s]: 96.0%
   - all: 25
   - killed: 21 (84.0%)
   - survived: 1 (4.0%)
   - incompetent: 0 (0.0%)
   - timeout: 3 (12.0%)
