[*] Start mutation process:
   - targets: fizz_buzz.py
   - tests: ts-3-5/test_3-5_0-4_145.py
[*] 6 tests passed:
   - test_3-5_0-4_145 [0.12414 s]
[*] Start mutants generation and execution:
   - [#   1] AOR fizz_buzz: 
--------------------------------------------------------------------------------
  5:     divisible by 5, add "Buzz", if it is 
  6:     divisible by both, add "FizzBuzz"
  7: 
  8:     '''
- 9:     return [(('Fizz' if x % 3 == 0 else '') + ('Buzz' if x % 5 == 0 else '') or str(x)) for x in range(1, n + 1)]
+ 9:     return [(('Fizz' if x * 3 == 0 else '') + ('Buzz' if x % 5 == 0 else '') or str(x)) for x in range(1, n + 1)]
--------------------------------------------------------------------------------
[0.14121 s] killed by ts-3-5/test_3-5_0-4_145.py::test_fizz_buzz_divisible_by_3

def test_fizz_buzz_divisible_by_3():
>       assert fizz_buzz(3) == ['1', '2', 'Fizz']
E       AssertionError

ts-3-5/test_3-5_0-4_145.py:10: AssertionError
   - [#   2] AOR fizz_buzz: 
--------------------------------------------------------------------------------
  5:     divisible by 5, add "Buzz", if it is 
  6:     divisible by both, add "FizzBuzz"
  7: 
  8:     '''
- 9:     return [(('Fizz' if x % 3 == 0 else '') + ('Buzz' if x % 5 == 0 else '') or str(x)) for x in range(1, n + 1)]
+ 9:     return [(('Fizz' if x % 3 == 0 else '') - ('Buzz' if x % 5 == 0 else '') or str(x)) for x in range(1, n + 1)]
--------------------------------------------------------------------------------
[0.14380 s] incompetent

TypeError: fizz_buzz:9: TypeError: unsupported operand type(s) for -: 'str' and 'str'

   - [#   3] AOR fizz_buzz: 
--------------------------------------------------------------------------------
  5:     divisible by 5, add "Buzz", if it is 
  6:     divisible by both, add "FizzBuzz"
  7: 
  8:     '''
- 9:     return [(('Fizz' if x % 3 == 0 else '') + ('Buzz' if x % 5 == 0 else '') or str(x)) for x in range(1, n + 1)]
+ 9:     return [(('Fizz' if x % 3 == 0 else '') + ('Buzz' if x * 5 == 0 else '') or str(x)) for x in range(1, n + 1)]
--------------------------------------------------------------------------------
[0.14470 s] killed by ts-3-5/test_3-5_0-4_145.py::test_fizz_buzz_divisible_by_5

def test_fizz_buzz_divisible_by_5():
>       assert fizz_buzz(5) == ['1', '2', 'Fizz', '4', 'Buzz']
E       AssertionError

ts-3-5/test_3-5_0-4_145.py:13: AssertionError
   - [#   4] AOR fizz_buzz: 
--------------------------------------------------------------------------------
  5:     divisible by 5, add "Buzz", if it is 
  6:     divisible by both, add "FizzBuzz"
  7: 
  8:     '''
- 9:     return [(('Fizz' if x % 3 == 0 else '') + ('Buzz' if x % 5 == 0 else '') or str(x)) for x in range(1, n + 1)]
+ 9:     return [(('Fizz' if x % 3 == 0 else '') + ('Buzz' if x % 5 == 0 else '') or str(x)) for x in range(1, n - 1)]
--------------------------------------------------------------------------------
[0.15105 s] killed by ts-3-5/test_3-5_0-4_145.py::test_fizz_buzz_divisible_by_3

def test_fizz_buzz_divisible_by_3():
>       assert fizz_buzz(3) == ['1', '2', 'Fizz']
E       AssertionError

ts-3-5/test_3-5_0-4_145.py:10: AssertionError
   - [#   5] LCR fizz_buzz: 
--------------------------------------------------------------------------------
  5:     divisible by 5, add "Buzz", if it is 
  6:     divisible by both, add "FizzBuzz"
  7: 
  8:     '''
- 9:     return [(('Fizz' if x % 3 == 0 else '') + ('Buzz' if x % 5 == 0 else '') or str(x)) for x in range(1, n + 1)]
+ 9:     return [(('Fizz' if x % 3 == 0 else '') + ('Buzz' if x % 5 == 0 else '') and str(x)) for x in range(1, n + 1)]
--------------------------------------------------------------------------------
[0.14718 s] killed by ts-3-5/test_3-5_0-4_145.py::test_fizz_buzz_divisible_by_3

def test_fizz_buzz_divisible_by_3():
>       assert fizz_buzz(3) == ['1', '2', 'Fizz']
E       AssertionError

ts-3-5/test_3-5_0-4_145.py:10: AssertionError
   - [#   6] ROR fizz_buzz: 
--------------------------------------------------------------------------------
  5:     divisible by 5, add "Buzz", if it is 
  6:     divisible by both, add "FizzBuzz"
  7: 
  8:     '''
- 9:     return [(('Fizz' if x % 3 == 0 else '') + ('Buzz' if x % 5 == 0 else '') or str(x)) for x in range(1, n + 1)]
+ 9:     return [(('Fizz' if x % 3 != 0 else '') + ('Buzz' if x % 5 == 0 else '') or str(x)) for x in range(1, n + 1)]
--------------------------------------------------------------------------------
[0.15230 s] killed by ts-3-5/test_3-5_0-4_145.py::test_fizz_buzz_divisible_by_3

def test_fizz_buzz_divisible_by_3():
>       assert fizz_buzz(3) == ['1', '2', 'Fizz']
E       AssertionError

ts-3-5/test_3-5_0-4_145.py:10: AssertionError
   - [#   7] ROR fizz_buzz: 
--------------------------------------------------------------------------------
  5:     divisible by 5, add "Buzz", if it is 
  6:     divisible by both, add "FizzBuzz"
  7: 
  8:     '''
- 9:     return [(('Fizz' if x % 3 == 0 else '') + ('Buzz' if x % 5 == 0 else '') or str(x)) for x in range(1, n + 1)]
+ 9:     return [(('Fizz' if x % 3 == 0 else '') + ('Buzz' if x % 5 != 0 else '') or str(x)) for x in range(1, n + 1)]
--------------------------------------------------------------------------------
[0.14728 s] killed by ts-3-5/test_3-5_0-4_145.py::test_fizz_buzz_divisible_by_3

def test_fizz_buzz_divisible_by_3():
>       assert fizz_buzz(3) == ['1', '2', 'Fizz']
E       AssertionError

ts-3-5/test_3-5_0-4_145.py:10: AssertionError
   - [#   8] SDL fizz_buzz: 
--------------------------------------------------------------------------------
  5:     divisible by 5, add "Buzz", if it is 
  6:     divisible by both, add "FizzBuzz"
  7: 
  8:     '''
- 9:     return [(('Fizz' if x % 3 == 0 else '') + ('Buzz' if x % 5 == 0 else '') or str(x)) for x in range(1, n + 1)]
+ 9:     pass
--------------------------------------------------------------------------------
[0.14659 s] killed by ts-3-5/test_3-5_0-4_145.py::test_fizz_buzz_divisible_by_3

def test_fizz_buzz_divisible_by_3():
>       assert fizz_buzz(3) == ['1', '2', 'Fizz']
E       AssertionError

ts-3-5/test_3-5_0-4_145.py:10: AssertionError
[*] Mutation score [1.39624 s]: 100.0%
   - all: 8
   - killed: 7 (87.5%)
   - survived: 0 (0.0%)
   - incompetent: 1 (12.5%)
   - timeout: 0 (0.0%)
