[*] Start mutation process:
   - targets: hash_map.py
   - tests: ts-3-5/test_3-5_1-0_329.py
[*] 11 tests passed:
   - test_3-5_1-0_329 [0.19413 s]
[*] Start mutants generation and execution:
   - [#   1] AOR hash_map: 
--------------------------------------------------------------------------------
   26:         Returns:
   27:             None 
   28:         """
   29:         
-  30:         hash_key = self.hash_function(key) % len(self.buckets)
+  30:         hash_key = self.hash_function(key) * len(self.buckets)
   31:         
   32:         bucket = self.buckets[hash_key]
   33:         
   34:         for (i, val) in enumerate(bucket):
--------------------------------------------------------------------------------
[0.20965 s] killed by ts-3-5/test_3-5_1-0_329.py::TestHashMap::test_insert_single_value

self = <test_3-5_1-0_329.TestHashMap object at 0x7a27c3f7bc10>

    def test_insert_single_value(self):
        hm = HashMap()
>       hm.insert('test_key', 'test_value')

ts-3-5/test_3-5_1-0_329.py:14: 
_ _ _ _ _ _ _ _ _ _ _ _ _ _ _ _ _ _ _ _ _ _ _ _ _ _ _ _ _ _ _ _ _ _ _ _ _ _ _ _ 

self = <hash_map.HashMap object at 0x7a27c3f7bcd0>, key = 'test_key'
value = 'test_value'

>   ???
E   IndexError: cannot fit 'int' into an index-sized integer

hash_map:32: IndexError
   - [#   2] AOR hash_map: 
--------------------------------------------------------------------------------
   53:         Raises:
   54:             KeyError: Raised when key cannot be found.
   55:         '''
   56:         
-  57:         hash_key = self.hash_function(key) % len(self.buckets)
+  57:         hash_key = self.hash_function(key) * len(self.buckets)
   58:         
   59:         bucket = self.buckets[hash_key]
   60:         
   61:         
--------------------------------------------------------------------------------
[0.21164 s] killed by ts-3-5/test_3-5_1-0_329.py::TestHashMap::test_insert_single_value

self = <test_3-5_1-0_329.TestHashMap object at 0x7a27c3e9fd60>

    def test_insert_single_value(self):
        hm = HashMap()
        hm.insert('test_key', 'test_value')
>       assert hm.get('test_key') == 'test_value'

ts-3-5/test_3-5_1-0_329.py:15: 
_ _ _ _ _ _ _ _ _ _ _ _ _ _ _ _ _ _ _ _ _ _ _ _ _ _ _ _ _ _ _ _ _ _ _ _ _ _ _ _ 

self = <hash_map.HashMap object at 0x7a27c3e9dab0>, key = 'test_key'

>   ???
E   IndexError: cannot fit 'int' into an index-sized integer

hash_map:59: IndexError
   - [#   3] AOR hash_map: 
--------------------------------------------------------------------------------
   78:         Raises:
   79:             KeyError: Raised when the key cannot be found.
   80:         '''
   81:         
-  82:         hash_key = self.hash_function(key) % len(self.buckets)
+  82:         hash_key = self.hash_function(key) * len(self.buckets)
   83:         
   84:         bucket = self.buckets[hash_key]
   85:         
   86:         
--------------------------------------------------------------------------------
[0.21768 s] killed by ts-3-5/test_3-5_1-0_329.py::TestHashMap::test_delete_existing_key

self = <test_3-5_1-0_329.TestHashMap object at 0x7a27c3ae79a0>

    def test_delete_existing_key(self):
        hm = HashMap()
        hm.insert('test_key', 'test_value')
>       deleted_val = hm.delete('test_key')

ts-3-5/test_3-5_1-0_329.py:31: 
_ _ _ _ _ _ _ _ _ _ _ _ _ _ _ _ _ _ _ _ _ _ _ _ _ _ _ _ _ _ _ _ _ _ _ _ _ _ _ _ 

self = <hash_map.HashMap object at 0x7a27c3ae7610>, key = 'test_key'

>   ???
E   IndexError: cannot fit 'int' into an index-sized integer

hash_map:84: IndexError
   - [#   4] AOR hash_map: 
--------------------------------------------------------------------------------
  100:     '''
  101:     hash = 5381
  102:     
  103:     for letter in str(key):
- 104:         hash = ((hash << 5) + hash) + ord(letter)
+ 104:         hash = ((hash << 5) - hash) + ord(letter)
  105:     
  106:     return hash
  107: 
  108: def sdbm(key):
--------------------------------------------------------------------------------
[0.20863 s] killed by ts-3-5/test_3-5_1-0_329.py::TestHashFunctions::test_djb2_happy_path

self = <test_3-5_1-0_329.TestHashFunctions object at 0x7a27c3e4e5c0>

    def test_djb2_happy_path(self):
>       assert djb2('test_key') == 7572963594076045
E       AssertionError

ts-3-5/test_3-5_1-0_329.py:43: AssertionError
   - [#   5] AOR hash_map: 
--------------------------------------------------------------------------------
  100:     '''
  101:     hash = 5381
  102:     
  103:     for letter in str(key):
- 104:         hash = ((hash << 5) + hash) + ord(letter)
+ 104:         hash = ((hash << 5) + hash) - ord(letter)
  105:     
  106:     return hash
  107: 
  108: def sdbm(key):
--------------------------------------------------------------------------------
[0.21177 s] killed by ts-3-5/test_3-5_1-0_329.py::TestHashFunctions::test_djb2_happy_path

self = <test_3-5_1-0_329.TestHashFunctions object at 0x7a27c3db6050>

    def test_djb2_happy_path(self):
>       assert djb2('test_key') == 7572963594076045
E       AssertionError

ts-3-5/test_3-5_1-0_329.py:43: AssertionError
   - [#   6] AOR hash_map: 
--------------------------------------------------------------------------------
  114:     '''
  115:     hash = 0
  116:     
  117:     for letter in str(key):
- 118:         hash = ((ord(letter) + (hash << 6)) + (hash << 16)) - hash
+ 118:         hash = ((ord(letter) - (hash << 6)) + (hash << 16)) - hash
  119:     
  120:     return hash
  121: 
  122: def lose_lose(key):
--------------------------------------------------------------------------------
[0.21482 s] killed by ts-3-5/test_3-5_1-0_329.py::TestHashFunctions::test_sdbm_happy_path

self = <test_3-5_1-0_329.TestHashFunctions object at 0x7a27c3ac7430>

    def test_sdbm_happy_path(self):
>       assert sdbm('test_key') == 606379187146086983188292032049998418
E       AssertionError

ts-3-5/test_3-5_1-0_329.py:46: AssertionError
   - [#   7] AOR hash_map: 
--------------------------------------------------------------------------------
  114:     '''
  115:     hash = 0
  116:     
  117:     for letter in str(key):
- 118:         hash = ((ord(letter) + (hash << 6)) + (hash << 16)) - hash
+ 118:         hash = ((ord(letter) + (hash << 6)) - (hash << 16)) - hash
  119:     
  120:     return hash
  121: 
  122: def lose_lose(key):
--------------------------------------------------------------------------------
[0.21225 s] killed by ts-3-5/test_3-5_1-0_329.py::TestHashFunctions::test_sdbm_happy_path

self = <test_3-5_1-0_329.TestHashFunctions object at 0x7a27c3b76980>

    def test_sdbm_happy_path(self):
>       assert sdbm('test_key') == 606379187146086983188292032049998418
E       AssertionError

ts-3-5/test_3-5_1-0_329.py:46: AssertionError
   - [#   8] AOR hash_map: 
--------------------------------------------------------------------------------
  114:     '''
  115:     hash = 0
  116:     
  117:     for letter in str(key):
- 118:         hash = ((ord(letter) + (hash << 6)) + (hash << 16)) - hash
+ 118:         hash = ((ord(letter) + (hash << 6)) + (hash << 16)) + hash
  119:     
  120:     return hash
  121: 
  122: def lose_lose(key):
--------------------------------------------------------------------------------
[0.22253 s] killed by ts-3-5/test_3-5_1-0_329.py::TestHashFunctions::test_sdbm_happy_path

self = <test_3-5_1-0_329.TestHashFunctions object at 0x7a27c3da9c60>

    def test_sdbm_happy_path(self):
>       assert sdbm('test_key') == 606379187146086983188292032049998418
E       AssertionError

ts-3-5/test_3-5_1-0_329.py:46: AssertionError
   - [#   9] ASR hash_map: 
--------------------------------------------------------------------------------
  129:     '''
  130:     hash = 0
  131:     
  132:     for letter in str(key):
- 133:         hash += ord(letter)
+ 133:         hash -= ord(letter)
  134:     
  135:     return hash
--------------------------------------------------------------------------------
[0.20978 s] killed by ts-3-5/test_3-5_1-0_329.py::TestHashFunctions::test_lose_lose_happy_path

self = <test_3-5_1-0_329.TestHashFunctions object at 0x7a27c3dab430>

    def test_lose_lose_happy_path(self):
>       assert lose_lose('test_key') == 872
E       AssertionError

ts-3-5/test_3-5_1-0_329.py:49: AssertionError
   - [#  10] CDI hash_map: 
--------------------------------------------------------------------------------
    2:     '''
    3:     Data structure that stores key:value pairs.
    4:     '''
    5:     
-   6:     def __init__(self, buckets=256, hash_function=lambda key: (hash(key))):
-   7:         self.buckets = [[] for i in range(buckets)]
-   8:         self.hash_function = hash_function
-   9:     
+   6:     @classmethod
+   7:     def __init__(self, buckets=256, hash_function=lambda key: (hash(key))):
+   8:         self.buckets = [[] for i in range(buckets)]
+   9:         self.hash_function = hash_function
   10:     def insert(self, key, value):
   11:         """
   12:         Insert a key into the hash map.
   13: 
--------------------------------------------------------------------------------
[0.21245 s] incompetent

TypeError: hash_map:30: TypeError: HashMap.<lambda>() takes 1 positional argument but 2 were given

   - [#  11] CDI hash_map: 
--------------------------------------------------------------------------------
    6:     def __init__(self, buckets=256, hash_function=lambda key: (hash(key))):
    7:         self.buckets = [[] for i in range(buckets)]
    8:         self.hash_function = hash_function
    9:     
-  10:     def insert(self, key, value):
-  11:         """
-  12:         Insert a key into the hash map.
-  13: 
-  14:         Insert a key into the map.  Internally the
-  15:         key is hashed with the internal hashing_function
-  16:         and placed into a bucket.  If the bucket  contains
-  17:         an element with the same key that keys value 
-  18:         will be overridden.
-  19: 
-  20:         Args:
-  21:             key: the key that will be hashed to index 
-  22:                 the value 
-  23:             value: the value that will be stored at
-  24:                 the index of 'key'
-  25: 
-  26:         Returns:
-  27:             None 
-  28:         """
-  29:         
-  30:         hash_key = self.hash_function(key) % len(self.buckets)
-  31:         
-  32:         bucket = self.buckets[hash_key]
-  33:         
-  34:         for (i, val) in enumerate(bucket):
-  35:             
-  36:             if val[0] == key:
-  37:                 bucket[i] = (key, value)
-  38:                 return
-  39:         
-  40:         bucket.append((key, value))
-  41:     
+  10:     @classmethod
+  11:     def insert(self, key, value):
+  12:         """
+  13:         Insert a key into the hash map.
+  14: 
+  15:         Insert a key into the map.  Internally the
+  16:         key is hashed with the internal hashing_function
+  17:         and placed into a bucket.  If the bucket  contains
+  18:         an element with the same key that keys value 
+  19:         will be overridden.
+  20: 
+  21:         Args:
+  22:             key: the key that will be hashed to index 
+  23:                 the value 
+  24:             value: the value that will be stored at
+  25:                 the index of 'key'
+  26: 
+  27:         Returns:
+  28:             None 
+  29:         """
+  30:         
+  31:         hash_key = self.hash_function(key) % len(self.buckets)
+  32:         
+  33:         bucket = self.buckets[hash_key]
+  34:         
+  35:         for (i, val) in enumerate(bucket):
+  36:             
+  37:             if val[0] == key:
+  38:                 bucket[i] = (key, value)
+  39:                 return
+  40:         
+  41:         bucket.append((key, value))
   42:     def get(self, key):
   43:         '''
   44:         Get a value from the map.
   45: 
--------------------------------------------------------------------------------
[0.20515 s] killed by ts-3-5/test_3-5_1-0_329.py::TestHashMap::test_insert_single_value

self = <test_3-5_1-0_329.TestHashMap object at 0x7a27c39d5000>

    def test_insert_single_value(self):
        hm = HashMap()
>       hm.insert('test_key', 'test_value')

ts-3-5/test_3-5_1-0_329.py:14: 
_ _ _ _ _ _ _ _ _ _ _ _ _ _ _ _ _ _ _ _ _ _ _ _ _ _ _ _ _ _ _ _ _ _ _ _ _ _ _ _ 

self = <class 'hash_map.HashMap'>, key = 'test_key', value = 'test_value'

>   ???
E   AttributeError: type object 'HashMap' has no attribute 'hash_function'

hash_map:31: AttributeError
   - [#  12] CDI hash_map: 
--------------------------------------------------------------------------------
   38:                 return
   39:         
   40:         bucket.append((key, value))
   41:     
-  42:     def get(self, key):
-  43:         '''
-  44:         Get a value from the map.
-  45: 
-  46:         Args:
-  47:             key: the identifying key which will have its
-  48:                 value returned
-  49:         
-  50:         Returns:
-  51:             The value that is stored within key.
-  52: 
-  53:         Raises:
-  54:             KeyError: Raised when key cannot be found.
-  55:         '''
-  56:         
-  57:         hash_key = self.hash_function(key) % len(self.buckets)
-  58:         
-  59:         bucket = self.buckets[hash_key]
-  60:         
+  42:     @classmethod
+  43:     def get(self, key):
+  44:         '''
+  45:         Get a value from the map.
+  46: 
+  47:         Args:
+  48:             key: the identifying key which will have its
+  49:                 value returned
+  50:         
+  51:         Returns:
+  52:             The value that is stored within key.
+  53: 
+  54:         Raises:
+  55:             KeyError: Raised when key cannot be found.
+  56:         '''
+  57:         
+  58:         hash_key = self.hash_function(key) % len(self.buckets)
+  59:         
+  60:         bucket = self.buckets[hash_key]
   61:         
-  62:         for val in bucket:
-  63:             if val[0] == key:
-  64:                 return val[1]
-  65:         
-  66:         raise KeyError
-  67:     
+  62:         
+  63:         for val in bucket:
+  64:             if val[0] == key:
+  65:                 return val[1]
+  66:         
+  67:         raise KeyError
   68:     def delete(self, key):
   69:         '''
   70:         Delete a key from the map.
   71: 
--------------------------------------------------------------------------------
[0.20954 s] killed by ts-3-5/test_3-5_1-0_329.py::TestHashMap::test_insert_single_value

self = <test_3-5_1-0_329.TestHashMap object at 0x7a27c3a81cc0>

    def test_insert_single_value(self):
        hm = HashMap()
        hm.insert('test_key', 'test_value')
>       assert hm.get('test_key') == 'test_value'

ts-3-5/test_3-5_1-0_329.py:15: 
_ _ _ _ _ _ _ _ _ _ _ _ _ _ _ _ _ _ _ _ _ _ _ _ _ _ _ _ _ _ _ _ _ _ _ _ _ _ _ _ 

self = <class 'hash_map.HashMap'>, key = 'test_key'

>   ???
E   AttributeError: type object 'HashMap' has no attribute 'hash_function'

hash_map:58: AttributeError
   - [#  13] CDI hash_map: 
--------------------------------------------------------------------------------
   64:                 return val[1]
   65:         
   66:         raise KeyError
   67:     
-  68:     def delete(self, key):
-  69:         '''
-  70:         Delete a key from the map.
-  71: 
-  72:         Args:
-  73:             key: the key to delete
-  74:         
-  75:         Returns:
-  76:             The value of the key that was deleted.
-  77: 
-  78:         Raises:
-  79:             KeyError: Raised when the key cannot be found.
-  80:         '''
-  81:         
-  82:         hash_key = self.hash_function(key) % len(self.buckets)
-  83:         
-  84:         bucket = self.buckets[hash_key]
-  85:         
+  68:     @classmethod
+  69:     def delete(self, key):
+  70:         '''
+  71:         Delete a key from the map.
+  72: 
+  73:         Args:
+  74:             key: the key to delete
+  75:         
+  76:         Returns:
+  77:             The value of the key that was deleted.
+  78: 
+  79:         Raises:
+  80:             KeyError: Raised when the key cannot be found.
+  81:         '''
+  82:         
+  83:         hash_key = self.hash_function(key) % len(self.buckets)
+  84:         
+  85:         bucket = self.buckets[hash_key]
   86:         
-  87:         for (i, val) in enumerate(bucket):
-  88:             if val[0] == key:
-  89:                 del bucket[i]
-  90:                 return val
-  91:         
-  92:         raise KeyError
-  93: 
+  87:         
+  88:         for (i, val) in enumerate(bucket):
+  89:             if val[0] == key:
+  90:                 del bucket[i]
+  91:                 return val
+  92:         
+  93:         raise KeyError
   94: def djb2(key):
   95:     '''
   96:     Classic hashing function by Bernstein.
   97: 
--------------------------------------------------------------------------------
[0.20820 s] killed by ts-3-5/test_3-5_1-0_329.py::TestHashMap::test_delete_existing_key

self = <test_3-5_1-0_329.TestHashMap object at 0x7a27c3a44ee0>

    def test_delete_existing_key(self):
        hm = HashMap()
        hm.insert('test_key', 'test_value')
>       deleted_val = hm.delete('test_key')

ts-3-5/test_3-5_1-0_329.py:31: 
_ _ _ _ _ _ _ _ _ _ _ _ _ _ _ _ _ _ _ _ _ _ _ _ _ _ _ _ _ _ _ _ _ _ _ _ _ _ _ _ 

self = <class 'hash_map.HashMap'>, key = 'test_key'

>   ???
E   AttributeError: type object 'HashMap' has no attribute 'hash_function'

hash_map:83: AttributeError
   - [#  14] COI hash_map: 
--------------------------------------------------------------------------------
   32:         bucket = self.buckets[hash_key]
   33:         
   34:         for (i, val) in enumerate(bucket):
   35:             
-  36:             if val[0] == key:
+  36:             if not (val[0] == key):
   37:                 bucket[i] = (key, value)
   38:                 return
   39:         
   40:         bucket.append((key, value))
--------------------------------------------------------------------------------
[0.21220 s] killed by ts-3-5/test_3-5_1-0_329.py::TestHashMap::test_insert_duplicate_key

self = <test_3-5_1-0_329.TestHashMap object at 0x7a27c3cf76d0>

    def test_insert_duplicate_key(self):
        hm = HashMap()
        hm.insert('test_key', 'original_value')
        hm.insert('test_key', 'new_value')
>       assert hm.get('test_key') == 'new_value'
E       AssertionError

ts-3-5/test_3-5_1-0_329.py:21: AssertionError
   - [#  15] COI hash_map: 
--------------------------------------------------------------------------------
   59:         bucket = self.buckets[hash_key]
   60:         
   61:         
   62:         for val in bucket:
-  63:             if val[0] == key:
+  63:             if not (val[0] == key):
   64:                 return val[1]
   65:         
   66:         raise KeyError
   67:     
--------------------------------------------------------------------------------
[0.22206 s] killed by ts-3-5/test_3-5_1-0_329.py::TestHashMap::test_insert_single_value

self = <test_3-5_1-0_329.TestHashMap object at 0x7a27c3b75630>

    def test_insert_single_value(self):
        hm = HashMap()
        hm.insert('test_key', 'test_value')
>       assert hm.get('test_key') == 'test_value'

ts-3-5/test_3-5_1-0_329.py:15: 
_ _ _ _ _ _ _ _ _ _ _ _ _ _ _ _ _ _ _ _ _ _ _ _ _ _ _ _ _ _ _ _ _ _ _ _ _ _ _ _ 

self = <hash_map.HashMap object at 0x7a27c3884700>, key = 'test_key'

>   ???
E   KeyError

hash_map:66: KeyError
   - [#  16] COI hash_map: 
--------------------------------------------------------------------------------
   84:         bucket = self.buckets[hash_key]
   85:         
   86:         
   87:         for (i, val) in enumerate(bucket):
-  88:             if val[0] == key:
+  88:             if not (val[0] == key):
   89:                 del bucket[i]
   90:                 return val
   91:         
   92:         raise KeyError
--------------------------------------------------------------------------------
[0.20886 s] killed by ts-3-5/test_3-5_1-0_329.py::TestHashMap::test_delete_existing_key

self = <test_3-5_1-0_329.TestHashMap object at 0x7a27c3dc0d60>

    def test_delete_existing_key(self):
        hm = HashMap()
        hm.insert('test_key', 'test_value')
>       deleted_val = hm.delete('test_key')

ts-3-5/test_3-5_1-0_329.py:31: 
_ _ _ _ _ _ _ _ _ _ _ _ _ _ _ _ _ _ _ _ _ _ _ _ _ _ _ _ _ _ _ _ _ _ _ _ _ _ _ _ 

self = <hash_map.HashMap object at 0x7a27c3dc2e30>, key = 'test_key'

>   ???
E   KeyError

hash_map:92: KeyError
   - [#  17] LOR hash_map: 
--------------------------------------------------------------------------------
  100:     '''
  101:     hash = 5381
  102:     
  103:     for letter in str(key):
- 104:         hash = ((hash << 5) + hash) + ord(letter)
+ 104:         hash = ((hash >> 5) + hash) + ord(letter)
  105:     
  106:     return hash
  107: 
  108: def sdbm(key):
--------------------------------------------------------------------------------
[0.20887 s] killed by ts-3-5/test_3-5_1-0_329.py::TestHashFunctions::test_djb2_happy_path

self = <test_3-5_1-0_329.TestHashFunctions object at 0x7a27c3d1d750>

    def test_djb2_happy_path(self):
>       assert djb2('test_key') == 7572963594076045
E       AssertionError

ts-3-5/test_3-5_1-0_329.py:43: AssertionError
   - [#  18] LOR hash_map: 
--------------------------------------------------------------------------------
  114:     '''
  115:     hash = 0
  116:     
  117:     for letter in str(key):
- 118:         hash = ((ord(letter) + (hash << 6)) + (hash << 16)) - hash
+ 118:         hash = ((ord(letter) + (hash >> 6)) + (hash << 16)) - hash
  119:     
  120:     return hash
  121: 
  122: def lose_lose(key):
--------------------------------------------------------------------------------
[0.21044 s] killed by ts-3-5/test_3-5_1-0_329.py::TestHashFunctions::test_sdbm_happy_path

self = <test_3-5_1-0_329.TestHashFunctions object at 0x7a27c3e9f3a0>

    def test_sdbm_happy_path(self):
>       assert sdbm('test_key') == 606379187146086983188292032049998418
E       AssertionError

ts-3-5/test_3-5_1-0_329.py:46: AssertionError
   - [#  19] LOR hash_map: 
--------------------------------------------------------------------------------
  114:     '''
  115:     hash = 0
  116:     
  117:     for letter in str(key):
- 118:         hash = ((ord(letter) + (hash << 6)) + (hash << 16)) - hash
+ 118:         hash = ((ord(letter) + (hash << 6)) + (hash >> 16)) - hash
  119:     
  120:     return hash
  121: 
  122: def lose_lose(key):
--------------------------------------------------------------------------------
[0.21665 s] killed by ts-3-5/test_3-5_1-0_329.py::TestHashFunctions::test_sdbm_happy_path

self = <test_3-5_1-0_329.TestHashFunctions object at 0x7a27c3af1300>

    def test_sdbm_happy_path(self):
>       assert sdbm('test_key') == 606379187146086983188292032049998418
E       AssertionError

ts-3-5/test_3-5_1-0_329.py:46: AssertionError
   - [#  20] OIL hash_map: 
--------------------------------------------------------------------------------
   35:             
   36:             if val[0] == key:
   37:                 bucket[i] = (key, value)
   38:                 return
-  39:         
+  39:             break
   40:         bucket.append((key, value))
   41:     
   42:     def get(self, key):
   43:         '''
--------------------------------------------------------------------------------
[0.18605 s] survived
   - [#  21] OIL hash_map: 
--------------------------------------------------------------------------------
   61:         
   62:         for val in bucket:
   63:             if val[0] == key:
   64:                 return val[1]
-  65:         
+  65:             break
   66:         raise KeyError
   67:     
   68:     def delete(self, key):
   69:         '''
--------------------------------------------------------------------------------
[0.18014 s] survived
   - [#  22] OIL hash_map: 
--------------------------------------------------------------------------------
   87:         for (i, val) in enumerate(bucket):
   88:             if val[0] == key:
   89:                 del bucket[i]
   90:                 return val
-  91:         
+  91:             break
   92:         raise KeyError
   93: 
   94: def djb2(key):
   95:     '''
--------------------------------------------------------------------------------
[0.19614 s] survived
   - [#  23] OIL hash_map: 
--------------------------------------------------------------------------------
  101:     hash = 5381
  102:     
  103:     for letter in str(key):
  104:         hash = ((hash << 5) + hash) + ord(letter)
- 105:     
+ 105:         break
  106:     return hash
  107: 
  108: def sdbm(key):
  109:     '''
--------------------------------------------------------------------------------
[0.21521 s] killed by ts-3-5/test_3-5_1-0_329.py::TestHashFunctions::test_djb2_happy_path

self = <test_3-5_1-0_329.TestHashFunctions object at 0x7a27c3af11b0>

    def test_djb2_happy_path(self):
>       assert djb2('test_key') == 7572963594076045
E       AssertionError

ts-3-5/test_3-5_1-0_329.py:43: AssertionError
   - [#  24] OIL hash_map: 
--------------------------------------------------------------------------------
  115:     hash = 0
  116:     
  117:     for letter in str(key):
  118:         hash = ((ord(letter) + (hash << 6)) + (hash << 16)) - hash
- 119:     
+ 119:         break
  120:     return hash
  121: 
  122: def lose_lose(key):
  123:     '''
--------------------------------------------------------------------------------
[0.21162 s] killed by ts-3-5/test_3-5_1-0_329.py::TestHashFunctions::test_sdbm_happy_path

self = <test_3-5_1-0_329.TestHashFunctions object at 0x7a27c3886e60>

    def test_sdbm_happy_path(self):
>       assert sdbm('test_key') == 606379187146086983188292032049998418
E       AssertionError

ts-3-5/test_3-5_1-0_329.py:46: AssertionError
   - [#  25] OIL hash_map: 
--------------------------------------------------------------------------------
  130:     hash = 0
  131:     
  132:     for letter in str(key):
  133:         hash += ord(letter)
- 134:     
+ 134:         break
  135:     return hash
--------------------------------------------------------------------------------
[0.21345 s] killed by ts-3-5/test_3-5_1-0_329.py::TestHashFunctions::test_lose_lose_happy_path

self = <test_3-5_1-0_329.TestHashFunctions object at 0x7a27c3a10940>

    def test_lose_lose_happy_path(self):
>       assert lose_lose('test_key') == 872
E       AssertionError

ts-3-5/test_3-5_1-0_329.py:49: AssertionError
   - [#  26] RIL hash_map: 
--------------------------------------------------------------------------------
   30:         hash_key = self.hash_function(key) % len(self.buckets)
   31:         
   32:         bucket = self.buckets[hash_key]
   33:         
-  34:         for (i, val) in enumerate(bucket):
+  34:         for (i, val) in reversed(enumerate(bucket)):
   35:             
   36:             if val[0] == key:
   37:                 bucket[i] = (key, value)
   38:                 return
--------------------------------------------------------------------------------
[0.21282 s] incompetent

TypeError: hash_map:34: TypeError: 'enumerate' object is not reversible

   - [#  27] RIL hash_map: 
--------------------------------------------------------------------------------
   58:         
   59:         bucket = self.buckets[hash_key]
   60:         
   61:         
-  62:         for val in bucket:
+  62:         for val in reversed(bucket):
   63:             if val[0] == key:
   64:                 return val[1]
   65:         
   66:         raise KeyError
--------------------------------------------------------------------------------
[0.17305 s] survived
   - [#  28] RIL hash_map: 
--------------------------------------------------------------------------------
   83:         
   84:         bucket = self.buckets[hash_key]
   85:         
   86:         
-  87:         for (i, val) in enumerate(bucket):
+  87:         for (i, val) in reversed(enumerate(bucket)):
   88:             if val[0] == key:
   89:                 del bucket[i]
   90:                 return val
   91:         
--------------------------------------------------------------------------------
[0.20719 s] incompetent

TypeError: hash_map:87: TypeError: 'enumerate' object is not reversible

   - [#  29] RIL hash_map: 
--------------------------------------------------------------------------------
   99:     by dan bernstein many years ago in comp.lang.c.
  100:     '''
  101:     hash = 5381
  102:     
- 103:     for letter in str(key):
+ 103:     for letter in reversed(str(key)):
  104:         hash = ((hash << 5) + hash) + ord(letter)
  105:     
  106:     return hash
  107: 
--------------------------------------------------------------------------------
[0.21613 s] killed by ts-3-5/test_3-5_1-0_329.py::TestHashFunctions::test_djb2_happy_path

self = <test_3-5_1-0_329.TestHashFunctions object at 0x7a27c3afb2b0>

    def test_djb2_happy_path(self):
>       assert djb2('test_key') == 7572963594076045
E       AssertionError

ts-3-5/test_3-5_1-0_329.py:43: AssertionError
   - [#  30] RIL hash_map: 
--------------------------------------------------------------------------------
  113:      reimplementation of ndbm) database library.
  114:     '''
  115:     hash = 0
  116:     
- 117:     for letter in str(key):
+ 117:     for letter in reversed(str(key)):
  118:         hash = ((ord(letter) + (hash << 6)) + (hash << 16)) - hash
  119:     
  120:     return hash
  121: 
--------------------------------------------------------------------------------
[0.23221 s] killed by ts-3-5/test_3-5_1-0_329.py::TestHashFunctions::test_sdbm_happy_path

self = <test_3-5_1-0_329.TestHashFunctions object at 0x7a27c3d0c0a0>

    def test_sdbm_happy_path(self):
>       assert sdbm('test_key') == 606379187146086983188292032049998418
E       AssertionError

ts-3-5/test_3-5_1-0_329.py:46: AssertionError
   - [#  31] RIL hash_map: 
--------------------------------------------------------------------------------
  128:     algorithm, but it has the merit of extreme simplicity."
  129:     '''
  130:     hash = 0
  131:     
- 132:     for letter in str(key):
+ 132:     for letter in reversed(str(key)):
  133:         hash += ord(letter)
  134:     
  135:     return hash
--------------------------------------------------------------------------------
[0.18885 s] survived
   - [#  32] ROR hash_map: 
--------------------------------------------------------------------------------
   32:         bucket = self.buckets[hash_key]
   33:         
   34:         for (i, val) in enumerate(bucket):
   35:             
-  36:             if val[0] == key:
+  36:             if val[0] != key:
   37:                 bucket[i] = (key, value)
   38:                 return
   39:         
   40:         bucket.append((key, value))
--------------------------------------------------------------------------------
[0.21534 s] killed by ts-3-5/test_3-5_1-0_329.py::TestHashMap::test_insert_duplicate_key

self = <test_3-5_1-0_329.TestHashMap object at 0x7a27c3db4700>

    def test_insert_duplicate_key(self):
        hm = HashMap()
        hm.insert('test_key', 'original_value')
        hm.insert('test_key', 'new_value')
>       assert hm.get('test_key') == 'new_value'
E       AssertionError

ts-3-5/test_3-5_1-0_329.py:21: AssertionError
   - [#  33] ROR hash_map: 
--------------------------------------------------------------------------------
   59:         bucket = self.buckets[hash_key]
   60:         
   61:         
   62:         for val in bucket:
-  63:             if val[0] == key:
+  63:             if val[0] != key:
   64:                 return val[1]
   65:         
   66:         raise KeyError
   67:     
--------------------------------------------------------------------------------
[0.19066 s] killed by ts-3-5/test_3-5_1-0_329.py::TestHashMap::test_insert_single_value

self = <test_3-5_1-0_329.TestHashMap object at 0x7a27c3886920>

    def test_insert_single_value(self):
        hm = HashMap()
        hm.insert('test_key', 'test_value')
>       assert hm.get('test_key') == 'test_value'

ts-3-5/test_3-5_1-0_329.py:15: 
_ _ _ _ _ _ _ _ _ _ _ _ _ _ _ _ _ _ _ _ _ _ _ _ _ _ _ _ _ _ _ _ _ _ _ _ _ _ _ _ 

self = <hash_map.HashMap object at 0x7a27c38869e0>, key = 'test_key'

>   ???
E   KeyError

hash_map:66: KeyError
   - [#  34] ROR hash_map: 
--------------------------------------------------------------------------------
   84:         bucket = self.buckets[hash_key]
   85:         
   86:         
   87:         for (i, val) in enumerate(bucket):
-  88:             if val[0] == key:
+  88:             if val[0] != key:
   89:                 del bucket[i]
   90:                 return val
   91:         
   92:         raise KeyError
--------------------------------------------------------------------------------
[0.20888 s] killed by ts-3-5/test_3-5_1-0_329.py::TestHashMap::test_delete_existing_key

self = <test_3-5_1-0_329.TestHashMap object at 0x7a27c38851e0>

    def test_delete_existing_key(self):
        hm = HashMap()
        hm.insert('test_key', 'test_value')
>       deleted_val = hm.delete('test_key')

ts-3-5/test_3-5_1-0_329.py:31: 
_ _ _ _ _ _ _ _ _ _ _ _ _ _ _ _ _ _ _ _ _ _ _ _ _ _ _ _ _ _ _ _ _ _ _ _ _ _ _ _ 

self = <hash_map.HashMap object at 0x7a27c3885240>, key = 'test_key'

>   ???
E   KeyError

hash_map:92: KeyError
   - [#  35] SDI hash_map: 
--------------------------------------------------------------------------------
    2:     '''
    3:     Data structure that stores key:value pairs.
    4:     '''
    5:     
-   6:     def __init__(self, buckets=256, hash_function=lambda key: (hash(key))):
-   7:         self.buckets = [[] for i in range(buckets)]
-   8:         self.hash_function = hash_function
-   9:     
+   6:     @staticmethod
+   7:     def __init__(self, buckets=256, hash_function=lambda key: (hash(key))):
+   8:         self.buckets = [[] for i in range(buckets)]
+   9:         self.hash_function = hash_function
   10:     def insert(self, key, value):
   11:         """
   12:         Insert a key into the hash map.
   13: 
--------------------------------------------------------------------------------
[0.20384 s] incompetent

TypeError: /home/lucca/teste/python_experiments2/hashmap/ts-3-5/test_3-5_1-0_329.py:13: TypeError: HashMap.__init__() missing 1 required positional argument: 'self'

   - [#  36] SDI hash_map: 
--------------------------------------------------------------------------------
    6:     def __init__(self, buckets=256, hash_function=lambda key: (hash(key))):
    7:         self.buckets = [[] for i in range(buckets)]
    8:         self.hash_function = hash_function
    9:     
-  10:     def insert(self, key, value):
-  11:         """
-  12:         Insert a key into the hash map.
-  13: 
-  14:         Insert a key into the map.  Internally the
-  15:         key is hashed with the internal hashing_function
-  16:         and placed into a bucket.  If the bucket  contains
-  17:         an element with the same key that keys value 
-  18:         will be overridden.
-  19: 
-  20:         Args:
-  21:             key: the key that will be hashed to index 
-  22:                 the value 
-  23:             value: the value that will be stored at
-  24:                 the index of 'key'
-  25: 
-  26:         Returns:
-  27:             None 
-  28:         """
-  29:         
-  30:         hash_key = self.hash_function(key) % len(self.buckets)
-  31:         
-  32:         bucket = self.buckets[hash_key]
-  33:         
-  34:         for (i, val) in enumerate(bucket):
-  35:             
-  36:             if val[0] == key:
-  37:                 bucket[i] = (key, value)
-  38:                 return
-  39:         
-  40:         bucket.append((key, value))
-  41:     
+  10:     @staticmethod
+  11:     def insert(self, key, value):
+  12:         """
+  13:         Insert a key into the hash map.
+  14: 
+  15:         Insert a key into the map.  Internally the
+  16:         key is hashed with the internal hashing_function
+  17:         and placed into a bucket.  If the bucket  contains
+  18:         an element with the same key that keys value 
+  19:         will be overridden.
+  20: 
+  21:         Args:
+  22:             key: the key that will be hashed to index 
+  23:                 the value 
+  24:             value: the value that will be stored at
+  25:                 the index of 'key'
+  26: 
+  27:         Returns:
+  28:             None 
+  29:         """
+  30:         
+  31:         hash_key = self.hash_function(key) % len(self.buckets)
+  32:         
+  33:         bucket = self.buckets[hash_key]
+  34:         
+  35:         for (i, val) in enumerate(bucket):
+  36:             
+  37:             if val[0] == key:
+  38:                 bucket[i] = (key, value)
+  39:                 return
+  40:         
+  41:         bucket.append((key, value))
   42:     def get(self, key):
   43:         '''
   44:         Get a value from the map.
   45: 
--------------------------------------------------------------------------------
[0.20395 s] incompetent

TypeError: /home/lucca/teste/python_experiments2/hashmap/ts-3-5/test_3-5_1-0_329.py:14: TypeError: HashMap.insert() missing 1 required positional argument: 'value'

   - [#  37] SDI hash_map: 
--------------------------------------------------------------------------------
   38:                 return
   39:         
   40:         bucket.append((key, value))
   41:     
-  42:     def get(self, key):
-  43:         '''
-  44:         Get a value from the map.
-  45: 
-  46:         Args:
-  47:             key: the identifying key which will have its
-  48:                 value returned
-  49:         
-  50:         Returns:
-  51:             The value that is stored within key.
-  52: 
-  53:         Raises:
-  54:             KeyError: Raised when key cannot be found.
-  55:         '''
-  56:         
-  57:         hash_key = self.hash_function(key) % len(self.buckets)
-  58:         
-  59:         bucket = self.buckets[hash_key]
-  60:         
+  42:     @staticmethod
+  43:     def get(self, key):
+  44:         '''
+  45:         Get a value from the map.
+  46: 
+  47:         Args:
+  48:             key: the identifying key which will have its
+  49:                 value returned
+  50:         
+  51:         Returns:
+  52:             The value that is stored within key.
+  53: 
+  54:         Raises:
+  55:             KeyError: Raised when key cannot be found.
+  56:         '''
+  57:         
+  58:         hash_key = self.hash_function(key) % len(self.buckets)
+  59:         
+  60:         bucket = self.buckets[hash_key]
   61:         
-  62:         for val in bucket:
-  63:             if val[0] == key:
-  64:                 return val[1]
-  65:         
-  66:         raise KeyError
-  67:     
+  62:         
+  63:         for val in bucket:
+  64:             if val[0] == key:
+  65:                 return val[1]
+  66:         
+  67:         raise KeyError
   68:     def delete(self, key):
   69:         '''
   70:         Delete a key from the map.
   71: 
--------------------------------------------------------------------------------
[0.20932 s] incompetent

TypeError: /home/lucca/teste/python_experiments2/hashmap/ts-3-5/test_3-5_1-0_329.py:15: TypeError: HashMap.get() missing 1 required positional argument: 'key'

   - [#  38] SDI hash_map: 
--------------------------------------------------------------------------------
   64:                 return val[1]
   65:         
   66:         raise KeyError
   67:     
-  68:     def delete(self, key):
-  69:         '''
-  70:         Delete a key from the map.
-  71: 
-  72:         Args:
-  73:             key: the key to delete
-  74:         
-  75:         Returns:
-  76:             The value of the key that was deleted.
-  77: 
-  78:         Raises:
-  79:             KeyError: Raised when the key cannot be found.
-  80:         '''
-  81:         
-  82:         hash_key = self.hash_function(key) % len(self.buckets)
-  83:         
-  84:         bucket = self.buckets[hash_key]
-  85:         
+  68:     @staticmethod
+  69:     def delete(self, key):
+  70:         '''
+  71:         Delete a key from the map.
+  72: 
+  73:         Args:
+  74:             key: the key to delete
+  75:         
+  76:         Returns:
+  77:             The value of the key that was deleted.
+  78: 
+  79:         Raises:
+  80:             KeyError: Raised when the key cannot be found.
+  81:         '''
+  82:         
+  83:         hash_key = self.hash_function(key) % len(self.buckets)
+  84:         
+  85:         bucket = self.buckets[hash_key]
   86:         
-  87:         for (i, val) in enumerate(bucket):
-  88:             if val[0] == key:
-  89:                 del bucket[i]
-  90:                 return val
-  91:         
-  92:         raise KeyError
-  93: 
+  87:         
+  88:         for (i, val) in enumerate(bucket):
+  89:             if val[0] == key:
+  90:                 del bucket[i]
+  91:                 return val
+  92:         
+  93:         raise KeyError
   94: def djb2(key):
   95:     '''
   96:     Classic hashing function by Bernstein.
   97: 
--------------------------------------------------------------------------------
[0.21577 s] incompetent

TypeError: /home/lucca/teste/python_experiments2/hashmap/ts-3-5/test_3-5_1-0_329.py:31: TypeError: HashMap.delete() missing 1 required positional argument: 'key'

   - [#  39] SDL hash_map: 
--------------------------------------------------------------------------------
    3:     Data structure that stores key:value pairs.
    4:     '''
    5:     
    6:     def __init__(self, buckets=256, hash_function=lambda key: (hash(key))):
-   7:         self.buckets = [[] for i in range(buckets)]
+   7:         pass
    8:         self.hash_function = hash_function
    9:     
   10:     def insert(self, key, value):
   11:         """
--------------------------------------------------------------------------------
[0.18526 s] killed by ts-3-5/test_3-5_1-0_329.py::TestHashMap::test_insert_single_value

self = <test_3-5_1-0_329.TestHashMap object at 0x7a27c3afc100>

    def test_insert_single_value(self):
        hm = HashMap()
>       hm.insert('test_key', 'test_value')

ts-3-5/test_3-5_1-0_329.py:14: 
_ _ _ _ _ _ _ _ _ _ _ _ _ _ _ _ _ _ _ _ _ _ _ _ _ _ _ _ _ _ _ _ _ _ _ _ _ _ _ _ 

self = <hash_map.HashMap object at 0x7a27c3afc2e0>, key = 'test_key'
value = 'test_value'

>   ???
E   AttributeError: 'HashMap' object has no attribute 'buckets'

hash_map:30: AttributeError
   - [#  40] SDL hash_map: 
--------------------------------------------------------------------------------
    4:     '''
    5:     
    6:     def __init__(self, buckets=256, hash_function=lambda key: (hash(key))):
    7:         self.buckets = [[] for i in range(buckets)]
-   8:         self.hash_function = hash_function
+   8:         pass
    9:     
   10:     def insert(self, key, value):
   11:         """
   12:         Insert a key into the hash map.
--------------------------------------------------------------------------------
[0.20796 s] killed by ts-3-5/test_3-5_1-0_329.py::TestHashMap::test_insert_single_value

self = <test_3-5_1-0_329.TestHashMap object at 0x7a27c3afee30>

    def test_insert_single_value(self):
        hm = HashMap()
>       hm.insert('test_key', 'test_value')

ts-3-5/test_3-5_1-0_329.py:14: 
_ _ _ _ _ _ _ _ _ _ _ _ _ _ _ _ _ _ _ _ _ _ _ _ _ _ _ _ _ _ _ _ _ _ _ _ _ _ _ _ 

self = <hash_map.HashMap object at 0x7a27c3afd750>, key = 'test_key'
value = 'test_value'

>   ???
E   AttributeError: 'HashMap' object has no attribute 'hash_function'

hash_map:30: AttributeError
   - [#  41] SDL hash_map: 
--------------------------------------------------------------------------------
   26:         Returns:
   27:             None 
   28:         """
   29:         
-  30:         hash_key = self.hash_function(key) % len(self.buckets)
+  30:         pass
   31:         
   32:         bucket = self.buckets[hash_key]
   33:         
   34:         for (i, val) in enumerate(bucket):
--------------------------------------------------------------------------------
[0.20822 s] killed by ts-3-5/test_3-5_1-0_329.py::TestHashMap::test_insert_single_value

self = <test_3-5_1-0_329.TestHashMap object at 0x7a27c3d1f8b0>

    def test_insert_single_value(self):
        hm = HashMap()
>       hm.insert('test_key', 'test_value')

ts-3-5/test_3-5_1-0_329.py:14: 
_ _ _ _ _ _ _ _ _ _ _ _ _ _ _ _ _ _ _ _ _ _ _ _ _ _ _ _ _ _ _ _ _ _ _ _ _ _ _ _ 

self = <hash_map.HashMap object at 0x7a27c3d1c460>, key = 'test_key'
value = 'test_value'

>   ???
E   NameError: name 'hash_key' is not defined

hash_map:32: NameError
   - [#  42] SDL hash_map: 
--------------------------------------------------------------------------------
   28:         """
   29:         
   30:         hash_key = self.hash_function(key) % len(self.buckets)
   31:         
-  32:         bucket = self.buckets[hash_key]
+  32:         pass
   33:         
   34:         for (i, val) in enumerate(bucket):
   35:             
   36:             if val[0] == key:
--------------------------------------------------------------------------------
[0.20541 s] killed by ts-3-5/test_3-5_1-0_329.py::TestHashMap::test_insert_single_value

self = <test_3-5_1-0_329.TestHashMap object at 0x7a27c3dab3d0>

    def test_insert_single_value(self):
        hm = HashMap()
>       hm.insert('test_key', 'test_value')

ts-3-5/test_3-5_1-0_329.py:14: 
_ _ _ _ _ _ _ _ _ _ _ _ _ _ _ _ _ _ _ _ _ _ _ _ _ _ _ _ _ _ _ _ _ _ _ _ _ _ _ _ 

self = <hash_map.HashMap object at 0x7a27c3dab9d0>, key = 'test_key'
value = 'test_value'

>   ???
E   NameError: name 'bucket' is not defined

hash_map:34: NameError
   - [#  43] SDL hash_map: 
--------------------------------------------------------------------------------
   33:         
   34:         for (i, val) in enumerate(bucket):
   35:             
   36:             if val[0] == key:
-  37:                 bucket[i] = (key, value)
+  37:                 pass
   38:                 return
   39:         
   40:         bucket.append((key, value))
   41:     
--------------------------------------------------------------------------------
[0.24535 s] killed by ts-3-5/test_3-5_1-0_329.py::TestHashMap::test_insert_duplicate_key

self = <test_3-5_1-0_329.TestHashMap object at 0x7a27c3a8ae30>

    def test_insert_duplicate_key(self):
        hm = HashMap()
        hm.insert('test_key', 'original_value')
        hm.insert('test_key', 'new_value')
>       assert hm.get('test_key') == 'new_value'
E       AssertionError

ts-3-5/test_3-5_1-0_329.py:21: AssertionError
   - [#  44] SDL hash_map: 
--------------------------------------------------------------------------------
   34:         for (i, val) in enumerate(bucket):
   35:             
   36:             if val[0] == key:
   37:                 bucket[i] = (key, value)
-  38:                 return
+  38:                 pass
   39:         
   40:         bucket.append((key, value))
   41:     
   42:     def get(self, key):
--------------------------------------------------------------------------------
[0.20905 s] survived
   - [#  45] SDL hash_map: 
--------------------------------------------------------------------------------
   36:             if val[0] == key:
   37:                 bucket[i] = (key, value)
   38:                 return
   39:         
-  40:         bucket.append((key, value))
+  40:         pass
   41:     
   42:     def get(self, key):
   43:         '''
   44:         Get a value from the map.
--------------------------------------------------------------------------------
[0.18856 s] killed by ts-3-5/test_3-5_1-0_329.py::TestHashMap::test_insert_single_value

self = <test_3-5_1-0_329.TestHashMap object at 0x7a27c3a616f0>

    def test_insert_single_value(self):
        hm = HashMap()
        hm.insert('test_key', 'test_value')
>       assert hm.get('test_key') == 'test_value'

ts-3-5/test_3-5_1-0_329.py:15: 
_ _ _ _ _ _ _ _ _ _ _ _ _ _ _ _ _ _ _ _ _ _ _ _ _ _ _ _ _ _ _ _ _ _ _ _ _ _ _ _ 

self = <hash_map.HashMap object at 0x7a27c3a63070>, key = 'test_key'

>   ???
E   KeyError

hash_map:66: KeyError
   - [#  46] SDL hash_map: 
--------------------------------------------------------------------------------
   53:         Raises:
   54:             KeyError: Raised when key cannot be found.
   55:         '''
   56:         
-  57:         hash_key = self.hash_function(key) % len(self.buckets)
+  57:         pass
   58:         
   59:         bucket = self.buckets[hash_key]
   60:         
   61:         
--------------------------------------------------------------------------------
[0.20814 s] killed by ts-3-5/test_3-5_1-0_329.py::TestHashMap::test_insert_single_value

self = <test_3-5_1-0_329.TestHashMap object at 0x7a27c3a88220>

    def test_insert_single_value(self):
        hm = HashMap()
        hm.insert('test_key', 'test_value')
>       assert hm.get('test_key') == 'test_value'

ts-3-5/test_3-5_1-0_329.py:15: 
_ _ _ _ _ _ _ _ _ _ _ _ _ _ _ _ _ _ _ _ _ _ _ _ _ _ _ _ _ _ _ _ _ _ _ _ _ _ _ _ 

self = <hash_map.HashMap object at 0x7a27c3f78af0>, key = 'test_key'

>   ???
E   NameError: name 'hash_key' is not defined

hash_map:59: NameError
   - [#  47] SDL hash_map: 
--------------------------------------------------------------------------------
   55:         '''
   56:         
   57:         hash_key = self.hash_function(key) % len(self.buckets)
   58:         
-  59:         bucket = self.buckets[hash_key]
+  59:         pass
   60:         
   61:         
   62:         for val in bucket:
   63:             if val[0] == key:
--------------------------------------------------------------------------------
[0.21183 s] killed by ts-3-5/test_3-5_1-0_329.py::TestHashMap::test_insert_single_value

self = <test_3-5_1-0_329.TestHashMap object at 0x7a27c3a88370>

    def test_insert_single_value(self):
        hm = HashMap()
        hm.insert('test_key', 'test_value')
>       assert hm.get('test_key') == 'test_value'

ts-3-5/test_3-5_1-0_329.py:15: 
_ _ _ _ _ _ _ _ _ _ _ _ _ _ _ _ _ _ _ _ _ _ _ _ _ _ _ _ _ _ _ _ _ _ _ _ _ _ _ _ 

self = <hash_map.HashMap object at 0x7a27c3a885b0>, key = 'test_key'

>   ???
E   NameError: name 'bucket' is not defined

hash_map:62: NameError
   - [#  48] SDL hash_map: 
--------------------------------------------------------------------------------
   60:         
   61:         
   62:         for val in bucket:
   63:             if val[0] == key:
-  64:                 return val[1]
+  64:                 pass
   65:         
   66:         raise KeyError
   67:     
   68:     def delete(self, key):
--------------------------------------------------------------------------------
[0.20842 s] killed by ts-3-5/test_3-5_1-0_329.py::TestHashMap::test_insert_single_value

self = <test_3-5_1-0_329.TestHashMap object at 0x7a27c3e9d0c0>

    def test_insert_single_value(self):
        hm = HashMap()
        hm.insert('test_key', 'test_value')
>       assert hm.get('test_key') == 'test_value'

ts-3-5/test_3-5_1-0_329.py:15: 
_ _ _ _ _ _ _ _ _ _ _ _ _ _ _ _ _ _ _ _ _ _ _ _ _ _ _ _ _ _ _ _ _ _ _ _ _ _ _ _ 

self = <hash_map.HashMap object at 0x7a27c3e9fe80>, key = 'test_key'

>   ???
E   KeyError

hash_map:66: KeyError
   - [#  49] SDL hash_map: 
--------------------------------------------------------------------------------
   78:         Raises:
   79:             KeyError: Raised when the key cannot be found.
   80:         '''
   81:         
-  82:         hash_key = self.hash_function(key) % len(self.buckets)
+  82:         pass
   83:         
   84:         bucket = self.buckets[hash_key]
   85:         
   86:         
--------------------------------------------------------------------------------
[0.20686 s] killed by ts-3-5/test_3-5_1-0_329.py::TestHashMap::test_delete_existing_key

self = <test_3-5_1-0_329.TestHashMap object at 0x7a27c3a601c0>

    def test_delete_existing_key(self):
        hm = HashMap()
        hm.insert('test_key', 'test_value')
>       deleted_val = hm.delete('test_key')

ts-3-5/test_3-5_1-0_329.py:31: 
_ _ _ _ _ _ _ _ _ _ _ _ _ _ _ _ _ _ _ _ _ _ _ _ _ _ _ _ _ _ _ _ _ _ _ _ _ _ _ _ 

self = <hash_map.HashMap object at 0x7a27c3a611e0>, key = 'test_key'

>   ???
E   NameError: name 'hash_key' is not defined

hash_map:84: NameError
   - [#  50] SDL hash_map: 
--------------------------------------------------------------------------------
   80:         '''
   81:         
   82:         hash_key = self.hash_function(key) % len(self.buckets)
   83:         
-  84:         bucket = self.buckets[hash_key]
+  84:         pass
   85:         
   86:         
   87:         for (i, val) in enumerate(bucket):
   88:             if val[0] == key:
--------------------------------------------------------------------------------
[0.21437 s] killed by ts-3-5/test_3-5_1-0_329.py::TestHashMap::test_delete_existing_key

self = <test_3-5_1-0_329.TestHashMap object at 0x7a27c3d1e9b0>

    def test_delete_existing_key(self):
        hm = HashMap()
        hm.insert('test_key', 'test_value')
>       deleted_val = hm.delete('test_key')

ts-3-5/test_3-5_1-0_329.py:31: 
_ _ _ _ _ _ _ _ _ _ _ _ _ _ _ _ _ _ _ _ _ _ _ _ _ _ _ _ _ _ _ _ _ _ _ _ _ _ _ _ 

self = <hash_map.HashMap object at 0x7a27c3dc2170>, key = 'test_key'

>   ???
E   NameError: name 'bucket' is not defined

hash_map:87: NameError
   - [#  51] SDL hash_map: 
--------------------------------------------------------------------------------
   86:         
   87:         for (i, val) in enumerate(bucket):
   88:             if val[0] == key:
   89:                 del bucket[i]
-  90:                 return val
+  90:                 pass
   91:         
   92:         raise KeyError
   93: 
   94: def djb2(key):
--------------------------------------------------------------------------------
[0.18928 s] killed by ts-3-5/test_3-5_1-0_329.py::TestHashMap::test_delete_existing_key

self = <test_3-5_1-0_329.TestHashMap object at 0x7a27c3d1d0c0>

    def test_delete_existing_key(self):
        hm = HashMap()
        hm.insert('test_key', 'test_value')
>       deleted_val = hm.delete('test_key')

ts-3-5/test_3-5_1-0_329.py:31: 
_ _ _ _ _ _ _ _ _ _ _ _ _ _ _ _ _ _ _ _ _ _ _ _ _ _ _ _ _ _ _ _ _ _ _ _ _ _ _ _ 

self = <hash_map.HashMap object at 0x7a27c3d1fe20>, key = 'test_key'

>   ???
E   KeyError

hash_map:92: KeyError
   - [#  52] SDL hash_map: 
--------------------------------------------------------------------------------
   97: 
   98:     This algorithm (k=33) was first reported 
   99:     by dan bernstein many years ago in comp.lang.c.
  100:     '''
- 101:     hash = 5381
+ 101:     pass
  102:     
  103:     for letter in str(key):
  104:         hash = ((hash << 5) + hash) + ord(letter)
  105:     
--------------------------------------------------------------------------------
[0.21432 s] killed by ts-3-5/test_3-5_1-0_329.py::TestHashFunctions::test_djb2_happy_path

self = <test_3-5_1-0_329.TestHashFunctions object at 0x7a27c3b19090>

    def test_djb2_happy_path(self):
>       assert djb2('test_key') == 7572963594076045

ts-3-5/test_3-5_1-0_329.py:43: 
_ _ _ _ _ _ _ _ _ _ _ _ _ _ _ _ _ _ _ _ _ _ _ _ _ _ _ _ _ _ _ _ _ _ _ _ _ _ _ _ 

key = 'test_key'

>   ???
E   UnboundLocalError: local variable 'hash' referenced before assignment

hash_map:104: UnboundLocalError
   - [#  53] SDL hash_map: 
--------------------------------------------------------------------------------
  100:     '''
  101:     hash = 5381
  102:     
  103:     for letter in str(key):
- 104:         hash = ((hash << 5) + hash) + ord(letter)
+ 104:         pass
  105:     
  106:     return hash
  107: 
  108: def sdbm(key):
--------------------------------------------------------------------------------
[0.21448 s] killed by ts-3-5/test_3-5_1-0_329.py::TestHashFunctions::test_djb2_happy_path

self = <test_3-5_1-0_329.TestHashFunctions object at 0x7a27c3db7d90>

    def test_djb2_happy_path(self):
>       assert djb2('test_key') == 7572963594076045
E       AssertionError

ts-3-5/test_3-5_1-0_329.py:43: AssertionError
   - [#  54] SDL hash_map: 
--------------------------------------------------------------------------------
  102:     
  103:     for letter in str(key):
  104:         hash = ((hash << 5) + hash) + ord(letter)
  105:     
- 106:     return hash
+ 106:     pass
  107: 
  108: def sdbm(key):
  109:     '''
  110:     This function is a good bit scrambling function.
--------------------------------------------------------------------------------
[0.21205 s] killed by ts-3-5/test_3-5_1-0_329.py::TestHashFunctions::test_djb2_happy_path

self = <test_3-5_1-0_329.TestHashFunctions object at 0x7a27c3e9cdc0>

    def test_djb2_happy_path(self):
>       assert djb2('test_key') == 7572963594076045
E       AssertionError

ts-3-5/test_3-5_1-0_329.py:43: AssertionError
   - [#  55] SDL hash_map: 
--------------------------------------------------------------------------------
  111: 
  112:     This algorithm was created for sdbm (a public-domain
  113:      reimplementation of ndbm) database library.
  114:     '''
- 115:     hash = 0
+ 115:     pass
  116:     
  117:     for letter in str(key):
  118:         hash = ((ord(letter) + (hash << 6)) + (hash << 16)) - hash
  119:     
--------------------------------------------------------------------------------
[0.21380 s] killed by ts-3-5/test_3-5_1-0_329.py::TestHashFunctions::test_sdbm_happy_path

self = <test_3-5_1-0_329.TestHashFunctions object at 0x7a27c3abe4d0>

    def test_sdbm_happy_path(self):
>       assert sdbm('test_key') == 606379187146086983188292032049998418

ts-3-5/test_3-5_1-0_329.py:46: 
_ _ _ _ _ _ _ _ _ _ _ _ _ _ _ _ _ _ _ _ _ _ _ _ _ _ _ _ _ _ _ _ _ _ _ _ _ _ _ _ 

key = 'test_key'

>   ???
E   UnboundLocalError: local variable 'hash' referenced before assignment

hash_map:118: UnboundLocalError
   - [#  56] SDL hash_map: 
--------------------------------------------------------------------------------
  114:     '''
  115:     hash = 0
  116:     
  117:     for letter in str(key):
- 118:         hash = ((ord(letter) + (hash << 6)) + (hash << 16)) - hash
+ 118:         pass
  119:     
  120:     return hash
  121: 
  122: def lose_lose(key):
--------------------------------------------------------------------------------
[0.22101 s] killed by ts-3-5/test_3-5_1-0_329.py::TestHashFunctions::test_sdbm_happy_path

self = <test_3-5_1-0_329.TestHashFunctions object at 0x7a27c3b18cd0>

    def test_sdbm_happy_path(self):
>       assert sdbm('test_key') == 606379187146086983188292032049998418
E       AssertionError

ts-3-5/test_3-5_1-0_329.py:46: AssertionError
   - [#  57] SDL hash_map: 
--------------------------------------------------------------------------------
  116:     
  117:     for letter in str(key):
  118:         hash = ((ord(letter) + (hash << 6)) + (hash << 16)) - hash
  119:     
- 120:     return hash
+ 120:     pass
  121: 
  122: def lose_lose(key):
  123:     '''
  124:     This hash function is extremely bad.  Don\'t use it.
--------------------------------------------------------------------------------
[0.23773 s] killed by ts-3-5/test_3-5_1-0_329.py::TestHashFunctions::test_sdbm_happy_path

self = <test_3-5_1-0_329.TestHashFunctions object at 0x7a27c3d63400>

    def test_sdbm_happy_path(self):
>       assert sdbm('test_key') == 606379187146086983188292032049998418
E       AssertionError

ts-3-5/test_3-5_1-0_329.py:46: AssertionError
   - [#  58] SDL hash_map: 
--------------------------------------------------------------------------------
  126:     This hash function appeared in K&R (1st ed) but at least 
  127:     the reader was warned: "This is not the best possible 
  128:     algorithm, but it has the merit of extreme simplicity."
  129:     '''
- 130:     hash = 0
+ 130:     pass
  131:     
  132:     for letter in str(key):
  133:         hash += ord(letter)
  134:     
--------------------------------------------------------------------------------
[0.22783 s] killed by ts-3-5/test_3-5_1-0_329.py::TestHashFunctions::test_lose_lose_happy_path

self = <test_3-5_1-0_329.TestHashFunctions object at 0x7a27c3d63b50>

    def test_lose_lose_happy_path(self):
>       assert lose_lose('test_key') == 872

ts-3-5/test_3-5_1-0_329.py:49: 
_ _ _ _ _ _ _ _ _ _ _ _ _ _ _ _ _ _ _ _ _ _ _ _ _ _ _ _ _ _ _ _ _ _ _ _ _ _ _ _ 

key = 'test_key'

>   ???
E   UnboundLocalError: local variable 'hash' referenced before assignment

hash_map:133: UnboundLocalError
   - [#  59] SDL hash_map: 
--------------------------------------------------------------------------------
  131:     
  132:     for letter in str(key):
  133:         hash += ord(letter)
  134:     
- 135:     return hash
+ 135:     pass
--------------------------------------------------------------------------------
[0.21252 s] killed by ts-3-5/test_3-5_1-0_329.py::TestHashFunctions::test_lose_lose_happy_path

self = <test_3-5_1-0_329.TestHashFunctions object at 0x7a27c3a63040>

    def test_lose_lose_happy_path(self):
>       assert lose_lose('test_key') == 872
E       AssertionError

ts-3-5/test_3-5_1-0_329.py:49: AssertionError
   - [#  60] SVD hash_map: 
--------------------------------------------------------------------------------
    3:     Data structure that stores key:value pairs.
    4:     '''
    5:     
    6:     def __init__(self, buckets=256, hash_function=lambda key: (hash(key))):
-   7:         self.buckets = [[] for i in range(buckets)]
+   7:         buckets = [[] for i in range(buckets)]
    8:         self.hash_function = hash_function
    9:     
   10:     def insert(self, key, value):
   11:         """
--------------------------------------------------------------------------------
[0.00000 s] incompetent

ValueError: expression must have Store context but has Load instead

   - [#  61] SVD hash_map: 
--------------------------------------------------------------------------------
    4:     '''
    5:     
    6:     def __init__(self, buckets=256, hash_function=lambda key: (hash(key))):
    7:         self.buckets = [[] for i in range(buckets)]
-   8:         self.hash_function = hash_function
+   8:         hash_function = hash_function
    9:     
   10:     def insert(self, key, value):
   11:         """
   12:         Insert a key into the hash map.
--------------------------------------------------------------------------------
[0.00000 s] incompetent

ValueError: expression must have Store context but has Load instead

   - [#  62] SVD hash_map: 
--------------------------------------------------------------------------------
   26:         Returns:
   27:             None 
   28:         """
   29:         
-  30:         hash_key = self.hash_function(key) % len(self.buckets)
+  30:         hash_key = hash_function(key) % len(self.buckets)
   31:         
   32:         bucket = self.buckets[hash_key]
   33:         
   34:         for (i, val) in enumerate(bucket):
--------------------------------------------------------------------------------
[0.20426 s] killed by ts-3-5/test_3-5_1-0_329.py::TestHashMap::test_insert_single_value

self = <test_3-5_1-0_329.TestHashMap object at 0x7a27c3e4c2e0>

    def test_insert_single_value(self):
        hm = HashMap()
>       hm.insert('test_key', 'test_value')

ts-3-5/test_3-5_1-0_329.py:14: 
_ _ _ _ _ _ _ _ _ _ _ _ _ _ _ _ _ _ _ _ _ _ _ _ _ _ _ _ _ _ _ _ _ _ _ _ _ _ _ _ 

self = <hash_map.HashMap object at 0x7a27c3e4c070>, key = 'test_key'
value = 'test_value'

>   ???
E   NameError: name 'hash_function' is not defined

hash_map:30: NameError
   - [#  63] SVD hash_map: 
--------------------------------------------------------------------------------
   26:         Returns:
   27:             None 
   28:         """
   29:         
-  30:         hash_key = self.hash_function(key) % len(self.buckets)
+  30:         hash_key = self.hash_function(key) % len(buckets)
   31:         
   32:         bucket = self.buckets[hash_key]
   33:         
   34:         for (i, val) in enumerate(bucket):
--------------------------------------------------------------------------------
[0.20748 s] killed by ts-3-5/test_3-5_1-0_329.py::TestHashMap::test_insert_single_value

self = <test_3-5_1-0_329.TestHashMap object at 0x7a27c3d60d60>

    def test_insert_single_value(self):
        hm = HashMap()
>       hm.insert('test_key', 'test_value')

ts-3-5/test_3-5_1-0_329.py:14: 
_ _ _ _ _ _ _ _ _ _ _ _ _ _ _ _ _ _ _ _ _ _ _ _ _ _ _ _ _ _ _ _ _ _ _ _ _ _ _ _ 

self = <hash_map.HashMap object at 0x7a27c3d61150>, key = 'test_key'
value = 'test_value'

>   ???
E   NameError: name 'buckets' is not defined

hash_map:30: NameError
   - [#  64] SVD hash_map: 
--------------------------------------------------------------------------------
   28:         """
   29:         
   30:         hash_key = self.hash_function(key) % len(self.buckets)
   31:         
-  32:         bucket = self.buckets[hash_key]
+  32:         bucket = buckets[hash_key]
   33:         
   34:         for (i, val) in enumerate(bucket):
   35:             
   36:             if val[0] == key:
--------------------------------------------------------------------------------
[0.21514 s] killed by ts-3-5/test_3-5_1-0_329.py::TestHashMap::test_insert_single_value

self = <test_3-5_1-0_329.TestHashMap object at 0x7a27c3d37e80>

    def test_insert_single_value(self):
        hm = HashMap()
>       hm.insert('test_key', 'test_value')

ts-3-5/test_3-5_1-0_329.py:14: 
_ _ _ _ _ _ _ _ _ _ _ _ _ _ _ _ _ _ _ _ _ _ _ _ _ _ _ _ _ _ _ _ _ _ _ _ _ _ _ _ 

self = <hash_map.HashMap object at 0x7a27c3d34880>, key = 'test_key'
value = 'test_value'

>   ???
E   NameError: name 'buckets' is not defined

hash_map:32: NameError
   - [#  65] SVD hash_map: 
--------------------------------------------------------------------------------
   53:         Raises:
   54:             KeyError: Raised when key cannot be found.
   55:         '''
   56:         
-  57:         hash_key = self.hash_function(key) % len(self.buckets)
+  57:         hash_key = hash_function(key) % len(self.buckets)
   58:         
   59:         bucket = self.buckets[hash_key]
   60:         
   61:         
--------------------------------------------------------------------------------
[0.18785 s] killed by ts-3-5/test_3-5_1-0_329.py::TestHashMap::test_insert_single_value

self = <test_3-5_1-0_329.TestHashMap object at 0x7a27c3d35ba0>

    def test_insert_single_value(self):
        hm = HashMap()
        hm.insert('test_key', 'test_value')
>       assert hm.get('test_key') == 'test_value'

ts-3-5/test_3-5_1-0_329.py:15: 
_ _ _ _ _ _ _ _ _ _ _ _ _ _ _ _ _ _ _ _ _ _ _ _ _ _ _ _ _ _ _ _ _ _ _ _ _ _ _ _ 

self = <hash_map.HashMap object at 0x7a27c3d37cd0>, key = 'test_key'

>   ???
E   NameError: name 'hash_function' is not defined

hash_map:57: NameError
   - [#  66] SVD hash_map: 
--------------------------------------------------------------------------------
   53:         Raises:
   54:             KeyError: Raised when key cannot be found.
   55:         '''
   56:         
-  57:         hash_key = self.hash_function(key) % len(self.buckets)
+  57:         hash_key = self.hash_function(key) % len(buckets)
   58:         
   59:         bucket = self.buckets[hash_key]
   60:         
   61:         
--------------------------------------------------------------------------------
[0.20794 s] killed by ts-3-5/test_3-5_1-0_329.py::TestHashMap::test_insert_single_value

self = <test_3-5_1-0_329.TestHashMap object at 0x7a27c3da9c30>

    def test_insert_single_value(self):
        hm = HashMap()
        hm.insert('test_key', 'test_value')
>       assert hm.get('test_key') == 'test_value'

ts-3-5/test_3-5_1-0_329.py:15: 
_ _ _ _ _ _ _ _ _ _ _ _ _ _ _ _ _ _ _ _ _ _ _ _ _ _ _ _ _ _ _ _ _ _ _ _ _ _ _ _ 

self = <hash_map.HashMap object at 0x7a27c3da9c60>, key = 'test_key'

>   ???
E   NameError: name 'buckets' is not defined

hash_map:57: NameError
   - [#  67] SVD hash_map: 
--------------------------------------------------------------------------------
   55:         '''
   56:         
   57:         hash_key = self.hash_function(key) % len(self.buckets)
   58:         
-  59:         bucket = self.buckets[hash_key]
+  59:         bucket = buckets[hash_key]
   60:         
   61:         
   62:         for val in bucket:
   63:             if val[0] == key:
--------------------------------------------------------------------------------
[0.21087 s] killed by ts-3-5/test_3-5_1-0_329.py::TestHashMap::test_insert_single_value

self = <test_3-5_1-0_329.TestHashMap object at 0x7a27c3d1e020>

    def test_insert_single_value(self):
        hm = HashMap()
        hm.insert('test_key', 'test_value')
>       assert hm.get('test_key') == 'test_value'

ts-3-5/test_3-5_1-0_329.py:15: 
_ _ _ _ _ _ _ _ _ _ _ _ _ _ _ _ _ _ _ _ _ _ _ _ _ _ _ _ _ _ _ _ _ _ _ _ _ _ _ _ 

self = <hash_map.HashMap object at 0x7a27c3d1fe50>, key = 'test_key'

>   ???
E   NameError: name 'buckets' is not defined

hash_map:59: NameError
   - [#  68] SVD hash_map: 
--------------------------------------------------------------------------------
   78:         Raises:
   79:             KeyError: Raised when the key cannot be found.
   80:         '''
   81:         
-  82:         hash_key = self.hash_function(key) % len(self.buckets)
+  82:         hash_key = hash_function(key) % len(self.buckets)
   83:         
   84:         bucket = self.buckets[hash_key]
   85:         
   86:         
--------------------------------------------------------------------------------
[0.20554 s] killed by ts-3-5/test_3-5_1-0_329.py::TestHashMap::test_delete_existing_key

self = <test_3-5_1-0_329.TestHashMap object at 0x7a27c3db5300>

    def test_delete_existing_key(self):
        hm = HashMap()
        hm.insert('test_key', 'test_value')
>       deleted_val = hm.delete('test_key')

ts-3-5/test_3-5_1-0_329.py:31: 
_ _ _ _ _ _ _ _ _ _ _ _ _ _ _ _ _ _ _ _ _ _ _ _ _ _ _ _ _ _ _ _ _ _ _ _ _ _ _ _ 

self = <hash_map.HashMap object at 0x7a27c3db4910>, key = 'test_key'

>   ???
E   NameError: name 'hash_function' is not defined

hash_map:82: NameError
   - [#  69] SVD hash_map: 
--------------------------------------------------------------------------------
   78:         Raises:
   79:             KeyError: Raised when the key cannot be found.
   80:         '''
   81:         
-  82:         hash_key = self.hash_function(key) % len(self.buckets)
+  82:         hash_key = self.hash_function(key) % len(buckets)
   83:         
   84:         bucket = self.buckets[hash_key]
   85:         
   86:         
--------------------------------------------------------------------------------
[0.20812 s] killed by ts-3-5/test_3-5_1-0_329.py::TestHashMap::test_delete_existing_key

self = <test_3-5_1-0_329.TestHashMap object at 0x7a27c3db5e40>

    def test_delete_existing_key(self):
        hm = HashMap()
        hm.insert('test_key', 'test_value')
>       deleted_val = hm.delete('test_key')

ts-3-5/test_3-5_1-0_329.py:31: 
_ _ _ _ _ _ _ _ _ _ _ _ _ _ _ _ _ _ _ _ _ _ _ _ _ _ _ _ _ _ _ _ _ _ _ _ _ _ _ _ 

self = <hash_map.HashMap object at 0x7a27c3db4850>, key = 'test_key'

>   ???
E   NameError: name 'buckets' is not defined

hash_map:82: NameError
   - [#  70] SVD hash_map: 
--------------------------------------------------------------------------------
   80:         '''
   81:         
   82:         hash_key = self.hash_function(key) % len(self.buckets)
   83:         
-  84:         bucket = self.buckets[hash_key]
+  84:         bucket = buckets[hash_key]
   85:         
   86:         
   87:         for (i, val) in enumerate(bucket):
   88:             if val[0] == key:
--------------------------------------------------------------------------------
[0.21567 s] killed by ts-3-5/test_3-5_1-0_329.py::TestHashMap::test_delete_existing_key

self = <test_3-5_1-0_329.TestHashMap object at 0x7a27c3b19a20>

    def test_delete_existing_key(self):
        hm = HashMap()
        hm.insert('test_key', 'test_value')
>       deleted_val = hm.delete('test_key')

ts-3-5/test_3-5_1-0_329.py:31: 
_ _ _ _ _ _ _ _ _ _ _ _ _ _ _ _ _ _ _ _ _ _ _ _ _ _ _ _ _ _ _ _ _ _ _ _ _ _ _ _ 

self = <hash_map.HashMap object at 0x7a27c3b19930>, key = 'test_key'

>   ???
E   NameError: name 'buckets' is not defined

hash_map:84: NameError
   - [#  71] ZIL hash_map: 
--------------------------------------------------------------------------------
   32:         bucket = self.buckets[hash_key]
   33:         
   34:         for (i, val) in enumerate(bucket):
   35:             
-  36:             if val[0] == key:
-  37:                 bucket[i] = (key, value)
-  38:                 return
+  36:             break
+  37:         
+  38:         
   39:         
   40:         bucket.append((key, value))
   41:     
   42:     def get(self, key):
--------------------------------------------------------------------------------
[0.20161 s] killed by ts-3-5/test_3-5_1-0_329.py::TestHashMap::test_insert_duplicate_key

self = <test_3-5_1-0_329.TestHashMap object at 0x7a27c3e9dd20>

    def test_insert_duplicate_key(self):
        hm = HashMap()
        hm.insert('test_key', 'original_value')
        hm.insert('test_key', 'new_value')
>       assert hm.get('test_key') == 'new_value'
E       AssertionError

ts-3-5/test_3-5_1-0_329.py:21: AssertionError
   - [#  72] ZIL hash_map: 
--------------------------------------------------------------------------------
   59:         bucket = self.buckets[hash_key]
   60:         
   61:         
   62:         for val in bucket:
-  63:             if val[0] == key:
-  64:                 return val[1]
+  63:             break
+  64:         
   65:         
   66:         raise KeyError
   67:     
   68:     def delete(self, key):
--------------------------------------------------------------------------------
[0.21002 s] killed by ts-3-5/test_3-5_1-0_329.py::TestHashMap::test_insert_single_value

self = <test_3-5_1-0_329.TestHashMap object at 0x7a27c3af3a60>

    def test_insert_single_value(self):
        hm = HashMap()
        hm.insert('test_key', 'test_value')
>       assert hm.get('test_key') == 'test_value'

ts-3-5/test_3-5_1-0_329.py:15: 
_ _ _ _ _ _ _ _ _ _ _ _ _ _ _ _ _ _ _ _ _ _ _ _ _ _ _ _ _ _ _ _ _ _ _ _ _ _ _ _ 

self = <hash_map.HashMap object at 0x7a27c3af32b0>, key = 'test_key'

>   ???
E   KeyError

hash_map:66: KeyError
   - [#  73] ZIL hash_map: 
--------------------------------------------------------------------------------
   84:         bucket = self.buckets[hash_key]
   85:         
   86:         
   87:         for (i, val) in enumerate(bucket):
-  88:             if val[0] == key:
-  89:                 del bucket[i]
-  90:                 return val
+  88:             break
+  89:         
+  90:         
   91:         
   92:         raise KeyError
   93: 
   94: def djb2(key):
--------------------------------------------------------------------------------
[0.22723 s] killed by ts-3-5/test_3-5_1-0_329.py::TestHashMap::test_delete_existing_key

self = <test_3-5_1-0_329.TestHashMap object at 0x7a27c3d62350>

    def test_delete_existing_key(self):
        hm = HashMap()
        hm.insert('test_key', 'test_value')
>       deleted_val = hm.delete('test_key')

ts-3-5/test_3-5_1-0_329.py:31: 
_ _ _ _ _ _ _ _ _ _ _ _ _ _ _ _ _ _ _ _ _ _ _ _ _ _ _ _ _ _ _ _ _ _ _ _ _ _ _ _ 

self = <hash_map.HashMap object at 0x7a27c3d62c20>, key = 'test_key'

>   ???
E   KeyError

hash_map:92: KeyError
   - [#  74] ZIL hash_map: 
--------------------------------------------------------------------------------
  100:     '''
  101:     hash = 5381
  102:     
  103:     for letter in str(key):
- 104:         hash = ((hash << 5) + hash) + ord(letter)
+ 104:         break
  105:     
  106:     return hash
  107: 
  108: def sdbm(key):
--------------------------------------------------------------------------------
[0.21041 s] killed by ts-3-5/test_3-5_1-0_329.py::TestHashFunctions::test_djb2_happy_path

self = <test_3-5_1-0_329.TestHashFunctions object at 0x7a27c3a634c0>

    def test_djb2_happy_path(self):
>       assert djb2('test_key') == 7572963594076045
E       AssertionError

ts-3-5/test_3-5_1-0_329.py:43: AssertionError
   - [#  75] ZIL hash_map: 
--------------------------------------------------------------------------------
  114:     '''
  115:     hash = 0
  116:     
  117:     for letter in str(key):
- 118:         hash = ((ord(letter) + (hash << 6)) + (hash << 16)) - hash
+ 118:         break
  119:     
  120:     return hash
  121: 
  122: def lose_lose(key):
--------------------------------------------------------------------------------
[0.21309 s] killed by ts-3-5/test_3-5_1-0_329.py::TestHashFunctions::test_sdbm_happy_path

self = <test_3-5_1-0_329.TestHashFunctions object at 0x7a27c39e28f0>

    def test_sdbm_happy_path(self):
>       assert sdbm('test_key') == 606379187146086983188292032049998418
E       AssertionError

ts-3-5/test_3-5_1-0_329.py:46: AssertionError
   - [#  76] ZIL hash_map: 
--------------------------------------------------------------------------------
  129:     '''
  130:     hash = 0
  131:     
  132:     for letter in str(key):
- 133:         hash += ord(letter)
+ 133:         break
  134:     
  135:     return hash
--------------------------------------------------------------------------------
[0.22050 s] killed by ts-3-5/test_3-5_1-0_329.py::TestHashFunctions::test_lose_lose_happy_path

self = <test_3-5_1-0_329.TestHashFunctions object at 0x7a27c3dabc40>

    def test_lose_lose_happy_path(self):
>       assert lose_lose('test_key') == 872
E       AssertionError

ts-3-5/test_3-5_1-0_329.py:49: AssertionError
[*] Mutation score [18.91512 s]: 91.0%
   - all: 76
   - killed: 61 (80.3%)
   - survived: 6 (7.9%)
   - incompetent: 9 (11.8%)
   - timeout: 0 (0.0%)
