[*] Start mutation process:
   - targets: complement.py
   - tests: ./ALL-SMART
[*] 24 tests passed:
   - test_complement_WHOLE_SUITE [0.05423 s]
   - test_complement_DYNAMOSA [0.03814 s]
   - test_complement_MOSA [0.03738 s]
   - test_complement_MIO [0.03881 s]
[*] Start mutants generation and execution:
   - [#   1] COD complement: 
--------------------------------------------------------------------------------
   2:     '''
   3:     Find the non-zero padded binary compelement.
   4: 
   5:     '''
-  6:     if not num:
+  6:     if num:
   7:         return 1
   8:     i = 1
   9:     while i <= num:
  10:         num ^= i
--------------------------------------------------------------------------------
[0.07669 s] killed by ALL-SMART/test_complement_WHOLE_SUITE.py::test_case_0

def test_case_0():
        int_0 = 1415
        var_0 = module_0.complement(int_0)
>       assert var_0 == 632
E       AssertionError

ALL-SMART/test_complement_WHOLE_SUITE.py:9: AssertionError
   - [#   2] COI complement: 
--------------------------------------------------------------------------------
   2:     '''
   3:     Find the non-zero padded binary compelement.
   4: 
   5:     '''
-  6:     if not num:
+  6:     if not ((not num)):
   7:         return 1
   8:     i = 1
   9:     while i <= num:
  10:         num ^= i
--------------------------------------------------------------------------------
[0.07674 s] killed by ALL-SMART/test_complement_WHOLE_SUITE.py::test_case_0

def test_case_0():
        int_0 = 1415
        var_0 = module_0.complement(int_0)
>       assert var_0 == 632
E       AssertionError

ALL-SMART/test_complement_WHOLE_SUITE.py:9: AssertionError
   - [#   3] COI complement: 
--------------------------------------------------------------------------------
   5:     '''
   6:     if not num:
   7:         return 1
   8:     i = 1
-  9:     while i <= num:
+  9:     while not (i <= num):
  10:         num ^= i
  11:         i = i << 1
  12:     return num
--------------------------------------------------------------------------------
[0.07819 s] killed by ALL-SMART/test_complement_WHOLE_SUITE.py::test_case_0

def test_case_0():
        int_0 = 1415
        var_0 = module_0.complement(int_0)
>       assert var_0 == 632
E       AssertionError

ALL-SMART/test_complement_WHOLE_SUITE.py:9: AssertionError
   - [#   4] LOR complement: 
--------------------------------------------------------------------------------
   6:     if not num:
   7:         return 1
   8:     i = 1
   9:     while i <= num:
- 10:         num ^= i
+ 10:         num &= i
  11:         i = i << 1
  12:     return num
--------------------------------------------------------------------------------
[0.07718 s] killed by ALL-SMART/test_complement_WHOLE_SUITE.py::test_case_0

def test_case_0():
        int_0 = 1415
        var_0 = module_0.complement(int_0)
>       assert var_0 == 632
E       AssertionError

ALL-SMART/test_complement_WHOLE_SUITE.py:9: AssertionError
   - [#   5] LOR complement: 
--------------------------------------------------------------------------------
   7:         return 1
   8:     i = 1
   9:     while i <= num:
  10:         num ^= i
- 11:         i = i << 1
+ 11:         i = i >> 1
  12:     return num
--------------------------------------------------------------------------------
[5.00658 s] timeout
   - [#   6] OIL complement: 
--------------------------------------------------------------------------------
   8:     i = 1
   9:     while i <= num:
  10:         num ^= i
  11:         i = i << 1
- 12:     return num
+ 12:         break
+ 13:     return num
--------------------------------------------------------------------------------
[0.07619 s] killed by ALL-SMART/test_complement_WHOLE_SUITE.py::test_case_0

def test_case_0():
        int_0 = 1415
        var_0 = module_0.complement(int_0)
>       assert var_0 == 632
E       AssertionError

ALL-SMART/test_complement_WHOLE_SUITE.py:9: AssertionError
   - [#   7] ROR complement: 
--------------------------------------------------------------------------------
   5:     '''
   6:     if not num:
   7:         return 1
   8:     i = 1
-  9:     while i <= num:
+  9:     while i >= num:
  10:         num ^= i
  11:         i = i << 1
  12:     return num
--------------------------------------------------------------------------------
[0.07658 s] killed by ALL-SMART/test_complement_WHOLE_SUITE.py::test_case_0

def test_case_0():
        int_0 = 1415
        var_0 = module_0.complement(int_0)
>       assert var_0 == 632
E       AssertionError

ALL-SMART/test_complement_WHOLE_SUITE.py:9: AssertionError
   - [#   8] ROR complement: 
--------------------------------------------------------------------------------
   5:     '''
   6:     if not num:
   7:         return 1
   8:     i = 1
-  9:     while i <= num:
+  9:     while i < num:
  10:         num ^= i
  11:         i = i << 1
  12:     return num
--------------------------------------------------------------------------------
[0.07755 s] killed by ALL-SMART/test_complement_WHOLE_SUITE.py::test_case_0

def test_case_0():
        int_0 = 1415
        var_0 = module_0.complement(int_0)
        assert var_0 == 632
        var_1 = module_0.complement(int_0)
        assert var_1 == 632
        none_type_0 = None
        var_2 = module_0.complement(var_0)
        assert var_2 == 391
        var_3 = module_0.complement(none_type_0)
        assert var_3 == 1
        var_4 = module_0.complement(var_3)
>       assert var_4 == 0
E       AssertionError

ALL-SMART/test_complement_WHOLE_SUITE.py:18: AssertionError
   - [#   9] SDL complement: 
--------------------------------------------------------------------------------
   3:     Find the non-zero padded binary compelement.
   4: 
   5:     '''
   6:     if not num:
-  7:         return 1
+  7:         pass
   8:     i = 1
   9:     while i <= num:
  10:         num ^= i
  11:         i = i << 1
--------------------------------------------------------------------------------
[0.07772 s] incompetent

TypeError: complement:9: TypeError: '<=' not supported between instances of 'int' and 'NoneType'

   - [#  10] SDL complement: 
--------------------------------------------------------------------------------
   4: 
   5:     '''
   6:     if not num:
   7:         return 1
-  8:     i = 1
+  8:     pass
   9:     while i <= num:
  10:         num ^= i
  11:         i = i << 1
  12:     return num
--------------------------------------------------------------------------------
[0.07777 s] killed by ALL-SMART/test_complement_WHOLE_SUITE.py::test_case_0

def test_case_0():
        int_0 = 1415
>       var_0 = module_0.complement(int_0)

ALL-SMART/test_complement_WHOLE_SUITE.py:8: 
_ _ _ _ _ _ _ _ _ _ _ _ _ _ _ _ _ _ _ _ _ _ _ _ _ _ _ _ _ _ _ _ _ _ _ _ _ _ _ _ 

num = 1415

>   ???
E   UnboundLocalError: local variable 'i' referenced before assignment

complement:9: UnboundLocalError
   - [#  11] SDL complement: 
--------------------------------------------------------------------------------
   7:         return 1
   8:     i = 1
   9:     while i <= num:
  10:         num ^= i
- 11:         i = i << 1
+ 11:         pass
  12:     return num
--------------------------------------------------------------------------------
[5.00660 s] timeout
   - [#  12] SDL complement: 
--------------------------------------------------------------------------------
   8:     i = 1
   9:     while i <= num:
  10:         num ^= i
  11:         i = i << 1
- 12:     return num
+ 12:     pass
--------------------------------------------------------------------------------
[0.07494 s] killed by ALL-SMART/test_complement_WHOLE_SUITE.py::test_case_0

def test_case_0():
        int_0 = 1415
        var_0 = module_0.complement(int_0)
>       assert var_0 == 632
E       AssertionError

ALL-SMART/test_complement_WHOLE_SUITE.py:9: AssertionError
   - [#  13] ZIL complement: 
--------------------------------------------------------------------------------
   6:     if not num:
   7:         return 1
   8:     i = 1
   9:     while i <= num:
- 10:         num ^= i
- 11:         i = i << 1
+ 10:         break
+ 11:     
  12:     return num
--------------------------------------------------------------------------------
[0.07529 s] killed by ALL-SMART/test_complement_WHOLE_SUITE.py::test_case_0

def test_case_0():
        int_0 = 1415
        var_0 = module_0.complement(int_0)
>       assert var_0 == 632
E       AssertionError

ALL-SMART/test_complement_WHOLE_SUITE.py:9: AssertionError
[*] Mutation score [11.15772 s]: 100.0%
   - all: 13
   - killed: 10 (76.9%)
   - survived: 0 (0.0%)
   - incompetent: 1 (7.7%)
   - timeout: 2 (15.4%)
