[*] Start mutation process:
   - targets: hamming_ops.py
   - tests: ts-3-5/test_3-5_1-0_323.py
[*] 4 tests passed:
   - test_3-5_1-0_323 [0.14249 s]
[*] Start mutants generation and execution:
   - [#   1] AOR hamming_ops: 
--------------------------------------------------------------------------------
  33:         
  34:         x = abs(x)
  35:         count = 1
  36:     while x:
- 37:         x &= x - 1
+ 37:         x &= x + 1
  38:         count += 1
  39:     return count
--------------------------------------------------------------------------------
[5.00684 s] timeout
   - [#   2] ASR hamming_ops: 
--------------------------------------------------------------------------------
  34:         x = abs(x)
  35:         count = 1
  36:     while x:
  37:         x &= x - 1
- 38:         count += 1
+ 38:         count -= 1
  39:     return count
--------------------------------------------------------------------------------
[0.17321 s] killed by ts-3-5/test_3-5_1-0_323.py::test_hamming_distance_different_numbers

def test_hamming_distance_different_numbers():
>       assert hamming_distance(12, 5) == 2
E       AssertionError

ts-3-5/test_3-5_1-0_323.py:12: AssertionError
   - [#   3] COI hamming_ops: 
--------------------------------------------------------------------------------
  28:         Integer representing the number of bits
  29:         that are on (1).
  30:     '''
  31:     count = 0
- 32:     if x < 0:
+ 32:     if not (x < 0):
  33:         
  34:         x = abs(x)
  35:         count = 1
  36:     while x:
--------------------------------------------------------------------------------
[0.16792 s] killed by ts-3-5/test_3-5_1-0_323.py::test_hamming_distance_different_numbers

def test_hamming_distance_different_numbers():
>       assert hamming_distance(12, 5) == 2
E       AssertionError

ts-3-5/test_3-5_1-0_323.py:12: AssertionError
   - [#   4] COI hamming_ops: 
--------------------------------------------------------------------------------
  32:     if x < 0:
  33:         
  34:         x = abs(x)
  35:         count = 1
- 36:     while x:
+ 36:     while not x:
  37:         x &= x - 1
  38:         count += 1
  39:     return count
--------------------------------------------------------------------------------
[0.16786 s] killed by ts-3-5/test_3-5_1-0_323.py::test_hamming_distance_different_numbers

def test_hamming_distance_different_numbers():
>       assert hamming_distance(12, 5) == 2
E       AssertionError

ts-3-5/test_3-5_1-0_323.py:12: AssertionError
   - [#   5] LOR hamming_ops: 
--------------------------------------------------------------------------------
  10:         An integer representing the number of bits that are different
  11:         in the two args.
  12:     '''
  13:     
- 14:     xor = x ^ y
+ 14:     xor = x & y
  15:     
  16:     
  17:     return hamming_weight(xor)
  18: 
--------------------------------------------------------------------------------
[0.16655 s] killed by ts-3-5/test_3-5_1-0_323.py::test_hamming_distance_different_numbers

def test_hamming_distance_different_numbers():
>       assert hamming_distance(12, 5) == 2
E       AssertionError

ts-3-5/test_3-5_1-0_323.py:12: AssertionError
   - [#   6] LOR hamming_ops: 
--------------------------------------------------------------------------------
  33:         
  34:         x = abs(x)
  35:         count = 1
  36:     while x:
- 37:         x &= x - 1
+ 37:         x |= x - 1
  38:         count += 1
  39:     return count
--------------------------------------------------------------------------------
[5.00661 s] timeout
   - [#   7] OIL hamming_ops: 
--------------------------------------------------------------------------------
  35:         count = 1
  36:     while x:
  37:         x &= x - 1
  38:         count += 1
- 39:     return count
+ 39:         break
+ 40:     return count
--------------------------------------------------------------------------------
[0.17926 s] killed by ts-3-5/test_3-5_1-0_323.py::test_hamming_distance_different_numbers

def test_hamming_distance_different_numbers():
>       assert hamming_distance(12, 5) == 2
E       AssertionError

ts-3-5/test_3-5_1-0_323.py:12: AssertionError
   - [#   8] ROR hamming_ops: 
--------------------------------------------------------------------------------
  28:         Integer representing the number of bits
  29:         that are on (1).
  30:     '''
  31:     count = 0
- 32:     if x < 0:
+ 32:     if x > 0:
  33:         
  34:         x = abs(x)
  35:         count = 1
  36:     while x:
--------------------------------------------------------------------------------
[0.16637 s] killed by ts-3-5/test_3-5_1-0_323.py::test_hamming_distance_different_numbers

def test_hamming_distance_different_numbers():
>       assert hamming_distance(12, 5) == 2
E       AssertionError

ts-3-5/test_3-5_1-0_323.py:12: AssertionError
   - [#   9] ROR hamming_ops: 
--------------------------------------------------------------------------------
  28:         Integer representing the number of bits
  29:         that are on (1).
  30:     '''
  31:     count = 0
- 32:     if x < 0:
+ 32:     if x <= 0:
  33:         
  34:         x = abs(x)
  35:         count = 1
  36:     while x:
--------------------------------------------------------------------------------
[0.15491 s] killed by ts-3-5/test_3-5_1-0_323.py::test_hamming_distance_same_numbers

def test_hamming_distance_same_numbers():
>       assert hamming_distance(8, 8) == 0
E       AssertionError

ts-3-5/test_3-5_1-0_323.py:15: AssertionError
   - [#  10] SDL hamming_ops: 
--------------------------------------------------------------------------------
  10:         An integer representing the number of bits that are different
  11:         in the two args.
  12:     '''
  13:     
- 14:     xor = x ^ y
+ 14:     pass
  15:     
  16:     
  17:     return hamming_weight(xor)
  18: 
--------------------------------------------------------------------------------
[0.15499 s] killed by ts-3-5/test_3-5_1-0_323.py::test_hamming_distance_different_numbers

def test_hamming_distance_different_numbers():
>       assert hamming_distance(12, 5) == 2

ts-3-5/test_3-5_1-0_323.py:12: 
_ _ _ _ _ _ _ _ _ _ _ _ _ _ _ _ _ _ _ _ _ _ _ _ _ _ _ _ _ _ _ _ _ _ _ _ _ _ _ _ 

x = 12, y = 5

>   ???
E   NameError: name 'xor' is not defined

hamming_ops:17: NameError
   - [#  11] SDL hamming_ops: 
--------------------------------------------------------------------------------
  13:     
  14:     xor = x ^ y
  15:     
  16:     
- 17:     return hamming_weight(xor)
+ 17:     pass
  18: 
  19: 
  20: def hamming_weight(x: int):
  21:     '''
--------------------------------------------------------------------------------
[0.15198 s] killed by ts-3-5/test_3-5_1-0_323.py::test_hamming_distance_different_numbers

def test_hamming_distance_different_numbers():
>       assert hamming_distance(12, 5) == 2
E       AssertionError

ts-3-5/test_3-5_1-0_323.py:12: AssertionError
   - [#  12] SDL hamming_ops: 
--------------------------------------------------------------------------------
  27:     Returns:
  28:         Integer representing the number of bits
  29:         that are on (1).
  30:     '''
- 31:     count = 0
+ 31:     pass
  32:     if x < 0:
  33:         
  34:         x = abs(x)
  35:         count = 1
--------------------------------------------------------------------------------
[0.15385 s] killed by ts-3-5/test_3-5_1-0_323.py::test_hamming_distance_different_numbers

def test_hamming_distance_different_numbers():
>       assert hamming_distance(12, 5) == 2

ts-3-5/test_3-5_1-0_323.py:12: 
_ _ _ _ _ _ _ _ _ _ _ _ _ _ _ _ _ _ _ _ _ _ _ _ _ _ _ _ _ _ _ _ _ _ _ _ _ _ _ _ 
hamming_ops:17: in hamming_distance
    ???
_ _ _ _ _ _ _ _ _ _ _ _ _ _ _ _ _ _ _ _ _ _ _ _ _ _ _ _ _ _ _ _ _ _ _ _ _ _ _ _ 

x = 8

>   ???
E   UnboundLocalError: local variable 'count' referenced before assignment

hamming_ops:38: UnboundLocalError
   - [#  13] SDL hamming_ops: 
--------------------------------------------------------------------------------
  30:     '''
  31:     count = 0
  32:     if x < 0:
  33:         
- 34:         x = abs(x)
+ 34:         pass
  35:         count = 1
  36:     while x:
  37:         x &= x - 1
  38:         count += 1
--------------------------------------------------------------------------------
[5.00655 s] timeout
   - [#  14] SDL hamming_ops: 
--------------------------------------------------------------------------------
  31:     count = 0
  32:     if x < 0:
  33:         
  34:         x = abs(x)
- 35:         count = 1
+ 35:         pass
  36:     while x:
  37:         x &= x - 1
  38:         count += 1
  39:     return count
--------------------------------------------------------------------------------
[0.14941 s] killed by ts-3-5/test_3-5_1-0_323.py::test_hamming_weight_negative_number

def test_hamming_weight_negative_number():
>       assert hamming_weight(-7) == 4
E       AssertionError

ts-3-5/test_3-5_1-0_323.py:21: AssertionError
   - [#  15] SDL hamming_ops: 
--------------------------------------------------------------------------------
  35:         count = 1
  36:     while x:
  37:         x &= x - 1
  38:         count += 1
- 39:     return count
+ 39:     pass
--------------------------------------------------------------------------------
[0.15582 s] killed by ts-3-5/test_3-5_1-0_323.py::test_hamming_distance_different_numbers

def test_hamming_distance_different_numbers():
>       assert hamming_distance(12, 5) == 2
E       AssertionError

ts-3-5/test_3-5_1-0_323.py:12: AssertionError
   - [#  16] ZIL hamming_ops: 
--------------------------------------------------------------------------------
  33:         
  34:         x = abs(x)
  35:         count = 1
  36:     while x:
- 37:         x &= x - 1
- 38:         count += 1
+ 37:         break
+ 38:     
  39:     return count
--------------------------------------------------------------------------------
[0.16421 s] killed by ts-3-5/test_3-5_1-0_323.py::test_hamming_distance_different_numbers

def test_hamming_distance_different_numbers():
>       assert hamming_distance(12, 5) == 2
E       AssertionError

ts-3-5/test_3-5_1-0_323.py:12: AssertionError
[*] Mutation score [17.47481 s]: 100.0%
   - all: 16
   - killed: 13 (81.2%)
   - survived: 0 (0.0%)
   - incompetent: 0 (0.0%)
   - timeout: 3 (18.8%)
