[*] Start mutation process:
   - targets: rabin_karp_substring_search.py
   - tests: ts-3-5/test_3-5_1-0_315.py
[*] 4 tests passed:
   - test_3-5_1-0_315 [0.17511 s]
[*] Start mutants generation and execution:
   - [#   1] AOD rabin_karp_substring_search: 
--------------------------------------------------------------------------------
  46:             
  47:             
  48:             rolling_hash = (rolling_hash + prime_modulus) % prime_modulus
  49:     
- 50:     return -1
+ 50:     return 1
--------------------------------------------------------------------------------
[0.19894 s] killed by ts-3-5/test_3-5_1-0_315.py::test_rabin_karp_find_substring_no_match

def test_rabin_karp_find_substring_no_match():
        string = "abcdef"
        substring = "xyz"
>       assert rabin_karp_find_substring(string, substring) == -1
E       AssertionError

ts-3-5/test_3-5_1-0_315.py:24: AssertionError
   - [#   2] AOR rabin_karp_substring_search: 
--------------------------------------------------------------------------------
  22:     '''
  23:     
  24:     substring_hash = 0
  25:     rolling_hash = 0
- 26:     base_n = pow(base, len(substring) - 1) % prime_modulus
+ 26:     base_n = pow(base, len(substring) + 1) % prime_modulus
  27:     
  28:     
  29:     for i in range(len(substring)):
  30:         rolling_hash = ((base * rolling_hash) + ord(string[i])) % prime_modulus
--------------------------------------------------------------------------------
[0.21101 s] killed by ts-3-5/test_3-5_1-0_315.py::test_rabin_karp_find_substring_single_match

def test_rabin_karp_find_substring_single_match():
        string = "hello"
        substring = "ll"
>       assert rabin_karp_find_substring(string, substring) == 2
E       AssertionError

ts-3-5/test_3-5_1-0_315.py:14: AssertionError
   - [#   3] AOR rabin_karp_substring_search: 
--------------------------------------------------------------------------------
  22:     '''
  23:     
  24:     substring_hash = 0
  25:     rolling_hash = 0
- 26:     base_n = pow(base, len(substring) - 1) % prime_modulus
+ 26:     base_n = pow(base, len(substring) - 1) * prime_modulus
  27:     
  28:     
  29:     for i in range(len(substring)):
  30:         rolling_hash = ((base * rolling_hash) + ord(string[i])) % prime_modulus
--------------------------------------------------------------------------------
[0.21084 s] killed by ts-3-5/test_3-5_1-0_315.py::test_rabin_karp_find_substring_single_match

def test_rabin_karp_find_substring_single_match():
        string = "hello"
        substring = "ll"
>       assert rabin_karp_find_substring(string, substring) == 2
E       AssertionError

ts-3-5/test_3-5_1-0_315.py:14: AssertionError
   - [#   4] AOR rabin_karp_substring_search: 
--------------------------------------------------------------------------------
  26:     base_n = pow(base, len(substring) - 1) % prime_modulus
  27:     
  28:     
  29:     for i in range(len(substring)):
- 30:         rolling_hash = ((base * rolling_hash) + ord(string[i])) % prime_modulus
+ 30:         rolling_hash = ((base / rolling_hash) + ord(string[i])) % prime_modulus
  31:         substring_hash = ((base * substring_hash) + ord(substring[i])) % prime_modulus
  32:     
  33:     for i in range((len(string) - len(substring)) + 1):
  34:         
--------------------------------------------------------------------------------
[0.20184 s] killed by ts-3-5/test_3-5_1-0_315.py::test_rabin_karp_find_substring_single_match

def test_rabin_karp_find_substring_single_match():
        string = "hello"
        substring = "ll"
>       assert rabin_karp_find_substring(string, substring) == 2

ts-3-5/test_3-5_1-0_315.py:14: 
_ _ _ _ _ _ _ _ _ _ _ _ _ _ _ _ _ _ _ _ _ _ _ _ _ _ _ _ _ _ _ _ _ _ _ _ _ _ _ _ 

string = 'hello', substring = 'll', base = 256, prime_modulus = 487

>   ???
E   ZeroDivisionError: division by zero

rabin_karp_substring_search:30: ZeroDivisionError
   - [#   5] AOR rabin_karp_substring_search: 
--------------------------------------------------------------------------------
  26:     base_n = pow(base, len(substring) - 1) % prime_modulus
  27:     
  28:     
  29:     for i in range(len(substring)):
- 30:         rolling_hash = ((base * rolling_hash) + ord(string[i])) % prime_modulus
+ 30:         rolling_hash = ((base // rolling_hash) + ord(string[i])) % prime_modulus
  31:         substring_hash = ((base * substring_hash) + ord(substring[i])) % prime_modulus
  32:     
  33:     for i in range((len(string) - len(substring)) + 1):
  34:         
--------------------------------------------------------------------------------
[0.19550 s] killed by ts-3-5/test_3-5_1-0_315.py::test_rabin_karp_find_substring_single_match

def test_rabin_karp_find_substring_single_match():
        string = "hello"
        substring = "ll"
>       assert rabin_karp_find_substring(string, substring) == 2

ts-3-5/test_3-5_1-0_315.py:14: 
_ _ _ _ _ _ _ _ _ _ _ _ _ _ _ _ _ _ _ _ _ _ _ _ _ _ _ _ _ _ _ _ _ _ _ _ _ _ _ _ 

string = 'hello', substring = 'll', base = 256, prime_modulus = 487

>   ???
E   ZeroDivisionError: integer division or modulo by zero

rabin_karp_substring_search:30: ZeroDivisionError
   - [#   6] AOR rabin_karp_substring_search: 
--------------------------------------------------------------------------------
  26:     base_n = pow(base, len(substring) - 1) % prime_modulus
  27:     
  28:     
  29:     for i in range(len(substring)):
- 30:         rolling_hash = ((base * rolling_hash) + ord(string[i])) % prime_modulus
+ 30:         rolling_hash = ((base ** rolling_hash) + ord(string[i])) % prime_modulus
  31:         substring_hash = ((base * substring_hash) + ord(substring[i])) % prime_modulus
  32:     
  33:     for i in range((len(string) - len(substring)) + 1):
  34:         
--------------------------------------------------------------------------------
[0.19740 s] killed by ts-3-5/test_3-5_1-0_315.py::test_rabin_karp_find_substring_single_match

def test_rabin_karp_find_substring_single_match():
        string = "hello"
        substring = "ll"
>       assert rabin_karp_find_substring(string, substring) == 2
E       AssertionError

ts-3-5/test_3-5_1-0_315.py:14: AssertionError
   - [#   7] AOR rabin_karp_substring_search: 
--------------------------------------------------------------------------------
  26:     base_n = pow(base, len(substring) - 1) % prime_modulus
  27:     
  28:     
  29:     for i in range(len(substring)):
- 30:         rolling_hash = ((base * rolling_hash) + ord(string[i])) % prime_modulus
+ 30:         rolling_hash = ((base * rolling_hash) - ord(string[i])) % prime_modulus
  31:         substring_hash = ((base * substring_hash) + ord(substring[i])) % prime_modulus
  32:     
  33:     for i in range((len(string) - len(substring)) + 1):
  34:         
--------------------------------------------------------------------------------
[0.20179 s] killed by ts-3-5/test_3-5_1-0_315.py::test_rabin_karp_find_substring_single_match

def test_rabin_karp_find_substring_single_match():
        string = "hello"
        substring = "ll"
>       assert rabin_karp_find_substring(string, substring) == 2
E       AssertionError

ts-3-5/test_3-5_1-0_315.py:14: AssertionError
   - [#   8] AOR rabin_karp_substring_search: 
--------------------------------------------------------------------------------
  26:     base_n = pow(base, len(substring) - 1) % prime_modulus
  27:     
  28:     
  29:     for i in range(len(substring)):
- 30:         rolling_hash = ((base * rolling_hash) + ord(string[i])) % prime_modulus
+ 30:         rolling_hash = ((base * rolling_hash) + ord(string[i])) * prime_modulus
  31:         substring_hash = ((base * substring_hash) + ord(substring[i])) % prime_modulus
  32:     
  33:     for i in range((len(string) - len(substring)) + 1):
  34:         
--------------------------------------------------------------------------------
[0.20087 s] killed by ts-3-5/test_3-5_1-0_315.py::test_rabin_karp_find_substring_single_match

def test_rabin_karp_find_substring_single_match():
        string = "hello"
        substring = "ll"
>       assert rabin_karp_find_substring(string, substring) == 2
E       AssertionError

ts-3-5/test_3-5_1-0_315.py:14: AssertionError
   - [#   9] AOR rabin_karp_substring_search: 
--------------------------------------------------------------------------------
  27:     
  28:     
  29:     for i in range(len(substring)):
  30:         rolling_hash = ((base * rolling_hash) + ord(string[i])) % prime_modulus
- 31:         substring_hash = ((base * substring_hash) + ord(substring[i])) % prime_modulus
+ 31:         substring_hash = ((base / substring_hash) + ord(substring[i])) % prime_modulus
  32:     
  33:     for i in range((len(string) - len(substring)) + 1):
  34:         
  35:         if rolling_hash == substring_hash:
--------------------------------------------------------------------------------
[0.20782 s] killed by ts-3-5/test_3-5_1-0_315.py::test_rabin_karp_find_substring_single_match

def test_rabin_karp_find_substring_single_match():
        string = "hello"
        substring = "ll"
>       assert rabin_karp_find_substring(string, substring) == 2

ts-3-5/test_3-5_1-0_315.py:14: 
_ _ _ _ _ _ _ _ _ _ _ _ _ _ _ _ _ _ _ _ _ _ _ _ _ _ _ _ _ _ _ _ _ _ _ _ _ _ _ _ 

string = 'hello', substring = 'll', base = 256, prime_modulus = 487

>   ???
E   ZeroDivisionError: division by zero

rabin_karp_substring_search:31: ZeroDivisionError
   - [#  10] AOR rabin_karp_substring_search: 
--------------------------------------------------------------------------------
  27:     
  28:     
  29:     for i in range(len(substring)):
  30:         rolling_hash = ((base * rolling_hash) + ord(string[i])) % prime_modulus
- 31:         substring_hash = ((base * substring_hash) + ord(substring[i])) % prime_modulus
+ 31:         substring_hash = ((base // substring_hash) + ord(substring[i])) % prime_modulus
  32:     
  33:     for i in range((len(string) - len(substring)) + 1):
  34:         
  35:         if rolling_hash == substring_hash:
--------------------------------------------------------------------------------
[0.20219 s] killed by ts-3-5/test_3-5_1-0_315.py::test_rabin_karp_find_substring_single_match

def test_rabin_karp_find_substring_single_match():
        string = "hello"
        substring = "ll"
>       assert rabin_karp_find_substring(string, substring) == 2

ts-3-5/test_3-5_1-0_315.py:14: 
_ _ _ _ _ _ _ _ _ _ _ _ _ _ _ _ _ _ _ _ _ _ _ _ _ _ _ _ _ _ _ _ _ _ _ _ _ _ _ _ 

string = 'hello', substring = 'll', base = 256, prime_modulus = 487

>   ???
E   ZeroDivisionError: integer division or modulo by zero

rabin_karp_substring_search:31: ZeroDivisionError
   - [#  11] AOR rabin_karp_substring_search: 
--------------------------------------------------------------------------------
  27:     
  28:     
  29:     for i in range(len(substring)):
  30:         rolling_hash = ((base * rolling_hash) + ord(string[i])) % prime_modulus
- 31:         substring_hash = ((base * substring_hash) + ord(substring[i])) % prime_modulus
+ 31:         substring_hash = ((base ** substring_hash) + ord(substring[i])) % prime_modulus
  32:     
  33:     for i in range((len(string) - len(substring)) + 1):
  34:         
  35:         if rolling_hash == substring_hash:
--------------------------------------------------------------------------------
[0.20135 s] killed by ts-3-5/test_3-5_1-0_315.py::test_rabin_karp_find_substring_single_match

def test_rabin_karp_find_substring_single_match():
        string = "hello"
        substring = "ll"
>       assert rabin_karp_find_substring(string, substring) == 2
E       AssertionError

ts-3-5/test_3-5_1-0_315.py:14: AssertionError
   - [#  12] AOR rabin_karp_substring_search: 
--------------------------------------------------------------------------------
  27:     
  28:     
  29:     for i in range(len(substring)):
  30:         rolling_hash = ((base * rolling_hash) + ord(string[i])) % prime_modulus
- 31:         substring_hash = ((base * substring_hash) + ord(substring[i])) % prime_modulus
+ 31:         substring_hash = ((base * substring_hash) - ord(substring[i])) % prime_modulus
  32:     
  33:     for i in range((len(string) - len(substring)) + 1):
  34:         
  35:         if rolling_hash == substring_hash:
--------------------------------------------------------------------------------
[0.20334 s] killed by ts-3-5/test_3-5_1-0_315.py::test_rabin_karp_find_substring_single_match

def test_rabin_karp_find_substring_single_match():
        string = "hello"
        substring = "ll"
>       assert rabin_karp_find_substring(string, substring) == 2
E       AssertionError

ts-3-5/test_3-5_1-0_315.py:14: AssertionError
   - [#  13] AOR rabin_karp_substring_search: 
--------------------------------------------------------------------------------
  27:     
  28:     
  29:     for i in range(len(substring)):
  30:         rolling_hash = ((base * rolling_hash) + ord(string[i])) % prime_modulus
- 31:         substring_hash = ((base * substring_hash) + ord(substring[i])) % prime_modulus
+ 31:         substring_hash = ((base * substring_hash) + ord(substring[i])) * prime_modulus
  32:     
  33:     for i in range((len(string) - len(substring)) + 1):
  34:         
  35:         if rolling_hash == substring_hash:
--------------------------------------------------------------------------------
[0.19255 s] killed by ts-3-5/test_3-5_1-0_315.py::test_rabin_karp_find_substring_single_match

def test_rabin_karp_find_substring_single_match():
        string = "hello"
        substring = "ll"
>       assert rabin_karp_find_substring(string, substring) == 2
E       AssertionError

ts-3-5/test_3-5_1-0_315.py:14: AssertionError
   - [#  14] AOR rabin_karp_substring_search: 
--------------------------------------------------------------------------------
  29:     for i in range(len(substring)):
  30:         rolling_hash = ((base * rolling_hash) + ord(string[i])) % prime_modulus
  31:         substring_hash = ((base * substring_hash) + ord(substring[i])) % prime_modulus
  32:     
- 33:     for i in range((len(string) - len(substring)) + 1):
+ 33:     for i in range((len(string) + len(substring)) + 1):
  34:         
  35:         if rolling_hash == substring_hash:
  36:             
  37:             for (s_i, letter) in enumerate(substring):
--------------------------------------------------------------------------------
[0.17610 s] survived
   - [#  15] AOR rabin_karp_substring_search: 
--------------------------------------------------------------------------------
  29:     for i in range(len(substring)):
  30:         rolling_hash = ((base * rolling_hash) + ord(string[i])) % prime_modulus
  31:         substring_hash = ((base * substring_hash) + ord(substring[i])) % prime_modulus
  32:     
- 33:     for i in range((len(string) - len(substring)) + 1):
+ 33:     for i in range((len(string) - len(substring)) - 1):
  34:         
  35:         if rolling_hash == substring_hash:
  36:             
  37:             for (s_i, letter) in enumerate(substring):
--------------------------------------------------------------------------------
[0.20114 s] killed by ts-3-5/test_3-5_1-0_315.py::test_rabin_karp_find_substring_single_match

def test_rabin_karp_find_substring_single_match():
        string = "hello"
        substring = "ll"
>       assert rabin_karp_find_substring(string, substring) == 2
E       AssertionError

ts-3-5/test_3-5_1-0_315.py:14: AssertionError
   - [#  16] AOR rabin_karp_substring_search: 
--------------------------------------------------------------------------------
  34:         
  35:         if rolling_hash == substring_hash:
  36:             
  37:             for (s_i, letter) in enumerate(substring):
- 38:                 if letter != string[i + s_i]:
+ 38:                 if letter != string[i - s_i]:
  39:                     break
  40:             else:
  41:                 return i
  42:         
--------------------------------------------------------------------------------
[0.22054 s] killed by ts-3-5/test_3-5_1-0_315.py::test_rabin_karp_find_substring_single_match

def test_rabin_karp_find_substring_single_match():
        string = "hello"
        substring = "ll"
>       assert rabin_karp_find_substring(string, substring) == 2
E       AssertionError

ts-3-5/test_3-5_1-0_315.py:14: AssertionError
   - [#  17] AOR rabin_karp_substring_search: 
--------------------------------------------------------------------------------
  39:                     break
  40:             else:
  41:                 return i
  42:         
- 43:         if i < len(string) - len(substring):
+ 43:         if i < len(string) + len(substring):
  44:             
  45:             rolling_hash = ((rolling_hash - (base_n * ord(string[i]))) * base) + (ord(string[i + len(substring)]) % prime_modulus)
  46:             
  47:             
--------------------------------------------------------------------------------
[0.20473 s] killed by ts-3-5/test_3-5_1-0_315.py::test_rabin_karp_find_substring_no_match

def test_rabin_karp_find_substring_no_match():
        string = "abcdef"
        substring = "xyz"
>       assert rabin_karp_find_substring(string, substring) == -1

ts-3-5/test_3-5_1-0_315.py:24: 
_ _ _ _ _ _ _ _ _ _ _ _ _ _ _ _ _ _ _ _ _ _ _ _ _ _ _ _ _ _ _ _ _ _ _ _ _ _ _ _ 

string = 'abcdef', substring = 'xyz', base = 256, prime_modulus = 487

>   ???
E   IndexError: string index out of range

rabin_karp_substring_search:45: IndexError
   - [#  18] AOR rabin_karp_substring_search: 
--------------------------------------------------------------------------------
  41:                 return i
  42:         
  43:         if i < len(string) - len(substring):
  44:             
- 45:             rolling_hash = ((rolling_hash - (base_n * ord(string[i]))) * base) + (ord(string[i + len(substring)]) % prime_modulus)
+ 45:             rolling_hash = ((rolling_hash + (base_n * ord(string[i]))) * base) + (ord(string[i + len(substring)]) % prime_modulus)
  46:             
  47:             
  48:             rolling_hash = (rolling_hash + prime_modulus) % prime_modulus
  49:     
--------------------------------------------------------------------------------
[0.20062 s] killed by ts-3-5/test_3-5_1-0_315.py::test_rabin_karp_find_substring_single_match

def test_rabin_karp_find_substring_single_match():
        string = "hello"
        substring = "ll"
>       assert rabin_karp_find_substring(string, substring) == 2
E       AssertionError

ts-3-5/test_3-5_1-0_315.py:14: AssertionError
   - [#  19] AOR rabin_karp_substring_search: 
--------------------------------------------------------------------------------
  41:                 return i
  42:         
  43:         if i < len(string) - len(substring):
  44:             
- 45:             rolling_hash = ((rolling_hash - (base_n * ord(string[i]))) * base) + (ord(string[i + len(substring)]) % prime_modulus)
+ 45:             rolling_hash = ((rolling_hash - (base_n / ord(string[i]))) * base) + (ord(string[i + len(substring)]) % prime_modulus)
  46:             
  47:             
  48:             rolling_hash = (rolling_hash + prime_modulus) % prime_modulus
  49:     
--------------------------------------------------------------------------------
[0.20316 s] killed by ts-3-5/test_3-5_1-0_315.py::test_rabin_karp_find_substring_single_match

def test_rabin_karp_find_substring_single_match():
        string = "hello"
        substring = "ll"
>       assert rabin_karp_find_substring(string, substring) == 2
E       AssertionError

ts-3-5/test_3-5_1-0_315.py:14: AssertionError
   - [#  20] AOR rabin_karp_substring_search: 
--------------------------------------------------------------------------------
  41:                 return i
  42:         
  43:         if i < len(string) - len(substring):
  44:             
- 45:             rolling_hash = ((rolling_hash - (base_n * ord(string[i]))) * base) + (ord(string[i + len(substring)]) % prime_modulus)
+ 45:             rolling_hash = ((rolling_hash - (base_n // ord(string[i]))) * base) + (ord(string[i + len(substring)]) % prime_modulus)
  46:             
  47:             
  48:             rolling_hash = (rolling_hash + prime_modulus) % prime_modulus
  49:     
--------------------------------------------------------------------------------
[0.20239 s] killed by ts-3-5/test_3-5_1-0_315.py::test_rabin_karp_find_substring_single_match

def test_rabin_karp_find_substring_single_match():
        string = "hello"
        substring = "ll"
>       assert rabin_karp_find_substring(string, substring) == 2
E       AssertionError

ts-3-5/test_3-5_1-0_315.py:14: AssertionError
   - [#  21] AOR rabin_karp_substring_search: 
--------------------------------------------------------------------------------
  41:                 return i
  42:         
  43:         if i < len(string) - len(substring):
  44:             
- 45:             rolling_hash = ((rolling_hash - (base_n * ord(string[i]))) * base) + (ord(string[i + len(substring)]) % prime_modulus)
+ 45:             rolling_hash = ((rolling_hash - (base_n ** ord(string[i]))) * base) + (ord(string[i + len(substring)]) % prime_modulus)
  46:             
  47:             
  48:             rolling_hash = (rolling_hash + prime_modulus) % prime_modulus
  49:     
--------------------------------------------------------------------------------
[0.20355 s] killed by ts-3-5/test_3-5_1-0_315.py::test_rabin_karp_find_substring_single_match

def test_rabin_karp_find_substring_single_match():
        string = "hello"
        substring = "ll"
>       assert rabin_karp_find_substring(string, substring) == 2
E       AssertionError

ts-3-5/test_3-5_1-0_315.py:14: AssertionError
   - [#  22] AOR rabin_karp_substring_search: 
--------------------------------------------------------------------------------
  41:                 return i
  42:         
  43:         if i < len(string) - len(substring):
  44:             
- 45:             rolling_hash = ((rolling_hash - (base_n * ord(string[i]))) * base) + (ord(string[i + len(substring)]) % prime_modulus)
+ 45:             rolling_hash = ((rolling_hash - (base_n * ord(string[i]))) / base) + (ord(string[i + len(substring)]) % prime_modulus)
  46:             
  47:             
  48:             rolling_hash = (rolling_hash + prime_modulus) % prime_modulus
  49:     
--------------------------------------------------------------------------------
[0.19013 s] killed by ts-3-5/test_3-5_1-0_315.py::test_rabin_karp_find_substring_single_match

def test_rabin_karp_find_substring_single_match():
        string = "hello"
        substring = "ll"
>       assert rabin_karp_find_substring(string, substring) == 2
E       AssertionError

ts-3-5/test_3-5_1-0_315.py:14: AssertionError
   - [#  23] AOR rabin_karp_substring_search: 
--------------------------------------------------------------------------------
  41:                 return i
  42:         
  43:         if i < len(string) - len(substring):
  44:             
- 45:             rolling_hash = ((rolling_hash - (base_n * ord(string[i]))) * base) + (ord(string[i + len(substring)]) % prime_modulus)
+ 45:             rolling_hash = ((rolling_hash - (base_n * ord(string[i]))) // base) + (ord(string[i + len(substring)]) % prime_modulus)
  46:             
  47:             
  48:             rolling_hash = (rolling_hash + prime_modulus) % prime_modulus
  49:     
--------------------------------------------------------------------------------
[0.19945 s] killed by ts-3-5/test_3-5_1-0_315.py::test_rabin_karp_find_substring_single_match

def test_rabin_karp_find_substring_single_match():
        string = "hello"
        substring = "ll"
>       assert rabin_karp_find_substring(string, substring) == 2
E       AssertionError

ts-3-5/test_3-5_1-0_315.py:14: AssertionError
   - [#  24] AOR rabin_karp_substring_search: 
--------------------------------------------------------------------------------
  41:                 return i
  42:         
  43:         if i < len(string) - len(substring):
  44:             
- 45:             rolling_hash = ((rolling_hash - (base_n * ord(string[i]))) * base) + (ord(string[i + len(substring)]) % prime_modulus)
+ 45:             rolling_hash = ((rolling_hash - (base_n * ord(string[i]))) ** base) + (ord(string[i + len(substring)]) % prime_modulus)
  46:             
  47:             
  48:             rolling_hash = (rolling_hash + prime_modulus) % prime_modulus
  49:     
--------------------------------------------------------------------------------
[0.20078 s] killed by ts-3-5/test_3-5_1-0_315.py::test_rabin_karp_find_substring_single_match

def test_rabin_karp_find_substring_single_match():
        string = "hello"
        substring = "ll"
>       assert rabin_karp_find_substring(string, substring) == 2
E       AssertionError

ts-3-5/test_3-5_1-0_315.py:14: AssertionError
   - [#  25] AOR rabin_karp_substring_search: 
--------------------------------------------------------------------------------
  41:                 return i
  42:         
  43:         if i < len(string) - len(substring):
  44:             
- 45:             rolling_hash = ((rolling_hash - (base_n * ord(string[i]))) * base) + (ord(string[i + len(substring)]) % prime_modulus)
+ 45:             rolling_hash = ((rolling_hash - (base_n * ord(string[i]))) * base) - (ord(string[i + len(substring)]) % prime_modulus)
  46:             
  47:             
  48:             rolling_hash = (rolling_hash + prime_modulus) % prime_modulus
  49:     
--------------------------------------------------------------------------------
[0.19341 s] killed by ts-3-5/test_3-5_1-0_315.py::test_rabin_karp_find_substring_single_match

def test_rabin_karp_find_substring_single_match():
        string = "hello"
        substring = "ll"
>       assert rabin_karp_find_substring(string, substring) == 2
E       AssertionError

ts-3-5/test_3-5_1-0_315.py:14: AssertionError
   - [#  26] AOR rabin_karp_substring_search: 
--------------------------------------------------------------------------------
  41:                 return i
  42:         
  43:         if i < len(string) - len(substring):
  44:             
- 45:             rolling_hash = ((rolling_hash - (base_n * ord(string[i]))) * base) + (ord(string[i + len(substring)]) % prime_modulus)
+ 45:             rolling_hash = ((rolling_hash - (base_n * ord(string[i]))) * base) + (ord(string[i - len(substring)]) % prime_modulus)
  46:             
  47:             
  48:             rolling_hash = (rolling_hash + prime_modulus) % prime_modulus
  49:     
--------------------------------------------------------------------------------
[0.19995 s] killed by ts-3-5/test_3-5_1-0_315.py::test_rabin_karp_find_substring_single_match

def test_rabin_karp_find_substring_single_match():
        string = "hello"
        substring = "ll"
>       assert rabin_karp_find_substring(string, substring) == 2
E       AssertionError

ts-3-5/test_3-5_1-0_315.py:14: AssertionError
   - [#  27] AOR rabin_karp_substring_search: 
--------------------------------------------------------------------------------
  41:                 return i
  42:         
  43:         if i < len(string) - len(substring):
  44:             
- 45:             rolling_hash = ((rolling_hash - (base_n * ord(string[i]))) * base) + (ord(string[i + len(substring)]) % prime_modulus)
+ 45:             rolling_hash = ((rolling_hash - (base_n * ord(string[i]))) * base) + (ord(string[i + len(substring)]) * prime_modulus)
  46:             
  47:             
  48:             rolling_hash = (rolling_hash + prime_modulus) % prime_modulus
  49:     
--------------------------------------------------------------------------------
[0.20228 s] killed by ts-3-5/test_3-5_1-0_315.py::test_rabin_karp_find_substring_single_match

def test_rabin_karp_find_substring_single_match():
        string = "hello"
        substring = "ll"
>       assert rabin_karp_find_substring(string, substring) == 2
E       AssertionError

ts-3-5/test_3-5_1-0_315.py:14: AssertionError
   - [#  28] AOR rabin_karp_substring_search: 
--------------------------------------------------------------------------------
  44:             
  45:             rolling_hash = ((rolling_hash - (base_n * ord(string[i]))) * base) + (ord(string[i + len(substring)]) % prime_modulus)
  46:             
  47:             
- 48:             rolling_hash = (rolling_hash + prime_modulus) % prime_modulus
+ 48:             rolling_hash = (rolling_hash - prime_modulus) % prime_modulus
  49:     
  50:     return -1
--------------------------------------------------------------------------------
[0.17662 s] survived
   - [#  29] AOR rabin_karp_substring_search: 
--------------------------------------------------------------------------------
  44:             
  45:             rolling_hash = ((rolling_hash - (base_n * ord(string[i]))) * base) + (ord(string[i + len(substring)]) % prime_modulus)
  46:             
  47:             
- 48:             rolling_hash = (rolling_hash + prime_modulus) % prime_modulus
+ 48:             rolling_hash = (rolling_hash + prime_modulus) * prime_modulus
  49:     
  50:     return -1
--------------------------------------------------------------------------------
[0.21717 s] killed by ts-3-5/test_3-5_1-0_315.py::test_rabin_karp_find_substring_single_match

def test_rabin_karp_find_substring_single_match():
        string = "hello"
        substring = "ll"
>       assert rabin_karp_find_substring(string, substring) == 2
E       AssertionError

ts-3-5/test_3-5_1-0_315.py:14: AssertionError
   - [#  30] AOR rabin_karp_substring_search: 
--------------------------------------------------------------------------------
  46:             
  47:             
  48:             rolling_hash = (rolling_hash + prime_modulus) % prime_modulus
  49:     
- 50:     return -1
+ 50:     return +1
--------------------------------------------------------------------------------
[0.19625 s] killed by ts-3-5/test_3-5_1-0_315.py::test_rabin_karp_find_substring_no_match

def test_rabin_karp_find_substring_no_match():
        string = "abcdef"
        substring = "xyz"
>       assert rabin_karp_find_substring(string, substring) == -1
E       AssertionError

ts-3-5/test_3-5_1-0_315.py:24: AssertionError
   - [#  31] BCR rabin_karp_substring_search: 
--------------------------------------------------------------------------------
  35:         if rolling_hash == substring_hash:
  36:             
  37:             for (s_i, letter) in enumerate(substring):
  38:                 if letter != string[i + s_i]:
- 39:                     break
+ 39:                     continue
  40:             else:
  41:                 return i
  42:         
  43:         if i < len(string) - len(substring):
--------------------------------------------------------------------------------
[0.17769 s] survived
   - [#  32] COI rabin_karp_substring_search: 
--------------------------------------------------------------------------------
  31:         substring_hash = ((base * substring_hash) + ord(substring[i])) % prime_modulus
  32:     
  33:     for i in range((len(string) - len(substring)) + 1):
  34:         
- 35:         if rolling_hash == substring_hash:
+ 35:         if not (rolling_hash == substring_hash):
  36:             
  37:             for (s_i, letter) in enumerate(substring):
  38:                 if letter != string[i + s_i]:
  39:                     break
--------------------------------------------------------------------------------
[0.20298 s] killed by ts-3-5/test_3-5_1-0_315.py::test_rabin_karp_find_substring_single_match

def test_rabin_karp_find_substring_single_match():
        string = "hello"
        substring = "ll"
>       assert rabin_karp_find_substring(string, substring) == 2
E       AssertionError

ts-3-5/test_3-5_1-0_315.py:14: AssertionError
   - [#  33] COI rabin_karp_substring_search: 
--------------------------------------------------------------------------------
  34:         
  35:         if rolling_hash == substring_hash:
  36:             
  37:             for (s_i, letter) in enumerate(substring):
- 38:                 if letter != string[i + s_i]:
+ 38:                 if not (letter != string[i + s_i]):
  39:                     break
  40:             else:
  41:                 return i
  42:         
--------------------------------------------------------------------------------
[0.20332 s] killed by ts-3-5/test_3-5_1-0_315.py::test_rabin_karp_find_substring_single_match

def test_rabin_karp_find_substring_single_match():
        string = "hello"
        substring = "ll"
>       assert rabin_karp_find_substring(string, substring) == 2
E       AssertionError

ts-3-5/test_3-5_1-0_315.py:14: AssertionError
   - [#  34] COI rabin_karp_substring_search: 
--------------------------------------------------------------------------------
  39:                     break
  40:             else:
  41:                 return i
  42:         
- 43:         if i < len(string) - len(substring):
+ 43:         if not (i < len(string) - len(substring)):
  44:             
  45:             rolling_hash = ((rolling_hash - (base_n * ord(string[i]))) * base) + (ord(string[i + len(substring)]) % prime_modulus)
  46:             
  47:             
--------------------------------------------------------------------------------
[0.20131 s] killed by ts-3-5/test_3-5_1-0_315.py::test_rabin_karp_find_substring_single_match

def test_rabin_karp_find_substring_single_match():
        string = "hello"
        substring = "ll"
>       assert rabin_karp_find_substring(string, substring) == 2

ts-3-5/test_3-5_1-0_315.py:14: 
_ _ _ _ _ _ _ _ _ _ _ _ _ _ _ _ _ _ _ _ _ _ _ _ _ _ _ _ _ _ _ _ _ _ _ _ _ _ _ _ 

string = 'hello', substring = 'll', base = 256, prime_modulus = 487

>   ???
E   IndexError: string index out of range

rabin_karp_substring_search:45: IndexError
   - [#  35] OIL rabin_karp_substring_search: 
--------------------------------------------------------------------------------
  28:     
  29:     for i in range(len(substring)):
  30:         rolling_hash = ((base * rolling_hash) + ord(string[i])) % prime_modulus
  31:         substring_hash = ((base * substring_hash) + ord(substring[i])) % prime_modulus
- 32:     
+ 32:         break
  33:     for i in range((len(string) - len(substring)) + 1):
  34:         
  35:         if rolling_hash == substring_hash:
  36:             
--------------------------------------------------------------------------------
[0.20093 s] killed by ts-3-5/test_3-5_1-0_315.py::test_rabin_karp_find_substring_single_match

def test_rabin_karp_find_substring_single_match():
        string = "hello"
        substring = "ll"
>       assert rabin_karp_find_substring(string, substring) == 2
E       AssertionError

ts-3-5/test_3-5_1-0_315.py:14: AssertionError
   - [#  36] OIL rabin_karp_substring_search: 
--------------------------------------------------------------------------------
  45:             rolling_hash = ((rolling_hash - (base_n * ord(string[i]))) * base) + (ord(string[i + len(substring)]) % prime_modulus)
  46:             
  47:             
  48:             rolling_hash = (rolling_hash + prime_modulus) % prime_modulus
- 49:     
+ 49:         break
  50:     return -1
--------------------------------------------------------------------------------
[0.20106 s] killed by ts-3-5/test_3-5_1-0_315.py::test_rabin_karp_find_substring_single_match

def test_rabin_karp_find_substring_single_match():
        string = "hello"
        substring = "ll"
>       assert rabin_karp_find_substring(string, substring) == 2
E       AssertionError

ts-3-5/test_3-5_1-0_315.py:14: AssertionError
   - [#  37] OIL rabin_karp_substring_search: 
--------------------------------------------------------------------------------
  36:             
  37:             for (s_i, letter) in enumerate(substring):
  38:                 if letter != string[i + s_i]:
  39:                     break
- 40:             else:
- 41:                 return i
+ 40:                 break
+ 41:             else:return i
  42:         
  43:         if i < len(string) - len(substring):
  44:             
  45:             rolling_hash = ((rolling_hash - (base_n * ord(string[i]))) * base) + (ord(string[i + len(substring)]) % prime_modulus)
--------------------------------------------------------------------------------
[0.20189 s] killed by ts-3-5/test_3-5_1-0_315.py::test_rabin_karp_find_substring_single_match

def test_rabin_karp_find_substring_single_match():
        string = "hello"
        substring = "ll"
>       assert rabin_karp_find_substring(string, substring) == 2
E       AssertionError

ts-3-5/test_3-5_1-0_315.py:14: AssertionError
   - [#  38] RIL rabin_karp_substring_search: 
--------------------------------------------------------------------------------
  25:     rolling_hash = 0
  26:     base_n = pow(base, len(substring) - 1) % prime_modulus
  27:     
  28:     
- 29:     for i in range(len(substring)):
+ 29:     for i in reversed(range(len(substring))):
  30:         rolling_hash = ((base * rolling_hash) + ord(string[i])) % prime_modulus
  31:         substring_hash = ((base * substring_hash) + ord(substring[i])) % prime_modulus
  32:     
  33:     for i in range((len(string) - len(substring)) + 1):
--------------------------------------------------------------------------------
[0.20175 s] killed by ts-3-5/test_3-5_1-0_315.py::test_rabin_karp_find_substring_single_match

def test_rabin_karp_find_substring_single_match():
        string = "hello"
        substring = "ll"
>       assert rabin_karp_find_substring(string, substring) == 2
E       AssertionError

ts-3-5/test_3-5_1-0_315.py:14: AssertionError
   - [#  39] RIL rabin_karp_substring_search: 
--------------------------------------------------------------------------------
  29:     for i in range(len(substring)):
  30:         rolling_hash = ((base * rolling_hash) + ord(string[i])) % prime_modulus
  31:         substring_hash = ((base * substring_hash) + ord(substring[i])) % prime_modulus
  32:     
- 33:     for i in range((len(string) - len(substring)) + 1):
+ 33:     for i in reversed(range((len(string) - len(substring)) + 1)):
  34:         
  35:         if rolling_hash == substring_hash:
  36:             
  37:             for (s_i, letter) in enumerate(substring):
--------------------------------------------------------------------------------
[0.20064 s] killed by ts-3-5/test_3-5_1-0_315.py::test_rabin_karp_find_substring_single_match

def test_rabin_karp_find_substring_single_match():
        string = "hello"
        substring = "ll"
>       assert rabin_karp_find_substring(string, substring) == 2
E       AssertionError

ts-3-5/test_3-5_1-0_315.py:14: AssertionError
   - [#  40] RIL rabin_karp_substring_search: 
--------------------------------------------------------------------------------
  33:     for i in range((len(string) - len(substring)) + 1):
  34:         
  35:         if rolling_hash == substring_hash:
  36:             
- 37:             for (s_i, letter) in enumerate(substring):
+ 37:             for (s_i, letter) in reversed(enumerate(substring)):
  38:                 if letter != string[i + s_i]:
  39:                     break
  40:             else:
  41:                 return i
--------------------------------------------------------------------------------
[0.20237 s] incompetent

TypeError: rabin_karp_substring_search:37: TypeError: 'enumerate' object is not reversible

   - [#  41] ROR rabin_karp_substring_search: 
--------------------------------------------------------------------------------
  31:         substring_hash = ((base * substring_hash) + ord(substring[i])) % prime_modulus
  32:     
  33:     for i in range((len(string) - len(substring)) + 1):
  34:         
- 35:         if rolling_hash == substring_hash:
+ 35:         if rolling_hash != substring_hash:
  36:             
  37:             for (s_i, letter) in enumerate(substring):
  38:                 if letter != string[i + s_i]:
  39:                     break
--------------------------------------------------------------------------------
[0.19888 s] killed by ts-3-5/test_3-5_1-0_315.py::test_rabin_karp_find_substring_single_match

def test_rabin_karp_find_substring_single_match():
        string = "hello"
        substring = "ll"
>       assert rabin_karp_find_substring(string, substring) == 2
E       AssertionError

ts-3-5/test_3-5_1-0_315.py:14: AssertionError
   - [#  42] ROR rabin_karp_substring_search: 
--------------------------------------------------------------------------------
  34:         
  35:         if rolling_hash == substring_hash:
  36:             
  37:             for (s_i, letter) in enumerate(substring):
- 38:                 if letter != string[i + s_i]:
+ 38:                 if letter == string[i + s_i]:
  39:                     break
  40:             else:
  41:                 return i
  42:         
--------------------------------------------------------------------------------
[0.20226 s] killed by ts-3-5/test_3-5_1-0_315.py::test_rabin_karp_find_substring_single_match

def test_rabin_karp_find_substring_single_match():
        string = "hello"
        substring = "ll"
>       assert rabin_karp_find_substring(string, substring) == 2
E       AssertionError

ts-3-5/test_3-5_1-0_315.py:14: AssertionError
   - [#  43] ROR rabin_karp_substring_search: 
--------------------------------------------------------------------------------
  39:                     break
  40:             else:
  41:                 return i
  42:         
- 43:         if i < len(string) - len(substring):
+ 43:         if i > len(string) - len(substring):
  44:             
  45:             rolling_hash = ((rolling_hash - (base_n * ord(string[i]))) * base) + (ord(string[i + len(substring)]) % prime_modulus)
  46:             
  47:             
--------------------------------------------------------------------------------
[0.20304 s] killed by ts-3-5/test_3-5_1-0_315.py::test_rabin_karp_find_substring_single_match

def test_rabin_karp_find_substring_single_match():
        string = "hello"
        substring = "ll"
>       assert rabin_karp_find_substring(string, substring) == 2
E       AssertionError

ts-3-5/test_3-5_1-0_315.py:14: AssertionError
   - [#  44] ROR rabin_karp_substring_search: 
--------------------------------------------------------------------------------
  39:                     break
  40:             else:
  41:                 return i
  42:         
- 43:         if i < len(string) - len(substring):
+ 43:         if i <= len(string) - len(substring):
  44:             
  45:             rolling_hash = ((rolling_hash - (base_n * ord(string[i]))) * base) + (ord(string[i + len(substring)]) % prime_modulus)
  46:             
  47:             
--------------------------------------------------------------------------------
[0.20469 s] killed by ts-3-5/test_3-5_1-0_315.py::test_rabin_karp_find_substring_no_match

def test_rabin_karp_find_substring_no_match():
        string = "abcdef"
        substring = "xyz"
>       assert rabin_karp_find_substring(string, substring) == -1

ts-3-5/test_3-5_1-0_315.py:24: 
_ _ _ _ _ _ _ _ _ _ _ _ _ _ _ _ _ _ _ _ _ _ _ _ _ _ _ _ _ _ _ _ _ _ _ _ _ _ _ _ 

string = 'abcdef', substring = 'xyz', base = 256, prime_modulus = 487

>   ???
E   IndexError: string index out of range

rabin_karp_substring_search:45: IndexError
   - [#  45] SDL rabin_karp_substring_search: 
--------------------------------------------------------------------------------
  20:         of a substring that is within the string.
  21: 
  22:     '''
  23:     
- 24:     substring_hash = 0
+ 24:     pass
  25:     rolling_hash = 0
  26:     base_n = pow(base, len(substring) - 1) % prime_modulus
  27:     
  28:     
--------------------------------------------------------------------------------
[0.20279 s] killed by ts-3-5/test_3-5_1-0_315.py::test_rabin_karp_find_substring_single_match

def test_rabin_karp_find_substring_single_match():
        string = "hello"
        substring = "ll"
>       assert rabin_karp_find_substring(string, substring) == 2

ts-3-5/test_3-5_1-0_315.py:14: 
_ _ _ _ _ _ _ _ _ _ _ _ _ _ _ _ _ _ _ _ _ _ _ _ _ _ _ _ _ _ _ _ _ _ _ _ _ _ _ _ 

string = 'hello', substring = 'll', base = 256, prime_modulus = 487

>   ???
E   UnboundLocalError: local variable 'substring_hash' referenced before assignment

rabin_karp_substring_search:31: UnboundLocalError
   - [#  46] SDL rabin_karp_substring_search: 
--------------------------------------------------------------------------------
  21: 
  22:     '''
  23:     
  24:     substring_hash = 0
- 25:     rolling_hash = 0
+ 25:     pass
  26:     base_n = pow(base, len(substring) - 1) % prime_modulus
  27:     
  28:     
  29:     for i in range(len(substring)):
--------------------------------------------------------------------------------
[0.20339 s] killed by ts-3-5/test_3-5_1-0_315.py::test_rabin_karp_find_substring_single_match

def test_rabin_karp_find_substring_single_match():
        string = "hello"
        substring = "ll"
>       assert rabin_karp_find_substring(string, substring) == 2

ts-3-5/test_3-5_1-0_315.py:14: 
_ _ _ _ _ _ _ _ _ _ _ _ _ _ _ _ _ _ _ _ _ _ _ _ _ _ _ _ _ _ _ _ _ _ _ _ _ _ _ _ 

string = 'hello', substring = 'll', base = 256, prime_modulus = 487

>   ???
E   UnboundLocalError: local variable 'rolling_hash' referenced before assignment

rabin_karp_substring_search:30: UnboundLocalError
   - [#  47] SDL rabin_karp_substring_search: 
--------------------------------------------------------------------------------
  22:     '''
  23:     
  24:     substring_hash = 0
  25:     rolling_hash = 0
- 26:     base_n = pow(base, len(substring) - 1) % prime_modulus
+ 26:     pass
  27:     
  28:     
  29:     for i in range(len(substring)):
  30:         rolling_hash = ((base * rolling_hash) + ord(string[i])) % prime_modulus
--------------------------------------------------------------------------------
[0.20423 s] killed by ts-3-5/test_3-5_1-0_315.py::test_rabin_karp_find_substring_single_match

def test_rabin_karp_find_substring_single_match():
        string = "hello"
        substring = "ll"
>       assert rabin_karp_find_substring(string, substring) == 2

ts-3-5/test_3-5_1-0_315.py:14: 
_ _ _ _ _ _ _ _ _ _ _ _ _ _ _ _ _ _ _ _ _ _ _ _ _ _ _ _ _ _ _ _ _ _ _ _ _ _ _ _ 

string = 'hello', substring = 'll', base = 256, prime_modulus = 487

>   ???
E   NameError: name 'base_n' is not defined

rabin_karp_substring_search:45: NameError
   - [#  48] SDL rabin_karp_substring_search: 
--------------------------------------------------------------------------------
  26:     base_n = pow(base, len(substring) - 1) % prime_modulus
  27:     
  28:     
  29:     for i in range(len(substring)):
- 30:         rolling_hash = ((base * rolling_hash) + ord(string[i])) % prime_modulus
+ 30:         pass
  31:         substring_hash = ((base * substring_hash) + ord(substring[i])) % prime_modulus
  32:     
  33:     for i in range((len(string) - len(substring)) + 1):
  34:         
--------------------------------------------------------------------------------
[0.20242 s] killed by ts-3-5/test_3-5_1-0_315.py::test_rabin_karp_find_substring_single_match

def test_rabin_karp_find_substring_single_match():
        string = "hello"
        substring = "ll"
>       assert rabin_karp_find_substring(string, substring) == 2
E       AssertionError

ts-3-5/test_3-5_1-0_315.py:14: AssertionError
   - [#  49] SDL rabin_karp_substring_search: 
--------------------------------------------------------------------------------
  27:     
  28:     
  29:     for i in range(len(substring)):
  30:         rolling_hash = ((base * rolling_hash) + ord(string[i])) % prime_modulus
- 31:         substring_hash = ((base * substring_hash) + ord(substring[i])) % prime_modulus
+ 31:         pass
  32:     
  33:     for i in range((len(string) - len(substring)) + 1):
  34:         
  35:         if rolling_hash == substring_hash:
--------------------------------------------------------------------------------
[0.20342 s] killed by ts-3-5/test_3-5_1-0_315.py::test_rabin_karp_find_substring_single_match

def test_rabin_karp_find_substring_single_match():
        string = "hello"
        substring = "ll"
>       assert rabin_karp_find_substring(string, substring) == 2
E       AssertionError

ts-3-5/test_3-5_1-0_315.py:14: AssertionError
   - [#  50] SDL rabin_karp_substring_search: 
--------------------------------------------------------------------------------
  37:             for (s_i, letter) in enumerate(substring):
  38:                 if letter != string[i + s_i]:
  39:                     break
  40:             else:
- 41:                 return i
+ 41:                 pass
  42:         
  43:         if i < len(string) - len(substring):
  44:             
  45:             rolling_hash = ((rolling_hash - (base_n * ord(string[i]))) * base) + (ord(string[i + len(substring)]) % prime_modulus)
--------------------------------------------------------------------------------
[0.20269 s] killed by ts-3-5/test_3-5_1-0_315.py::test_rabin_karp_find_substring_single_match

def test_rabin_karp_find_substring_single_match():
        string = "hello"
        substring = "ll"
>       assert rabin_karp_find_substring(string, substring) == 2
E       AssertionError

ts-3-5/test_3-5_1-0_315.py:14: AssertionError
   - [#  51] SDL rabin_karp_substring_search: 
--------------------------------------------------------------------------------
  41:                 return i
  42:         
  43:         if i < len(string) - len(substring):
  44:             
- 45:             rolling_hash = ((rolling_hash - (base_n * ord(string[i]))) * base) + (ord(string[i + len(substring)]) % prime_modulus)
+ 45:             pass
  46:             
  47:             
  48:             rolling_hash = (rolling_hash + prime_modulus) % prime_modulus
  49:     
--------------------------------------------------------------------------------
[0.21832 s] killed by ts-3-5/test_3-5_1-0_315.py::test_rabin_karp_find_substring_single_match

def test_rabin_karp_find_substring_single_match():
        string = "hello"
        substring = "ll"
>       assert rabin_karp_find_substring(string, substring) == 2
E       AssertionError

ts-3-5/test_3-5_1-0_315.py:14: AssertionError
   - [#  52] SDL rabin_karp_substring_search: 
--------------------------------------------------------------------------------
  44:             
  45:             rolling_hash = ((rolling_hash - (base_n * ord(string[i]))) * base) + (ord(string[i + len(substring)]) % prime_modulus)
  46:             
  47:             
- 48:             rolling_hash = (rolling_hash + prime_modulus) % prime_modulus
+ 48:             pass
  49:     
  50:     return -1
--------------------------------------------------------------------------------
[0.21681 s] killed by ts-3-5/test_3-5_1-0_315.py::test_rabin_karp_find_substring_single_match

def test_rabin_karp_find_substring_single_match():
        string = "hello"
        substring = "ll"
>       assert rabin_karp_find_substring(string, substring) == 2
E       AssertionError

ts-3-5/test_3-5_1-0_315.py:14: AssertionError
   - [#  53] SDL rabin_karp_substring_search: 
--------------------------------------------------------------------------------
  46:             
  47:             
  48:             rolling_hash = (rolling_hash + prime_modulus) % prime_modulus
  49:     
- 50:     return -1
+ 50:     pass
--------------------------------------------------------------------------------
[0.20232 s] killed by ts-3-5/test_3-5_1-0_315.py::test_rabin_karp_find_substring_no_match

def test_rabin_karp_find_substring_no_match():
        string = "abcdef"
        substring = "xyz"
>       assert rabin_karp_find_substring(string, substring) == -1
E       AssertionError

ts-3-5/test_3-5_1-0_315.py:24: AssertionError
   - [#  54] ZIL rabin_karp_substring_search: 
--------------------------------------------------------------------------------
  26:     base_n = pow(base, len(substring) - 1) % prime_modulus
  27:     
  28:     
  29:     for i in range(len(substring)):
- 30:         rolling_hash = ((base * rolling_hash) + ord(string[i])) % prime_modulus
- 31:         substring_hash = ((base * substring_hash) + ord(substring[i])) % prime_modulus
+ 30:         break
+ 31:     
  32:     
  33:     for i in range((len(string) - len(substring)) + 1):
  34:         
  35:         if rolling_hash == substring_hash:
--------------------------------------------------------------------------------
[0.20675 s] killed by ts-3-5/test_3-5_1-0_315.py::test_rabin_karp_find_substring_single_match

def test_rabin_karp_find_substring_single_match():
        string = "hello"
        substring = "ll"
>       assert rabin_karp_find_substring(string, substring) == 2
E       AssertionError

ts-3-5/test_3-5_1-0_315.py:14: AssertionError
   - [#  55] ZIL rabin_karp_substring_search: 
--------------------------------------------------------------------------------
  31:         substring_hash = ((base * substring_hash) + ord(substring[i])) % prime_modulus
  32:     
  33:     for i in range((len(string) - len(substring)) + 1):
  34:         
- 35:         if rolling_hash == substring_hash:
- 36:             
- 37:             for (s_i, letter) in enumerate(substring):
- 38:                 if letter != string[i + s_i]:
- 39:                     break
- 40:             else:
- 41:                 return i
- 42:         
- 43:         if i < len(string) - len(substring):
- 44:             
- 45:             rolling_hash = ((rolling_hash - (base_n * ord(string[i]))) * base) + (ord(string[i + len(substring)]) % prime_modulus)
- 46:             
- 47:             
- 48:             rolling_hash = (rolling_hash + prime_modulus) % prime_modulus
+ 35:         break
+ 36:     
+ 37:     
+ 38:     
+ 39:     
+ 40:     
+ 41:     
+ 42:     
+ 43:     
+ 44:     
+ 45:     
+ 46:     
+ 47:     
+ 48:     
  49:     
  50:     return -1
--------------------------------------------------------------------------------
[0.20098 s] killed by ts-3-5/test_3-5_1-0_315.py::test_rabin_karp_find_substring_single_match

def test_rabin_karp_find_substring_single_match():
        string = "hello"
        substring = "ll"
>       assert rabin_karp_find_substring(string, substring) == 2
E       AssertionError

ts-3-5/test_3-5_1-0_315.py:14: AssertionError
   - [#  56] ZIL rabin_karp_substring_search: 
--------------------------------------------------------------------------------
  34:         
  35:         if rolling_hash == substring_hash:
  36:             
  37:             for (s_i, letter) in enumerate(substring):
- 38:                 if letter != string[i + s_i]:
- 39:                     break
- 40:             else:
+ 38:                 break
+ 39:             else:
+ 40:                 
  41:                 return i
  42:         
  43:         if i < len(string) - len(substring):
  44:             
--------------------------------------------------------------------------------
[0.19625 s] killed by ts-3-5/test_3-5_1-0_315.py::test_rabin_karp_find_substring_single_match

def test_rabin_karp_find_substring_single_match():
        string = "hello"
        substring = "ll"
>       assert rabin_karp_find_substring(string, substring) == 2
E       AssertionError

ts-3-5/test_3-5_1-0_315.py:14: AssertionError
[*] Mutation score [12.82543 s]: 94.5%
   - all: 56
   - killed: 52 (92.9%)
   - survived: 3 (5.4%)
   - incompetent: 1 (1.8%)
   - timeout: 0 (0.0%)
