[*] Start mutation process:
   - targets: factorial.py
   - tests: ts-3-5/test_3-5_1-0_308.py
[*] 5 tests passed:
   - test_3-5_1-0_308 [0.12516 s]
[*] Start mutants generation and execution:
   - [#   1] AOR factorial: 
--------------------------------------------------------------------------------
  14:     
  15:     if n <= 0:
  16:         return 0
  17:     
- 18:     return reduce((lambda x, y: (x * y)), range(1, n + 1))
+ 18:     return reduce((lambda x, y: (x / y)), range(1, n + 1))
--------------------------------------------------------------------------------
[0.14525 s] killed by ts-3-5/test_3-5_1-0_308.py::test_factorial_positive_number

def test_factorial_positive_number():
>       assert factorial(5) == 120
E       AssertionError

ts-3-5/test_3-5_1-0_308.py:16: AssertionError
   - [#   2] AOR factorial: 
--------------------------------------------------------------------------------
  14:     
  15:     if n <= 0:
  16:         return 0
  17:     
- 18:     return reduce((lambda x, y: (x * y)), range(1, n + 1))
+ 18:     return reduce((lambda x, y: (x // y)), range(1, n + 1))
--------------------------------------------------------------------------------
[0.15198 s] killed by ts-3-5/test_3-5_1-0_308.py::test_factorial_positive_number

def test_factorial_positive_number():
>       assert factorial(5) == 120
E       AssertionError

ts-3-5/test_3-5_1-0_308.py:16: AssertionError
   - [#   3] AOR factorial: 
--------------------------------------------------------------------------------
  14:     
  15:     if n <= 0:
  16:         return 0
  17:     
- 18:     return reduce((lambda x, y: (x * y)), range(1, n + 1))
+ 18:     return reduce((lambda x, y: (x ** y)), range(1, n + 1))
--------------------------------------------------------------------------------
[0.15483 s] killed by ts-3-5/test_3-5_1-0_308.py::test_factorial_positive_number

def test_factorial_positive_number():
>       assert factorial(5) == 120
E       AssertionError

ts-3-5/test_3-5_1-0_308.py:16: AssertionError
   - [#   4] AOR factorial: 
--------------------------------------------------------------------------------
  14:     
  15:     if n <= 0:
  16:         return 0
  17:     
- 18:     return reduce((lambda x, y: (x * y)), range(1, n + 1))
+ 18:     return reduce((lambda x, y: (x * y)), range(1, n - 1))
--------------------------------------------------------------------------------
[0.15742 s] incompetent

TypeError: factorial:18: TypeError: reduce() of empty iterable with no initial value

   - [#   5] COI factorial: 
--------------------------------------------------------------------------------
  11:         The factorial number for n (n!).  Input
  12:         of 0 or less will output 0.
  13:     '''
  14:     
- 15:     if n <= 0:
+ 15:     if not (n <= 0):
  16:         return 0
  17:     
  18:     return reduce((lambda x, y: (x * y)), range(1, n + 1))
--------------------------------------------------------------------------------
[0.14780 s] incompetent

TypeError: factorial:18: TypeError: reduce() of empty iterable with no initial value

   - [#   6] ROR factorial: 
--------------------------------------------------------------------------------
  11:         The factorial number for n (n!).  Input
  12:         of 0 or less will output 0.
  13:     '''
  14:     
- 15:     if n <= 0:
+ 15:     if n >= 0:
  16:         return 0
  17:     
  18:     return reduce((lambda x, y: (x * y)), range(1, n + 1))
--------------------------------------------------------------------------------
[0.14698 s] killed by ts-3-5/test_3-5_1-0_308.py::test_factorial_one

def test_factorial_one():
>       assert factorial(1) == 1
E       AssertionError

ts-3-5/test_3-5_1-0_308.py:13: AssertionError
   - [#   7] ROR factorial: 
--------------------------------------------------------------------------------
  11:         The factorial number for n (n!).  Input
  12:         of 0 or less will output 0.
  13:     '''
  14:     
- 15:     if n <= 0:
+ 15:     if n < 0:
  16:         return 0
  17:     
  18:     return reduce((lambda x, y: (x * y)), range(1, n + 1))
--------------------------------------------------------------------------------
[0.15079 s] incompetent

TypeError: factorial:18: TypeError: reduce() of empty iterable with no initial value

   - [#   8] SDL factorial: 
--------------------------------------------------------------------------------
  12:         of 0 or less will output 0.
  13:     '''
  14:     
  15:     if n <= 0:
- 16:         return 0
+ 16:         pass
  17:     
  18:     return reduce((lambda x, y: (x * y)), range(1, n + 1))
--------------------------------------------------------------------------------
[0.14311 s] incompetent

TypeError: factorial:18: TypeError: reduce() of empty iterable with no initial value

   - [#   9] SDL factorial: 
--------------------------------------------------------------------------------
  14:     
  15:     if n <= 0:
  16:         return 0
  17:     
- 18:     return reduce((lambda x, y: (x * y)), range(1, n + 1))
+ 18:     pass
--------------------------------------------------------------------------------
[0.15237 s] killed by ts-3-5/test_3-5_1-0_308.py::test_factorial_one

def test_factorial_one():
>       assert factorial(1) == 1
E       AssertionError

ts-3-5/test_3-5_1-0_308.py:13: AssertionError
[*] Mutation score [1.58007 s]: 100.0%
   - all: 9
   - killed: 5 (55.6%)
   - survived: 0 (0.0%)
   - incompetent: 4 (44.4%)
   - timeout: 0 (0.0%)
