[*] Start mutation process:
   - targets: complement.py
   - tests: ts-3-5/test_3-5_0-8_247.py
[*] 10 tests passed:
   - test_3-5_0-8_247 [0.17828 s]
[*] Start mutants generation and execution:
   - [#   1] COD complement: 
--------------------------------------------------------------------------------
   2:     '''
   3:     Find the non-zero padded binary compelement.
   4: 
   5:     '''
-  6:     if not num:
+  6:     if num:
   7:         return 1
   8:     i = 1
   9:     while i <= num:
  10:         num ^= i
--------------------------------------------------------------------------------
[0.19157 s] killed by ts-3-5/test_3-5_0-8_247.py::test_complement[0-1]

num = 0, expected = 1

    @pytest.mark.parametrize("num, expected", [
        (0, 1),
        (1, 0),
        (2, 1),
        (3, 0),
        (4, 3),
        (5, 2),
        (6, 1),
        (7, 0),
        (8, 7),
    ])
    def test_complement(num, expected):
>       assert complement(num) == expected
E       AssertionError

ts-3-5/test_3-5_0-8_247.py:23: AssertionError
   - [#   2] COI complement: 
--------------------------------------------------------------------------------
   2:     '''
   3:     Find the non-zero padded binary compelement.
   4: 
   5:     '''
-  6:     if not num:
+  6:     if not ((not num)):
   7:         return 1
   8:     i = 1
   9:     while i <= num:
  10:         num ^= i
--------------------------------------------------------------------------------
[0.19285 s] killed by ts-3-5/test_3-5_0-8_247.py::test_complement[0-1]

num = 0, expected = 1

    @pytest.mark.parametrize("num, expected", [
        (0, 1),
        (1, 0),
        (2, 1),
        (3, 0),
        (4, 3),
        (5, 2),
        (6, 1),
        (7, 0),
        (8, 7),
    ])
    def test_complement(num, expected):
>       assert complement(num) == expected
E       AssertionError

ts-3-5/test_3-5_0-8_247.py:23: AssertionError
   - [#   3] COI complement: 
--------------------------------------------------------------------------------
   5:     '''
   6:     if not num:
   7:         return 1
   8:     i = 1
-  9:     while i <= num:
+  9:     while not (i <= num):
  10:         num ^= i
  11:         i = i << 1
  12:     return num
--------------------------------------------------------------------------------
[0.20692 s] killed by ts-3-5/test_3-5_0-8_247.py::test_complement[1-0]

num = 1, expected = 0

    @pytest.mark.parametrize("num, expected", [
        (0, 1),
        (1, 0),
        (2, 1),
        (3, 0),
        (4, 3),
        (5, 2),
        (6, 1),
        (7, 0),
        (8, 7),
    ])
    def test_complement(num, expected):
>       assert complement(num) == expected
E       AssertionError

ts-3-5/test_3-5_0-8_247.py:23: AssertionError
   - [#   4] LOR complement: 
--------------------------------------------------------------------------------
   6:     if not num:
   7:         return 1
   8:     i = 1
   9:     while i <= num:
- 10:         num ^= i
+ 10:         num &= i
  11:         i = i << 1
  12:     return num
--------------------------------------------------------------------------------
[0.20226 s] killed by ts-3-5/test_3-5_0-8_247.py::test_complement[1-0]

num = 1, expected = 0

    @pytest.mark.parametrize("num, expected", [
        (0, 1),
        (1, 0),
        (2, 1),
        (3, 0),
        (4, 3),
        (5, 2),
        (6, 1),
        (7, 0),
        (8, 7),
    ])
    def test_complement(num, expected):
>       assert complement(num) == expected
E       AssertionError

ts-3-5/test_3-5_0-8_247.py:23: AssertionError
   - [#   5] LOR complement: 
--------------------------------------------------------------------------------
   7:         return 1
   8:     i = 1
   9:     while i <= num:
  10:         num ^= i
- 11:         i = i << 1
+ 11:         i = i >> 1
  12:     return num
--------------------------------------------------------------------------------
[5.00591 s] timeout
   - [#   6] OIL complement: 
--------------------------------------------------------------------------------
   8:     i = 1
   9:     while i <= num:
  10:         num ^= i
  11:         i = i << 1
- 12:     return num
+ 12:         break
+ 13:     return num
--------------------------------------------------------------------------------
[0.19657 s] killed by ts-3-5/test_3-5_0-8_247.py::test_complement[2-1]

num = 2, expected = 1

    @pytest.mark.parametrize("num, expected", [
        (0, 1),
        (1, 0),
        (2, 1),
        (3, 0),
        (4, 3),
        (5, 2),
        (6, 1),
        (7, 0),
        (8, 7),
    ])
    def test_complement(num, expected):
>       assert complement(num) == expected
E       AssertionError

ts-3-5/test_3-5_0-8_247.py:23: AssertionError
   - [#   7] ROR complement: 
--------------------------------------------------------------------------------
   5:     '''
   6:     if not num:
   7:         return 1
   8:     i = 1
-  9:     while i <= num:
+  9:     while i >= num:
  10:         num ^= i
  11:         i = i << 1
  12:     return num
--------------------------------------------------------------------------------
[5.00637 s] timeout
   - [#   8] ROR complement: 
--------------------------------------------------------------------------------
   5:     '''
   6:     if not num:
   7:         return 1
   8:     i = 1
-  9:     while i <= num:
+  9:     while i < num:
  10:         num ^= i
  11:         i = i << 1
  12:     return num
--------------------------------------------------------------------------------
[0.19791 s] killed by ts-3-5/test_3-5_0-8_247.py::test_complement[1-0]

num = 1, expected = 0

    @pytest.mark.parametrize("num, expected", [
        (0, 1),
        (1, 0),
        (2, 1),
        (3, 0),
        (4, 3),
        (5, 2),
        (6, 1),
        (7, 0),
        (8, 7),
    ])
    def test_complement(num, expected):
>       assert complement(num) == expected
E       AssertionError

ts-3-5/test_3-5_0-8_247.py:23: AssertionError
   - [#   9] SDL complement: 
--------------------------------------------------------------------------------
   3:     Find the non-zero padded binary compelement.
   4: 
   5:     '''
   6:     if not num:
-  7:         return 1
+  7:         pass
   8:     i = 1
   9:     while i <= num:
  10:         num ^= i
  11:         i = i << 1
--------------------------------------------------------------------------------
[0.19957 s] killed by ts-3-5/test_3-5_0-8_247.py::test_complement[0-1]

num = 0, expected = 1

    @pytest.mark.parametrize("num, expected", [
        (0, 1),
        (1, 0),
        (2, 1),
        (3, 0),
        (4, 3),
        (5, 2),
        (6, 1),
        (7, 0),
        (8, 7),
    ])
    def test_complement(num, expected):
>       assert complement(num) == expected
E       AssertionError

ts-3-5/test_3-5_0-8_247.py:23: AssertionError
   - [#  10] SDL complement: 
--------------------------------------------------------------------------------
   4: 
   5:     '''
   6:     if not num:
   7:         return 1
-  8:     i = 1
+  8:     pass
   9:     while i <= num:
  10:         num ^= i
  11:         i = i << 1
  12:     return num
--------------------------------------------------------------------------------
[0.19998 s] killed by ts-3-5/test_3-5_0-8_247.py::test_complement[1-0]

num = 1, expected = 0

    @pytest.mark.parametrize("num, expected", [
        (0, 1),
        (1, 0),
        (2, 1),
        (3, 0),
        (4, 3),
        (5, 2),
        (6, 1),
        (7, 0),
        (8, 7),
    ])
    def test_complement(num, expected):
>       assert complement(num) == expected

ts-3-5/test_3-5_0-8_247.py:23: 
_ _ _ _ _ _ _ _ _ _ _ _ _ _ _ _ _ _ _ _ _ _ _ _ _ _ _ _ _ _ _ _ _ _ _ _ _ _ _ _ 

num = 1

>   ???
E   UnboundLocalError: local variable 'i' referenced before assignment

complement:9: UnboundLocalError
   - [#  11] SDL complement: 
--------------------------------------------------------------------------------
   7:         return 1
   8:     i = 1
   9:     while i <= num:
  10:         num ^= i
- 11:         i = i << 1
+ 11:         pass
  12:     return num
--------------------------------------------------------------------------------
[5.00665 s] timeout
   - [#  12] SDL complement: 
--------------------------------------------------------------------------------
   8:     i = 1
   9:     while i <= num:
  10:         num ^= i
  11:         i = i << 1
- 12:     return num
+ 12:     pass
--------------------------------------------------------------------------------
[0.19860 s] killed by ts-3-5/test_3-5_0-8_247.py::test_complement[1-0]

num = 1, expected = 0

    @pytest.mark.parametrize("num, expected", [
        (0, 1),
        (1, 0),
        (2, 1),
        (3, 0),
        (4, 3),
        (5, 2),
        (6, 1),
        (7, 0),
        (8, 7),
    ])
    def test_complement(num, expected):
>       assert complement(num) == expected
E       AssertionError

ts-3-5/test_3-5_0-8_247.py:23: AssertionError
   - [#  13] ZIL complement: 
--------------------------------------------------------------------------------
   6:     if not num:
   7:         return 1
   8:     i = 1
   9:     while i <= num:
- 10:         num ^= i
- 11:         i = i << 1
+ 10:         break
+ 11:     
  12:     return num
--------------------------------------------------------------------------------
[0.19696 s] killed by ts-3-5/test_3-5_0-8_247.py::test_complement[1-0]

num = 1, expected = 0

    @pytest.mark.parametrize("num, expected", [
        (0, 1),
        (1, 0),
        (2, 1),
        (3, 0),
        (4, 3),
        (5, 2),
        (6, 1),
        (7, 0),
        (8, 7),
    ])
    def test_complement(num, expected):
>       assert complement(num) == expected
E       AssertionError

ts-3-5/test_3-5_0-8_247.py:23: AssertionError
[*] Mutation score [17.29538 s]: 100.0%
   - all: 13
   - killed: 10 (76.9%)
   - survived: 0 (0.0%)
   - incompetent: 0 (0.0%)
   - timeout: 3 (23.1%)
