[*] Start mutation process:
   - targets: factorial.py
   - tests: ts-3-5/test_3-5_1-0_313.py
[*] 4 tests passed:
   - test_3-5_1-0_313 [0.12934 s]
[*] Start mutants generation and execution:
   - [#   1] AOR factorial: 
--------------------------------------------------------------------------------
  14:     
  15:     if n <= 0:
  16:         return 0
  17:     
- 18:     return reduce((lambda x, y: (x * y)), range(1, n + 1))
+ 18:     return reduce((lambda x, y: (x / y)), range(1, n + 1))
--------------------------------------------------------------------------------
[0.15527 s] killed by ts-3-5/test_3-5_1-0_313.py::test_factorial_positive_input

def test_factorial_positive_input():
>       assert factorial(5) == 120
E       AssertionError

ts-3-5/test_3-5_1-0_313.py:16: AssertionError
   - [#   2] AOR factorial: 
--------------------------------------------------------------------------------
  14:     
  15:     if n <= 0:
  16:         return 0
  17:     
- 18:     return reduce((lambda x, y: (x * y)), range(1, n + 1))
+ 18:     return reduce((lambda x, y: (x // y)), range(1, n + 1))
--------------------------------------------------------------------------------
[0.15803 s] killed by ts-3-5/test_3-5_1-0_313.py::test_factorial_positive_input

def test_factorial_positive_input():
>       assert factorial(5) == 120
E       AssertionError

ts-3-5/test_3-5_1-0_313.py:16: AssertionError
   - [#   3] AOR factorial: 
--------------------------------------------------------------------------------
  14:     
  15:     if n <= 0:
  16:         return 0
  17:     
- 18:     return reduce((lambda x, y: (x * y)), range(1, n + 1))
+ 18:     return reduce((lambda x, y: (x ** y)), range(1, n + 1))
--------------------------------------------------------------------------------
[0.16233 s] killed by ts-3-5/test_3-5_1-0_313.py::test_factorial_positive_input

def test_factorial_positive_input():
>       assert factorial(5) == 120
E       AssertionError

ts-3-5/test_3-5_1-0_313.py:16: AssertionError
   - [#   4] AOR factorial: 
--------------------------------------------------------------------------------
  14:     
  15:     if n <= 0:
  16:         return 0
  17:     
- 18:     return reduce((lambda x, y: (x * y)), range(1, n + 1))
+ 18:     return reduce((lambda x, y: (x * y)), range(1, n - 1))
--------------------------------------------------------------------------------
[0.15107 s] killed by ts-3-5/test_3-5_1-0_313.py::test_factorial_positive_input

def test_factorial_positive_input():
>       assert factorial(5) == 120
E       AssertionError

ts-3-5/test_3-5_1-0_313.py:16: AssertionError
   - [#   5] COI factorial: 
--------------------------------------------------------------------------------
  11:         The factorial number for n (n!).  Input
  12:         of 0 or less will output 0.
  13:     '''
  14:     
- 15:     if n <= 0:
+ 15:     if not (n <= 0):
  16:         return 0
  17:     
  18:     return reduce((lambda x, y: (x * y)), range(1, n + 1))
--------------------------------------------------------------------------------
[0.15177 s] incompetent

TypeError: factorial:18: TypeError: reduce() of empty iterable with no initial value

   - [#   6] ROR factorial: 
--------------------------------------------------------------------------------
  11:         The factorial number for n (n!).  Input
  12:         of 0 or less will output 0.
  13:     '''
  14:     
- 15:     if n <= 0:
+ 15:     if n >= 0:
  16:         return 0
  17:     
  18:     return reduce((lambda x, y: (x * y)), range(1, n + 1))
--------------------------------------------------------------------------------
[0.15317 s] incompetent

TypeError: factorial:18: TypeError: reduce() of empty iterable with no initial value

   - [#   7] ROR factorial: 
--------------------------------------------------------------------------------
  11:         The factorial number for n (n!).  Input
  12:         of 0 or less will output 0.
  13:     '''
  14:     
- 15:     if n <= 0:
+ 15:     if n < 0:
  16:         return 0
  17:     
  18:     return reduce((lambda x, y: (x * y)), range(1, n + 1))
--------------------------------------------------------------------------------
[0.15407 s] incompetent

TypeError: factorial:18: TypeError: reduce() of empty iterable with no initial value

   - [#   8] SDL factorial: 
--------------------------------------------------------------------------------
  12:         of 0 or less will output 0.
  13:     '''
  14:     
  15:     if n <= 0:
- 16:         return 0
+ 16:         pass
  17:     
  18:     return reduce((lambda x, y: (x * y)), range(1, n + 1))
--------------------------------------------------------------------------------
[0.15170 s] incompetent

TypeError: factorial:18: TypeError: reduce() of empty iterable with no initial value

   - [#   9] SDL factorial: 
--------------------------------------------------------------------------------
  14:     
  15:     if n <= 0:
  16:         return 0
  17:     
- 18:     return reduce((lambda x, y: (x * y)), range(1, n + 1))
+ 18:     pass
--------------------------------------------------------------------------------
[0.15626 s] killed by ts-3-5/test_3-5_1-0_313.py::test_factorial_positive_input

def test_factorial_positive_input():
>       assert factorial(5) == 120
E       AssertionError

ts-3-5/test_3-5_1-0_313.py:16: AssertionError
[*] Mutation score [1.62858 s]: 100.0%
   - all: 9
   - killed: 5 (55.6%)
   - survived: 0 (0.0%)
   - incompetent: 4 (44.4%)
   - timeout: 0 (0.0%)
