/home/lucca/desktop/ic/experimento/testes/python_experiments2/stack/0-ts/test_stack.py:18: SyntaxWarning: "is" with a literal. Did you mean "=="?
  assert test_stack[0]._stack._length is 0
/home/lucca/desktop/ic/experimento/testes/python_experiments2/stack/0-ts/test_stack.py:24: SyntaxWarning: "is" with a literal. Did you mean "=="?
  assert test_stack[0]._stack._length is 1
/home/lucca/desktop/ic/experimento/testes/python_experiments2/stack/0-ts/test_stack.py:30: SyntaxWarning: "is" with a literal. Did you mean "=="?
  assert test_stack[1]._stack.head.data is 2
/home/lucca/desktop/ic/experimento/testes/python_experiments2/stack/0-ts/test_stack.py:36: SyntaxWarning: "is" with a literal. Did you mean "=="?
  assert test_stack[2]._stack.head.data is 2
/home/lucca/desktop/ic/experimento/testes/python_experiments2/stack/0-ts/test_stack.py:54: SyntaxWarning: "is" with a literal. Did you mean "=="?
  assert test_stack[2]._stack.head.data is 4
[34m[*][0m Start mutation process:
[36m   -[0m targets: stack.py
[36m   -[0m tests: ./0-ts
[34m[*][0m 7 tests passed:
[36m   -[0m test_stack [0.16983 s]
[34m[*][0m Start mutants generation and execution:
[36m   -[0m [#   1] CDI stack: 
--------------------------------------------------------------------------------
  14:     If the stack is empty, attempts to call pop should raise an exception.
  15: 
  16:     '''
  17:     
[34m- 18:     def __init__(self, data=None):[0m
[34m- 19:         '''Initialization.'''[0m
[34m- 20:         self._stack = LinkedList(data)[0m
[34m- 21:     [0m
[32m+ 18:     @classmethod[0m
[32m+ 19:     def __init__(self, data=None):[0m
[32m+ 20:         '''Initialization.'''[0m
[32m+ 21:         self._stack = LinkedList(data)[0m
  22:     def push(self, val):
  23:         '''Add val to the stack.'''
  24:         self._stack.push(val)
  25:     
--------------------------------------------------------------------------------
[0.12732 s] [32mkilled[0m by 0-ts/test_stack.py::test_stack_is_initialized

test_stack = (<stack.Stack object at 0x7f8c68428760>, <stack.Stack object at 0x7f8c68428520>, <stack.Stack object at 0x7f8c684284f0>)

    def test_stack_is_initialized(test_stack):
        """Test stack."""
>       assert test_stack[0]._stack._length is 0
E       AssertionError

0-ts/test_stack.py:18: AssertionError
[36m   -[0m [#   2] CDI stack: 
--------------------------------------------------------------------------------
  18:     def __init__(self, data=None):
  19:         '''Initialization.'''
  20:         self._stack = LinkedList(data)
  21:     
[34m- 22:     def push(self, val):[0m
[34m- 23:         '''Add val to the stack.'''[0m
[34m- 24:         self._stack.push(val)[0m
[34m- 25:     [0m
[32m+ 22:     @classmethod[0m
[32m+ 23:     def push(self, val):[0m
[32m+ 24:         '''Add val to the stack.'''[0m
[32m+ 25:         self._stack.push(val)[0m
  26:     def pop(self):
  27:         '''Remove item off the stack.'''
  28:         self._stack.pop()
--------------------------------------------------------------------------------
[0.09782 s] [32mkilled[0m by 0-ts/test_stack.py::test_empty_stack_push

test_stack = (<stack.Stack object at 0x7f8c684704f0>, <stack.Stack object at 0x7f8c68470610>, <stack.Stack object at 0x7f8c68470310>)

    def test_empty_stack_push(test_stack):
        """Test can push on an empty stack."""
>       test_stack[0].push(3)

0-ts/test_stack.py:23: 
_ _ _ _ _ _ _ _ _ _ _ _ _ _ _ _ _ _ _ _ _ _ _ _ _ _ _ _ _ _ _ _ _ _ _ _ _ _ _ _ 

self = <class 'stack.Stack'>, val = 3

>   ???
E   AttributeError: type object 'Stack' has no attribute '_stack'

stack:25: AttributeError
[36m   -[0m [#   3] CDI stack: 
--------------------------------------------------------------------------------
  22:     def push(self, val):
  23:         '''Add val to the stack.'''
  24:         self._stack.push(val)
  25:     
[34m- 26:     def pop(self):[0m
[34m- 27:         '''Remove item off the stack.'''[0m
[34m- 28:         self._stack.pop()[0m
[32m+ 26:     @classmethod[0m
[32m+ 27:     def pop(self):[0m
[32m+ 28:         '''Remove item off the stack.'''[0m
[32m+ 29:         self._stack.pop()[0m
--------------------------------------------------------------------------------
[0.13132 s] [32mkilled[0m by 0-ts/test_stack.py::test_empty_stack_pop

test_stack = (<stack.Stack object at 0x7f8c684b8130>, <stack.Stack object at 0x7f8c684b80a0>, <stack.Stack object at 0x7f8c684b83d0>)

    def test_empty_stack_pop(test_stack):
        """Test can pop on an empty stack."""
        with pytest.raises(IndexError):
>           test_stack[0].pop()

0-ts/test_stack.py:42: 
_ _ _ _ _ _ _ _ _ _ _ _ _ _ _ _ _ _ _ _ _ _ _ _ _ _ _ _ _ _ _ _ _ _ _ _ _ _ _ _ 

self = <class 'stack.Stack'>

>   ???
E   AttributeError: type object 'Stack' has no attribute '_stack'

stack:29: AttributeError
[36m   -[0m [#   4] SDI stack: 
--------------------------------------------------------------------------------
  14:     If the stack is empty, attempts to call pop should raise an exception.
  15: 
  16:     '''
  17:     
[34m- 18:     def __init__(self, data=None):[0m
[34m- 19:         '''Initialization.'''[0m
[34m- 20:         self._stack = LinkedList(data)[0m
[34m- 21:     [0m
[32m+ 18:     @staticmethod[0m
[32m+ 19:     def __init__(self, data=None):[0m
[32m+ 20:         '''Initialization.'''[0m
[32m+ 21:         self._stack = LinkedList(data)[0m
  22:     def push(self, val):
  23:         '''Add val to the stack.'''
  24:         self._stack.push(val)
  25:     
--------------------------------------------------------------------------------
[0.09895 s] [36mincompetent[0m

TypeError: /home/lucca/desktop/ic/experimento/testes/python_experiments2/stack/0-ts/test_stack.py:10: TypeError: Stack.__init__() missing 1 required positional argument: 'self'

[36m   -[0m [#   5] SDI stack: 
--------------------------------------------------------------------------------
  18:     def __init__(self, data=None):
  19:         '''Initialization.'''
  20:         self._stack = LinkedList(data)
  21:     
[34m- 22:     def push(self, val):[0m
[34m- 23:         '''Add val to the stack.'''[0m
[34m- 24:         self._stack.push(val)[0m
[34m- 25:     [0m
[32m+ 22:     @staticmethod[0m
[32m+ 23:     def push(self, val):[0m
[32m+ 24:         '''Add val to the stack.'''[0m
[32m+ 25:         self._stack.push(val)[0m
  26:     def pop(self):
  27:         '''Remove item off the stack.'''
  28:         self._stack.pop()
--------------------------------------------------------------------------------
[0.09895 s] [36mincompetent[0m

TypeError: /home/lucca/desktop/ic/experimento/testes/python_experiments2/stack/0-ts/test_stack.py:23: TypeError: Stack.push() missing 1 required positional argument: 'val'

[36m   -[0m [#   6] SDI stack: 
--------------------------------------------------------------------------------
  22:     def push(self, val):
  23:         '''Add val to the stack.'''
  24:         self._stack.push(val)
  25:     
[34m- 26:     def pop(self):[0m
[34m- 27:         '''Remove item off the stack.'''[0m
[34m- 28:         self._stack.pop()[0m
[32m+ 26:     @staticmethod[0m
[32m+ 27:     def pop(self):[0m
[32m+ 28:         '''Remove item off the stack.'''[0m
[32m+ 29:         self._stack.pop()[0m
--------------------------------------------------------------------------------
[0.10204 s] [36mincompetent[0m

TypeError: /home/lucca/desktop/ic/experimento/testes/python_experiments2/stack/0-ts/test_stack.py:42: TypeError: Stack.pop() missing 1 required positional argument: 'self'

[36m   -[0m [#   7] SDL stack: 
--------------------------------------------------------------------------------
  16:     '''
  17:     
  18:     def __init__(self, data=None):
  19:         '''Initialization.'''
[34m- 20:         self._stack = LinkedList(data)[0m
[32m+ 20:         pass[0m
  21:     
  22:     def push(self, val):
  23:         '''Add val to the stack.'''
  24:         self._stack.push(val)
--------------------------------------------------------------------------------
[0.12558 s] [32mkilled[0m by 0-ts/test_stack.py::test_stack_is_initialized

test_stack = (<stack.Stack object at 0x7f8c6842b2e0>, <stack.Stack object at 0x7f8c6842ae00>, <stack.Stack object at 0x7f8c68428850>)

    def test_stack_is_initialized(test_stack):
        """Test stack."""
>       assert test_stack[0]._stack._length is 0
E       AttributeError: 'Stack' object has no attribute '_stack'

0-ts/test_stack.py:18: AttributeError
[36m   -[0m [#   8] SDL stack: 
--------------------------------------------------------------------------------
  20:         self._stack = LinkedList(data)
  21:     
  22:     def push(self, val):
  23:         '''Add val to the stack.'''
[34m- 24:         self._stack.push(val)[0m
[32m+ 24:         pass[0m
  25:     
  26:     def pop(self):
  27:         '''Remove item off the stack.'''
  28:         self._stack.pop()
--------------------------------------------------------------------------------
[0.10755 s] [32mkilled[0m by 0-ts/test_stack.py::test_empty_stack_push

test_stack = (<stack.Stack object at 0x7f8c6842a0b0>, <stack.Stack object at 0x7f8c68428250>, <stack.Stack object at 0x7f8c6842ada0>)

    def test_empty_stack_push(test_stack):
        """Test can push on an empty stack."""
        test_stack[0].push(3)
>       assert test_stack[0]._stack._length is 1
E       AssertionError

0-ts/test_stack.py:24: AssertionError
[36m   -[0m [#   9] SDL stack: 
--------------------------------------------------------------------------------
  24:         self._stack.push(val)
  25:     
  26:     def pop(self):
  27:         '''Remove item off the stack.'''
[34m- 28:         self._stack.pop()[0m
[32m+ 28:         pass[0m
--------------------------------------------------------------------------------
[0.11891 s] [32mkilled[0m by 0-ts/test_stack.py::test_empty_stack_pop

test_stack = (<stack.Stack object at 0x7f8c684c5870>, <stack.Stack object at 0x7f8c684c5ed0>, <stack.Stack object at 0x7f8c684c5d50>)

    def test_empty_stack_pop(test_stack):
        """Test can pop on an empty stack."""
>       with pytest.raises(IndexError):
E       Failed: DID NOT RAISE <class 'IndexError'>

0-ts/test_stack.py:41: Failed
[36m   -[0m [#  10] SVD stack: 
--------------------------------------------------------------------------------
  16:     '''
  17:     
  18:     def __init__(self, data=None):
  19:         '''Initialization.'''
[34m- 20:         self._stack = LinkedList(data)[0m
[32m+ 20:         _stack = LinkedList(data)[0m
  21:     
  22:     def push(self, val):
  23:         '''Add val to the stack.'''
  24:         self._stack.push(val)
--------------------------------------------------------------------------------
[0.00000 s] [36mincompetent[0m

ValueError: expression must have Store context but has Load instead

[36m   -[0m [#  11] SVD stack: 
--------------------------------------------------------------------------------
  20:         self._stack = LinkedList(data)
  21:     
  22:     def push(self, val):
  23:         '''Add val to the stack.'''
[34m- 24:         self._stack.push(val)[0m
[32m+ 24:         _stack.push(val)[0m
  25:     
  26:     def pop(self):
  27:         '''Remove item off the stack.'''
  28:         self._stack.pop()
--------------------------------------------------------------------------------
[0.12489 s] [32mkilled[0m by 0-ts/test_stack.py::test_empty_stack_push

test_stack = (<stack.Stack object at 0x7f8c6841c8b0>, <stack.Stack object at 0x7f8c6841ebc0>, <stack.Stack object at 0x7f8c684c4610>)

    def test_empty_stack_push(test_stack):
        """Test can push on an empty stack."""
>       test_stack[0].push(3)

0-ts/test_stack.py:23: 
_ _ _ _ _ _ _ _ _ _ _ _ _ _ _ _ _ _ _ _ _ _ _ _ _ _ _ _ _ _ _ _ _ _ _ _ _ _ _ _ 

self = <stack.Stack object at 0x7f8c6841c8b0>, val = 3

>   ???
E   NameError: name '_stack' is not defined

stack:24: NameError
[36m   -[0m [#  12] SVD stack: 
--------------------------------------------------------------------------------
  24:         self._stack.push(val)
  25:     
  26:     def pop(self):
  27:         '''Remove item off the stack.'''
[34m- 28:         self._stack.pop()[0m
[32m+ 28:         _stack.pop()[0m
--------------------------------------------------------------------------------
[0.12937 s] [32mkilled[0m by 0-ts/test_stack.py::test_empty_stack_pop

test_stack = (<stack.Stack object at 0x7f8c6848add0>, <stack.Stack object at 0x7f8c68489cf0>, <stack.Stack object at 0x7f8c6848ada0>)

    def test_empty_stack_pop(test_stack):
        """Test can pop on an empty stack."""
        with pytest.raises(IndexError):
>           test_stack[0].pop()

0-ts/test_stack.py:42: 
_ _ _ _ _ _ _ _ _ _ _ _ _ _ _ _ _ _ _ _ _ _ _ _ _ _ _ _ _ _ _ _ _ _ _ _ _ _ _ _ 

self = <stack.Stack object at 0x7f8c6848add0>

>   ???
E   NameError: name '_stack' is not defined

stack:28: NameError
[34m[*][0m Mutation score [1.73254 s]: [1m[34m100.0%[0m
[36m   -[0m all: 12
[36m   -[0m killed: 8 (66.7%)
[36m   -[0m survived: 0 (0.0%)
[36m   -[0m incompetent: 4 (33.3%)
[36m   -[0m timeout: 0 (0.0%)
