[*] Start mutation process:
   - targets: fizz_buzz.py
   - tests: ts-3-5/test_3-5_0-9_272.py
[*] 4 tests passed:
   - test_3-5_0-9_272 [0.12211 s]
[*] Start mutants generation and execution:
   - [#   1] AOR fizz_buzz: 
--------------------------------------------------------------------------------
  5:     divisible by 5, add "Buzz", if it is 
  6:     divisible by both, add "FizzBuzz"
  7: 
  8:     '''
- 9:     return [(('Fizz' if x % 3 == 0 else '') + ('Buzz' if x % 5 == 0 else '') or str(x)) for x in range(1, n + 1)]
+ 9:     return [(('Fizz' if x * 3 == 0 else '') + ('Buzz' if x % 5 == 0 else '') or str(x)) for x in range(1, n + 1)]
--------------------------------------------------------------------------------
[0.13720 s] killed by ts-3-5/test_3-5_0-9_272.py::test_fizz_buzz_divisible_by_3

def test_fizz_buzz_divisible_by_3():
        result = fizz_buzz(6)
>       assert result == ['1', '2', 'Fizz', '4', 'Buzz', 'Fizz']
E       AssertionError

ts-3-5/test_3-5_0-9_272.py:13: AssertionError
   - [#   2] AOR fizz_buzz: 
--------------------------------------------------------------------------------
  5:     divisible by 5, add "Buzz", if it is 
  6:     divisible by both, add "FizzBuzz"
  7: 
  8:     '''
- 9:     return [(('Fizz' if x % 3 == 0 else '') + ('Buzz' if x % 5 == 0 else '') or str(x)) for x in range(1, n + 1)]
+ 9:     return [(('Fizz' if x % 3 == 0 else '') - ('Buzz' if x % 5 == 0 else '') or str(x)) for x in range(1, n + 1)]
--------------------------------------------------------------------------------
[0.13592 s] incompetent

TypeError: fizz_buzz:9: TypeError: unsupported operand type(s) for -: 'str' and 'str'

   - [#   3] AOR fizz_buzz: 
--------------------------------------------------------------------------------
  5:     divisible by 5, add "Buzz", if it is 
  6:     divisible by both, add "FizzBuzz"
  7: 
  8:     '''
- 9:     return [(('Fizz' if x % 3 == 0 else '') + ('Buzz' if x % 5 == 0 else '') or str(x)) for x in range(1, n + 1)]
+ 9:     return [(('Fizz' if x % 3 == 0 else '') + ('Buzz' if x * 5 == 0 else '') or str(x)) for x in range(1, n + 1)]
--------------------------------------------------------------------------------
[0.14353 s] killed by ts-3-5/test_3-5_0-9_272.py::test_fizz_buzz_divisible_by_3

def test_fizz_buzz_divisible_by_3():
        result = fizz_buzz(6)
>       assert result == ['1', '2', 'Fizz', '4', 'Buzz', 'Fizz']
E       AssertionError

ts-3-5/test_3-5_0-9_272.py:13: AssertionError
   - [#   4] AOR fizz_buzz: 
--------------------------------------------------------------------------------
  5:     divisible by 5, add "Buzz", if it is 
  6:     divisible by both, add "FizzBuzz"
  7: 
  8:     '''
- 9:     return [(('Fizz' if x % 3 == 0 else '') + ('Buzz' if x % 5 == 0 else '') or str(x)) for x in range(1, n + 1)]
+ 9:     return [(('Fizz' if x % 3 == 0 else '') + ('Buzz' if x % 5 == 0 else '') or str(x)) for x in range(1, n - 1)]
--------------------------------------------------------------------------------
[0.14494 s] killed by ts-3-5/test_3-5_0-9_272.py::test_fizz_buzz_divisible_by_3

def test_fizz_buzz_divisible_by_3():
        result = fizz_buzz(6)
>       assert result == ['1', '2', 'Fizz', '4', 'Buzz', 'Fizz']
E       AssertionError

ts-3-5/test_3-5_0-9_272.py:13: AssertionError
   - [#   5] LCR fizz_buzz: 
--------------------------------------------------------------------------------
  5:     divisible by 5, add "Buzz", if it is 
  6:     divisible by both, add "FizzBuzz"
  7: 
  8:     '''
- 9:     return [(('Fizz' if x % 3 == 0 else '') + ('Buzz' if x % 5 == 0 else '') or str(x)) for x in range(1, n + 1)]
+ 9:     return [(('Fizz' if x % 3 == 0 else '') + ('Buzz' if x % 5 == 0 else '') and str(x)) for x in range(1, n + 1)]
--------------------------------------------------------------------------------
[0.14639 s] killed by ts-3-5/test_3-5_0-9_272.py::test_fizz_buzz_divisible_by_3

def test_fizz_buzz_divisible_by_3():
        result = fizz_buzz(6)
>       assert result == ['1', '2', 'Fizz', '4', 'Buzz', 'Fizz']
E       AssertionError

ts-3-5/test_3-5_0-9_272.py:13: AssertionError
   - [#   6] ROR fizz_buzz: 
--------------------------------------------------------------------------------
  5:     divisible by 5, add "Buzz", if it is 
  6:     divisible by both, add "FizzBuzz"
  7: 
  8:     '''
- 9:     return [(('Fizz' if x % 3 == 0 else '') + ('Buzz' if x % 5 == 0 else '') or str(x)) for x in range(1, n + 1)]
+ 9:     return [(('Fizz' if x % 3 != 0 else '') + ('Buzz' if x % 5 == 0 else '') or str(x)) for x in range(1, n + 1)]
--------------------------------------------------------------------------------
[0.14393 s] killed by ts-3-5/test_3-5_0-9_272.py::test_fizz_buzz_divisible_by_3

def test_fizz_buzz_divisible_by_3():
        result = fizz_buzz(6)
>       assert result == ['1', '2', 'Fizz', '4', 'Buzz', 'Fizz']
E       AssertionError

ts-3-5/test_3-5_0-9_272.py:13: AssertionError
   - [#   7] ROR fizz_buzz: 
--------------------------------------------------------------------------------
  5:     divisible by 5, add "Buzz", if it is 
  6:     divisible by both, add "FizzBuzz"
  7: 
  8:     '''
- 9:     return [(('Fizz' if x % 3 == 0 else '') + ('Buzz' if x % 5 == 0 else '') or str(x)) for x in range(1, n + 1)]
+ 9:     return [(('Fizz' if x % 3 == 0 else '') + ('Buzz' if x % 5 != 0 else '') or str(x)) for x in range(1, n + 1)]
--------------------------------------------------------------------------------
[0.14431 s] killed by ts-3-5/test_3-5_0-9_272.py::test_fizz_buzz_divisible_by_3

def test_fizz_buzz_divisible_by_3():
        result = fizz_buzz(6)
>       assert result == ['1', '2', 'Fizz', '4', 'Buzz', 'Fizz']
E       AssertionError

ts-3-5/test_3-5_0-9_272.py:13: AssertionError
   - [#   8] SDL fizz_buzz: 
--------------------------------------------------------------------------------
  5:     divisible by 5, add "Buzz", if it is 
  6:     divisible by both, add "FizzBuzz"
  7: 
  8:     '''
- 9:     return [(('Fizz' if x % 3 == 0 else '') + ('Buzz' if x % 5 == 0 else '') or str(x)) for x in range(1, n + 1)]
+ 9:     pass
--------------------------------------------------------------------------------
[0.14388 s] killed by ts-3-5/test_3-5_0-9_272.py::test_fizz_buzz_divisible_by_3

def test_fizz_buzz_divisible_by_3():
        result = fizz_buzz(6)
>       assert result == ['1', '2', 'Fizz', '4', 'Buzz', 'Fizz']
E       AssertionError

ts-3-5/test_3-5_0-9_272.py:13: AssertionError
[*] Mutation score [1.35784 s]: 100.0%
   - all: 8
   - killed: 7 (87.5%)
   - survived: 0 (0.0%)
   - incompetent: 1 (12.5%)
   - timeout: 0 (0.0%)
