[*] Start mutation process:
   - targets: depth_first_search.py
   - tests: ts-3-5/test_3-5_0-9_284.py
[*] 6 tests passed:
   - test_3-5_0-9_284 [0.13153 s]
[*] Start mutants generation and execution:
   - [#   1] AOR depth_first_search: 
--------------------------------------------------------------------------------
  28:     
  29:     while stack:
  30:         current = stack.pop()
  31:         
- 32:         for coor in [(current[0], current[1] - 1), (current[0] - 1, current[1]), (current[0] + 1, current[1]), (current[0], current[1] + 1)]:
+ 32:         for coor in [(current[0], current[1] + 1), (current[0] - 1, current[1]), (current[0] + 1, current[1]), (current[0], current[1] + 1)]:
  33:             if (coor[0] < 0 or coor[0] > width - 1 or coor[1] < 0 or coor[1] > height - 1):
  34:                 continue
  35:             if grid[coor[1]][coor[0]] == target:
  36:                 return coor
--------------------------------------------------------------------------------
[0.14426 s] survived
   - [#   2] AOR depth_first_search: 
--------------------------------------------------------------------------------
  28:     
  29:     while stack:
  30:         current = stack.pop()
  31:         
- 32:         for coor in [(current[0], current[1] - 1), (current[0] - 1, current[1]), (current[0] + 1, current[1]), (current[0], current[1] + 1)]:
+ 32:         for coor in [(current[0], current[1] - 1), (current[0] + 1, current[1]), (current[0] + 1, current[1]), (current[0], current[1] + 1)]:
  33:             if (coor[0] < 0 or coor[0] > width - 1 or coor[1] < 0 or coor[1] > height - 1):
  34:                 continue
  35:             if grid[coor[1]][coor[0]] == target:
  36:                 return coor
--------------------------------------------------------------------------------
[0.13211 s] survived
   - [#   3] AOR depth_first_search: 
--------------------------------------------------------------------------------
  28:     
  29:     while stack:
  30:         current = stack.pop()
  31:         
- 32:         for coor in [(current[0], current[1] - 1), (current[0] - 1, current[1]), (current[0] + 1, current[1]), (current[0], current[1] + 1)]:
+ 32:         for coor in [(current[0], current[1] - 1), (current[0] - 1, current[1]), (current[0] - 1, current[1]), (current[0], current[1] + 1)]:
  33:             if (coor[0] < 0 or coor[0] > width - 1 or coor[1] < 0 or coor[1] > height - 1):
  34:                 continue
  35:             if grid[coor[1]][coor[0]] == target:
  36:                 return coor
--------------------------------------------------------------------------------
[0.14834 s] killed by ts-3-5/test_3-5_0-9_284.py::test_target_found_in_path

def test_target_found_in_path():
        grid = [[1, 2], [3, 4]]
        start = (0, 0)
        target = 4
>       assert depth_first_search(grid, start, target) == (1, 1)
E       AssertionError

ts-3-5/test_3-5_0-9_284.py:26: AssertionError
   - [#   4] AOR depth_first_search: 
--------------------------------------------------------------------------------
  28:     
  29:     while stack:
  30:         current = stack.pop()
  31:         
- 32:         for coor in [(current[0], current[1] - 1), (current[0] - 1, current[1]), (current[0] + 1, current[1]), (current[0], current[1] + 1)]:
+ 32:         for coor in [(current[0], current[1] - 1), (current[0] - 1, current[1]), (current[0] + 1, current[1]), (current[0], current[1] - 1)]:
  33:             if (coor[0] < 0 or coor[0] > width - 1 or coor[1] < 0 or coor[1] > height - 1):
  34:                 continue
  35:             if grid[coor[1]][coor[0]] == target:
  36:                 return coor
--------------------------------------------------------------------------------
[0.14680 s] killed by ts-3-5/test_3-5_0-9_284.py::test_target_found_in_path

def test_target_found_in_path():
        grid = [[1, 2], [3, 4]]
        start = (0, 0)
        target = 4
>       assert depth_first_search(grid, start, target) == (1, 1)
E       AssertionError

ts-3-5/test_3-5_0-9_284.py:26: AssertionError
   - [#   5] AOR depth_first_search: 
--------------------------------------------------------------------------------
  29:     while stack:
  30:         current = stack.pop()
  31:         
  32:         for coor in [(current[0], current[1] - 1), (current[0] - 1, current[1]), (current[0] + 1, current[1]), (current[0], current[1] + 1)]:
- 33:             if (coor[0] < 0 or coor[0] > width - 1 or coor[1] < 0 or coor[1] > height - 1):
+ 33:             if (coor[0] < 0 or coor[0] > width + 1 or coor[1] < 0 or coor[1] > height - 1):
  34:                 continue
  35:             if grid[coor[1]][coor[0]] == target:
  36:                 return coor
  37:             
--------------------------------------------------------------------------------
[0.14447 s] killed by ts-3-5/test_3-5_0-9_284.py::test_target_not_found

def test_target_not_found():
        grid = [[1, 2], [3, 4]]
        start = (0, 0)
        target = 5
>       assert depth_first_search(grid, start, target) is None

ts-3-5/test_3-5_0-9_284.py:20: 
_ _ _ _ _ _ _ _ _ _ _ _ _ _ _ _ _ _ _ _ _ _ _ _ _ _ _ _ _ _ _ _ _ _ _ _ _ _ _ _ 

grid = [[1, 2], [3, 4]], start = (0, 0), target = 5

>   ???
E   IndexError: list index out of range

depth_first_search:35: IndexError
   - [#   6] AOR depth_first_search: 
--------------------------------------------------------------------------------
  29:     while stack:
  30:         current = stack.pop()
  31:         
  32:         for coor in [(current[0], current[1] - 1), (current[0] - 1, current[1]), (current[0] + 1, current[1]), (current[0], current[1] + 1)]:
- 33:             if (coor[0] < 0 or coor[0] > width - 1 or coor[1] < 0 or coor[1] > height - 1):
+ 33:             if (coor[0] < 0 or coor[0] > width - 1 or coor[1] < 0 or coor[1] > height + 1):
  34:                 continue
  35:             if grid[coor[1]][coor[0]] == target:
  36:                 return coor
  37:             
--------------------------------------------------------------------------------
[0.15529 s] killed by ts-3-5/test_3-5_0-9_284.py::test_target_not_found

def test_target_not_found():
        grid = [[1, 2], [3, 4]]
        start = (0, 0)
        target = 5
>       assert depth_first_search(grid, start, target) is None

ts-3-5/test_3-5_0-9_284.py:20: 
_ _ _ _ _ _ _ _ _ _ _ _ _ _ _ _ _ _ _ _ _ _ _ _ _ _ _ _ _ _ _ _ _ _ _ _ _ _ _ _ 

grid = [[1, 2], [3, 4]], start = (0, 0), target = 5

>   ???
E   IndexError: list index out of range

depth_first_search:35: IndexError
   - [#   7] BCR depth_first_search: 
--------------------------------------------------------------------------------
  30:         current = stack.pop()
  31:         
  32:         for coor in [(current[0], current[1] - 1), (current[0] - 1, current[1]), (current[0] + 1, current[1]), (current[0], current[1] + 1)]:
  33:             if (coor[0] < 0 or coor[0] > width - 1 or coor[1] < 0 or coor[1] > height - 1):
- 34:                 continue
+ 34:                 break
  35:             if grid[coor[1]][coor[0]] == target:
  36:                 return coor
  37:             
  38:             elif coor not in visited:
--------------------------------------------------------------------------------
[0.15372 s] killed by ts-3-5/test_3-5_0-9_284.py::test_target_found_in_path

def test_target_found_in_path():
        grid = [[1, 2], [3, 4]]
        start = (0, 0)
        target = 4
>       assert depth_first_search(grid, start, target) == (1, 1)
E       AssertionError

ts-3-5/test_3-5_0-9_284.py:26: AssertionError
   - [#   8] COD depth_first_search: 
--------------------------------------------------------------------------------
   9:     Returns:
  10:         Coordinate of the target. Or None if cannot be found. 
  11:     '''
  12:     height = len(grid)
- 13:     if not height:
+ 13:     if height:
  14:         return None
  15:     width = len(grid[0])
  16:     
  17:     x_start = start[0]
--------------------------------------------------------------------------------
[0.15314 s] killed by ts-3-5/test_3-5_0-9_284.py::test_start_target_same

def test_start_target_same():
        grid = [[1, 2], [3, 4]]
        start = (0, 0)
        target = 1
>       assert depth_first_search(grid, start, target) == start
E       AssertionError

ts-3-5/test_3-5_0-9_284.py:14: AssertionError
   - [#   9] COD depth_first_search: 
--------------------------------------------------------------------------------
  34:                 continue
  35:             if grid[coor[1]][coor[0]] == target:
  36:                 return coor
  37:             
- 38:             elif coor not in visited:
+ 38:             elif coor in visited:
  39:                 stack.append(coor)
  40:                 visited.add(current)
  41:     return None
--------------------------------------------------------------------------------
[0.15428 s] killed by ts-3-5/test_3-5_0-9_284.py::test_target_found_in_path

def test_target_found_in_path():
        grid = [[1, 2], [3, 4]]
        start = (0, 0)
        target = 4
>       assert depth_first_search(grid, start, target) == (1, 1)
E       AssertionError

ts-3-5/test_3-5_0-9_284.py:26: AssertionError
   - [#  10] COI depth_first_search: 
--------------------------------------------------------------------------------
   9:     Returns:
  10:         Coordinate of the target. Or None if cannot be found. 
  11:     '''
  12:     height = len(grid)
- 13:     if not height:
+ 13:     if not ((not height)):
  14:         return None
  15:     width = len(grid[0])
  16:     
  17:     x_start = start[0]
--------------------------------------------------------------------------------
[0.15277 s] killed by ts-3-5/test_3-5_0-9_284.py::test_start_target_same

def test_start_target_same():
        grid = [[1, 2], [3, 4]]
        start = (0, 0)
        target = 1
>       assert depth_first_search(grid, start, target) == start
E       AssertionError

ts-3-5/test_3-5_0-9_284.py:14: AssertionError
   - [#  11] COI depth_first_search: 
--------------------------------------------------------------------------------
  17:     x_start = start[0]
  18:     y_start = start[1]
  19:     
  20:     
- 21:     if grid[y_start][x_start] == target:
+ 21:     if not (grid[y_start][x_start] == target):
  22:         return (x_start, y_start)
  23:     
  24:     visited = set()
  25:     
--------------------------------------------------------------------------------
[0.15317 s] killed by ts-3-5/test_3-5_0-9_284.py::test_target_not_found

def test_target_not_found():
        grid = [[1, 2], [3, 4]]
        start = (0, 0)
        target = 5
>       assert depth_first_search(grid, start, target) is None
E       AssertionError

ts-3-5/test_3-5_0-9_284.py:20: AssertionError
   - [#  12] COI depth_first_search: 
--------------------------------------------------------------------------------
  25:     
  26:     stack = [(x_start, y_start)]
  27:     visited.add((x_start, y_start))
  28:     
- 29:     while stack:
+ 29:     while not stack:
  30:         current = stack.pop()
  31:         
  32:         for coor in [(current[0], current[1] - 1), (current[0] - 1, current[1]), (current[0] + 1, current[1]), (current[0], current[1] + 1)]:
  33:             if (coor[0] < 0 or coor[0] > width - 1 or coor[1] < 0 or coor[1] > height - 1):
--------------------------------------------------------------------------------
[0.15652 s] killed by ts-3-5/test_3-5_0-9_284.py::test_target_found_in_path

def test_target_found_in_path():
        grid = [[1, 2], [3, 4]]
        start = (0, 0)
        target = 4
>       assert depth_first_search(grid, start, target) == (1, 1)
E       AssertionError

ts-3-5/test_3-5_0-9_284.py:26: AssertionError
   - [#  13] COI depth_first_search: 
--------------------------------------------------------------------------------
  29:     while stack:
  30:         current = stack.pop()
  31:         
  32:         for coor in [(current[0], current[1] - 1), (current[0] - 1, current[1]), (current[0] + 1, current[1]), (current[0], current[1] + 1)]:
- 33:             if (coor[0] < 0 or coor[0] > width - 1 or coor[1] < 0 or coor[1] > height - 1):
+ 33:             if not ((coor[0] < 0 or coor[0] > width - 1 or coor[1] < 0 or coor[1] > height - 1)):
  34:                 continue
  35:             if grid[coor[1]][coor[0]] == target:
  36:                 return coor
  37:             
--------------------------------------------------------------------------------
[0.15399 s] killed by ts-3-5/test_3-5_0-9_284.py::test_target_not_found

def test_target_not_found():
        grid = [[1, 2], [3, 4]]
        start = (0, 0)
        target = 5
>       assert depth_first_search(grid, start, target) is None

ts-3-5/test_3-5_0-9_284.py:20: 
_ _ _ _ _ _ _ _ _ _ _ _ _ _ _ _ _ _ _ _ _ _ _ _ _ _ _ _ _ _ _ _ _ _ _ _ _ _ _ _ 

grid = [[1, 2], [3, 4]], start = (0, 0), target = 5

>   ???
E   IndexError: list index out of range

depth_first_search:35: IndexError
   - [#  14] COI depth_first_search: 
--------------------------------------------------------------------------------
  31:         
  32:         for coor in [(current[0], current[1] - 1), (current[0] - 1, current[1]), (current[0] + 1, current[1]), (current[0], current[1] + 1)]:
  33:             if (coor[0] < 0 or coor[0] > width - 1 or coor[1] < 0 or coor[1] > height - 1):
  34:                 continue
- 35:             if grid[coor[1]][coor[0]] == target:
+ 35:             if not (grid[coor[1]][coor[0]] == target):
  36:                 return coor
  37:             
  38:             elif coor not in visited:
  39:                 stack.append(coor)
--------------------------------------------------------------------------------
[0.15689 s] killed by ts-3-5/test_3-5_0-9_284.py::test_target_not_found

def test_target_not_found():
        grid = [[1, 2], [3, 4]]
        start = (0, 0)
        target = 5
>       assert depth_first_search(grid, start, target) is None
E       AssertionError

ts-3-5/test_3-5_0-9_284.py:20: AssertionError
   - [#  15] COI depth_first_search: 
--------------------------------------------------------------------------------
  34:                 continue
  35:             if grid[coor[1]][coor[0]] == target:
  36:                 return coor
  37:             
- 38:             elif coor not in visited:
+ 38:             elif not (coor not in visited):
  39:                 stack.append(coor)
  40:                 visited.add(current)
  41:     return None
--------------------------------------------------------------------------------
[0.15024 s] killed by ts-3-5/test_3-5_0-9_284.py::test_target_found_in_path

def test_target_found_in_path():
        grid = [[1, 2], [3, 4]]
        start = (0, 0)
        target = 4
>       assert depth_first_search(grid, start, target) == (1, 1)
E       AssertionError

ts-3-5/test_3-5_0-9_284.py:26: AssertionError
   - [#  16] LCR depth_first_search: 
--------------------------------------------------------------------------------
  29:     while stack:
  30:         current = stack.pop()
  31:         
  32:         for coor in [(current[0], current[1] - 1), (current[0] - 1, current[1]), (current[0] + 1, current[1]), (current[0], current[1] + 1)]:
- 33:             if (coor[0] < 0 or coor[0] > width - 1 or coor[1] < 0 or coor[1] > height - 1):
+ 33:             if (coor[0] < 0 and coor[0] > width - 1 and coor[1] < 0 and coor[1] > height - 1):
  34:                 continue
  35:             if grid[coor[1]][coor[0]] == target:
  36:                 return coor
  37:             
--------------------------------------------------------------------------------
[0.15203 s] killed by ts-3-5/test_3-5_0-9_284.py::test_target_not_found

def test_target_not_found():
        grid = [[1, 2], [3, 4]]
        start = (0, 0)
        target = 5
>       assert depth_first_search(grid, start, target) is None

ts-3-5/test_3-5_0-9_284.py:20: 
_ _ _ _ _ _ _ _ _ _ _ _ _ _ _ _ _ _ _ _ _ _ _ _ _ _ _ _ _ _ _ _ _ _ _ _ _ _ _ _ 

grid = [[1, 2], [3, 4]], start = (0, 0), target = 5

>   ???
E   IndexError: list index out of range

depth_first_search:35: IndexError
   - [#  17] OIL depth_first_search: 
--------------------------------------------------------------------------------
  36:                 return coor
  37:             
  38:             elif coor not in visited:
  39:                 stack.append(coor)
- 40:                 visited.add(current)
+ 40:                 visited.add(current)break
  41:     return None
--------------------------------------------------------------------------------
[0.15298 s] killed by ts-3-5/test_3-5_0-9_284.py::test_target_found_in_path

def test_target_found_in_path():
        grid = [[1, 2], [3, 4]]
        start = (0, 0)
        target = 4
>       assert depth_first_search(grid, start, target) == (1, 1)
E       AssertionError

ts-3-5/test_3-5_0-9_284.py:26: AssertionError
   - [#  18] OIL depth_first_search: 
--------------------------------------------------------------------------------
  36:                 return coor
  37:             
  38:             elif coor not in visited:
  39:                 stack.append(coor)
- 40:                 visited.add(current)
+ 40:                 visited.add(current)break
  41:     return None
--------------------------------------------------------------------------------
[0.15513 s] killed by ts-3-5/test_3-5_0-9_284.py::test_target_found_in_path

def test_target_found_in_path():
        grid = [[1, 2], [3, 4]]
        start = (0, 0)
        target = 4
>       assert depth_first_search(grid, start, target) == (1, 1)
E       AssertionError

ts-3-5/test_3-5_0-9_284.py:26: AssertionError
   - [#  19] RIL depth_first_search: 
--------------------------------------------------------------------------------
  28:     
  29:     while stack:
  30:         current = stack.pop()
  31:         
- 32:         for coor in [(current[0], current[1] - 1), (current[0] - 1, current[1]), (current[0] + 1, current[1]), (current[0], current[1] + 1)]:
+ 32:         for coor in reversed([(current[0], current[1] - 1), (current[0] - 1, current[1]), (current[0] + 1, current[1]), (current[0], current[1] + 1)]):
  33:             if (coor[0] < 0 or coor[0] > width - 1 or coor[1] < 0 or coor[1] > height - 1):
  34:                 continue
  35:             if grid[coor[1]][coor[0]] == target:
  36:                 return coor
--------------------------------------------------------------------------------
[0.13180 s] survived
   - [#  20] ROR depth_first_search: 
--------------------------------------------------------------------------------
  17:     x_start = start[0]
  18:     y_start = start[1]
  19:     
  20:     
- 21:     if grid[y_start][x_start] == target:
+ 21:     if grid[y_start][x_start] != target:
  22:         return (x_start, y_start)
  23:     
  24:     visited = set()
  25:     
--------------------------------------------------------------------------------
[0.16858 s] killed by ts-3-5/test_3-5_0-9_284.py::test_target_not_found

def test_target_not_found():
        grid = [[1, 2], [3, 4]]
        start = (0, 0)
        target = 5
>       assert depth_first_search(grid, start, target) is None
E       AssertionError

ts-3-5/test_3-5_0-9_284.py:20: AssertionError
   - [#  21] ROR depth_first_search: 
--------------------------------------------------------------------------------
  29:     while stack:
  30:         current = stack.pop()
  31:         
  32:         for coor in [(current[0], current[1] - 1), (current[0] - 1, current[1]), (current[0] + 1, current[1]), (current[0], current[1] + 1)]:
- 33:             if (coor[0] < 0 or coor[0] > width - 1 or coor[1] < 0 or coor[1] > height - 1):
+ 33:             if (coor[0] > 0 or coor[0] > width - 1 or coor[1] < 0 or coor[1] > height - 1):
  34:                 continue
  35:             if grid[coor[1]][coor[0]] == target:
  36:                 return coor
  37:             
--------------------------------------------------------------------------------
[0.16130 s] killed by ts-3-5/test_3-5_0-9_284.py::test_target_not_found

def test_target_not_found():
        grid = [[1, 2], [3, 4]]
        start = (0, 0)
        target = 5
>       assert depth_first_search(grid, start, target) is None

ts-3-5/test_3-5_0-9_284.py:20: 
_ _ _ _ _ _ _ _ _ _ _ _ _ _ _ _ _ _ _ _ _ _ _ _ _ _ _ _ _ _ _ _ _ _ _ _ _ _ _ _ 

grid = [[1, 2], [3, 4]], start = (0, 0), target = 5

>   ???
E   IndexError: list index out of range

depth_first_search:35: IndexError
   - [#  22] ROR depth_first_search: 
--------------------------------------------------------------------------------
  29:     while stack:
  30:         current = stack.pop()
  31:         
  32:         for coor in [(current[0], current[1] - 1), (current[0] - 1, current[1]), (current[0] + 1, current[1]), (current[0], current[1] + 1)]:
- 33:             if (coor[0] < 0 or coor[0] > width - 1 or coor[1] < 0 or coor[1] > height - 1):
+ 33:             if (coor[0] <= 0 or coor[0] > width - 1 or coor[1] < 0 or coor[1] > height - 1):
  34:                 continue
  35:             if grid[coor[1]][coor[0]] == target:
  36:                 return coor
  37:             
--------------------------------------------------------------------------------
[0.12324 s] survived
   - [#  23] ROR depth_first_search: 
--------------------------------------------------------------------------------
  29:     while stack:
  30:         current = stack.pop()
  31:         
  32:         for coor in [(current[0], current[1] - 1), (current[0] - 1, current[1]), (current[0] + 1, current[1]), (current[0], current[1] + 1)]:
- 33:             if (coor[0] < 0 or coor[0] > width - 1 or coor[1] < 0 or coor[1] > height - 1):
+ 33:             if (coor[0] < 0 or coor[0] < width - 1 or coor[1] < 0 or coor[1] > height - 1):
  34:                 continue
  35:             if grid[coor[1]][coor[0]] == target:
  36:                 return coor
  37:             
--------------------------------------------------------------------------------
[0.14946 s] killed by ts-3-5/test_3-5_0-9_284.py::test_target_not_found

def test_target_not_found():
        grid = [[1, 2], [3, 4]]
        start = (0, 0)
        target = 5
>       assert depth_first_search(grid, start, target) is None

ts-3-5/test_3-5_0-9_284.py:20: 
_ _ _ _ _ _ _ _ _ _ _ _ _ _ _ _ _ _ _ _ _ _ _ _ _ _ _ _ _ _ _ _ _ _ _ _ _ _ _ _ 

grid = [[1, 2], [3, 4]], start = (0, 0), target = 5

>   ???
E   IndexError: list index out of range

depth_first_search:35: IndexError
   - [#  24] ROR depth_first_search: 
--------------------------------------------------------------------------------
  29:     while stack:
  30:         current = stack.pop()
  31:         
  32:         for coor in [(current[0], current[1] - 1), (current[0] - 1, current[1]), (current[0] + 1, current[1]), (current[0], current[1] + 1)]:
- 33:             if (coor[0] < 0 or coor[0] > width - 1 or coor[1] < 0 or coor[1] > height - 1):
+ 33:             if (coor[0] < 0 or coor[0] >= width - 1 or coor[1] < 0 or coor[1] > height - 1):
  34:                 continue
  35:             if grid[coor[1]][coor[0]] == target:
  36:                 return coor
  37:             
--------------------------------------------------------------------------------
[0.14524 s] killed by ts-3-5/test_3-5_0-9_284.py::test_target_found_in_path

def test_target_found_in_path():
        grid = [[1, 2], [3, 4]]
        start = (0, 0)
        target = 4
>       assert depth_first_search(grid, start, target) == (1, 1)
E       AssertionError

ts-3-5/test_3-5_0-9_284.py:26: AssertionError
   - [#  25] ROR depth_first_search: 
--------------------------------------------------------------------------------
  29:     while stack:
  30:         current = stack.pop()
  31:         
  32:         for coor in [(current[0], current[1] - 1), (current[0] - 1, current[1]), (current[0] + 1, current[1]), (current[0], current[1] + 1)]:
- 33:             if (coor[0] < 0 or coor[0] > width - 1 or coor[1] < 0 or coor[1] > height - 1):
+ 33:             if (coor[0] < 0 or coor[0] > width - 1 or coor[1] > 0 or coor[1] > height - 1):
  34:                 continue
  35:             if grid[coor[1]][coor[0]] == target:
  36:                 return coor
  37:             
--------------------------------------------------------------------------------
[0.14911 s] killed by ts-3-5/test_3-5_0-9_284.py::test_target_not_found

def test_target_not_found():
        grid = [[1, 2], [3, 4]]
        start = (0, 0)
        target = 5
>       assert depth_first_search(grid, start, target) is None

ts-3-5/test_3-5_0-9_284.py:20: 
_ _ _ _ _ _ _ _ _ _ _ _ _ _ _ _ _ _ _ _ _ _ _ _ _ _ _ _ _ _ _ _ _ _ _ _ _ _ _ _ 

grid = [[1, 2], [3, 4]], start = (0, 0), target = 5

>   ???
E   IndexError: list index out of range

depth_first_search:35: IndexError
   - [#  26] ROR depth_first_search: 
--------------------------------------------------------------------------------
  29:     while stack:
  30:         current = stack.pop()
  31:         
  32:         for coor in [(current[0], current[1] - 1), (current[0] - 1, current[1]), (current[0] + 1, current[1]), (current[0], current[1] + 1)]:
- 33:             if (coor[0] < 0 or coor[0] > width - 1 or coor[1] < 0 or coor[1] > height - 1):
+ 33:             if (coor[0] < 0 or coor[0] > width - 1 or coor[1] <= 0 or coor[1] > height - 1):
  34:                 continue
  35:             if grid[coor[1]][coor[0]] == target:
  36:                 return coor
  37:             
--------------------------------------------------------------------------------
[0.12649 s] survived
   - [#  27] ROR depth_first_search: 
--------------------------------------------------------------------------------
  29:     while stack:
  30:         current = stack.pop()
  31:         
  32:         for coor in [(current[0], current[1] - 1), (current[0] - 1, current[1]), (current[0] + 1, current[1]), (current[0], current[1] + 1)]:
- 33:             if (coor[0] < 0 or coor[0] > width - 1 or coor[1] < 0 or coor[1] > height - 1):
+ 33:             if (coor[0] < 0 or coor[0] > width - 1 or coor[1] < 0 or coor[1] < height - 1):
  34:                 continue
  35:             if grid[coor[1]][coor[0]] == target:
  36:                 return coor
  37:             
--------------------------------------------------------------------------------
[0.15317 s] killed by ts-3-5/test_3-5_0-9_284.py::test_target_not_found

def test_target_not_found():
        grid = [[1, 2], [3, 4]]
        start = (0, 0)
        target = 5
>       assert depth_first_search(grid, start, target) is None

ts-3-5/test_3-5_0-9_284.py:20: 
_ _ _ _ _ _ _ _ _ _ _ _ _ _ _ _ _ _ _ _ _ _ _ _ _ _ _ _ _ _ _ _ _ _ _ _ _ _ _ _ 

grid = [[1, 2], [3, 4]], start = (0, 0), target = 5

>   ???
E   IndexError: list index out of range

depth_first_search:35: IndexError
   - [#  28] ROR depth_first_search: 
--------------------------------------------------------------------------------
  29:     while stack:
  30:         current = stack.pop()
  31:         
  32:         for coor in [(current[0], current[1] - 1), (current[0] - 1, current[1]), (current[0] + 1, current[1]), (current[0], current[1] + 1)]:
- 33:             if (coor[0] < 0 or coor[0] > width - 1 or coor[1] < 0 or coor[1] > height - 1):
+ 33:             if (coor[0] < 0 or coor[0] > width - 1 or coor[1] < 0 or coor[1] >= height - 1):
  34:                 continue
  35:             if grid[coor[1]][coor[0]] == target:
  36:                 return coor
  37:             
--------------------------------------------------------------------------------
[0.14686 s] killed by ts-3-5/test_3-5_0-9_284.py::test_target_found_in_path

def test_target_found_in_path():
        grid = [[1, 2], [3, 4]]
        start = (0, 0)
        target = 4
>       assert depth_first_search(grid, start, target) == (1, 1)
E       AssertionError

ts-3-5/test_3-5_0-9_284.py:26: AssertionError
   - [#  29] ROR depth_first_search: 
--------------------------------------------------------------------------------
  31:         
  32:         for coor in [(current[0], current[1] - 1), (current[0] - 1, current[1]), (current[0] + 1, current[1]), (current[0], current[1] + 1)]:
  33:             if (coor[0] < 0 or coor[0] > width - 1 or coor[1] < 0 or coor[1] > height - 1):
  34:                 continue
- 35:             if grid[coor[1]][coor[0]] == target:
+ 35:             if grid[coor[1]][coor[0]] != target:
  36:                 return coor
  37:             
  38:             elif coor not in visited:
  39:                 stack.append(coor)
--------------------------------------------------------------------------------
[0.15283 s] killed by ts-3-5/test_3-5_0-9_284.py::test_target_not_found

def test_target_not_found():
        grid = [[1, 2], [3, 4]]
        start = (0, 0)
        target = 5
>       assert depth_first_search(grid, start, target) is None
E       AssertionError

ts-3-5/test_3-5_0-9_284.py:20: AssertionError
   - [#  30] SDL depth_first_search: 
--------------------------------------------------------------------------------
   8:         target: the target value to find in the grid
   9:     Returns:
  10:         Coordinate of the target. Or None if cannot be found. 
  11:     '''
- 12:     height = len(grid)
+ 12:     pass
  13:     if not height:
  14:         return None
  15:     width = len(grid[0])
  16:     
--------------------------------------------------------------------------------
[0.15123 s] killed by ts-3-5/test_3-5_0-9_284.py::test_start_target_same

def test_start_target_same():
        grid = [[1, 2], [3, 4]]
        start = (0, 0)
        target = 1
>       assert depth_first_search(grid, start, target) == start

ts-3-5/test_3-5_0-9_284.py:14: 
_ _ _ _ _ _ _ _ _ _ _ _ _ _ _ _ _ _ _ _ _ _ _ _ _ _ _ _ _ _ _ _ _ _ _ _ _ _ _ _ 

grid = [[1, 2], [3, 4]], start = (0, 0), target = 1

>   ???
E   NameError: name 'height' is not defined

depth_first_search:13: NameError
   - [#  31] SDL depth_first_search: 
--------------------------------------------------------------------------------
  10:         Coordinate of the target. Or None if cannot be found. 
  11:     '''
  12:     height = len(grid)
  13:     if not height:
- 14:         return None
+ 14:         pass
  15:     width = len(grid[0])
  16:     
  17:     x_start = start[0]
  18:     y_start = start[1]
--------------------------------------------------------------------------------
[0.15149 s] killed by ts-3-5/test_3-5_0-9_284.py::test_empty_grid

def test_empty_grid():
        grid = []
        start = (0, 0)
        target = 1
>       assert depth_first_search(grid, start, target) is None

ts-3-5/test_3-5_0-9_284.py:42: 
_ _ _ _ _ _ _ _ _ _ _ _ _ _ _ _ _ _ _ _ _ _ _ _ _ _ _ _ _ _ _ _ _ _ _ _ _ _ _ _ 

grid = [], start = (0, 0), target = 1

>   ???
E   IndexError: list index out of range

depth_first_search:15: IndexError
   - [#  32] SDL depth_first_search: 
--------------------------------------------------------------------------------
  11:     '''
  12:     height = len(grid)
  13:     if not height:
  14:         return None
- 15:     width = len(grid[0])
+ 15:     pass
  16:     
  17:     x_start = start[0]
  18:     y_start = start[1]
  19:     
--------------------------------------------------------------------------------
[0.14807 s] killed by ts-3-5/test_3-5_0-9_284.py::test_target_not_found

def test_target_not_found():
        grid = [[1, 2], [3, 4]]
        start = (0, 0)
        target = 5
>       assert depth_first_search(grid, start, target) is None

ts-3-5/test_3-5_0-9_284.py:20: 
_ _ _ _ _ _ _ _ _ _ _ _ _ _ _ _ _ _ _ _ _ _ _ _ _ _ _ _ _ _ _ _ _ _ _ _ _ _ _ _ 

grid = [[1, 2], [3, 4]], start = (0, 0), target = 5

>   ???
E   NameError: name 'width' is not defined

depth_first_search:33: NameError
   - [#  33] SDL depth_first_search: 
--------------------------------------------------------------------------------
  13:     if not height:
  14:         return None
  15:     width = len(grid[0])
  16:     
- 17:     x_start = start[0]
+ 17:     pass
  18:     y_start = start[1]
  19:     
  20:     
  21:     if grid[y_start][x_start] == target:
--------------------------------------------------------------------------------
[0.14612 s] killed by ts-3-5/test_3-5_0-9_284.py::test_start_target_same

def test_start_target_same():
        grid = [[1, 2], [3, 4]]
        start = (0, 0)
        target = 1
>       assert depth_first_search(grid, start, target) == start

ts-3-5/test_3-5_0-9_284.py:14: 
_ _ _ _ _ _ _ _ _ _ _ _ _ _ _ _ _ _ _ _ _ _ _ _ _ _ _ _ _ _ _ _ _ _ _ _ _ _ _ _ 

grid = [[1, 2], [3, 4]], start = (0, 0), target = 1

>   ???
E   NameError: name 'x_start' is not defined

depth_first_search:21: NameError
   - [#  34] SDL depth_first_search: 
--------------------------------------------------------------------------------
  14:         return None
  15:     width = len(grid[0])
  16:     
  17:     x_start = start[0]
- 18:     y_start = start[1]
+ 18:     pass
  19:     
  20:     
  21:     if grid[y_start][x_start] == target:
  22:         return (x_start, y_start)
--------------------------------------------------------------------------------
[0.14768 s] killed by ts-3-5/test_3-5_0-9_284.py::test_start_target_same

def test_start_target_same():
        grid = [[1, 2], [3, 4]]
        start = (0, 0)
        target = 1
>       assert depth_first_search(grid, start, target) == start

ts-3-5/test_3-5_0-9_284.py:14: 
_ _ _ _ _ _ _ _ _ _ _ _ _ _ _ _ _ _ _ _ _ _ _ _ _ _ _ _ _ _ _ _ _ _ _ _ _ _ _ _ 

grid = [[1, 2], [3, 4]], start = (0, 0), target = 1

>   ???
E   NameError: name 'y_start' is not defined

depth_first_search:21: NameError
   - [#  35] SDL depth_first_search: 
--------------------------------------------------------------------------------
  18:     y_start = start[1]
  19:     
  20:     
  21:     if grid[y_start][x_start] == target:
- 22:         return (x_start, y_start)
+ 22:         pass
  23:     
  24:     visited = set()
  25:     
  26:     stack = [(x_start, y_start)]
--------------------------------------------------------------------------------
[0.12421 s] survived
   - [#  36] SDL depth_first_search: 
--------------------------------------------------------------------------------
  20:     
  21:     if grid[y_start][x_start] == target:
  22:         return (x_start, y_start)
  23:     
- 24:     visited = set()
+ 24:     pass
  25:     
  26:     stack = [(x_start, y_start)]
  27:     visited.add((x_start, y_start))
  28:     
--------------------------------------------------------------------------------
[0.14804 s] killed by ts-3-5/test_3-5_0-9_284.py::test_target_not_found

def test_target_not_found():
        grid = [[1, 2], [3, 4]]
        start = (0, 0)
        target = 5
>       assert depth_first_search(grid, start, target) is None

ts-3-5/test_3-5_0-9_284.py:20: 
_ _ _ _ _ _ _ _ _ _ _ _ _ _ _ _ _ _ _ _ _ _ _ _ _ _ _ _ _ _ _ _ _ _ _ _ _ _ _ _ 

grid = [[1, 2], [3, 4]], start = (0, 0), target = 5

>   ???
E   NameError: name 'visited' is not defined

depth_first_search:27: NameError
   - [#  37] SDL depth_first_search: 
--------------------------------------------------------------------------------
  22:         return (x_start, y_start)
  23:     
  24:     visited = set()
  25:     
- 26:     stack = [(x_start, y_start)]
+ 26:     pass
  27:     visited.add((x_start, y_start))
  28:     
  29:     while stack:
  30:         current = stack.pop()
--------------------------------------------------------------------------------
[0.14735 s] killed by ts-3-5/test_3-5_0-9_284.py::test_target_not_found

def test_target_not_found():
        grid = [[1, 2], [3, 4]]
        start = (0, 0)
        target = 5
>       assert depth_first_search(grid, start, target) is None

ts-3-5/test_3-5_0-9_284.py:20: 
_ _ _ _ _ _ _ _ _ _ _ _ _ _ _ _ _ _ _ _ _ _ _ _ _ _ _ _ _ _ _ _ _ _ _ _ _ _ _ _ 

grid = [[1, 2], [3, 4]], start = (0, 0), target = 5

>   ???
E   NameError: name 'stack' is not defined

depth_first_search:29: NameError
   - [#  38] SDL depth_first_search: 
--------------------------------------------------------------------------------
  23:     
  24:     visited = set()
  25:     
  26:     stack = [(x_start, y_start)]
- 27:     visited.add((x_start, y_start))
+ 27:     pass
  28:     
  29:     while stack:
  30:         current = stack.pop()
  31:         
--------------------------------------------------------------------------------
[0.12570 s] survived
   - [#  39] SDL depth_first_search: 
--------------------------------------------------------------------------------
  26:     stack = [(x_start, y_start)]
  27:     visited.add((x_start, y_start))
  28:     
  29:     while stack:
- 30:         current = stack.pop()
+ 30:         pass
  31:         
  32:         for coor in [(current[0], current[1] - 1), (current[0] - 1, current[1]), (current[0] + 1, current[1]), (current[0], current[1] + 1)]:
  33:             if (coor[0] < 0 or coor[0] > width - 1 or coor[1] < 0 or coor[1] > height - 1):
  34:                 continue
--------------------------------------------------------------------------------
[0.13939 s] killed by ts-3-5/test_3-5_0-9_284.py::test_target_not_found

def test_target_not_found():
        grid = [[1, 2], [3, 4]]
        start = (0, 0)
        target = 5
>       assert depth_first_search(grid, start, target) is None

ts-3-5/test_3-5_0-9_284.py:20: 
_ _ _ _ _ _ _ _ _ _ _ _ _ _ _ _ _ _ _ _ _ _ _ _ _ _ _ _ _ _ _ _ _ _ _ _ _ _ _ _ 

grid = [[1, 2], [3, 4]], start = (0, 0), target = 5

>   ???
E   NameError: name 'current' is not defined

depth_first_search:32: NameError
   - [#  40] SDL depth_first_search: 
--------------------------------------------------------------------------------
  32:         for coor in [(current[0], current[1] - 1), (current[0] - 1, current[1]), (current[0] + 1, current[1]), (current[0], current[1] + 1)]:
  33:             if (coor[0] < 0 or coor[0] > width - 1 or coor[1] < 0 or coor[1] > height - 1):
  34:                 continue
  35:             if grid[coor[1]][coor[0]] == target:
- 36:                 return coor
+ 36:                 pass
  37:             
  38:             elif coor not in visited:
  39:                 stack.append(coor)
  40:                 visited.add(current)
--------------------------------------------------------------------------------
[0.14619 s] killed by ts-3-5/test_3-5_0-9_284.py::test_target_found_in_path

def test_target_found_in_path():
        grid = [[1, 2], [3, 4]]
        start = (0, 0)
        target = 4
>       assert depth_first_search(grid, start, target) == (1, 1)
E       AssertionError

ts-3-5/test_3-5_0-9_284.py:26: AssertionError
   - [#  41] SDL depth_first_search: 
--------------------------------------------------------------------------------
  35:             if grid[coor[1]][coor[0]] == target:
  36:                 return coor
  37:             
  38:             elif coor not in visited:
- 39:                 stack.append(coor)
+ 39:                 pass
  40:                 visited.add(current)
  41:     return None
--------------------------------------------------------------------------------
[0.14612 s] killed by ts-3-5/test_3-5_0-9_284.py::test_target_found_in_path

def test_target_found_in_path():
        grid = [[1, 2], [3, 4]]
        start = (0, 0)
        target = 4
>       assert depth_first_search(grid, start, target) == (1, 1)
E       AssertionError

ts-3-5/test_3-5_0-9_284.py:26: AssertionError
   - [#  42] SDL depth_first_search: 
--------------------------------------------------------------------------------
  36:                 return coor
  37:             
  38:             elif coor not in visited:
  39:                 stack.append(coor)
- 40:                 visited.add(current)
+ 40:                 pass
  41:     return None
--------------------------------------------------------------------------------
[5.00678 s] timeout
   - [#  43] SDL depth_first_search: 
--------------------------------------------------------------------------------
  37:             
  38:             elif coor not in visited:
  39:                 stack.append(coor)
  40:                 visited.add(current)
- 41:     return None
+ 41:     pass
--------------------------------------------------------------------------------
[0.13486 s] survived
   - [#  44] ZIL depth_first_search: 
--------------------------------------------------------------------------------
  26:     stack = [(x_start, y_start)]
  27:     visited.add((x_start, y_start))
  28:     
  29:     while stack:
- 30:         current = stack.pop()
- 31:         
- 32:         for coor in [(current[0], current[1] - 1), (current[0] - 1, current[1]), (current[0] + 1, current[1]), (current[0], current[1] + 1)]:
- 33:             if (coor[0] < 0 or coor[0] > width - 1 or coor[1] < 0 or coor[1] > height - 1):
- 34:                 continue
- 35:             if grid[coor[1]][coor[0]] == target:
- 36:                 return coor
- 37:             
- 38:             elif coor not in visited:
- 39:                 stack.append(coor)
- 40:                 visited.add(current)
+ 30:         break
+ 31:     
+ 32:     
+ 33:     
+ 34:     
+ 35:     
+ 36:     
+ 37:     
+ 38:     
+ 39:     
+ 40:     
  41:     return None
--------------------------------------------------------------------------------
[0.14645 s] killed by ts-3-5/test_3-5_0-9_284.py::test_target_found_in_path

def test_target_found_in_path():
        grid = [[1, 2], [3, 4]]
        start = (0, 0)
        target = 4
>       assert depth_first_search(grid, start, target) == (1, 1)
E       AssertionError

ts-3-5/test_3-5_0-9_284.py:26: AssertionError
   - [#  45] ZIL depth_first_search: 
--------------------------------------------------------------------------------
  29:     while stack:
  30:         current = stack.pop()
  31:         
  32:         for coor in [(current[0], current[1] - 1), (current[0] - 1, current[1]), (current[0] + 1, current[1]), (current[0], current[1] + 1)]:
- 33:             if (coor[0] < 0 or coor[0] > width - 1 or coor[1] < 0 or coor[1] > height - 1):
- 34:                 continue
- 35:             if grid[coor[1]][coor[0]] == target:
- 36:                 return coor
- 37:             
- 38:             elif coor not in visited:
- 39:                 stack.append(coor)
- 40:                 visited.add(current)
+ 33:             break
+ 34:     
+ 35:     
+ 36:     
+ 37:     
+ 38:     
+ 39:     
+ 40:     
  41:     return None
--------------------------------------------------------------------------------
[0.14604 s] killed by ts-3-5/test_3-5_0-9_284.py::test_target_found_in_path

def test_target_found_in_path():
        grid = [[1, 2], [3, 4]]
        start = (0, 0)
        target = 4
>       assert depth_first_search(grid, start, target) == (1, 1)
E       AssertionError

ts-3-5/test_3-5_0-9_284.py:26: AssertionError
[*] Mutation score [12.92353 s]: 82.2%
   - all: 45
   - killed: 36 (80.0%)
   - survived: 8 (17.8%)
   - incompetent: 0 (0.0%)
   - timeout: 1 (2.2%)
