<!DOCTYPE html><html lang="en"><head><meta charset="utf-8" /><meta name="viewport" content="width=device-width, initial-scale=1, shrink-to-fit=no" /><link rel="stylesheet" href="https://stackpath.bootstrapcdn.com/bootstrap/4.3.1/css/bootstrap.min.css" integrity="sha384-ggOyR0iXCbMQv3Xipma34MD+dH/1fQ784/j6cY/iJTQUOhcWr7x9JvoRxT2MZw1T" crossorigin="anonymous" /><title>Cosmic Ray Report</title></head><body><div class="container"><h1><p class="text-dark">Cosmic Ray Report</p></h1></div><div class="container"><div class="mb-1" id="summary_info___accordion"><div class="card"><a data-toggle="collapse" data-target="#summary_info___collapse_1" aria-expanded="true" aria-controls="summary_info___collapse_1" href="#"><div class="card-header" id="summary_info___heading_1"><button class="btn btn-outline-dark"><h4 class="m-0">Summary info</h4></button></div></a><div aria-labelledby="summary_info___heading_1" data-parent="#summary_info___accordion" class="collapse show" id="summary_info___collapse_1"><div class="card-body"><p>Date time: 01/10/2024 02:22:48</p><p>Total jobs: 98</p><p>Complete: 98 (100.00%)</p><p>Surviving mutants: 12 (12.24%)</p></div></div></div></div><div class="mb-1" id="job_list___accordion"><div class="card"><a data-toggle="collapse" data-target="#job_list___collapse_1" aria-expanded="false" aria-controls="job_list___collapse_1" href="#"><div class="card-header" id="job_list___heading_1"><button class="btn btn-outline-dark"><h4 class="m-0">Job list</h4></button></div></a><div aria-labelledby="job_list___heading_1" data-parent="#job_list___accordion" class="collapse" id="job_list___collapse_1"><div class="card-body"><div class="text-right mb-1"><div class="mx-1" id="job_item_expand_all"><a href="#" onclick="$('div.job_list___sub_multi_collapse').collapse('show');"><button class="btn btn-outline-dark"><span>Expand All</span></button></a></div><div class="mx-1" id="job_item_collapse_all"><a href="#" onclick="$('div.job_list___sub_multi_collapse').collapse('hide');"><button class="btn btn-outline-dark"><span>Collapse All</span></button></a></div></div><div class="mb-1" id="job_list___sub_accordion_1"><div class="card"><a data-toggle="collapse" data-target="#job_list___sub_collapse_1_1" aria-expanded="false" aria-controls="job_list___sub_collapse_1_1" href="#" class="job_list___sub_multi_heading"><div role="alert" class="card-header alert-success" id="job_list___sub_heading_1_1"><button class="btn btn-outline-success"><span class="job_id">1 : Job ID a561c6b1d80249699a9969cb50c6490a</span></button></div></a><div aria-labelledby="job_list___sub_heading_1_1" data-parent="#job_list___sub_accordion_1" class="collapse job_list___sub_multi_collapse" id="job_list___sub_collapse_1_1"><div class="card-body"><div class="work-item"><div class="alert alert-success test-outcome" role="alert"><p>worker outcome: normal</p><p>test outcome: killed</p></div></div><pre class="location"><a href="pycharm://open?file=graph1.py&amp;line=131" class="text-secondary"><button class="btn btn-outline-dark">graph1.py, start pos: (131, 29), end pos: (131, 30)</button></a></pre><pre>operator: core/ReplaceBinaryOperator_Add_Sub, occurrence: 0</pre><div class="alert alert-secondary"><pre class="diff">--- mutation diff ---
--- agraph1.py
+++ bgraph1.py
@@ -128,7 +128,7 @@
         self.adjacent = {}
     
     def __str__(self):
-        return str(self.val) + ' adjacent: ' + str([x for x in self.adjacent])
+        return str(self.val) - ' adjacent: ' + str([x for x in self.adjacent])
 
     def add_adjacent(self, node, weight=0):
         self.adjacent[node] = weight</pre></div><div class="alert alert-secondary"><pre class="diff">============================= test session starts ==============================
platform linux -- Python 3.10.12, pytest-8.3.3, pluggy-1.5.0
rootdir: /home/teste/python_experiments2/graph1
collected 8 items

ts-3-5/test_3-5_0-9_293.py .......F                                      [100%]

=========================== short test summary info ============================
FAILED ts-3-5/test_3-5_0-9_293.py::test_str - TypeError: unsupported operand ...
========================= 1 failed, 7 passed in 0.14s ==========================
</pre></div></div></div></div></div><div class="mb-1" id="job_list___sub_accordion_2"><div class="card"><a data-toggle="collapse" data-target="#job_list___sub_collapse_2_1" aria-expanded="false" aria-controls="job_list___sub_collapse_2_1" href="#" class="job_list___sub_multi_heading"><div role="alert" class="card-header alert-success" id="job_list___sub_heading_2_1"><button class="btn btn-outline-success"><span class="job_id">2 : Job ID ad0de199a0ec4d4e9977d17c5b077c06</span></button></div></a><div aria-labelledby="job_list___sub_heading_2_1" data-parent="#job_list___sub_accordion_2" class="collapse job_list___sub_multi_collapse" id="job_list___sub_collapse_2_1"><div class="card-body"><div class="work-item"><div class="alert alert-success test-outcome" role="alert"><p>worker outcome: normal</p><p>test outcome: killed</p></div></div><pre class="location"><a href="pycharm://open?file=graph1.py&amp;line=131" class="text-secondary"><button class="btn btn-outline-dark">graph1.py, start pos: (131, 45), end pos: (131, 46)</button></a></pre><pre>operator: core/ReplaceBinaryOperator_Add_Sub, occurrence: 1</pre><div class="alert alert-secondary"><pre class="diff">--- mutation diff ---
--- agraph1.py
+++ bgraph1.py
@@ -128,7 +128,7 @@
         self.adjacent = {}
     
     def __str__(self):
-        return str(self.val) + ' adjacent: ' + str([x for x in self.adjacent])
+        return str(self.val) + ' adjacent: ' - str([x for x in self.adjacent])
 
     def add_adjacent(self, node, weight=0):
         self.adjacent[node] = weight</pre></div><div class="alert alert-secondary"><pre class="diff">============================= test session starts ==============================
platform linux -- Python 3.10.12, pytest-8.3.3, pluggy-1.5.0
rootdir: /home/teste/python_experiments2/graph1
collected 8 items

ts-3-5/test_3-5_0-9_293.py .......F                                      [100%]

=========================== short test summary info ============================
FAILED ts-3-5/test_3-5_0-9_293.py::test_str - TypeError: unsupported operand ...
========================= 1 failed, 7 passed in 0.14s ==========================
</pre></div></div></div></div></div><div class="mb-1" id="job_list___sub_accordion_3"><div class="card"><a data-toggle="collapse" data-target="#job_list___sub_collapse_3_1" aria-expanded="false" aria-controls="job_list___sub_collapse_3_1" href="#" class="job_list___sub_multi_heading"><div role="alert" class="card-header alert-success" id="job_list___sub_heading_3_1"><button class="btn btn-outline-success"><span class="job_id">3 : Job ID c2e4195dba824466a89c861ec1ce4baf</span></button></div></a><div aria-labelledby="job_list___sub_heading_3_1" data-parent="#job_list___sub_accordion_3" class="collapse job_list___sub_multi_collapse" id="job_list___sub_collapse_3_1"><div class="card-body"><div class="work-item"><div class="alert alert-success test-outcome" role="alert"><p>worker outcome: normal</p><p>test outcome: killed</p></div></div><pre class="location"><a href="pycharm://open?file=graph1.py&amp;line=131" class="text-secondary"><button class="btn btn-outline-dark">graph1.py, start pos: (131, 29), end pos: (131, 30)</button></a></pre><pre>operator: core/ReplaceBinaryOperator_Add_Mul, occurrence: 0</pre><div class="alert alert-secondary"><pre class="diff">--- mutation diff ---
--- agraph1.py
+++ bgraph1.py
@@ -128,7 +128,7 @@
         self.adjacent = {}
     
     def __str__(self):
-        return str(self.val) + ' adjacent: ' + str([x for x in self.adjacent])
+        return str(self.val) * ' adjacent: ' + str([x for x in self.adjacent])
 
     def add_adjacent(self, node, weight=0):
         self.adjacent[node] = weight</pre></div><div class="alert alert-secondary"><pre class="diff">============================= test session starts ==============================
platform linux -- Python 3.10.12, pytest-8.3.3, pluggy-1.5.0
rootdir: /home/teste/python_experiments2/graph1
collected 8 items

ts-3-5/test_3-5_0-9_293.py .......F                                      [100%]

=========================== short test summary info ============================
FAILED ts-3-5/test_3-5_0-9_293.py::test_str - TypeError: can't multiply seque...
========================= 1 failed, 7 passed in 0.14s ==========================
</pre></div></div></div></div></div><div class="mb-1" id="job_list___sub_accordion_4"><div class="card"><a data-toggle="collapse" data-target="#job_list___sub_collapse_4_1" aria-expanded="false" aria-controls="job_list___sub_collapse_4_1" href="#" class="job_list___sub_multi_heading"><div role="alert" class="card-header alert-success" id="job_list___sub_heading_4_1"><button class="btn btn-outline-success"><span class="job_id">4 : Job ID 69aacca9f9824eeb933e0ee4d4c23147</span></button></div></a><div aria-labelledby="job_list___sub_heading_4_1" data-parent="#job_list___sub_accordion_4" class="collapse job_list___sub_multi_collapse" id="job_list___sub_collapse_4_1"><div class="card-body"><div class="work-item"><div class="alert alert-success test-outcome" role="alert"><p>worker outcome: normal</p><p>test outcome: killed</p></div></div><pre class="location"><a href="pycharm://open?file=graph1.py&amp;line=131" class="text-secondary"><button class="btn btn-outline-dark">graph1.py, start pos: (131, 45), end pos: (131, 46)</button></a></pre><pre>operator: core/ReplaceBinaryOperator_Add_Mul, occurrence: 1</pre><div class="alert alert-secondary"><pre class="diff">--- mutation diff ---
--- agraph1.py
+++ bgraph1.py
@@ -128,7 +128,7 @@
         self.adjacent = {}
     
     def __str__(self):
-        return str(self.val) + ' adjacent: ' + str([x for x in self.adjacent])
+        return str(self.val) + ' adjacent: ' * str([x for x in self.adjacent])
 
     def add_adjacent(self, node, weight=0):
         self.adjacent[node] = weight</pre></div><div class="alert alert-secondary"><pre class="diff">============================= test session starts ==============================
platform linux -- Python 3.10.12, pytest-8.3.3, pluggy-1.5.0
rootdir: /home/teste/python_experiments2/graph1
collected 8 items

ts-3-5/test_3-5_0-9_293.py .......F                                      [100%]

=========================== short test summary info ============================
FAILED ts-3-5/test_3-5_0-9_293.py::test_str - TypeError: can't multiply seque...
========================= 1 failed, 7 passed in 0.14s ==========================
</pre></div></div></div></div></div><div class="mb-1" id="job_list___sub_accordion_5"><div class="card"><a data-toggle="collapse" data-target="#job_list___sub_collapse_5_1" aria-expanded="false" aria-controls="job_list___sub_collapse_5_1" href="#" class="job_list___sub_multi_heading"><div role="alert" class="card-header alert-success" id="job_list___sub_heading_5_1"><button class="btn btn-outline-success"><span class="job_id">5 : Job ID 83f7df5828054710a2b8768ac91fe00e</span></button></div></a><div aria-labelledby="job_list___sub_heading_5_1" data-parent="#job_list___sub_accordion_5" class="collapse job_list___sub_multi_collapse" id="job_list___sub_collapse_5_1"><div class="card-body"><div class="work-item"><div class="alert alert-success test-outcome" role="alert"><p>worker outcome: normal</p><p>test outcome: killed</p></div></div><pre class="location"><a href="pycharm://open?file=graph1.py&amp;line=131" class="text-secondary"><button class="btn btn-outline-dark">graph1.py, start pos: (131, 29), end pos: (131, 30)</button></a></pre><pre>operator: core/ReplaceBinaryOperator_Add_Div, occurrence: 0</pre><div class="alert alert-secondary"><pre class="diff">--- mutation diff ---
--- agraph1.py
+++ bgraph1.py
@@ -128,7 +128,7 @@
         self.adjacent = {}
     
     def __str__(self):
-        return str(self.val) + ' adjacent: ' + str([x for x in self.adjacent])
+        return str(self.val) / ' adjacent: ' + str([x for x in self.adjacent])
 
     def add_adjacent(self, node, weight=0):
         self.adjacent[node] = weight</pre></div><div class="alert alert-secondary"><pre class="diff">============================= test session starts ==============================
platform linux -- Python 3.10.12, pytest-8.3.3, pluggy-1.5.0
rootdir: /home/teste/python_experiments2/graph1
collected 8 items

ts-3-5/test_3-5_0-9_293.py .......F                                      [100%]

=========================== short test summary info ============================
FAILED ts-3-5/test_3-5_0-9_293.py::test_str - TypeError: unsupported operand ...
========================= 1 failed, 7 passed in 0.15s ==========================
</pre></div></div></div></div></div><div class="mb-1" id="job_list___sub_accordion_6"><div class="card"><a data-toggle="collapse" data-target="#job_list___sub_collapse_6_1" aria-expanded="false" aria-controls="job_list___sub_collapse_6_1" href="#" class="job_list___sub_multi_heading"><div role="alert" class="card-header alert-success" id="job_list___sub_heading_6_1"><button class="btn btn-outline-success"><span class="job_id">6 : Job ID b2bcd56eb0094a23a2fffc0abbed071d</span></button></div></a><div aria-labelledby="job_list___sub_heading_6_1" data-parent="#job_list___sub_accordion_6" class="collapse job_list___sub_multi_collapse" id="job_list___sub_collapse_6_1"><div class="card-body"><div class="work-item"><div class="alert alert-success test-outcome" role="alert"><p>worker outcome: normal</p><p>test outcome: killed</p></div></div><pre class="location"><a href="pycharm://open?file=graph1.py&amp;line=131" class="text-secondary"><button class="btn btn-outline-dark">graph1.py, start pos: (131, 45), end pos: (131, 46)</button></a></pre><pre>operator: core/ReplaceBinaryOperator_Add_Div, occurrence: 1</pre><div class="alert alert-secondary"><pre class="diff">--- mutation diff ---
--- agraph1.py
+++ bgraph1.py
@@ -128,7 +128,7 @@
         self.adjacent = {}
     
     def __str__(self):
-        return str(self.val) + ' adjacent: ' + str([x for x in self.adjacent])
+        return str(self.val) + ' adjacent: ' / str([x for x in self.adjacent])
 
     def add_adjacent(self, node, weight=0):
         self.adjacent[node] = weight</pre></div><div class="alert alert-secondary"><pre class="diff">============================= test session starts ==============================
platform linux -- Python 3.10.12, pytest-8.3.3, pluggy-1.5.0
rootdir: /home/teste/python_experiments2/graph1
collected 8 items

ts-3-5/test_3-5_0-9_293.py .......F                                      [100%]

=========================== short test summary info ============================
FAILED ts-3-5/test_3-5_0-9_293.py::test_str - TypeError: unsupported operand ...
========================= 1 failed, 7 passed in 0.14s ==========================
</pre></div></div></div></div></div><div class="mb-1" id="job_list___sub_accordion_7"><div class="card"><a data-toggle="collapse" data-target="#job_list___sub_collapse_7_1" aria-expanded="false" aria-controls="job_list___sub_collapse_7_1" href="#" class="job_list___sub_multi_heading"><div role="alert" class="card-header alert-success" id="job_list___sub_heading_7_1"><button class="btn btn-outline-success"><span class="job_id">7 : Job ID 111056e4844240b7a7ee5fe550a0a1ad</span></button></div></a><div aria-labelledby="job_list___sub_heading_7_1" data-parent="#job_list___sub_accordion_7" class="collapse job_list___sub_multi_collapse" id="job_list___sub_collapse_7_1"><div class="card-body"><div class="work-item"><div class="alert alert-success test-outcome" role="alert"><p>worker outcome: normal</p><p>test outcome: killed</p></div></div><pre class="location"><a href="pycharm://open?file=graph1.py&amp;line=131" class="text-secondary"><button class="btn btn-outline-dark">graph1.py, start pos: (131, 29), end pos: (131, 30)</button></a></pre><pre>operator: core/ReplaceBinaryOperator_Add_FloorDiv, occurrence: 0</pre><div class="alert alert-secondary"><pre class="diff">--- mutation diff ---
--- agraph1.py
+++ bgraph1.py
@@ -128,7 +128,7 @@
         self.adjacent = {}
     
     def __str__(self):
-        return str(self.val) + ' adjacent: ' + str([x for x in self.adjacent])
+        return str(self.val) // ' adjacent: ' + str([x for x in self.adjacent])
 
     def add_adjacent(self, node, weight=0):
         self.adjacent[node] = weight</pre></div><div class="alert alert-secondary"><pre class="diff">============================= test session starts ==============================
platform linux -- Python 3.10.12, pytest-8.3.3, pluggy-1.5.0
rootdir: /home/teste/python_experiments2/graph1
collected 8 items

ts-3-5/test_3-5_0-9_293.py .......F                                      [100%]

=========================== short test summary info ============================
FAILED ts-3-5/test_3-5_0-9_293.py::test_str - TypeError: unsupported operand ...
========================= 1 failed, 7 passed in 0.14s ==========================
</pre></div></div></div></div></div><div class="mb-1" id="job_list___sub_accordion_8"><div class="card"><a data-toggle="collapse" data-target="#job_list___sub_collapse_8_1" aria-expanded="false" aria-controls="job_list___sub_collapse_8_1" href="#" class="job_list___sub_multi_heading"><div role="alert" class="card-header alert-success" id="job_list___sub_heading_8_1"><button class="btn btn-outline-success"><span class="job_id">8 : Job ID 50de03b9199a42cdabe90a29395f280f</span></button></div></a><div aria-labelledby="job_list___sub_heading_8_1" data-parent="#job_list___sub_accordion_8" class="collapse job_list___sub_multi_collapse" id="job_list___sub_collapse_8_1"><div class="card-body"><div class="work-item"><div class="alert alert-success test-outcome" role="alert"><p>worker outcome: normal</p><p>test outcome: killed</p></div></div><pre class="location"><a href="pycharm://open?file=graph1.py&amp;line=131" class="text-secondary"><button class="btn btn-outline-dark">graph1.py, start pos: (131, 45), end pos: (131, 46)</button></a></pre><pre>operator: core/ReplaceBinaryOperator_Add_FloorDiv, occurrence: 1</pre><div class="alert alert-secondary"><pre class="diff">--- mutation diff ---
--- agraph1.py
+++ bgraph1.py
@@ -128,7 +128,7 @@
         self.adjacent = {}
     
     def __str__(self):
-        return str(self.val) + ' adjacent: ' + str([x for x in self.adjacent])
+        return str(self.val) + ' adjacent: ' // str([x for x in self.adjacent])
 
     def add_adjacent(self, node, weight=0):
         self.adjacent[node] = weight</pre></div><div class="alert alert-secondary"><pre class="diff">============================= test session starts ==============================
platform linux -- Python 3.10.12, pytest-8.3.3, pluggy-1.5.0
rootdir: /home/teste/python_experiments2/graph1
collected 8 items

ts-3-5/test_3-5_0-9_293.py .......F                                      [100%]

=========================== short test summary info ============================
FAILED ts-3-5/test_3-5_0-9_293.py::test_str - TypeError: unsupported operand ...
========================= 1 failed, 7 passed in 0.14s ==========================
</pre></div></div></div></div></div><div class="mb-1" id="job_list___sub_accordion_9"><div class="card"><a data-toggle="collapse" data-target="#job_list___sub_collapse_9_1" aria-expanded="false" aria-controls="job_list___sub_collapse_9_1" href="#" class="job_list___sub_multi_heading"><div role="alert" class="card-header alert-success" id="job_list___sub_heading_9_1"><button class="btn btn-outline-success"><span class="job_id">9 : Job ID 220d673fbe904234872ecc085a2e54ee</span></button></div></a><div aria-labelledby="job_list___sub_heading_9_1" data-parent="#job_list___sub_accordion_9" class="collapse job_list___sub_multi_collapse" id="job_list___sub_collapse_9_1"><div class="card-body"><div class="work-item"><div class="alert alert-success test-outcome" role="alert"><p>worker outcome: normal</p><p>test outcome: killed</p></div></div><pre class="location"><a href="pycharm://open?file=graph1.py&amp;line=131" class="text-secondary"><button class="btn btn-outline-dark">graph1.py, start pos: (131, 29), end pos: (131, 30)</button></a></pre><pre>operator: core/ReplaceBinaryOperator_Add_Mod, occurrence: 0</pre><div class="alert alert-secondary"><pre class="diff">--- mutation diff ---
--- agraph1.py
+++ bgraph1.py
@@ -128,7 +128,7 @@
         self.adjacent = {}
     
     def __str__(self):
-        return str(self.val) + ' adjacent: ' + str([x for x in self.adjacent])
+        return str(self.val) % ' adjacent: ' + str([x for x in self.adjacent])
 
     def add_adjacent(self, node, weight=0):
         self.adjacent[node] = weight</pre></div><div class="alert alert-secondary"><pre class="diff">============================= test session starts ==============================
platform linux -- Python 3.10.12, pytest-8.3.3, pluggy-1.5.0
rootdir: /home/teste/python_experiments2/graph1
collected 8 items

ts-3-5/test_3-5_0-9_293.py .......F                                      [100%]

=========================== short test summary info ============================
FAILED ts-3-5/test_3-5_0-9_293.py::test_str - TypeError: not all arguments co...
========================= 1 failed, 7 passed in 0.14s ==========================
</pre></div></div></div></div></div><div class="mb-1" id="job_list___sub_accordion_10"><div class="card"><a data-toggle="collapse" data-target="#job_list___sub_collapse_10_1" aria-expanded="false" aria-controls="job_list___sub_collapse_10_1" href="#" class="job_list___sub_multi_heading"><div role="alert" class="card-header alert-success" id="job_list___sub_heading_10_1"><button class="btn btn-outline-success"><span class="job_id">10 : Job ID cecef6350fdb4b0f8a93f814d9104c88</span></button></div></a><div aria-labelledby="job_list___sub_heading_10_1" data-parent="#job_list___sub_accordion_10" class="collapse job_list___sub_multi_collapse" id="job_list___sub_collapse_10_1"><div class="card-body"><div class="work-item"><div class="alert alert-success test-outcome" role="alert"><p>worker outcome: normal</p><p>test outcome: killed</p></div></div><pre class="location"><a href="pycharm://open?file=graph1.py&amp;line=131" class="text-secondary"><button class="btn btn-outline-dark">graph1.py, start pos: (131, 45), end pos: (131, 46)</button></a></pre><pre>operator: core/ReplaceBinaryOperator_Add_Mod, occurrence: 1</pre><div class="alert alert-secondary"><pre class="diff">--- mutation diff ---
--- agraph1.py
+++ bgraph1.py
@@ -128,7 +128,7 @@
         self.adjacent = {}
     
     def __str__(self):
-        return str(self.val) + ' adjacent: ' + str([x for x in self.adjacent])
+        return str(self.val) + ' adjacent: ' % str([x for x in self.adjacent])
 
     def add_adjacent(self, node, weight=0):
         self.adjacent[node] = weight</pre></div><div class="alert alert-secondary"><pre class="diff">============================= test session starts ==============================
platform linux -- Python 3.10.12, pytest-8.3.3, pluggy-1.5.0
rootdir: /home/teste/python_experiments2/graph1
collected 8 items

ts-3-5/test_3-5_0-9_293.py .......F                                      [100%]

=========================== short test summary info ============================
FAILED ts-3-5/test_3-5_0-9_293.py::test_str - TypeError: not all arguments co...
========================= 1 failed, 7 passed in 0.15s ==========================
</pre></div></div></div></div></div><div class="mb-1" id="job_list___sub_accordion_11"><div class="card"><a data-toggle="collapse" data-target="#job_list___sub_collapse_11_1" aria-expanded="false" aria-controls="job_list___sub_collapse_11_1" href="#" class="job_list___sub_multi_heading"><div role="alert" class="card-header alert-success" id="job_list___sub_heading_11_1"><button class="btn btn-outline-success"><span class="job_id">11 : Job ID 8c311d808f2748b4bee07bdfe6a5d96d</span></button></div></a><div aria-labelledby="job_list___sub_heading_11_1" data-parent="#job_list___sub_accordion_11" class="collapse job_list___sub_multi_collapse" id="job_list___sub_collapse_11_1"><div class="card-body"><div class="work-item"><div class="alert alert-success test-outcome" role="alert"><p>worker outcome: normal</p><p>test outcome: killed</p></div></div><pre class="location"><a href="pycharm://open?file=graph1.py&amp;line=131" class="text-secondary"><button class="btn btn-outline-dark">graph1.py, start pos: (131, 29), end pos: (131, 30)</button></a></pre><pre>operator: core/ReplaceBinaryOperator_Add_Pow, occurrence: 0</pre><div class="alert alert-secondary"><pre class="diff">--- mutation diff ---
--- agraph1.py
+++ bgraph1.py
@@ -128,7 +128,7 @@
         self.adjacent = {}
     
     def __str__(self):
-        return str(self.val) + ' adjacent: ' + str([x for x in self.adjacent])
+        return str(self.val) ** ' adjacent: ' + str([x for x in self.adjacent])
 
     def add_adjacent(self, node, weight=0):
         self.adjacent[node] = weight</pre></div><div class="alert alert-secondary"><pre class="diff">============================= test session starts ==============================
platform linux -- Python 3.10.12, pytest-8.3.3, pluggy-1.5.0
rootdir: /home/teste/python_experiments2/graph1
collected 8 items

ts-3-5/test_3-5_0-9_293.py .......F                                      [100%]

=========================== short test summary info ============================
FAILED ts-3-5/test_3-5_0-9_293.py::test_str - TypeError: unsupported operand ...
========================= 1 failed, 7 passed in 0.14s ==========================
</pre></div></div></div></div></div><div class="mb-1" id="job_list___sub_accordion_12"><div class="card"><a data-toggle="collapse" data-target="#job_list___sub_collapse_12_1" aria-expanded="false" aria-controls="job_list___sub_collapse_12_1" href="#" class="job_list___sub_multi_heading"><div role="alert" class="card-header alert-success" id="job_list___sub_heading_12_1"><button class="btn btn-outline-success"><span class="job_id">12 : Job ID 25e2ae01596c4e8ca2a0a2262a4485a4</span></button></div></a><div aria-labelledby="job_list___sub_heading_12_1" data-parent="#job_list___sub_accordion_12" class="collapse job_list___sub_multi_collapse" id="job_list___sub_collapse_12_1"><div class="card-body"><div class="work-item"><div class="alert alert-success test-outcome" role="alert"><p>worker outcome: normal</p><p>test outcome: killed</p></div></div><pre class="location"><a href="pycharm://open?file=graph1.py&amp;line=131" class="text-secondary"><button class="btn btn-outline-dark">graph1.py, start pos: (131, 45), end pos: (131, 46)</button></a></pre><pre>operator: core/ReplaceBinaryOperator_Add_Pow, occurrence: 1</pre><div class="alert alert-secondary"><pre class="diff">--- mutation diff ---
--- agraph1.py
+++ bgraph1.py
@@ -128,7 +128,7 @@
         self.adjacent = {}
     
     def __str__(self):
-        return str(self.val) + ' adjacent: ' + str([x for x in self.adjacent])
+        return str(self.val) + ' adjacent: ' ** str([x for x in self.adjacent])
 
     def add_adjacent(self, node, weight=0):
         self.adjacent[node] = weight</pre></div><div class="alert alert-secondary"><pre class="diff">============================= test session starts ==============================
platform linux -- Python 3.10.12, pytest-8.3.3, pluggy-1.5.0
rootdir: /home/teste/python_experiments2/graph1
collected 8 items

ts-3-5/test_3-5_0-9_293.py .......F                                      [100%]

=========================== short test summary info ============================
FAILED ts-3-5/test_3-5_0-9_293.py::test_str - TypeError: unsupported operand ...
========================= 1 failed, 7 passed in 0.14s ==========================
</pre></div></div></div></div></div><div class="mb-1" id="job_list___sub_accordion_13"><div class="card"><a data-toggle="collapse" data-target="#job_list___sub_collapse_13_1" aria-expanded="false" aria-controls="job_list___sub_collapse_13_1" href="#" class="job_list___sub_multi_heading"><div role="alert" class="card-header alert-success" id="job_list___sub_heading_13_1"><button class="btn btn-outline-success"><span class="job_id">13 : Job ID 9a8419eecec240b08a181aa68058ef5c</span></button></div></a><div aria-labelledby="job_list___sub_heading_13_1" data-parent="#job_list___sub_accordion_13" class="collapse job_list___sub_multi_collapse" id="job_list___sub_collapse_13_1"><div class="card-body"><div class="work-item"><div class="alert alert-success test-outcome" role="alert"><p>worker outcome: normal</p><p>test outcome: killed</p></div></div><pre class="location"><a href="pycharm://open?file=graph1.py&amp;line=131" class="text-secondary"><button class="btn btn-outline-dark">graph1.py, start pos: (131, 29), end pos: (131, 30)</button></a></pre><pre>operator: core/ReplaceBinaryOperator_Add_RShift, occurrence: 0</pre><div class="alert alert-secondary"><pre class="diff">--- mutation diff ---
--- agraph1.py
+++ bgraph1.py
@@ -128,7 +128,7 @@
         self.adjacent = {}
     
     def __str__(self):
-        return str(self.val) + ' adjacent: ' + str([x for x in self.adjacent])
+        return str(self.val) &gt;&gt; ' adjacent: ' + str([x for x in self.adjacent])
 
     def add_adjacent(self, node, weight=0):
         self.adjacent[node] = weight</pre></div><div class="alert alert-secondary"><pre class="diff">============================= test session starts ==============================
platform linux -- Python 3.10.12, pytest-8.3.3, pluggy-1.5.0
rootdir: /home/teste/python_experiments2/graph1
collected 8 items

ts-3-5/test_3-5_0-9_293.py .......F                                      [100%]

=========================== short test summary info ============================
FAILED ts-3-5/test_3-5_0-9_293.py::test_str - TypeError: unsupported operand ...
========================= 1 failed, 7 passed in 0.14s ==========================
</pre></div></div></div></div></div><div class="mb-1" id="job_list___sub_accordion_14"><div class="card"><a data-toggle="collapse" data-target="#job_list___sub_collapse_14_1" aria-expanded="false" aria-controls="job_list___sub_collapse_14_1" href="#" class="job_list___sub_multi_heading"><div role="alert" class="card-header alert-success" id="job_list___sub_heading_14_1"><button class="btn btn-outline-success"><span class="job_id">14 : Job ID 6296eb982bd046a4b7f44a2351489070</span></button></div></a><div aria-labelledby="job_list___sub_heading_14_1" data-parent="#job_list___sub_accordion_14" class="collapse job_list___sub_multi_collapse" id="job_list___sub_collapse_14_1"><div class="card-body"><div class="work-item"><div class="alert alert-success test-outcome" role="alert"><p>worker outcome: normal</p><p>test outcome: killed</p></div></div><pre class="location"><a href="pycharm://open?file=graph1.py&amp;line=131" class="text-secondary"><button class="btn btn-outline-dark">graph1.py, start pos: (131, 45), end pos: (131, 46)</button></a></pre><pre>operator: core/ReplaceBinaryOperator_Add_RShift, occurrence: 1</pre><div class="alert alert-secondary"><pre class="diff">--- mutation diff ---
--- agraph1.py
+++ bgraph1.py
@@ -128,7 +128,7 @@
         self.adjacent = {}
     
     def __str__(self):
-        return str(self.val) + ' adjacent: ' + str([x for x in self.adjacent])
+        return str(self.val) + ' adjacent: ' &gt;&gt; str([x for x in self.adjacent])
 
     def add_adjacent(self, node, weight=0):
         self.adjacent[node] = weight</pre></div><div class="alert alert-secondary"><pre class="diff">============================= test session starts ==============================
platform linux -- Python 3.10.12, pytest-8.3.3, pluggy-1.5.0
rootdir: /home/teste/python_experiments2/graph1
collected 8 items

ts-3-5/test_3-5_0-9_293.py .......F                                      [100%]

=========================== short test summary info ============================
FAILED ts-3-5/test_3-5_0-9_293.py::test_str - TypeError: unsupported operand ...
========================= 1 failed, 7 passed in 0.14s ==========================
</pre></div></div></div></div></div><div class="mb-1" id="job_list___sub_accordion_15"><div class="card"><a data-toggle="collapse" data-target="#job_list___sub_collapse_15_1" aria-expanded="false" aria-controls="job_list___sub_collapse_15_1" href="#" class="job_list___sub_multi_heading"><div role="alert" class="card-header alert-success" id="job_list___sub_heading_15_1"><button class="btn btn-outline-success"><span class="job_id">15 : Job ID f98a1e2d25ab480c9ff9dcb9c29dfe07</span></button></div></a><div aria-labelledby="job_list___sub_heading_15_1" data-parent="#job_list___sub_accordion_15" class="collapse job_list___sub_multi_collapse" id="job_list___sub_collapse_15_1"><div class="card-body"><div class="work-item"><div class="alert alert-success test-outcome" role="alert"><p>worker outcome: normal</p><p>test outcome: killed</p></div></div><pre class="location"><a href="pycharm://open?file=graph1.py&amp;line=131" class="text-secondary"><button class="btn btn-outline-dark">graph1.py, start pos: (131, 29), end pos: (131, 30)</button></a></pre><pre>operator: core/ReplaceBinaryOperator_Add_LShift, occurrence: 0</pre><div class="alert alert-secondary"><pre class="diff">--- mutation diff ---
--- agraph1.py
+++ bgraph1.py
@@ -128,7 +128,7 @@
         self.adjacent = {}
     
     def __str__(self):
-        return str(self.val) + ' adjacent: ' + str([x for x in self.adjacent])
+        return str(self.val) &lt;&lt; ' adjacent: ' + str([x for x in self.adjacent])
 
     def add_adjacent(self, node, weight=0):
         self.adjacent[node] = weight</pre></div><div class="alert alert-secondary"><pre class="diff">============================= test session starts ==============================
platform linux -- Python 3.10.12, pytest-8.3.3, pluggy-1.5.0
rootdir: /home/teste/python_experiments2/graph1
collected 8 items

ts-3-5/test_3-5_0-9_293.py .......F                                      [100%]

=========================== short test summary info ============================
FAILED ts-3-5/test_3-5_0-9_293.py::test_str - TypeError: unsupported operand ...
========================= 1 failed, 7 passed in 0.14s ==========================
</pre></div></div></div></div></div><div class="mb-1" id="job_list___sub_accordion_16"><div class="card"><a data-toggle="collapse" data-target="#job_list___sub_collapse_16_1" aria-expanded="false" aria-controls="job_list___sub_collapse_16_1" href="#" class="job_list___sub_multi_heading"><div role="alert" class="card-header alert-success" id="job_list___sub_heading_16_1"><button class="btn btn-outline-success"><span class="job_id">16 : Job ID 3a9db6080f434fdda271d0932b66dd0c</span></button></div></a><div aria-labelledby="job_list___sub_heading_16_1" data-parent="#job_list___sub_accordion_16" class="collapse job_list___sub_multi_collapse" id="job_list___sub_collapse_16_1"><div class="card-body"><div class="work-item"><div class="alert alert-success test-outcome" role="alert"><p>worker outcome: normal</p><p>test outcome: killed</p></div></div><pre class="location"><a href="pycharm://open?file=graph1.py&amp;line=131" class="text-secondary"><button class="btn btn-outline-dark">graph1.py, start pos: (131, 45), end pos: (131, 46)</button></a></pre><pre>operator: core/ReplaceBinaryOperator_Add_LShift, occurrence: 1</pre><div class="alert alert-secondary"><pre class="diff">--- mutation diff ---
--- agraph1.py
+++ bgraph1.py
@@ -128,7 +128,7 @@
         self.adjacent = {}
     
     def __str__(self):
-        return str(self.val) + ' adjacent: ' + str([x for x in self.adjacent])
+        return str(self.val) + ' adjacent: ' &lt;&lt; str([x for x in self.adjacent])
 
     def add_adjacent(self, node, weight=0):
         self.adjacent[node] = weight</pre></div><div class="alert alert-secondary"><pre class="diff">============================= test session starts ==============================
platform linux -- Python 3.10.12, pytest-8.3.3, pluggy-1.5.0
rootdir: /home/teste/python_experiments2/graph1
collected 8 items

ts-3-5/test_3-5_0-9_293.py .......F                                      [100%]

=========================== short test summary info ============================
FAILED ts-3-5/test_3-5_0-9_293.py::test_str - TypeError: unsupported operand ...
========================= 1 failed, 7 passed in 0.14s ==========================
</pre></div></div></div></div></div><div class="mb-1" id="job_list___sub_accordion_17"><div class="card"><a data-toggle="collapse" data-target="#job_list___sub_collapse_17_1" aria-expanded="false" aria-controls="job_list___sub_collapse_17_1" href="#" class="job_list___sub_multi_heading"><div role="alert" class="card-header alert-success" id="job_list___sub_heading_17_1"><button class="btn btn-outline-success"><span class="job_id">17 : Job ID 7cea7ece9f064caa96534011d657f2b9</span></button></div></a><div aria-labelledby="job_list___sub_heading_17_1" data-parent="#job_list___sub_accordion_17" class="collapse job_list___sub_multi_collapse" id="job_list___sub_collapse_17_1"><div class="card-body"><div class="work-item"><div class="alert alert-success test-outcome" role="alert"><p>worker outcome: normal</p><p>test outcome: killed</p></div></div><pre class="location"><a href="pycharm://open?file=graph1.py&amp;line=131" class="text-secondary"><button class="btn btn-outline-dark">graph1.py, start pos: (131, 29), end pos: (131, 30)</button></a></pre><pre>operator: core/ReplaceBinaryOperator_Add_BitOr, occurrence: 0</pre><div class="alert alert-secondary"><pre class="diff">--- mutation diff ---
--- agraph1.py
+++ bgraph1.py
@@ -128,7 +128,7 @@
         self.adjacent = {}
     
     def __str__(self):
-        return str(self.val) + ' adjacent: ' + str([x for x in self.adjacent])
+        return str(self.val) | ' adjacent: ' + str([x for x in self.adjacent])
 
     def add_adjacent(self, node, weight=0):
         self.adjacent[node] = weight</pre></div><div class="alert alert-secondary"><pre class="diff">============================= test session starts ==============================
platform linux -- Python 3.10.12, pytest-8.3.3, pluggy-1.5.0
rootdir: /home/teste/python_experiments2/graph1
collected 8 items

ts-3-5/test_3-5_0-9_293.py .......F                                      [100%]

=========================== short test summary info ============================
FAILED ts-3-5/test_3-5_0-9_293.py::test_str - TypeError: unsupported operand ...
========================= 1 failed, 7 passed in 0.13s ==========================
</pre></div></div></div></div></div><div class="mb-1" id="job_list___sub_accordion_18"><div class="card"><a data-toggle="collapse" data-target="#job_list___sub_collapse_18_1" aria-expanded="false" aria-controls="job_list___sub_collapse_18_1" href="#" class="job_list___sub_multi_heading"><div role="alert" class="card-header alert-success" id="job_list___sub_heading_18_1"><button class="btn btn-outline-success"><span class="job_id">18 : Job ID 4c0cd5f0b5694acbbad8da4a866ea87a</span></button></div></a><div aria-labelledby="job_list___sub_heading_18_1" data-parent="#job_list___sub_accordion_18" class="collapse job_list___sub_multi_collapse" id="job_list___sub_collapse_18_1"><div class="card-body"><div class="work-item"><div class="alert alert-success test-outcome" role="alert"><p>worker outcome: normal</p><p>test outcome: killed</p></div></div><pre class="location"><a href="pycharm://open?file=graph1.py&amp;line=131" class="text-secondary"><button class="btn btn-outline-dark">graph1.py, start pos: (131, 45), end pos: (131, 46)</button></a></pre><pre>operator: core/ReplaceBinaryOperator_Add_BitOr, occurrence: 1</pre><div class="alert alert-secondary"><pre class="diff">--- mutation diff ---
--- agraph1.py
+++ bgraph1.py
@@ -128,7 +128,7 @@
         self.adjacent = {}
     
     def __str__(self):
-        return str(self.val) + ' adjacent: ' + str([x for x in self.adjacent])
+        return str(self.val) + ' adjacent: ' | str([x for x in self.adjacent])
 
     def add_adjacent(self, node, weight=0):
         self.adjacent[node] = weight</pre></div><div class="alert alert-secondary"><pre class="diff">============================= test session starts ==============================
platform linux -- Python 3.10.12, pytest-8.3.3, pluggy-1.5.0
rootdir: /home/teste/python_experiments2/graph1
collected 8 items

ts-3-5/test_3-5_0-9_293.py .......F                                      [100%]

=========================== short test summary info ============================
FAILED ts-3-5/test_3-5_0-9_293.py::test_str - TypeError: unsupported operand ...
========================= 1 failed, 7 passed in 0.14s ==========================
</pre></div></div></div></div></div><div class="mb-1" id="job_list___sub_accordion_19"><div class="card"><a data-toggle="collapse" data-target="#job_list___sub_collapse_19_1" aria-expanded="false" aria-controls="job_list___sub_collapse_19_1" href="#" class="job_list___sub_multi_heading"><div role="alert" class="card-header alert-success" id="job_list___sub_heading_19_1"><button class="btn btn-outline-success"><span class="job_id">19 : Job ID 35a5b6773d9a4245beb9e9b0f6b0f97c</span></button></div></a><div aria-labelledby="job_list___sub_heading_19_1" data-parent="#job_list___sub_accordion_19" class="collapse job_list___sub_multi_collapse" id="job_list___sub_collapse_19_1"><div class="card-body"><div class="work-item"><div class="alert alert-success test-outcome" role="alert"><p>worker outcome: normal</p><p>test outcome: killed</p></div></div><pre class="location"><a href="pycharm://open?file=graph1.py&amp;line=131" class="text-secondary"><button class="btn btn-outline-dark">graph1.py, start pos: (131, 29), end pos: (131, 30)</button></a></pre><pre>operator: core/ReplaceBinaryOperator_Add_BitAnd, occurrence: 0</pre><div class="alert alert-secondary"><pre class="diff">--- mutation diff ---
--- agraph1.py
+++ bgraph1.py
@@ -128,7 +128,7 @@
         self.adjacent = {}
     
     def __str__(self):
-        return str(self.val) + ' adjacent: ' + str([x for x in self.adjacent])
+        return str(self.val) &amp; ' adjacent: ' + str([x for x in self.adjacent])
 
     def add_adjacent(self, node, weight=0):
         self.adjacent[node] = weight</pre></div><div class="alert alert-secondary"><pre class="diff">============================= test session starts ==============================
platform linux -- Python 3.10.12, pytest-8.3.3, pluggy-1.5.0
rootdir: /home/teste/python_experiments2/graph1
collected 8 items

ts-3-5/test_3-5_0-9_293.py .......F                                      [100%]

=========================== short test summary info ============================
FAILED ts-3-5/test_3-5_0-9_293.py::test_str - TypeError: unsupported operand ...
========================= 1 failed, 7 passed in 0.13s ==========================
</pre></div></div></div></div></div><div class="mb-1" id="job_list___sub_accordion_20"><div class="card"><a data-toggle="collapse" data-target="#job_list___sub_collapse_20_1" aria-expanded="false" aria-controls="job_list___sub_collapse_20_1" href="#" class="job_list___sub_multi_heading"><div role="alert" class="card-header alert-success" id="job_list___sub_heading_20_1"><button class="btn btn-outline-success"><span class="job_id">20 : Job ID 9ed1339a273746a287183ed0eb6abec2</span></button></div></a><div aria-labelledby="job_list___sub_heading_20_1" data-parent="#job_list___sub_accordion_20" class="collapse job_list___sub_multi_collapse" id="job_list___sub_collapse_20_1"><div class="card-body"><div class="work-item"><div class="alert alert-success test-outcome" role="alert"><p>worker outcome: normal</p><p>test outcome: killed</p></div></div><pre class="location"><a href="pycharm://open?file=graph1.py&amp;line=131" class="text-secondary"><button class="btn btn-outline-dark">graph1.py, start pos: (131, 45), end pos: (131, 46)</button></a></pre><pre>operator: core/ReplaceBinaryOperator_Add_BitAnd, occurrence: 1</pre><div class="alert alert-secondary"><pre class="diff">--- mutation diff ---
--- agraph1.py
+++ bgraph1.py
@@ -128,7 +128,7 @@
         self.adjacent = {}
     
     def __str__(self):
-        return str(self.val) + ' adjacent: ' + str([x for x in self.adjacent])
+        return str(self.val) + ' adjacent: ' &amp; str([x for x in self.adjacent])
 
     def add_adjacent(self, node, weight=0):
         self.adjacent[node] = weight</pre></div><div class="alert alert-secondary"><pre class="diff">============================= test session starts ==============================
platform linux -- Python 3.10.12, pytest-8.3.3, pluggy-1.5.0
rootdir: /home/teste/python_experiments2/graph1
collected 8 items

ts-3-5/test_3-5_0-9_293.py .......F                                      [100%]

=========================== short test summary info ============================
FAILED ts-3-5/test_3-5_0-9_293.py::test_str - TypeError: unsupported operand ...
========================= 1 failed, 7 passed in 0.14s ==========================
</pre></div></div></div></div></div><div class="mb-1" id="job_list___sub_accordion_21"><div class="card"><a data-toggle="collapse" data-target="#job_list___sub_collapse_21_1" aria-expanded="false" aria-controls="job_list___sub_collapse_21_1" href="#" class="job_list___sub_multi_heading"><div role="alert" class="card-header alert-success" id="job_list___sub_heading_21_1"><button class="btn btn-outline-success"><span class="job_id">21 : Job ID 9e8af9c5aee841c59adc3f03129e8ab0</span></button></div></a><div aria-labelledby="job_list___sub_heading_21_1" data-parent="#job_list___sub_accordion_21" class="collapse job_list___sub_multi_collapse" id="job_list___sub_collapse_21_1"><div class="card-body"><div class="work-item"><div class="alert alert-success test-outcome" role="alert"><p>worker outcome: normal</p><p>test outcome: killed</p></div></div><pre class="location"><a href="pycharm://open?file=graph1.py&amp;line=131" class="text-secondary"><button class="btn btn-outline-dark">graph1.py, start pos: (131, 29), end pos: (131, 30)</button></a></pre><pre>operator: core/ReplaceBinaryOperator_Add_BitXor, occurrence: 0</pre><div class="alert alert-secondary"><pre class="diff">--- mutation diff ---
--- agraph1.py
+++ bgraph1.py
@@ -128,7 +128,7 @@
         self.adjacent = {}
     
     def __str__(self):
-        return str(self.val) + ' adjacent: ' + str([x for x in self.adjacent])
+        return str(self.val) ^ ' adjacent: ' + str([x for x in self.adjacent])
 
     def add_adjacent(self, node, weight=0):
         self.adjacent[node] = weight</pre></div><div class="alert alert-secondary"><pre class="diff">============================= test session starts ==============================
platform linux -- Python 3.10.12, pytest-8.3.3, pluggy-1.5.0
rootdir: /home/teste/python_experiments2/graph1
collected 8 items

ts-3-5/test_3-5_0-9_293.py .......F                                      [100%]

=========================== short test summary info ============================
FAILED ts-3-5/test_3-5_0-9_293.py::test_str - TypeError: unsupported operand ...
========================= 1 failed, 7 passed in 0.14s ==========================
</pre></div></div></div></div></div><div class="mb-1" id="job_list___sub_accordion_22"><div class="card"><a data-toggle="collapse" data-target="#job_list___sub_collapse_22_1" aria-expanded="false" aria-controls="job_list___sub_collapse_22_1" href="#" class="job_list___sub_multi_heading"><div role="alert" class="card-header alert-success" id="job_list___sub_heading_22_1"><button class="btn btn-outline-success"><span class="job_id">22 : Job ID d0dcdffb2691459e9aeafdf13da75688</span></button></div></a><div aria-labelledby="job_list___sub_heading_22_1" data-parent="#job_list___sub_accordion_22" class="collapse job_list___sub_multi_collapse" id="job_list___sub_collapse_22_1"><div class="card-body"><div class="work-item"><div class="alert alert-success test-outcome" role="alert"><p>worker outcome: normal</p><p>test outcome: killed</p></div></div><pre class="location"><a href="pycharm://open?file=graph1.py&amp;line=131" class="text-secondary"><button class="btn btn-outline-dark">graph1.py, start pos: (131, 45), end pos: (131, 46)</button></a></pre><pre>operator: core/ReplaceBinaryOperator_Add_BitXor, occurrence: 1</pre><div class="alert alert-secondary"><pre class="diff">--- mutation diff ---
--- agraph1.py
+++ bgraph1.py
@@ -128,7 +128,7 @@
         self.adjacent = {}
     
     def __str__(self):
-        return str(self.val) + ' adjacent: ' + str([x for x in self.adjacent])
+        return str(self.val) + ' adjacent: ' ^ str([x for x in self.adjacent])
 
     def add_adjacent(self, node, weight=0):
         self.adjacent[node] = weight</pre></div><div class="alert alert-secondary"><pre class="diff">============================= test session starts ==============================
platform linux -- Python 3.10.12, pytest-8.3.3, pluggy-1.5.0
rootdir: /home/teste/python_experiments2/graph1
collected 8 items

ts-3-5/test_3-5_0-9_293.py .......F                                      [100%]

=========================== short test summary info ============================
FAILED ts-3-5/test_3-5_0-9_293.py::test_str - TypeError: unsupported operand ...
========================= 1 failed, 7 passed in 0.13s ==========================
</pre></div></div></div></div></div><div class="mb-1" id="job_list___sub_accordion_23"><div class="card"><a data-toggle="collapse" data-target="#job_list___sub_collapse_23_1" aria-expanded="false" aria-controls="job_list___sub_collapse_23_1" href="#" class="job_list___sub_multi_heading"><div role="alert" class="card-header alert-success" id="job_list___sub_heading_23_1"><button class="btn btn-outline-success"><span class="job_id">23 : Job ID 74d76b37dd94419081b667dc981a6634</span></button></div></a><div aria-labelledby="job_list___sub_heading_23_1" data-parent="#job_list___sub_accordion_23" class="collapse job_list___sub_multi_collapse" id="job_list___sub_collapse_23_1"><div class="card-body"><div class="work-item"><div class="alert alert-success test-outcome" role="alert"><p>worker outcome: normal</p><p>test outcome: killed</p></div></div><pre class="location"><a href="pycharm://open?file=graph1.py&amp;line=57" class="text-secondary"><button class="btn btn-outline-dark">graph1.py, start pos: (57, 22), end pos: (57, 23)</button></a></pre><pre>operator: core/ReplaceBinaryOperator_Mul_Add, occurrence: 0</pre><div class="alert alert-secondary"><pre class="diff">--- mutation diff ---
--- agraph1.py
+++ bgraph1.py
@@ -54,7 +54,7 @@
 
         """
 
-        visited = [0] * self.verticies
+        visited = [0] + self.verticies
 
         def valid(node):
             # print(visited, node)</pre></div><div class="alert alert-secondary"><pre class="diff">============================= test session starts ==============================
platform linux -- Python 3.10.12, pytest-8.3.3, pluggy-1.5.0
rootdir: /home/teste/python_experiments2/graph1
collected 8 items

ts-3-5/test_3-5_0-9_293.py .FF.....                                      [100%]

=========================== short test summary info ============================
FAILED ts-3-5/test_3-5_0-9_293.py::test_has_cycle_no_cycle - TypeError: can o...
FAILED ts-3-5/test_3-5_0-9_293.py::test_has_cycle_with_cycle - TypeError: can...
========================= 2 failed, 6 passed in 0.13s ==========================
</pre></div></div></div></div></div><div class="mb-1" id="job_list___sub_accordion_24"><div class="card"><a data-toggle="collapse" data-target="#job_list___sub_collapse_24_1" aria-expanded="false" aria-controls="job_list___sub_collapse_24_1" href="#" class="job_list___sub_multi_heading"><div role="alert" class="card-header alert-success" id="job_list___sub_heading_24_1"><button class="btn btn-outline-success"><span class="job_id">24 : Job ID b3f8b7cbc4a241bc98446eb76ae7b5bc</span></button></div></a><div aria-labelledby="job_list___sub_heading_24_1" data-parent="#job_list___sub_accordion_24" class="collapse job_list___sub_multi_collapse" id="job_list___sub_collapse_24_1"><div class="card-body"><div class="work-item"><div class="alert alert-success test-outcome" role="alert"><p>worker outcome: normal</p><p>test outcome: killed</p></div></div><pre class="location"><a href="pycharm://open?file=graph1.py&amp;line=57" class="text-secondary"><button class="btn btn-outline-dark">graph1.py, start pos: (57, 22), end pos: (57, 23)</button></a></pre><pre>operator: core/ReplaceBinaryOperator_Mul_Sub, occurrence: 0</pre><div class="alert alert-secondary"><pre class="diff">--- mutation diff ---
--- agraph1.py
+++ bgraph1.py
@@ -54,7 +54,7 @@
 
         """
 
-        visited = [0] * self.verticies
+        visited = [0] - self.verticies
 
         def valid(node):
             # print(visited, node)</pre></div><div class="alert alert-secondary"><pre class="diff">============================= test session starts ==============================
platform linux -- Python 3.10.12, pytest-8.3.3, pluggy-1.5.0
rootdir: /home/teste/python_experiments2/graph1
collected 8 items

ts-3-5/test_3-5_0-9_293.py .FF.....                                      [100%]

=========================== short test summary info ============================
FAILED ts-3-5/test_3-5_0-9_293.py::test_has_cycle_no_cycle - TypeError: unsup...
FAILED ts-3-5/test_3-5_0-9_293.py::test_has_cycle_with_cycle - TypeError: uns...
========================= 2 failed, 6 passed in 0.14s ==========================
</pre></div></div></div></div></div><div class="mb-1" id="job_list___sub_accordion_25"><div class="card"><a data-toggle="collapse" data-target="#job_list___sub_collapse_25_1" aria-expanded="false" aria-controls="job_list___sub_collapse_25_1" href="#" class="job_list___sub_multi_heading"><div role="alert" class="card-header alert-success" id="job_list___sub_heading_25_1"><button class="btn btn-outline-success"><span class="job_id">25 : Job ID 075e3f9d71304b3a862fdcbc777a0a5d</span></button></div></a><div aria-labelledby="job_list___sub_heading_25_1" data-parent="#job_list___sub_accordion_25" class="collapse job_list___sub_multi_collapse" id="job_list___sub_collapse_25_1"><div class="card-body"><div class="work-item"><div class="alert alert-success test-outcome" role="alert"><p>worker outcome: normal</p><p>test outcome: killed</p></div></div><pre class="location"><a href="pycharm://open?file=graph1.py&amp;line=57" class="text-secondary"><button class="btn btn-outline-dark">graph1.py, start pos: (57, 22), end pos: (57, 23)</button></a></pre><pre>operator: core/ReplaceBinaryOperator_Mul_Div, occurrence: 0</pre><div class="alert alert-secondary"><pre class="diff">--- mutation diff ---
--- agraph1.py
+++ bgraph1.py
@@ -54,7 +54,7 @@
 
         """
 
-        visited = [0] * self.verticies
+        visited = [0] / self.verticies
 
         def valid(node):
             # print(visited, node)</pre></div><div class="alert alert-secondary"><pre class="diff">============================= test session starts ==============================
platform linux -- Python 3.10.12, pytest-8.3.3, pluggy-1.5.0
rootdir: /home/teste/python_experiments2/graph1
collected 8 items

ts-3-5/test_3-5_0-9_293.py .FF.....                                      [100%]

=========================== short test summary info ============================
FAILED ts-3-5/test_3-5_0-9_293.py::test_has_cycle_no_cycle - TypeError: unsup...
FAILED ts-3-5/test_3-5_0-9_293.py::test_has_cycle_with_cycle - TypeError: uns...
========================= 2 failed, 6 passed in 0.14s ==========================
</pre></div></div></div></div></div><div class="mb-1" id="job_list___sub_accordion_26"><div class="card"><a data-toggle="collapse" data-target="#job_list___sub_collapse_26_1" aria-expanded="false" aria-controls="job_list___sub_collapse_26_1" href="#" class="job_list___sub_multi_heading"><div role="alert" class="card-header alert-success" id="job_list___sub_heading_26_1"><button class="btn btn-outline-success"><span class="job_id">26 : Job ID f88c532108614bf7ba0da0cf59ad4b0c</span></button></div></a><div aria-labelledby="job_list___sub_heading_26_1" data-parent="#job_list___sub_accordion_26" class="collapse job_list___sub_multi_collapse" id="job_list___sub_collapse_26_1"><div class="card-body"><div class="work-item"><div class="alert alert-success test-outcome" role="alert"><p>worker outcome: normal</p><p>test outcome: killed</p></div></div><pre class="location"><a href="pycharm://open?file=graph1.py&amp;line=57" class="text-secondary"><button class="btn btn-outline-dark">graph1.py, start pos: (57, 22), end pos: (57, 23)</button></a></pre><pre>operator: core/ReplaceBinaryOperator_Mul_FloorDiv, occurrence: 0</pre><div class="alert alert-secondary"><pre class="diff">--- mutation diff ---
--- agraph1.py
+++ bgraph1.py
@@ -54,7 +54,7 @@
 
         """
 
-        visited = [0] * self.verticies
+        visited = [0] // self.verticies
 
         def valid(node):
             # print(visited, node)</pre></div><div class="alert alert-secondary"><pre class="diff">============================= test session starts ==============================
platform linux -- Python 3.10.12, pytest-8.3.3, pluggy-1.5.0
rootdir: /home/teste/python_experiments2/graph1
collected 8 items

ts-3-5/test_3-5_0-9_293.py .FF.....                                      [100%]

=========================== short test summary info ============================
FAILED ts-3-5/test_3-5_0-9_293.py::test_has_cycle_no_cycle - TypeError: unsup...
FAILED ts-3-5/test_3-5_0-9_293.py::test_has_cycle_with_cycle - TypeError: uns...
========================= 2 failed, 6 passed in 0.13s ==========================
</pre></div></div></div></div></div><div class="mb-1" id="job_list___sub_accordion_27"><div class="card"><a data-toggle="collapse" data-target="#job_list___sub_collapse_27_1" aria-expanded="false" aria-controls="job_list___sub_collapse_27_1" href="#" class="job_list___sub_multi_heading"><div role="alert" class="card-header alert-success" id="job_list___sub_heading_27_1"><button class="btn btn-outline-success"><span class="job_id">27 : Job ID 6a6697a27b7f4002b803af3b20b05715</span></button></div></a><div aria-labelledby="job_list___sub_heading_27_1" data-parent="#job_list___sub_accordion_27" class="collapse job_list___sub_multi_collapse" id="job_list___sub_collapse_27_1"><div class="card-body"><div class="work-item"><div class="alert alert-success test-outcome" role="alert"><p>worker outcome: normal</p><p>test outcome: killed</p></div></div><pre class="location"><a href="pycharm://open?file=graph1.py&amp;line=57" class="text-secondary"><button class="btn btn-outline-dark">graph1.py, start pos: (57, 22), end pos: (57, 23)</button></a></pre><pre>operator: core/ReplaceBinaryOperator_Mul_Mod, occurrence: 0</pre><div class="alert alert-secondary"><pre class="diff">--- mutation diff ---
--- agraph1.py
+++ bgraph1.py
@@ -54,7 +54,7 @@
 
         """
 
-        visited = [0] * self.verticies
+        visited = [0] % self.verticies
 
         def valid(node):
             # print(visited, node)</pre></div><div class="alert alert-secondary"><pre class="diff">============================= test session starts ==============================
platform linux -- Python 3.10.12, pytest-8.3.3, pluggy-1.5.0
rootdir: /home/teste/python_experiments2/graph1
collected 8 items

ts-3-5/test_3-5_0-9_293.py .FF.....                                      [100%]

=========================== short test summary info ============================
FAILED ts-3-5/test_3-5_0-9_293.py::test_has_cycle_no_cycle - TypeError: unsup...
FAILED ts-3-5/test_3-5_0-9_293.py::test_has_cycle_with_cycle - TypeError: uns...
========================= 2 failed, 6 passed in 0.14s ==========================
</pre></div></div></div></div></div><div class="mb-1" id="job_list___sub_accordion_28"><div class="card"><a data-toggle="collapse" data-target="#job_list___sub_collapse_28_1" aria-expanded="false" aria-controls="job_list___sub_collapse_28_1" href="#" class="job_list___sub_multi_heading"><div role="alert" class="card-header alert-success" id="job_list___sub_heading_28_1"><button class="btn btn-outline-success"><span class="job_id">28 : Job ID 94d528b6a7c0425bad5b98c92ae8abde</span></button></div></a><div aria-labelledby="job_list___sub_heading_28_1" data-parent="#job_list___sub_accordion_28" class="collapse job_list___sub_multi_collapse" id="job_list___sub_collapse_28_1"><div class="card-body"><div class="work-item"><div class="alert alert-success test-outcome" role="alert"><p>worker outcome: normal</p><p>test outcome: killed</p></div></div><pre class="location"><a href="pycharm://open?file=graph1.py&amp;line=57" class="text-secondary"><button class="btn btn-outline-dark">graph1.py, start pos: (57, 22), end pos: (57, 23)</button></a></pre><pre>operator: core/ReplaceBinaryOperator_Mul_Pow, occurrence: 0</pre><div class="alert alert-secondary"><pre class="diff">--- mutation diff ---
--- agraph1.py
+++ bgraph1.py
@@ -54,7 +54,7 @@
 
         """
 
-        visited = [0] * self.verticies
+        visited = [0] ** self.verticies
 
         def valid(node):
             # print(visited, node)</pre></div><div class="alert alert-secondary"><pre class="diff">============================= test session starts ==============================
platform linux -- Python 3.10.12, pytest-8.3.3, pluggy-1.5.0
rootdir: /home/teste/python_experiments2/graph1
collected 8 items

ts-3-5/test_3-5_0-9_293.py .FF.....                                      [100%]

=========================== short test summary info ============================
FAILED ts-3-5/test_3-5_0-9_293.py::test_has_cycle_no_cycle - TypeError: unsup...
FAILED ts-3-5/test_3-5_0-9_293.py::test_has_cycle_with_cycle - TypeError: uns...
========================= 2 failed, 6 passed in 0.14s ==========================
</pre></div></div></div></div></div><div class="mb-1" id="job_list___sub_accordion_29"><div class="card"><a data-toggle="collapse" data-target="#job_list___sub_collapse_29_1" aria-expanded="false" aria-controls="job_list___sub_collapse_29_1" href="#" class="job_list___sub_multi_heading"><div role="alert" class="card-header alert-success" id="job_list___sub_heading_29_1"><button class="btn btn-outline-success"><span class="job_id">29 : Job ID 78c24315d9ba4586a991abbd6fb6320c</span></button></div></a><div aria-labelledby="job_list___sub_heading_29_1" data-parent="#job_list___sub_accordion_29" class="collapse job_list___sub_multi_collapse" id="job_list___sub_collapse_29_1"><div class="card-body"><div class="work-item"><div class="alert alert-success test-outcome" role="alert"><p>worker outcome: normal</p><p>test outcome: killed</p></div></div><pre class="location"><a href="pycharm://open?file=graph1.py&amp;line=57" class="text-secondary"><button class="btn btn-outline-dark">graph1.py, start pos: (57, 22), end pos: (57, 23)</button></a></pre><pre>operator: core/ReplaceBinaryOperator_Mul_RShift, occurrence: 0</pre><div class="alert alert-secondary"><pre class="diff">--- mutation diff ---
--- agraph1.py
+++ bgraph1.py
@@ -54,7 +54,7 @@
 
         """
 
-        visited = [0] * self.verticies
+        visited = [0] &gt;&gt; self.verticies
 
         def valid(node):
             # print(visited, node)</pre></div><div class="alert alert-secondary"><pre class="diff">============================= test session starts ==============================
platform linux -- Python 3.10.12, pytest-8.3.3, pluggy-1.5.0
rootdir: /home/teste/python_experiments2/graph1
collected 8 items

ts-3-5/test_3-5_0-9_293.py .FF.....                                      [100%]

=========================== short test summary info ============================
FAILED ts-3-5/test_3-5_0-9_293.py::test_has_cycle_no_cycle - TypeError: unsup...
FAILED ts-3-5/test_3-5_0-9_293.py::test_has_cycle_with_cycle - TypeError: uns...
========================= 2 failed, 6 passed in 0.14s ==========================
</pre></div></div></div></div></div><div class="mb-1" id="job_list___sub_accordion_30"><div class="card"><a data-toggle="collapse" data-target="#job_list___sub_collapse_30_1" aria-expanded="false" aria-controls="job_list___sub_collapse_30_1" href="#" class="job_list___sub_multi_heading"><div role="alert" class="card-header alert-success" id="job_list___sub_heading_30_1"><button class="btn btn-outline-success"><span class="job_id">30 : Job ID 3a925f111f7a4d708965bebf65974b7b</span></button></div></a><div aria-labelledby="job_list___sub_heading_30_1" data-parent="#job_list___sub_accordion_30" class="collapse job_list___sub_multi_collapse" id="job_list___sub_collapse_30_1"><div class="card-body"><div class="work-item"><div class="alert alert-success test-outcome" role="alert"><p>worker outcome: normal</p><p>test outcome: killed</p></div></div><pre class="location"><a href="pycharm://open?file=graph1.py&amp;line=57" class="text-secondary"><button class="btn btn-outline-dark">graph1.py, start pos: (57, 22), end pos: (57, 23)</button></a></pre><pre>operator: core/ReplaceBinaryOperator_Mul_LShift, occurrence: 0</pre><div class="alert alert-secondary"><pre class="diff">--- mutation diff ---
--- agraph1.py
+++ bgraph1.py
@@ -54,7 +54,7 @@
 
         """
 
-        visited = [0] * self.verticies
+        visited = [0] &lt;&lt; self.verticies
 
         def valid(node):
             # print(visited, node)</pre></div><div class="alert alert-secondary"><pre class="diff">============================= test session starts ==============================
platform linux -- Python 3.10.12, pytest-8.3.3, pluggy-1.5.0
rootdir: /home/teste/python_experiments2/graph1
collected 8 items

ts-3-5/test_3-5_0-9_293.py .FF.....                                      [100%]

=========================== short test summary info ============================
FAILED ts-3-5/test_3-5_0-9_293.py::test_has_cycle_no_cycle - TypeError: unsup...
FAILED ts-3-5/test_3-5_0-9_293.py::test_has_cycle_with_cycle - TypeError: uns...
========================= 2 failed, 6 passed in 0.14s ==========================
</pre></div></div></div></div></div><div class="mb-1" id="job_list___sub_accordion_31"><div class="card"><a data-toggle="collapse" data-target="#job_list___sub_collapse_31_1" aria-expanded="false" aria-controls="job_list___sub_collapse_31_1" href="#" class="job_list___sub_multi_heading"><div role="alert" class="card-header alert-success" id="job_list___sub_heading_31_1"><button class="btn btn-outline-success"><span class="job_id">31 : Job ID 1cce2046214f464192b51fa245cf1c04</span></button></div></a><div aria-labelledby="job_list___sub_heading_31_1" data-parent="#job_list___sub_accordion_31" class="collapse job_list___sub_multi_collapse" id="job_list___sub_collapse_31_1"><div class="card-body"><div class="work-item"><div class="alert alert-success test-outcome" role="alert"><p>worker outcome: normal</p><p>test outcome: killed</p></div></div><pre class="location"><a href="pycharm://open?file=graph1.py&amp;line=57" class="text-secondary"><button class="btn btn-outline-dark">graph1.py, start pos: (57, 22), end pos: (57, 23)</button></a></pre><pre>operator: core/ReplaceBinaryOperator_Mul_BitOr, occurrence: 0</pre><div class="alert alert-secondary"><pre class="diff">--- mutation diff ---
--- agraph1.py
+++ bgraph1.py
@@ -54,7 +54,7 @@
 
         """
 
-        visited = [0] * self.verticies
+        visited = [0] | self.verticies
 
         def valid(node):
             # print(visited, node)</pre></div><div class="alert alert-secondary"><pre class="diff">============================= test session starts ==============================
platform linux -- Python 3.10.12, pytest-8.3.3, pluggy-1.5.0
rootdir: /home/teste/python_experiments2/graph1
collected 8 items

ts-3-5/test_3-5_0-9_293.py .FF.....                                      [100%]

=========================== short test summary info ============================
FAILED ts-3-5/test_3-5_0-9_293.py::test_has_cycle_no_cycle - TypeError: unsup...
FAILED ts-3-5/test_3-5_0-9_293.py::test_has_cycle_with_cycle - TypeError: uns...
========================= 2 failed, 6 passed in 0.14s ==========================
</pre></div></div></div></div></div><div class="mb-1" id="job_list___sub_accordion_32"><div class="card"><a data-toggle="collapse" data-target="#job_list___sub_collapse_32_1" aria-expanded="false" aria-controls="job_list___sub_collapse_32_1" href="#" class="job_list___sub_multi_heading"><div role="alert" class="card-header alert-success" id="job_list___sub_heading_32_1"><button class="btn btn-outline-success"><span class="job_id">32 : Job ID 647b402f5efe4cf6a0729738ea3a82e6</span></button></div></a><div aria-labelledby="job_list___sub_heading_32_1" data-parent="#job_list___sub_accordion_32" class="collapse job_list___sub_multi_collapse" id="job_list___sub_collapse_32_1"><div class="card-body"><div class="work-item"><div class="alert alert-success test-outcome" role="alert"><p>worker outcome: normal</p><p>test outcome: killed</p></div></div><pre class="location"><a href="pycharm://open?file=graph1.py&amp;line=57" class="text-secondary"><button class="btn btn-outline-dark">graph1.py, start pos: (57, 22), end pos: (57, 23)</button></a></pre><pre>operator: core/ReplaceBinaryOperator_Mul_BitAnd, occurrence: 0</pre><div class="alert alert-secondary"><pre class="diff">--- mutation diff ---
--- agraph1.py
+++ bgraph1.py
@@ -54,7 +54,7 @@
 
         """
 
-        visited = [0] * self.verticies
+        visited = [0] &amp; self.verticies
 
         def valid(node):
             # print(visited, node)</pre></div><div class="alert alert-secondary"><pre class="diff">============================= test session starts ==============================
platform linux -- Python 3.10.12, pytest-8.3.3, pluggy-1.5.0
rootdir: /home/teste/python_experiments2/graph1
collected 8 items

ts-3-5/test_3-5_0-9_293.py .FF.....                                      [100%]

=========================== short test summary info ============================
FAILED ts-3-5/test_3-5_0-9_293.py::test_has_cycle_no_cycle - TypeError: unsup...
FAILED ts-3-5/test_3-5_0-9_293.py::test_has_cycle_with_cycle - TypeError: uns...
========================= 2 failed, 6 passed in 0.14s ==========================
</pre></div></div></div></div></div><div class="mb-1" id="job_list___sub_accordion_33"><div class="card"><a data-toggle="collapse" data-target="#job_list___sub_collapse_33_1" aria-expanded="false" aria-controls="job_list___sub_collapse_33_1" href="#" class="job_list___sub_multi_heading"><div role="alert" class="card-header alert-success" id="job_list___sub_heading_33_1"><button class="btn btn-outline-success"><span class="job_id">33 : Job ID 37321c88b5d9495aa44635aa51160e38</span></button></div></a><div aria-labelledby="job_list___sub_heading_33_1" data-parent="#job_list___sub_accordion_33" class="collapse job_list___sub_multi_collapse" id="job_list___sub_collapse_33_1"><div class="card-body"><div class="work-item"><div class="alert alert-success test-outcome" role="alert"><p>worker outcome: normal</p><p>test outcome: killed</p></div></div><pre class="location"><a href="pycharm://open?file=graph1.py&amp;line=57" class="text-secondary"><button class="btn btn-outline-dark">graph1.py, start pos: (57, 22), end pos: (57, 23)</button></a></pre><pre>operator: core/ReplaceBinaryOperator_Mul_BitXor, occurrence: 0</pre><div class="alert alert-secondary"><pre class="diff">--- mutation diff ---
--- agraph1.py
+++ bgraph1.py
@@ -54,7 +54,7 @@
 
         """
 
-        visited = [0] * self.verticies
+        visited = [0] ^ self.verticies
 
         def valid(node):
             # print(visited, node)</pre></div><div class="alert alert-secondary"><pre class="diff">============================= test session starts ==============================
platform linux -- Python 3.10.12, pytest-8.3.3, pluggy-1.5.0
rootdir: /home/teste/python_experiments2/graph1
collected 8 items

ts-3-5/test_3-5_0-9_293.py .FF.....                                      [100%]

=========================== short test summary info ============================
FAILED ts-3-5/test_3-5_0-9_293.py::test_has_cycle_no_cycle - TypeError: unsup...
FAILED ts-3-5/test_3-5_0-9_293.py::test_has_cycle_with_cycle - TypeError: uns...
========================= 2 failed, 6 passed in 0.14s ==========================
</pre></div></div></div></div></div><div class="mb-1" id="job_list___sub_accordion_34"><div class="card"><a data-toggle="collapse" data-target="#job_list___sub_collapse_34_1" aria-expanded="false" aria-controls="job_list___sub_collapse_34_1" href="#" class="job_list___sub_multi_heading"><div role="alert" class="card-header alert-success" id="job_list___sub_heading_34_1"><button class="btn btn-outline-success"><span class="job_id">34 : Job ID 159d5150b61d4fb8809a322c24db801f</span></button></div></a><div aria-labelledby="job_list___sub_heading_34_1" data-parent="#job_list___sub_accordion_34" class="collapse job_list___sub_multi_collapse" id="job_list___sub_collapse_34_1"><div class="card-body"><div class="work-item"><div class="alert alert-success test-outcome" role="alert"><p>worker outcome: normal</p><p>test outcome: killed</p></div></div><pre class="location"><a href="pycharm://open?file=graph1.py&amp;line=61" class="text-secondary"><button class="btn btn-outline-dark">graph1.py, start pos: (61, 29), end pos: (61, 31)</button></a></pre><pre>operator: core/ReplaceComparisonOperator_Eq_NotEq, occurrence: 0</pre><div class="alert alert-secondary"><pre class="diff">--- mutation diff ---
--- agraph1.py
+++ bgraph1.py
@@ -58,7 +58,7 @@
 
         def valid(node):
             # print(visited, node)
-            if visited[node] == -1:
+            if visited[node] != -1:
                 return False
             elif visited[node] == 1:
                 return True</pre></div><div class="alert alert-secondary"><pre class="diff">============================= test session starts ==============================
platform linux -- Python 3.10.12, pytest-8.3.3, pluggy-1.5.0
rootdir: /home/teste/python_experiments2/graph1
collected 8 items

ts-3-5/test_3-5_0-9_293.py .F......                                      [100%]

=========================== short test summary info ============================
FAILED ts-3-5/test_3-5_0-9_293.py::test_has_cycle_no_cycle - assert True == F...
========================= 1 failed, 7 passed in 0.14s ==========================
</pre></div></div></div></div></div><div class="mb-1" id="job_list___sub_accordion_35"><div class="card"><a data-toggle="collapse" data-target="#job_list___sub_collapse_35_1" aria-expanded="false" aria-controls="job_list___sub_collapse_35_1" href="#" class="job_list___sub_multi_heading"><div role="alert" class="card-header alert-success" id="job_list___sub_heading_35_1"><button class="btn btn-outline-success"><span class="job_id">35 : Job ID a511cf0b36914e84975f502da96d5509</span></button></div></a><div aria-labelledby="job_list___sub_heading_35_1" data-parent="#job_list___sub_accordion_35" class="collapse job_list___sub_multi_collapse" id="job_list___sub_collapse_35_1"><div class="card-body"><div class="work-item"><div class="alert alert-success test-outcome" role="alert"><p>worker outcome: normal</p><p>test outcome: killed</p></div></div><pre class="location"><a href="pycharm://open?file=graph1.py&amp;line=63" class="text-secondary"><button class="btn btn-outline-dark">graph1.py, start pos: (63, 31), end pos: (63, 33)</button></a></pre><pre>operator: core/ReplaceComparisonOperator_Eq_NotEq, occurrence: 1</pre><div class="alert alert-secondary"><pre class="diff">--- mutation diff ---
--- agraph1.py
+++ bgraph1.py
@@ -60,7 +60,7 @@
             # print(visited, node)
             if visited[node] == -1:
                 return False
-            elif visited[node] == 1:
+            elif visited[node] != 1:
                 return True
             visited[node] = -1
             for neighbor in self.graph[node]:</pre></div><div class="alert alert-secondary"><pre class="diff">============================= test session starts ==============================
platform linux -- Python 3.10.12, pytest-8.3.3, pluggy-1.5.0
rootdir: /home/teste/python_experiments2/graph1
collected 8 items

ts-3-5/test_3-5_0-9_293.py ..F.....                                      [100%]

=========================== short test summary info ============================
FAILED ts-3-5/test_3-5_0-9_293.py::test_has_cycle_with_cycle - assert False =...
========================= 1 failed, 7 passed in 0.14s ==========================
</pre></div></div></div></div></div><div class="mb-1" id="job_list___sub_accordion_36"><div class="card"><a data-toggle="collapse" data-target="#job_list___sub_collapse_36_1" aria-expanded="false" aria-controls="job_list___sub_collapse_36_1" href="#" class="job_list___sub_multi_heading"><div role="alert" class="card-header alert-success" id="job_list___sub_heading_36_1"><button class="btn btn-outline-success"><span class="job_id">36 : Job ID 93bf11a0b11943ffa257e7aa191b679d</span></button></div></a><div aria-labelledby="job_list___sub_heading_36_1" data-parent="#job_list___sub_accordion_36" class="collapse job_list___sub_multi_collapse" id="job_list___sub_collapse_36_1"><div class="card-body"><div class="work-item"><div class="alert alert-success test-outcome" role="alert"><p>worker outcome: normal</p><p>test outcome: killed</p></div></div><pre class="location"><a href="pycharm://open?file=graph1.py&amp;line=61" class="text-secondary"><button class="btn btn-outline-dark">graph1.py, start pos: (61, 29), end pos: (61, 31)</button></a></pre><pre>operator: core/ReplaceComparisonOperator_Eq_Lt, occurrence: 0</pre><div class="alert alert-secondary"><pre class="diff">--- mutation diff ---
--- agraph1.py
+++ bgraph1.py
@@ -58,7 +58,7 @@
 
         def valid(node):
             # print(visited, node)
-            if visited[node] == -1:
+            if visited[node] &lt; -1:
                 return False
             elif visited[node] == 1:
                 return True</pre></div><div class="alert alert-secondary"><pre class="diff">============================= test session starts ==============================
platform linux -- Python 3.10.12, pytest-8.3.3, pluggy-1.5.0
rootdir: /home/teste/python_experiments2/graph1
collected 8 items

ts-3-5/test_3-5_0-9_293.py ..F.....                                      [100%]

=========================== short test summary info ============================
FAILED ts-3-5/test_3-5_0-9_293.py::test_has_cycle_with_cycle - RecursionError...
========================= 1 failed, 7 passed in 0.15s ==========================
</pre></div></div></div></div></div><div class="mb-1" id="job_list___sub_accordion_37"><div class="card"><a data-toggle="collapse" data-target="#job_list___sub_collapse_37_1" aria-expanded="false" aria-controls="job_list___sub_collapse_37_1" href="#" class="job_list___sub_multi_heading"><div role="alert" class="card-header alert-success" id="job_list___sub_heading_37_1"><button class="btn btn-outline-success"><span class="job_id">37 : Job ID ebee57988c1546918b1dccc8db2f6a15</span></button></div></a><div aria-labelledby="job_list___sub_heading_37_1" data-parent="#job_list___sub_accordion_37" class="collapse job_list___sub_multi_collapse" id="job_list___sub_collapse_37_1"><div class="card-body"><div class="work-item"><div class="alert alert-success test-outcome" role="alert"><p>worker outcome: normal</p><p>test outcome: killed</p></div></div><pre class="location"><a href="pycharm://open?file=graph1.py&amp;line=63" class="text-secondary"><button class="btn btn-outline-dark">graph1.py, start pos: (63, 31), end pos: (63, 33)</button></a></pre><pre>operator: core/ReplaceComparisonOperator_Eq_Lt, occurrence: 1</pre><div class="alert alert-secondary"><pre class="diff">--- mutation diff ---
--- agraph1.py
+++ bgraph1.py
@@ -60,7 +60,7 @@
             # print(visited, node)
             if visited[node] == -1:
                 return False
-            elif visited[node] == 1:
+            elif visited[node] &lt; 1:
                 return True
             visited[node] = -1
             for neighbor in self.graph[node]:</pre></div><div class="alert alert-secondary"><pre class="diff">============================= test session starts ==============================
platform linux -- Python 3.10.12, pytest-8.3.3, pluggy-1.5.0
rootdir: /home/teste/python_experiments2/graph1
collected 8 items

ts-3-5/test_3-5_0-9_293.py ..F.....                                      [100%]

=========================== short test summary info ============================
FAILED ts-3-5/test_3-5_0-9_293.py::test_has_cycle_with_cycle - assert False =...
========================= 1 failed, 7 passed in 0.14s ==========================
</pre></div></div></div></div></div><div class="mb-1" id="job_list___sub_accordion_38"><div class="card"><a data-toggle="collapse" data-target="#job_list___sub_collapse_38_1" aria-expanded="false" aria-controls="job_list___sub_collapse_38_1" href="#" class="job_list___sub_multi_heading"><div role="alert" class="card-header alert-danger" id="job_list___sub_heading_38_1"><button class="btn btn-outline-danger"><span class="job_id">38 : Job ID 0a3476f291b54ecb915b56d95f55ba4d</span></button></div></a><div aria-labelledby="job_list___sub_heading_38_1" data-parent="#job_list___sub_accordion_38" class="collapse job_list___sub_multi_collapse" id="job_list___sub_collapse_38_1"><div class="card-body"><div class="work-item"><div class="alert alert-danger test-outcome" role="alert"><p>SURVIVED</p><p>worker outcome: normal</p><p>test outcome: survived</p></div></div><pre class="location"><a href="pycharm://open?file=graph1.py&amp;line=61" class="text-secondary"><button class="btn btn-outline-dark">graph1.py, start pos: (61, 29), end pos: (61, 31)</button></a></pre><pre>operator: core/ReplaceComparisonOperator_Eq_LtE, occurrence: 0</pre><div class="alert alert-secondary"><pre class="diff">--- mutation diff ---
--- agraph1.py
+++ bgraph1.py
@@ -58,7 +58,7 @@
 
         def valid(node):
             # print(visited, node)
-            if visited[node] == -1:
+            if visited[node] &lt;= -1:
                 return False
             elif visited[node] == 1:
                 return True</pre></div><div class="alert alert-secondary"><pre class="diff">============================= test session starts ==============================
platform linux -- Python 3.10.12, pytest-8.3.3, pluggy-1.5.0
rootdir: /home/teste/python_experiments2/graph1
collected 8 items

ts-3-5/test_3-5_0-9_293.py ........                                      [100%]

============================== 8 passed in 0.14s ===============================
</pre></div></div></div></div></div><div class="mb-1" id="job_list___sub_accordion_39"><div class="card"><a data-toggle="collapse" data-target="#job_list___sub_collapse_39_1" aria-expanded="false" aria-controls="job_list___sub_collapse_39_1" href="#" class="job_list___sub_multi_heading"><div role="alert" class="card-header alert-success" id="job_list___sub_heading_39_1"><button class="btn btn-outline-success"><span class="job_id">39 : Job ID e729765452114edfb033e26663a77097</span></button></div></a><div aria-labelledby="job_list___sub_heading_39_1" data-parent="#job_list___sub_accordion_39" class="collapse job_list___sub_multi_collapse" id="job_list___sub_collapse_39_1"><div class="card-body"><div class="work-item"><div class="alert alert-success test-outcome" role="alert"><p>worker outcome: normal</p><p>test outcome: killed</p></div></div><pre class="location"><a href="pycharm://open?file=graph1.py&amp;line=63" class="text-secondary"><button class="btn btn-outline-dark">graph1.py, start pos: (63, 31), end pos: (63, 33)</button></a></pre><pre>operator: core/ReplaceComparisonOperator_Eq_LtE, occurrence: 1</pre><div class="alert alert-secondary"><pre class="diff">--- mutation diff ---
--- agraph1.py
+++ bgraph1.py
@@ -60,7 +60,7 @@
             # print(visited, node)
             if visited[node] == -1:
                 return False
-            elif visited[node] == 1:
+            elif visited[node] &lt;= 1:
                 return True
             visited[node] = -1
             for neighbor in self.graph[node]:</pre></div><div class="alert alert-secondary"><pre class="diff">============================= test session starts ==============================
platform linux -- Python 3.10.12, pytest-8.3.3, pluggy-1.5.0
rootdir: /home/teste/python_experiments2/graph1
collected 8 items

ts-3-5/test_3-5_0-9_293.py ..F.....                                      [100%]

=========================== short test summary info ============================
FAILED ts-3-5/test_3-5_0-9_293.py::test_has_cycle_with_cycle - assert False =...
========================= 1 failed, 7 passed in 0.14s ==========================
</pre></div></div></div></div></div><div class="mb-1" id="job_list___sub_accordion_40"><div class="card"><a data-toggle="collapse" data-target="#job_list___sub_collapse_40_1" aria-expanded="false" aria-controls="job_list___sub_collapse_40_1" href="#" class="job_list___sub_multi_heading"><div role="alert" class="card-header alert-success" id="job_list___sub_heading_40_1"><button class="btn btn-outline-success"><span class="job_id">40 : Job ID a7e272638dcb4402bd880ed406aaf069</span></button></div></a><div aria-labelledby="job_list___sub_heading_40_1" data-parent="#job_list___sub_accordion_40" class="collapse job_list___sub_multi_collapse" id="job_list___sub_collapse_40_1"><div class="card-body"><div class="work-item"><div class="alert alert-success test-outcome" role="alert"><p>worker outcome: normal</p><p>test outcome: killed</p></div></div><pre class="location"><a href="pycharm://open?file=graph1.py&amp;line=61" class="text-secondary"><button class="btn btn-outline-dark">graph1.py, start pos: (61, 29), end pos: (61, 31)</button></a></pre><pre>operator: core/ReplaceComparisonOperator_Eq_Gt, occurrence: 0</pre><div class="alert alert-secondary"><pre class="diff">--- mutation diff ---
--- agraph1.py
+++ bgraph1.py
@@ -58,7 +58,7 @@
 
         def valid(node):
             # print(visited, node)
-            if visited[node] == -1:
+            if visited[node] &gt; -1:
                 return False
             elif visited[node] == 1:
                 return True</pre></div><div class="alert alert-secondary"><pre class="diff">============================= test session starts ==============================
platform linux -- Python 3.10.12, pytest-8.3.3, pluggy-1.5.0
rootdir: /home/teste/python_experiments2/graph1
collected 8 items

ts-3-5/test_3-5_0-9_293.py .F......                                      [100%]

=========================== short test summary info ============================
FAILED ts-3-5/test_3-5_0-9_293.py::test_has_cycle_no_cycle - assert True == F...
========================= 1 failed, 7 passed in 0.14s ==========================
</pre></div></div></div></div></div><div class="mb-1" id="job_list___sub_accordion_41"><div class="card"><a data-toggle="collapse" data-target="#job_list___sub_collapse_41_1" aria-expanded="false" aria-controls="job_list___sub_collapse_41_1" href="#" class="job_list___sub_multi_heading"><div role="alert" class="card-header alert-danger" id="job_list___sub_heading_41_1"><button class="btn btn-outline-danger"><span class="job_id">41 : Job ID 9ad806ccbb044161b74a63eae71e42c8</span></button></div></a><div aria-labelledby="job_list___sub_heading_41_1" data-parent="#job_list___sub_accordion_41" class="collapse job_list___sub_multi_collapse" id="job_list___sub_collapse_41_1"><div class="card-body"><div class="work-item"><div class="alert alert-danger test-outcome" role="alert"><p>SURVIVED</p><p>worker outcome: normal</p><p>test outcome: survived</p></div></div><pre class="location"><a href="pycharm://open?file=graph1.py&amp;line=63" class="text-secondary"><button class="btn btn-outline-dark">graph1.py, start pos: (63, 31), end pos: (63, 33)</button></a></pre><pre>operator: core/ReplaceComparisonOperator_Eq_Gt, occurrence: 1</pre><div class="alert alert-secondary"><pre class="diff">--- mutation diff ---
--- agraph1.py
+++ bgraph1.py
@@ -60,7 +60,7 @@
             # print(visited, node)
             if visited[node] == -1:
                 return False
-            elif visited[node] == 1:
+            elif visited[node] &gt; 1:
                 return True
             visited[node] = -1
             for neighbor in self.graph[node]:</pre></div><div class="alert alert-secondary"><pre class="diff">============================= test session starts ==============================
platform linux -- Python 3.10.12, pytest-8.3.3, pluggy-1.5.0
rootdir: /home/teste/python_experiments2/graph1
collected 8 items

ts-3-5/test_3-5_0-9_293.py ........                                      [100%]

============================== 8 passed in 0.14s ===============================
</pre></div></div></div></div></div><div class="mb-1" id="job_list___sub_accordion_42"><div class="card"><a data-toggle="collapse" data-target="#job_list___sub_collapse_42_1" aria-expanded="false" aria-controls="job_list___sub_collapse_42_1" href="#" class="job_list___sub_multi_heading"><div role="alert" class="card-header alert-success" id="job_list___sub_heading_42_1"><button class="btn btn-outline-success"><span class="job_id">42 : Job ID 19bc5e9b768c46e18e9acbc48c7ab4fc</span></button></div></a><div aria-labelledby="job_list___sub_heading_42_1" data-parent="#job_list___sub_accordion_42" class="collapse job_list___sub_multi_collapse" id="job_list___sub_collapse_42_1"><div class="card-body"><div class="work-item"><div class="alert alert-success test-outcome" role="alert"><p>worker outcome: normal</p><p>test outcome: killed</p></div></div><pre class="location"><a href="pycharm://open?file=graph1.py&amp;line=61" class="text-secondary"><button class="btn btn-outline-dark">graph1.py, start pos: (61, 29), end pos: (61, 31)</button></a></pre><pre>operator: core/ReplaceComparisonOperator_Eq_GtE, occurrence: 0</pre><div class="alert alert-secondary"><pre class="diff">--- mutation diff ---
--- agraph1.py
+++ bgraph1.py
@@ -58,7 +58,7 @@
 
         def valid(node):
             # print(visited, node)
-            if visited[node] == -1:
+            if visited[node] &gt;= -1:
                 return False
             elif visited[node] == 1:
                 return True</pre></div><div class="alert alert-secondary"><pre class="diff">============================= test session starts ==============================
platform linux -- Python 3.10.12, pytest-8.3.3, pluggy-1.5.0
rootdir: /home/teste/python_experiments2/graph1
collected 8 items

ts-3-5/test_3-5_0-9_293.py .F......                                      [100%]

=========================== short test summary info ============================
FAILED ts-3-5/test_3-5_0-9_293.py::test_has_cycle_no_cycle - assert True == F...
========================= 1 failed, 7 passed in 0.14s ==========================
</pre></div></div></div></div></div><div class="mb-1" id="job_list___sub_accordion_43"><div class="card"><a data-toggle="collapse" data-target="#job_list___sub_collapse_43_1" aria-expanded="false" aria-controls="job_list___sub_collapse_43_1" href="#" class="job_list___sub_multi_heading"><div role="alert" class="card-header alert-danger" id="job_list___sub_heading_43_1"><button class="btn btn-outline-danger"><span class="job_id">43 : Job ID d7f2f793b07b440a94d66d8069945849</span></button></div></a><div aria-labelledby="job_list___sub_heading_43_1" data-parent="#job_list___sub_accordion_43" class="collapse job_list___sub_multi_collapse" id="job_list___sub_collapse_43_1"><div class="card-body"><div class="work-item"><div class="alert alert-danger test-outcome" role="alert"><p>SURVIVED</p><p>worker outcome: normal</p><p>test outcome: survived</p></div></div><pre class="location"><a href="pycharm://open?file=graph1.py&amp;line=63" class="text-secondary"><button class="btn btn-outline-dark">graph1.py, start pos: (63, 31), end pos: (63, 33)</button></a></pre><pre>operator: core/ReplaceComparisonOperator_Eq_GtE, occurrence: 1</pre><div class="alert alert-secondary"><pre class="diff">--- mutation diff ---
--- agraph1.py
+++ bgraph1.py
@@ -60,7 +60,7 @@
             # print(visited, node)
             if visited[node] == -1:
                 return False
-            elif visited[node] == 1:
+            elif visited[node] &gt;= 1:
                 return True
             visited[node] = -1
             for neighbor in self.graph[node]:</pre></div><div class="alert alert-secondary"><pre class="diff">============================= test session starts ==============================
platform linux -- Python 3.10.12, pytest-8.3.3, pluggy-1.5.0
rootdir: /home/teste/python_experiments2/graph1
collected 8 items

ts-3-5/test_3-5_0-9_293.py ........                                      [100%]

============================== 8 passed in 0.14s ===============================
</pre></div></div></div></div></div><div class="mb-1" id="job_list___sub_accordion_44"><div class="card"><a data-toggle="collapse" data-target="#job_list___sub_collapse_44_1" aria-expanded="false" aria-controls="job_list___sub_collapse_44_1" href="#" class="job_list___sub_multi_heading"><div role="alert" class="card-header alert-danger" id="job_list___sub_heading_44_1"><button class="btn btn-outline-danger"><span class="job_id">44 : Job ID b39df4834e814f319386f2a5ee4aa617</span></button></div></a><div aria-labelledby="job_list___sub_heading_44_1" data-parent="#job_list___sub_accordion_44" class="collapse job_list___sub_multi_collapse" id="job_list___sub_collapse_44_1"><div class="card-body"><div class="work-item"><div class="alert alert-danger test-outcome" role="alert"><p>SURVIVED</p><p>worker outcome: normal</p><p>test outcome: survived</p></div></div><pre class="location"><a href="pycharm://open?file=graph1.py&amp;line=61" class="text-secondary"><button class="btn btn-outline-dark">graph1.py, start pos: (61, 29), end pos: (61, 31)</button></a></pre><pre>operator: core/ReplaceComparisonOperator_Eq_Is, occurrence: 0</pre><div class="alert alert-secondary"><pre class="diff">--- mutation diff ---
--- agraph1.py
+++ bgraph1.py
@@ -58,7 +58,7 @@
 
         def valid(node):
             # print(visited, node)
-            if visited[node] == -1:
+            if visited[node] is -1:
                 return False
             elif visited[node] == 1:
                 return True</pre></div><div class="alert alert-secondary"><pre class="diff">============================= test session starts ==============================
platform linux -- Python 3.10.12, pytest-8.3.3, pluggy-1.5.0
rootdir: /home/teste/python_experiments2/graph1
collected 8 items

ts-3-5/test_3-5_0-9_293.py ........                                      [100%]

=============================== warnings summary ===============================
graph1.py:61
  /home/teste/python_experiments2/graph1/graph1.py:61: SyntaxWarning: "is" with a literal. Did you mean "=="?
    if visited[node] is -1:

-- Docs: https://docs.pytest.org/en/stable/how-to/capture-warnings.html
========================= 8 passed, 1 warning in 0.14s =========================
</pre></div></div></div></div></div><div class="mb-1" id="job_list___sub_accordion_45"><div class="card"><a data-toggle="collapse" data-target="#job_list___sub_collapse_45_1" aria-expanded="false" aria-controls="job_list___sub_collapse_45_1" href="#" class="job_list___sub_multi_heading"><div role="alert" class="card-header alert-success" id="job_list___sub_heading_45_1"><button class="btn btn-outline-success"><span class="job_id">45 : Job ID 1c228fcf7b36479ab8d962b3fc8b7a8c</span></button></div></a><div aria-labelledby="job_list___sub_heading_45_1" data-parent="#job_list___sub_accordion_45" class="collapse job_list___sub_multi_collapse" id="job_list___sub_collapse_45_1"><div class="card-body"><div class="work-item"><div class="alert alert-success test-outcome" role="alert"><p>worker outcome: normal</p><p>test outcome: killed</p></div></div><pre class="location"><a href="pycharm://open?file=graph1.py&amp;line=61" class="text-secondary"><button class="btn btn-outline-dark">graph1.py, start pos: (61, 29), end pos: (61, 31)</button></a></pre><pre>operator: core/ReplaceComparisonOperator_Eq_IsNot, occurrence: 0</pre><div class="alert alert-secondary"><pre class="diff">--- mutation diff ---
--- agraph1.py
+++ bgraph1.py
@@ -58,7 +58,7 @@
 
         def valid(node):
             # print(visited, node)
-            if visited[node] == -1:
+            if visited[node] is not -1:
                 return False
             elif visited[node] == 1:
                 return True</pre></div><div class="alert alert-secondary"><pre class="diff">============================= test session starts ==============================
platform linux -- Python 3.10.12, pytest-8.3.3, pluggy-1.5.0
rootdir: /home/teste/python_experiments2/graph1
collected 8 items

ts-3-5/test_3-5_0-9_293.py .F......                                      [100%]

=============================== warnings summary ===============================
graph1.py:61
  /home/teste/python_experiments2/graph1/graph1.py:61: SyntaxWarning: "is not" with a literal. Did you mean "!="?
    if visited[node] is not -1:

-- Docs: https://docs.pytest.org/en/stable/how-to/capture-warnings.html
=========================== short test summary info ============================
FAILED ts-3-5/test_3-5_0-9_293.py::test_has_cycle_no_cycle - assert True == F...
==================== 1 failed, 7 passed, 1 warning in 0.14s ====================
</pre></div></div></div></div></div><div class="mb-1" id="job_list___sub_accordion_46"><div class="card"><a data-toggle="collapse" data-target="#job_list___sub_collapse_46_1" aria-expanded="false" aria-controls="job_list___sub_collapse_46_1" href="#" class="job_list___sub_multi_heading"><div role="alert" class="card-header alert-success" id="job_list___sub_heading_46_1"><button class="btn btn-outline-success"><span class="job_id">46 : Job ID e986269c72d0421b9bd77bd1c54d352c</span></button></div></a><div aria-labelledby="job_list___sub_heading_46_1" data-parent="#job_list___sub_accordion_46" class="collapse job_list___sub_multi_collapse" id="job_list___sub_collapse_46_1"><div class="card-body"><div class="work-item"><div class="alert alert-success test-outcome" role="alert"><p>worker outcome: normal</p><p>test outcome: killed</p></div></div><pre class="location"><a href="pycharm://open?file=graph1.py&amp;line=36" class="text-secondary"><button class="btn btn-outline-dark">graph1.py, start pos: (36, 27), end pos: (36, 28)</button></a></pre><pre>operator: core/ReplaceComparisonOperator_Gt_Eq, occurrence: 0</pre><div class="alert alert-secondary"><pre class="diff">--- mutation diff ---
--- agraph1.py
+++ bgraph1.py
@@ -33,7 +33,7 @@
             destination: the destination vertex
 
         """
-        if len(self.graph) &gt; self.verticies:
+        if len(self.graph) == self.verticies:
             raise IndexError("Too many verticies in graph.")
         
         if source in self.graph:</pre></div><div class="alert alert-secondary"><pre class="diff">============================= test session starts ==============================
platform linux -- Python 3.10.12, pytest-8.3.3, pluggy-1.5.0
rootdir: /home/teste/python_experiments2/graph1
collected 8 items

ts-3-5/test_3-5_0-9_293.py ..FF....                                      [100%]

=========================== short test summary info ============================
FAILED ts-3-5/test_3-5_0-9_293.py::test_has_cycle_with_cycle - IndexError: To...
FAILED ts-3-5/test_3-5_0-9_293.py::test_topological_sort - IndexError: Too ma...
========================= 2 failed, 6 passed in 0.14s ==========================
</pre></div></div></div></div></div><div class="mb-1" id="job_list___sub_accordion_47"><div class="card"><a data-toggle="collapse" data-target="#job_list___sub_collapse_47_1" aria-expanded="false" aria-controls="job_list___sub_collapse_47_1" href="#" class="job_list___sub_multi_heading"><div role="alert" class="card-header alert-success" id="job_list___sub_heading_47_1"><button class="btn btn-outline-success"><span class="job_id">47 : Job ID 2c96eb5f081341d49dab12778986689f</span></button></div></a><div aria-labelledby="job_list___sub_heading_47_1" data-parent="#job_list___sub_accordion_47" class="collapse job_list___sub_multi_collapse" id="job_list___sub_collapse_47_1"><div class="card-body"><div class="work-item"><div class="alert alert-success test-outcome" role="alert"><p>worker outcome: normal</p><p>test outcome: killed</p></div></div><pre class="location"><a href="pycharm://open?file=graph1.py&amp;line=36" class="text-secondary"><button class="btn btn-outline-dark">graph1.py, start pos: (36, 27), end pos: (36, 28)</button></a></pre><pre>operator: core/ReplaceComparisonOperator_Gt_NotEq, occurrence: 0</pre><div class="alert alert-secondary"><pre class="diff">--- mutation diff ---
--- agraph1.py
+++ bgraph1.py
@@ -33,7 +33,7 @@
             destination: the destination vertex
 
         """
-        if len(self.graph) &gt; self.verticies:
+        if len(self.graph) != self.verticies:
             raise IndexError("Too many verticies in graph.")
         
         if source in self.graph:</pre></div><div class="alert alert-secondary"><pre class="diff">============================= test session starts ==============================
platform linux -- Python 3.10.12, pytest-8.3.3, pluggy-1.5.0
rootdir: /home/teste/python_experiments2/graph1
collected 8 items

ts-3-5/test_3-5_0-9_293.py .FFF....                                      [100%]

=========================== short test summary info ============================
FAILED ts-3-5/test_3-5_0-9_293.py::test_has_cycle_no_cycle - IndexError: Too ...
FAILED ts-3-5/test_3-5_0-9_293.py::test_has_cycle_with_cycle - IndexError: To...
FAILED ts-3-5/test_3-5_0-9_293.py::test_topological_sort - IndexError: Too ma...
========================= 3 failed, 5 passed in 0.13s ==========================
</pre></div></div></div></div></div><div class="mb-1" id="job_list___sub_accordion_48"><div class="card"><a data-toggle="collapse" data-target="#job_list___sub_collapse_48_1" aria-expanded="false" aria-controls="job_list___sub_collapse_48_1" href="#" class="job_list___sub_multi_heading"><div role="alert" class="card-header alert-success" id="job_list___sub_heading_48_1"><button class="btn btn-outline-success"><span class="job_id">48 : Job ID 28d38861c8c3442a9303ade1b3182218</span></button></div></a><div aria-labelledby="job_list___sub_heading_48_1" data-parent="#job_list___sub_accordion_48" class="collapse job_list___sub_multi_collapse" id="job_list___sub_collapse_48_1"><div class="card-body"><div class="work-item"><div class="alert alert-success test-outcome" role="alert"><p>worker outcome: normal</p><p>test outcome: killed</p></div></div><pre class="location"><a href="pycharm://open?file=graph1.py&amp;line=36" class="text-secondary"><button class="btn btn-outline-dark">graph1.py, start pos: (36, 27), end pos: (36, 28)</button></a></pre><pre>operator: core/ReplaceComparisonOperator_Gt_Lt, occurrence: 0</pre><div class="alert alert-secondary"><pre class="diff">--- mutation diff ---
--- agraph1.py
+++ bgraph1.py
@@ -33,7 +33,7 @@
             destination: the destination vertex
 
         """
-        if len(self.graph) &gt; self.verticies:
+        if len(self.graph) &lt; self.verticies:
             raise IndexError("Too many verticies in graph.")
         
         if source in self.graph:</pre></div><div class="alert alert-secondary"><pre class="diff">============================= test session starts ==============================
platform linux -- Python 3.10.12, pytest-8.3.3, pluggy-1.5.0
rootdir: /home/teste/python_experiments2/graph1
collected 8 items

ts-3-5/test_3-5_0-9_293.py .FFF....                                      [100%]

=========================== short test summary info ============================
FAILED ts-3-5/test_3-5_0-9_293.py::test_has_cycle_no_cycle - IndexError: Too ...
FAILED ts-3-5/test_3-5_0-9_293.py::test_has_cycle_with_cycle - IndexError: To...
FAILED ts-3-5/test_3-5_0-9_293.py::test_topological_sort - IndexError: Too ma...
========================= 3 failed, 5 passed in 0.14s ==========================
</pre></div></div></div></div></div><div class="mb-1" id="job_list___sub_accordion_49"><div class="card"><a data-toggle="collapse" data-target="#job_list___sub_collapse_49_1" aria-expanded="false" aria-controls="job_list___sub_collapse_49_1" href="#" class="job_list___sub_multi_heading"><div role="alert" class="card-header alert-success" id="job_list___sub_heading_49_1"><button class="btn btn-outline-success"><span class="job_id">49 : Job ID a2909b1188954b298de5cb168922ff1f</span></button></div></a><div aria-labelledby="job_list___sub_heading_49_1" data-parent="#job_list___sub_accordion_49" class="collapse job_list___sub_multi_collapse" id="job_list___sub_collapse_49_1"><div class="card-body"><div class="work-item"><div class="alert alert-success test-outcome" role="alert"><p>worker outcome: normal</p><p>test outcome: killed</p></div></div><pre class="location"><a href="pycharm://open?file=graph1.py&amp;line=36" class="text-secondary"><button class="btn btn-outline-dark">graph1.py, start pos: (36, 27), end pos: (36, 28)</button></a></pre><pre>operator: core/ReplaceComparisonOperator_Gt_LtE, occurrence: 0</pre><div class="alert alert-secondary"><pre class="diff">--- mutation diff ---
--- agraph1.py
+++ bgraph1.py
@@ -33,7 +33,7 @@
             destination: the destination vertex
 
         """
-        if len(self.graph) &gt; self.verticies:
+        if len(self.graph) &lt;= self.verticies:
             raise IndexError("Too many verticies in graph.")
         
         if source in self.graph:</pre></div><div class="alert alert-secondary"><pre class="diff">============================= test session starts ==============================
platform linux -- Python 3.10.12, pytest-8.3.3, pluggy-1.5.0
rootdir: /home/teste/python_experiments2/graph1
collected 8 items

ts-3-5/test_3-5_0-9_293.py .FFF....                                      [100%]

=========================== short test summary info ============================
FAILED ts-3-5/test_3-5_0-9_293.py::test_has_cycle_no_cycle - IndexError: Too ...
FAILED ts-3-5/test_3-5_0-9_293.py::test_has_cycle_with_cycle - IndexError: To...
FAILED ts-3-5/test_3-5_0-9_293.py::test_topological_sort - IndexError: Too ma...
========================= 3 failed, 5 passed in 0.14s ==========================
</pre></div></div></div></div></div><div class="mb-1" id="job_list___sub_accordion_50"><div class="card"><a data-toggle="collapse" data-target="#job_list___sub_collapse_50_1" aria-expanded="false" aria-controls="job_list___sub_collapse_50_1" href="#" class="job_list___sub_multi_heading"><div role="alert" class="card-header alert-success" id="job_list___sub_heading_50_1"><button class="btn btn-outline-success"><span class="job_id">50 : Job ID 5dd42486c19041c091401f0779a402a4</span></button></div></a><div aria-labelledby="job_list___sub_heading_50_1" data-parent="#job_list___sub_accordion_50" class="collapse job_list___sub_multi_collapse" id="job_list___sub_collapse_50_1"><div class="card-body"><div class="work-item"><div class="alert alert-success test-outcome" role="alert"><p>worker outcome: normal</p><p>test outcome: killed</p></div></div><pre class="location"><a href="pycharm://open?file=graph1.py&amp;line=36" class="text-secondary"><button class="btn btn-outline-dark">graph1.py, start pos: (36, 27), end pos: (36, 28)</button></a></pre><pre>operator: core/ReplaceComparisonOperator_Gt_GtE, occurrence: 0</pre><div class="alert alert-secondary"><pre class="diff">--- mutation diff ---
--- agraph1.py
+++ bgraph1.py
@@ -33,7 +33,7 @@
             destination: the destination vertex
 
         """
-        if len(self.graph) &gt; self.verticies:
+        if len(self.graph) &gt;= self.verticies:
             raise IndexError("Too many verticies in graph.")
         
         if source in self.graph:</pre></div><div class="alert alert-secondary"><pre class="diff">============================= test session starts ==============================
platform linux -- Python 3.10.12, pytest-8.3.3, pluggy-1.5.0
rootdir: /home/teste/python_experiments2/graph1
collected 8 items

ts-3-5/test_3-5_0-9_293.py ..FF....                                      [100%]

=========================== short test summary info ============================
FAILED ts-3-5/test_3-5_0-9_293.py::test_has_cycle_with_cycle - IndexError: To...
FAILED ts-3-5/test_3-5_0-9_293.py::test_topological_sort - IndexError: Too ma...
========================= 2 failed, 6 passed in 0.14s ==========================
</pre></div></div></div></div></div><div class="mb-1" id="job_list___sub_accordion_51"><div class="card"><a data-toggle="collapse" data-target="#job_list___sub_collapse_51_1" aria-expanded="false" aria-controls="job_list___sub_collapse_51_1" href="#" class="job_list___sub_multi_heading"><div role="alert" class="card-header alert-success" id="job_list___sub_heading_51_1"><button class="btn btn-outline-success"><span class="job_id">51 : Job ID 5e58c97607e64824932a826565c4658e</span></button></div></a><div aria-labelledby="job_list___sub_heading_51_1" data-parent="#job_list___sub_accordion_51" class="collapse job_list___sub_multi_collapse" id="job_list___sub_collapse_51_1"><div class="card-body"><div class="work-item"><div class="alert alert-success test-outcome" role="alert"><p>worker outcome: normal</p><p>test outcome: killed</p></div></div><pre class="location"><a href="pycharm://open?file=graph1.py&amp;line=36" class="text-secondary"><button class="btn btn-outline-dark">graph1.py, start pos: (36, 27), end pos: (36, 28)</button></a></pre><pre>operator: core/ReplaceComparisonOperator_Gt_Is, occurrence: 0</pre><div class="alert alert-secondary"><pre class="diff">--- mutation diff ---
--- agraph1.py
+++ bgraph1.py
@@ -33,7 +33,7 @@
             destination: the destination vertex
 
         """
-        if len(self.graph) &gt; self.verticies:
+        if len(self.graph) is self.verticies:
             raise IndexError("Too many verticies in graph.")
         
         if source in self.graph:</pre></div><div class="alert alert-secondary"><pre class="diff">============================= test session starts ==============================
platform linux -- Python 3.10.12, pytest-8.3.3, pluggy-1.5.0
rootdir: /home/teste/python_experiments2/graph1
collected 8 items

ts-3-5/test_3-5_0-9_293.py ..FF....                                      [100%]

=========================== short test summary info ============================
FAILED ts-3-5/test_3-5_0-9_293.py::test_has_cycle_with_cycle - IndexError: To...
FAILED ts-3-5/test_3-5_0-9_293.py::test_topological_sort - IndexError: Too ma...
========================= 2 failed, 6 passed in 0.14s ==========================
</pre></div></div></div></div></div><div class="mb-1" id="job_list___sub_accordion_52"><div class="card"><a data-toggle="collapse" data-target="#job_list___sub_collapse_52_1" aria-expanded="false" aria-controls="job_list___sub_collapse_52_1" href="#" class="job_list___sub_multi_heading"><div role="alert" class="card-header alert-success" id="job_list___sub_heading_52_1"><button class="btn btn-outline-success"><span class="job_id">52 : Job ID 7e702499990545b7bf135fcb05795359</span></button></div></a><div aria-labelledby="job_list___sub_heading_52_1" data-parent="#job_list___sub_accordion_52" class="collapse job_list___sub_multi_collapse" id="job_list___sub_collapse_52_1"><div class="card-body"><div class="work-item"><div class="alert alert-success test-outcome" role="alert"><p>worker outcome: normal</p><p>test outcome: killed</p></div></div><pre class="location"><a href="pycharm://open?file=graph1.py&amp;line=36" class="text-secondary"><button class="btn btn-outline-dark">graph1.py, start pos: (36, 27), end pos: (36, 28)</button></a></pre><pre>operator: core/ReplaceComparisonOperator_Gt_IsNot, occurrence: 0</pre><div class="alert alert-secondary"><pre class="diff">--- mutation diff ---
--- agraph1.py
+++ bgraph1.py
@@ -33,7 +33,7 @@
             destination: the destination vertex
 
         """
-        if len(self.graph) &gt; self.verticies:
+        if len(self.graph) is not self.verticies:
             raise IndexError("Too many verticies in graph.")
         
         if source in self.graph:</pre></div><div class="alert alert-secondary"><pre class="diff">============================= test session starts ==============================
platform linux -- Python 3.10.12, pytest-8.3.3, pluggy-1.5.0
rootdir: /home/teste/python_experiments2/graph1
collected 8 items

ts-3-5/test_3-5_0-9_293.py .FFF....                                      [100%]

=========================== short test summary info ============================
FAILED ts-3-5/test_3-5_0-9_293.py::test_has_cycle_no_cycle - IndexError: Too ...
FAILED ts-3-5/test_3-5_0-9_293.py::test_has_cycle_with_cycle - IndexError: To...
FAILED ts-3-5/test_3-5_0-9_293.py::test_topological_sort - IndexError: Too ma...
========================= 3 failed, 5 passed in 0.15s ==========================
</pre></div></div></div></div></div><div class="mb-1" id="job_list___sub_accordion_53"><div class="card"><a data-toggle="collapse" data-target="#job_list___sub_collapse_53_1" aria-expanded="false" aria-controls="job_list___sub_collapse_53_1" href="#" class="job_list___sub_multi_heading"><div role="alert" class="card-header alert-success" id="job_list___sub_heading_53_1"><button class="btn btn-outline-success"><span class="job_id">53 : Job ID a6bd1f46361c4d95a2ff7c8191dba3df</span></button></div></a><div aria-labelledby="job_list___sub_heading_53_1" data-parent="#job_list___sub_accordion_53" class="collapse job_list___sub_multi_collapse" id="job_list___sub_collapse_53_1"><div class="card-body"><div class="work-item"><div class="alert alert-success test-outcome" role="alert"><p>worker outcome: normal</p><p>test outcome: killed</p></div></div><pre class="location"><a href="pycharm://open?file=graph1.py&amp;line=61" class="text-secondary"><button class="btn btn-outline-dark">graph1.py, start pos: (61, 32), end pos: (61, 33)</button></a></pre><pre>operator: core/ReplaceUnaryOperator_USub_UAdd, occurrence: 0</pre><div class="alert alert-secondary"><pre class="diff">--- mutation diff ---
--- agraph1.py
+++ bgraph1.py
@@ -58,7 +58,7 @@
 
         def valid(node):
             # print(visited, node)
-            if visited[node] == -1:
+            if visited[node] == +1:
                 return False
             elif visited[node] == 1:
                 return True</pre></div><div class="alert alert-secondary"><pre class="diff">============================= test session starts ==============================
platform linux -- Python 3.10.12, pytest-8.3.3, pluggy-1.5.0
rootdir: /home/teste/python_experiments2/graph1
collected 8 items

ts-3-5/test_3-5_0-9_293.py ..F.....                                      [100%]

=========================== short test summary info ============================
FAILED ts-3-5/test_3-5_0-9_293.py::test_has_cycle_with_cycle - RecursionError...
========================= 1 failed, 7 passed in 0.13s ==========================
</pre></div></div></div></div></div><div class="mb-1" id="job_list___sub_accordion_54"><div class="card"><a data-toggle="collapse" data-target="#job_list___sub_collapse_54_1" aria-expanded="false" aria-controls="job_list___sub_collapse_54_1" href="#" class="job_list___sub_multi_heading"><div role="alert" class="card-header alert-success" id="job_list___sub_heading_54_1"><button class="btn btn-outline-success"><span class="job_id">54 : Job ID d56b0db66faa4fb09f90953ad48e079f</span></button></div></a><div aria-labelledby="job_list___sub_heading_54_1" data-parent="#job_list___sub_accordion_54" class="collapse job_list___sub_multi_collapse" id="job_list___sub_collapse_54_1"><div class="card-body"><div class="work-item"><div class="alert alert-success test-outcome" role="alert"><p>worker outcome: normal</p><p>test outcome: killed</p></div></div><pre class="location"><a href="pycharm://open?file=graph1.py&amp;line=65" class="text-secondary"><button class="btn btn-outline-dark">graph1.py, start pos: (65, 28), end pos: (65, 29)</button></a></pre><pre>operator: core/ReplaceUnaryOperator_USub_UAdd, occurrence: 1</pre><div class="alert alert-secondary"><pre class="diff">--- mutation diff ---
--- agraph1.py
+++ bgraph1.py
@@ -62,7 +62,7 @@
                 return False
             elif visited[node] == 1:
                 return True
-            visited[node] = -1
+            visited[node] = +1
             for neighbor in self.graph[node]:
                 if not valid(neighbor):
                     return False</pre></div><div class="alert alert-secondary"><pre class="diff">============================= test session starts ==============================
platform linux -- Python 3.10.12, pytest-8.3.3, pluggy-1.5.0
rootdir: /home/teste/python_experiments2/graph1
collected 8 items

ts-3-5/test_3-5_0-9_293.py ..F.....                                      [100%]

=========================== short test summary info ============================
FAILED ts-3-5/test_3-5_0-9_293.py::test_has_cycle_with_cycle - assert False =...
========================= 1 failed, 7 passed in 0.14s ==========================
</pre></div></div></div></div></div><div class="mb-1" id="job_list___sub_accordion_55"><div class="card"><a data-toggle="collapse" data-target="#job_list___sub_collapse_55_1" aria-expanded="false" aria-controls="job_list___sub_collapse_55_1" href="#" class="job_list___sub_multi_heading"><div role="alert" class="card-header alert-success" id="job_list___sub_heading_55_1"><button class="btn btn-outline-success"><span class="job_id">55 : Job ID 60265de133ec4da58673f58b64edf676</span></button></div></a><div aria-labelledby="job_list___sub_heading_55_1" data-parent="#job_list___sub_accordion_55" class="collapse job_list___sub_multi_collapse" id="job_list___sub_collapse_55_1"><div class="card-body"><div class="work-item"><div class="alert alert-success test-outcome" role="alert"><p>worker outcome: normal</p><p>test outcome: killed</p></div></div><pre class="location"><a href="pycharm://open?file=graph1.py&amp;line=61" class="text-secondary"><button class="btn btn-outline-dark">graph1.py, start pos: (61, 32), end pos: (61, 33)</button></a></pre><pre>operator: core/ReplaceUnaryOperator_USub_Invert, occurrence: 0</pre><div class="alert alert-secondary"><pre class="diff">--- mutation diff ---
--- agraph1.py
+++ bgraph1.py
@@ -58,7 +58,7 @@
 
         def valid(node):
             # print(visited, node)
-            if visited[node] == -1:
+            if visited[node] == ~1:
                 return False
             elif visited[node] == 1:
                 return True</pre></div><div class="alert alert-secondary"><pre class="diff">============================= test session starts ==============================
platform linux -- Python 3.10.12, pytest-8.3.3, pluggy-1.5.0
rootdir: /home/teste/python_experiments2/graph1
collected 8 items

ts-3-5/test_3-5_0-9_293.py ..F.....                                      [100%]

=========================== short test summary info ============================
FAILED ts-3-5/test_3-5_0-9_293.py::test_has_cycle_with_cycle - RecursionError...
========================= 1 failed, 7 passed in 0.15s ==========================
</pre></div></div></div></div></div><div class="mb-1" id="job_list___sub_accordion_56"><div class="card"><a data-toggle="collapse" data-target="#job_list___sub_collapse_56_1" aria-expanded="false" aria-controls="job_list___sub_collapse_56_1" href="#" class="job_list___sub_multi_heading"><div role="alert" class="card-header alert-success" id="job_list___sub_heading_56_1"><button class="btn btn-outline-success"><span class="job_id">56 : Job ID c1811f758e884ecbb460ca8f8bc3d749</span></button></div></a><div aria-labelledby="job_list___sub_heading_56_1" data-parent="#job_list___sub_accordion_56" class="collapse job_list___sub_multi_collapse" id="job_list___sub_collapse_56_1"><div class="card-body"><div class="work-item"><div class="alert alert-success test-outcome" role="alert"><p>worker outcome: normal</p><p>test outcome: killed</p></div></div><pre class="location"><a href="pycharm://open?file=graph1.py&amp;line=65" class="text-secondary"><button class="btn btn-outline-dark">graph1.py, start pos: (65, 28), end pos: (65, 29)</button></a></pre><pre>operator: core/ReplaceUnaryOperator_USub_Invert, occurrence: 1</pre><div class="alert alert-secondary"><pre class="diff">--- mutation diff ---
--- agraph1.py
+++ bgraph1.py
@@ -62,7 +62,7 @@
                 return False
             elif visited[node] == 1:
                 return True
-            visited[node] = -1
+            visited[node] = ~1
             for neighbor in self.graph[node]:
                 if not valid(neighbor):
                     return False</pre></div><div class="alert alert-secondary"><pre class="diff">============================= test session starts ==============================
platform linux -- Python 3.10.12, pytest-8.3.3, pluggy-1.5.0
rootdir: /home/teste/python_experiments2/graph1
collected 8 items

ts-3-5/test_3-5_0-9_293.py ..F.....                                      [100%]

=========================== short test summary info ============================
FAILED ts-3-5/test_3-5_0-9_293.py::test_has_cycle_with_cycle - RecursionError...
========================= 1 failed, 7 passed in 0.14s ==========================
</pre></div></div></div></div></div><div class="mb-1" id="job_list___sub_accordion_57"><div class="card"><a data-toggle="collapse" data-target="#job_list___sub_collapse_57_1" aria-expanded="false" aria-controls="job_list___sub_collapse_57_1" href="#" class="job_list___sub_multi_heading"><div role="alert" class="card-header alert-success" id="job_list___sub_heading_57_1"><button class="btn btn-outline-success"><span class="job_id">57 : Job ID 7585d0338081402982477416d1ddc4da</span></button></div></a><div aria-labelledby="job_list___sub_heading_57_1" data-parent="#job_list___sub_accordion_57" class="collapse job_list___sub_multi_collapse" id="job_list___sub_collapse_57_1"><div class="card-body"><div class="work-item"><div class="alert alert-success test-outcome" role="alert"><p>worker outcome: normal</p><p>test outcome: killed</p></div></div><pre class="location"><a href="pycharm://open?file=graph1.py&amp;line=61" class="text-secondary"><button class="btn btn-outline-dark">graph1.py, start pos: (61, 32), end pos: (61, 33)</button></a></pre><pre>operator: core/ReplaceUnaryOperator_USub_Not, occurrence: 0</pre><div class="alert alert-secondary"><pre class="diff">--- mutation diff ---
--- agraph1.py
+++ bgraph1.py
@@ -58,7 +58,7 @@
 
         def valid(node):
             # print(visited, node)
-            if visited[node] == -1:
+            if visited[node] == not 1:
                 return False
             elif visited[node] == 1:
                 return True</pre></div><div class="alert alert-secondary"><pre class="diff">============================= test session starts ==============================
platform linux -- Python 3.10.12, pytest-8.3.3, pluggy-1.5.0
rootdir: /home/teste/python_experiments2/graph1
collected 0 items / 1 error

=========================== short test summary info ============================
ERROR ts-3-5/test_3-5_0-9_293.py
!!!!!!!!!!!!!!!!!!!! Interrupted: 1 error during collection !!!!!!!!!!!!!!!!!!!!
=============================== 1 error in 0.29s ===============================
</pre></div></div></div></div></div><div class="mb-1" id="job_list___sub_accordion_58"><div class="card"><a data-toggle="collapse" data-target="#job_list___sub_collapse_58_1" aria-expanded="false" aria-controls="job_list___sub_collapse_58_1" href="#" class="job_list___sub_multi_heading"><div role="alert" class="card-header alert-success" id="job_list___sub_heading_58_1"><button class="btn btn-outline-success"><span class="job_id">58 : Job ID ef9035e4325b4cadb4e29a90563884fb</span></button></div></a><div aria-labelledby="job_list___sub_heading_58_1" data-parent="#job_list___sub_accordion_58" class="collapse job_list___sub_multi_collapse" id="job_list___sub_collapse_58_1"><div class="card-body"><div class="work-item"><div class="alert alert-success test-outcome" role="alert"><p>worker outcome: normal</p><p>test outcome: killed</p></div></div><pre class="location"><a href="pycharm://open?file=graph1.py&amp;line=65" class="text-secondary"><button class="btn btn-outline-dark">graph1.py, start pos: (65, 28), end pos: (65, 29)</button></a></pre><pre>operator: core/ReplaceUnaryOperator_USub_Not, occurrence: 1</pre><div class="alert alert-secondary"><pre class="diff">--- mutation diff ---
--- agraph1.py
+++ bgraph1.py
@@ -62,7 +62,7 @@
                 return False
             elif visited[node] == 1:
                 return True
-            visited[node] = -1
+            visited[node] = not 1
             for neighbor in self.graph[node]:
                 if not valid(neighbor):
                     return False</pre></div><div class="alert alert-secondary"><pre class="diff">============================= test session starts ==============================
platform linux -- Python 3.10.12, pytest-8.3.3, pluggy-1.5.0
rootdir: /home/teste/python_experiments2/graph1
collected 8 items

ts-3-5/test_3-5_0-9_293.py ..F.....                                      [100%]

=========================== short test summary info ============================
FAILED ts-3-5/test_3-5_0-9_293.py::test_has_cycle_with_cycle - RecursionError...
========================= 1 failed, 7 passed in 0.14s ==========================
</pre></div></div></div></div></div><div class="mb-1" id="job_list___sub_accordion_59"><div class="card"><a data-toggle="collapse" data-target="#job_list___sub_collapse_59_1" aria-expanded="false" aria-controls="job_list___sub_collapse_59_1" href="#" class="job_list___sub_multi_heading"><div role="alert" class="card-header alert-success" id="job_list___sub_heading_59_1"><button class="btn btn-outline-success"><span class="job_id">59 : Job ID f38704da0d4c428b98d225c35635226e</span></button></div></a><div aria-labelledby="job_list___sub_heading_59_1" data-parent="#job_list___sub_accordion_59" class="collapse job_list___sub_multi_collapse" id="job_list___sub_collapse_59_1"><div class="card-body"><div class="work-item"><div class="alert alert-success test-outcome" role="alert"><p>worker outcome: normal</p><p>test outcome: killed</p></div></div><pre class="location"><a href="pycharm://open?file=graph1.py&amp;line=61" class="text-secondary"><button class="btn btn-outline-dark">graph1.py, start pos: (61, 32), end pos: (61, 33)</button></a></pre><pre>operator: core/ReplaceUnaryOperator_Delete_USub, occurrence: 0</pre><div class="alert alert-secondary"><pre class="diff">--- mutation diff ---
--- agraph1.py
+++ bgraph1.py
@@ -58,7 +58,7 @@
 
         def valid(node):
             # print(visited, node)
-            if visited[node] == -1:
+            if visited[node] == 1:
                 return False
             elif visited[node] == 1:
                 return True</pre></div><div class="alert alert-secondary"><pre class="diff">============================= test session starts ==============================
platform linux -- Python 3.10.12, pytest-8.3.3, pluggy-1.5.0
rootdir: /home/teste/python_experiments2/graph1
collected 8 items

ts-3-5/test_3-5_0-9_293.py ..F.....                                      [100%]

=========================== short test summary info ============================
FAILED ts-3-5/test_3-5_0-9_293.py::test_has_cycle_with_cycle - RecursionError...
========================= 1 failed, 7 passed in 0.14s ==========================
</pre></div></div></div></div></div><div class="mb-1" id="job_list___sub_accordion_60"><div class="card"><a data-toggle="collapse" data-target="#job_list___sub_collapse_60_1" aria-expanded="false" aria-controls="job_list___sub_collapse_60_1" href="#" class="job_list___sub_multi_heading"><div role="alert" class="card-header alert-success" id="job_list___sub_heading_60_1"><button class="btn btn-outline-success"><span class="job_id">60 : Job ID c386e800ed794dbb88901b312c8f98b6</span></button></div></a><div aria-labelledby="job_list___sub_heading_60_1" data-parent="#job_list___sub_accordion_60" class="collapse job_list___sub_multi_collapse" id="job_list___sub_collapse_60_1"><div class="card-body"><div class="work-item"><div class="alert alert-success test-outcome" role="alert"><p>worker outcome: normal</p><p>test outcome: killed</p></div></div><pre class="location"><a href="pycharm://open?file=graph1.py&amp;line=65" class="text-secondary"><button class="btn btn-outline-dark">graph1.py, start pos: (65, 28), end pos: (65, 29)</button></a></pre><pre>operator: core/ReplaceUnaryOperator_Delete_USub, occurrence: 1</pre><div class="alert alert-secondary"><pre class="diff">--- mutation diff ---
--- agraph1.py
+++ bgraph1.py
@@ -62,7 +62,7 @@
                 return False
             elif visited[node] == 1:
                 return True
-            visited[node] = -1
+            visited[node] = 1
             for neighbor in self.graph[node]:
                 if not valid(neighbor):
                     return False</pre></div><div class="alert alert-secondary"><pre class="diff">============================= test session starts ==============================
platform linux -- Python 3.10.12, pytest-8.3.3, pluggy-1.5.0
rootdir: /home/teste/python_experiments2/graph1
collected 8 items

ts-3-5/test_3-5_0-9_293.py ..F.....                                      [100%]

=========================== short test summary info ============================
FAILED ts-3-5/test_3-5_0-9_293.py::test_has_cycle_with_cycle - assert False =...
========================= 1 failed, 7 passed in 0.14s ==========================
</pre></div></div></div></div></div><div class="mb-1" id="job_list___sub_accordion_61"><div class="card"><a data-toggle="collapse" data-target="#job_list___sub_collapse_61_1" aria-expanded="false" aria-controls="job_list___sub_collapse_61_1" href="#" class="job_list___sub_multi_heading"><div role="alert" class="card-header alert-danger" id="job_list___sub_heading_61_1"><button class="btn btn-outline-danger"><span class="job_id">61 : Job ID 428b6aaefa0b42b0acee28bfbe1f0203</span></button></div></a><div aria-labelledby="job_list___sub_heading_61_1" data-parent="#job_list___sub_accordion_61" class="collapse job_list___sub_multi_collapse" id="job_list___sub_collapse_61_1"><div class="card-body"><div class="work-item"><div class="alert alert-danger test-outcome" role="alert"><p>SURVIVED</p><p>worker outcome: normal</p><p>test outcome: survived</p></div></div><pre class="location"><a href="pycharm://open?file=graph1.py&amp;line=67" class="text-secondary"><button class="btn btn-outline-dark">graph1.py, start pos: (67, 19), end pos: (67, 22)</button></a></pre><pre>operator: core/ReplaceUnaryOperator_Delete_Not, occurrence: 0</pre><div class="alert alert-secondary"><pre class="diff">--- mutation diff ---
--- agraph1.py
+++ bgraph1.py
@@ -64,7 +64,7 @@
                 return True
             visited[node] = -1
             for neighbor in self.graph[node]:
-                if not valid(neighbor):
+                if  valid(neighbor):
                     return False
             return True
 </pre></div><div class="alert alert-secondary"><pre class="diff">============================= test session starts ==============================
platform linux -- Python 3.10.12, pytest-8.3.3, pluggy-1.5.0
rootdir: /home/teste/python_experiments2/graph1
collected 8 items

ts-3-5/test_3-5_0-9_293.py ........                                      [100%]

============================== 8 passed in 0.14s ===============================
</pre></div></div></div></div></div><div class="mb-1" id="job_list___sub_accordion_62"><div class="card"><a data-toggle="collapse" data-target="#job_list___sub_collapse_62_1" aria-expanded="false" aria-controls="job_list___sub_collapse_62_1" href="#" class="job_list___sub_multi_heading"><div role="alert" class="card-header alert-success" id="job_list___sub_heading_62_1"><button class="btn btn-outline-success"><span class="job_id">62 : Job ID 96e936f99d2f484f8940f718c1ff87da</span></button></div></a><div aria-labelledby="job_list___sub_heading_62_1" data-parent="#job_list___sub_accordion_62" class="collapse job_list___sub_multi_collapse" id="job_list___sub_collapse_62_1"><div class="card-body"><div class="work-item"><div class="alert alert-success test-outcome" role="alert"><p>worker outcome: normal</p><p>test outcome: killed</p></div></div><pre class="location"><a href="pycharm://open?file=graph1.py&amp;line=75" class="text-secondary"><button class="btn btn-outline-dark">graph1.py, start pos: (75, 15), end pos: (75, 18)</button></a></pre><pre>operator: core/ReplaceUnaryOperator_Delete_Not, occurrence: 1</pre><div class="alert alert-secondary"><pre class="diff">--- mutation diff ---
--- agraph1.py
+++ bgraph1.py
@@ -72,7 +72,7 @@
             # dfs from each, mark as -1 when visited
             # after dfs set all -1 -&gt; 1
             # cancel if find a 1, as its already been explored
-            if not visited[node]:
+            if  visited[node]:
                 # print(visited)
                 if valid(node):
                     # set all -1 to 1</pre></div><div class="alert alert-secondary"><pre class="diff">============================= test session starts ==============================
platform linux -- Python 3.10.12, pytest-8.3.3, pluggy-1.5.0
rootdir: /home/teste/python_experiments2/graph1
collected 8 items

ts-3-5/test_3-5_0-9_293.py ..F.....                                      [100%]

=========================== short test summary info ============================
FAILED ts-3-5/test_3-5_0-9_293.py::test_has_cycle_with_cycle - assert False =...
========================= 1 failed, 7 passed in 0.14s ==========================
</pre></div></div></div></div></div><div class="mb-1" id="job_list___sub_accordion_63"><div class="card"><a data-toggle="collapse" data-target="#job_list___sub_collapse_63_1" aria-expanded="false" aria-controls="job_list___sub_collapse_63_1" href="#" class="job_list___sub_multi_heading"><div role="alert" class="card-header alert-success" id="job_list___sub_heading_63_1"><button class="btn btn-outline-success"><span class="job_id">63 : Job ID 6ebf67b169a845679d7f3ac81249241e</span></button></div></a><div aria-labelledby="job_list___sub_heading_63_1" data-parent="#job_list___sub_accordion_63" class="collapse job_list___sub_multi_collapse" id="job_list___sub_collapse_63_1"><div class="card-body"><div class="work-item"><div class="alert alert-success test-outcome" role="alert"><p>worker outcome: normal</p><p>test outcome: killed</p></div></div><pre class="location"><a href="pycharm://open?file=graph1.py&amp;line=36" class="text-secondary"><button class="btn btn-outline-dark">graph1.py, start pos: (36, 11), end pos: (36, 43)</button></a></pre><pre>operator: core/AddNot, occurrence: 0</pre><div class="alert alert-secondary"><pre class="diff">--- mutation diff ---
--- agraph1.py
+++ bgraph1.py
@@ -33,7 +33,7 @@
             destination: the destination vertex
 
         """
-        if len(self.graph) &gt; self.verticies:
+        if not len(self.graph) &gt; self.verticies:
             raise IndexError("Too many verticies in graph.")
         
         if source in self.graph:</pre></div><div class="alert alert-secondary"><pre class="diff">============================= test session starts ==============================
platform linux -- Python 3.10.12, pytest-8.3.3, pluggy-1.5.0
rootdir: /home/teste/python_experiments2/graph1
collected 8 items

ts-3-5/test_3-5_0-9_293.py .FFF....                                      [100%]

=========================== short test summary info ============================
FAILED ts-3-5/test_3-5_0-9_293.py::test_has_cycle_no_cycle - IndexError: Too ...
FAILED ts-3-5/test_3-5_0-9_293.py::test_has_cycle_with_cycle - IndexError: To...
FAILED ts-3-5/test_3-5_0-9_293.py::test_topological_sort - IndexError: Too ma...
========================= 3 failed, 5 passed in 0.14s ==========================
</pre></div></div></div></div></div><div class="mb-1" id="job_list___sub_accordion_64"><div class="card"><a data-toggle="collapse" data-target="#job_list___sub_collapse_64_1" aria-expanded="false" aria-controls="job_list___sub_collapse_64_1" href="#" class="job_list___sub_multi_heading"><div role="alert" class="card-header alert-success" id="job_list___sub_heading_64_1"><button class="btn btn-outline-success"><span class="job_id">64 : Job ID 8a4cfa88f41049549a3812c080598972</span></button></div></a><div aria-labelledby="job_list___sub_heading_64_1" data-parent="#job_list___sub_accordion_64" class="collapse job_list___sub_multi_collapse" id="job_list___sub_collapse_64_1"><div class="card-body"><div class="work-item"><div class="alert alert-success test-outcome" role="alert"><p>worker outcome: normal</p><p>test outcome: killed</p></div></div><pre class="location"><a href="pycharm://open?file=graph1.py&amp;line=39" class="text-secondary"><button class="btn btn-outline-dark">graph1.py, start pos: (39, 11), end pos: (39, 31)</button></a></pre><pre>operator: core/AddNot, occurrence: 1</pre><div class="alert alert-secondary"><pre class="diff">--- mutation diff ---
--- agraph1.py
+++ bgraph1.py
@@ -36,7 +36,7 @@
         if len(self.graph) &gt; self.verticies:
             raise IndexError("Too many verticies in graph.")
         
-        if source in self.graph:
+        if not source in self.graph:
             self.graph[source].append(destination)
         else:
             self.graph[source] = [destination]</pre></div><div class="alert alert-secondary"><pre class="diff">============================= test session starts ==============================
platform linux -- Python 3.10.12, pytest-8.3.3, pluggy-1.5.0
rootdir: /home/teste/python_experiments2/graph1
collected 8 items

ts-3-5/test_3-5_0-9_293.py .FFF....                                      [100%]

=========================== short test summary info ============================
FAILED ts-3-5/test_3-5_0-9_293.py::test_has_cycle_no_cycle - KeyError: 0
FAILED ts-3-5/test_3-5_0-9_293.py::test_has_cycle_with_cycle - KeyError: 0
FAILED ts-3-5/test_3-5_0-9_293.py::test_topological_sort - KeyError: 0
========================= 3 failed, 5 passed in 0.14s ==========================
</pre></div></div></div></div></div><div class="mb-1" id="job_list___sub_accordion_65"><div class="card"><a data-toggle="collapse" data-target="#job_list___sub_collapse_65_1" aria-expanded="false" aria-controls="job_list___sub_collapse_65_1" href="#" class="job_list___sub_multi_heading"><div role="alert" class="card-header alert-success" id="job_list___sub_heading_65_1"><button class="btn btn-outline-success"><span class="job_id">65 : Job ID 93cec1af5f6c44fd8974ea69af371075</span></button></div></a><div aria-labelledby="job_list___sub_heading_65_1" data-parent="#job_list___sub_accordion_65" class="collapse job_list___sub_multi_collapse" id="job_list___sub_collapse_65_1"><div class="card-body"><div class="work-item"><div class="alert alert-success test-outcome" role="alert"><p>worker outcome: normal</p><p>test outcome: killed</p></div></div><pre class="location"><a href="pycharm://open?file=graph1.py&amp;line=44" class="text-secondary"><button class="btn btn-outline-dark">graph1.py, start pos: (44, 11), end pos: (44, 40)</button></a></pre><pre>operator: core/AddNot, occurrence: 2</pre><div class="alert alert-secondary"><pre class="diff">--- mutation diff ---
--- agraph1.py
+++ bgraph1.py
@@ -41,7 +41,7 @@
         else:
             self.graph[source] = [destination]
         
-        if destination not in self.graph:
+        if not destination not in self.graph:
             self.graph[destination] = []
 
     def has_cycle(self):</pre></div><div class="alert alert-secondary"><pre class="diff">============================= test session starts ==============================
platform linux -- Python 3.10.12, pytest-8.3.3, pluggy-1.5.0
rootdir: /home/teste/python_experiments2/graph1
collected 8 items

ts-3-5/test_3-5_0-9_293.py .FFF....                                      [100%]

=========================== short test summary info ============================
FAILED ts-3-5/test_3-5_0-9_293.py::test_has_cycle_no_cycle - KeyError: 2
FAILED ts-3-5/test_3-5_0-9_293.py::test_has_cycle_with_cycle - assert False =...
FAILED ts-3-5/test_3-5_0-9_293.py::test_topological_sort - KeyError: 3
========================= 3 failed, 5 passed in 0.13s ==========================
</pre></div></div></div></div></div><div class="mb-1" id="job_list___sub_accordion_66"><div class="card"><a data-toggle="collapse" data-target="#job_list___sub_collapse_66_1" aria-expanded="false" aria-controls="job_list___sub_collapse_66_1" href="#" class="job_list___sub_multi_heading"><div role="alert" class="card-header alert-success" id="job_list___sub_heading_66_1"><button class="btn btn-outline-success"><span class="job_id">66 : Job ID 1059a89b52b34500b4bfe3e9ff13b692</span></button></div></a><div aria-labelledby="job_list___sub_heading_66_1" data-parent="#job_list___sub_accordion_66" class="collapse job_list___sub_multi_collapse" id="job_list___sub_collapse_66_1"><div class="card-body"><div class="work-item"><div class="alert alert-success test-outcome" role="alert"><p>worker outcome: normal</p><p>test outcome: killed</p></div></div><pre class="location"><a href="pycharm://open?file=graph1.py&amp;line=61" class="text-secondary"><button class="btn btn-outline-dark">graph1.py, start pos: (61, 15), end pos: (61, 34)</button></a></pre><pre>operator: core/AddNot, occurrence: 3</pre><div class="alert alert-secondary"><pre class="diff">--- mutation diff ---
--- agraph1.py
+++ bgraph1.py
@@ -58,7 +58,7 @@
 
         def valid(node):
             # print(visited, node)
-            if visited[node] == -1:
+            if not visited[node] == -1:
                 return False
             elif visited[node] == 1:
                 return True</pre></div><div class="alert alert-secondary"><pre class="diff">============================= test session starts ==============================
platform linux -- Python 3.10.12, pytest-8.3.3, pluggy-1.5.0
rootdir: /home/teste/python_experiments2/graph1
collected 8 items

ts-3-5/test_3-5_0-9_293.py .F......                                      [100%]

=========================== short test summary info ============================
FAILED ts-3-5/test_3-5_0-9_293.py::test_has_cycle_no_cycle - assert True == F...
========================= 1 failed, 7 passed in 0.14s ==========================
</pre></div></div></div></div></div><div class="mb-1" id="job_list___sub_accordion_67"><div class="card"><a data-toggle="collapse" data-target="#job_list___sub_collapse_67_1" aria-expanded="false" aria-controls="job_list___sub_collapse_67_1" href="#" class="job_list___sub_multi_heading"><div role="alert" class="card-header alert-danger" id="job_list___sub_heading_67_1"><button class="btn btn-outline-danger"><span class="job_id">67 : Job ID c1244e7e130c494798955c8e306cfa06</span></button></div></a><div aria-labelledby="job_list___sub_heading_67_1" data-parent="#job_list___sub_accordion_67" class="collapse job_list___sub_multi_collapse" id="job_list___sub_collapse_67_1"><div class="card-body"><div class="work-item"><div class="alert alert-danger test-outcome" role="alert"><p>SURVIVED</p><p>worker outcome: normal</p><p>test outcome: survived</p></div></div><pre class="location"><a href="pycharm://open?file=graph1.py&amp;line=67" class="text-secondary"><button class="btn btn-outline-dark">graph1.py, start pos: (67, 19), end pos: (67, 38)</button></a></pre><pre>operator: core/AddNot, occurrence: 4</pre><div class="alert alert-secondary"><pre class="diff">--- mutation diff ---
--- agraph1.py
+++ bgraph1.py
@@ -64,7 +64,7 @@
                 return True
             visited[node] = -1
             for neighbor in self.graph[node]:
-                if not valid(neighbor):
+                if not not valid(neighbor):
                     return False
             return True
 </pre></div><div class="alert alert-secondary"><pre class="diff">============================= test session starts ==============================
platform linux -- Python 3.10.12, pytest-8.3.3, pluggy-1.5.0
rootdir: /home/teste/python_experiments2/graph1
collected 8 items

ts-3-5/test_3-5_0-9_293.py ........                                      [100%]

============================== 8 passed in 0.14s ===============================
</pre></div></div></div></div></div><div class="mb-1" id="job_list___sub_accordion_68"><div class="card"><a data-toggle="collapse" data-target="#job_list___sub_collapse_68_1" aria-expanded="false" aria-controls="job_list___sub_collapse_68_1" href="#" class="job_list___sub_multi_heading"><div role="alert" class="card-header alert-success" id="job_list___sub_heading_68_1"><button class="btn btn-outline-success"><span class="job_id">68 : Job ID dd297b81fc054b85808f31892bef5dbc</span></button></div></a><div aria-labelledby="job_list___sub_heading_68_1" data-parent="#job_list___sub_accordion_68" class="collapse job_list___sub_multi_collapse" id="job_list___sub_collapse_68_1"><div class="card-body"><div class="work-item"><div class="alert alert-success test-outcome" role="alert"><p>worker outcome: normal</p><p>test outcome: killed</p></div></div><pre class="location"><a href="pycharm://open?file=graph1.py&amp;line=75" class="text-secondary"><button class="btn btn-outline-dark">graph1.py, start pos: (75, 15), end pos: (75, 32)</button></a></pre><pre>operator: core/AddNot, occurrence: 5</pre><div class="alert alert-secondary"><pre class="diff">--- mutation diff ---
--- agraph1.py
+++ bgraph1.py
@@ -72,7 +72,7 @@
             # dfs from each, mark as -1 when visited
             # after dfs set all -1 -&gt; 1
             # cancel if find a 1, as its already been explored
-            if not visited[node]:
+            if not not visited[node]:
                 # print(visited)
                 if valid(node):
                     # set all -1 to 1</pre></div><div class="alert alert-secondary"><pre class="diff">============================= test session starts ==============================
platform linux -- Python 3.10.12, pytest-8.3.3, pluggy-1.5.0
rootdir: /home/teste/python_experiments2/graph1
collected 8 items

ts-3-5/test_3-5_0-9_293.py ..F.....                                      [100%]

=========================== short test summary info ============================
FAILED ts-3-5/test_3-5_0-9_293.py::test_has_cycle_with_cycle - assert False =...
========================= 1 failed, 7 passed in 0.13s ==========================
</pre></div></div></div></div></div><div class="mb-1" id="job_list___sub_accordion_69"><div class="card"><a data-toggle="collapse" data-target="#job_list___sub_collapse_69_1" aria-expanded="false" aria-controls="job_list___sub_collapse_69_1" href="#" class="job_list___sub_multi_heading"><div role="alert" class="card-header alert-success" id="job_list___sub_heading_69_1"><button class="btn btn-outline-success"><span class="job_id">69 : Job ID b73ef75c2cae44edaca941faee1b759f</span></button></div></a><div aria-labelledby="job_list___sub_heading_69_1" data-parent="#job_list___sub_accordion_69" class="collapse job_list___sub_multi_collapse" id="job_list___sub_collapse_69_1"><div class="card-body"><div class="work-item"><div class="alert alert-success test-outcome" role="alert"><p>worker outcome: normal</p><p>test outcome: killed</p></div></div><pre class="location"><a href="pycharm://open?file=graph1.py&amp;line=77" class="text-secondary"><button class="btn btn-outline-dark">graph1.py, start pos: (77, 19), end pos: (77, 30)</button></a></pre><pre>operator: core/AddNot, occurrence: 6</pre><div class="alert alert-secondary"><pre class="diff">--- mutation diff ---
--- agraph1.py
+++ bgraph1.py
@@ -74,7 +74,7 @@
             # cancel if find a 1, as its already been explored
             if not visited[node]:
                 # print(visited)
-                if valid(node):
+                if not valid(node):
                     # set all -1 to 1
                     visited = list(map(lambda x: abs(x),visited))
                 else:</pre></div><div class="alert alert-secondary"><pre class="diff">============================= test session starts ==============================
platform linux -- Python 3.10.12, pytest-8.3.3, pluggy-1.5.0
rootdir: /home/teste/python_experiments2/graph1
collected 8 items

ts-3-5/test_3-5_0-9_293.py .FF.....                                      [100%]

=========================== short test summary info ============================
FAILED ts-3-5/test_3-5_0-9_293.py::test_has_cycle_no_cycle - assert True == F...
FAILED ts-3-5/test_3-5_0-9_293.py::test_has_cycle_with_cycle - assert False =...
========================= 2 failed, 6 passed in 0.14s ==========================
</pre></div></div></div></div></div><div class="mb-1" id="job_list___sub_accordion_70"><div class="card"><a data-toggle="collapse" data-target="#job_list___sub_collapse_70_1" aria-expanded="false" aria-controls="job_list___sub_collapse_70_1" href="#" class="job_list___sub_multi_heading"><div role="alert" class="card-header alert-success" id="job_list___sub_heading_70_1"><button class="btn btn-outline-success"><span class="job_id">70 : Job ID de349dc36cbc4c319cf0f52b51a0fbb9</span></button></div></a><div aria-labelledby="job_list___sub_heading_70_1" data-parent="#job_list___sub_accordion_70" class="collapse job_list___sub_multi_collapse" id="job_list___sub_collapse_70_1"><div class="card-body"><div class="work-item"><div class="alert alert-success test-outcome" role="alert"><p>worker outcome: normal</p><p>test outcome: killed</p></div></div><pre class="location"><a href="pycharm://open?file=graph1.py&amp;line=113" class="text-secondary"><button class="btn btn-outline-dark">graph1.py, start pos: (113, 19), end pos: (113, 35)</button></a></pre><pre>operator: core/AddNot, occurrence: 7</pre><div class="alert alert-secondary"><pre class="diff">--- mutation diff ---
--- agraph1.py
+++ bgraph1.py
@@ -110,7 +110,7 @@
         def dfs(vertex):
             visited.add(vertex)
             for j in self.graph[vertex]:
-                if j not in visited:
+                if not j not in visited:
                     dfs(j)
             
             stack.appendleft(vertex)</pre></div><div class="alert alert-secondary"><pre class="diff">============================= test session starts ==============================
platform linux -- Python 3.10.12, pytest-8.3.3, pluggy-1.5.0
rootdir: /home/teste/python_experiments2/graph1
collected 8 items

ts-3-5/test_3-5_0-9_293.py ...F....                                      [100%]

=========================== short test summary info ============================
FAILED ts-3-5/test_3-5_0-9_293.py::test_topological_sort - assert [3, 2, 1, 0...
========================= 1 failed, 7 passed in 0.14s ==========================
</pre></div></div></div></div></div><div class="mb-1" id="job_list___sub_accordion_71"><div class="card"><a data-toggle="collapse" data-target="#job_list___sub_collapse_71_1" aria-expanded="false" aria-controls="job_list___sub_collapse_71_1" href="#" class="job_list___sub_multi_heading"><div role="alert" class="card-header alert-success" id="job_list___sub_heading_71_1"><button class="btn btn-outline-success"><span class="job_id">71 : Job ID a24a6bf19933461c8949f97939b05cd0</span></button></div></a><div aria-labelledby="job_list___sub_heading_71_1" data-parent="#job_list___sub_accordion_71" class="collapse job_list___sub_multi_collapse" id="job_list___sub_collapse_71_1"><div class="card-body"><div class="work-item"><div class="alert alert-success test-outcome" role="alert"><p>worker outcome: normal</p><p>test outcome: killed</p></div></div><pre class="location"><a href="pycharm://open?file=graph1.py&amp;line=119" class="text-secondary"><button class="btn btn-outline-dark">graph1.py, start pos: (119, 15), end pos: (119, 33)</button></a></pre><pre>operator: core/AddNot, occurrence: 8</pre><div class="alert alert-secondary"><pre class="diff">--- mutation diff ---
--- agraph1.py
+++ bgraph1.py
@@ -116,7 +116,7 @@
             stack.appendleft(vertex)
 
         for key, _ in self.graph.items():
-            if key not in visited:
+            if not key not in visited:
                 dfs(key)
         
         return list(stack)</pre></div><div class="alert alert-secondary"><pre class="diff">============================= test session starts ==============================
platform linux -- Python 3.10.12, pytest-8.3.3, pluggy-1.5.0
rootdir: /home/teste/python_experiments2/graph1
collected 8 items

ts-3-5/test_3-5_0-9_293.py ...F....                                      [100%]

=========================== short test summary info ============================
FAILED ts-3-5/test_3-5_0-9_293.py::test_topological_sort - assert [] == [0, 2...
========================= 1 failed, 7 passed in 0.14s ==========================
</pre></div></div></div></div></div><div class="mb-1" id="job_list___sub_accordion_72"><div class="card"><a data-toggle="collapse" data-target="#job_list___sub_collapse_72_1" aria-expanded="false" aria-controls="job_list___sub_collapse_72_1" href="#" class="job_list___sub_multi_heading"><div role="alert" class="card-header alert-success" id="job_list___sub_heading_72_1"><button class="btn btn-outline-success"><span class="job_id">72 : Job ID 20bdb21fd07c462994719c4c00d350ec</span></button></div></a><div aria-labelledby="job_list___sub_heading_72_1" data-parent="#job_list___sub_accordion_72" class="collapse job_list___sub_multi_collapse" id="job_list___sub_collapse_72_1"><div class="card-body"><div class="work-item"><div class="alert alert-success test-outcome" role="alert"><p>worker outcome: normal</p><p>test outcome: killed</p></div></div><pre class="location"><a href="pycharm://open?file=graph1.py&amp;line=152" class="text-secondary"><button class="btn btn-outline-dark">graph1.py, start pos: (152, 11), end pos: (152, 35)</button></a></pre><pre>operator: core/AddNot, occurrence: 9</pre><div class="alert alert-secondary"><pre class="diff">--- mutation diff ---
--- agraph1.py
+++ bgraph1.py
@@ -149,7 +149,7 @@
         self.vertices[val] = vertex
     
     def add_edge(self, src, dst, weight=0):
-        if src not in self.vertices:
+        if not src not in self.vertices:
             self.add_vertex(src)
         if dst not in self.vertices:
             self.add_vertex(dst)</pre></div><div class="alert alert-secondary"><pre class="diff">============================= test session starts ==============================
platform linux -- Python 3.10.12, pytest-8.3.3, pluggy-1.5.0
rootdir: /home/teste/python_experiments2/graph1
collected 8 items

ts-3-5/test_3-5_0-9_293.py F...F...                                      [100%]

=========================== short test summary info ============================
FAILED ts-3-5/test_3-5_0-9_293.py::test_add_edge - KeyError: 1
FAILED ts-3-5/test_3-5_0-9_293.py::test_remove_edge - KeyError: 1
========================= 2 failed, 6 passed in 0.15s ==========================
</pre></div></div></div></div></div><div class="mb-1" id="job_list___sub_accordion_73"><div class="card"><a data-toggle="collapse" data-target="#job_list___sub_collapse_73_1" aria-expanded="false" aria-controls="job_list___sub_collapse_73_1" href="#" class="job_list___sub_multi_heading"><div role="alert" class="card-header alert-success" id="job_list___sub_heading_73_1"><button class="btn btn-outline-success"><span class="job_id">73 : Job ID afa9626a787f40329a0fa7e3c0962c9c</span></button></div></a><div aria-labelledby="job_list___sub_heading_73_1" data-parent="#job_list___sub_accordion_73" class="collapse job_list___sub_multi_collapse" id="job_list___sub_collapse_73_1"><div class="card-body"><div class="work-item"><div class="alert alert-success test-outcome" role="alert"><p>worker outcome: normal</p><p>test outcome: killed</p></div></div><pre class="location"><a href="pycharm://open?file=graph1.py&amp;line=154" class="text-secondary"><button class="btn btn-outline-dark">graph1.py, start pos: (154, 11), end pos: (154, 35)</button></a></pre><pre>operator: core/AddNot, occurrence: 10</pre><div class="alert alert-secondary"><pre class="diff">--- mutation diff ---
--- agraph1.py
+++ bgraph1.py
@@ -151,7 +151,7 @@
     def add_edge(self, src, dst, weight=0):
         if src not in self.vertices:
             self.add_vertex(src)
-        if dst not in self.vertices:
+        if not dst not in self.vertices:
             self.add_vertex(dst)
         self.vertices[src].add_adjacent(dst, weight)
     </pre></div><div class="alert alert-secondary"><pre class="diff">============================= test session starts ==============================
platform linux -- Python 3.10.12, pytest-8.3.3, pluggy-1.5.0
rootdir: /home/teste/python_experiments2/graph1
collected 8 items

ts-3-5/test_3-5_0-9_293.py ....F...                                      [100%]

=========================== short test summary info ============================
FAILED ts-3-5/test_3-5_0-9_293.py::test_remove_edge - assert 2 not in {2: 5}
========================= 1 failed, 7 passed in 0.14s ==========================
</pre></div></div></div></div></div><div class="mb-1" id="job_list___sub_accordion_74"><div class="card"><a data-toggle="collapse" data-target="#job_list___sub_collapse_74_1" aria-expanded="false" aria-controls="job_list___sub_collapse_74_1" href="#" class="job_list___sub_multi_heading"><div role="alert" class="card-header alert-success" id="job_list___sub_heading_74_1"><button class="btn btn-outline-success"><span class="job_id">74 : Job ID 845694c37b0542e4be56c901da8c40a5</span></button></div></a><div aria-labelledby="job_list___sub_heading_74_1" data-parent="#job_list___sub_accordion_74" class="collapse job_list___sub_multi_collapse" id="job_list___sub_collapse_74_1"><div class="card-body"><div class="work-item"><div class="alert alert-success test-outcome" role="alert"><p>worker outcome: normal</p><p>test outcome: killed</p></div></div><pre class="location"><a href="pycharm://open?file=graph1.py&amp;line=159" class="text-secondary"><button class="btn btn-outline-dark">graph1.py, start pos: (159, 11), end pos: (159, 35)</button></a></pre><pre>operator: core/AddNot, occurrence: 11</pre><div class="alert alert-secondary"><pre class="diff">--- mutation diff ---
--- agraph1.py
+++ bgraph1.py
@@ -156,7 +156,7 @@
         self.vertices[src].add_adjacent(dst, weight)
     
     def remove_edge(self, src, dst):
-        if src not in self.vertices:
+        if not src not in self.vertices:
             return
         if dst not in self.vertices:
             return</pre></div><div class="alert alert-secondary"><pre class="diff">============================= test session starts ==============================
platform linux -- Python 3.10.12, pytest-8.3.3, pluggy-1.5.0
rootdir: /home/teste/python_experiments2/graph1
collected 8 items

ts-3-5/test_3-5_0-9_293.py ....F...                                      [100%]

=========================== short test summary info ============================
FAILED ts-3-5/test_3-5_0-9_293.py::test_remove_edge - assert 2 not in {2: 5}
========================= 1 failed, 7 passed in 0.14s ==========================
</pre></div></div></div></div></div><div class="mb-1" id="job_list___sub_accordion_75"><div class="card"><a data-toggle="collapse" data-target="#job_list___sub_collapse_75_1" aria-expanded="false" aria-controls="job_list___sub_collapse_75_1" href="#" class="job_list___sub_multi_heading"><div role="alert" class="card-header alert-success" id="job_list___sub_heading_75_1"><button class="btn btn-outline-success"><span class="job_id">75 : Job ID 887f7918bc4b4bfe87a74a0347666f02</span></button></div></a><div aria-labelledby="job_list___sub_heading_75_1" data-parent="#job_list___sub_accordion_75" class="collapse job_list___sub_multi_collapse" id="job_list___sub_collapse_75_1"><div class="card-body"><div class="work-item"><div class="alert alert-success test-outcome" role="alert"><p>worker outcome: normal</p><p>test outcome: killed</p></div></div><pre class="location"><a href="pycharm://open?file=graph1.py&amp;line=161" class="text-secondary"><button class="btn btn-outline-dark">graph1.py, start pos: (161, 11), end pos: (161, 35)</button></a></pre><pre>operator: core/AddNot, occurrence: 12</pre><div class="alert alert-secondary"><pre class="diff">--- mutation diff ---
--- agraph1.py
+++ bgraph1.py
@@ -158,7 +158,7 @@
     def remove_edge(self, src, dst):
         if src not in self.vertices:
             return
-        if dst not in self.vertices:
+        if not dst not in self.vertices:
             return
         if dst in self.vertices[src].adjacent:
             self.vertices[src].remove_adjacent(dst)</pre></div><div class="alert alert-secondary"><pre class="diff">============================= test session starts ==============================
platform linux -- Python 3.10.12, pytest-8.3.3, pluggy-1.5.0
rootdir: /home/teste/python_experiments2/graph1
collected 8 items

ts-3-5/test_3-5_0-9_293.py ....F...                                      [100%]

=========================== short test summary info ============================
FAILED ts-3-5/test_3-5_0-9_293.py::test_remove_edge - assert 2 not in {2: 5}
========================= 1 failed, 7 passed in 0.14s ==========================
</pre></div></div></div></div></div><div class="mb-1" id="job_list___sub_accordion_76"><div class="card"><a data-toggle="collapse" data-target="#job_list___sub_collapse_76_1" aria-expanded="false" aria-controls="job_list___sub_collapse_76_1" href="#" class="job_list___sub_multi_heading"><div role="alert" class="card-header alert-success" id="job_list___sub_heading_76_1"><button class="btn btn-outline-success"><span class="job_id">76 : Job ID ff13fd5f3d8445c19ed55aba9e7b7f08</span></button></div></a><div aria-labelledby="job_list___sub_heading_76_1" data-parent="#job_list___sub_accordion_76" class="collapse job_list___sub_multi_collapse" id="job_list___sub_collapse_76_1"><div class="card-body"><div class="work-item"><div class="alert alert-success test-outcome" role="alert"><p>worker outcome: normal</p><p>test outcome: killed</p></div></div><pre class="location"><a href="pycharm://open?file=graph1.py&amp;line=163" class="text-secondary"><button class="btn btn-outline-dark">graph1.py, start pos: (163, 11), end pos: (163, 45)</button></a></pre><pre>operator: core/AddNot, occurrence: 13</pre><div class="alert alert-secondary"><pre class="diff">--- mutation diff ---
--- agraph1.py
+++ bgraph1.py
@@ -160,6 +160,6 @@
             return
         if dst not in self.vertices:
             return
-        if dst in self.vertices[src].adjacent:
+        if not dst in self.vertices[src].adjacent:
             self.vertices[src].remove_adjacent(dst)
 </pre></div><div class="alert alert-secondary"><pre class="diff">============================= test session starts ==============================
platform linux -- Python 3.10.12, pytest-8.3.3, pluggy-1.5.0
rootdir: /home/teste/python_experiments2/graph1
collected 8 items

ts-3-5/test_3-5_0-9_293.py ....F...                                      [100%]

=========================== short test summary info ============================
FAILED ts-3-5/test_3-5_0-9_293.py::test_remove_edge - assert 2 not in {2: 5}
========================= 1 failed, 7 passed in 0.14s ==========================
</pre></div></div></div></div></div><div class="mb-1" id="job_list___sub_accordion_77"><div class="card"><a data-toggle="collapse" data-target="#job_list___sub_collapse_77_1" aria-expanded="false" aria-controls="job_list___sub_collapse_77_1" href="#" class="job_list___sub_multi_heading"><div role="alert" class="card-header alert-danger" id="job_list___sub_heading_77_1"><button class="btn btn-outline-danger"><span class="job_id">77 : Job ID afd58ec9a3ef461faa2944ceac3620cf</span></button></div></a><div aria-labelledby="job_list___sub_heading_77_1" data-parent="#job_list___sub_accordion_77" class="collapse job_list___sub_multi_collapse" id="job_list___sub_collapse_77_1"><div class="card-body"><div class="work-item"><div class="alert alert-danger test-outcome" role="alert"><p>SURVIVED</p><p>worker outcome: normal</p><p>test outcome: survived</p></div></div><pre class="location"><a href="pycharm://open?file=graph1.py&amp;line=64" class="text-secondary"><button class="btn btn-outline-dark">graph1.py, start pos: (64, 23), end pos: (64, 27)</button></a></pre><pre>operator: core/ReplaceTrueWithFalse, occurrence: 0</pre><div class="alert alert-secondary"><pre class="diff">--- mutation diff ---
--- agraph1.py
+++ bgraph1.py
@@ -61,7 +61,7 @@
             if visited[node] == -1:
                 return False
             elif visited[node] == 1:
-                return True
+                return False
             visited[node] = -1
             for neighbor in self.graph[node]:
                 if not valid(neighbor):</pre></div><div class="alert alert-secondary"><pre class="diff">============================= test session starts ==============================
platform linux -- Python 3.10.12, pytest-8.3.3, pluggy-1.5.0
rootdir: /home/teste/python_experiments2/graph1
collected 8 items

ts-3-5/test_3-5_0-9_293.py ........                                      [100%]

============================== 8 passed in 0.14s ===============================
</pre></div></div></div></div></div><div class="mb-1" id="job_list___sub_accordion_78"><div class="card"><a data-toggle="collapse" data-target="#job_list___sub_collapse_78_1" aria-expanded="false" aria-controls="job_list___sub_collapse_78_1" href="#" class="job_list___sub_multi_heading"><div role="alert" class="card-header alert-success" id="job_list___sub_heading_78_1"><button class="btn btn-outline-success"><span class="job_id">78 : Job ID 7591b93758eb4a5fbea0f3b2ee2dd8a9</span></button></div></a><div aria-labelledby="job_list___sub_heading_78_1" data-parent="#job_list___sub_accordion_78" class="collapse job_list___sub_multi_collapse" id="job_list___sub_collapse_78_1"><div class="card-body"><div class="work-item"><div class="alert alert-success test-outcome" role="alert"><p>worker outcome: normal</p><p>test outcome: killed</p></div></div><pre class="location"><a href="pycharm://open?file=graph1.py&amp;line=69" class="text-secondary"><button class="btn btn-outline-dark">graph1.py, start pos: (69, 19), end pos: (69, 23)</button></a></pre><pre>operator: core/ReplaceTrueWithFalse, occurrence: 1</pre><div class="alert alert-secondary"><pre class="diff">--- mutation diff ---
--- agraph1.py
+++ bgraph1.py
@@ -66,7 +66,7 @@
             for neighbor in self.graph[node]:
                 if not valid(neighbor):
                     return False
-            return True
+            return False
 
         for node in range(self.verticies):
             # dfs from each, mark as -1 when visited</pre></div><div class="alert alert-secondary"><pre class="diff">============================= test session starts ==============================
platform linux -- Python 3.10.12, pytest-8.3.3, pluggy-1.5.0
rootdir: /home/teste/python_experiments2/graph1
collected 8 items

ts-3-5/test_3-5_0-9_293.py .F......                                      [100%]

=========================== short test summary info ============================
FAILED ts-3-5/test_3-5_0-9_293.py::test_has_cycle_no_cycle - assert True == F...
========================= 1 failed, 7 passed in 0.13s ==========================
</pre></div></div></div></div></div><div class="mb-1" id="job_list___sub_accordion_79"><div class="card"><a data-toggle="collapse" data-target="#job_list___sub_collapse_79_1" aria-expanded="false" aria-controls="job_list___sub_collapse_79_1" href="#" class="job_list___sub_multi_heading"><div role="alert" class="card-header alert-success" id="job_list___sub_heading_79_1"><button class="btn btn-outline-success"><span class="job_id">79 : Job ID 3e0a6cc000da48d984e622212ecca318</span></button></div></a><div aria-labelledby="job_list___sub_heading_79_1" data-parent="#job_list___sub_accordion_79" class="collapse job_list___sub_multi_collapse" id="job_list___sub_collapse_79_1"><div class="card-body"><div class="work-item"><div class="alert alert-success test-outcome" role="alert"><p>worker outcome: normal</p><p>test outcome: killed</p></div></div><pre class="location"><a href="pycharm://open?file=graph1.py&amp;line=82" class="text-secondary"><button class="btn btn-outline-dark">graph1.py, start pos: (82, 27), end pos: (82, 31)</button></a></pre><pre>operator: core/ReplaceTrueWithFalse, occurrence: 2</pre><div class="alert alert-secondary"><pre class="diff">--- mutation diff ---
--- agraph1.py
+++ bgraph1.py
@@ -79,7 +79,7 @@
                     visited = list(map(lambda x: abs(x),visited))
                 else:
                     # cycle!
-                    return True
+                    return False
         # no cycle available
         return False
 </pre></div><div class="alert alert-secondary"><pre class="diff">============================= test session starts ==============================
platform linux -- Python 3.10.12, pytest-8.3.3, pluggy-1.5.0
rootdir: /home/teste/python_experiments2/graph1
collected 8 items

ts-3-5/test_3-5_0-9_293.py ..F.....                                      [100%]

=========================== short test summary info ============================
FAILED ts-3-5/test_3-5_0-9_293.py::test_has_cycle_with_cycle - assert False =...
========================= 1 failed, 7 passed in 0.14s ==========================
</pre></div></div></div></div></div><div class="mb-1" id="job_list___sub_accordion_80"><div class="card"><a data-toggle="collapse" data-target="#job_list___sub_collapse_80_1" aria-expanded="false" aria-controls="job_list___sub_collapse_80_1" href="#" class="job_list___sub_multi_heading"><div role="alert" class="card-header alert-success" id="job_list___sub_heading_80_1"><button class="btn btn-outline-success"><span class="job_id">80 : Job ID c987389b3a65482bb396a3c75fcd6378</span></button></div></a><div aria-labelledby="job_list___sub_heading_80_1" data-parent="#job_list___sub_accordion_80" class="collapse job_list___sub_multi_collapse" id="job_list___sub_collapse_80_1"><div class="card-body"><div class="work-item"><div class="alert alert-success test-outcome" role="alert"><p>worker outcome: normal</p><p>test outcome: killed</p></div></div><pre class="location"><a href="pycharm://open?file=graph1.py&amp;line=62" class="text-secondary"><button class="btn btn-outline-dark">graph1.py, start pos: (62, 23), end pos: (62, 28)</button></a></pre><pre>operator: core/ReplaceFalseWithTrue, occurrence: 0</pre><div class="alert alert-secondary"><pre class="diff">--- mutation diff ---
--- agraph1.py
+++ bgraph1.py
@@ -59,7 +59,7 @@
         def valid(node):
             # print(visited, node)
             if visited[node] == -1:
-                return False
+                return True
             elif visited[node] == 1:
                 return True
             visited[node] = -1</pre></div><div class="alert alert-secondary"><pre class="diff">============================= test session starts ==============================
platform linux -- Python 3.10.12, pytest-8.3.3, pluggy-1.5.0
rootdir: /home/teste/python_experiments2/graph1
collected 8 items

ts-3-5/test_3-5_0-9_293.py ..F.....                                      [100%]

=========================== short test summary info ============================
FAILED ts-3-5/test_3-5_0-9_293.py::test_has_cycle_with_cycle - assert False =...
========================= 1 failed, 7 passed in 0.14s ==========================
</pre></div></div></div></div></div><div class="mb-1" id="job_list___sub_accordion_81"><div class="card"><a data-toggle="collapse" data-target="#job_list___sub_collapse_81_1" aria-expanded="false" aria-controls="job_list___sub_collapse_81_1" href="#" class="job_list___sub_multi_heading"><div role="alert" class="card-header alert-success" id="job_list___sub_heading_81_1"><button class="btn btn-outline-success"><span class="job_id">81 : Job ID 5062b7ff03844b7e8606a558346ee078</span></button></div></a><div aria-labelledby="job_list___sub_heading_81_1" data-parent="#job_list___sub_accordion_81" class="collapse job_list___sub_multi_collapse" id="job_list___sub_collapse_81_1"><div class="card-body"><div class="work-item"><div class="alert alert-success test-outcome" role="alert"><p>worker outcome: normal</p><p>test outcome: killed</p></div></div><pre class="location"><a href="pycharm://open?file=graph1.py&amp;line=68" class="text-secondary"><button class="btn btn-outline-dark">graph1.py, start pos: (68, 27), end pos: (68, 32)</button></a></pre><pre>operator: core/ReplaceFalseWithTrue, occurrence: 1</pre><div class="alert alert-secondary"><pre class="diff">--- mutation diff ---
--- agraph1.py
+++ bgraph1.py
@@ -65,7 +65,7 @@
             visited[node] = -1
             for neighbor in self.graph[node]:
                 if not valid(neighbor):
-                    return False
+                    return True
             return True
 
         for node in range(self.verticies):</pre></div><div class="alert alert-secondary"><pre class="diff">============================= test session starts ==============================
platform linux -- Python 3.10.12, pytest-8.3.3, pluggy-1.5.0
rootdir: /home/teste/python_experiments2/graph1
collected 8 items

ts-3-5/test_3-5_0-9_293.py ..F.....                                      [100%]

=========================== short test summary info ============================
FAILED ts-3-5/test_3-5_0-9_293.py::test_has_cycle_with_cycle - assert False =...
========================= 1 failed, 7 passed in 0.14s ==========================
</pre></div></div></div></div></div><div class="mb-1" id="job_list___sub_accordion_82"><div class="card"><a data-toggle="collapse" data-target="#job_list___sub_collapse_82_1" aria-expanded="false" aria-controls="job_list___sub_collapse_82_1" href="#" class="job_list___sub_multi_heading"><div role="alert" class="card-header alert-success" id="job_list___sub_heading_82_1"><button class="btn btn-outline-success"><span class="job_id">82 : Job ID 6819e2477b4a4b6ebfd85e124aca41a2</span></button></div></a><div aria-labelledby="job_list___sub_heading_82_1" data-parent="#job_list___sub_accordion_82" class="collapse job_list___sub_multi_collapse" id="job_list___sub_collapse_82_1"><div class="card-body"><div class="work-item"><div class="alert alert-success test-outcome" role="alert"><p>worker outcome: normal</p><p>test outcome: killed</p></div></div><pre class="location"><a href="pycharm://open?file=graph1.py&amp;line=84" class="text-secondary"><button class="btn btn-outline-dark">graph1.py, start pos: (84, 15), end pos: (84, 20)</button></a></pre><pre>operator: core/ReplaceFalseWithTrue, occurrence: 2</pre><div class="alert alert-secondary"><pre class="diff">--- mutation diff ---
--- agraph1.py
+++ bgraph1.py
@@ -81,7 +81,7 @@
                     # cycle!
                     return True
         # no cycle available
-        return False
+        return True
 
     def topological_sort(self):
         """</pre></div><div class="alert alert-secondary"><pre class="diff">============================= test session starts ==============================
platform linux -- Python 3.10.12, pytest-8.3.3, pluggy-1.5.0
rootdir: /home/teste/python_experiments2/graph1
collected 8 items

ts-3-5/test_3-5_0-9_293.py .F......                                      [100%]

=========================== short test summary info ============================
FAILED ts-3-5/test_3-5_0-9_293.py::test_has_cycle_no_cycle - assert True == F...
========================= 1 failed, 7 passed in 0.14s ==========================
</pre></div></div></div></div></div><div class="mb-1" id="job_list___sub_accordion_83"><div class="card"><a data-toggle="collapse" data-target="#job_list___sub_collapse_83_1" aria-expanded="false" aria-controls="job_list___sub_collapse_83_1" href="#" class="job_list___sub_multi_heading"><div role="alert" class="card-header alert-success" id="job_list___sub_heading_83_1"><button class="btn btn-outline-success"><span class="job_id">83 : Job ID 2ec9765efd214725a9f6b7db662a5348</span></button></div></a><div aria-labelledby="job_list___sub_heading_83_1" data-parent="#job_list___sub_accordion_83" class="collapse job_list___sub_multi_collapse" id="job_list___sub_collapse_83_1"><div class="card-body"><div class="work-item"><div class="alert alert-success test-outcome" role="alert"><p>worker outcome: normal</p><p>test outcome: killed</p></div></div><pre class="location"><a href="pycharm://open?file=graph1.py&amp;line=57" class="text-secondary"><button class="btn btn-outline-dark">graph1.py, start pos: (57, 19), end pos: (57, 20)</button></a></pre><pre>operator: core/NumberReplacer, occurrence: 0</pre><div class="alert alert-secondary"><pre class="diff">--- mutation diff ---
--- agraph1.py
+++ bgraph1.py
@@ -54,7 +54,7 @@
 
         """
 
-        visited = [0] * self.verticies
+        visited = [ 1] * self.verticies
 
         def valid(node):
             # print(visited, node)</pre></div><div class="alert alert-secondary"><pre class="diff">============================= test session starts ==============================
platform linux -- Python 3.10.12, pytest-8.3.3, pluggy-1.5.0
rootdir: /home/teste/python_experiments2/graph1
collected 8 items

ts-3-5/test_3-5_0-9_293.py ..F.....                                      [100%]

=========================== short test summary info ============================
FAILED ts-3-5/test_3-5_0-9_293.py::test_has_cycle_with_cycle - assert False =...
========================= 1 failed, 7 passed in 0.14s ==========================
</pre></div></div></div></div></div><div class="mb-1" id="job_list___sub_accordion_84"><div class="card"><a data-toggle="collapse" data-target="#job_list___sub_collapse_84_1" aria-expanded="false" aria-controls="job_list___sub_collapse_84_1" href="#" class="job_list___sub_multi_heading"><div role="alert" class="card-header alert-success" id="job_list___sub_heading_84_1"><button class="btn btn-outline-success"><span class="job_id">84 : Job ID 343341cf86eb43bb8cdfa0602907bf65</span></button></div></a><div aria-labelledby="job_list___sub_heading_84_1" data-parent="#job_list___sub_accordion_84" class="collapse job_list___sub_multi_collapse" id="job_list___sub_collapse_84_1"><div class="card-body"><div class="work-item"><div class="alert alert-success test-outcome" role="alert"><p>worker outcome: normal</p><p>test outcome: killed</p></div></div><pre class="location"><a href="pycharm://open?file=graph1.py&amp;line=57" class="text-secondary"><button class="btn btn-outline-dark">graph1.py, start pos: (57, 19), end pos: (57, 20)</button></a></pre><pre>operator: core/NumberReplacer, occurrence: 1</pre><div class="alert alert-secondary"><pre class="diff">--- mutation diff ---
--- agraph1.py
+++ bgraph1.py
@@ -54,7 +54,7 @@
 
         """
 
-        visited = [0] * self.verticies
+        visited = [ -1] * self.verticies
 
         def valid(node):
             # print(visited, node)</pre></div><div class="alert alert-secondary"><pre class="diff">============================= test session starts ==============================
platform linux -- Python 3.10.12, pytest-8.3.3, pluggy-1.5.0
rootdir: /home/teste/python_experiments2/graph1
collected 8 items

ts-3-5/test_3-5_0-9_293.py ..F.....                                      [100%]

=========================== short test summary info ============================
FAILED ts-3-5/test_3-5_0-9_293.py::test_has_cycle_with_cycle - assert False =...
========================= 1 failed, 7 passed in 0.14s ==========================
</pre></div></div></div></div></div><div class="mb-1" id="job_list___sub_accordion_85"><div class="card"><a data-toggle="collapse" data-target="#job_list___sub_collapse_85_1" aria-expanded="false" aria-controls="job_list___sub_collapse_85_1" href="#" class="job_list___sub_multi_heading"><div role="alert" class="card-header alert-success" id="job_list___sub_heading_85_1"><button class="btn btn-outline-success"><span class="job_id">85 : Job ID 6ca1e43a48c9456db53d74aaeb21273f</span></button></div></a><div aria-labelledby="job_list___sub_heading_85_1" data-parent="#job_list___sub_accordion_85" class="collapse job_list___sub_multi_collapse" id="job_list___sub_collapse_85_1"><div class="card-body"><div class="work-item"><div class="alert alert-success test-outcome" role="alert"><p>worker outcome: normal</p><p>test outcome: killed</p></div></div><pre class="location"><a href="pycharm://open?file=graph1.py&amp;line=61" class="text-secondary"><button class="btn btn-outline-dark">graph1.py, start pos: (61, 33), end pos: (61, 34)</button></a></pre><pre>operator: core/NumberReplacer, occurrence: 2</pre><div class="alert alert-secondary"><pre class="diff">--- mutation diff ---
--- agraph1.py
+++ bgraph1.py
@@ -58,7 +58,7 @@
 
         def valid(node):
             # print(visited, node)
-            if visited[node] == -1:
+            if visited[node] == - 2:
                 return False
             elif visited[node] == 1:
                 return True</pre></div><div class="alert alert-secondary"><pre class="diff">============================= test session starts ==============================
platform linux -- Python 3.10.12, pytest-8.3.3, pluggy-1.5.0
rootdir: /home/teste/python_experiments2/graph1
collected 8 items

ts-3-5/test_3-5_0-9_293.py ..F.....                                      [100%]

=========================== short test summary info ============================
FAILED ts-3-5/test_3-5_0-9_293.py::test_has_cycle_with_cycle - RecursionError...
========================= 1 failed, 7 passed in 0.15s ==========================
</pre></div></div></div></div></div><div class="mb-1" id="job_list___sub_accordion_86"><div class="card"><a data-toggle="collapse" data-target="#job_list___sub_collapse_86_1" aria-expanded="false" aria-controls="job_list___sub_collapse_86_1" href="#" class="job_list___sub_multi_heading"><div role="alert" class="card-header alert-success" id="job_list___sub_heading_86_1"><button class="btn btn-outline-success"><span class="job_id">86 : Job ID f3e69886ad554a46ae7aad4c1affa060</span></button></div></a><div aria-labelledby="job_list___sub_heading_86_1" data-parent="#job_list___sub_accordion_86" class="collapse job_list___sub_multi_collapse" id="job_list___sub_collapse_86_1"><div class="card-body"><div class="work-item"><div class="alert alert-success test-outcome" role="alert"><p>worker outcome: normal</p><p>test outcome: killed</p></div></div><pre class="location"><a href="pycharm://open?file=graph1.py&amp;line=61" class="text-secondary"><button class="btn btn-outline-dark">graph1.py, start pos: (61, 33), end pos: (61, 34)</button></a></pre><pre>operator: core/NumberReplacer, occurrence: 3</pre><div class="alert alert-secondary"><pre class="diff">--- mutation diff ---
--- agraph1.py
+++ bgraph1.py
@@ -58,7 +58,7 @@
 
         def valid(node):
             # print(visited, node)
-            if visited[node] == -1:
+            if visited[node] == - 0:
                 return False
             elif visited[node] == 1:
                 return True</pre></div><div class="alert alert-secondary"><pre class="diff">============================= test session starts ==============================
platform linux -- Python 3.10.12, pytest-8.3.3, pluggy-1.5.0
rootdir: /home/teste/python_experiments2/graph1
collected 8 items

ts-3-5/test_3-5_0-9_293.py .F......                                      [100%]

=========================== short test summary info ============================
FAILED ts-3-5/test_3-5_0-9_293.py::test_has_cycle_no_cycle - assert True == F...
========================= 1 failed, 7 passed in 0.14s ==========================
</pre></div></div></div></div></div><div class="mb-1" id="job_list___sub_accordion_87"><div class="card"><a data-toggle="collapse" data-target="#job_list___sub_collapse_87_1" aria-expanded="false" aria-controls="job_list___sub_collapse_87_1" href="#" class="job_list___sub_multi_heading"><div role="alert" class="card-header alert-danger" id="job_list___sub_heading_87_1"><button class="btn btn-outline-danger"><span class="job_id">87 : Job ID b2d7564de22047ad8657c1ef2da1127e</span></button></div></a><div aria-labelledby="job_list___sub_heading_87_1" data-parent="#job_list___sub_accordion_87" class="collapse job_list___sub_multi_collapse" id="job_list___sub_collapse_87_1"><div class="card-body"><div class="work-item"><div class="alert alert-danger test-outcome" role="alert"><p>SURVIVED</p><p>worker outcome: normal</p><p>test outcome: survived</p></div></div><pre class="location"><a href="pycharm://open?file=graph1.py&amp;line=63" class="text-secondary"><button class="btn btn-outline-dark">graph1.py, start pos: (63, 34), end pos: (63, 35)</button></a></pre><pre>operator: core/NumberReplacer, occurrence: 4</pre><div class="alert alert-secondary"><pre class="diff">--- mutation diff ---
--- agraph1.py
+++ bgraph1.py
@@ -60,7 +60,7 @@
             # print(visited, node)
             if visited[node] == -1:
                 return False
-            elif visited[node] == 1:
+            elif visited[node] == 2:
                 return True
             visited[node] = -1
             for neighbor in self.graph[node]:</pre></div><div class="alert alert-secondary"><pre class="diff">============================= test session starts ==============================
platform linux -- Python 3.10.12, pytest-8.3.3, pluggy-1.5.0
rootdir: /home/teste/python_experiments2/graph1
collected 8 items

ts-3-5/test_3-5_0-9_293.py ........                                      [100%]

============================== 8 passed in 0.14s ===============================
</pre></div></div></div></div></div><div class="mb-1" id="job_list___sub_accordion_88"><div class="card"><a data-toggle="collapse" data-target="#job_list___sub_collapse_88_1" aria-expanded="false" aria-controls="job_list___sub_collapse_88_1" href="#" class="job_list___sub_multi_heading"><div role="alert" class="card-header alert-success" id="job_list___sub_heading_88_1"><button class="btn btn-outline-success"><span class="job_id">88 : Job ID 345e37f7433a46a083cdaaca3f1d1fd8</span></button></div></a><div aria-labelledby="job_list___sub_heading_88_1" data-parent="#job_list___sub_accordion_88" class="collapse job_list___sub_multi_collapse" id="job_list___sub_collapse_88_1"><div class="card-body"><div class="work-item"><div class="alert alert-success test-outcome" role="alert"><p>worker outcome: normal</p><p>test outcome: killed</p></div></div><pre class="location"><a href="pycharm://open?file=graph1.py&amp;line=63" class="text-secondary"><button class="btn btn-outline-dark">graph1.py, start pos: (63, 34), end pos: (63, 35)</button></a></pre><pre>operator: core/NumberReplacer, occurrence: 5</pre><div class="alert alert-secondary"><pre class="diff">--- mutation diff ---
--- agraph1.py
+++ bgraph1.py
@@ -60,7 +60,7 @@
             # print(visited, node)
             if visited[node] == -1:
                 return False
-            elif visited[node] == 1:
+            elif visited[node] == 0:
                 return True
             visited[node] = -1
             for neighbor in self.graph[node]:</pre></div><div class="alert alert-secondary"><pre class="diff">============================= test session starts ==============================
platform linux -- Python 3.10.12, pytest-8.3.3, pluggy-1.5.0
rootdir: /home/teste/python_experiments2/graph1
collected 8 items

ts-3-5/test_3-5_0-9_293.py ..F.....                                      [100%]

=========================== short test summary info ============================
FAILED ts-3-5/test_3-5_0-9_293.py::test_has_cycle_with_cycle - assert False =...
========================= 1 failed, 7 passed in 0.14s ==========================
</pre></div></div></div></div></div><div class="mb-1" id="job_list___sub_accordion_89"><div class="card"><a data-toggle="collapse" data-target="#job_list___sub_collapse_89_1" aria-expanded="false" aria-controls="job_list___sub_collapse_89_1" href="#" class="job_list___sub_multi_heading"><div role="alert" class="card-header alert-success" id="job_list___sub_heading_89_1"><button class="btn btn-outline-success"><span class="job_id">89 : Job ID f450064e18c94e01b34d07f9bca392c9</span></button></div></a><div aria-labelledby="job_list___sub_heading_89_1" data-parent="#job_list___sub_accordion_89" class="collapse job_list___sub_multi_collapse" id="job_list___sub_collapse_89_1"><div class="card-body"><div class="work-item"><div class="alert alert-success test-outcome" role="alert"><p>worker outcome: normal</p><p>test outcome: killed</p></div></div><pre class="location"><a href="pycharm://open?file=graph1.py&amp;line=65" class="text-secondary"><button class="btn btn-outline-dark">graph1.py, start pos: (65, 29), end pos: (65, 30)</button></a></pre><pre>operator: core/NumberReplacer, occurrence: 6</pre><div class="alert alert-secondary"><pre class="diff">--- mutation diff ---
--- agraph1.py
+++ bgraph1.py
@@ -62,7 +62,7 @@
                 return False
             elif visited[node] == 1:
                 return True
-            visited[node] = -1
+            visited[node] = - 2
             for neighbor in self.graph[node]:
                 if not valid(neighbor):
                     return False</pre></div><div class="alert alert-secondary"><pre class="diff">============================= test session starts ==============================
platform linux -- Python 3.10.12, pytest-8.3.3, pluggy-1.5.0
rootdir: /home/teste/python_experiments2/graph1
collected 8 items

ts-3-5/test_3-5_0-9_293.py ..F.....                                      [100%]

=========================== short test summary info ============================
FAILED ts-3-5/test_3-5_0-9_293.py::test_has_cycle_with_cycle - RecursionError...
========================= 1 failed, 7 passed in 0.14s ==========================
</pre></div></div></div></div></div><div class="mb-1" id="job_list___sub_accordion_90"><div class="card"><a data-toggle="collapse" data-target="#job_list___sub_collapse_90_1" aria-expanded="false" aria-controls="job_list___sub_collapse_90_1" href="#" class="job_list___sub_multi_heading"><div role="alert" class="card-header alert-success" id="job_list___sub_heading_90_1"><button class="btn btn-outline-success"><span class="job_id">90 : Job ID e93fc2c257a24bc1ad7149e6b5543e6d</span></button></div></a><div aria-labelledby="job_list___sub_heading_90_1" data-parent="#job_list___sub_accordion_90" class="collapse job_list___sub_multi_collapse" id="job_list___sub_collapse_90_1"><div class="card-body"><div class="work-item"><div class="alert alert-success test-outcome" role="alert"><p>worker outcome: normal</p><p>test outcome: killed</p></div></div><pre class="location"><a href="pycharm://open?file=graph1.py&amp;line=65" class="text-secondary"><button class="btn btn-outline-dark">graph1.py, start pos: (65, 29), end pos: (65, 30)</button></a></pre><pre>operator: core/NumberReplacer, occurrence: 7</pre><div class="alert alert-secondary"><pre class="diff">--- mutation diff ---
--- agraph1.py
+++ bgraph1.py
@@ -62,7 +62,7 @@
                 return False
             elif visited[node] == 1:
                 return True
-            visited[node] = -1
+            visited[node] = - 0
             for neighbor in self.graph[node]:
                 if not valid(neighbor):
                     return False</pre></div><div class="alert alert-secondary"><pre class="diff">============================= test session starts ==============================
platform linux -- Python 3.10.12, pytest-8.3.3, pluggy-1.5.0
rootdir: /home/teste/python_experiments2/graph1
collected 8 items

ts-3-5/test_3-5_0-9_293.py ..F.....                                      [100%]

=========================== short test summary info ============================
FAILED ts-3-5/test_3-5_0-9_293.py::test_has_cycle_with_cycle - RecursionError...
========================= 1 failed, 7 passed in 0.14s ==========================
</pre></div></div></div></div></div><div class="mb-1" id="job_list___sub_accordion_91"><div class="card"><a data-toggle="collapse" data-target="#job_list___sub_collapse_91_1" aria-expanded="false" aria-controls="job_list___sub_collapse_91_1" href="#" class="job_list___sub_multi_heading"><div role="alert" class="card-header alert-danger" id="job_list___sub_heading_91_1"><button class="btn btn-outline-danger"><span class="job_id">91 : Job ID 255afa809df640d581b7083ff4c42554</span></button></div></a><div aria-labelledby="job_list___sub_heading_91_1" data-parent="#job_list___sub_accordion_91" class="collapse job_list___sub_multi_collapse" id="job_list___sub_collapse_91_1"><div class="card-body"><div class="work-item"><div class="alert alert-danger test-outcome" role="alert"><p>SURVIVED</p><p>worker outcome: normal</p><p>test outcome: survived</p></div></div><pre class="location"><a href="pycharm://open?file=graph1.py&amp;line=133" class="text-secondary"><button class="btn btn-outline-dark">graph1.py, start pos: (133, 40), end pos: (133, 41)</button></a></pre><pre>operator: core/NumberReplacer, occurrence: 8</pre><div class="alert alert-secondary"><pre class="diff">--- mutation diff ---
--- agraph1.py
+++ bgraph1.py
@@ -130,7 +130,7 @@
     def __str__(self):
         return str(self.val) + ' adjacent: ' + str([x for x in self.adjacent])
 
-    def add_adjacent(self, node, weight=0):
+    def add_adjacent(self, node, weight= 1):
         self.adjacent[node] = weight
     
     def remove_adjacent(self, node):</pre></div><div class="alert alert-secondary"><pre class="diff">============================= test session starts ==============================
platform linux -- Python 3.10.12, pytest-8.3.3, pluggy-1.5.0
rootdir: /home/teste/python_experiments2/graph1
collected 8 items

ts-3-5/test_3-5_0-9_293.py ........                                      [100%]

============================== 8 passed in 0.13s ===============================
</pre></div></div></div></div></div><div class="mb-1" id="job_list___sub_accordion_92"><div class="card"><a data-toggle="collapse" data-target="#job_list___sub_collapse_92_1" aria-expanded="false" aria-controls="job_list___sub_collapse_92_1" href="#" class="job_list___sub_multi_heading"><div role="alert" class="card-header alert-danger" id="job_list___sub_heading_92_1"><button class="btn btn-outline-danger"><span class="job_id">92 : Job ID 3682a95865b04aeda323ef62c6b98700</span></button></div></a><div aria-labelledby="job_list___sub_heading_92_1" data-parent="#job_list___sub_accordion_92" class="collapse job_list___sub_multi_collapse" id="job_list___sub_collapse_92_1"><div class="card-body"><div class="work-item"><div class="alert alert-danger test-outcome" role="alert"><p>SURVIVED</p><p>worker outcome: normal</p><p>test outcome: survived</p></div></div><pre class="location"><a href="pycharm://open?file=graph1.py&amp;line=133" class="text-secondary"><button class="btn btn-outline-dark">graph1.py, start pos: (133, 40), end pos: (133, 41)</button></a></pre><pre>operator: core/NumberReplacer, occurrence: 9</pre><div class="alert alert-secondary"><pre class="diff">--- mutation diff ---
--- agraph1.py
+++ bgraph1.py
@@ -130,7 +130,7 @@
     def __str__(self):
         return str(self.val) + ' adjacent: ' + str([x for x in self.adjacent])
 
-    def add_adjacent(self, node, weight=0):
+    def add_adjacent(self, node, weight= -1):
         self.adjacent[node] = weight
     
     def remove_adjacent(self, node):</pre></div><div class="alert alert-secondary"><pre class="diff">============================= test session starts ==============================
platform linux -- Python 3.10.12, pytest-8.3.3, pluggy-1.5.0
rootdir: /home/teste/python_experiments2/graph1
collected 8 items

ts-3-5/test_3-5_0-9_293.py ........                                      [100%]

============================== 8 passed in 0.13s ===============================
</pre></div></div></div></div></div><div class="mb-1" id="job_list___sub_accordion_93"><div class="card"><a data-toggle="collapse" data-target="#job_list___sub_collapse_93_1" aria-expanded="false" aria-controls="job_list___sub_collapse_93_1" href="#" class="job_list___sub_multi_heading"><div role="alert" class="card-header alert-danger" id="job_list___sub_heading_93_1"><button class="btn btn-outline-danger"><span class="job_id">93 : Job ID 6eba83bc13064782b09f305453c57fd2</span></button></div></a><div aria-labelledby="job_list___sub_heading_93_1" data-parent="#job_list___sub_accordion_93" class="collapse job_list___sub_multi_collapse" id="job_list___sub_collapse_93_1"><div class="card-body"><div class="work-item"><div class="alert alert-danger test-outcome" role="alert"><p>SURVIVED</p><p>worker outcome: normal</p><p>test outcome: survived</p></div></div><pre class="location"><a href="pycharm://open?file=graph1.py&amp;line=151" class="text-secondary"><button class="btn btn-outline-dark">graph1.py, start pos: (151, 40), end pos: (151, 41)</button></a></pre><pre>operator: core/NumberReplacer, occurrence: 10</pre><div class="alert alert-secondary"><pre class="diff">--- mutation diff ---
--- agraph1.py
+++ bgraph1.py
@@ -148,7 +148,7 @@
         vertex = WeightedGraphNode(val)
         self.vertices[val] = vertex
     
-    def add_edge(self, src, dst, weight=0):
+    def add_edge(self, src, dst, weight= 1):
         if src not in self.vertices:
             self.add_vertex(src)
         if dst not in self.vertices:</pre></div><div class="alert alert-secondary"><pre class="diff">============================= test session starts ==============================
platform linux -- Python 3.10.12, pytest-8.3.3, pluggy-1.5.0
rootdir: /home/teste/python_experiments2/graph1
collected 8 items

ts-3-5/test_3-5_0-9_293.py ........                                      [100%]

============================== 8 passed in 0.14s ===============================
</pre></div></div></div></div></div><div class="mb-1" id="job_list___sub_accordion_94"><div class="card"><a data-toggle="collapse" data-target="#job_list___sub_collapse_94_1" aria-expanded="false" aria-controls="job_list___sub_collapse_94_1" href="#" class="job_list___sub_multi_heading"><div role="alert" class="card-header alert-danger" id="job_list___sub_heading_94_1"><button class="btn btn-outline-danger"><span class="job_id">94 : Job ID 4fe8727e75ba4966b0b0987e0a6ec351</span></button></div></a><div aria-labelledby="job_list___sub_heading_94_1" data-parent="#job_list___sub_accordion_94" class="collapse job_list___sub_multi_collapse" id="job_list___sub_collapse_94_1"><div class="card-body"><div class="work-item"><div class="alert alert-danger test-outcome" role="alert"><p>SURVIVED</p><p>worker outcome: normal</p><p>test outcome: survived</p></div></div><pre class="location"><a href="pycharm://open?file=graph1.py&amp;line=151" class="text-secondary"><button class="btn btn-outline-dark">graph1.py, start pos: (151, 40), end pos: (151, 41)</button></a></pre><pre>operator: core/NumberReplacer, occurrence: 11</pre><div class="alert alert-secondary"><pre class="diff">--- mutation diff ---
--- agraph1.py
+++ bgraph1.py
@@ -148,7 +148,7 @@
         vertex = WeightedGraphNode(val)
         self.vertices[val] = vertex
     
-    def add_edge(self, src, dst, weight=0):
+    def add_edge(self, src, dst, weight= -1):
         if src not in self.vertices:
             self.add_vertex(src)
         if dst not in self.vertices:</pre></div><div class="alert alert-secondary"><pre class="diff">============================= test session starts ==============================
platform linux -- Python 3.10.12, pytest-8.3.3, pluggy-1.5.0
rootdir: /home/teste/python_experiments2/graph1
collected 8 items

ts-3-5/test_3-5_0-9_293.py ........                                      [100%]

============================== 8 passed in 0.14s ===============================
</pre></div></div></div></div></div><div class="mb-1" id="job_list___sub_accordion_95"><div class="card"><a data-toggle="collapse" data-target="#job_list___sub_collapse_95_1" aria-expanded="false" aria-controls="job_list___sub_collapse_95_1" href="#" class="job_list___sub_multi_heading"><div role="alert" class="card-header alert-success" id="job_list___sub_heading_95_1"><button class="btn btn-outline-success"><span class="job_id">95 : Job ID 1f5f8f4c113d41f6b7c6bd249e8f0251</span></button></div></a><div aria-labelledby="job_list___sub_heading_95_1" data-parent="#job_list___sub_accordion_95" class="collapse job_list___sub_multi_collapse" id="job_list___sub_collapse_95_1"><div class="card-body"><div class="work-item"><div class="alert alert-success test-outcome" role="alert"><p>worker outcome: normal</p><p>test outcome: killed</p></div></div><pre class="location"><a href="pycharm://open?file=graph1.py&amp;line=66" class="text-secondary"><button class="btn btn-outline-dark">graph1.py, start pos: (66, 28), end pos: (66, 44)</button></a></pre><pre>operator: core/ZeroIterationForLoop, occurrence: 0</pre><div class="alert alert-secondary"><pre class="diff">--- mutation diff ---
--- agraph1.py
+++ bgraph1.py
@@ -63,7 +63,7 @@
             elif visited[node] == 1:
                 return True
             visited[node] = -1
-            for neighbor in self.graph[node]:
+            for neighbor in []:
                 if not valid(neighbor):
                     return False
             return True</pre></div><div class="alert alert-secondary"><pre class="diff">============================= test session starts ==============================
platform linux -- Python 3.10.12, pytest-8.3.3, pluggy-1.5.0
rootdir: /home/teste/python_experiments2/graph1
collected 8 items

ts-3-5/test_3-5_0-9_293.py ..F.....                                      [100%]

=========================== short test summary info ============================
FAILED ts-3-5/test_3-5_0-9_293.py::test_has_cycle_with_cycle - assert False =...
========================= 1 failed, 7 passed in 0.16s ==========================
</pre></div></div></div></div></div><div class="mb-1" id="job_list___sub_accordion_96"><div class="card"><a data-toggle="collapse" data-target="#job_list___sub_collapse_96_1" aria-expanded="false" aria-controls="job_list___sub_collapse_96_1" href="#" class="job_list___sub_multi_heading"><div role="alert" class="card-header alert-success" id="job_list___sub_heading_96_1"><button class="btn btn-outline-success"><span class="job_id">96 : Job ID 91c066c5bf9646139de265da93fce0b9</span></button></div></a><div aria-labelledby="job_list___sub_heading_96_1" data-parent="#job_list___sub_accordion_96" class="collapse job_list___sub_multi_collapse" id="job_list___sub_collapse_96_1"><div class="card-body"><div class="work-item"><div class="alert alert-success test-outcome" role="alert"><p>worker outcome: normal</p><p>test outcome: killed</p></div></div><pre class="location"><a href="pycharm://open?file=graph1.py&amp;line=71" class="text-secondary"><button class="btn btn-outline-dark">graph1.py, start pos: (71, 20), end pos: (71, 41)</button></a></pre><pre>operator: core/ZeroIterationForLoop, occurrence: 1</pre><div class="alert alert-secondary"><pre class="diff">--- mutation diff ---
--- agraph1.py
+++ bgraph1.py
@@ -68,7 +68,7 @@
                     return False
             return True
 
-        for node in range(self.verticies):
+        for node in []:
             # dfs from each, mark as -1 when visited
             # after dfs set all -1 -&gt; 1
             # cancel if find a 1, as its already been explored</pre></div><div class="alert alert-secondary"><pre class="diff">============================= test session starts ==============================
platform linux -- Python 3.10.12, pytest-8.3.3, pluggy-1.5.0
rootdir: /home/teste/python_experiments2/graph1
collected 8 items

ts-3-5/test_3-5_0-9_293.py ..F.....                                      [100%]

=========================== short test summary info ============================
FAILED ts-3-5/test_3-5_0-9_293.py::test_has_cycle_with_cycle - assert False =...
========================= 1 failed, 7 passed in 0.14s ==========================
</pre></div></div></div></div></div><div class="mb-1" id="job_list___sub_accordion_97"><div class="card"><a data-toggle="collapse" data-target="#job_list___sub_collapse_97_1" aria-expanded="false" aria-controls="job_list___sub_collapse_97_1" href="#" class="job_list___sub_multi_heading"><div role="alert" class="card-header alert-success" id="job_list___sub_heading_97_1"><button class="btn btn-outline-success"><span class="job_id">97 : Job ID 3134e5b4b4cd400cb672cd01ab5f446e</span></button></div></a><div aria-labelledby="job_list___sub_heading_97_1" data-parent="#job_list___sub_accordion_97" class="collapse job_list___sub_multi_collapse" id="job_list___sub_collapse_97_1"><div class="card-body"><div class="work-item"><div class="alert alert-success test-outcome" role="alert"><p>worker outcome: normal</p><p>test outcome: killed</p></div></div><pre class="location"><a href="pycharm://open?file=graph1.py&amp;line=112" class="text-secondary"><button class="btn btn-outline-dark">graph1.py, start pos: (112, 21), end pos: (112, 39)</button></a></pre><pre>operator: core/ZeroIterationForLoop, occurrence: 2</pre><div class="alert alert-secondary"><pre class="diff">--- mutation diff ---
--- agraph1.py
+++ bgraph1.py
@@ -109,7 +109,7 @@
 
         def dfs(vertex):
             visited.add(vertex)
-            for j in self.graph[vertex]:
+            for j in []:
                 if j not in visited:
                     dfs(j)
             </pre></div><div class="alert alert-secondary"><pre class="diff">============================= test session starts ==============================
platform linux -- Python 3.10.12, pytest-8.3.3, pluggy-1.5.0
rootdir: /home/teste/python_experiments2/graph1
collected 8 items

ts-3-5/test_3-5_0-9_293.py ...F....                                      [100%]

=========================== short test summary info ============================
FAILED ts-3-5/test_3-5_0-9_293.py::test_topological_sort - assert [3, 2, 1, 0...
========================= 1 failed, 7 passed in 0.14s ==========================
</pre></div></div></div></div></div><div class="mb-1" id="job_list___sub_accordion_98"><div class="card"><a data-toggle="collapse" data-target="#job_list___sub_collapse_98_1" aria-expanded="false" aria-controls="job_list___sub_collapse_98_1" href="#" class="job_list___sub_multi_heading"><div role="alert" class="card-header alert-success" id="job_list___sub_heading_98_1"><button class="btn btn-outline-success"><span class="job_id">98 : Job ID 2787073e5d914c3887feb834821efd6f</span></button></div></a><div aria-labelledby="job_list___sub_heading_98_1" data-parent="#job_list___sub_accordion_98" class="collapse job_list___sub_multi_collapse" id="job_list___sub_collapse_98_1"><div class="card-body"><div class="work-item"><div class="alert alert-success test-outcome" role="alert"><p>worker outcome: normal</p><p>test outcome: killed</p></div></div><pre class="location"><a href="pycharm://open?file=graph1.py&amp;line=118" class="text-secondary"><button class="btn btn-outline-dark">graph1.py, start pos: (118, 22), end pos: (118, 40)</button></a></pre><pre>operator: core/ZeroIterationForLoop, occurrence: 3</pre><div class="alert alert-secondary"><pre class="diff">--- mutation diff ---
--- agraph1.py
+++ bgraph1.py
@@ -115,7 +115,7 @@
             
             stack.appendleft(vertex)
 
-        for key, _ in self.graph.items():
+        for key, _ in []:
             if key not in visited:
                 dfs(key)
         </pre></div><div class="alert alert-secondary"><pre class="diff">============================= test session starts ==============================
platform linux -- Python 3.10.12, pytest-8.3.3, pluggy-1.5.0
rootdir: /home/teste/python_experiments2/graph1
collected 8 items

ts-3-5/test_3-5_0-9_293.py ...F....                                      [100%]

=========================== short test summary info ============================
FAILED ts-3-5/test_3-5_0-9_293.py::test_topological_sort - assert [] == [0, 2...
========================= 1 failed, 7 passed in 0.14s ==========================
</pre></div></div></div></div></div></div></div></div></div></div><script src="https://code.jquery.com/jquery-3.3.1.slim.min.js" integrity="sha384-q8i/X+965DzO0rT7abK41JStQIAqVgRVzpbzo5smXKp4YfRvH+8abtTE1Pi6jizo" crossorigin="anonymous"></script><script src="https://cdnjs.cloudflare.com/ajax/libs/popper.js/1.14.7/umd/popper.min.js" integrity="sha384-UO2eT0CpHqdSJQ6hJty5KVphtPhzWj9WO1clHTMGa3JDZwrnQq4sF86dIHNDz0W1" crossorigin="anonymous"></script><script src="https://stackpath.bootstrapcdn.com/bootstrap/4.3.1/js/bootstrap.min.js" integrity="sha384-JjSmVgyd0p3pXB1rRibZUAYoIIy6OrQ6VrjIEaFf/nJGzIxFDsf4x0xIM+B07jRM" crossorigin="anonymous"></script><script type="text/javascript">$('div.job_list___sub_multi_collapse').on('shown.bs.collapse',  function () {    correct_behavior_functional_buttons();  });$('div.job_list___sub_multi_collapse').on('hidden.bs.collapse',  function () {    correct_behavior_functional_buttons();  });function correct_behavior_functional_buttons() {    var expand = false;    var collapse = false;    $('a.job_list___sub_multi_heading').each(function(index) {      if ($(this).attr('aria-expanded') == 'false') {        expand = true;        return false;      };    });    $('a.job_list___sub_multi_heading').each(function(index) {      if ($(this).attr('aria-expanded') == 'true') {        collapse = true;        return false;      };    });    if (expand) {      $('div#job_item_expand_all').css('display', 'inline-block');    } else {      $('div#job_item_expand_all').css('display', 'none');    };    if (collapse) {      $('div#job_item_collapse_all').css('display', 'inline-block');    } else {      $('div#job_item_collapse_all').css('display', 'none');    };  };correct_behavior_functional_buttons();</script></body></html>
