[*] Start mutation process:
   - targets: first_missing_positive.py
   - tests: ts-3-5/test_3-5_0-9_279.py
[*] 7 tests passed:
   - test_3-5_0-9_279 [0.11230 s]
[*] Start mutants generation and execution:
   - [#   1] AOR first_missing_positive: 
--------------------------------------------------------------------------------
  24:         The first integer greater than 0 that is not 
  25:         present in the input list.
  26:     """
  27:     start = 0
- 28:     end = len(nums) - 1
+ 28:     end = len(nums) + 1
  29:     while start <= end:
  30:         i = nums[start] - 1
  31:         
  32:         if i == start:
--------------------------------------------------------------------------------
[0.13609 s] killed by ts-3-5/test_3-5_0-9_279.py::test_first_missing_positive_empty_list

def test_first_missing_positive_empty_list():
>       assert first_missing_positive([]) == 1

ts-3-5/test_3-5_0-9_279.py:12: 
_ _ _ _ _ _ _ _ _ _ _ _ _ _ _ _ _ _ _ _ _ _ _ _ _ _ _ _ _ _ _ _ _ _ _ _ _ _ _ _ 

nums = []

>   ???
E   IndexError: list index out of range

first_missing_positive:30: IndexError
   - [#   2] AOR first_missing_positive: 
--------------------------------------------------------------------------------
  26:     """
  27:     start = 0
  28:     end = len(nums) - 1
  29:     while start <= end:
- 30:         i = nums[start] - 1
+ 30:         i = nums[start] + 1
  31:         
  32:         if i == start:
  33:             start += 1
  34:         
--------------------------------------------------------------------------------
[0.14392 s] killed by ts-3-5/test_3-5_0-9_279.py::test_first_missing_positive_single_element

def test_first_missing_positive_single_element():
>       assert first_missing_positive([1]) == 2
E       AssertionError

ts-3-5/test_3-5_0-9_279.py:15: AssertionError
   - [#   3] AOR first_missing_positive: 
--------------------------------------------------------------------------------
  40:         else:
  41:             
  42:             (nums[start], nums[i]) = (nums[i], nums[start])
  43:     
- 44:     return start + 1
+ 44:     return start - 1
--------------------------------------------------------------------------------
[0.14493 s] killed by ts-3-5/test_3-5_0-9_279.py::test_first_missing_positive_empty_list

def test_first_missing_positive_empty_list():
>       assert first_missing_positive([]) == 1
E       AssertionError

ts-3-5/test_3-5_0-9_279.py:12: AssertionError
   - [#   4] ASR first_missing_positive: 
--------------------------------------------------------------------------------
  29:     while start <= end:
  30:         i = nums[start] - 1
  31:         
  32:         if i == start:
- 33:             start += 1
+ 33:             start -= 1
  34:         
  35:         
  36:         
  37:         elif (i < 0 or i > end or nums[start] == nums[i]):
--------------------------------------------------------------------------------
[0.14525 s] killed by ts-3-5/test_3-5_0-9_279.py::test_first_missing_positive_single_element

def test_first_missing_positive_single_element():
>       assert first_missing_positive([1]) == 2
E       AssertionError

ts-3-5/test_3-5_0-9_279.py:15: AssertionError
   - [#   5] ASR first_missing_positive: 
--------------------------------------------------------------------------------
  35:         
  36:         
  37:         elif (i < 0 or i > end or nums[start] == nums[i]):
  38:             nums[start] = nums[end]
- 39:             end -= 1
+ 39:             end += 1
  40:         else:
  41:             
  42:             (nums[start], nums[i]) = (nums[i], nums[start])
  43:     
--------------------------------------------------------------------------------
[0.13431 s] killed by ts-3-5/test_3-5_0-9_279.py::test_first_missing_positive_all_negative_elements

def test_first_missing_positive_all_negative_elements():
>       assert first_missing_positive([-1, -2, -3]) == 1

ts-3-5/test_3-5_0-9_279.py:18: 
_ _ _ _ _ _ _ _ _ _ _ _ _ _ _ _ _ _ _ _ _ _ _ _ _ _ _ _ _ _ _ _ _ _ _ _ _ _ _ _ 

nums = [-3, -2, -3]

>   ???
E   IndexError: list index out of range

first_missing_positive:38: IndexError
   - [#   6] COI first_missing_positive: 
--------------------------------------------------------------------------------
  25:         present in the input list.
  26:     """
  27:     start = 0
  28:     end = len(nums) - 1
- 29:     while start <= end:
+ 29:     while not (start <= end):
  30:         i = nums[start] - 1
  31:         
  32:         if i == start:
  33:             start += 1
--------------------------------------------------------------------------------
[0.13702 s] killed by ts-3-5/test_3-5_0-9_279.py::test_first_missing_positive_empty_list

def test_first_missing_positive_empty_list():
>       assert first_missing_positive([]) == 1

ts-3-5/test_3-5_0-9_279.py:12: 
_ _ _ _ _ _ _ _ _ _ _ _ _ _ _ _ _ _ _ _ _ _ _ _ _ _ _ _ _ _ _ _ _ _ _ _ _ _ _ _ 

nums = []

>   ???
E   IndexError: list index out of range

first_missing_positive:30: IndexError
   - [#   7] COI first_missing_positive: 
--------------------------------------------------------------------------------
  28:     end = len(nums) - 1
  29:     while start <= end:
  30:         i = nums[start] - 1
  31:         
- 32:         if i == start:
+ 32:         if not (i == start):
  33:             start += 1
  34:         
  35:         
  36:         
--------------------------------------------------------------------------------
[0.13550 s] killed by ts-3-5/test_3-5_0-9_279.py::test_first_missing_positive_single_element

def test_first_missing_positive_single_element():
>       assert first_missing_positive([1]) == 2
E       AssertionError

ts-3-5/test_3-5_0-9_279.py:15: AssertionError
   - [#   8] COI first_missing_positive: 
--------------------------------------------------------------------------------
  33:             start += 1
  34:         
  35:         
  36:         
- 37:         elif (i < 0 or i > end or nums[start] == nums[i]):
+ 37:         elif not ((i < 0 or i > end or nums[start] == nums[i])):
  38:             nums[start] = nums[end]
  39:             end -= 1
  40:         else:
  41:             
--------------------------------------------------------------------------------
[5.00594 s] timeout
   - [#   9] LCR first_missing_positive: 
--------------------------------------------------------------------------------
  33:             start += 1
  34:         
  35:         
  36:         
- 37:         elif (i < 0 or i > end or nums[start] == nums[i]):
+ 37:         elif (i < 0 and i > end and nums[start] == nums[i]):
  38:             nums[start] = nums[end]
  39:             end -= 1
  40:         else:
  41:             
--------------------------------------------------------------------------------
[5.00611 s] timeout
   - [#  10] OIL first_missing_positive: 
--------------------------------------------------------------------------------
  38:             nums[start] = nums[end]
  39:             end -= 1
  40:         else:
  41:             
- 42:             (nums[start], nums[i]) = (nums[i], nums[start])
+ 42:             (nums[start], nums[i]) = (nums[i], nums[start])break
  43:     
  44:     return start + 1
--------------------------------------------------------------------------------
[0.12407 s] killed by ts-3-5/test_3-5_0-9_279.py::test_first_missing_positive_duplicates

def test_first_missing_positive_duplicates():
>       assert first_missing_positive([1, 2, 2, 3]) == 4
E       AssertionError

ts-3-5/test_3-5_0-9_279.py:21: AssertionError
   - [#  11] ROR first_missing_positive: 
--------------------------------------------------------------------------------
  25:         present in the input list.
  26:     """
  27:     start = 0
  28:     end = len(nums) - 1
- 29:     while start <= end:
+ 29:     while start >= end:
  30:         i = nums[start] - 1
  31:         
  32:         if i == start:
  33:             start += 1
--------------------------------------------------------------------------------
[0.12640 s] killed by ts-3-5/test_3-5_0-9_279.py::test_first_missing_positive_empty_list

def test_first_missing_positive_empty_list():
>       assert first_missing_positive([]) == 1

ts-3-5/test_3-5_0-9_279.py:12: 
_ _ _ _ _ _ _ _ _ _ _ _ _ _ _ _ _ _ _ _ _ _ _ _ _ _ _ _ _ _ _ _ _ _ _ _ _ _ _ _ 

nums = []

>   ???
E   IndexError: list index out of range

first_missing_positive:30: IndexError
   - [#  12] ROR first_missing_positive: 
--------------------------------------------------------------------------------
  25:         present in the input list.
  26:     """
  27:     start = 0
  28:     end = len(nums) - 1
- 29:     while start <= end:
+ 29:     while start < end:
  30:         i = nums[start] - 1
  31:         
  32:         if i == start:
  33:             start += 1
--------------------------------------------------------------------------------
[0.12696 s] killed by ts-3-5/test_3-5_0-9_279.py::test_first_missing_positive_single_element

def test_first_missing_positive_single_element():
>       assert first_missing_positive([1]) == 2
E       AssertionError

ts-3-5/test_3-5_0-9_279.py:15: AssertionError
   - [#  13] ROR first_missing_positive: 
--------------------------------------------------------------------------------
  28:     end = len(nums) - 1
  29:     while start <= end:
  30:         i = nums[start] - 1
  31:         
- 32:         if i == start:
+ 32:         if i != start:
  33:             start += 1
  34:         
  35:         
  36:         
--------------------------------------------------------------------------------
[0.12812 s] killed by ts-3-5/test_3-5_0-9_279.py::test_first_missing_positive_single_element

def test_first_missing_positive_single_element():
>       assert first_missing_positive([1]) == 2
E       AssertionError

ts-3-5/test_3-5_0-9_279.py:15: AssertionError
   - [#  14] ROR first_missing_positive: 
--------------------------------------------------------------------------------
  33:             start += 1
  34:         
  35:         
  36:         
- 37:         elif (i < 0 or i > end or nums[start] == nums[i]):
+ 37:         elif (i > 0 or i > end or nums[start] == nums[i]):
  38:             nums[start] = nums[end]
  39:             end -= 1
  40:         else:
  41:             
--------------------------------------------------------------------------------
[0.12881 s] killed by ts-3-5/test_3-5_0-9_279.py::test_first_missing_positive_all_negative_elements

def test_first_missing_positive_all_negative_elements():
>       assert first_missing_positive([-1, -2, -3]) == 1

ts-3-5/test_3-5_0-9_279.py:18: 
_ _ _ _ _ _ _ _ _ _ _ _ _ _ _ _ _ _ _ _ _ _ _ _ _ _ _ _ _ _ _ _ _ _ _ _ _ _ _ _ 

nums = [-3, -1, -3]

>   ???
E   IndexError: list index out of range

first_missing_positive:37: IndexError
   - [#  15] ROR first_missing_positive: 
--------------------------------------------------------------------------------
  33:             start += 1
  34:         
  35:         
  36:         
- 37:         elif (i < 0 or i > end or nums[start] == nums[i]):
+ 37:         elif (i <= 0 or i > end or nums[start] == nums[i]):
  38:             nums[start] = nums[end]
  39:             end -= 1
  40:         else:
  41:             
--------------------------------------------------------------------------------
[0.10505 s] survived
   - [#  16] ROR first_missing_positive: 
--------------------------------------------------------------------------------
  33:             start += 1
  34:         
  35:         
  36:         
- 37:         elif (i < 0 or i > end or nums[start] == nums[i]):
+ 37:         elif (i < 0 or i < end or nums[start] == nums[i]):
  38:             nums[start] = nums[end]
  39:             end -= 1
  40:         else:
  41:             
--------------------------------------------------------------------------------
[0.13527 s] killed by ts-3-5/test_3-5_0-9_279.py::test_first_missing_positive_large_input

def test_first_missing_positive_large_input():
>       assert first_missing_positive([7, 8, 9, 11, 12]) == 1

ts-3-5/test_3-5_0-9_279.py:27: 
_ _ _ _ _ _ _ _ _ _ _ _ _ _ _ _ _ _ _ _ _ _ _ _ _ _ _ _ _ _ _ _ _ _ _ _ _ _ _ _ 

nums = [7, 8, 9, 11, 12]

>   ???
E   IndexError: list index out of range

first_missing_positive:37: IndexError
   - [#  17] ROR first_missing_positive: 
--------------------------------------------------------------------------------
  33:             start += 1
  34:         
  35:         
  36:         
- 37:         elif (i < 0 or i > end or nums[start] == nums[i]):
+ 37:         elif (i < 0 or i >= end or nums[start] == nums[i]):
  38:             nums[start] = nums[end]
  39:             end -= 1
  40:         else:
  41:             
--------------------------------------------------------------------------------
[0.12729 s] killed by ts-3-5/test_3-5_0-9_279.py::test_first_missing_positive_mixed_input

def test_first_missing_positive_mixed_input():
>       assert first_missing_positive([3, 4, -1, 1, 2, 5]) == 6
E       AssertionError

ts-3-5/test_3-5_0-9_279.py:30: AssertionError
   - [#  18] ROR first_missing_positive: 
--------------------------------------------------------------------------------
  33:             start += 1
  34:         
  35:         
  36:         
- 37:         elif (i < 0 or i > end or nums[start] == nums[i]):
+ 37:         elif (i < 0 or i > end or nums[start] != nums[i]):
  38:             nums[start] = nums[end]
  39:             end -= 1
  40:         else:
  41:             
--------------------------------------------------------------------------------
[5.00684 s] timeout
   - [#  19] SDL first_missing_positive: 
--------------------------------------------------------------------------------
  23:     Returns:
  24:         The first integer greater than 0 that is not 
  25:         present in the input list.
  26:     """
- 27:     start = 0
+ 27:     pass
  28:     end = len(nums) - 1
  29:     while start <= end:
  30:         i = nums[start] - 1
  31:         
--------------------------------------------------------------------------------
[0.12896 s] killed by ts-3-5/test_3-5_0-9_279.py::test_first_missing_positive_empty_list

def test_first_missing_positive_empty_list():
>       assert first_missing_positive([]) == 1

ts-3-5/test_3-5_0-9_279.py:12: 
_ _ _ _ _ _ _ _ _ _ _ _ _ _ _ _ _ _ _ _ _ _ _ _ _ _ _ _ _ _ _ _ _ _ _ _ _ _ _ _ 

nums = []

>   ???
E   UnboundLocalError: local variable 'start' referenced before assignment

first_missing_positive:29: UnboundLocalError
   - [#  20] SDL first_missing_positive: 
--------------------------------------------------------------------------------
  24:         The first integer greater than 0 that is not 
  25:         present in the input list.
  26:     """
  27:     start = 0
- 28:     end = len(nums) - 1
+ 28:     pass
  29:     while start <= end:
  30:         i = nums[start] - 1
  31:         
  32:         if i == start:
--------------------------------------------------------------------------------
[0.12658 s] killed by ts-3-5/test_3-5_0-9_279.py::test_first_missing_positive_empty_list

def test_first_missing_positive_empty_list():
>       assert first_missing_positive([]) == 1

ts-3-5/test_3-5_0-9_279.py:12: 
_ _ _ _ _ _ _ _ _ _ _ _ _ _ _ _ _ _ _ _ _ _ _ _ _ _ _ _ _ _ _ _ _ _ _ _ _ _ _ _ 

nums = []

>   ???
E   UnboundLocalError: local variable 'end' referenced before assignment

first_missing_positive:29: UnboundLocalError
   - [#  21] SDL first_missing_positive: 
--------------------------------------------------------------------------------
  26:     """
  27:     start = 0
  28:     end = len(nums) - 1
  29:     while start <= end:
- 30:         i = nums[start] - 1
+ 30:         pass
  31:         
  32:         if i == start:
  33:             start += 1
  34:         
--------------------------------------------------------------------------------
[0.12871 s] killed by ts-3-5/test_3-5_0-9_279.py::test_first_missing_positive_single_element

def test_first_missing_positive_single_element():
>       assert first_missing_positive([1]) == 2

ts-3-5/test_3-5_0-9_279.py:15: 
_ _ _ _ _ _ _ _ _ _ _ _ _ _ _ _ _ _ _ _ _ _ _ _ _ _ _ _ _ _ _ _ _ _ _ _ _ _ _ _ 

nums = [1]

>   ???
E   NameError: name 'i' is not defined

first_missing_positive:32: NameError
   - [#  22] SDL first_missing_positive: 
--------------------------------------------------------------------------------
  34:         
  35:         
  36:         
  37:         elif (i < 0 or i > end or nums[start] == nums[i]):
- 38:             nums[start] = nums[end]
+ 38:             pass
  39:             end -= 1
  40:         else:
  41:             
  42:             (nums[start], nums[i]) = (nums[i], nums[start])
--------------------------------------------------------------------------------
[0.13056 s] killed by ts-3-5/test_3-5_0-9_279.py::test_first_missing_positive_duplicates

def test_first_missing_positive_duplicates():
>       assert first_missing_positive([1, 2, 2, 3]) == 4
E       AssertionError

ts-3-5/test_3-5_0-9_279.py:21: AssertionError
   - [#  23] SDL first_missing_positive: 
--------------------------------------------------------------------------------
  38:             nums[start] = nums[end]
  39:             end -= 1
  40:         else:
  41:             
- 42:             (nums[start], nums[i]) = (nums[i], nums[start])
+ 42:             pass
  43:     
  44:     return start + 1
--------------------------------------------------------------------------------
[5.00665 s] timeout
   - [#  24] SDL first_missing_positive: 
--------------------------------------------------------------------------------
  40:         else:
  41:             
  42:             (nums[start], nums[i]) = (nums[i], nums[start])
  43:     
- 44:     return start + 1
+ 44:     pass
--------------------------------------------------------------------------------
[0.12359 s] killed by ts-3-5/test_3-5_0-9_279.py::test_first_missing_positive_empty_list

def test_first_missing_positive_empty_list():
>       assert first_missing_positive([]) == 1
E       AssertionError

ts-3-5/test_3-5_0-9_279.py:12: AssertionError
   - [#  25] ZIL first_missing_positive: 
--------------------------------------------------------------------------------
  26:     """
  27:     start = 0
  28:     end = len(nums) - 1
  29:     while start <= end:
- 30:         i = nums[start] - 1
- 31:         
- 32:         if i == start:
- 33:             start += 1
- 34:         
- 35:         
- 36:         
- 37:         elif (i < 0 or i > end or nums[start] == nums[i]):
- 38:             nums[start] = nums[end]
- 39:             end -= 1
- 40:         else:
- 41:             
- 42:             (nums[start], nums[i]) = (nums[i], nums[start])
+ 30:         break
+ 31:     
+ 32:     
+ 33:     
+ 34:     
+ 35:     
+ 36:     
+ 37:     
+ 38:     
+ 39:     
+ 40:     
+ 41:     
+ 42:     
  43:     
  44:     return start + 1
--------------------------------------------------------------------------------
[0.12787 s] killed by ts-3-5/test_3-5_0-9_279.py::test_first_missing_positive_single_element

def test_first_missing_positive_single_element():
>       assert first_missing_positive([1]) == 2
E       AssertionError

ts-3-5/test_3-5_0-9_279.py:15: AssertionError
[*] Mutation score [23.31257 s]: 96.0%
   - all: 25
   - killed: 20 (80.0%)
   - survived: 1 (4.0%)
   - incompetent: 0 (0.0%)
   - timeout: 4 (16.0%)
