[*] Start mutation process:
   - targets: fizz_buzz.py
   - tests: ts-3-5/test_3-5_1-0_315.py
[*] 6 tests passed:
   - test_3-5_1-0_315 [0.12368 s]
[*] Start mutants generation and execution:
   - [#   1] AOR fizz_buzz: 
--------------------------------------------------------------------------------
  5:     divisible by 5, add "Buzz", if it is 
  6:     divisible by both, add "FizzBuzz"
  7: 
  8:     '''
- 9:     return [(('Fizz' if x % 3 == 0 else '') + ('Buzz' if x % 5 == 0 else '') or str(x)) for x in range(1, n + 1)]
+ 9:     return [(('Fizz' if x * 3 == 0 else '') + ('Buzz' if x % 5 == 0 else '') or str(x)) for x in range(1, n + 1)]
--------------------------------------------------------------------------------
[0.14267 s] killed by ts-3-5/test_3-5_1-0_315.py::test_fizz_buzz_returns_fizz_for_multiples_of_3

def test_fizz_buzz_returns_fizz_for_multiples_of_3():
        result = fizz_buzz(15)
>       assert result[2] == 'Fizz'
E       AssertionError

ts-3-5/test_3-5_1-0_315.py:21: AssertionError
   - [#   2] AOR fizz_buzz: 
--------------------------------------------------------------------------------
  5:     divisible by 5, add "Buzz", if it is 
  6:     divisible by both, add "FizzBuzz"
  7: 
  8:     '''
- 9:     return [(('Fizz' if x % 3 == 0 else '') + ('Buzz' if x % 5 == 0 else '') or str(x)) for x in range(1, n + 1)]
+ 9:     return [(('Fizz' if x % 3 == 0 else '') - ('Buzz' if x % 5 == 0 else '') or str(x)) for x in range(1, n + 1)]
--------------------------------------------------------------------------------
[0.14870 s] incompetent

TypeError: fizz_buzz:9: TypeError: unsupported operand type(s) for -: 'str' and 'str'

   - [#   3] AOR fizz_buzz: 
--------------------------------------------------------------------------------
  5:     divisible by 5, add "Buzz", if it is 
  6:     divisible by both, add "FizzBuzz"
  7: 
  8:     '''
- 9:     return [(('Fizz' if x % 3 == 0 else '') + ('Buzz' if x % 5 == 0 else '') or str(x)) for x in range(1, n + 1)]
+ 9:     return [(('Fizz' if x % 3 == 0 else '') + ('Buzz' if x * 5 == 0 else '') or str(x)) for x in range(1, n + 1)]
--------------------------------------------------------------------------------
[0.14423 s] killed by ts-3-5/test_3-5_1-0_315.py::test_fizz_buzz_returns_buzz_for_multiples_of_5

def test_fizz_buzz_returns_buzz_for_multiples_of_5():
        result = fizz_buzz(15)
>       assert result[4] == 'Buzz'
E       AssertionError

ts-3-5/test_3-5_1-0_315.py:27: AssertionError
   - [#   4] AOR fizz_buzz: 
--------------------------------------------------------------------------------
  5:     divisible by 5, add "Buzz", if it is 
  6:     divisible by both, add "FizzBuzz"
  7: 
  8:     '''
- 9:     return [(('Fizz' if x % 3 == 0 else '') + ('Buzz' if x % 5 == 0 else '') or str(x)) for x in range(1, n + 1)]
+ 9:     return [(('Fizz' if x % 3 == 0 else '') + ('Buzz' if x % 5 == 0 else '') or str(x)) for x in range(1, n - 1)]
--------------------------------------------------------------------------------
[0.14096 s] killed by ts-3-5/test_3-5_1-0_315.py::test_fizz_buzz_correct_output_length

def test_fizz_buzz_correct_output_length():
        result = fizz_buzz(15)
>       assert len(result) == 15
E       AssertionError

ts-3-5/test_3-5_1-0_315.py:17: AssertionError
   - [#   5] LCR fizz_buzz: 
--------------------------------------------------------------------------------
  5:     divisible by 5, add "Buzz", if it is 
  6:     divisible by both, add "FizzBuzz"
  7: 
  8:     '''
- 9:     return [(('Fizz' if x % 3 == 0 else '') + ('Buzz' if x % 5 == 0 else '') or str(x)) for x in range(1, n + 1)]
+ 9:     return [(('Fizz' if x % 3 == 0 else '') + ('Buzz' if x % 5 == 0 else '') and str(x)) for x in range(1, n + 1)]
--------------------------------------------------------------------------------
[0.14371 s] killed by ts-3-5/test_3-5_1-0_315.py::test_fizz_buzz_returns_fizz_for_multiples_of_3

def test_fizz_buzz_returns_fizz_for_multiples_of_3():
        result = fizz_buzz(15)
>       assert result[2] == 'Fizz'
E       AssertionError

ts-3-5/test_3-5_1-0_315.py:21: AssertionError
   - [#   6] ROR fizz_buzz: 
--------------------------------------------------------------------------------
  5:     divisible by 5, add "Buzz", if it is 
  6:     divisible by both, add "FizzBuzz"
  7: 
  8:     '''
- 9:     return [(('Fizz' if x % 3 == 0 else '') + ('Buzz' if x % 5 == 0 else '') or str(x)) for x in range(1, n + 1)]
+ 9:     return [(('Fizz' if x % 3 != 0 else '') + ('Buzz' if x % 5 == 0 else '') or str(x)) for x in range(1, n + 1)]
--------------------------------------------------------------------------------
[0.13521 s] killed by ts-3-5/test_3-5_1-0_315.py::test_fizz_buzz_returns_fizz_for_multiples_of_3

def test_fizz_buzz_returns_fizz_for_multiples_of_3():
        result = fizz_buzz(15)
>       assert result[2] == 'Fizz'
E       AssertionError

ts-3-5/test_3-5_1-0_315.py:21: AssertionError
   - [#   7] ROR fizz_buzz: 
--------------------------------------------------------------------------------
  5:     divisible by 5, add "Buzz", if it is 
  6:     divisible by both, add "FizzBuzz"
  7: 
  8:     '''
- 9:     return [(('Fizz' if x % 3 == 0 else '') + ('Buzz' if x % 5 == 0 else '') or str(x)) for x in range(1, n + 1)]
+ 9:     return [(('Fizz' if x % 3 == 0 else '') + ('Buzz' if x % 5 != 0 else '') or str(x)) for x in range(1, n + 1)]
--------------------------------------------------------------------------------
[0.15074 s] killed by ts-3-5/test_3-5_1-0_315.py::test_fizz_buzz_returns_fizz_for_multiples_of_3

def test_fizz_buzz_returns_fizz_for_multiples_of_3():
        result = fizz_buzz(15)
>       assert result[2] == 'Fizz'
E       AssertionError

ts-3-5/test_3-5_1-0_315.py:21: AssertionError
   - [#   8] SDL fizz_buzz: 
--------------------------------------------------------------------------------
  5:     divisible by 5, add "Buzz", if it is 
  6:     divisible by both, add "FizzBuzz"
  7: 
  8:     '''
- 9:     return [(('Fizz' if x % 3 == 0 else '') + ('Buzz' if x % 5 == 0 else '') or str(x)) for x in range(1, n + 1)]
+ 9:     pass
--------------------------------------------------------------------------------
[0.14903 s] killed by ts-3-5/test_3-5_1-0_315.py::test_fizz_buzz_returns_list

def test_fizz_buzz_returns_list():
        result = fizz_buzz(15)
>       assert isinstance(result, list)
E       AssertionError

ts-3-5/test_3-5_1-0_315.py:13: AssertionError
[*] Mutation score [1.37588 s]: 100.0%
   - all: 8
   - killed: 7 (87.5%)
   - survived: 0 (0.0%)
   - incompetent: 1 (12.5%)
   - timeout: 0 (0.0%)
