<!DOCTYPE html><html lang="en"><head><meta charset="utf-8" /><meta name="viewport" content="width=device-width, initial-scale=1, shrink-to-fit=no" /><link rel="stylesheet" href="https://stackpath.bootstrapcdn.com/bootstrap/4.3.1/css/bootstrap.min.css" integrity="sha384-ggOyR0iXCbMQv3Xipma34MD+dH/1fQ784/j6cY/iJTQUOhcWr7x9JvoRxT2MZw1T" crossorigin="anonymous" /><title>Cosmic Ray Report</title></head><body><div class="container"><h1><p class="text-dark">Cosmic Ray Report</p></h1></div><div class="container"><div class="mb-1" id="summary_info___accordion"><div class="card"><a data-toggle="collapse" data-target="#summary_info___collapse_1" aria-expanded="true" aria-controls="summary_info___collapse_1" href="#"><div class="card-header" id="summary_info___heading_1"><button class="btn btn-outline-dark"><h4 class="m-0">Summary info</h4></button></div></a><div aria-labelledby="summary_info___heading_1" data-parent="#summary_info___accordion" class="collapse show" id="summary_info___collapse_1"><div class="card-body"><p>Date time: 01/10/2024 00:27:37</p><p>Total jobs: 69</p><p>Complete: 69 (100.00%)</p><p>Surviving mutants: 2 (2.90%)</p></div></div></div></div><div class="mb-1" id="job_list___accordion"><div class="card"><a data-toggle="collapse" data-target="#job_list___collapse_1" aria-expanded="false" aria-controls="job_list___collapse_1" href="#"><div class="card-header" id="job_list___heading_1"><button class="btn btn-outline-dark"><h4 class="m-0">Job list</h4></button></div></a><div aria-labelledby="job_list___heading_1" data-parent="#job_list___accordion" class="collapse" id="job_list___collapse_1"><div class="card-body"><div class="text-right mb-1"><div class="mx-1" id="job_item_expand_all"><a href="#" onclick="$('div.job_list___sub_multi_collapse').collapse('show');"><button class="btn btn-outline-dark"><span>Expand All</span></button></a></div><div class="mx-1" id="job_item_collapse_all"><a href="#" onclick="$('div.job_list___sub_multi_collapse').collapse('hide');"><button class="btn btn-outline-dark"><span>Collapse All</span></button></a></div></div><div class="mb-1" id="job_list___sub_accordion_1"><div class="card"><a data-toggle="collapse" data-target="#job_list___sub_collapse_1_1" aria-expanded="false" aria-controls="job_list___sub_collapse_1_1" href="#" class="job_list___sub_multi_heading"><div role="alert" class="card-header alert-success" id="job_list___sub_heading_1_1"><button class="btn btn-outline-success"><span class="job_id">1 : Job ID 64ab889face244659a9509791292bdd8</span></button></div></a><div aria-labelledby="job_list___sub_heading_1_1" data-parent="#job_list___sub_accordion_1" class="collapse job_list___sub_multi_collapse" id="job_list___sub_collapse_1_1"><div class="card-body"><div class="work-item"><div class="alert alert-success test-outcome" role="alert"><p>worker outcome: normal</p><p>test outcome: killed</p></div></div><pre class="location"><a href="pycharm://open?file=fizz_buzz.py&amp;line=9" class="text-secondary"><button class="btn btn-outline-dark">fizz_buzz.py, start pos: (9, 43), end pos: (9, 44)</button></a></pre><pre>operator: core/ReplaceBinaryOperator_Add_Sub, occurrence: 0</pre><div class="alert alert-secondary"><pre class="diff">--- mutation diff ---
--- afizz_buzz.py
+++ bfizz_buzz.py
@@ -6,4 +6,4 @@
     divisible by both, add "FizzBuzz"
 
     """
-    return [("Fizz" if x % 3 == 0 else "") + ("Buzz" if x % 5 == 0 else "") or str(x) for x in range(1,n+1)]
+    return [("Fizz" if x % 3 == 0 else "") - ("Buzz" if x % 5 == 0 else "") or str(x) for x in range(1,n+1)]</pre></div><div class="alert alert-secondary"><pre class="diff">============================= test session starts ==============================
platform linux -- Python 3.10.12, pytest-8.3.3, pluggy-1.5.0
rootdir: /home/teste/python_experiments2/fizz-buzz
collected 1 item

ts-3-5/test_3-5_1-0_329.py F                                             [100%]

=========================== short test summary info ============================
FAILED ts-3-5/test_3-5_1-0_329.py::test_fizz_buzz - TypeError: unsupported op...
============================== 1 failed in 0.07s ===============================
</pre></div></div></div></div></div><div class="mb-1" id="job_list___sub_accordion_2"><div class="card"><a data-toggle="collapse" data-target="#job_list___sub_collapse_2_1" aria-expanded="false" aria-controls="job_list___sub_collapse_2_1" href="#" class="job_list___sub_multi_heading"><div role="alert" class="card-header alert-success" id="job_list___sub_heading_2_1"><button class="btn btn-outline-success"><span class="job_id">2 : Job ID 9ca4fff2f89d483da1f145d2afdcfdea</span></button></div></a><div aria-labelledby="job_list___sub_heading_2_1" data-parent="#job_list___sub_accordion_2" class="collapse job_list___sub_multi_collapse" id="job_list___sub_collapse_2_1"><div class="card-body"><div class="work-item"><div class="alert alert-success test-outcome" role="alert"><p>worker outcome: normal</p><p>test outcome: killed</p></div></div><pre class="location"><a href="pycharm://open?file=fizz_buzz.py&amp;line=9" class="text-secondary"><button class="btn btn-outline-dark">fizz_buzz.py, start pos: (9, 104), end pos: (9, 105)</button></a></pre><pre>operator: core/ReplaceBinaryOperator_Add_Sub, occurrence: 1</pre><div class="alert alert-secondary"><pre class="diff">--- mutation diff ---
--- afizz_buzz.py
+++ bfizz_buzz.py
@@ -6,4 +6,4 @@
     divisible by both, add "FizzBuzz"
 
     """
-    return [("Fizz" if x % 3 == 0 else "") + ("Buzz" if x % 5 == 0 else "") or str(x) for x in range(1,n+1)]
+    return [("Fizz" if x % 3 == 0 else "") + ("Buzz" if x % 5 == 0 else "") or str(x) for x in range(1,n-1)]</pre></div><div class="alert alert-secondary"><pre class="diff">============================= test session starts ==============================
platform linux -- Python 3.10.12, pytest-8.3.3, pluggy-1.5.0
rootdir: /home/teste/python_experiments2/fizz-buzz
collected 1 item

ts-3-5/test_3-5_1-0_329.py F                                             [100%]

=========================== short test summary info ============================
FAILED ts-3-5/test_3-5_1-0_329.py::test_fizz_buzz - AssertionError: assert ['...
============================== 1 failed in 0.07s ===============================
</pre></div></div></div></div></div><div class="mb-1" id="job_list___sub_accordion_3"><div class="card"><a data-toggle="collapse" data-target="#job_list___sub_collapse_3_1" aria-expanded="false" aria-controls="job_list___sub_collapse_3_1" href="#" class="job_list___sub_multi_heading"><div role="alert" class="card-header alert-success" id="job_list___sub_heading_3_1"><button class="btn btn-outline-success"><span class="job_id">3 : Job ID 8c436be49cda4549abaef7bf16c282cd</span></button></div></a><div aria-labelledby="job_list___sub_heading_3_1" data-parent="#job_list___sub_accordion_3" class="collapse job_list___sub_multi_collapse" id="job_list___sub_collapse_3_1"><div class="card-body"><div class="work-item"><div class="alert alert-success test-outcome" role="alert"><p>worker outcome: normal</p><p>test outcome: killed</p></div></div><pre class="location"><a href="pycharm://open?file=fizz_buzz.py&amp;line=9" class="text-secondary"><button class="btn btn-outline-dark">fizz_buzz.py, start pos: (9, 43), end pos: (9, 44)</button></a></pre><pre>operator: core/ReplaceBinaryOperator_Add_Mul, occurrence: 0</pre><div class="alert alert-secondary"><pre class="diff">--- mutation diff ---
--- afizz_buzz.py
+++ bfizz_buzz.py
@@ -6,4 +6,4 @@
     divisible by both, add "FizzBuzz"
 
     """
-    return [("Fizz" if x % 3 == 0 else "") + ("Buzz" if x % 5 == 0 else "") or str(x) for x in range(1,n+1)]
+    return [("Fizz" if x % 3 == 0 else "") * ("Buzz" if x % 5 == 0 else "") or str(x) for x in range(1,n+1)]</pre></div><div class="alert alert-secondary"><pre class="diff">============================= test session starts ==============================
platform linux -- Python 3.10.12, pytest-8.3.3, pluggy-1.5.0
rootdir: /home/teste/python_experiments2/fizz-buzz
collected 1 item

ts-3-5/test_3-5_1-0_329.py F                                             [100%]

=========================== short test summary info ============================
FAILED ts-3-5/test_3-5_1-0_329.py::test_fizz_buzz - TypeError: can't multiply...
============================== 1 failed in 0.07s ===============================
</pre></div></div></div></div></div><div class="mb-1" id="job_list___sub_accordion_4"><div class="card"><a data-toggle="collapse" data-target="#job_list___sub_collapse_4_1" aria-expanded="false" aria-controls="job_list___sub_collapse_4_1" href="#" class="job_list___sub_multi_heading"><div role="alert" class="card-header alert-success" id="job_list___sub_heading_4_1"><button class="btn btn-outline-success"><span class="job_id">4 : Job ID 26ace5d80174483eb47f38339bbf5c64</span></button></div></a><div aria-labelledby="job_list___sub_heading_4_1" data-parent="#job_list___sub_accordion_4" class="collapse job_list___sub_multi_collapse" id="job_list___sub_collapse_4_1"><div class="card-body"><div class="work-item"><div class="alert alert-success test-outcome" role="alert"><p>worker outcome: normal</p><p>test outcome: killed</p></div></div><pre class="location"><a href="pycharm://open?file=fizz_buzz.py&amp;line=9" class="text-secondary"><button class="btn btn-outline-dark">fizz_buzz.py, start pos: (9, 104), end pos: (9, 105)</button></a></pre><pre>operator: core/ReplaceBinaryOperator_Add_Mul, occurrence: 1</pre><div class="alert alert-secondary"><pre class="diff">--- mutation diff ---
--- afizz_buzz.py
+++ bfizz_buzz.py
@@ -6,4 +6,4 @@
     divisible by both, add "FizzBuzz"
 
     """
-    return [("Fizz" if x % 3 == 0 else "") + ("Buzz" if x % 5 == 0 else "") or str(x) for x in range(1,n+1)]
+    return [("Fizz" if x % 3 == 0 else "") + ("Buzz" if x % 5 == 0 else "") or str(x) for x in range(1,n*1)]</pre></div><div class="alert alert-secondary"><pre class="diff">============================= test session starts ==============================
platform linux -- Python 3.10.12, pytest-8.3.3, pluggy-1.5.0
rootdir: /home/teste/python_experiments2/fizz-buzz
collected 1 item

ts-3-5/test_3-5_1-0_329.py F                                             [100%]

=========================== short test summary info ============================
FAILED ts-3-5/test_3-5_1-0_329.py::test_fizz_buzz - AssertionError: assert ['...
============================== 1 failed in 0.07s ===============================
</pre></div></div></div></div></div><div class="mb-1" id="job_list___sub_accordion_5"><div class="card"><a data-toggle="collapse" data-target="#job_list___sub_collapse_5_1" aria-expanded="false" aria-controls="job_list___sub_collapse_5_1" href="#" class="job_list___sub_multi_heading"><div role="alert" class="card-header alert-success" id="job_list___sub_heading_5_1"><button class="btn btn-outline-success"><span class="job_id">5 : Job ID c2e79cf30e924fc287f672260d4f1886</span></button></div></a><div aria-labelledby="job_list___sub_heading_5_1" data-parent="#job_list___sub_accordion_5" class="collapse job_list___sub_multi_collapse" id="job_list___sub_collapse_5_1"><div class="card-body"><div class="work-item"><div class="alert alert-success test-outcome" role="alert"><p>worker outcome: normal</p><p>test outcome: killed</p></div></div><pre class="location"><a href="pycharm://open?file=fizz_buzz.py&amp;line=9" class="text-secondary"><button class="btn btn-outline-dark">fizz_buzz.py, start pos: (9, 43), end pos: (9, 44)</button></a></pre><pre>operator: core/ReplaceBinaryOperator_Add_Div, occurrence: 0</pre><div class="alert alert-secondary"><pre class="diff">--- mutation diff ---
--- afizz_buzz.py
+++ bfizz_buzz.py
@@ -6,4 +6,4 @@
     divisible by both, add "FizzBuzz"
 
     """
-    return [("Fizz" if x % 3 == 0 else "") + ("Buzz" if x % 5 == 0 else "") or str(x) for x in range(1,n+1)]
+    return [("Fizz" if x % 3 == 0 else "") / ("Buzz" if x % 5 == 0 else "") or str(x) for x in range(1,n+1)]</pre></div><div class="alert alert-secondary"><pre class="diff">============================= test session starts ==============================
platform linux -- Python 3.10.12, pytest-8.3.3, pluggy-1.5.0
rootdir: /home/teste/python_experiments2/fizz-buzz
collected 1 item

ts-3-5/test_3-5_1-0_329.py F                                             [100%]

=========================== short test summary info ============================
FAILED ts-3-5/test_3-5_1-0_329.py::test_fizz_buzz - TypeError: unsupported op...
============================== 1 failed in 0.07s ===============================
</pre></div></div></div></div></div><div class="mb-1" id="job_list___sub_accordion_6"><div class="card"><a data-toggle="collapse" data-target="#job_list___sub_collapse_6_1" aria-expanded="false" aria-controls="job_list___sub_collapse_6_1" href="#" class="job_list___sub_multi_heading"><div role="alert" class="card-header alert-success" id="job_list___sub_heading_6_1"><button class="btn btn-outline-success"><span class="job_id">6 : Job ID 186b34e78c014ca1a32615d591f74d1c</span></button></div></a><div aria-labelledby="job_list___sub_heading_6_1" data-parent="#job_list___sub_accordion_6" class="collapse job_list___sub_multi_collapse" id="job_list___sub_collapse_6_1"><div class="card-body"><div class="work-item"><div class="alert alert-success test-outcome" role="alert"><p>worker outcome: normal</p><p>test outcome: killed</p></div></div><pre class="location"><a href="pycharm://open?file=fizz_buzz.py&amp;line=9" class="text-secondary"><button class="btn btn-outline-dark">fizz_buzz.py, start pos: (9, 104), end pos: (9, 105)</button></a></pre><pre>operator: core/ReplaceBinaryOperator_Add_Div, occurrence: 1</pre><div class="alert alert-secondary"><pre class="diff">--- mutation diff ---
--- afizz_buzz.py
+++ bfizz_buzz.py
@@ -6,4 +6,4 @@
     divisible by both, add "FizzBuzz"
 
     """
-    return [("Fizz" if x % 3 == 0 else "") + ("Buzz" if x % 5 == 0 else "") or str(x) for x in range(1,n+1)]
+    return [("Fizz" if x % 3 == 0 else "") + ("Buzz" if x % 5 == 0 else "") or str(x) for x in range(1,n/1)]</pre></div><div class="alert alert-secondary"><pre class="diff">============================= test session starts ==============================
platform linux -- Python 3.10.12, pytest-8.3.3, pluggy-1.5.0
rootdir: /home/teste/python_experiments2/fizz-buzz
collected 1 item

ts-3-5/test_3-5_1-0_329.py F                                             [100%]

=========================== short test summary info ============================
FAILED ts-3-5/test_3-5_1-0_329.py::test_fizz_buzz - TypeError: 'float' object...
============================== 1 failed in 0.07s ===============================
</pre></div></div></div></div></div><div class="mb-1" id="job_list___sub_accordion_7"><div class="card"><a data-toggle="collapse" data-target="#job_list___sub_collapse_7_1" aria-expanded="false" aria-controls="job_list___sub_collapse_7_1" href="#" class="job_list___sub_multi_heading"><div role="alert" class="card-header alert-success" id="job_list___sub_heading_7_1"><button class="btn btn-outline-success"><span class="job_id">7 : Job ID 169d207f151c468797bf4c5caeb59d32</span></button></div></a><div aria-labelledby="job_list___sub_heading_7_1" data-parent="#job_list___sub_accordion_7" class="collapse job_list___sub_multi_collapse" id="job_list___sub_collapse_7_1"><div class="card-body"><div class="work-item"><div class="alert alert-success test-outcome" role="alert"><p>worker outcome: normal</p><p>test outcome: killed</p></div></div><pre class="location"><a href="pycharm://open?file=fizz_buzz.py&amp;line=9" class="text-secondary"><button class="btn btn-outline-dark">fizz_buzz.py, start pos: (9, 43), end pos: (9, 44)</button></a></pre><pre>operator: core/ReplaceBinaryOperator_Add_FloorDiv, occurrence: 0</pre><div class="alert alert-secondary"><pre class="diff">--- mutation diff ---
--- afizz_buzz.py
+++ bfizz_buzz.py
@@ -6,4 +6,4 @@
     divisible by both, add "FizzBuzz"
 
     """
-    return [("Fizz" if x % 3 == 0 else "") + ("Buzz" if x % 5 == 0 else "") or str(x) for x in range(1,n+1)]
+    return [("Fizz" if x % 3 == 0 else "") // ("Buzz" if x % 5 == 0 else "") or str(x) for x in range(1,n+1)]</pre></div><div class="alert alert-secondary"><pre class="diff">============================= test session starts ==============================
platform linux -- Python 3.10.12, pytest-8.3.3, pluggy-1.5.0
rootdir: /home/teste/python_experiments2/fizz-buzz
collected 1 item

ts-3-5/test_3-5_1-0_329.py F                                             [100%]

=========================== short test summary info ============================
FAILED ts-3-5/test_3-5_1-0_329.py::test_fizz_buzz - TypeError: unsupported op...
============================== 1 failed in 0.07s ===============================
</pre></div></div></div></div></div><div class="mb-1" id="job_list___sub_accordion_8"><div class="card"><a data-toggle="collapse" data-target="#job_list___sub_collapse_8_1" aria-expanded="false" aria-controls="job_list___sub_collapse_8_1" href="#" class="job_list___sub_multi_heading"><div role="alert" class="card-header alert-success" id="job_list___sub_heading_8_1"><button class="btn btn-outline-success"><span class="job_id">8 : Job ID e15cb2c18a3b4cce8392978eb99a9757</span></button></div></a><div aria-labelledby="job_list___sub_heading_8_1" data-parent="#job_list___sub_accordion_8" class="collapse job_list___sub_multi_collapse" id="job_list___sub_collapse_8_1"><div class="card-body"><div class="work-item"><div class="alert alert-success test-outcome" role="alert"><p>worker outcome: normal</p><p>test outcome: killed</p></div></div><pre class="location"><a href="pycharm://open?file=fizz_buzz.py&amp;line=9" class="text-secondary"><button class="btn btn-outline-dark">fizz_buzz.py, start pos: (9, 104), end pos: (9, 105)</button></a></pre><pre>operator: core/ReplaceBinaryOperator_Add_FloorDiv, occurrence: 1</pre><div class="alert alert-secondary"><pre class="diff">--- mutation diff ---
--- afizz_buzz.py
+++ bfizz_buzz.py
@@ -6,4 +6,4 @@
     divisible by both, add "FizzBuzz"
 
     """
-    return [("Fizz" if x % 3 == 0 else "") + ("Buzz" if x % 5 == 0 else "") or str(x) for x in range(1,n+1)]
+    return [("Fizz" if x % 3 == 0 else "") + ("Buzz" if x % 5 == 0 else "") or str(x) for x in range(1,n//1)]</pre></div><div class="alert alert-secondary"><pre class="diff">============================= test session starts ==============================
platform linux -- Python 3.10.12, pytest-8.3.3, pluggy-1.5.0
rootdir: /home/teste/python_experiments2/fizz-buzz
collected 1 item

ts-3-5/test_3-5_1-0_329.py F                                             [100%]

=========================== short test summary info ============================
FAILED ts-3-5/test_3-5_1-0_329.py::test_fizz_buzz - AssertionError: assert ['...
============================== 1 failed in 0.07s ===============================
</pre></div></div></div></div></div><div class="mb-1" id="job_list___sub_accordion_9"><div class="card"><a data-toggle="collapse" data-target="#job_list___sub_collapse_9_1" aria-expanded="false" aria-controls="job_list___sub_collapse_9_1" href="#" class="job_list___sub_multi_heading"><div role="alert" class="card-header alert-success" id="job_list___sub_heading_9_1"><button class="btn btn-outline-success"><span class="job_id">9 : Job ID 8dd1a567e4a14c23b275efe8c70dada0</span></button></div></a><div aria-labelledby="job_list___sub_heading_9_1" data-parent="#job_list___sub_accordion_9" class="collapse job_list___sub_multi_collapse" id="job_list___sub_collapse_9_1"><div class="card-body"><div class="work-item"><div class="alert alert-success test-outcome" role="alert"><p>worker outcome: normal</p><p>test outcome: killed</p></div></div><pre class="location"><a href="pycharm://open?file=fizz_buzz.py&amp;line=9" class="text-secondary"><button class="btn btn-outline-dark">fizz_buzz.py, start pos: (9, 43), end pos: (9, 44)</button></a></pre><pre>operator: core/ReplaceBinaryOperator_Add_Mod, occurrence: 0</pre><div class="alert alert-secondary"><pre class="diff">--- mutation diff ---
--- afizz_buzz.py
+++ bfizz_buzz.py
@@ -6,4 +6,4 @@
     divisible by both, add "FizzBuzz"
 
     """
-    return [("Fizz" if x % 3 == 0 else "") + ("Buzz" if x % 5 == 0 else "") or str(x) for x in range(1,n+1)]
+    return [("Fizz" if x % 3 == 0 else "") % ("Buzz" if x % 5 == 0 else "") or str(x) for x in range(1,n+1)]</pre></div><div class="alert alert-secondary"><pre class="diff">============================= test session starts ==============================
platform linux -- Python 3.10.12, pytest-8.3.3, pluggy-1.5.0
rootdir: /home/teste/python_experiments2/fizz-buzz
collected 1 item

ts-3-5/test_3-5_1-0_329.py F                                             [100%]

=========================== short test summary info ============================
FAILED ts-3-5/test_3-5_1-0_329.py::test_fizz_buzz - TypeError: not all argume...
============================== 1 failed in 0.07s ===============================
</pre></div></div></div></div></div><div class="mb-1" id="job_list___sub_accordion_10"><div class="card"><a data-toggle="collapse" data-target="#job_list___sub_collapse_10_1" aria-expanded="false" aria-controls="job_list___sub_collapse_10_1" href="#" class="job_list___sub_multi_heading"><div role="alert" class="card-header alert-success" id="job_list___sub_heading_10_1"><button class="btn btn-outline-success"><span class="job_id">10 : Job ID 0bd4c1296c0d445ab966aff7298081f3</span></button></div></a><div aria-labelledby="job_list___sub_heading_10_1" data-parent="#job_list___sub_accordion_10" class="collapse job_list___sub_multi_collapse" id="job_list___sub_collapse_10_1"><div class="card-body"><div class="work-item"><div class="alert alert-success test-outcome" role="alert"><p>worker outcome: normal</p><p>test outcome: killed</p></div></div><pre class="location"><a href="pycharm://open?file=fizz_buzz.py&amp;line=9" class="text-secondary"><button class="btn btn-outline-dark">fizz_buzz.py, start pos: (9, 104), end pos: (9, 105)</button></a></pre><pre>operator: core/ReplaceBinaryOperator_Add_Mod, occurrence: 1</pre><div class="alert alert-secondary"><pre class="diff">--- mutation diff ---
--- afizz_buzz.py
+++ bfizz_buzz.py
@@ -6,4 +6,4 @@
     divisible by both, add "FizzBuzz"
 
     """
-    return [("Fizz" if x % 3 == 0 else "") + ("Buzz" if x % 5 == 0 else "") or str(x) for x in range(1,n+1)]
+    return [("Fizz" if x % 3 == 0 else "") + ("Buzz" if x % 5 == 0 else "") or str(x) for x in range(1,n%1)]</pre></div><div class="alert alert-secondary"><pre class="diff">============================= test session starts ==============================
platform linux -- Python 3.10.12, pytest-8.3.3, pluggy-1.5.0
rootdir: /home/teste/python_experiments2/fizz-buzz
collected 1 item

ts-3-5/test_3-5_1-0_329.py F                                             [100%]

=========================== short test summary info ============================
FAILED ts-3-5/test_3-5_1-0_329.py::test_fizz_buzz - AssertionError: assert []...
============================== 1 failed in 0.07s ===============================
</pre></div></div></div></div></div><div class="mb-1" id="job_list___sub_accordion_11"><div class="card"><a data-toggle="collapse" data-target="#job_list___sub_collapse_11_1" aria-expanded="false" aria-controls="job_list___sub_collapse_11_1" href="#" class="job_list___sub_multi_heading"><div role="alert" class="card-header alert-success" id="job_list___sub_heading_11_1"><button class="btn btn-outline-success"><span class="job_id">11 : Job ID c80872bfefed4effae7830c06eff3656</span></button></div></a><div aria-labelledby="job_list___sub_heading_11_1" data-parent="#job_list___sub_accordion_11" class="collapse job_list___sub_multi_collapse" id="job_list___sub_collapse_11_1"><div class="card-body"><div class="work-item"><div class="alert alert-success test-outcome" role="alert"><p>worker outcome: normal</p><p>test outcome: killed</p></div></div><pre class="location"><a href="pycharm://open?file=fizz_buzz.py&amp;line=9" class="text-secondary"><button class="btn btn-outline-dark">fizz_buzz.py, start pos: (9, 43), end pos: (9, 44)</button></a></pre><pre>operator: core/ReplaceBinaryOperator_Add_Pow, occurrence: 0</pre><div class="alert alert-secondary"><pre class="diff">--- mutation diff ---
--- afizz_buzz.py
+++ bfizz_buzz.py
@@ -6,4 +6,4 @@
     divisible by both, add "FizzBuzz"
 
     """
-    return [("Fizz" if x % 3 == 0 else "") + ("Buzz" if x % 5 == 0 else "") or str(x) for x in range(1,n+1)]
+    return [("Fizz" if x % 3 == 0 else "") ** ("Buzz" if x % 5 == 0 else "") or str(x) for x in range(1,n+1)]</pre></div><div class="alert alert-secondary"><pre class="diff">============================= test session starts ==============================
platform linux -- Python 3.10.12, pytest-8.3.3, pluggy-1.5.0
rootdir: /home/teste/python_experiments2/fizz-buzz
collected 1 item

ts-3-5/test_3-5_1-0_329.py F                                             [100%]

=========================== short test summary info ============================
FAILED ts-3-5/test_3-5_1-0_329.py::test_fizz_buzz - TypeError: unsupported op...
============================== 1 failed in 0.07s ===============================
</pre></div></div></div></div></div><div class="mb-1" id="job_list___sub_accordion_12"><div class="card"><a data-toggle="collapse" data-target="#job_list___sub_collapse_12_1" aria-expanded="false" aria-controls="job_list___sub_collapse_12_1" href="#" class="job_list___sub_multi_heading"><div role="alert" class="card-header alert-success" id="job_list___sub_heading_12_1"><button class="btn btn-outline-success"><span class="job_id">12 : Job ID 405297a34b1a477fa7fdd4a72c88bf2a</span></button></div></a><div aria-labelledby="job_list___sub_heading_12_1" data-parent="#job_list___sub_accordion_12" class="collapse job_list___sub_multi_collapse" id="job_list___sub_collapse_12_1"><div class="card-body"><div class="work-item"><div class="alert alert-success test-outcome" role="alert"><p>worker outcome: normal</p><p>test outcome: killed</p></div></div><pre class="location"><a href="pycharm://open?file=fizz_buzz.py&amp;line=9" class="text-secondary"><button class="btn btn-outline-dark">fizz_buzz.py, start pos: (9, 104), end pos: (9, 105)</button></a></pre><pre>operator: core/ReplaceBinaryOperator_Add_Pow, occurrence: 1</pre><div class="alert alert-secondary"><pre class="diff">--- mutation diff ---
--- afizz_buzz.py
+++ bfizz_buzz.py
@@ -6,4 +6,4 @@
     divisible by both, add "FizzBuzz"
 
     """
-    return [("Fizz" if x % 3 == 0 else "") + ("Buzz" if x % 5 == 0 else "") or str(x) for x in range(1,n+1)]
+    return [("Fizz" if x % 3 == 0 else "") + ("Buzz" if x % 5 == 0 else "") or str(x) for x in range(1,n**1)]</pre></div><div class="alert alert-secondary"><pre class="diff">============================= test session starts ==============================
platform linux -- Python 3.10.12, pytest-8.3.3, pluggy-1.5.0
rootdir: /home/teste/python_experiments2/fizz-buzz
collected 1 item

ts-3-5/test_3-5_1-0_329.py F                                             [100%]

=========================== short test summary info ============================
FAILED ts-3-5/test_3-5_1-0_329.py::test_fizz_buzz - AssertionError: assert ['...
============================== 1 failed in 0.07s ===============================
</pre></div></div></div></div></div><div class="mb-1" id="job_list___sub_accordion_13"><div class="card"><a data-toggle="collapse" data-target="#job_list___sub_collapse_13_1" aria-expanded="false" aria-controls="job_list___sub_collapse_13_1" href="#" class="job_list___sub_multi_heading"><div role="alert" class="card-header alert-success" id="job_list___sub_heading_13_1"><button class="btn btn-outline-success"><span class="job_id">13 : Job ID 0d09d5ddfd504311a1c0c4ad4a526448</span></button></div></a><div aria-labelledby="job_list___sub_heading_13_1" data-parent="#job_list___sub_accordion_13" class="collapse job_list___sub_multi_collapse" id="job_list___sub_collapse_13_1"><div class="card-body"><div class="work-item"><div class="alert alert-success test-outcome" role="alert"><p>worker outcome: normal</p><p>test outcome: killed</p></div></div><pre class="location"><a href="pycharm://open?file=fizz_buzz.py&amp;line=9" class="text-secondary"><button class="btn btn-outline-dark">fizz_buzz.py, start pos: (9, 43), end pos: (9, 44)</button></a></pre><pre>operator: core/ReplaceBinaryOperator_Add_RShift, occurrence: 0</pre><div class="alert alert-secondary"><pre class="diff">--- mutation diff ---
--- afizz_buzz.py
+++ bfizz_buzz.py
@@ -6,4 +6,4 @@
     divisible by both, add "FizzBuzz"
 
     """
-    return [("Fizz" if x % 3 == 0 else "") + ("Buzz" if x % 5 == 0 else "") or str(x) for x in range(1,n+1)]
+    return [("Fizz" if x % 3 == 0 else "") &gt;&gt; ("Buzz" if x % 5 == 0 else "") or str(x) for x in range(1,n+1)]</pre></div><div class="alert alert-secondary"><pre class="diff">============================= test session starts ==============================
platform linux -- Python 3.10.12, pytest-8.3.3, pluggy-1.5.0
rootdir: /home/teste/python_experiments2/fizz-buzz
collected 1 item

ts-3-5/test_3-5_1-0_329.py F                                             [100%]

=========================== short test summary info ============================
FAILED ts-3-5/test_3-5_1-0_329.py::test_fizz_buzz - TypeError: unsupported op...
============================== 1 failed in 0.10s ===============================
</pre></div></div></div></div></div><div class="mb-1" id="job_list___sub_accordion_14"><div class="card"><a data-toggle="collapse" data-target="#job_list___sub_collapse_14_1" aria-expanded="false" aria-controls="job_list___sub_collapse_14_1" href="#" class="job_list___sub_multi_heading"><div role="alert" class="card-header alert-success" id="job_list___sub_heading_14_1"><button class="btn btn-outline-success"><span class="job_id">14 : Job ID 435b880055a443fab37067bb71d0b4e7</span></button></div></a><div aria-labelledby="job_list___sub_heading_14_1" data-parent="#job_list___sub_accordion_14" class="collapse job_list___sub_multi_collapse" id="job_list___sub_collapse_14_1"><div class="card-body"><div class="work-item"><div class="alert alert-success test-outcome" role="alert"><p>worker outcome: normal</p><p>test outcome: killed</p></div></div><pre class="location"><a href="pycharm://open?file=fizz_buzz.py&amp;line=9" class="text-secondary"><button class="btn btn-outline-dark">fizz_buzz.py, start pos: (9, 104), end pos: (9, 105)</button></a></pre><pre>operator: core/ReplaceBinaryOperator_Add_RShift, occurrence: 1</pre><div class="alert alert-secondary"><pre class="diff">--- mutation diff ---
--- afizz_buzz.py
+++ bfizz_buzz.py
@@ -6,4 +6,4 @@
     divisible by both, add "FizzBuzz"
 
     """
-    return [("Fizz" if x % 3 == 0 else "") + ("Buzz" if x % 5 == 0 else "") or str(x) for x in range(1,n+1)]
+    return [("Fizz" if x % 3 == 0 else "") + ("Buzz" if x % 5 == 0 else "") or str(x) for x in range(1,n&gt;&gt;1)]</pre></div><div class="alert alert-secondary"><pre class="diff">============================= test session starts ==============================
platform linux -- Python 3.10.12, pytest-8.3.3, pluggy-1.5.0
rootdir: /home/teste/python_experiments2/fizz-buzz
collected 1 item

ts-3-5/test_3-5_1-0_329.py F                                             [100%]

=========================== short test summary info ============================
FAILED ts-3-5/test_3-5_1-0_329.py::test_fizz_buzz - AssertionError: assert ['...
============================== 1 failed in 0.07s ===============================
</pre></div></div></div></div></div><div class="mb-1" id="job_list___sub_accordion_15"><div class="card"><a data-toggle="collapse" data-target="#job_list___sub_collapse_15_1" aria-expanded="false" aria-controls="job_list___sub_collapse_15_1" href="#" class="job_list___sub_multi_heading"><div role="alert" class="card-header alert-success" id="job_list___sub_heading_15_1"><button class="btn btn-outline-success"><span class="job_id">15 : Job ID a9035e70b5c34259a6e87ccfbbb50d33</span></button></div></a><div aria-labelledby="job_list___sub_heading_15_1" data-parent="#job_list___sub_accordion_15" class="collapse job_list___sub_multi_collapse" id="job_list___sub_collapse_15_1"><div class="card-body"><div class="work-item"><div class="alert alert-success test-outcome" role="alert"><p>worker outcome: normal</p><p>test outcome: killed</p></div></div><pre class="location"><a href="pycharm://open?file=fizz_buzz.py&amp;line=9" class="text-secondary"><button class="btn btn-outline-dark">fizz_buzz.py, start pos: (9, 43), end pos: (9, 44)</button></a></pre><pre>operator: core/ReplaceBinaryOperator_Add_LShift, occurrence: 0</pre><div class="alert alert-secondary"><pre class="diff">--- mutation diff ---
--- afizz_buzz.py
+++ bfizz_buzz.py
@@ -6,4 +6,4 @@
     divisible by both, add "FizzBuzz"
 
     """
-    return [("Fizz" if x % 3 == 0 else "") + ("Buzz" if x % 5 == 0 else "") or str(x) for x in range(1,n+1)]
+    return [("Fizz" if x % 3 == 0 else "") &lt;&lt; ("Buzz" if x % 5 == 0 else "") or str(x) for x in range(1,n+1)]</pre></div><div class="alert alert-secondary"><pre class="diff">============================= test session starts ==============================
platform linux -- Python 3.10.12, pytest-8.3.3, pluggy-1.5.0
rootdir: /home/teste/python_experiments2/fizz-buzz
collected 1 item

ts-3-5/test_3-5_1-0_329.py F                                             [100%]

=========================== short test summary info ============================
FAILED ts-3-5/test_3-5_1-0_329.py::test_fizz_buzz - TypeError: unsupported op...
============================== 1 failed in 0.07s ===============================
</pre></div></div></div></div></div><div class="mb-1" id="job_list___sub_accordion_16"><div class="card"><a data-toggle="collapse" data-target="#job_list___sub_collapse_16_1" aria-expanded="false" aria-controls="job_list___sub_collapse_16_1" href="#" class="job_list___sub_multi_heading"><div role="alert" class="card-header alert-success" id="job_list___sub_heading_16_1"><button class="btn btn-outline-success"><span class="job_id">16 : Job ID cad47f29c92b47828e8fa26101e58ad8</span></button></div></a><div aria-labelledby="job_list___sub_heading_16_1" data-parent="#job_list___sub_accordion_16" class="collapse job_list___sub_multi_collapse" id="job_list___sub_collapse_16_1"><div class="card-body"><div class="work-item"><div class="alert alert-success test-outcome" role="alert"><p>worker outcome: normal</p><p>test outcome: killed</p></div></div><pre class="location"><a href="pycharm://open?file=fizz_buzz.py&amp;line=9" class="text-secondary"><button class="btn btn-outline-dark">fizz_buzz.py, start pos: (9, 104), end pos: (9, 105)</button></a></pre><pre>operator: core/ReplaceBinaryOperator_Add_LShift, occurrence: 1</pre><div class="alert alert-secondary"><pre class="diff">--- mutation diff ---
--- afizz_buzz.py
+++ bfizz_buzz.py
@@ -6,4 +6,4 @@
     divisible by both, add "FizzBuzz"
 
     """
-    return [("Fizz" if x % 3 == 0 else "") + ("Buzz" if x % 5 == 0 else "") or str(x) for x in range(1,n+1)]
+    return [("Fizz" if x % 3 == 0 else "") + ("Buzz" if x % 5 == 0 else "") or str(x) for x in range(1,n&lt;&lt;1)]</pre></div><div class="alert alert-secondary"><pre class="diff">============================= test session starts ==============================
platform linux -- Python 3.10.12, pytest-8.3.3, pluggy-1.5.0
rootdir: /home/teste/python_experiments2/fizz-buzz
collected 1 item

ts-3-5/test_3-5_1-0_329.py F                                             [100%]

=========================== short test summary info ============================
FAILED ts-3-5/test_3-5_1-0_329.py::test_fizz_buzz - AssertionError: assert ['...
============================== 1 failed in 0.07s ===============================
</pre></div></div></div></div></div><div class="mb-1" id="job_list___sub_accordion_17"><div class="card"><a data-toggle="collapse" data-target="#job_list___sub_collapse_17_1" aria-expanded="false" aria-controls="job_list___sub_collapse_17_1" href="#" class="job_list___sub_multi_heading"><div role="alert" class="card-header alert-success" id="job_list___sub_heading_17_1"><button class="btn btn-outline-success"><span class="job_id">17 : Job ID ab02a5abc6b04ca9be398388355a8613</span></button></div></a><div aria-labelledby="job_list___sub_heading_17_1" data-parent="#job_list___sub_accordion_17" class="collapse job_list___sub_multi_collapse" id="job_list___sub_collapse_17_1"><div class="card-body"><div class="work-item"><div class="alert alert-success test-outcome" role="alert"><p>worker outcome: normal</p><p>test outcome: killed</p></div></div><pre class="location"><a href="pycharm://open?file=fizz_buzz.py&amp;line=9" class="text-secondary"><button class="btn btn-outline-dark">fizz_buzz.py, start pos: (9, 43), end pos: (9, 44)</button></a></pre><pre>operator: core/ReplaceBinaryOperator_Add_BitOr, occurrence: 0</pre><div class="alert alert-secondary"><pre class="diff">--- mutation diff ---
--- afizz_buzz.py
+++ bfizz_buzz.py
@@ -6,4 +6,4 @@
     divisible by both, add "FizzBuzz"
 
     """
-    return [("Fizz" if x % 3 == 0 else "") + ("Buzz" if x % 5 == 0 else "") or str(x) for x in range(1,n+1)]
+    return [("Fizz" if x % 3 == 0 else "") | ("Buzz" if x % 5 == 0 else "") or str(x) for x in range(1,n+1)]</pre></div><div class="alert alert-secondary"><pre class="diff">============================= test session starts ==============================
platform linux -- Python 3.10.12, pytest-8.3.3, pluggy-1.5.0
rootdir: /home/teste/python_experiments2/fizz-buzz
collected 1 item

ts-3-5/test_3-5_1-0_329.py F                                             [100%]

=========================== short test summary info ============================
FAILED ts-3-5/test_3-5_1-0_329.py::test_fizz_buzz - TypeError: unsupported op...
============================== 1 failed in 0.07s ===============================
</pre></div></div></div></div></div><div class="mb-1" id="job_list___sub_accordion_18"><div class="card"><a data-toggle="collapse" data-target="#job_list___sub_collapse_18_1" aria-expanded="false" aria-controls="job_list___sub_collapse_18_1" href="#" class="job_list___sub_multi_heading"><div role="alert" class="card-header alert-success" id="job_list___sub_heading_18_1"><button class="btn btn-outline-success"><span class="job_id">18 : Job ID 02bd3d8d0716409ab4d7319ab6112c09</span></button></div></a><div aria-labelledby="job_list___sub_heading_18_1" data-parent="#job_list___sub_accordion_18" class="collapse job_list___sub_multi_collapse" id="job_list___sub_collapse_18_1"><div class="card-body"><div class="work-item"><div class="alert alert-success test-outcome" role="alert"><p>worker outcome: normal</p><p>test outcome: killed</p></div></div><pre class="location"><a href="pycharm://open?file=fizz_buzz.py&amp;line=9" class="text-secondary"><button class="btn btn-outline-dark">fizz_buzz.py, start pos: (9, 104), end pos: (9, 105)</button></a></pre><pre>operator: core/ReplaceBinaryOperator_Add_BitOr, occurrence: 1</pre><div class="alert alert-secondary"><pre class="diff">--- mutation diff ---
--- afizz_buzz.py
+++ bfizz_buzz.py
@@ -6,4 +6,4 @@
     divisible by both, add "FizzBuzz"
 
     """
-    return [("Fizz" if x % 3 == 0 else "") + ("Buzz" if x % 5 == 0 else "") or str(x) for x in range(1,n+1)]
+    return [("Fizz" if x % 3 == 0 else "") + ("Buzz" if x % 5 == 0 else "") or str(x) for x in range(1,n|1)]</pre></div><div class="alert alert-secondary"><pre class="diff">============================= test session starts ==============================
platform linux -- Python 3.10.12, pytest-8.3.3, pluggy-1.5.0
rootdir: /home/teste/python_experiments2/fizz-buzz
collected 1 item

ts-3-5/test_3-5_1-0_329.py F                                             [100%]

=========================== short test summary info ============================
FAILED ts-3-5/test_3-5_1-0_329.py::test_fizz_buzz - AssertionError: assert ['...
============================== 1 failed in 0.07s ===============================
</pre></div></div></div></div></div><div class="mb-1" id="job_list___sub_accordion_19"><div class="card"><a data-toggle="collapse" data-target="#job_list___sub_collapse_19_1" aria-expanded="false" aria-controls="job_list___sub_collapse_19_1" href="#" class="job_list___sub_multi_heading"><div role="alert" class="card-header alert-success" id="job_list___sub_heading_19_1"><button class="btn btn-outline-success"><span class="job_id">19 : Job ID 8622d35225464c1b910506fabd0a3009</span></button></div></a><div aria-labelledby="job_list___sub_heading_19_1" data-parent="#job_list___sub_accordion_19" class="collapse job_list___sub_multi_collapse" id="job_list___sub_collapse_19_1"><div class="card-body"><div class="work-item"><div class="alert alert-success test-outcome" role="alert"><p>worker outcome: normal</p><p>test outcome: killed</p></div></div><pre class="location"><a href="pycharm://open?file=fizz_buzz.py&amp;line=9" class="text-secondary"><button class="btn btn-outline-dark">fizz_buzz.py, start pos: (9, 43), end pos: (9, 44)</button></a></pre><pre>operator: core/ReplaceBinaryOperator_Add_BitAnd, occurrence: 0</pre><div class="alert alert-secondary"><pre class="diff">--- mutation diff ---
--- afizz_buzz.py
+++ bfizz_buzz.py
@@ -6,4 +6,4 @@
     divisible by both, add "FizzBuzz"
 
     """
-    return [("Fizz" if x % 3 == 0 else "") + ("Buzz" if x % 5 == 0 else "") or str(x) for x in range(1,n+1)]
+    return [("Fizz" if x % 3 == 0 else "") &amp; ("Buzz" if x % 5 == 0 else "") or str(x) for x in range(1,n+1)]</pre></div><div class="alert alert-secondary"><pre class="diff">============================= test session starts ==============================
platform linux -- Python 3.10.12, pytest-8.3.3, pluggy-1.5.0
rootdir: /home/teste/python_experiments2/fizz-buzz
collected 1 item

ts-3-5/test_3-5_1-0_329.py F                                             [100%]

=========================== short test summary info ============================
FAILED ts-3-5/test_3-5_1-0_329.py::test_fizz_buzz - TypeError: unsupported op...
============================== 1 failed in 0.07s ===============================
</pre></div></div></div></div></div><div class="mb-1" id="job_list___sub_accordion_20"><div class="card"><a data-toggle="collapse" data-target="#job_list___sub_collapse_20_1" aria-expanded="false" aria-controls="job_list___sub_collapse_20_1" href="#" class="job_list___sub_multi_heading"><div role="alert" class="card-header alert-success" id="job_list___sub_heading_20_1"><button class="btn btn-outline-success"><span class="job_id">20 : Job ID 51e52d1876224b9d9e62f52e6663623b</span></button></div></a><div aria-labelledby="job_list___sub_heading_20_1" data-parent="#job_list___sub_accordion_20" class="collapse job_list___sub_multi_collapse" id="job_list___sub_collapse_20_1"><div class="card-body"><div class="work-item"><div class="alert alert-success test-outcome" role="alert"><p>worker outcome: normal</p><p>test outcome: killed</p></div></div><pre class="location"><a href="pycharm://open?file=fizz_buzz.py&amp;line=9" class="text-secondary"><button class="btn btn-outline-dark">fizz_buzz.py, start pos: (9, 104), end pos: (9, 105)</button></a></pre><pre>operator: core/ReplaceBinaryOperator_Add_BitAnd, occurrence: 1</pre><div class="alert alert-secondary"><pre class="diff">--- mutation diff ---
--- afizz_buzz.py
+++ bfizz_buzz.py
@@ -6,4 +6,4 @@
     divisible by both, add "FizzBuzz"
 
     """
-    return [("Fizz" if x % 3 == 0 else "") + ("Buzz" if x % 5 == 0 else "") or str(x) for x in range(1,n+1)]
+    return [("Fizz" if x % 3 == 0 else "") + ("Buzz" if x % 5 == 0 else "") or str(x) for x in range(1,n&amp;1)]</pre></div><div class="alert alert-secondary"><pre class="diff">============================= test session starts ==============================
platform linux -- Python 3.10.12, pytest-8.3.3, pluggy-1.5.0
rootdir: /home/teste/python_experiments2/fizz-buzz
collected 1 item

ts-3-5/test_3-5_1-0_329.py F                                             [100%]

=========================== short test summary info ============================
FAILED ts-3-5/test_3-5_1-0_329.py::test_fizz_buzz - AssertionError: assert []...
============================== 1 failed in 0.07s ===============================
</pre></div></div></div></div></div><div class="mb-1" id="job_list___sub_accordion_21"><div class="card"><a data-toggle="collapse" data-target="#job_list___sub_collapse_21_1" aria-expanded="false" aria-controls="job_list___sub_collapse_21_1" href="#" class="job_list___sub_multi_heading"><div role="alert" class="card-header alert-success" id="job_list___sub_heading_21_1"><button class="btn btn-outline-success"><span class="job_id">21 : Job ID 8f70437d41b24ee398fb907e021913a7</span></button></div></a><div aria-labelledby="job_list___sub_heading_21_1" data-parent="#job_list___sub_accordion_21" class="collapse job_list___sub_multi_collapse" id="job_list___sub_collapse_21_1"><div class="card-body"><div class="work-item"><div class="alert alert-success test-outcome" role="alert"><p>worker outcome: normal</p><p>test outcome: killed</p></div></div><pre class="location"><a href="pycharm://open?file=fizz_buzz.py&amp;line=9" class="text-secondary"><button class="btn btn-outline-dark">fizz_buzz.py, start pos: (9, 43), end pos: (9, 44)</button></a></pre><pre>operator: core/ReplaceBinaryOperator_Add_BitXor, occurrence: 0</pre><div class="alert alert-secondary"><pre class="diff">--- mutation diff ---
--- afizz_buzz.py
+++ bfizz_buzz.py
@@ -6,4 +6,4 @@
     divisible by both, add "FizzBuzz"
 
     """
-    return [("Fizz" if x % 3 == 0 else "") + ("Buzz" if x % 5 == 0 else "") or str(x) for x in range(1,n+1)]
+    return [("Fizz" if x % 3 == 0 else "") ^ ("Buzz" if x % 5 == 0 else "") or str(x) for x in range(1,n+1)]</pre></div><div class="alert alert-secondary"><pre class="diff">============================= test session starts ==============================
platform linux -- Python 3.10.12, pytest-8.3.3, pluggy-1.5.0
rootdir: /home/teste/python_experiments2/fizz-buzz
collected 1 item

ts-3-5/test_3-5_1-0_329.py F                                             [100%]

=========================== short test summary info ============================
FAILED ts-3-5/test_3-5_1-0_329.py::test_fizz_buzz - TypeError: unsupported op...
============================== 1 failed in 0.07s ===============================
</pre></div></div></div></div></div><div class="mb-1" id="job_list___sub_accordion_22"><div class="card"><a data-toggle="collapse" data-target="#job_list___sub_collapse_22_1" aria-expanded="false" aria-controls="job_list___sub_collapse_22_1" href="#" class="job_list___sub_multi_heading"><div role="alert" class="card-header alert-success" id="job_list___sub_heading_22_1"><button class="btn btn-outline-success"><span class="job_id">22 : Job ID 6d66f25630854146b9a28d74d9a3fb6a</span></button></div></a><div aria-labelledby="job_list___sub_heading_22_1" data-parent="#job_list___sub_accordion_22" class="collapse job_list___sub_multi_collapse" id="job_list___sub_collapse_22_1"><div class="card-body"><div class="work-item"><div class="alert alert-success test-outcome" role="alert"><p>worker outcome: normal</p><p>test outcome: killed</p></div></div><pre class="location"><a href="pycharm://open?file=fizz_buzz.py&amp;line=9" class="text-secondary"><button class="btn btn-outline-dark">fizz_buzz.py, start pos: (9, 104), end pos: (9, 105)</button></a></pre><pre>operator: core/ReplaceBinaryOperator_Add_BitXor, occurrence: 1</pre><div class="alert alert-secondary"><pre class="diff">--- mutation diff ---
--- afizz_buzz.py
+++ bfizz_buzz.py
@@ -6,4 +6,4 @@
     divisible by both, add "FizzBuzz"
 
     """
-    return [("Fizz" if x % 3 == 0 else "") + ("Buzz" if x % 5 == 0 else "") or str(x) for x in range(1,n+1)]
+    return [("Fizz" if x % 3 == 0 else "") + ("Buzz" if x % 5 == 0 else "") or str(x) for x in range(1,n^1)]</pre></div><div class="alert alert-secondary"><pre class="diff">============================= test session starts ==============================
platform linux -- Python 3.10.12, pytest-8.3.3, pluggy-1.5.0
rootdir: /home/teste/python_experiments2/fizz-buzz
collected 1 item

ts-3-5/test_3-5_1-0_329.py F                                             [100%]

=========================== short test summary info ============================
FAILED ts-3-5/test_3-5_1-0_329.py::test_fizz_buzz - AssertionError: assert ['...
============================== 1 failed in 0.07s ===============================
</pre></div></div></div></div></div><div class="mb-1" id="job_list___sub_accordion_23"><div class="card"><a data-toggle="collapse" data-target="#job_list___sub_collapse_23_1" aria-expanded="false" aria-controls="job_list___sub_collapse_23_1" href="#" class="job_list___sub_multi_heading"><div role="alert" class="card-header alert-success" id="job_list___sub_heading_23_1"><button class="btn btn-outline-success"><span class="job_id">23 : Job ID db700261201a460b8e74763a1ee8c12f</span></button></div></a><div aria-labelledby="job_list___sub_heading_23_1" data-parent="#job_list___sub_accordion_23" class="collapse job_list___sub_multi_collapse" id="job_list___sub_collapse_23_1"><div class="card-body"><div class="work-item"><div class="alert alert-success test-outcome" role="alert"><p>worker outcome: normal</p><p>test outcome: killed</p></div></div><pre class="location"><a href="pycharm://open?file=fizz_buzz.py&amp;line=9" class="text-secondary"><button class="btn btn-outline-dark">fizz_buzz.py, start pos: (9, 25), end pos: (9, 26)</button></a></pre><pre>operator: core/ReplaceBinaryOperator_Mod_Add, occurrence: 0</pre><div class="alert alert-secondary"><pre class="diff">--- mutation diff ---
--- afizz_buzz.py
+++ bfizz_buzz.py
@@ -6,4 +6,4 @@
     divisible by both, add "FizzBuzz"
 
     """
-    return [("Fizz" if x % 3 == 0 else "") + ("Buzz" if x % 5 == 0 else "") or str(x) for x in range(1,n+1)]
+    return [("Fizz" if x + 3 == 0 else "") + ("Buzz" if x % 5 == 0 else "") or str(x) for x in range(1,n+1)]</pre></div><div class="alert alert-secondary"><pre class="diff">============================= test session starts ==============================
platform linux -- Python 3.10.12, pytest-8.3.3, pluggy-1.5.0
rootdir: /home/teste/python_experiments2/fizz-buzz
collected 1 item

ts-3-5/test_3-5_1-0_329.py F                                             [100%]

=========================== short test summary info ============================
FAILED ts-3-5/test_3-5_1-0_329.py::test_fizz_buzz - AssertionError: assert ['...
============================== 1 failed in 0.08s ===============================
</pre></div></div></div></div></div><div class="mb-1" id="job_list___sub_accordion_24"><div class="card"><a data-toggle="collapse" data-target="#job_list___sub_collapse_24_1" aria-expanded="false" aria-controls="job_list___sub_collapse_24_1" href="#" class="job_list___sub_multi_heading"><div role="alert" class="card-header alert-success" id="job_list___sub_heading_24_1"><button class="btn btn-outline-success"><span class="job_id">24 : Job ID bd75ee2a0e95418986b32d92e8442980</span></button></div></a><div aria-labelledby="job_list___sub_heading_24_1" data-parent="#job_list___sub_accordion_24" class="collapse job_list___sub_multi_collapse" id="job_list___sub_collapse_24_1"><div class="card-body"><div class="work-item"><div class="alert alert-success test-outcome" role="alert"><p>worker outcome: normal</p><p>test outcome: killed</p></div></div><pre class="location"><a href="pycharm://open?file=fizz_buzz.py&amp;line=9" class="text-secondary"><button class="btn btn-outline-dark">fizz_buzz.py, start pos: (9, 58), end pos: (9, 59)</button></a></pre><pre>operator: core/ReplaceBinaryOperator_Mod_Add, occurrence: 1</pre><div class="alert alert-secondary"><pre class="diff">--- mutation diff ---
--- afizz_buzz.py
+++ bfizz_buzz.py
@@ -6,4 +6,4 @@
     divisible by both, add "FizzBuzz"
 
     """
-    return [("Fizz" if x % 3 == 0 else "") + ("Buzz" if x % 5 == 0 else "") or str(x) for x in range(1,n+1)]
+    return [("Fizz" if x % 3 == 0 else "") + ("Buzz" if x + 5 == 0 else "") or str(x) for x in range(1,n+1)]</pre></div><div class="alert alert-secondary"><pre class="diff">============================= test session starts ==============================
platform linux -- Python 3.10.12, pytest-8.3.3, pluggy-1.5.0
rootdir: /home/teste/python_experiments2/fizz-buzz
collected 1 item

ts-3-5/test_3-5_1-0_329.py F                                             [100%]

=========================== short test summary info ============================
FAILED ts-3-5/test_3-5_1-0_329.py::test_fizz_buzz - AssertionError: assert ['...
============================== 1 failed in 0.07s ===============================
</pre></div></div></div></div></div><div class="mb-1" id="job_list___sub_accordion_25"><div class="card"><a data-toggle="collapse" data-target="#job_list___sub_collapse_25_1" aria-expanded="false" aria-controls="job_list___sub_collapse_25_1" href="#" class="job_list___sub_multi_heading"><div role="alert" class="card-header alert-success" id="job_list___sub_heading_25_1"><button class="btn btn-outline-success"><span class="job_id">25 : Job ID d12512dd619d440db26aab06389a6f66</span></button></div></a><div aria-labelledby="job_list___sub_heading_25_1" data-parent="#job_list___sub_accordion_25" class="collapse job_list___sub_multi_collapse" id="job_list___sub_collapse_25_1"><div class="card-body"><div class="work-item"><div class="alert alert-success test-outcome" role="alert"><p>worker outcome: normal</p><p>test outcome: killed</p></div></div><pre class="location"><a href="pycharm://open?file=fizz_buzz.py&amp;line=9" class="text-secondary"><button class="btn btn-outline-dark">fizz_buzz.py, start pos: (9, 25), end pos: (9, 26)</button></a></pre><pre>operator: core/ReplaceBinaryOperator_Mod_Sub, occurrence: 0</pre><div class="alert alert-secondary"><pre class="diff">--- mutation diff ---
--- afizz_buzz.py
+++ bfizz_buzz.py
@@ -6,4 +6,4 @@
     divisible by both, add "FizzBuzz"
 
     """
-    return [("Fizz" if x % 3 == 0 else "") + ("Buzz" if x % 5 == 0 else "") or str(x) for x in range(1,n+1)]
+    return [("Fizz" if x - 3 == 0 else "") + ("Buzz" if x % 5 == 0 else "") or str(x) for x in range(1,n+1)]</pre></div><div class="alert alert-secondary"><pre class="diff">============================= test session starts ==============================
platform linux -- Python 3.10.12, pytest-8.3.3, pluggy-1.5.0
rootdir: /home/teste/python_experiments2/fizz-buzz
collected 1 item

ts-3-5/test_3-5_1-0_329.py F                                             [100%]

=========================== short test summary info ============================
FAILED ts-3-5/test_3-5_1-0_329.py::test_fizz_buzz - AssertionError: assert ['...
============================== 1 failed in 0.07s ===============================
</pre></div></div></div></div></div><div class="mb-1" id="job_list___sub_accordion_26"><div class="card"><a data-toggle="collapse" data-target="#job_list___sub_collapse_26_1" aria-expanded="false" aria-controls="job_list___sub_collapse_26_1" href="#" class="job_list___sub_multi_heading"><div role="alert" class="card-header alert-success" id="job_list___sub_heading_26_1"><button class="btn btn-outline-success"><span class="job_id">26 : Job ID 33b464ffb7aa40a59efa2cd3a4f81d2c</span></button></div></a><div aria-labelledby="job_list___sub_heading_26_1" data-parent="#job_list___sub_accordion_26" class="collapse job_list___sub_multi_collapse" id="job_list___sub_collapse_26_1"><div class="card-body"><div class="work-item"><div class="alert alert-success test-outcome" role="alert"><p>worker outcome: normal</p><p>test outcome: killed</p></div></div><pre class="location"><a href="pycharm://open?file=fizz_buzz.py&amp;line=9" class="text-secondary"><button class="btn btn-outline-dark">fizz_buzz.py, start pos: (9, 58), end pos: (9, 59)</button></a></pre><pre>operator: core/ReplaceBinaryOperator_Mod_Sub, occurrence: 1</pre><div class="alert alert-secondary"><pre class="diff">--- mutation diff ---
--- afizz_buzz.py
+++ bfizz_buzz.py
@@ -6,4 +6,4 @@
     divisible by both, add "FizzBuzz"
 
     """
-    return [("Fizz" if x % 3 == 0 else "") + ("Buzz" if x % 5 == 0 else "") or str(x) for x in range(1,n+1)]
+    return [("Fizz" if x % 3 == 0 else "") + ("Buzz" if x - 5 == 0 else "") or str(x) for x in range(1,n+1)]</pre></div><div class="alert alert-secondary"><pre class="diff">============================= test session starts ==============================
platform linux -- Python 3.10.12, pytest-8.3.3, pluggy-1.5.0
rootdir: /home/teste/python_experiments2/fizz-buzz
collected 1 item

ts-3-5/test_3-5_1-0_329.py F                                             [100%]

=========================== short test summary info ============================
FAILED ts-3-5/test_3-5_1-0_329.py::test_fizz_buzz - AssertionError: assert ['...
============================== 1 failed in 0.07s ===============================
</pre></div></div></div></div></div><div class="mb-1" id="job_list___sub_accordion_27"><div class="card"><a data-toggle="collapse" data-target="#job_list___sub_collapse_27_1" aria-expanded="false" aria-controls="job_list___sub_collapse_27_1" href="#" class="job_list___sub_multi_heading"><div role="alert" class="card-header alert-success" id="job_list___sub_heading_27_1"><button class="btn btn-outline-success"><span class="job_id">27 : Job ID 3727e65c3b5e45e68cdc76be2e472731</span></button></div></a><div aria-labelledby="job_list___sub_heading_27_1" data-parent="#job_list___sub_accordion_27" class="collapse job_list___sub_multi_collapse" id="job_list___sub_collapse_27_1"><div class="card-body"><div class="work-item"><div class="alert alert-success test-outcome" role="alert"><p>worker outcome: normal</p><p>test outcome: killed</p></div></div><pre class="location"><a href="pycharm://open?file=fizz_buzz.py&amp;line=9" class="text-secondary"><button class="btn btn-outline-dark">fizz_buzz.py, start pos: (9, 25), end pos: (9, 26)</button></a></pre><pre>operator: core/ReplaceBinaryOperator_Mod_Mul, occurrence: 0</pre><div class="alert alert-secondary"><pre class="diff">--- mutation diff ---
--- afizz_buzz.py
+++ bfizz_buzz.py
@@ -6,4 +6,4 @@
     divisible by both, add "FizzBuzz"
 
     """
-    return [("Fizz" if x % 3 == 0 else "") + ("Buzz" if x % 5 == 0 else "") or str(x) for x in range(1,n+1)]
+    return [("Fizz" if x * 3 == 0 else "") + ("Buzz" if x % 5 == 0 else "") or str(x) for x in range(1,n+1)]</pre></div><div class="alert alert-secondary"><pre class="diff">============================= test session starts ==============================
platform linux -- Python 3.10.12, pytest-8.3.3, pluggy-1.5.0
rootdir: /home/teste/python_experiments2/fizz-buzz
collected 1 item

ts-3-5/test_3-5_1-0_329.py F                                             [100%]

=========================== short test summary info ============================
FAILED ts-3-5/test_3-5_1-0_329.py::test_fizz_buzz - AssertionError: assert ['...
============================== 1 failed in 0.07s ===============================
</pre></div></div></div></div></div><div class="mb-1" id="job_list___sub_accordion_28"><div class="card"><a data-toggle="collapse" data-target="#job_list___sub_collapse_28_1" aria-expanded="false" aria-controls="job_list___sub_collapse_28_1" href="#" class="job_list___sub_multi_heading"><div role="alert" class="card-header alert-success" id="job_list___sub_heading_28_1"><button class="btn btn-outline-success"><span class="job_id">28 : Job ID 537dfe79aa8149bbbf2938926c9c412f</span></button></div></a><div aria-labelledby="job_list___sub_heading_28_1" data-parent="#job_list___sub_accordion_28" class="collapse job_list___sub_multi_collapse" id="job_list___sub_collapse_28_1"><div class="card-body"><div class="work-item"><div class="alert alert-success test-outcome" role="alert"><p>worker outcome: normal</p><p>test outcome: killed</p></div></div><pre class="location"><a href="pycharm://open?file=fizz_buzz.py&amp;line=9" class="text-secondary"><button class="btn btn-outline-dark">fizz_buzz.py, start pos: (9, 58), end pos: (9, 59)</button></a></pre><pre>operator: core/ReplaceBinaryOperator_Mod_Mul, occurrence: 1</pre><div class="alert alert-secondary"><pre class="diff">--- mutation diff ---
--- afizz_buzz.py
+++ bfizz_buzz.py
@@ -6,4 +6,4 @@
     divisible by both, add "FizzBuzz"
 
     """
-    return [("Fizz" if x % 3 == 0 else "") + ("Buzz" if x % 5 == 0 else "") or str(x) for x in range(1,n+1)]
+    return [("Fizz" if x % 3 == 0 else "") + ("Buzz" if x * 5 == 0 else "") or str(x) for x in range(1,n+1)]</pre></div><div class="alert alert-secondary"><pre class="diff">============================= test session starts ==============================
platform linux -- Python 3.10.12, pytest-8.3.3, pluggy-1.5.0
rootdir: /home/teste/python_experiments2/fizz-buzz
collected 1 item

ts-3-5/test_3-5_1-0_329.py F                                             [100%]

=========================== short test summary info ============================
FAILED ts-3-5/test_3-5_1-0_329.py::test_fizz_buzz - AssertionError: assert ['...
============================== 1 failed in 0.07s ===============================
</pre></div></div></div></div></div><div class="mb-1" id="job_list___sub_accordion_29"><div class="card"><a data-toggle="collapse" data-target="#job_list___sub_collapse_29_1" aria-expanded="false" aria-controls="job_list___sub_collapse_29_1" href="#" class="job_list___sub_multi_heading"><div role="alert" class="card-header alert-success" id="job_list___sub_heading_29_1"><button class="btn btn-outline-success"><span class="job_id">29 : Job ID 083e53c8c0964d73a5dcf0d4a88970e7</span></button></div></a><div aria-labelledby="job_list___sub_heading_29_1" data-parent="#job_list___sub_accordion_29" class="collapse job_list___sub_multi_collapse" id="job_list___sub_collapse_29_1"><div class="card-body"><div class="work-item"><div class="alert alert-success test-outcome" role="alert"><p>worker outcome: normal</p><p>test outcome: killed</p></div></div><pre class="location"><a href="pycharm://open?file=fizz_buzz.py&amp;line=9" class="text-secondary"><button class="btn btn-outline-dark">fizz_buzz.py, start pos: (9, 25), end pos: (9, 26)</button></a></pre><pre>operator: core/ReplaceBinaryOperator_Mod_Div, occurrence: 0</pre><div class="alert alert-secondary"><pre class="diff">--- mutation diff ---
--- afizz_buzz.py
+++ bfizz_buzz.py
@@ -6,4 +6,4 @@
     divisible by both, add "FizzBuzz"
 
     """
-    return [("Fizz" if x % 3 == 0 else "") + ("Buzz" if x % 5 == 0 else "") or str(x) for x in range(1,n+1)]
+    return [("Fizz" if x / 3 == 0 else "") + ("Buzz" if x % 5 == 0 else "") or str(x) for x in range(1,n+1)]</pre></div><div class="alert alert-secondary"><pre class="diff">============================= test session starts ==============================
platform linux -- Python 3.10.12, pytest-8.3.3, pluggy-1.5.0
rootdir: /home/teste/python_experiments2/fizz-buzz
collected 1 item

ts-3-5/test_3-5_1-0_329.py F                                             [100%]

=========================== short test summary info ============================
FAILED ts-3-5/test_3-5_1-0_329.py::test_fizz_buzz - AssertionError: assert ['...
============================== 1 failed in 0.07s ===============================
</pre></div></div></div></div></div><div class="mb-1" id="job_list___sub_accordion_30"><div class="card"><a data-toggle="collapse" data-target="#job_list___sub_collapse_30_1" aria-expanded="false" aria-controls="job_list___sub_collapse_30_1" href="#" class="job_list___sub_multi_heading"><div role="alert" class="card-header alert-success" id="job_list___sub_heading_30_1"><button class="btn btn-outline-success"><span class="job_id">30 : Job ID 0677e12f85014844ae8a2f4baa251fc8</span></button></div></a><div aria-labelledby="job_list___sub_heading_30_1" data-parent="#job_list___sub_accordion_30" class="collapse job_list___sub_multi_collapse" id="job_list___sub_collapse_30_1"><div class="card-body"><div class="work-item"><div class="alert alert-success test-outcome" role="alert"><p>worker outcome: normal</p><p>test outcome: killed</p></div></div><pre class="location"><a href="pycharm://open?file=fizz_buzz.py&amp;line=9" class="text-secondary"><button class="btn btn-outline-dark">fizz_buzz.py, start pos: (9, 58), end pos: (9, 59)</button></a></pre><pre>operator: core/ReplaceBinaryOperator_Mod_Div, occurrence: 1</pre><div class="alert alert-secondary"><pre class="diff">--- mutation diff ---
--- afizz_buzz.py
+++ bfizz_buzz.py
@@ -6,4 +6,4 @@
     divisible by both, add "FizzBuzz"
 
     """
-    return [("Fizz" if x % 3 == 0 else "") + ("Buzz" if x % 5 == 0 else "") or str(x) for x in range(1,n+1)]
+    return [("Fizz" if x % 3 == 0 else "") + ("Buzz" if x / 5 == 0 else "") or str(x) for x in range(1,n+1)]</pre></div><div class="alert alert-secondary"><pre class="diff">============================= test session starts ==============================
platform linux -- Python 3.10.12, pytest-8.3.3, pluggy-1.5.0
rootdir: /home/teste/python_experiments2/fizz-buzz
collected 1 item

ts-3-5/test_3-5_1-0_329.py F                                             [100%]

=========================== short test summary info ============================
FAILED ts-3-5/test_3-5_1-0_329.py::test_fizz_buzz - AssertionError: assert ['...
============================== 1 failed in 0.07s ===============================
</pre></div></div></div></div></div><div class="mb-1" id="job_list___sub_accordion_31"><div class="card"><a data-toggle="collapse" data-target="#job_list___sub_collapse_31_1" aria-expanded="false" aria-controls="job_list___sub_collapse_31_1" href="#" class="job_list___sub_multi_heading"><div role="alert" class="card-header alert-success" id="job_list___sub_heading_31_1"><button class="btn btn-outline-success"><span class="job_id">31 : Job ID 0ab8206ce1bf4ca9b8575777911a7266</span></button></div></a><div aria-labelledby="job_list___sub_heading_31_1" data-parent="#job_list___sub_accordion_31" class="collapse job_list___sub_multi_collapse" id="job_list___sub_collapse_31_1"><div class="card-body"><div class="work-item"><div class="alert alert-success test-outcome" role="alert"><p>worker outcome: normal</p><p>test outcome: killed</p></div></div><pre class="location"><a href="pycharm://open?file=fizz_buzz.py&amp;line=9" class="text-secondary"><button class="btn btn-outline-dark">fizz_buzz.py, start pos: (9, 25), end pos: (9, 26)</button></a></pre><pre>operator: core/ReplaceBinaryOperator_Mod_FloorDiv, occurrence: 0</pre><div class="alert alert-secondary"><pre class="diff">--- mutation diff ---
--- afizz_buzz.py
+++ bfizz_buzz.py
@@ -6,4 +6,4 @@
     divisible by both, add "FizzBuzz"
 
     """
-    return [("Fizz" if x % 3 == 0 else "") + ("Buzz" if x % 5 == 0 else "") or str(x) for x in range(1,n+1)]
+    return [("Fizz" if x // 3 == 0 else "") + ("Buzz" if x % 5 == 0 else "") or str(x) for x in range(1,n+1)]</pre></div><div class="alert alert-secondary"><pre class="diff">============================= test session starts ==============================
platform linux -- Python 3.10.12, pytest-8.3.3, pluggy-1.5.0
rootdir: /home/teste/python_experiments2/fizz-buzz
collected 1 item

ts-3-5/test_3-5_1-0_329.py F                                             [100%]

=========================== short test summary info ============================
FAILED ts-3-5/test_3-5_1-0_329.py::test_fizz_buzz - AssertionError: assert ['...
============================== 1 failed in 0.07s ===============================
</pre></div></div></div></div></div><div class="mb-1" id="job_list___sub_accordion_32"><div class="card"><a data-toggle="collapse" data-target="#job_list___sub_collapse_32_1" aria-expanded="false" aria-controls="job_list___sub_collapse_32_1" href="#" class="job_list___sub_multi_heading"><div role="alert" class="card-header alert-success" id="job_list___sub_heading_32_1"><button class="btn btn-outline-success"><span class="job_id">32 : Job ID a65a17ad507e4cb6b42c68f58aa4abdb</span></button></div></a><div aria-labelledby="job_list___sub_heading_32_1" data-parent="#job_list___sub_accordion_32" class="collapse job_list___sub_multi_collapse" id="job_list___sub_collapse_32_1"><div class="card-body"><div class="work-item"><div class="alert alert-success test-outcome" role="alert"><p>worker outcome: normal</p><p>test outcome: killed</p></div></div><pre class="location"><a href="pycharm://open?file=fizz_buzz.py&amp;line=9" class="text-secondary"><button class="btn btn-outline-dark">fizz_buzz.py, start pos: (9, 58), end pos: (9, 59)</button></a></pre><pre>operator: core/ReplaceBinaryOperator_Mod_FloorDiv, occurrence: 1</pre><div class="alert alert-secondary"><pre class="diff">--- mutation diff ---
--- afizz_buzz.py
+++ bfizz_buzz.py
@@ -6,4 +6,4 @@
     divisible by both, add "FizzBuzz"
 
     """
-    return [("Fizz" if x % 3 == 0 else "") + ("Buzz" if x % 5 == 0 else "") or str(x) for x in range(1,n+1)]
+    return [("Fizz" if x % 3 == 0 else "") + ("Buzz" if x // 5 == 0 else "") or str(x) for x in range(1,n+1)]</pre></div><div class="alert alert-secondary"><pre class="diff">============================= test session starts ==============================
platform linux -- Python 3.10.12, pytest-8.3.3, pluggy-1.5.0
rootdir: /home/teste/python_experiments2/fizz-buzz
collected 1 item

ts-3-5/test_3-5_1-0_329.py F                                             [100%]

=========================== short test summary info ============================
FAILED ts-3-5/test_3-5_1-0_329.py::test_fizz_buzz - AssertionError: assert ['...
============================== 1 failed in 0.07s ===============================
</pre></div></div></div></div></div><div class="mb-1" id="job_list___sub_accordion_33"><div class="card"><a data-toggle="collapse" data-target="#job_list___sub_collapse_33_1" aria-expanded="false" aria-controls="job_list___sub_collapse_33_1" href="#" class="job_list___sub_multi_heading"><div role="alert" class="card-header alert-success" id="job_list___sub_heading_33_1"><button class="btn btn-outline-success"><span class="job_id">33 : Job ID 4e470f301b174633b86cfcada97f611d</span></button></div></a><div aria-labelledby="job_list___sub_heading_33_1" data-parent="#job_list___sub_accordion_33" class="collapse job_list___sub_multi_collapse" id="job_list___sub_collapse_33_1"><div class="card-body"><div class="work-item"><div class="alert alert-success test-outcome" role="alert"><p>worker outcome: normal</p><p>test outcome: killed</p></div></div><pre class="location"><a href="pycharm://open?file=fizz_buzz.py&amp;line=9" class="text-secondary"><button class="btn btn-outline-dark">fizz_buzz.py, start pos: (9, 25), end pos: (9, 26)</button></a></pre><pre>operator: core/ReplaceBinaryOperator_Mod_Pow, occurrence: 0</pre><div class="alert alert-secondary"><pre class="diff">--- mutation diff ---
--- afizz_buzz.py
+++ bfizz_buzz.py
@@ -6,4 +6,4 @@
     divisible by both, add "FizzBuzz"
 
     """
-    return [("Fizz" if x % 3 == 0 else "") + ("Buzz" if x % 5 == 0 else "") or str(x) for x in range(1,n+1)]
+    return [("Fizz" if x ** 3 == 0 else "") + ("Buzz" if x % 5 == 0 else "") or str(x) for x in range(1,n+1)]</pre></div><div class="alert alert-secondary"><pre class="diff">============================= test session starts ==============================
platform linux -- Python 3.10.12, pytest-8.3.3, pluggy-1.5.0
rootdir: /home/teste/python_experiments2/fizz-buzz
collected 1 item

ts-3-5/test_3-5_1-0_329.py F                                             [100%]

=========================== short test summary info ============================
FAILED ts-3-5/test_3-5_1-0_329.py::test_fizz_buzz - AssertionError: assert ['...
============================== 1 failed in 0.07s ===============================
</pre></div></div></div></div></div><div class="mb-1" id="job_list___sub_accordion_34"><div class="card"><a data-toggle="collapse" data-target="#job_list___sub_collapse_34_1" aria-expanded="false" aria-controls="job_list___sub_collapse_34_1" href="#" class="job_list___sub_multi_heading"><div role="alert" class="card-header alert-success" id="job_list___sub_heading_34_1"><button class="btn btn-outline-success"><span class="job_id">34 : Job ID b77f5f815c734da187b3ca76f036e7ca</span></button></div></a><div aria-labelledby="job_list___sub_heading_34_1" data-parent="#job_list___sub_accordion_34" class="collapse job_list___sub_multi_collapse" id="job_list___sub_collapse_34_1"><div class="card-body"><div class="work-item"><div class="alert alert-success test-outcome" role="alert"><p>worker outcome: normal</p><p>test outcome: killed</p></div></div><pre class="location"><a href="pycharm://open?file=fizz_buzz.py&amp;line=9" class="text-secondary"><button class="btn btn-outline-dark">fizz_buzz.py, start pos: (9, 58), end pos: (9, 59)</button></a></pre><pre>operator: core/ReplaceBinaryOperator_Mod_Pow, occurrence: 1</pre><div class="alert alert-secondary"><pre class="diff">--- mutation diff ---
--- afizz_buzz.py
+++ bfizz_buzz.py
@@ -6,4 +6,4 @@
     divisible by both, add "FizzBuzz"
 
     """
-    return [("Fizz" if x % 3 == 0 else "") + ("Buzz" if x % 5 == 0 else "") or str(x) for x in range(1,n+1)]
+    return [("Fizz" if x % 3 == 0 else "") + ("Buzz" if x ** 5 == 0 else "") or str(x) for x in range(1,n+1)]</pre></div><div class="alert alert-secondary"><pre class="diff">============================= test session starts ==============================
platform linux -- Python 3.10.12, pytest-8.3.3, pluggy-1.5.0
rootdir: /home/teste/python_experiments2/fizz-buzz
collected 1 item

ts-3-5/test_3-5_1-0_329.py F                                             [100%]

=========================== short test summary info ============================
FAILED ts-3-5/test_3-5_1-0_329.py::test_fizz_buzz - AssertionError: assert ['...
============================== 1 failed in 0.07s ===============================
</pre></div></div></div></div></div><div class="mb-1" id="job_list___sub_accordion_35"><div class="card"><a data-toggle="collapse" data-target="#job_list___sub_collapse_35_1" aria-expanded="false" aria-controls="job_list___sub_collapse_35_1" href="#" class="job_list___sub_multi_heading"><div role="alert" class="card-header alert-success" id="job_list___sub_heading_35_1"><button class="btn btn-outline-success"><span class="job_id">35 : Job ID 4f7bbe8cba7e42d08d26883b224740b8</span></button></div></a><div aria-labelledby="job_list___sub_heading_35_1" data-parent="#job_list___sub_accordion_35" class="collapse job_list___sub_multi_collapse" id="job_list___sub_collapse_35_1"><div class="card-body"><div class="work-item"><div class="alert alert-success test-outcome" role="alert"><p>worker outcome: normal</p><p>test outcome: killed</p></div></div><pre class="location"><a href="pycharm://open?file=fizz_buzz.py&amp;line=9" class="text-secondary"><button class="btn btn-outline-dark">fizz_buzz.py, start pos: (9, 25), end pos: (9, 26)</button></a></pre><pre>operator: core/ReplaceBinaryOperator_Mod_RShift, occurrence: 0</pre><div class="alert alert-secondary"><pre class="diff">--- mutation diff ---
--- afizz_buzz.py
+++ bfizz_buzz.py
@@ -6,4 +6,4 @@
     divisible by both, add "FizzBuzz"
 
     """
-    return [("Fizz" if x % 3 == 0 else "") + ("Buzz" if x % 5 == 0 else "") or str(x) for x in range(1,n+1)]
+    return [("Fizz" if x &gt;&gt; 3 == 0 else "") + ("Buzz" if x % 5 == 0 else "") or str(x) for x in range(1,n+1)]</pre></div><div class="alert alert-secondary"><pre class="diff">============================= test session starts ==============================
platform linux -- Python 3.10.12, pytest-8.3.3, pluggy-1.5.0
rootdir: /home/teste/python_experiments2/fizz-buzz
collected 1 item

ts-3-5/test_3-5_1-0_329.py F                                             [100%]

=========================== short test summary info ============================
FAILED ts-3-5/test_3-5_1-0_329.py::test_fizz_buzz - AssertionError: assert ['...
============================== 1 failed in 0.07s ===============================
</pre></div></div></div></div></div><div class="mb-1" id="job_list___sub_accordion_36"><div class="card"><a data-toggle="collapse" data-target="#job_list___sub_collapse_36_1" aria-expanded="false" aria-controls="job_list___sub_collapse_36_1" href="#" class="job_list___sub_multi_heading"><div role="alert" class="card-header alert-success" id="job_list___sub_heading_36_1"><button class="btn btn-outline-success"><span class="job_id">36 : Job ID 49626cb38e6c4b8491fbe04f36cc44c8</span></button></div></a><div aria-labelledby="job_list___sub_heading_36_1" data-parent="#job_list___sub_accordion_36" class="collapse job_list___sub_multi_collapse" id="job_list___sub_collapse_36_1"><div class="card-body"><div class="work-item"><div class="alert alert-success test-outcome" role="alert"><p>worker outcome: normal</p><p>test outcome: killed</p></div></div><pre class="location"><a href="pycharm://open?file=fizz_buzz.py&amp;line=9" class="text-secondary"><button class="btn btn-outline-dark">fizz_buzz.py, start pos: (9, 58), end pos: (9, 59)</button></a></pre><pre>operator: core/ReplaceBinaryOperator_Mod_RShift, occurrence: 1</pre><div class="alert alert-secondary"><pre class="diff">--- mutation diff ---
--- afizz_buzz.py
+++ bfizz_buzz.py
@@ -6,4 +6,4 @@
     divisible by both, add "FizzBuzz"
 
     """
-    return [("Fizz" if x % 3 == 0 else "") + ("Buzz" if x % 5 == 0 else "") or str(x) for x in range(1,n+1)]
+    return [("Fizz" if x % 3 == 0 else "") + ("Buzz" if x &gt;&gt; 5 == 0 else "") or str(x) for x in range(1,n+1)]</pre></div><div class="alert alert-secondary"><pre class="diff">============================= test session starts ==============================
platform linux -- Python 3.10.12, pytest-8.3.3, pluggy-1.5.0
rootdir: /home/teste/python_experiments2/fizz-buzz
collected 1 item

ts-3-5/test_3-5_1-0_329.py F                                             [100%]

=========================== short test summary info ============================
FAILED ts-3-5/test_3-5_1-0_329.py::test_fizz_buzz - AssertionError: assert ['...
============================== 1 failed in 0.07s ===============================
</pre></div></div></div></div></div><div class="mb-1" id="job_list___sub_accordion_37"><div class="card"><a data-toggle="collapse" data-target="#job_list___sub_collapse_37_1" aria-expanded="false" aria-controls="job_list___sub_collapse_37_1" href="#" class="job_list___sub_multi_heading"><div role="alert" class="card-header alert-success" id="job_list___sub_heading_37_1"><button class="btn btn-outline-success"><span class="job_id">37 : Job ID f73303a4d4864e00b16c253c55d9dfe3</span></button></div></a><div aria-labelledby="job_list___sub_heading_37_1" data-parent="#job_list___sub_accordion_37" class="collapse job_list___sub_multi_collapse" id="job_list___sub_collapse_37_1"><div class="card-body"><div class="work-item"><div class="alert alert-success test-outcome" role="alert"><p>worker outcome: normal</p><p>test outcome: killed</p></div></div><pre class="location"><a href="pycharm://open?file=fizz_buzz.py&amp;line=9" class="text-secondary"><button class="btn btn-outline-dark">fizz_buzz.py, start pos: (9, 25), end pos: (9, 26)</button></a></pre><pre>operator: core/ReplaceBinaryOperator_Mod_LShift, occurrence: 0</pre><div class="alert alert-secondary"><pre class="diff">--- mutation diff ---
--- afizz_buzz.py
+++ bfizz_buzz.py
@@ -6,4 +6,4 @@
     divisible by both, add "FizzBuzz"
 
     """
-    return [("Fizz" if x % 3 == 0 else "") + ("Buzz" if x % 5 == 0 else "") or str(x) for x in range(1,n+1)]
+    return [("Fizz" if x &lt;&lt; 3 == 0 else "") + ("Buzz" if x % 5 == 0 else "") or str(x) for x in range(1,n+1)]</pre></div><div class="alert alert-secondary"><pre class="diff">============================= test session starts ==============================
platform linux -- Python 3.10.12, pytest-8.3.3, pluggy-1.5.0
rootdir: /home/teste/python_experiments2/fizz-buzz
collected 1 item

ts-3-5/test_3-5_1-0_329.py F                                             [100%]

=========================== short test summary info ============================
FAILED ts-3-5/test_3-5_1-0_329.py::test_fizz_buzz - AssertionError: assert ['...
============================== 1 failed in 0.07s ===============================
</pre></div></div></div></div></div><div class="mb-1" id="job_list___sub_accordion_38"><div class="card"><a data-toggle="collapse" data-target="#job_list___sub_collapse_38_1" aria-expanded="false" aria-controls="job_list___sub_collapse_38_1" href="#" class="job_list___sub_multi_heading"><div role="alert" class="card-header alert-success" id="job_list___sub_heading_38_1"><button class="btn btn-outline-success"><span class="job_id">38 : Job ID e33561dbe50545288394172847a69cde</span></button></div></a><div aria-labelledby="job_list___sub_heading_38_1" data-parent="#job_list___sub_accordion_38" class="collapse job_list___sub_multi_collapse" id="job_list___sub_collapse_38_1"><div class="card-body"><div class="work-item"><div class="alert alert-success test-outcome" role="alert"><p>worker outcome: normal</p><p>test outcome: killed</p></div></div><pre class="location"><a href="pycharm://open?file=fizz_buzz.py&amp;line=9" class="text-secondary"><button class="btn btn-outline-dark">fizz_buzz.py, start pos: (9, 58), end pos: (9, 59)</button></a></pre><pre>operator: core/ReplaceBinaryOperator_Mod_LShift, occurrence: 1</pre><div class="alert alert-secondary"><pre class="diff">--- mutation diff ---
--- afizz_buzz.py
+++ bfizz_buzz.py
@@ -6,4 +6,4 @@
     divisible by both, add "FizzBuzz"
 
     """
-    return [("Fizz" if x % 3 == 0 else "") + ("Buzz" if x % 5 == 0 else "") or str(x) for x in range(1,n+1)]
+    return [("Fizz" if x % 3 == 0 else "") + ("Buzz" if x &lt;&lt; 5 == 0 else "") or str(x) for x in range(1,n+1)]</pre></div><div class="alert alert-secondary"><pre class="diff">============================= test session starts ==============================
platform linux -- Python 3.10.12, pytest-8.3.3, pluggy-1.5.0
rootdir: /home/teste/python_experiments2/fizz-buzz
collected 1 item

ts-3-5/test_3-5_1-0_329.py F                                             [100%]

=========================== short test summary info ============================
FAILED ts-3-5/test_3-5_1-0_329.py::test_fizz_buzz - AssertionError: assert ['...
============================== 1 failed in 0.07s ===============================
</pre></div></div></div></div></div><div class="mb-1" id="job_list___sub_accordion_39"><div class="card"><a data-toggle="collapse" data-target="#job_list___sub_collapse_39_1" aria-expanded="false" aria-controls="job_list___sub_collapse_39_1" href="#" class="job_list___sub_multi_heading"><div role="alert" class="card-header alert-success" id="job_list___sub_heading_39_1"><button class="btn btn-outline-success"><span class="job_id">39 : Job ID 7d4c79e47e634b0e958f0eeb3af28edc</span></button></div></a><div aria-labelledby="job_list___sub_heading_39_1" data-parent="#job_list___sub_accordion_39" class="collapse job_list___sub_multi_collapse" id="job_list___sub_collapse_39_1"><div class="card-body"><div class="work-item"><div class="alert alert-success test-outcome" role="alert"><p>worker outcome: normal</p><p>test outcome: killed</p></div></div><pre class="location"><a href="pycharm://open?file=fizz_buzz.py&amp;line=9" class="text-secondary"><button class="btn btn-outline-dark">fizz_buzz.py, start pos: (9, 25), end pos: (9, 26)</button></a></pre><pre>operator: core/ReplaceBinaryOperator_Mod_BitOr, occurrence: 0</pre><div class="alert alert-secondary"><pre class="diff">--- mutation diff ---
--- afizz_buzz.py
+++ bfizz_buzz.py
@@ -6,4 +6,4 @@
     divisible by both, add "FizzBuzz"
 
     """
-    return [("Fizz" if x % 3 == 0 else "") + ("Buzz" if x % 5 == 0 else "") or str(x) for x in range(1,n+1)]
+    return [("Fizz" if x | 3 == 0 else "") + ("Buzz" if x % 5 == 0 else "") or str(x) for x in range(1,n+1)]</pre></div><div class="alert alert-secondary"><pre class="diff">============================= test session starts ==============================
platform linux -- Python 3.10.12, pytest-8.3.3, pluggy-1.5.0
rootdir: /home/teste/python_experiments2/fizz-buzz
collected 1 item

ts-3-5/test_3-5_1-0_329.py F                                             [100%]

=========================== short test summary info ============================
FAILED ts-3-5/test_3-5_1-0_329.py::test_fizz_buzz - AssertionError: assert ['...
============================== 1 failed in 0.07s ===============================
</pre></div></div></div></div></div><div class="mb-1" id="job_list___sub_accordion_40"><div class="card"><a data-toggle="collapse" data-target="#job_list___sub_collapse_40_1" aria-expanded="false" aria-controls="job_list___sub_collapse_40_1" href="#" class="job_list___sub_multi_heading"><div role="alert" class="card-header alert-success" id="job_list___sub_heading_40_1"><button class="btn btn-outline-success"><span class="job_id">40 : Job ID e85547fb7dad4162957a7b7640cec826</span></button></div></a><div aria-labelledby="job_list___sub_heading_40_1" data-parent="#job_list___sub_accordion_40" class="collapse job_list___sub_multi_collapse" id="job_list___sub_collapse_40_1"><div class="card-body"><div class="work-item"><div class="alert alert-success test-outcome" role="alert"><p>worker outcome: normal</p><p>test outcome: killed</p></div></div><pre class="location"><a href="pycharm://open?file=fizz_buzz.py&amp;line=9" class="text-secondary"><button class="btn btn-outline-dark">fizz_buzz.py, start pos: (9, 58), end pos: (9, 59)</button></a></pre><pre>operator: core/ReplaceBinaryOperator_Mod_BitOr, occurrence: 1</pre><div class="alert alert-secondary"><pre class="diff">--- mutation diff ---
--- afizz_buzz.py
+++ bfizz_buzz.py
@@ -6,4 +6,4 @@
     divisible by both, add "FizzBuzz"
 
     """
-    return [("Fizz" if x % 3 == 0 else "") + ("Buzz" if x % 5 == 0 else "") or str(x) for x in range(1,n+1)]
+    return [("Fizz" if x % 3 == 0 else "") + ("Buzz" if x | 5 == 0 else "") or str(x) for x in range(1,n+1)]</pre></div><div class="alert alert-secondary"><pre class="diff">============================= test session starts ==============================
platform linux -- Python 3.10.12, pytest-8.3.3, pluggy-1.5.0
rootdir: /home/teste/python_experiments2/fizz-buzz
collected 1 item

ts-3-5/test_3-5_1-0_329.py F                                             [100%]

=========================== short test summary info ============================
FAILED ts-3-5/test_3-5_1-0_329.py::test_fizz_buzz - AssertionError: assert ['...
============================== 1 failed in 0.07s ===============================
</pre></div></div></div></div></div><div class="mb-1" id="job_list___sub_accordion_41"><div class="card"><a data-toggle="collapse" data-target="#job_list___sub_collapse_41_1" aria-expanded="false" aria-controls="job_list___sub_collapse_41_1" href="#" class="job_list___sub_multi_heading"><div role="alert" class="card-header alert-success" id="job_list___sub_heading_41_1"><button class="btn btn-outline-success"><span class="job_id">41 : Job ID e169dcf207da4fa28851dc257137fdd6</span></button></div></a><div aria-labelledby="job_list___sub_heading_41_1" data-parent="#job_list___sub_accordion_41" class="collapse job_list___sub_multi_collapse" id="job_list___sub_collapse_41_1"><div class="card-body"><div class="work-item"><div class="alert alert-success test-outcome" role="alert"><p>worker outcome: normal</p><p>test outcome: killed</p></div></div><pre class="location"><a href="pycharm://open?file=fizz_buzz.py&amp;line=9" class="text-secondary"><button class="btn btn-outline-dark">fizz_buzz.py, start pos: (9, 25), end pos: (9, 26)</button></a></pre><pre>operator: core/ReplaceBinaryOperator_Mod_BitAnd, occurrence: 0</pre><div class="alert alert-secondary"><pre class="diff">--- mutation diff ---
--- afizz_buzz.py
+++ bfizz_buzz.py
@@ -6,4 +6,4 @@
     divisible by both, add "FizzBuzz"
 
     """
-    return [("Fizz" if x % 3 == 0 else "") + ("Buzz" if x % 5 == 0 else "") or str(x) for x in range(1,n+1)]
+    return [("Fizz" if x &amp; 3 == 0 else "") + ("Buzz" if x % 5 == 0 else "") or str(x) for x in range(1,n+1)]</pre></div><div class="alert alert-secondary"><pre class="diff">============================= test session starts ==============================
platform linux -- Python 3.10.12, pytest-8.3.3, pluggy-1.5.0
rootdir: /home/teste/python_experiments2/fizz-buzz
collected 1 item

ts-3-5/test_3-5_1-0_329.py F                                             [100%]

=========================== short test summary info ============================
FAILED ts-3-5/test_3-5_1-0_329.py::test_fizz_buzz - AssertionError: assert ['...
============================== 1 failed in 0.07s ===============================
</pre></div></div></div></div></div><div class="mb-1" id="job_list___sub_accordion_42"><div class="card"><a data-toggle="collapse" data-target="#job_list___sub_collapse_42_1" aria-expanded="false" aria-controls="job_list___sub_collapse_42_1" href="#" class="job_list___sub_multi_heading"><div role="alert" class="card-header alert-success" id="job_list___sub_heading_42_1"><button class="btn btn-outline-success"><span class="job_id">42 : Job ID 96ee7695ff354b89982fb084f5fa8b99</span></button></div></a><div aria-labelledby="job_list___sub_heading_42_1" data-parent="#job_list___sub_accordion_42" class="collapse job_list___sub_multi_collapse" id="job_list___sub_collapse_42_1"><div class="card-body"><div class="work-item"><div class="alert alert-success test-outcome" role="alert"><p>worker outcome: normal</p><p>test outcome: killed</p></div></div><pre class="location"><a href="pycharm://open?file=fizz_buzz.py&amp;line=9" class="text-secondary"><button class="btn btn-outline-dark">fizz_buzz.py, start pos: (9, 58), end pos: (9, 59)</button></a></pre><pre>operator: core/ReplaceBinaryOperator_Mod_BitAnd, occurrence: 1</pre><div class="alert alert-secondary"><pre class="diff">--- mutation diff ---
--- afizz_buzz.py
+++ bfizz_buzz.py
@@ -6,4 +6,4 @@
     divisible by both, add "FizzBuzz"
 
     """
-    return [("Fizz" if x % 3 == 0 else "") + ("Buzz" if x % 5 == 0 else "") or str(x) for x in range(1,n+1)]
+    return [("Fizz" if x % 3 == 0 else "") + ("Buzz" if x &amp; 5 == 0 else "") or str(x) for x in range(1,n+1)]</pre></div><div class="alert alert-secondary"><pre class="diff">============================= test session starts ==============================
platform linux -- Python 3.10.12, pytest-8.3.3, pluggy-1.5.0
rootdir: /home/teste/python_experiments2/fizz-buzz
collected 1 item

ts-3-5/test_3-5_1-0_329.py F                                             [100%]

=========================== short test summary info ============================
FAILED ts-3-5/test_3-5_1-0_329.py::test_fizz_buzz - AssertionError: assert ['...
============================== 1 failed in 0.07s ===============================
</pre></div></div></div></div></div><div class="mb-1" id="job_list___sub_accordion_43"><div class="card"><a data-toggle="collapse" data-target="#job_list___sub_collapse_43_1" aria-expanded="false" aria-controls="job_list___sub_collapse_43_1" href="#" class="job_list___sub_multi_heading"><div role="alert" class="card-header alert-success" id="job_list___sub_heading_43_1"><button class="btn btn-outline-success"><span class="job_id">43 : Job ID 0239b3b8178444a986457f6ff8d37735</span></button></div></a><div aria-labelledby="job_list___sub_heading_43_1" data-parent="#job_list___sub_accordion_43" class="collapse job_list___sub_multi_collapse" id="job_list___sub_collapse_43_1"><div class="card-body"><div class="work-item"><div class="alert alert-success test-outcome" role="alert"><p>worker outcome: normal</p><p>test outcome: killed</p></div></div><pre class="location"><a href="pycharm://open?file=fizz_buzz.py&amp;line=9" class="text-secondary"><button class="btn btn-outline-dark">fizz_buzz.py, start pos: (9, 25), end pos: (9, 26)</button></a></pre><pre>operator: core/ReplaceBinaryOperator_Mod_BitXor, occurrence: 0</pre><div class="alert alert-secondary"><pre class="diff">--- mutation diff ---
--- afizz_buzz.py
+++ bfizz_buzz.py
@@ -6,4 +6,4 @@
     divisible by both, add "FizzBuzz"
 
     """
-    return [("Fizz" if x % 3 == 0 else "") + ("Buzz" if x % 5 == 0 else "") or str(x) for x in range(1,n+1)]
+    return [("Fizz" if x ^ 3 == 0 else "") + ("Buzz" if x % 5 == 0 else "") or str(x) for x in range(1,n+1)]</pre></div><div class="alert alert-secondary"><pre class="diff">============================= test session starts ==============================
platform linux -- Python 3.10.12, pytest-8.3.3, pluggy-1.5.0
rootdir: /home/teste/python_experiments2/fizz-buzz
collected 1 item

ts-3-5/test_3-5_1-0_329.py F                                             [100%]

=========================== short test summary info ============================
FAILED ts-3-5/test_3-5_1-0_329.py::test_fizz_buzz - AssertionError: assert ['...
============================== 1 failed in 0.07s ===============================
</pre></div></div></div></div></div><div class="mb-1" id="job_list___sub_accordion_44"><div class="card"><a data-toggle="collapse" data-target="#job_list___sub_collapse_44_1" aria-expanded="false" aria-controls="job_list___sub_collapse_44_1" href="#" class="job_list___sub_multi_heading"><div role="alert" class="card-header alert-success" id="job_list___sub_heading_44_1"><button class="btn btn-outline-success"><span class="job_id">44 : Job ID 8b97c90912494995953abae0b4491d5a</span></button></div></a><div aria-labelledby="job_list___sub_heading_44_1" data-parent="#job_list___sub_accordion_44" class="collapse job_list___sub_multi_collapse" id="job_list___sub_collapse_44_1"><div class="card-body"><div class="work-item"><div class="alert alert-success test-outcome" role="alert"><p>worker outcome: normal</p><p>test outcome: killed</p></div></div><pre class="location"><a href="pycharm://open?file=fizz_buzz.py&amp;line=9" class="text-secondary"><button class="btn btn-outline-dark">fizz_buzz.py, start pos: (9, 58), end pos: (9, 59)</button></a></pre><pre>operator: core/ReplaceBinaryOperator_Mod_BitXor, occurrence: 1</pre><div class="alert alert-secondary"><pre class="diff">--- mutation diff ---
--- afizz_buzz.py
+++ bfizz_buzz.py
@@ -6,4 +6,4 @@
     divisible by both, add "FizzBuzz"
 
     """
-    return [("Fizz" if x % 3 == 0 else "") + ("Buzz" if x % 5 == 0 else "") or str(x) for x in range(1,n+1)]
+    return [("Fizz" if x % 3 == 0 else "") + ("Buzz" if x ^ 5 == 0 else "") or str(x) for x in range(1,n+1)]</pre></div><div class="alert alert-secondary"><pre class="diff">============================= test session starts ==============================
platform linux -- Python 3.10.12, pytest-8.3.3, pluggy-1.5.0
rootdir: /home/teste/python_experiments2/fizz-buzz
collected 1 item

ts-3-5/test_3-5_1-0_329.py F                                             [100%]

=========================== short test summary info ============================
FAILED ts-3-5/test_3-5_1-0_329.py::test_fizz_buzz - AssertionError: assert ['...
============================== 1 failed in 0.07s ===============================
</pre></div></div></div></div></div><div class="mb-1" id="job_list___sub_accordion_45"><div class="card"><a data-toggle="collapse" data-target="#job_list___sub_collapse_45_1" aria-expanded="false" aria-controls="job_list___sub_collapse_45_1" href="#" class="job_list___sub_multi_heading"><div role="alert" class="card-header alert-success" id="job_list___sub_heading_45_1"><button class="btn btn-outline-success"><span class="job_id">45 : Job ID d6cb98964be14056a33ae43e250d7f83</span></button></div></a><div aria-labelledby="job_list___sub_heading_45_1" data-parent="#job_list___sub_accordion_45" class="collapse job_list___sub_multi_collapse" id="job_list___sub_collapse_45_1"><div class="card-body"><div class="work-item"><div class="alert alert-success test-outcome" role="alert"><p>worker outcome: normal</p><p>test outcome: killed</p></div></div><pre class="location"><a href="pycharm://open?file=fizz_buzz.py&amp;line=9" class="text-secondary"><button class="btn btn-outline-dark">fizz_buzz.py, start pos: (9, 29), end pos: (9, 31)</button></a></pre><pre>operator: core/ReplaceComparisonOperator_Eq_NotEq, occurrence: 0</pre><div class="alert alert-secondary"><pre class="diff">--- mutation diff ---
--- afizz_buzz.py
+++ bfizz_buzz.py
@@ -6,4 +6,4 @@
     divisible by both, add "FizzBuzz"
 
     """
-    return [("Fizz" if x % 3 == 0 else "") + ("Buzz" if x % 5 == 0 else "") or str(x) for x in range(1,n+1)]
+    return [("Fizz" if x % 3 != 0 else "") + ("Buzz" if x % 5 == 0 else "") or str(x) for x in range(1,n+1)]</pre></div><div class="alert alert-secondary"><pre class="diff">============================= test session starts ==============================
platform linux -- Python 3.10.12, pytest-8.3.3, pluggy-1.5.0
rootdir: /home/teste/python_experiments2/fizz-buzz
collected 1 item

ts-3-5/test_3-5_1-0_329.py F                                             [100%]

=========================== short test summary info ============================
FAILED ts-3-5/test_3-5_1-0_329.py::test_fizz_buzz - AssertionError: assert ['...
============================== 1 failed in 0.07s ===============================
</pre></div></div></div></div></div><div class="mb-1" id="job_list___sub_accordion_46"><div class="card"><a data-toggle="collapse" data-target="#job_list___sub_collapse_46_1" aria-expanded="false" aria-controls="job_list___sub_collapse_46_1" href="#" class="job_list___sub_multi_heading"><div role="alert" class="card-header alert-success" id="job_list___sub_heading_46_1"><button class="btn btn-outline-success"><span class="job_id">46 : Job ID c9ba36f983f048dc946519fab3dbd550</span></button></div></a><div aria-labelledby="job_list___sub_heading_46_1" data-parent="#job_list___sub_accordion_46" class="collapse job_list___sub_multi_collapse" id="job_list___sub_collapse_46_1"><div class="card-body"><div class="work-item"><div class="alert alert-success test-outcome" role="alert"><p>worker outcome: normal</p><p>test outcome: killed</p></div></div><pre class="location"><a href="pycharm://open?file=fizz_buzz.py&amp;line=9" class="text-secondary"><button class="btn btn-outline-dark">fizz_buzz.py, start pos: (9, 62), end pos: (9, 64)</button></a></pre><pre>operator: core/ReplaceComparisonOperator_Eq_NotEq, occurrence: 1</pre><div class="alert alert-secondary"><pre class="diff">--- mutation diff ---
--- afizz_buzz.py
+++ bfizz_buzz.py
@@ -6,4 +6,4 @@
     divisible by both, add "FizzBuzz"
 
     """
-    return [("Fizz" if x % 3 == 0 else "") + ("Buzz" if x % 5 == 0 else "") or str(x) for x in range(1,n+1)]
+    return [("Fizz" if x % 3 == 0 else "") + ("Buzz" if x % 5 != 0 else "") or str(x) for x in range(1,n+1)]</pre></div><div class="alert alert-secondary"><pre class="diff">============================= test session starts ==============================
platform linux -- Python 3.10.12, pytest-8.3.3, pluggy-1.5.0
rootdir: /home/teste/python_experiments2/fizz-buzz
collected 1 item

ts-3-5/test_3-5_1-0_329.py F                                             [100%]

=========================== short test summary info ============================
FAILED ts-3-5/test_3-5_1-0_329.py::test_fizz_buzz - AssertionError: assert ['...
============================== 1 failed in 0.07s ===============================
</pre></div></div></div></div></div><div class="mb-1" id="job_list___sub_accordion_47"><div class="card"><a data-toggle="collapse" data-target="#job_list___sub_collapse_47_1" aria-expanded="false" aria-controls="job_list___sub_collapse_47_1" href="#" class="job_list___sub_multi_heading"><div role="alert" class="card-header alert-success" id="job_list___sub_heading_47_1"><button class="btn btn-outline-success"><span class="job_id">47 : Job ID 04229b9ffec3427aab5728baf36da6be</span></button></div></a><div aria-labelledby="job_list___sub_heading_47_1" data-parent="#job_list___sub_accordion_47" class="collapse job_list___sub_multi_collapse" id="job_list___sub_collapse_47_1"><div class="card-body"><div class="work-item"><div class="alert alert-success test-outcome" role="alert"><p>worker outcome: normal</p><p>test outcome: killed</p></div></div><pre class="location"><a href="pycharm://open?file=fizz_buzz.py&amp;line=9" class="text-secondary"><button class="btn btn-outline-dark">fizz_buzz.py, start pos: (9, 29), end pos: (9, 31)</button></a></pre><pre>operator: core/ReplaceComparisonOperator_Eq_Lt, occurrence: 0</pre><div class="alert alert-secondary"><pre class="diff">--- mutation diff ---
--- afizz_buzz.py
+++ bfizz_buzz.py
@@ -6,4 +6,4 @@
     divisible by both, add "FizzBuzz"
 
     """
-    return [("Fizz" if x % 3 == 0 else "") + ("Buzz" if x % 5 == 0 else "") or str(x) for x in range(1,n+1)]
+    return [("Fizz" if x % 3 &lt; 0 else "") + ("Buzz" if x % 5 == 0 else "") or str(x) for x in range(1,n+1)]</pre></div><div class="alert alert-secondary"><pre class="diff">============================= test session starts ==============================
platform linux -- Python 3.10.12, pytest-8.3.3, pluggy-1.5.0
rootdir: /home/teste/python_experiments2/fizz-buzz
collected 1 item

ts-3-5/test_3-5_1-0_329.py F                                             [100%]

=========================== short test summary info ============================
FAILED ts-3-5/test_3-5_1-0_329.py::test_fizz_buzz - AssertionError: assert ['...
============================== 1 failed in 0.07s ===============================
</pre></div></div></div></div></div><div class="mb-1" id="job_list___sub_accordion_48"><div class="card"><a data-toggle="collapse" data-target="#job_list___sub_collapse_48_1" aria-expanded="false" aria-controls="job_list___sub_collapse_48_1" href="#" class="job_list___sub_multi_heading"><div role="alert" class="card-header alert-success" id="job_list___sub_heading_48_1"><button class="btn btn-outline-success"><span class="job_id">48 : Job ID cf74feca9c874253af092df01043eed5</span></button></div></a><div aria-labelledby="job_list___sub_heading_48_1" data-parent="#job_list___sub_accordion_48" class="collapse job_list___sub_multi_collapse" id="job_list___sub_collapse_48_1"><div class="card-body"><div class="work-item"><div class="alert alert-success test-outcome" role="alert"><p>worker outcome: normal</p><p>test outcome: killed</p></div></div><pre class="location"><a href="pycharm://open?file=fizz_buzz.py&amp;line=9" class="text-secondary"><button class="btn btn-outline-dark">fizz_buzz.py, start pos: (9, 62), end pos: (9, 64)</button></a></pre><pre>operator: core/ReplaceComparisonOperator_Eq_Lt, occurrence: 1</pre><div class="alert alert-secondary"><pre class="diff">--- mutation diff ---
--- afizz_buzz.py
+++ bfizz_buzz.py
@@ -6,4 +6,4 @@
     divisible by both, add "FizzBuzz"
 
     """
-    return [("Fizz" if x % 3 == 0 else "") + ("Buzz" if x % 5 == 0 else "") or str(x) for x in range(1,n+1)]
+    return [("Fizz" if x % 3 == 0 else "") + ("Buzz" if x % 5 &lt; 0 else "") or str(x) for x in range(1,n+1)]</pre></div><div class="alert alert-secondary"><pre class="diff">============================= test session starts ==============================
platform linux -- Python 3.10.12, pytest-8.3.3, pluggy-1.5.0
rootdir: /home/teste/python_experiments2/fizz-buzz
collected 1 item

ts-3-5/test_3-5_1-0_329.py F                                             [100%]

=========================== short test summary info ============================
FAILED ts-3-5/test_3-5_1-0_329.py::test_fizz_buzz - AssertionError: assert ['...
============================== 1 failed in 0.07s ===============================
</pre></div></div></div></div></div><div class="mb-1" id="job_list___sub_accordion_49"><div class="card"><a data-toggle="collapse" data-target="#job_list___sub_collapse_49_1" aria-expanded="false" aria-controls="job_list___sub_collapse_49_1" href="#" class="job_list___sub_multi_heading"><div role="alert" class="card-header alert-danger" id="job_list___sub_heading_49_1"><button class="btn btn-outline-danger"><span class="job_id">49 : Job ID 018a7e37375548c29a2bd220828c8b7d</span></button></div></a><div aria-labelledby="job_list___sub_heading_49_1" data-parent="#job_list___sub_accordion_49" class="collapse job_list___sub_multi_collapse" id="job_list___sub_collapse_49_1"><div class="card-body"><div class="work-item"><div class="alert alert-danger test-outcome" role="alert"><p>SURVIVED</p><p>worker outcome: normal</p><p>test outcome: survived</p></div></div><pre class="location"><a href="pycharm://open?file=fizz_buzz.py&amp;line=9" class="text-secondary"><button class="btn btn-outline-dark">fizz_buzz.py, start pos: (9, 29), end pos: (9, 31)</button></a></pre><pre>operator: core/ReplaceComparisonOperator_Eq_LtE, occurrence: 0</pre><div class="alert alert-secondary"><pre class="diff">--- mutation diff ---
--- afizz_buzz.py
+++ bfizz_buzz.py
@@ -6,4 +6,4 @@
     divisible by both, add "FizzBuzz"
 
     """
-    return [("Fizz" if x % 3 == 0 else "") + ("Buzz" if x % 5 == 0 else "") or str(x) for x in range(1,n+1)]
+    return [("Fizz" if x % 3 &lt;= 0 else "") + ("Buzz" if x % 5 == 0 else "") or str(x) for x in range(1,n+1)]</pre></div><div class="alert alert-secondary"><pre class="diff">============================= test session starts ==============================
platform linux -- Python 3.10.12, pytest-8.3.3, pluggy-1.5.0
rootdir: /home/teste/python_experiments2/fizz-buzz
collected 1 item

ts-3-5/test_3-5_1-0_329.py .                                             [100%]

============================== 1 passed in 0.07s ===============================
</pre></div></div></div></div></div><div class="mb-1" id="job_list___sub_accordion_50"><div class="card"><a data-toggle="collapse" data-target="#job_list___sub_collapse_50_1" aria-expanded="false" aria-controls="job_list___sub_collapse_50_1" href="#" class="job_list___sub_multi_heading"><div role="alert" class="card-header alert-danger" id="job_list___sub_heading_50_1"><button class="btn btn-outline-danger"><span class="job_id">50 : Job ID e08626f40ece49979171f3581d2e5c60</span></button></div></a><div aria-labelledby="job_list___sub_heading_50_1" data-parent="#job_list___sub_accordion_50" class="collapse job_list___sub_multi_collapse" id="job_list___sub_collapse_50_1"><div class="card-body"><div class="work-item"><div class="alert alert-danger test-outcome" role="alert"><p>SURVIVED</p><p>worker outcome: normal</p><p>test outcome: survived</p></div></div><pre class="location"><a href="pycharm://open?file=fizz_buzz.py&amp;line=9" class="text-secondary"><button class="btn btn-outline-dark">fizz_buzz.py, start pos: (9, 62), end pos: (9, 64)</button></a></pre><pre>operator: core/ReplaceComparisonOperator_Eq_LtE, occurrence: 1</pre><div class="alert alert-secondary"><pre class="diff">--- mutation diff ---
--- afizz_buzz.py
+++ bfizz_buzz.py
@@ -6,4 +6,4 @@
     divisible by both, add "FizzBuzz"
 
     """
-    return [("Fizz" if x % 3 == 0 else "") + ("Buzz" if x % 5 == 0 else "") or str(x) for x in range(1,n+1)]
+    return [("Fizz" if x % 3 == 0 else "") + ("Buzz" if x % 5 &lt;= 0 else "") or str(x) for x in range(1,n+1)]</pre></div><div class="alert alert-secondary"><pre class="diff">============================= test session starts ==============================
platform linux -- Python 3.10.12, pytest-8.3.3, pluggy-1.5.0
rootdir: /home/teste/python_experiments2/fizz-buzz
collected 1 item

ts-3-5/test_3-5_1-0_329.py .                                             [100%]

============================== 1 passed in 0.07s ===============================
</pre></div></div></div></div></div><div class="mb-1" id="job_list___sub_accordion_51"><div class="card"><a data-toggle="collapse" data-target="#job_list___sub_collapse_51_1" aria-expanded="false" aria-controls="job_list___sub_collapse_51_1" href="#" class="job_list___sub_multi_heading"><div role="alert" class="card-header alert-success" id="job_list___sub_heading_51_1"><button class="btn btn-outline-success"><span class="job_id">51 : Job ID 1e57af69e9c5429d89c318e067e55bba</span></button></div></a><div aria-labelledby="job_list___sub_heading_51_1" data-parent="#job_list___sub_accordion_51" class="collapse job_list___sub_multi_collapse" id="job_list___sub_collapse_51_1"><div class="card-body"><div class="work-item"><div class="alert alert-success test-outcome" role="alert"><p>worker outcome: normal</p><p>test outcome: killed</p></div></div><pre class="location"><a href="pycharm://open?file=fizz_buzz.py&amp;line=9" class="text-secondary"><button class="btn btn-outline-dark">fizz_buzz.py, start pos: (9, 29), end pos: (9, 31)</button></a></pre><pre>operator: core/ReplaceComparisonOperator_Eq_Gt, occurrence: 0</pre><div class="alert alert-secondary"><pre class="diff">--- mutation diff ---
--- afizz_buzz.py
+++ bfizz_buzz.py
@@ -6,4 +6,4 @@
     divisible by both, add "FizzBuzz"
 
     """
-    return [("Fizz" if x % 3 == 0 else "") + ("Buzz" if x % 5 == 0 else "") or str(x) for x in range(1,n+1)]
+    return [("Fizz" if x % 3 &gt; 0 else "") + ("Buzz" if x % 5 == 0 else "") or str(x) for x in range(1,n+1)]</pre></div><div class="alert alert-secondary"><pre class="diff">============================= test session starts ==============================
platform linux -- Python 3.10.12, pytest-8.3.3, pluggy-1.5.0
rootdir: /home/teste/python_experiments2/fizz-buzz
collected 1 item

ts-3-5/test_3-5_1-0_329.py F                                             [100%]

=========================== short test summary info ============================
FAILED ts-3-5/test_3-5_1-0_329.py::test_fizz_buzz - AssertionError: assert ['...
============================== 1 failed in 0.07s ===============================
</pre></div></div></div></div></div><div class="mb-1" id="job_list___sub_accordion_52"><div class="card"><a data-toggle="collapse" data-target="#job_list___sub_collapse_52_1" aria-expanded="false" aria-controls="job_list___sub_collapse_52_1" href="#" class="job_list___sub_multi_heading"><div role="alert" class="card-header alert-success" id="job_list___sub_heading_52_1"><button class="btn btn-outline-success"><span class="job_id">52 : Job ID de858eed0afe4b779163b4902db368d5</span></button></div></a><div aria-labelledby="job_list___sub_heading_52_1" data-parent="#job_list___sub_accordion_52" class="collapse job_list___sub_multi_collapse" id="job_list___sub_collapse_52_1"><div class="card-body"><div class="work-item"><div class="alert alert-success test-outcome" role="alert"><p>worker outcome: normal</p><p>test outcome: killed</p></div></div><pre class="location"><a href="pycharm://open?file=fizz_buzz.py&amp;line=9" class="text-secondary"><button class="btn btn-outline-dark">fizz_buzz.py, start pos: (9, 62), end pos: (9, 64)</button></a></pre><pre>operator: core/ReplaceComparisonOperator_Eq_Gt, occurrence: 1</pre><div class="alert alert-secondary"><pre class="diff">--- mutation diff ---
--- afizz_buzz.py
+++ bfizz_buzz.py
@@ -6,4 +6,4 @@
     divisible by both, add "FizzBuzz"
 
     """
-    return [("Fizz" if x % 3 == 0 else "") + ("Buzz" if x % 5 == 0 else "") or str(x) for x in range(1,n+1)]
+    return [("Fizz" if x % 3 == 0 else "") + ("Buzz" if x % 5 &gt; 0 else "") or str(x) for x in range(1,n+1)]</pre></div><div class="alert alert-secondary"><pre class="diff">============================= test session starts ==============================
platform linux -- Python 3.10.12, pytest-8.3.3, pluggy-1.5.0
rootdir: /home/teste/python_experiments2/fizz-buzz
collected 1 item

ts-3-5/test_3-5_1-0_329.py F                                             [100%]

=========================== short test summary info ============================
FAILED ts-3-5/test_3-5_1-0_329.py::test_fizz_buzz - AssertionError: assert ['...
============================== 1 failed in 0.07s ===============================
</pre></div></div></div></div></div><div class="mb-1" id="job_list___sub_accordion_53"><div class="card"><a data-toggle="collapse" data-target="#job_list___sub_collapse_53_1" aria-expanded="false" aria-controls="job_list___sub_collapse_53_1" href="#" class="job_list___sub_multi_heading"><div role="alert" class="card-header alert-success" id="job_list___sub_heading_53_1"><button class="btn btn-outline-success"><span class="job_id">53 : Job ID 3fd4effd61f64d15ad58c29b755b9841</span></button></div></a><div aria-labelledby="job_list___sub_heading_53_1" data-parent="#job_list___sub_accordion_53" class="collapse job_list___sub_multi_collapse" id="job_list___sub_collapse_53_1"><div class="card-body"><div class="work-item"><div class="alert alert-success test-outcome" role="alert"><p>worker outcome: normal</p><p>test outcome: killed</p></div></div><pre class="location"><a href="pycharm://open?file=fizz_buzz.py&amp;line=9" class="text-secondary"><button class="btn btn-outline-dark">fizz_buzz.py, start pos: (9, 29), end pos: (9, 31)</button></a></pre><pre>operator: core/ReplaceComparisonOperator_Eq_GtE, occurrence: 0</pre><div class="alert alert-secondary"><pre class="diff">--- mutation diff ---
--- afizz_buzz.py
+++ bfizz_buzz.py
@@ -6,4 +6,4 @@
     divisible by both, add "FizzBuzz"
 
     """
-    return [("Fizz" if x % 3 == 0 else "") + ("Buzz" if x % 5 == 0 else "") or str(x) for x in range(1,n+1)]
+    return [("Fizz" if x % 3 &gt;= 0 else "") + ("Buzz" if x % 5 == 0 else "") or str(x) for x in range(1,n+1)]</pre></div><div class="alert alert-secondary"><pre class="diff">============================= test session starts ==============================
platform linux -- Python 3.10.12, pytest-8.3.3, pluggy-1.5.0
rootdir: /home/teste/python_experiments2/fizz-buzz
collected 1 item

ts-3-5/test_3-5_1-0_329.py F                                             [100%]

=========================== short test summary info ============================
FAILED ts-3-5/test_3-5_1-0_329.py::test_fizz_buzz - AssertionError: assert ['...
============================== 1 failed in 0.07s ===============================
</pre></div></div></div></div></div><div class="mb-1" id="job_list___sub_accordion_54"><div class="card"><a data-toggle="collapse" data-target="#job_list___sub_collapse_54_1" aria-expanded="false" aria-controls="job_list___sub_collapse_54_1" href="#" class="job_list___sub_multi_heading"><div role="alert" class="card-header alert-success" id="job_list___sub_heading_54_1"><button class="btn btn-outline-success"><span class="job_id">54 : Job ID e12af9a078b04b6ca1fdf7df94300165</span></button></div></a><div aria-labelledby="job_list___sub_heading_54_1" data-parent="#job_list___sub_accordion_54" class="collapse job_list___sub_multi_collapse" id="job_list___sub_collapse_54_1"><div class="card-body"><div class="work-item"><div class="alert alert-success test-outcome" role="alert"><p>worker outcome: normal</p><p>test outcome: killed</p></div></div><pre class="location"><a href="pycharm://open?file=fizz_buzz.py&amp;line=9" class="text-secondary"><button class="btn btn-outline-dark">fizz_buzz.py, start pos: (9, 62), end pos: (9, 64)</button></a></pre><pre>operator: core/ReplaceComparisonOperator_Eq_GtE, occurrence: 1</pre><div class="alert alert-secondary"><pre class="diff">--- mutation diff ---
--- afizz_buzz.py
+++ bfizz_buzz.py
@@ -6,4 +6,4 @@
     divisible by both, add "FizzBuzz"
 
     """
-    return [("Fizz" if x % 3 == 0 else "") + ("Buzz" if x % 5 == 0 else "") or str(x) for x in range(1,n+1)]
+    return [("Fizz" if x % 3 == 0 else "") + ("Buzz" if x % 5 &gt;= 0 else "") or str(x) for x in range(1,n+1)]</pre></div><div class="alert alert-secondary"><pre class="diff">============================= test session starts ==============================
platform linux -- Python 3.10.12, pytest-8.3.3, pluggy-1.5.0
rootdir: /home/teste/python_experiments2/fizz-buzz
collected 1 item

ts-3-5/test_3-5_1-0_329.py F                                             [100%]

=========================== short test summary info ============================
FAILED ts-3-5/test_3-5_1-0_329.py::test_fizz_buzz - AssertionError: assert ['...
============================== 1 failed in 0.07s ===============================
</pre></div></div></div></div></div><div class="mb-1" id="job_list___sub_accordion_55"><div class="card"><a data-toggle="collapse" data-target="#job_list___sub_collapse_55_1" aria-expanded="false" aria-controls="job_list___sub_collapse_55_1" href="#" class="job_list___sub_multi_heading"><div role="alert" class="card-header alert-success" id="job_list___sub_heading_55_1"><button class="btn btn-outline-success"><span class="job_id">55 : Job ID 09fc85cdd39e4dcda18c50eae852b87e</span></button></div></a><div aria-labelledby="job_list___sub_heading_55_1" data-parent="#job_list___sub_accordion_55" class="collapse job_list___sub_multi_collapse" id="job_list___sub_collapse_55_1"><div class="card-body"><div class="work-item"><div class="alert alert-success test-outcome" role="alert"><p>worker outcome: normal</p><p>test outcome: killed</p></div></div><pre class="location"><a href="pycharm://open?file=fizz_buzz.py&amp;line=9" class="text-secondary"><button class="btn btn-outline-dark">fizz_buzz.py, start pos: (9, 23), end pos: (9, 33)</button></a></pre><pre>operator: core/AddNot, occurrence: 0</pre><div class="alert alert-secondary"><pre class="diff">--- mutation diff ---
--- afizz_buzz.py
+++ bfizz_buzz.py
@@ -6,4 +6,4 @@
     divisible by both, add "FizzBuzz"
 
     """
-    return [("Fizz" if x % 3 == 0 else "") + ("Buzz" if x % 5 == 0 else "") or str(x) for x in range(1,n+1)]
+    return [("Fizz" if not x % 3 == 0 else "") + ("Buzz" if x % 5 == 0 else "") or str(x) for x in range(1,n+1)]</pre></div><div class="alert alert-secondary"><pre class="diff">============================= test session starts ==============================
platform linux -- Python 3.10.12, pytest-8.3.3, pluggy-1.5.0
rootdir: /home/teste/python_experiments2/fizz-buzz
collected 1 item

ts-3-5/test_3-5_1-0_329.py F                                             [100%]

=========================== short test summary info ============================
FAILED ts-3-5/test_3-5_1-0_329.py::test_fizz_buzz - AssertionError: assert ['...
============================== 1 failed in 0.07s ===============================
</pre></div></div></div></div></div><div class="mb-1" id="job_list___sub_accordion_56"><div class="card"><a data-toggle="collapse" data-target="#job_list___sub_collapse_56_1" aria-expanded="false" aria-controls="job_list___sub_collapse_56_1" href="#" class="job_list___sub_multi_heading"><div role="alert" class="card-header alert-success" id="job_list___sub_heading_56_1"><button class="btn btn-outline-success"><span class="job_id">56 : Job ID 79c4528d7680406d9afec3765dcb664f</span></button></div></a><div aria-labelledby="job_list___sub_heading_56_1" data-parent="#job_list___sub_accordion_56" class="collapse job_list___sub_multi_collapse" id="job_list___sub_collapse_56_1"><div class="card-body"><div class="work-item"><div class="alert alert-success test-outcome" role="alert"><p>worker outcome: normal</p><p>test outcome: killed</p></div></div><pre class="location"><a href="pycharm://open?file=fizz_buzz.py&amp;line=9" class="text-secondary"><button class="btn btn-outline-dark">fizz_buzz.py, start pos: (9, 56), end pos: (9, 66)</button></a></pre><pre>operator: core/AddNot, occurrence: 1</pre><div class="alert alert-secondary"><pre class="diff">--- mutation diff ---
--- afizz_buzz.py
+++ bfizz_buzz.py
@@ -6,4 +6,4 @@
     divisible by both, add "FizzBuzz"
 
     """
-    return [("Fizz" if x % 3 == 0 else "") + ("Buzz" if x % 5 == 0 else "") or str(x) for x in range(1,n+1)]
+    return [("Fizz" if x % 3 == 0 else "") + ("Buzz" if not x % 5 == 0 else "") or str(x) for x in range(1,n+1)]</pre></div><div class="alert alert-secondary"><pre class="diff">============================= test session starts ==============================
platform linux -- Python 3.10.12, pytest-8.3.3, pluggy-1.5.0
rootdir: /home/teste/python_experiments2/fizz-buzz
collected 1 item

ts-3-5/test_3-5_1-0_329.py F                                             [100%]

=========================== short test summary info ============================
FAILED ts-3-5/test_3-5_1-0_329.py::test_fizz_buzz - AssertionError: assert ['...
============================== 1 failed in 0.07s ===============================
</pre></div></div></div></div></div><div class="mb-1" id="job_list___sub_accordion_57"><div class="card"><a data-toggle="collapse" data-target="#job_list___sub_collapse_57_1" aria-expanded="false" aria-controls="job_list___sub_collapse_57_1" href="#" class="job_list___sub_multi_heading"><div role="alert" class="card-header alert-success" id="job_list___sub_heading_57_1"><button class="btn btn-outline-success"><span class="job_id">57 : Job ID 357f65ff1d104951b83321e25e28160f</span></button></div></a><div aria-labelledby="job_list___sub_heading_57_1" data-parent="#job_list___sub_accordion_57" class="collapse job_list___sub_multi_collapse" id="job_list___sub_collapse_57_1"><div class="card-body"><div class="work-item"><div class="alert alert-success test-outcome" role="alert"><p>worker outcome: normal</p><p>test outcome: killed</p></div></div><pre class="location"><a href="pycharm://open?file=fizz_buzz.py&amp;line=9" class="text-secondary"><button class="btn btn-outline-dark">fizz_buzz.py, start pos: (9, 76), end pos: (9, 78)</button></a></pre><pre>operator: core/ReplaceOrWithAnd, occurrence: 0</pre><div class="alert alert-secondary"><pre class="diff">--- mutation diff ---
--- afizz_buzz.py
+++ bfizz_buzz.py
@@ -6,4 +6,4 @@
     divisible by both, add "FizzBuzz"
 
     """
-    return [("Fizz" if x % 3 == 0 else "") + ("Buzz" if x % 5 == 0 else "") or str(x) for x in range(1,n+1)]
+    return [("Fizz" if x % 3 == 0 else "") + ("Buzz" if x % 5 == 0 else "") and str(x) for x in range(1,n+1)]</pre></div><div class="alert alert-secondary"><pre class="diff">============================= test session starts ==============================
platform linux -- Python 3.10.12, pytest-8.3.3, pluggy-1.5.0
rootdir: /home/teste/python_experiments2/fizz-buzz
collected 1 item

ts-3-5/test_3-5_1-0_329.py F                                             [100%]

=========================== short test summary info ============================
FAILED ts-3-5/test_3-5_1-0_329.py::test_fizz_buzz - AssertionError: assert ['...
============================== 1 failed in 0.07s ===============================
</pre></div></div></div></div></div><div class="mb-1" id="job_list___sub_accordion_58"><div class="card"><a data-toggle="collapse" data-target="#job_list___sub_collapse_58_1" aria-expanded="false" aria-controls="job_list___sub_collapse_58_1" href="#" class="job_list___sub_multi_heading"><div role="alert" class="card-header alert-success" id="job_list___sub_heading_58_1"><button class="btn btn-outline-success"><span class="job_id">58 : Job ID d42454ed03064d63bf6e00a28c6db06e</span></button></div></a><div aria-labelledby="job_list___sub_heading_58_1" data-parent="#job_list___sub_accordion_58" class="collapse job_list___sub_multi_collapse" id="job_list___sub_collapse_58_1"><div class="card-body"><div class="work-item"><div class="alert alert-success test-outcome" role="alert"><p>worker outcome: normal</p><p>test outcome: killed</p></div></div><pre class="location"><a href="pycharm://open?file=fizz_buzz.py&amp;line=9" class="text-secondary"><button class="btn btn-outline-dark">fizz_buzz.py, start pos: (9, 27), end pos: (9, 28)</button></a></pre><pre>operator: core/NumberReplacer, occurrence: 0</pre><div class="alert alert-secondary"><pre class="diff">--- mutation diff ---
--- afizz_buzz.py
+++ bfizz_buzz.py
@@ -6,4 +6,4 @@
     divisible by both, add "FizzBuzz"
 
     """
-    return [("Fizz" if x % 3 == 0 else "") + ("Buzz" if x % 5 == 0 else "") or str(x) for x in range(1,n+1)]
+    return [("Fizz" if x % 4 == 0 else "") + ("Buzz" if x % 5 == 0 else "") or str(x) for x in range(1,n+1)]</pre></div><div class="alert alert-secondary"><pre class="diff">============================= test session starts ==============================
platform linux -- Python 3.10.12, pytest-8.3.3, pluggy-1.5.0
rootdir: /home/teste/python_experiments2/fizz-buzz
collected 1 item

ts-3-5/test_3-5_1-0_329.py F                                             [100%]

=========================== short test summary info ============================
FAILED ts-3-5/test_3-5_1-0_329.py::test_fizz_buzz - AssertionError: assert ['...
============================== 1 failed in 0.07s ===============================
</pre></div></div></div></div></div><div class="mb-1" id="job_list___sub_accordion_59"><div class="card"><a data-toggle="collapse" data-target="#job_list___sub_collapse_59_1" aria-expanded="false" aria-controls="job_list___sub_collapse_59_1" href="#" class="job_list___sub_multi_heading"><div role="alert" class="card-header alert-success" id="job_list___sub_heading_59_1"><button class="btn btn-outline-success"><span class="job_id">59 : Job ID 6d1261ad76ce444596c6ffe0d378182e</span></button></div></a><div aria-labelledby="job_list___sub_heading_59_1" data-parent="#job_list___sub_accordion_59" class="collapse job_list___sub_multi_collapse" id="job_list___sub_collapse_59_1"><div class="card-body"><div class="work-item"><div class="alert alert-success test-outcome" role="alert"><p>worker outcome: normal</p><p>test outcome: killed</p></div></div><pre class="location"><a href="pycharm://open?file=fizz_buzz.py&amp;line=9" class="text-secondary"><button class="btn btn-outline-dark">fizz_buzz.py, start pos: (9, 27), end pos: (9, 28)</button></a></pre><pre>operator: core/NumberReplacer, occurrence: 1</pre><div class="alert alert-secondary"><pre class="diff">--- mutation diff ---
--- afizz_buzz.py
+++ bfizz_buzz.py
@@ -6,4 +6,4 @@
     divisible by both, add "FizzBuzz"
 
     """
-    return [("Fizz" if x % 3 == 0 else "") + ("Buzz" if x % 5 == 0 else "") or str(x) for x in range(1,n+1)]
+    return [("Fizz" if x % 2 == 0 else "") + ("Buzz" if x % 5 == 0 else "") or str(x) for x in range(1,n+1)]</pre></div><div class="alert alert-secondary"><pre class="diff">============================= test session starts ==============================
platform linux -- Python 3.10.12, pytest-8.3.3, pluggy-1.5.0
rootdir: /home/teste/python_experiments2/fizz-buzz
collected 1 item

ts-3-5/test_3-5_1-0_329.py F                                             [100%]

=========================== short test summary info ============================
FAILED ts-3-5/test_3-5_1-0_329.py::test_fizz_buzz - AssertionError: assert ['...
============================== 1 failed in 0.07s ===============================
</pre></div></div></div></div></div><div class="mb-1" id="job_list___sub_accordion_60"><div class="card"><a data-toggle="collapse" data-target="#job_list___sub_collapse_60_1" aria-expanded="false" aria-controls="job_list___sub_collapse_60_1" href="#" class="job_list___sub_multi_heading"><div role="alert" class="card-header alert-success" id="job_list___sub_heading_60_1"><button class="btn btn-outline-success"><span class="job_id">60 : Job ID 17c3b21eaed8424c8deb0cec2da620b8</span></button></div></a><div aria-labelledby="job_list___sub_heading_60_1" data-parent="#job_list___sub_accordion_60" class="collapse job_list___sub_multi_collapse" id="job_list___sub_collapse_60_1"><div class="card-body"><div class="work-item"><div class="alert alert-success test-outcome" role="alert"><p>worker outcome: normal</p><p>test outcome: killed</p></div></div><pre class="location"><a href="pycharm://open?file=fizz_buzz.py&amp;line=9" class="text-secondary"><button class="btn btn-outline-dark">fizz_buzz.py, start pos: (9, 32), end pos: (9, 33)</button></a></pre><pre>operator: core/NumberReplacer, occurrence: 2</pre><div class="alert alert-secondary"><pre class="diff">--- mutation diff ---
--- afizz_buzz.py
+++ bfizz_buzz.py
@@ -6,4 +6,4 @@
     divisible by both, add "FizzBuzz"
 
     """
-    return [("Fizz" if x % 3 == 0 else "") + ("Buzz" if x % 5 == 0 else "") or str(x) for x in range(1,n+1)]
+    return [("Fizz" if x % 3 == 1 else "") + ("Buzz" if x % 5 == 0 else "") or str(x) for x in range(1,n+1)]</pre></div><div class="alert alert-secondary"><pre class="diff">============================= test session starts ==============================
platform linux -- Python 3.10.12, pytest-8.3.3, pluggy-1.5.0
rootdir: /home/teste/python_experiments2/fizz-buzz
collected 1 item

ts-3-5/test_3-5_1-0_329.py F                                             [100%]

=========================== short test summary info ============================
FAILED ts-3-5/test_3-5_1-0_329.py::test_fizz_buzz - AssertionError: assert ['...
============================== 1 failed in 0.07s ===============================
</pre></div></div></div></div></div><div class="mb-1" id="job_list___sub_accordion_61"><div class="card"><a data-toggle="collapse" data-target="#job_list___sub_collapse_61_1" aria-expanded="false" aria-controls="job_list___sub_collapse_61_1" href="#" class="job_list___sub_multi_heading"><div role="alert" class="card-header alert-success" id="job_list___sub_heading_61_1"><button class="btn btn-outline-success"><span class="job_id">61 : Job ID 19cf2a9588354567bf362777b51b42fd</span></button></div></a><div aria-labelledby="job_list___sub_heading_61_1" data-parent="#job_list___sub_accordion_61" class="collapse job_list___sub_multi_collapse" id="job_list___sub_collapse_61_1"><div class="card-body"><div class="work-item"><div class="alert alert-success test-outcome" role="alert"><p>worker outcome: normal</p><p>test outcome: killed</p></div></div><pre class="location"><a href="pycharm://open?file=fizz_buzz.py&amp;line=9" class="text-secondary"><button class="btn btn-outline-dark">fizz_buzz.py, start pos: (9, 32), end pos: (9, 33)</button></a></pre><pre>operator: core/NumberReplacer, occurrence: 3</pre><div class="alert alert-secondary"><pre class="diff">--- mutation diff ---
--- afizz_buzz.py
+++ bfizz_buzz.py
@@ -6,4 +6,4 @@
     divisible by both, add "FizzBuzz"
 
     """
-    return [("Fizz" if x % 3 == 0 else "") + ("Buzz" if x % 5 == 0 else "") or str(x) for x in range(1,n+1)]
+    return [("Fizz" if x % 3 == -1 else "") + ("Buzz" if x % 5 == 0 else "") or str(x) for x in range(1,n+1)]</pre></div><div class="alert alert-secondary"><pre class="diff">============================= test session starts ==============================
platform linux -- Python 3.10.12, pytest-8.3.3, pluggy-1.5.0
rootdir: /home/teste/python_experiments2/fizz-buzz
collected 1 item

ts-3-5/test_3-5_1-0_329.py F                                             [100%]

=========================== short test summary info ============================
FAILED ts-3-5/test_3-5_1-0_329.py::test_fizz_buzz - AssertionError: assert ['...
============================== 1 failed in 0.07s ===============================
</pre></div></div></div></div></div><div class="mb-1" id="job_list___sub_accordion_62"><div class="card"><a data-toggle="collapse" data-target="#job_list___sub_collapse_62_1" aria-expanded="false" aria-controls="job_list___sub_collapse_62_1" href="#" class="job_list___sub_multi_heading"><div role="alert" class="card-header alert-success" id="job_list___sub_heading_62_1"><button class="btn btn-outline-success"><span class="job_id">62 : Job ID be4414584a214688b4a66f468ca51e62</span></button></div></a><div aria-labelledby="job_list___sub_heading_62_1" data-parent="#job_list___sub_accordion_62" class="collapse job_list___sub_multi_collapse" id="job_list___sub_collapse_62_1"><div class="card-body"><div class="work-item"><div class="alert alert-success test-outcome" role="alert"><p>worker outcome: normal</p><p>test outcome: killed</p></div></div><pre class="location"><a href="pycharm://open?file=fizz_buzz.py&amp;line=9" class="text-secondary"><button class="btn btn-outline-dark">fizz_buzz.py, start pos: (9, 60), end pos: (9, 61)</button></a></pre><pre>operator: core/NumberReplacer, occurrence: 4</pre><div class="alert alert-secondary"><pre class="diff">--- mutation diff ---
--- afizz_buzz.py
+++ bfizz_buzz.py
@@ -6,4 +6,4 @@
     divisible by both, add "FizzBuzz"
 
     """
-    return [("Fizz" if x % 3 == 0 else "") + ("Buzz" if x % 5 == 0 else "") or str(x) for x in range(1,n+1)]
+    return [("Fizz" if x % 3 == 0 else "") + ("Buzz" if x % 6 == 0 else "") or str(x) for x in range(1,n+1)]</pre></div><div class="alert alert-secondary"><pre class="diff">============================= test session starts ==============================
platform linux -- Python 3.10.12, pytest-8.3.3, pluggy-1.5.0
rootdir: /home/teste/python_experiments2/fizz-buzz
collected 1 item

ts-3-5/test_3-5_1-0_329.py F                                             [100%]

=========================== short test summary info ============================
FAILED ts-3-5/test_3-5_1-0_329.py::test_fizz_buzz - AssertionError: assert ['...
============================== 1 failed in 0.07s ===============================
</pre></div></div></div></div></div><div class="mb-1" id="job_list___sub_accordion_63"><div class="card"><a data-toggle="collapse" data-target="#job_list___sub_collapse_63_1" aria-expanded="false" aria-controls="job_list___sub_collapse_63_1" href="#" class="job_list___sub_multi_heading"><div role="alert" class="card-header alert-success" id="job_list___sub_heading_63_1"><button class="btn btn-outline-success"><span class="job_id">63 : Job ID 9e5a980c801e4ee89074460f789b1c57</span></button></div></a><div aria-labelledby="job_list___sub_heading_63_1" data-parent="#job_list___sub_accordion_63" class="collapse job_list___sub_multi_collapse" id="job_list___sub_collapse_63_1"><div class="card-body"><div class="work-item"><div class="alert alert-success test-outcome" role="alert"><p>worker outcome: normal</p><p>test outcome: killed</p></div></div><pre class="location"><a href="pycharm://open?file=fizz_buzz.py&amp;line=9" class="text-secondary"><button class="btn btn-outline-dark">fizz_buzz.py, start pos: (9, 60), end pos: (9, 61)</button></a></pre><pre>operator: core/NumberReplacer, occurrence: 5</pre><div class="alert alert-secondary"><pre class="diff">--- mutation diff ---
--- afizz_buzz.py
+++ bfizz_buzz.py
@@ -6,4 +6,4 @@
     divisible by both, add "FizzBuzz"
 
     """
-    return [("Fizz" if x % 3 == 0 else "") + ("Buzz" if x % 5 == 0 else "") or str(x) for x in range(1,n+1)]
+    return [("Fizz" if x % 3 == 0 else "") + ("Buzz" if x % 4 == 0 else "") or str(x) for x in range(1,n+1)]</pre></div><div class="alert alert-secondary"><pre class="diff">============================= test session starts ==============================
platform linux -- Python 3.10.12, pytest-8.3.3, pluggy-1.5.0
rootdir: /home/teste/python_experiments2/fizz-buzz
collected 1 item

ts-3-5/test_3-5_1-0_329.py F                                             [100%]

=========================== short test summary info ============================
FAILED ts-3-5/test_3-5_1-0_329.py::test_fizz_buzz - AssertionError: assert ['...
============================== 1 failed in 0.07s ===============================
</pre></div></div></div></div></div><div class="mb-1" id="job_list___sub_accordion_64"><div class="card"><a data-toggle="collapse" data-target="#job_list___sub_collapse_64_1" aria-expanded="false" aria-controls="job_list___sub_collapse_64_1" href="#" class="job_list___sub_multi_heading"><div role="alert" class="card-header alert-success" id="job_list___sub_heading_64_1"><button class="btn btn-outline-success"><span class="job_id">64 : Job ID 430ccaf17eb4426abc68ce22306c4fee</span></button></div></a><div aria-labelledby="job_list___sub_heading_64_1" data-parent="#job_list___sub_accordion_64" class="collapse job_list___sub_multi_collapse" id="job_list___sub_collapse_64_1"><div class="card-body"><div class="work-item"><div class="alert alert-success test-outcome" role="alert"><p>worker outcome: normal</p><p>test outcome: killed</p></div></div><pre class="location"><a href="pycharm://open?file=fizz_buzz.py&amp;line=9" class="text-secondary"><button class="btn btn-outline-dark">fizz_buzz.py, start pos: (9, 65), end pos: (9, 66)</button></a></pre><pre>operator: core/NumberReplacer, occurrence: 6</pre><div class="alert alert-secondary"><pre class="diff">--- mutation diff ---
--- afizz_buzz.py
+++ bfizz_buzz.py
@@ -6,4 +6,4 @@
     divisible by both, add "FizzBuzz"
 
     """
-    return [("Fizz" if x % 3 == 0 else "") + ("Buzz" if x % 5 == 0 else "") or str(x) for x in range(1,n+1)]
+    return [("Fizz" if x % 3 == 0 else "") + ("Buzz" if x % 5 == 1 else "") or str(x) for x in range(1,n+1)]</pre></div><div class="alert alert-secondary"><pre class="diff">============================= test session starts ==============================
platform linux -- Python 3.10.12, pytest-8.3.3, pluggy-1.5.0
rootdir: /home/teste/python_experiments2/fizz-buzz
collected 1 item

ts-3-5/test_3-5_1-0_329.py F                                             [100%]

=========================== short test summary info ============================
FAILED ts-3-5/test_3-5_1-0_329.py::test_fizz_buzz - AssertionError: assert ['...
============================== 1 failed in 0.07s ===============================
</pre></div></div></div></div></div><div class="mb-1" id="job_list___sub_accordion_65"><div class="card"><a data-toggle="collapse" data-target="#job_list___sub_collapse_65_1" aria-expanded="false" aria-controls="job_list___sub_collapse_65_1" href="#" class="job_list___sub_multi_heading"><div role="alert" class="card-header alert-success" id="job_list___sub_heading_65_1"><button class="btn btn-outline-success"><span class="job_id">65 : Job ID 212968a402854e029380636781943da9</span></button></div></a><div aria-labelledby="job_list___sub_heading_65_1" data-parent="#job_list___sub_accordion_65" class="collapse job_list___sub_multi_collapse" id="job_list___sub_collapse_65_1"><div class="card-body"><div class="work-item"><div class="alert alert-success test-outcome" role="alert"><p>worker outcome: normal</p><p>test outcome: killed</p></div></div><pre class="location"><a href="pycharm://open?file=fizz_buzz.py&amp;line=9" class="text-secondary"><button class="btn btn-outline-dark">fizz_buzz.py, start pos: (9, 65), end pos: (9, 66)</button></a></pre><pre>operator: core/NumberReplacer, occurrence: 7</pre><div class="alert alert-secondary"><pre class="diff">--- mutation diff ---
--- afizz_buzz.py
+++ bfizz_buzz.py
@@ -6,4 +6,4 @@
     divisible by both, add "FizzBuzz"
 
     """
-    return [("Fizz" if x % 3 == 0 else "") + ("Buzz" if x % 5 == 0 else "") or str(x) for x in range(1,n+1)]
+    return [("Fizz" if x % 3 == 0 else "") + ("Buzz" if x % 5 == -1 else "") or str(x) for x in range(1,n+1)]</pre></div><div class="alert alert-secondary"><pre class="diff">============================= test session starts ==============================
platform linux -- Python 3.10.12, pytest-8.3.3, pluggy-1.5.0
rootdir: /home/teste/python_experiments2/fizz-buzz
collected 1 item

ts-3-5/test_3-5_1-0_329.py F                                             [100%]

=========================== short test summary info ============================
FAILED ts-3-5/test_3-5_1-0_329.py::test_fizz_buzz - AssertionError: assert ['...
============================== 1 failed in 0.07s ===============================
</pre></div></div></div></div></div><div class="mb-1" id="job_list___sub_accordion_66"><div class="card"><a data-toggle="collapse" data-target="#job_list___sub_collapse_66_1" aria-expanded="false" aria-controls="job_list___sub_collapse_66_1" href="#" class="job_list___sub_multi_heading"><div role="alert" class="card-header alert-success" id="job_list___sub_heading_66_1"><button class="btn btn-outline-success"><span class="job_id">66 : Job ID aa16b232846b437a978b31f41a8d4e35</span></button></div></a><div aria-labelledby="job_list___sub_heading_66_1" data-parent="#job_list___sub_accordion_66" class="collapse job_list___sub_multi_collapse" id="job_list___sub_collapse_66_1"><div class="card-body"><div class="work-item"><div class="alert alert-success test-outcome" role="alert"><p>worker outcome: normal</p><p>test outcome: killed</p></div></div><pre class="location"><a href="pycharm://open?file=fizz_buzz.py&amp;line=9" class="text-secondary"><button class="btn btn-outline-dark">fizz_buzz.py, start pos: (9, 101), end pos: (9, 102)</button></a></pre><pre>operator: core/NumberReplacer, occurrence: 8</pre><div class="alert alert-secondary"><pre class="diff">--- mutation diff ---
--- afizz_buzz.py
+++ bfizz_buzz.py
@@ -6,4 +6,4 @@
     divisible by both, add "FizzBuzz"
 
     """
-    return [("Fizz" if x % 3 == 0 else "") + ("Buzz" if x % 5 == 0 else "") or str(x) for x in range(1,n+1)]
+    return [("Fizz" if x % 3 == 0 else "") + ("Buzz" if x % 5 == 0 else "") or str(x) for x in range( 2,n+1)]</pre></div><div class="alert alert-secondary"><pre class="diff">============================= test session starts ==============================
platform linux -- Python 3.10.12, pytest-8.3.3, pluggy-1.5.0
rootdir: /home/teste/python_experiments2/fizz-buzz
collected 1 item

ts-3-5/test_3-5_1-0_329.py F                                             [100%]

=========================== short test summary info ============================
FAILED ts-3-5/test_3-5_1-0_329.py::test_fizz_buzz - AssertionError: assert ['...
============================== 1 failed in 0.07s ===============================
</pre></div></div></div></div></div><div class="mb-1" id="job_list___sub_accordion_67"><div class="card"><a data-toggle="collapse" data-target="#job_list___sub_collapse_67_1" aria-expanded="false" aria-controls="job_list___sub_collapse_67_1" href="#" class="job_list___sub_multi_heading"><div role="alert" class="card-header alert-success" id="job_list___sub_heading_67_1"><button class="btn btn-outline-success"><span class="job_id">67 : Job ID bd474165e86b44c89e21ad9d149a625d</span></button></div></a><div aria-labelledby="job_list___sub_heading_67_1" data-parent="#job_list___sub_accordion_67" class="collapse job_list___sub_multi_collapse" id="job_list___sub_collapse_67_1"><div class="card-body"><div class="work-item"><div class="alert alert-success test-outcome" role="alert"><p>worker outcome: normal</p><p>test outcome: killed</p></div></div><pre class="location"><a href="pycharm://open?file=fizz_buzz.py&amp;line=9" class="text-secondary"><button class="btn btn-outline-dark">fizz_buzz.py, start pos: (9, 101), end pos: (9, 102)</button></a></pre><pre>operator: core/NumberReplacer, occurrence: 9</pre><div class="alert alert-secondary"><pre class="diff">--- mutation diff ---
--- afizz_buzz.py
+++ bfizz_buzz.py
@@ -6,4 +6,4 @@
     divisible by both, add "FizzBuzz"
 
     """
-    return [("Fizz" if x % 3 == 0 else "") + ("Buzz" if x % 5 == 0 else "") or str(x) for x in range(1,n+1)]
+    return [("Fizz" if x % 3 == 0 else "") + ("Buzz" if x % 5 == 0 else "") or str(x) for x in range( 0,n+1)]</pre></div><div class="alert alert-secondary"><pre class="diff">============================= test session starts ==============================
platform linux -- Python 3.10.12, pytest-8.3.3, pluggy-1.5.0
rootdir: /home/teste/python_experiments2/fizz-buzz
collected 1 item

ts-3-5/test_3-5_1-0_329.py F                                             [100%]

=========================== short test summary info ============================
FAILED ts-3-5/test_3-5_1-0_329.py::test_fizz_buzz - AssertionError: assert ['...
============================== 1 failed in 0.07s ===============================
</pre></div></div></div></div></div><div class="mb-1" id="job_list___sub_accordion_68"><div class="card"><a data-toggle="collapse" data-target="#job_list___sub_collapse_68_1" aria-expanded="false" aria-controls="job_list___sub_collapse_68_1" href="#" class="job_list___sub_multi_heading"><div role="alert" class="card-header alert-success" id="job_list___sub_heading_68_1"><button class="btn btn-outline-success"><span class="job_id">68 : Job ID 24ea488ae65444b0a5d88891ca385ea1</span></button></div></a><div aria-labelledby="job_list___sub_heading_68_1" data-parent="#job_list___sub_accordion_68" class="collapse job_list___sub_multi_collapse" id="job_list___sub_collapse_68_1"><div class="card-body"><div class="work-item"><div class="alert alert-success test-outcome" role="alert"><p>worker outcome: normal</p><p>test outcome: killed</p></div></div><pre class="location"><a href="pycharm://open?file=fizz_buzz.py&amp;line=9" class="text-secondary"><button class="btn btn-outline-dark">fizz_buzz.py, start pos: (9, 105), end pos: (9, 106)</button></a></pre><pre>operator: core/NumberReplacer, occurrence: 10</pre><div class="alert alert-secondary"><pre class="diff">--- mutation diff ---
--- afizz_buzz.py
+++ bfizz_buzz.py
@@ -6,4 +6,4 @@
     divisible by both, add "FizzBuzz"
 
     """
-    return [("Fizz" if x % 3 == 0 else "") + ("Buzz" if x % 5 == 0 else "") or str(x) for x in range(1,n+1)]
+    return [("Fizz" if x % 3 == 0 else "") + ("Buzz" if x % 5 == 0 else "") or str(x) for x in range(1,n+ 2)]</pre></div><div class="alert alert-secondary"><pre class="diff">============================= test session starts ==============================
platform linux -- Python 3.10.12, pytest-8.3.3, pluggy-1.5.0
rootdir: /home/teste/python_experiments2/fizz-buzz
collected 1 item

ts-3-5/test_3-5_1-0_329.py F                                             [100%]

=========================== short test summary info ============================
FAILED ts-3-5/test_3-5_1-0_329.py::test_fizz_buzz - AssertionError: assert ['...
============================== 1 failed in 0.07s ===============================
</pre></div></div></div></div></div><div class="mb-1" id="job_list___sub_accordion_69"><div class="card"><a data-toggle="collapse" data-target="#job_list___sub_collapse_69_1" aria-expanded="false" aria-controls="job_list___sub_collapse_69_1" href="#" class="job_list___sub_multi_heading"><div role="alert" class="card-header alert-success" id="job_list___sub_heading_69_1"><button class="btn btn-outline-success"><span class="job_id">69 : Job ID fbfb896b1afa4b04978d20e4e26f37e5</span></button></div></a><div aria-labelledby="job_list___sub_heading_69_1" data-parent="#job_list___sub_accordion_69" class="collapse job_list___sub_multi_collapse" id="job_list___sub_collapse_69_1"><div class="card-body"><div class="work-item"><div class="alert alert-success test-outcome" role="alert"><p>worker outcome: normal</p><p>test outcome: killed</p></div></div><pre class="location"><a href="pycharm://open?file=fizz_buzz.py&amp;line=9" class="text-secondary"><button class="btn btn-outline-dark">fizz_buzz.py, start pos: (9, 105), end pos: (9, 106)</button></a></pre><pre>operator: core/NumberReplacer, occurrence: 11</pre><div class="alert alert-secondary"><pre class="diff">--- mutation diff ---
--- afizz_buzz.py
+++ bfizz_buzz.py
@@ -6,4 +6,4 @@
     divisible by both, add "FizzBuzz"
 
     """
-    return [("Fizz" if x % 3 == 0 else "") + ("Buzz" if x % 5 == 0 else "") or str(x) for x in range(1,n+1)]
+    return [("Fizz" if x % 3 == 0 else "") + ("Buzz" if x % 5 == 0 else "") or str(x) for x in range(1,n+ 0)]</pre></div><div class="alert alert-secondary"><pre class="diff">============================= test session starts ==============================
platform linux -- Python 3.10.12, pytest-8.3.3, pluggy-1.5.0
rootdir: /home/teste/python_experiments2/fizz-buzz
collected 1 item

ts-3-5/test_3-5_1-0_329.py F                                             [100%]

=========================== short test summary info ============================
FAILED ts-3-5/test_3-5_1-0_329.py::test_fizz_buzz - AssertionError: assert ['...
============================== 1 failed in 0.07s ===============================
</pre></div></div></div></div></div></div></div></div></div></div><script src="https://code.jquery.com/jquery-3.3.1.slim.min.js" integrity="sha384-q8i/X+965DzO0rT7abK41JStQIAqVgRVzpbzo5smXKp4YfRvH+8abtTE1Pi6jizo" crossorigin="anonymous"></script><script src="https://cdnjs.cloudflare.com/ajax/libs/popper.js/1.14.7/umd/popper.min.js" integrity="sha384-UO2eT0CpHqdSJQ6hJty5KVphtPhzWj9WO1clHTMGa3JDZwrnQq4sF86dIHNDz0W1" crossorigin="anonymous"></script><script src="https://stackpath.bootstrapcdn.com/bootstrap/4.3.1/js/bootstrap.min.js" integrity="sha384-JjSmVgyd0p3pXB1rRibZUAYoIIy6OrQ6VrjIEaFf/nJGzIxFDsf4x0xIM+B07jRM" crossorigin="anonymous"></script><script type="text/javascript">$('div.job_list___sub_multi_collapse').on('shown.bs.collapse',  function () {    correct_behavior_functional_buttons();  });$('div.job_list___sub_multi_collapse').on('hidden.bs.collapse',  function () {    correct_behavior_functional_buttons();  });function correct_behavior_functional_buttons() {    var expand = false;    var collapse = false;    $('a.job_list___sub_multi_heading').each(function(index) {      if ($(this).attr('aria-expanded') == 'false') {        expand = true;        return false;      };    });    $('a.job_list___sub_multi_heading').each(function(index) {      if ($(this).attr('aria-expanded') == 'true') {        collapse = true;        return false;      };    });    if (expand) {      $('div#job_item_expand_all').css('display', 'inline-block');    } else {      $('div#job_item_expand_all').css('display', 'none');    };    if (collapse) {      $('div#job_item_collapse_all').css('display', 'inline-block');    } else {      $('div#job_item_collapse_all').css('display', 'none');    };  };correct_behavior_functional_buttons();</script></body></html>
