<!DOCTYPE html><html lang="en"><head><meta charset="utf-8" /><meta name="viewport" content="width=device-width, initial-scale=1, shrink-to-fit=no" /><link rel="stylesheet" href="https://stackpath.bootstrapcdn.com/bootstrap/4.3.1/css/bootstrap.min.css" integrity="sha384-ggOyR0iXCbMQv3Xipma34MD+dH/1fQ784/j6cY/iJTQUOhcWr7x9JvoRxT2MZw1T" crossorigin="anonymous" /><title>Cosmic Ray Report</title></head><body><div class="container"><h1><p class="text-dark">Cosmic Ray Report</p></h1></div><div class="container"><div class="mb-1" id="summary_info___accordion"><div class="card"><a data-toggle="collapse" data-target="#summary_info___collapse_1" aria-expanded="true" aria-controls="summary_info___collapse_1" href="#"><div class="card-header" id="summary_info___heading_1"><button class="btn btn-outline-dark"><h4 class="m-0">Summary info</h4></button></div></a><div aria-labelledby="summary_info___heading_1" data-parent="#summary_info___accordion" class="collapse show" id="summary_info___collapse_1"><div class="card-body"><p>Date time: 01/10/2024 00:10:36</p><p>Total jobs: 69</p><p>Complete: 69 (100.00%)</p><p>Surviving mutants: 4 (5.80%)</p></div></div></div></div><div class="mb-1" id="job_list___accordion"><div class="card"><a data-toggle="collapse" data-target="#job_list___collapse_1" aria-expanded="false" aria-controls="job_list___collapse_1" href="#"><div class="card-header" id="job_list___heading_1"><button class="btn btn-outline-dark"><h4 class="m-0">Job list</h4></button></div></a><div aria-labelledby="job_list___heading_1" data-parent="#job_list___accordion" class="collapse" id="job_list___collapse_1"><div class="card-body"><div class="text-right mb-1"><div class="mx-1" id="job_item_expand_all"><a href="#" onclick="$('div.job_list___sub_multi_collapse').collapse('show');"><button class="btn btn-outline-dark"><span>Expand All</span></button></a></div><div class="mx-1" id="job_item_collapse_all"><a href="#" onclick="$('div.job_list___sub_multi_collapse').collapse('hide');"><button class="btn btn-outline-dark"><span>Collapse All</span></button></a></div></div><div class="mb-1" id="job_list___sub_accordion_1"><div class="card"><a data-toggle="collapse" data-target="#job_list___sub_collapse_1_1" aria-expanded="false" aria-controls="job_list___sub_collapse_1_1" href="#" class="job_list___sub_multi_heading"><div role="alert" class="card-header alert-success" id="job_list___sub_heading_1_1"><button class="btn btn-outline-success"><span class="job_id">1 : Job ID e7b941355a3748c08f73ff88ce22608b</span></button></div></a><div aria-labelledby="job_list___sub_heading_1_1" data-parent="#job_list___sub_accordion_1" class="collapse job_list___sub_multi_collapse" id="job_list___sub_collapse_1_1"><div class="card-body"><div class="work-item"><div class="alert alert-success test-outcome" role="alert"><p>worker outcome: normal</p><p>test outcome: killed</p></div></div><pre class="location"><a href="pycharm://open?file=fizz_buzz.py&amp;line=9" class="text-secondary"><button class="btn btn-outline-dark">fizz_buzz.py, start pos: (9, 43), end pos: (9, 44)</button></a></pre><pre>operator: core/ReplaceBinaryOperator_Add_Sub, occurrence: 0</pre><div class="alert alert-secondary"><pre class="diff">--- mutation diff ---
--- afizz_buzz.py
+++ bfizz_buzz.py
@@ -6,4 +6,4 @@
     divisible by both, add "FizzBuzz"
 
     """
-    return [("Fizz" if x % 3 == 0 else "") + ("Buzz" if x % 5 == 0 else "") or str(x) for x in range(1,n+1)]
+    return [("Fizz" if x % 3 == 0 else "") - ("Buzz" if x % 5 == 0 else "") or str(x) for x in range(1,n+1)]</pre></div><div class="alert alert-secondary"><pre class="diff">============================= test session starts ==============================
platform linux -- Python 3.10.12, pytest-8.3.3, pluggy-1.5.0
rootdir: /home/teste/python_experiments2/fizz-buzz
collected 1 item

ts-3-5/test_3-5_0-8_264.py F                                             [100%]

=========================== short test summary info ============================
FAILED ts-3-5/test_3-5_0-8_264.py::test_fizz_buzz - TypeError: unsupported op...
============================== 1 failed in 0.07s ===============================
</pre></div></div></div></div></div><div class="mb-1" id="job_list___sub_accordion_2"><div class="card"><a data-toggle="collapse" data-target="#job_list___sub_collapse_2_1" aria-expanded="false" aria-controls="job_list___sub_collapse_2_1" href="#" class="job_list___sub_multi_heading"><div role="alert" class="card-header alert-success" id="job_list___sub_heading_2_1"><button class="btn btn-outline-success"><span class="job_id">2 : Job ID 68f9ff6d2f064320ab1dc5492e1386c1</span></button></div></a><div aria-labelledby="job_list___sub_heading_2_1" data-parent="#job_list___sub_accordion_2" class="collapse job_list___sub_multi_collapse" id="job_list___sub_collapse_2_1"><div class="card-body"><div class="work-item"><div class="alert alert-success test-outcome" role="alert"><p>worker outcome: normal</p><p>test outcome: killed</p></div></div><pre class="location"><a href="pycharm://open?file=fizz_buzz.py&amp;line=9" class="text-secondary"><button class="btn btn-outline-dark">fizz_buzz.py, start pos: (9, 104), end pos: (9, 105)</button></a></pre><pre>operator: core/ReplaceBinaryOperator_Add_Sub, occurrence: 1</pre><div class="alert alert-secondary"><pre class="diff">--- mutation diff ---
--- afizz_buzz.py
+++ bfizz_buzz.py
@@ -6,4 +6,4 @@
     divisible by both, add "FizzBuzz"
 
     """
-    return [("Fizz" if x % 3 == 0 else "") + ("Buzz" if x % 5 == 0 else "") or str(x) for x in range(1,n+1)]
+    return [("Fizz" if x % 3 == 0 else "") + ("Buzz" if x % 5 == 0 else "") or str(x) for x in range(1,n-1)]</pre></div><div class="alert alert-secondary"><pre class="diff">============================= test session starts ==============================
platform linux -- Python 3.10.12, pytest-8.3.3, pluggy-1.5.0
rootdir: /home/teste/python_experiments2/fizz-buzz
collected 1 item

ts-3-5/test_3-5_0-8_264.py F                                             [100%]

=========================== short test summary info ============================
FAILED ts-3-5/test_3-5_0-8_264.py::test_fizz_buzz - AssertionError: assert []...
============================== 1 failed in 0.07s ===============================
</pre></div></div></div></div></div><div class="mb-1" id="job_list___sub_accordion_3"><div class="card"><a data-toggle="collapse" data-target="#job_list___sub_collapse_3_1" aria-expanded="false" aria-controls="job_list___sub_collapse_3_1" href="#" class="job_list___sub_multi_heading"><div role="alert" class="card-header alert-success" id="job_list___sub_heading_3_1"><button class="btn btn-outline-success"><span class="job_id">3 : Job ID 385e9631d60146c1bc3396e9c07c439f</span></button></div></a><div aria-labelledby="job_list___sub_heading_3_1" data-parent="#job_list___sub_accordion_3" class="collapse job_list___sub_multi_collapse" id="job_list___sub_collapse_3_1"><div class="card-body"><div class="work-item"><div class="alert alert-success test-outcome" role="alert"><p>worker outcome: normal</p><p>test outcome: killed</p></div></div><pre class="location"><a href="pycharm://open?file=fizz_buzz.py&amp;line=9" class="text-secondary"><button class="btn btn-outline-dark">fizz_buzz.py, start pos: (9, 43), end pos: (9, 44)</button></a></pre><pre>operator: core/ReplaceBinaryOperator_Add_Mul, occurrence: 0</pre><div class="alert alert-secondary"><pre class="diff">--- mutation diff ---
--- afizz_buzz.py
+++ bfizz_buzz.py
@@ -6,4 +6,4 @@
     divisible by both, add "FizzBuzz"
 
     """
-    return [("Fizz" if x % 3 == 0 else "") + ("Buzz" if x % 5 == 0 else "") or str(x) for x in range(1,n+1)]
+    return [("Fizz" if x % 3 == 0 else "") * ("Buzz" if x % 5 == 0 else "") or str(x) for x in range(1,n+1)]</pre></div><div class="alert alert-secondary"><pre class="diff">============================= test session starts ==============================
platform linux -- Python 3.10.12, pytest-8.3.3, pluggy-1.5.0
rootdir: /home/teste/python_experiments2/fizz-buzz
collected 1 item

ts-3-5/test_3-5_0-8_264.py F                                             [100%]

=========================== short test summary info ============================
FAILED ts-3-5/test_3-5_0-8_264.py::test_fizz_buzz - TypeError: can't multiply...
============================== 1 failed in 0.07s ===============================
</pre></div></div></div></div></div><div class="mb-1" id="job_list___sub_accordion_4"><div class="card"><a data-toggle="collapse" data-target="#job_list___sub_collapse_4_1" aria-expanded="false" aria-controls="job_list___sub_collapse_4_1" href="#" class="job_list___sub_multi_heading"><div role="alert" class="card-header alert-success" id="job_list___sub_heading_4_1"><button class="btn btn-outline-success"><span class="job_id">4 : Job ID 59a567c82a6547569804ec2fc7221071</span></button></div></a><div aria-labelledby="job_list___sub_heading_4_1" data-parent="#job_list___sub_accordion_4" class="collapse job_list___sub_multi_collapse" id="job_list___sub_collapse_4_1"><div class="card-body"><div class="work-item"><div class="alert alert-success test-outcome" role="alert"><p>worker outcome: normal</p><p>test outcome: killed</p></div></div><pre class="location"><a href="pycharm://open?file=fizz_buzz.py&amp;line=9" class="text-secondary"><button class="btn btn-outline-dark">fizz_buzz.py, start pos: (9, 104), end pos: (9, 105)</button></a></pre><pre>operator: core/ReplaceBinaryOperator_Add_Mul, occurrence: 1</pre><div class="alert alert-secondary"><pre class="diff">--- mutation diff ---
--- afizz_buzz.py
+++ bfizz_buzz.py
@@ -6,4 +6,4 @@
     divisible by both, add "FizzBuzz"
 
     """
-    return [("Fizz" if x % 3 == 0 else "") + ("Buzz" if x % 5 == 0 else "") or str(x) for x in range(1,n+1)]
+    return [("Fizz" if x % 3 == 0 else "") + ("Buzz" if x % 5 == 0 else "") or str(x) for x in range(1,n*1)]</pre></div><div class="alert alert-secondary"><pre class="diff">============================= test session starts ==============================
platform linux -- Python 3.10.12, pytest-8.3.3, pluggy-1.5.0
rootdir: /home/teste/python_experiments2/fizz-buzz
collected 1 item

ts-3-5/test_3-5_0-8_264.py F                                             [100%]

=========================== short test summary info ============================
FAILED ts-3-5/test_3-5_0-8_264.py::test_fizz_buzz - AssertionError: assert ['...
============================== 1 failed in 0.07s ===============================
</pre></div></div></div></div></div><div class="mb-1" id="job_list___sub_accordion_5"><div class="card"><a data-toggle="collapse" data-target="#job_list___sub_collapse_5_1" aria-expanded="false" aria-controls="job_list___sub_collapse_5_1" href="#" class="job_list___sub_multi_heading"><div role="alert" class="card-header alert-success" id="job_list___sub_heading_5_1"><button class="btn btn-outline-success"><span class="job_id">5 : Job ID b70971e1e4fb48a4b3d5e1f340e992c5</span></button></div></a><div aria-labelledby="job_list___sub_heading_5_1" data-parent="#job_list___sub_accordion_5" class="collapse job_list___sub_multi_collapse" id="job_list___sub_collapse_5_1"><div class="card-body"><div class="work-item"><div class="alert alert-success test-outcome" role="alert"><p>worker outcome: normal</p><p>test outcome: killed</p></div></div><pre class="location"><a href="pycharm://open?file=fizz_buzz.py&amp;line=9" class="text-secondary"><button class="btn btn-outline-dark">fizz_buzz.py, start pos: (9, 43), end pos: (9, 44)</button></a></pre><pre>operator: core/ReplaceBinaryOperator_Add_Div, occurrence: 0</pre><div class="alert alert-secondary"><pre class="diff">--- mutation diff ---
--- afizz_buzz.py
+++ bfizz_buzz.py
@@ -6,4 +6,4 @@
     divisible by both, add "FizzBuzz"
 
     """
-    return [("Fizz" if x % 3 == 0 else "") + ("Buzz" if x % 5 == 0 else "") or str(x) for x in range(1,n+1)]
+    return [("Fizz" if x % 3 == 0 else "") / ("Buzz" if x % 5 == 0 else "") or str(x) for x in range(1,n+1)]</pre></div><div class="alert alert-secondary"><pre class="diff">============================= test session starts ==============================
platform linux -- Python 3.10.12, pytest-8.3.3, pluggy-1.5.0
rootdir: /home/teste/python_experiments2/fizz-buzz
collected 1 item

ts-3-5/test_3-5_0-8_264.py F                                             [100%]

=========================== short test summary info ============================
FAILED ts-3-5/test_3-5_0-8_264.py::test_fizz_buzz - TypeError: unsupported op...
============================== 1 failed in 0.07s ===============================
</pre></div></div></div></div></div><div class="mb-1" id="job_list___sub_accordion_6"><div class="card"><a data-toggle="collapse" data-target="#job_list___sub_collapse_6_1" aria-expanded="false" aria-controls="job_list___sub_collapse_6_1" href="#" class="job_list___sub_multi_heading"><div role="alert" class="card-header alert-success" id="job_list___sub_heading_6_1"><button class="btn btn-outline-success"><span class="job_id">6 : Job ID 629ec9a9d10f4ae5b8d1c1948ee941ad</span></button></div></a><div aria-labelledby="job_list___sub_heading_6_1" data-parent="#job_list___sub_accordion_6" class="collapse job_list___sub_multi_collapse" id="job_list___sub_collapse_6_1"><div class="card-body"><div class="work-item"><div class="alert alert-success test-outcome" role="alert"><p>worker outcome: normal</p><p>test outcome: killed</p></div></div><pre class="location"><a href="pycharm://open?file=fizz_buzz.py&amp;line=9" class="text-secondary"><button class="btn btn-outline-dark">fizz_buzz.py, start pos: (9, 104), end pos: (9, 105)</button></a></pre><pre>operator: core/ReplaceBinaryOperator_Add_Div, occurrence: 1</pre><div class="alert alert-secondary"><pre class="diff">--- mutation diff ---
--- afizz_buzz.py
+++ bfizz_buzz.py
@@ -6,4 +6,4 @@
     divisible by both, add "FizzBuzz"
 
     """
-    return [("Fizz" if x % 3 == 0 else "") + ("Buzz" if x % 5 == 0 else "") or str(x) for x in range(1,n+1)]
+    return [("Fizz" if x % 3 == 0 else "") + ("Buzz" if x % 5 == 0 else "") or str(x) for x in range(1,n/1)]</pre></div><div class="alert alert-secondary"><pre class="diff">============================= test session starts ==============================
platform linux -- Python 3.10.12, pytest-8.3.3, pluggy-1.5.0
rootdir: /home/teste/python_experiments2/fizz-buzz
collected 1 item

ts-3-5/test_3-5_0-8_264.py F                                             [100%]

=========================== short test summary info ============================
FAILED ts-3-5/test_3-5_0-8_264.py::test_fizz_buzz - TypeError: 'float' object...
============================== 1 failed in 0.07s ===============================
</pre></div></div></div></div></div><div class="mb-1" id="job_list___sub_accordion_7"><div class="card"><a data-toggle="collapse" data-target="#job_list___sub_collapse_7_1" aria-expanded="false" aria-controls="job_list___sub_collapse_7_1" href="#" class="job_list___sub_multi_heading"><div role="alert" class="card-header alert-success" id="job_list___sub_heading_7_1"><button class="btn btn-outline-success"><span class="job_id">7 : Job ID e799fed5113248f89ab67fd838238e1d</span></button></div></a><div aria-labelledby="job_list___sub_heading_7_1" data-parent="#job_list___sub_accordion_7" class="collapse job_list___sub_multi_collapse" id="job_list___sub_collapse_7_1"><div class="card-body"><div class="work-item"><div class="alert alert-success test-outcome" role="alert"><p>worker outcome: normal</p><p>test outcome: killed</p></div></div><pre class="location"><a href="pycharm://open?file=fizz_buzz.py&amp;line=9" class="text-secondary"><button class="btn btn-outline-dark">fizz_buzz.py, start pos: (9, 43), end pos: (9, 44)</button></a></pre><pre>operator: core/ReplaceBinaryOperator_Add_FloorDiv, occurrence: 0</pre><div class="alert alert-secondary"><pre class="diff">--- mutation diff ---
--- afizz_buzz.py
+++ bfizz_buzz.py
@@ -6,4 +6,4 @@
     divisible by both, add "FizzBuzz"
 
     """
-    return [("Fizz" if x % 3 == 0 else "") + ("Buzz" if x % 5 == 0 else "") or str(x) for x in range(1,n+1)]
+    return [("Fizz" if x % 3 == 0 else "") // ("Buzz" if x % 5 == 0 else "") or str(x) for x in range(1,n+1)]</pre></div><div class="alert alert-secondary"><pre class="diff">============================= test session starts ==============================
platform linux -- Python 3.10.12, pytest-8.3.3, pluggy-1.5.0
rootdir: /home/teste/python_experiments2/fizz-buzz
collected 1 item

ts-3-5/test_3-5_0-8_264.py F                                             [100%]

=========================== short test summary info ============================
FAILED ts-3-5/test_3-5_0-8_264.py::test_fizz_buzz - TypeError: unsupported op...
============================== 1 failed in 0.07s ===============================
</pre></div></div></div></div></div><div class="mb-1" id="job_list___sub_accordion_8"><div class="card"><a data-toggle="collapse" data-target="#job_list___sub_collapse_8_1" aria-expanded="false" aria-controls="job_list___sub_collapse_8_1" href="#" class="job_list___sub_multi_heading"><div role="alert" class="card-header alert-success" id="job_list___sub_heading_8_1"><button class="btn btn-outline-success"><span class="job_id">8 : Job ID 92ba2374eb8b44ebb94b00cefc8425c3</span></button></div></a><div aria-labelledby="job_list___sub_heading_8_1" data-parent="#job_list___sub_accordion_8" class="collapse job_list___sub_multi_collapse" id="job_list___sub_collapse_8_1"><div class="card-body"><div class="work-item"><div class="alert alert-success test-outcome" role="alert"><p>worker outcome: normal</p><p>test outcome: killed</p></div></div><pre class="location"><a href="pycharm://open?file=fizz_buzz.py&amp;line=9" class="text-secondary"><button class="btn btn-outline-dark">fizz_buzz.py, start pos: (9, 104), end pos: (9, 105)</button></a></pre><pre>operator: core/ReplaceBinaryOperator_Add_FloorDiv, occurrence: 1</pre><div class="alert alert-secondary"><pre class="diff">--- mutation diff ---
--- afizz_buzz.py
+++ bfizz_buzz.py
@@ -6,4 +6,4 @@
     divisible by both, add "FizzBuzz"
 
     """
-    return [("Fizz" if x % 3 == 0 else "") + ("Buzz" if x % 5 == 0 else "") or str(x) for x in range(1,n+1)]
+    return [("Fizz" if x % 3 == 0 else "") + ("Buzz" if x % 5 == 0 else "") or str(x) for x in range(1,n//1)]</pre></div><div class="alert alert-secondary"><pre class="diff">============================= test session starts ==============================
platform linux -- Python 3.10.12, pytest-8.3.3, pluggy-1.5.0
rootdir: /home/teste/python_experiments2/fizz-buzz
collected 1 item

ts-3-5/test_3-5_0-8_264.py F                                             [100%]

=========================== short test summary info ============================
FAILED ts-3-5/test_3-5_0-8_264.py::test_fizz_buzz - AssertionError: assert ['...
============================== 1 failed in 0.07s ===============================
</pre></div></div></div></div></div><div class="mb-1" id="job_list___sub_accordion_9"><div class="card"><a data-toggle="collapse" data-target="#job_list___sub_collapse_9_1" aria-expanded="false" aria-controls="job_list___sub_collapse_9_1" href="#" class="job_list___sub_multi_heading"><div role="alert" class="card-header alert-success" id="job_list___sub_heading_9_1"><button class="btn btn-outline-success"><span class="job_id">9 : Job ID 7d4a873b748b4abd942fb2799293f34a</span></button></div></a><div aria-labelledby="job_list___sub_heading_9_1" data-parent="#job_list___sub_accordion_9" class="collapse job_list___sub_multi_collapse" id="job_list___sub_collapse_9_1"><div class="card-body"><div class="work-item"><div class="alert alert-success test-outcome" role="alert"><p>worker outcome: normal</p><p>test outcome: killed</p></div></div><pre class="location"><a href="pycharm://open?file=fizz_buzz.py&amp;line=9" class="text-secondary"><button class="btn btn-outline-dark">fizz_buzz.py, start pos: (9, 43), end pos: (9, 44)</button></a></pre><pre>operator: core/ReplaceBinaryOperator_Add_Mod, occurrence: 0</pre><div class="alert alert-secondary"><pre class="diff">--- mutation diff ---
--- afizz_buzz.py
+++ bfizz_buzz.py
@@ -6,4 +6,4 @@
     divisible by both, add "FizzBuzz"
 
     """
-    return [("Fizz" if x % 3 == 0 else "") + ("Buzz" if x % 5 == 0 else "") or str(x) for x in range(1,n+1)]
+    return [("Fizz" if x % 3 == 0 else "") % ("Buzz" if x % 5 == 0 else "") or str(x) for x in range(1,n+1)]</pre></div><div class="alert alert-secondary"><pre class="diff">============================= test session starts ==============================
platform linux -- Python 3.10.12, pytest-8.3.3, pluggy-1.5.0
rootdir: /home/teste/python_experiments2/fizz-buzz
collected 1 item

ts-3-5/test_3-5_0-8_264.py F                                             [100%]

=========================== short test summary info ============================
FAILED ts-3-5/test_3-5_0-8_264.py::test_fizz_buzz - TypeError: not all argume...
============================== 1 failed in 0.07s ===============================
</pre></div></div></div></div></div><div class="mb-1" id="job_list___sub_accordion_10"><div class="card"><a data-toggle="collapse" data-target="#job_list___sub_collapse_10_1" aria-expanded="false" aria-controls="job_list___sub_collapse_10_1" href="#" class="job_list___sub_multi_heading"><div role="alert" class="card-header alert-success" id="job_list___sub_heading_10_1"><button class="btn btn-outline-success"><span class="job_id">10 : Job ID 33240e36df8b419eaa03887addc6aeca</span></button></div></a><div aria-labelledby="job_list___sub_heading_10_1" data-parent="#job_list___sub_accordion_10" class="collapse job_list___sub_multi_collapse" id="job_list___sub_collapse_10_1"><div class="card-body"><div class="work-item"><div class="alert alert-success test-outcome" role="alert"><p>worker outcome: normal</p><p>test outcome: killed</p></div></div><pre class="location"><a href="pycharm://open?file=fizz_buzz.py&amp;line=9" class="text-secondary"><button class="btn btn-outline-dark">fizz_buzz.py, start pos: (9, 104), end pos: (9, 105)</button></a></pre><pre>operator: core/ReplaceBinaryOperator_Add_Mod, occurrence: 1</pre><div class="alert alert-secondary"><pre class="diff">--- mutation diff ---
--- afizz_buzz.py
+++ bfizz_buzz.py
@@ -6,4 +6,4 @@
     divisible by both, add "FizzBuzz"
 
     """
-    return [("Fizz" if x % 3 == 0 else "") + ("Buzz" if x % 5 == 0 else "") or str(x) for x in range(1,n+1)]
+    return [("Fizz" if x % 3 == 0 else "") + ("Buzz" if x % 5 == 0 else "") or str(x) for x in range(1,n%1)]</pre></div><div class="alert alert-secondary"><pre class="diff">============================= test session starts ==============================
platform linux -- Python 3.10.12, pytest-8.3.3, pluggy-1.5.0
rootdir: /home/teste/python_experiments2/fizz-buzz
collected 1 item

ts-3-5/test_3-5_0-8_264.py F                                             [100%]

=========================== short test summary info ============================
FAILED ts-3-5/test_3-5_0-8_264.py::test_fizz_buzz - AssertionError: assert []...
============================== 1 failed in 0.07s ===============================
</pre></div></div></div></div></div><div class="mb-1" id="job_list___sub_accordion_11"><div class="card"><a data-toggle="collapse" data-target="#job_list___sub_collapse_11_1" aria-expanded="false" aria-controls="job_list___sub_collapse_11_1" href="#" class="job_list___sub_multi_heading"><div role="alert" class="card-header alert-success" id="job_list___sub_heading_11_1"><button class="btn btn-outline-success"><span class="job_id">11 : Job ID 81d3bb25bfe740aabb3a83fda8cf5b5b</span></button></div></a><div aria-labelledby="job_list___sub_heading_11_1" data-parent="#job_list___sub_accordion_11" class="collapse job_list___sub_multi_collapse" id="job_list___sub_collapse_11_1"><div class="card-body"><div class="work-item"><div class="alert alert-success test-outcome" role="alert"><p>worker outcome: normal</p><p>test outcome: killed</p></div></div><pre class="location"><a href="pycharm://open?file=fizz_buzz.py&amp;line=9" class="text-secondary"><button class="btn btn-outline-dark">fizz_buzz.py, start pos: (9, 43), end pos: (9, 44)</button></a></pre><pre>operator: core/ReplaceBinaryOperator_Add_Pow, occurrence: 0</pre><div class="alert alert-secondary"><pre class="diff">--- mutation diff ---
--- afizz_buzz.py
+++ bfizz_buzz.py
@@ -6,4 +6,4 @@
     divisible by both, add "FizzBuzz"
 
     """
-    return [("Fizz" if x % 3 == 0 else "") + ("Buzz" if x % 5 == 0 else "") or str(x) for x in range(1,n+1)]
+    return [("Fizz" if x % 3 == 0 else "") ** ("Buzz" if x % 5 == 0 else "") or str(x) for x in range(1,n+1)]</pre></div><div class="alert alert-secondary"><pre class="diff">============================= test session starts ==============================
platform linux -- Python 3.10.12, pytest-8.3.3, pluggy-1.5.0
rootdir: /home/teste/python_experiments2/fizz-buzz
collected 1 item

ts-3-5/test_3-5_0-8_264.py F                                             [100%]

=========================== short test summary info ============================
FAILED ts-3-5/test_3-5_0-8_264.py::test_fizz_buzz - TypeError: unsupported op...
============================== 1 failed in 0.07s ===============================
</pre></div></div></div></div></div><div class="mb-1" id="job_list___sub_accordion_12"><div class="card"><a data-toggle="collapse" data-target="#job_list___sub_collapse_12_1" aria-expanded="false" aria-controls="job_list___sub_collapse_12_1" href="#" class="job_list___sub_multi_heading"><div role="alert" class="card-header alert-success" id="job_list___sub_heading_12_1"><button class="btn btn-outline-success"><span class="job_id">12 : Job ID 19785b381fca43f5891c3c4174a5e324</span></button></div></a><div aria-labelledby="job_list___sub_heading_12_1" data-parent="#job_list___sub_accordion_12" class="collapse job_list___sub_multi_collapse" id="job_list___sub_collapse_12_1"><div class="card-body"><div class="work-item"><div class="alert alert-success test-outcome" role="alert"><p>worker outcome: normal</p><p>test outcome: killed</p></div></div><pre class="location"><a href="pycharm://open?file=fizz_buzz.py&amp;line=9" class="text-secondary"><button class="btn btn-outline-dark">fizz_buzz.py, start pos: (9, 104), end pos: (9, 105)</button></a></pre><pre>operator: core/ReplaceBinaryOperator_Add_Pow, occurrence: 1</pre><div class="alert alert-secondary"><pre class="diff">--- mutation diff ---
--- afizz_buzz.py
+++ bfizz_buzz.py
@@ -6,4 +6,4 @@
     divisible by both, add "FizzBuzz"
 
     """
-    return [("Fizz" if x % 3 == 0 else "") + ("Buzz" if x % 5 == 0 else "") or str(x) for x in range(1,n+1)]
+    return [("Fizz" if x % 3 == 0 else "") + ("Buzz" if x % 5 == 0 else "") or str(x) for x in range(1,n**1)]</pre></div><div class="alert alert-secondary"><pre class="diff">============================= test session starts ==============================
platform linux -- Python 3.10.12, pytest-8.3.3, pluggy-1.5.0
rootdir: /home/teste/python_experiments2/fizz-buzz
collected 1 item

ts-3-5/test_3-5_0-8_264.py F                                             [100%]

=========================== short test summary info ============================
FAILED ts-3-5/test_3-5_0-8_264.py::test_fizz_buzz - AssertionError: assert ['...
============================== 1 failed in 0.07s ===============================
</pre></div></div></div></div></div><div class="mb-1" id="job_list___sub_accordion_13"><div class="card"><a data-toggle="collapse" data-target="#job_list___sub_collapse_13_1" aria-expanded="false" aria-controls="job_list___sub_collapse_13_1" href="#" class="job_list___sub_multi_heading"><div role="alert" class="card-header alert-success" id="job_list___sub_heading_13_1"><button class="btn btn-outline-success"><span class="job_id">13 : Job ID 762c21796be547258d79c82661ce6235</span></button></div></a><div aria-labelledby="job_list___sub_heading_13_1" data-parent="#job_list___sub_accordion_13" class="collapse job_list___sub_multi_collapse" id="job_list___sub_collapse_13_1"><div class="card-body"><div class="work-item"><div class="alert alert-success test-outcome" role="alert"><p>worker outcome: normal</p><p>test outcome: killed</p></div></div><pre class="location"><a href="pycharm://open?file=fizz_buzz.py&amp;line=9" class="text-secondary"><button class="btn btn-outline-dark">fizz_buzz.py, start pos: (9, 43), end pos: (9, 44)</button></a></pre><pre>operator: core/ReplaceBinaryOperator_Add_RShift, occurrence: 0</pre><div class="alert alert-secondary"><pre class="diff">--- mutation diff ---
--- afizz_buzz.py
+++ bfizz_buzz.py
@@ -6,4 +6,4 @@
     divisible by both, add "FizzBuzz"
 
     """
-    return [("Fizz" if x % 3 == 0 else "") + ("Buzz" if x % 5 == 0 else "") or str(x) for x in range(1,n+1)]
+    return [("Fizz" if x % 3 == 0 else "") &gt;&gt; ("Buzz" if x % 5 == 0 else "") or str(x) for x in range(1,n+1)]</pre></div><div class="alert alert-secondary"><pre class="diff">============================= test session starts ==============================
platform linux -- Python 3.10.12, pytest-8.3.3, pluggy-1.5.0
rootdir: /home/teste/python_experiments2/fizz-buzz
collected 1 item

ts-3-5/test_3-5_0-8_264.py F                                             [100%]

=========================== short test summary info ============================
FAILED ts-3-5/test_3-5_0-8_264.py::test_fizz_buzz - TypeError: unsupported op...
============================== 1 failed in 0.07s ===============================
</pre></div></div></div></div></div><div class="mb-1" id="job_list___sub_accordion_14"><div class="card"><a data-toggle="collapse" data-target="#job_list___sub_collapse_14_1" aria-expanded="false" aria-controls="job_list___sub_collapse_14_1" href="#" class="job_list___sub_multi_heading"><div role="alert" class="card-header alert-success" id="job_list___sub_heading_14_1"><button class="btn btn-outline-success"><span class="job_id">14 : Job ID dd3e605ed39d41b6bb22bd96f830e808</span></button></div></a><div aria-labelledby="job_list___sub_heading_14_1" data-parent="#job_list___sub_accordion_14" class="collapse job_list___sub_multi_collapse" id="job_list___sub_collapse_14_1"><div class="card-body"><div class="work-item"><div class="alert alert-success test-outcome" role="alert"><p>worker outcome: normal</p><p>test outcome: killed</p></div></div><pre class="location"><a href="pycharm://open?file=fizz_buzz.py&amp;line=9" class="text-secondary"><button class="btn btn-outline-dark">fizz_buzz.py, start pos: (9, 104), end pos: (9, 105)</button></a></pre><pre>operator: core/ReplaceBinaryOperator_Add_RShift, occurrence: 1</pre><div class="alert alert-secondary"><pre class="diff">--- mutation diff ---
--- afizz_buzz.py
+++ bfizz_buzz.py
@@ -6,4 +6,4 @@
     divisible by both, add "FizzBuzz"
 
     """
-    return [("Fizz" if x % 3 == 0 else "") + ("Buzz" if x % 5 == 0 else "") or str(x) for x in range(1,n+1)]
+    return [("Fizz" if x % 3 == 0 else "") + ("Buzz" if x % 5 == 0 else "") or str(x) for x in range(1,n&gt;&gt;1)]</pre></div><div class="alert alert-secondary"><pre class="diff">============================= test session starts ==============================
platform linux -- Python 3.10.12, pytest-8.3.3, pluggy-1.5.0
rootdir: /home/teste/python_experiments2/fizz-buzz
collected 1 item

ts-3-5/test_3-5_0-8_264.py F                                             [100%]

=========================== short test summary info ============================
FAILED ts-3-5/test_3-5_0-8_264.py::test_fizz_buzz - AssertionError: assert []...
============================== 1 failed in 0.07s ===============================
</pre></div></div></div></div></div><div class="mb-1" id="job_list___sub_accordion_15"><div class="card"><a data-toggle="collapse" data-target="#job_list___sub_collapse_15_1" aria-expanded="false" aria-controls="job_list___sub_collapse_15_1" href="#" class="job_list___sub_multi_heading"><div role="alert" class="card-header alert-success" id="job_list___sub_heading_15_1"><button class="btn btn-outline-success"><span class="job_id">15 : Job ID 395ee54a09aa4d66a34f141553dd09fc</span></button></div></a><div aria-labelledby="job_list___sub_heading_15_1" data-parent="#job_list___sub_accordion_15" class="collapse job_list___sub_multi_collapse" id="job_list___sub_collapse_15_1"><div class="card-body"><div class="work-item"><div class="alert alert-success test-outcome" role="alert"><p>worker outcome: normal</p><p>test outcome: killed</p></div></div><pre class="location"><a href="pycharm://open?file=fizz_buzz.py&amp;line=9" class="text-secondary"><button class="btn btn-outline-dark">fizz_buzz.py, start pos: (9, 43), end pos: (9, 44)</button></a></pre><pre>operator: core/ReplaceBinaryOperator_Add_LShift, occurrence: 0</pre><div class="alert alert-secondary"><pre class="diff">--- mutation diff ---
--- afizz_buzz.py
+++ bfizz_buzz.py
@@ -6,4 +6,4 @@
     divisible by both, add "FizzBuzz"
 
     """
-    return [("Fizz" if x % 3 == 0 else "") + ("Buzz" if x % 5 == 0 else "") or str(x) for x in range(1,n+1)]
+    return [("Fizz" if x % 3 == 0 else "") &lt;&lt; ("Buzz" if x % 5 == 0 else "") or str(x) for x in range(1,n+1)]</pre></div><div class="alert alert-secondary"><pre class="diff">============================= test session starts ==============================
platform linux -- Python 3.10.12, pytest-8.3.3, pluggy-1.5.0
rootdir: /home/teste/python_experiments2/fizz-buzz
collected 1 item

ts-3-5/test_3-5_0-8_264.py F                                             [100%]

=========================== short test summary info ============================
FAILED ts-3-5/test_3-5_0-8_264.py::test_fizz_buzz - TypeError: unsupported op...
============================== 1 failed in 0.07s ===============================
</pre></div></div></div></div></div><div class="mb-1" id="job_list___sub_accordion_16"><div class="card"><a data-toggle="collapse" data-target="#job_list___sub_collapse_16_1" aria-expanded="false" aria-controls="job_list___sub_collapse_16_1" href="#" class="job_list___sub_multi_heading"><div role="alert" class="card-header alert-success" id="job_list___sub_heading_16_1"><button class="btn btn-outline-success"><span class="job_id">16 : Job ID de557710c18a4412b09489b330b9b139</span></button></div></a><div aria-labelledby="job_list___sub_heading_16_1" data-parent="#job_list___sub_accordion_16" class="collapse job_list___sub_multi_collapse" id="job_list___sub_collapse_16_1"><div class="card-body"><div class="work-item"><div class="alert alert-success test-outcome" role="alert"><p>worker outcome: normal</p><p>test outcome: killed</p></div></div><pre class="location"><a href="pycharm://open?file=fizz_buzz.py&amp;line=9" class="text-secondary"><button class="btn btn-outline-dark">fizz_buzz.py, start pos: (9, 104), end pos: (9, 105)</button></a></pre><pre>operator: core/ReplaceBinaryOperator_Add_LShift, occurrence: 1</pre><div class="alert alert-secondary"><pre class="diff">--- mutation diff ---
--- afizz_buzz.py
+++ bfizz_buzz.py
@@ -6,4 +6,4 @@
     divisible by both, add "FizzBuzz"
 
     """
-    return [("Fizz" if x % 3 == 0 else "") + ("Buzz" if x % 5 == 0 else "") or str(x) for x in range(1,n+1)]
+    return [("Fizz" if x % 3 == 0 else "") + ("Buzz" if x % 5 == 0 else "") or str(x) for x in range(1,n&lt;&lt;1)]</pre></div><div class="alert alert-secondary"><pre class="diff">============================= test session starts ==============================
platform linux -- Python 3.10.12, pytest-8.3.3, pluggy-1.5.0
rootdir: /home/teste/python_experiments2/fizz-buzz
collected 1 item

ts-3-5/test_3-5_0-8_264.py F                                             [100%]

=========================== short test summary info ============================
FAILED ts-3-5/test_3-5_0-8_264.py::test_fizz_buzz - AssertionError: assert ['...
============================== 1 failed in 0.07s ===============================
</pre></div></div></div></div></div><div class="mb-1" id="job_list___sub_accordion_17"><div class="card"><a data-toggle="collapse" data-target="#job_list___sub_collapse_17_1" aria-expanded="false" aria-controls="job_list___sub_collapse_17_1" href="#" class="job_list___sub_multi_heading"><div role="alert" class="card-header alert-success" id="job_list___sub_heading_17_1"><button class="btn btn-outline-success"><span class="job_id">17 : Job ID 78f92de42bb54d1faf75a79368a87806</span></button></div></a><div aria-labelledby="job_list___sub_heading_17_1" data-parent="#job_list___sub_accordion_17" class="collapse job_list___sub_multi_collapse" id="job_list___sub_collapse_17_1"><div class="card-body"><div class="work-item"><div class="alert alert-success test-outcome" role="alert"><p>worker outcome: normal</p><p>test outcome: killed</p></div></div><pre class="location"><a href="pycharm://open?file=fizz_buzz.py&amp;line=9" class="text-secondary"><button class="btn btn-outline-dark">fizz_buzz.py, start pos: (9, 43), end pos: (9, 44)</button></a></pre><pre>operator: core/ReplaceBinaryOperator_Add_BitOr, occurrence: 0</pre><div class="alert alert-secondary"><pre class="diff">--- mutation diff ---
--- afizz_buzz.py
+++ bfizz_buzz.py
@@ -6,4 +6,4 @@
     divisible by both, add "FizzBuzz"
 
     """
-    return [("Fizz" if x % 3 == 0 else "") + ("Buzz" if x % 5 == 0 else "") or str(x) for x in range(1,n+1)]
+    return [("Fizz" if x % 3 == 0 else "") | ("Buzz" if x % 5 == 0 else "") or str(x) for x in range(1,n+1)]</pre></div><div class="alert alert-secondary"><pre class="diff">============================= test session starts ==============================
platform linux -- Python 3.10.12, pytest-8.3.3, pluggy-1.5.0
rootdir: /home/teste/python_experiments2/fizz-buzz
collected 1 item

ts-3-5/test_3-5_0-8_264.py F                                             [100%]

=========================== short test summary info ============================
FAILED ts-3-5/test_3-5_0-8_264.py::test_fizz_buzz - TypeError: unsupported op...
============================== 1 failed in 0.07s ===============================
</pre></div></div></div></div></div><div class="mb-1" id="job_list___sub_accordion_18"><div class="card"><a data-toggle="collapse" data-target="#job_list___sub_collapse_18_1" aria-expanded="false" aria-controls="job_list___sub_collapse_18_1" href="#" class="job_list___sub_multi_heading"><div role="alert" class="card-header alert-danger" id="job_list___sub_heading_18_1"><button class="btn btn-outline-danger"><span class="job_id">18 : Job ID f57cb30895a0431a852a421417c9808d</span></button></div></a><div aria-labelledby="job_list___sub_heading_18_1" data-parent="#job_list___sub_accordion_18" class="collapse job_list___sub_multi_collapse" id="job_list___sub_collapse_18_1"><div class="card-body"><div class="work-item"><div class="alert alert-danger test-outcome" role="alert"><p>SURVIVED</p><p>worker outcome: normal</p><p>test outcome: survived</p></div></div><pre class="location"><a href="pycharm://open?file=fizz_buzz.py&amp;line=9" class="text-secondary"><button class="btn btn-outline-dark">fizz_buzz.py, start pos: (9, 104), end pos: (9, 105)</button></a></pre><pre>operator: core/ReplaceBinaryOperator_Add_BitOr, occurrence: 1</pre><div class="alert alert-secondary"><pre class="diff">--- mutation diff ---
--- afizz_buzz.py
+++ bfizz_buzz.py
@@ -6,4 +6,4 @@
     divisible by both, add "FizzBuzz"
 
     """
-    return [("Fizz" if x % 3 == 0 else "") + ("Buzz" if x % 5 == 0 else "") or str(x) for x in range(1,n+1)]
+    return [("Fizz" if x % 3 == 0 else "") + ("Buzz" if x % 5 == 0 else "") or str(x) for x in range(1,n|1)]</pre></div><div class="alert alert-secondary"><pre class="diff">============================= test session starts ==============================
platform linux -- Python 3.10.12, pytest-8.3.3, pluggy-1.5.0
rootdir: /home/teste/python_experiments2/fizz-buzz
collected 1 item

ts-3-5/test_3-5_0-8_264.py .                                             [100%]

============================== 1 passed in 0.07s ===============================
</pre></div></div></div></div></div><div class="mb-1" id="job_list___sub_accordion_19"><div class="card"><a data-toggle="collapse" data-target="#job_list___sub_collapse_19_1" aria-expanded="false" aria-controls="job_list___sub_collapse_19_1" href="#" class="job_list___sub_multi_heading"><div role="alert" class="card-header alert-success" id="job_list___sub_heading_19_1"><button class="btn btn-outline-success"><span class="job_id">19 : Job ID 9a6b7290328d4bdbb94257bbfdc401cd</span></button></div></a><div aria-labelledby="job_list___sub_heading_19_1" data-parent="#job_list___sub_accordion_19" class="collapse job_list___sub_multi_collapse" id="job_list___sub_collapse_19_1"><div class="card-body"><div class="work-item"><div class="alert alert-success test-outcome" role="alert"><p>worker outcome: normal</p><p>test outcome: killed</p></div></div><pre class="location"><a href="pycharm://open?file=fizz_buzz.py&amp;line=9" class="text-secondary"><button class="btn btn-outline-dark">fizz_buzz.py, start pos: (9, 43), end pos: (9, 44)</button></a></pre><pre>operator: core/ReplaceBinaryOperator_Add_BitAnd, occurrence: 0</pre><div class="alert alert-secondary"><pre class="diff">--- mutation diff ---
--- afizz_buzz.py
+++ bfizz_buzz.py
@@ -6,4 +6,4 @@
     divisible by both, add "FizzBuzz"
 
     """
-    return [("Fizz" if x % 3 == 0 else "") + ("Buzz" if x % 5 == 0 else "") or str(x) for x in range(1,n+1)]
+    return [("Fizz" if x % 3 == 0 else "") &amp; ("Buzz" if x % 5 == 0 else "") or str(x) for x in range(1,n+1)]</pre></div><div class="alert alert-secondary"><pre class="diff">============================= test session starts ==============================
platform linux -- Python 3.10.12, pytest-8.3.3, pluggy-1.5.0
rootdir: /home/teste/python_experiments2/fizz-buzz
collected 1 item

ts-3-5/test_3-5_0-8_264.py F                                             [100%]

=========================== short test summary info ============================
FAILED ts-3-5/test_3-5_0-8_264.py::test_fizz_buzz - TypeError: unsupported op...
============================== 1 failed in 0.07s ===============================
</pre></div></div></div></div></div><div class="mb-1" id="job_list___sub_accordion_20"><div class="card"><a data-toggle="collapse" data-target="#job_list___sub_collapse_20_1" aria-expanded="false" aria-controls="job_list___sub_collapse_20_1" href="#" class="job_list___sub_multi_heading"><div role="alert" class="card-header alert-success" id="job_list___sub_heading_20_1"><button class="btn btn-outline-success"><span class="job_id">20 : Job ID 95363c3b33874eb6a2add12e4a26daf0</span></button></div></a><div aria-labelledby="job_list___sub_heading_20_1" data-parent="#job_list___sub_accordion_20" class="collapse job_list___sub_multi_collapse" id="job_list___sub_collapse_20_1"><div class="card-body"><div class="work-item"><div class="alert alert-success test-outcome" role="alert"><p>worker outcome: normal</p><p>test outcome: killed</p></div></div><pre class="location"><a href="pycharm://open?file=fizz_buzz.py&amp;line=9" class="text-secondary"><button class="btn btn-outline-dark">fizz_buzz.py, start pos: (9, 104), end pos: (9, 105)</button></a></pre><pre>operator: core/ReplaceBinaryOperator_Add_BitAnd, occurrence: 1</pre><div class="alert alert-secondary"><pre class="diff">--- mutation diff ---
--- afizz_buzz.py
+++ bfizz_buzz.py
@@ -6,4 +6,4 @@
     divisible by both, add "FizzBuzz"
 
     """
-    return [("Fizz" if x % 3 == 0 else "") + ("Buzz" if x % 5 == 0 else "") or str(x) for x in range(1,n+1)]
+    return [("Fizz" if x % 3 == 0 else "") + ("Buzz" if x % 5 == 0 else "") or str(x) for x in range(1,n&amp;1)]</pre></div><div class="alert alert-secondary"><pre class="diff">============================= test session starts ==============================
platform linux -- Python 3.10.12, pytest-8.3.3, pluggy-1.5.0
rootdir: /home/teste/python_experiments2/fizz-buzz
collected 1 item

ts-3-5/test_3-5_0-8_264.py F                                             [100%]

=========================== short test summary info ============================
FAILED ts-3-5/test_3-5_0-8_264.py::test_fizz_buzz - AssertionError: assert []...
============================== 1 failed in 0.07s ===============================
</pre></div></div></div></div></div><div class="mb-1" id="job_list___sub_accordion_21"><div class="card"><a data-toggle="collapse" data-target="#job_list___sub_collapse_21_1" aria-expanded="false" aria-controls="job_list___sub_collapse_21_1" href="#" class="job_list___sub_multi_heading"><div role="alert" class="card-header alert-success" id="job_list___sub_heading_21_1"><button class="btn btn-outline-success"><span class="job_id">21 : Job ID 826b2bcff1534bbc9eb614f39be3da1d</span></button></div></a><div aria-labelledby="job_list___sub_heading_21_1" data-parent="#job_list___sub_accordion_21" class="collapse job_list___sub_multi_collapse" id="job_list___sub_collapse_21_1"><div class="card-body"><div class="work-item"><div class="alert alert-success test-outcome" role="alert"><p>worker outcome: normal</p><p>test outcome: killed</p></div></div><pre class="location"><a href="pycharm://open?file=fizz_buzz.py&amp;line=9" class="text-secondary"><button class="btn btn-outline-dark">fizz_buzz.py, start pos: (9, 43), end pos: (9, 44)</button></a></pre><pre>operator: core/ReplaceBinaryOperator_Add_BitXor, occurrence: 0</pre><div class="alert alert-secondary"><pre class="diff">--- mutation diff ---
--- afizz_buzz.py
+++ bfizz_buzz.py
@@ -6,4 +6,4 @@
     divisible by both, add "FizzBuzz"
 
     """
-    return [("Fizz" if x % 3 == 0 else "") + ("Buzz" if x % 5 == 0 else "") or str(x) for x in range(1,n+1)]
+    return [("Fizz" if x % 3 == 0 else "") ^ ("Buzz" if x % 5 == 0 else "") or str(x) for x in range(1,n+1)]</pre></div><div class="alert alert-secondary"><pre class="diff">============================= test session starts ==============================
platform linux -- Python 3.10.12, pytest-8.3.3, pluggy-1.5.0
rootdir: /home/teste/python_experiments2/fizz-buzz
collected 1 item

ts-3-5/test_3-5_0-8_264.py F                                             [100%]

=========================== short test summary info ============================
FAILED ts-3-5/test_3-5_0-8_264.py::test_fizz_buzz - TypeError: unsupported op...
============================== 1 failed in 0.07s ===============================
</pre></div></div></div></div></div><div class="mb-1" id="job_list___sub_accordion_22"><div class="card"><a data-toggle="collapse" data-target="#job_list___sub_collapse_22_1" aria-expanded="false" aria-controls="job_list___sub_collapse_22_1" href="#" class="job_list___sub_multi_heading"><div role="alert" class="card-header alert-danger" id="job_list___sub_heading_22_1"><button class="btn btn-outline-danger"><span class="job_id">22 : Job ID 48b26e2c9311470cb34e77f2574cf2f3</span></button></div></a><div aria-labelledby="job_list___sub_heading_22_1" data-parent="#job_list___sub_accordion_22" class="collapse job_list___sub_multi_collapse" id="job_list___sub_collapse_22_1"><div class="card-body"><div class="work-item"><div class="alert alert-danger test-outcome" role="alert"><p>SURVIVED</p><p>worker outcome: normal</p><p>test outcome: survived</p></div></div><pre class="location"><a href="pycharm://open?file=fizz_buzz.py&amp;line=9" class="text-secondary"><button class="btn btn-outline-dark">fizz_buzz.py, start pos: (9, 104), end pos: (9, 105)</button></a></pre><pre>operator: core/ReplaceBinaryOperator_Add_BitXor, occurrence: 1</pre><div class="alert alert-secondary"><pre class="diff">--- mutation diff ---
--- afizz_buzz.py
+++ bfizz_buzz.py
@@ -6,4 +6,4 @@
     divisible by both, add "FizzBuzz"
 
     """
-    return [("Fizz" if x % 3 == 0 else "") + ("Buzz" if x % 5 == 0 else "") or str(x) for x in range(1,n+1)]
+    return [("Fizz" if x % 3 == 0 else "") + ("Buzz" if x % 5 == 0 else "") or str(x) for x in range(1,n^1)]</pre></div><div class="alert alert-secondary"><pre class="diff">============================= test session starts ==============================
platform linux -- Python 3.10.12, pytest-8.3.3, pluggy-1.5.0
rootdir: /home/teste/python_experiments2/fizz-buzz
collected 1 item

ts-3-5/test_3-5_0-8_264.py .                                             [100%]

============================== 1 passed in 0.07s ===============================
</pre></div></div></div></div></div><div class="mb-1" id="job_list___sub_accordion_23"><div class="card"><a data-toggle="collapse" data-target="#job_list___sub_collapse_23_1" aria-expanded="false" aria-controls="job_list___sub_collapse_23_1" href="#" class="job_list___sub_multi_heading"><div role="alert" class="card-header alert-success" id="job_list___sub_heading_23_1"><button class="btn btn-outline-success"><span class="job_id">23 : Job ID 0c48a4b2c92f413ba2bd8a34c50c30cf</span></button></div></a><div aria-labelledby="job_list___sub_heading_23_1" data-parent="#job_list___sub_accordion_23" class="collapse job_list___sub_multi_collapse" id="job_list___sub_collapse_23_1"><div class="card-body"><div class="work-item"><div class="alert alert-success test-outcome" role="alert"><p>worker outcome: normal</p><p>test outcome: killed</p></div></div><pre class="location"><a href="pycharm://open?file=fizz_buzz.py&amp;line=9" class="text-secondary"><button class="btn btn-outline-dark">fizz_buzz.py, start pos: (9, 25), end pos: (9, 26)</button></a></pre><pre>operator: core/ReplaceBinaryOperator_Mod_Add, occurrence: 0</pre><div class="alert alert-secondary"><pre class="diff">--- mutation diff ---
--- afizz_buzz.py
+++ bfizz_buzz.py
@@ -6,4 +6,4 @@
     divisible by both, add "FizzBuzz"
 
     """
-    return [("Fizz" if x % 3 == 0 else "") + ("Buzz" if x % 5 == 0 else "") or str(x) for x in range(1,n+1)]
+    return [("Fizz" if x + 3 == 0 else "") + ("Buzz" if x % 5 == 0 else "") or str(x) for x in range(1,n+1)]</pre></div><div class="alert alert-secondary"><pre class="diff">============================= test session starts ==============================
platform linux -- Python 3.10.12, pytest-8.3.3, pluggy-1.5.0
rootdir: /home/teste/python_experiments2/fizz-buzz
collected 1 item

ts-3-5/test_3-5_0-8_264.py F                                             [100%]

=========================== short test summary info ============================
FAILED ts-3-5/test_3-5_0-8_264.py::test_fizz_buzz - AssertionError: assert ['...
============================== 1 failed in 0.07s ===============================
</pre></div></div></div></div></div><div class="mb-1" id="job_list___sub_accordion_24"><div class="card"><a data-toggle="collapse" data-target="#job_list___sub_collapse_24_1" aria-expanded="false" aria-controls="job_list___sub_collapse_24_1" href="#" class="job_list___sub_multi_heading"><div role="alert" class="card-header alert-success" id="job_list___sub_heading_24_1"><button class="btn btn-outline-success"><span class="job_id">24 : Job ID dba41a80b9a94ad9ab2ad8efbc5ca6c3</span></button></div></a><div aria-labelledby="job_list___sub_heading_24_1" data-parent="#job_list___sub_accordion_24" class="collapse job_list___sub_multi_collapse" id="job_list___sub_collapse_24_1"><div class="card-body"><div class="work-item"><div class="alert alert-success test-outcome" role="alert"><p>worker outcome: normal</p><p>test outcome: killed</p></div></div><pre class="location"><a href="pycharm://open?file=fizz_buzz.py&amp;line=9" class="text-secondary"><button class="btn btn-outline-dark">fizz_buzz.py, start pos: (9, 58), end pos: (9, 59)</button></a></pre><pre>operator: core/ReplaceBinaryOperator_Mod_Add, occurrence: 1</pre><div class="alert alert-secondary"><pre class="diff">--- mutation diff ---
--- afizz_buzz.py
+++ bfizz_buzz.py
@@ -6,4 +6,4 @@
     divisible by both, add "FizzBuzz"
 
     """
-    return [("Fizz" if x % 3 == 0 else "") + ("Buzz" if x % 5 == 0 else "") or str(x) for x in range(1,n+1)]
+    return [("Fizz" if x % 3 == 0 else "") + ("Buzz" if x + 5 == 0 else "") or str(x) for x in range(1,n+1)]</pre></div><div class="alert alert-secondary"><pre class="diff">============================= test session starts ==============================
platform linux -- Python 3.10.12, pytest-8.3.3, pluggy-1.5.0
rootdir: /home/teste/python_experiments2/fizz-buzz
collected 1 item

ts-3-5/test_3-5_0-8_264.py F                                             [100%]

=========================== short test summary info ============================
FAILED ts-3-5/test_3-5_0-8_264.py::test_fizz_buzz - AssertionError: assert ['...
============================== 1 failed in 0.07s ===============================
</pre></div></div></div></div></div><div class="mb-1" id="job_list___sub_accordion_25"><div class="card"><a data-toggle="collapse" data-target="#job_list___sub_collapse_25_1" aria-expanded="false" aria-controls="job_list___sub_collapse_25_1" href="#" class="job_list___sub_multi_heading"><div role="alert" class="card-header alert-success" id="job_list___sub_heading_25_1"><button class="btn btn-outline-success"><span class="job_id">25 : Job ID fc8cac950371432aa8d77fd09e4943f0</span></button></div></a><div aria-labelledby="job_list___sub_heading_25_1" data-parent="#job_list___sub_accordion_25" class="collapse job_list___sub_multi_collapse" id="job_list___sub_collapse_25_1"><div class="card-body"><div class="work-item"><div class="alert alert-success test-outcome" role="alert"><p>worker outcome: normal</p><p>test outcome: killed</p></div></div><pre class="location"><a href="pycharm://open?file=fizz_buzz.py&amp;line=9" class="text-secondary"><button class="btn btn-outline-dark">fizz_buzz.py, start pos: (9, 25), end pos: (9, 26)</button></a></pre><pre>operator: core/ReplaceBinaryOperator_Mod_Sub, occurrence: 0</pre><div class="alert alert-secondary"><pre class="diff">--- mutation diff ---
--- afizz_buzz.py
+++ bfizz_buzz.py
@@ -6,4 +6,4 @@
     divisible by both, add "FizzBuzz"
 
     """
-    return [("Fizz" if x % 3 == 0 else "") + ("Buzz" if x % 5 == 0 else "") or str(x) for x in range(1,n+1)]
+    return [("Fizz" if x - 3 == 0 else "") + ("Buzz" if x % 5 == 0 else "") or str(x) for x in range(1,n+1)]</pre></div><div class="alert alert-secondary"><pre class="diff">============================= test session starts ==============================
platform linux -- Python 3.10.12, pytest-8.3.3, pluggy-1.5.0
rootdir: /home/teste/python_experiments2/fizz-buzz
collected 1 item

ts-3-5/test_3-5_0-8_264.py F                                             [100%]

=========================== short test summary info ============================
FAILED ts-3-5/test_3-5_0-8_264.py::test_fizz_buzz - AssertionError: assert ['...
============================== 1 failed in 0.07s ===============================
</pre></div></div></div></div></div><div class="mb-1" id="job_list___sub_accordion_26"><div class="card"><a data-toggle="collapse" data-target="#job_list___sub_collapse_26_1" aria-expanded="false" aria-controls="job_list___sub_collapse_26_1" href="#" class="job_list___sub_multi_heading"><div role="alert" class="card-header alert-success" id="job_list___sub_heading_26_1"><button class="btn btn-outline-success"><span class="job_id">26 : Job ID d99de695f41a4d09be68bd86d998f6c7</span></button></div></a><div aria-labelledby="job_list___sub_heading_26_1" data-parent="#job_list___sub_accordion_26" class="collapse job_list___sub_multi_collapse" id="job_list___sub_collapse_26_1"><div class="card-body"><div class="work-item"><div class="alert alert-success test-outcome" role="alert"><p>worker outcome: normal</p><p>test outcome: killed</p></div></div><pre class="location"><a href="pycharm://open?file=fizz_buzz.py&amp;line=9" class="text-secondary"><button class="btn btn-outline-dark">fizz_buzz.py, start pos: (9, 58), end pos: (9, 59)</button></a></pre><pre>operator: core/ReplaceBinaryOperator_Mod_Sub, occurrence: 1</pre><div class="alert alert-secondary"><pre class="diff">--- mutation diff ---
--- afizz_buzz.py
+++ bfizz_buzz.py
@@ -6,4 +6,4 @@
     divisible by both, add "FizzBuzz"
 
     """
-    return [("Fizz" if x % 3 == 0 else "") + ("Buzz" if x % 5 == 0 else "") or str(x) for x in range(1,n+1)]
+    return [("Fizz" if x % 3 == 0 else "") + ("Buzz" if x - 5 == 0 else "") or str(x) for x in range(1,n+1)]</pre></div><div class="alert alert-secondary"><pre class="diff">============================= test session starts ==============================
platform linux -- Python 3.10.12, pytest-8.3.3, pluggy-1.5.0
rootdir: /home/teste/python_experiments2/fizz-buzz
collected 1 item

ts-3-5/test_3-5_0-8_264.py F                                             [100%]

=========================== short test summary info ============================
FAILED ts-3-5/test_3-5_0-8_264.py::test_fizz_buzz - AssertionError: assert ['...
============================== 1 failed in 0.07s ===============================
</pre></div></div></div></div></div><div class="mb-1" id="job_list___sub_accordion_27"><div class="card"><a data-toggle="collapse" data-target="#job_list___sub_collapse_27_1" aria-expanded="false" aria-controls="job_list___sub_collapse_27_1" href="#" class="job_list___sub_multi_heading"><div role="alert" class="card-header alert-success" id="job_list___sub_heading_27_1"><button class="btn btn-outline-success"><span class="job_id">27 : Job ID 815086246f104e46a8361acf7ee7b14a</span></button></div></a><div aria-labelledby="job_list___sub_heading_27_1" data-parent="#job_list___sub_accordion_27" class="collapse job_list___sub_multi_collapse" id="job_list___sub_collapse_27_1"><div class="card-body"><div class="work-item"><div class="alert alert-success test-outcome" role="alert"><p>worker outcome: normal</p><p>test outcome: killed</p></div></div><pre class="location"><a href="pycharm://open?file=fizz_buzz.py&amp;line=9" class="text-secondary"><button class="btn btn-outline-dark">fizz_buzz.py, start pos: (9, 25), end pos: (9, 26)</button></a></pre><pre>operator: core/ReplaceBinaryOperator_Mod_Mul, occurrence: 0</pre><div class="alert alert-secondary"><pre class="diff">--- mutation diff ---
--- afizz_buzz.py
+++ bfizz_buzz.py
@@ -6,4 +6,4 @@
     divisible by both, add "FizzBuzz"
 
     """
-    return [("Fizz" if x % 3 == 0 else "") + ("Buzz" if x % 5 == 0 else "") or str(x) for x in range(1,n+1)]
+    return [("Fizz" if x * 3 == 0 else "") + ("Buzz" if x % 5 == 0 else "") or str(x) for x in range(1,n+1)]</pre></div><div class="alert alert-secondary"><pre class="diff">============================= test session starts ==============================
platform linux -- Python 3.10.12, pytest-8.3.3, pluggy-1.5.0
rootdir: /home/teste/python_experiments2/fizz-buzz
collected 1 item

ts-3-5/test_3-5_0-8_264.py F                                             [100%]

=========================== short test summary info ============================
FAILED ts-3-5/test_3-5_0-8_264.py::test_fizz_buzz - AssertionError: assert ['...
============================== 1 failed in 0.07s ===============================
</pre></div></div></div></div></div><div class="mb-1" id="job_list___sub_accordion_28"><div class="card"><a data-toggle="collapse" data-target="#job_list___sub_collapse_28_1" aria-expanded="false" aria-controls="job_list___sub_collapse_28_1" href="#" class="job_list___sub_multi_heading"><div role="alert" class="card-header alert-success" id="job_list___sub_heading_28_1"><button class="btn btn-outline-success"><span class="job_id">28 : Job ID e85e46cb5a25439e97f3f499b038c727</span></button></div></a><div aria-labelledby="job_list___sub_heading_28_1" data-parent="#job_list___sub_accordion_28" class="collapse job_list___sub_multi_collapse" id="job_list___sub_collapse_28_1"><div class="card-body"><div class="work-item"><div class="alert alert-success test-outcome" role="alert"><p>worker outcome: normal</p><p>test outcome: killed</p></div></div><pre class="location"><a href="pycharm://open?file=fizz_buzz.py&amp;line=9" class="text-secondary"><button class="btn btn-outline-dark">fizz_buzz.py, start pos: (9, 58), end pos: (9, 59)</button></a></pre><pre>operator: core/ReplaceBinaryOperator_Mod_Mul, occurrence: 1</pre><div class="alert alert-secondary"><pre class="diff">--- mutation diff ---
--- afizz_buzz.py
+++ bfizz_buzz.py
@@ -6,4 +6,4 @@
     divisible by both, add "FizzBuzz"
 
     """
-    return [("Fizz" if x % 3 == 0 else "") + ("Buzz" if x % 5 == 0 else "") or str(x) for x in range(1,n+1)]
+    return [("Fizz" if x % 3 == 0 else "") + ("Buzz" if x * 5 == 0 else "") or str(x) for x in range(1,n+1)]</pre></div><div class="alert alert-secondary"><pre class="diff">============================= test session starts ==============================
platform linux -- Python 3.10.12, pytest-8.3.3, pluggy-1.5.0
rootdir: /home/teste/python_experiments2/fizz-buzz
collected 1 item

ts-3-5/test_3-5_0-8_264.py F                                             [100%]

=========================== short test summary info ============================
FAILED ts-3-5/test_3-5_0-8_264.py::test_fizz_buzz - AssertionError: assert ['...
============================== 1 failed in 0.07s ===============================
</pre></div></div></div></div></div><div class="mb-1" id="job_list___sub_accordion_29"><div class="card"><a data-toggle="collapse" data-target="#job_list___sub_collapse_29_1" aria-expanded="false" aria-controls="job_list___sub_collapse_29_1" href="#" class="job_list___sub_multi_heading"><div role="alert" class="card-header alert-success" id="job_list___sub_heading_29_1"><button class="btn btn-outline-success"><span class="job_id">29 : Job ID 58156f8e917a4d228966c01245e066b0</span></button></div></a><div aria-labelledby="job_list___sub_heading_29_1" data-parent="#job_list___sub_accordion_29" class="collapse job_list___sub_multi_collapse" id="job_list___sub_collapse_29_1"><div class="card-body"><div class="work-item"><div class="alert alert-success test-outcome" role="alert"><p>worker outcome: normal</p><p>test outcome: killed</p></div></div><pre class="location"><a href="pycharm://open?file=fizz_buzz.py&amp;line=9" class="text-secondary"><button class="btn btn-outline-dark">fizz_buzz.py, start pos: (9, 25), end pos: (9, 26)</button></a></pre><pre>operator: core/ReplaceBinaryOperator_Mod_Div, occurrence: 0</pre><div class="alert alert-secondary"><pre class="diff">--- mutation diff ---
--- afizz_buzz.py
+++ bfizz_buzz.py
@@ -6,4 +6,4 @@
     divisible by both, add "FizzBuzz"
 
     """
-    return [("Fizz" if x % 3 == 0 else "") + ("Buzz" if x % 5 == 0 else "") or str(x) for x in range(1,n+1)]
+    return [("Fizz" if x / 3 == 0 else "") + ("Buzz" if x % 5 == 0 else "") or str(x) for x in range(1,n+1)]</pre></div><div class="alert alert-secondary"><pre class="diff">============================= test session starts ==============================
platform linux -- Python 3.10.12, pytest-8.3.3, pluggy-1.5.0
rootdir: /home/teste/python_experiments2/fizz-buzz
collected 1 item

ts-3-5/test_3-5_0-8_264.py F                                             [100%]

=========================== short test summary info ============================
FAILED ts-3-5/test_3-5_0-8_264.py::test_fizz_buzz - AssertionError: assert ['...
============================== 1 failed in 0.07s ===============================
</pre></div></div></div></div></div><div class="mb-1" id="job_list___sub_accordion_30"><div class="card"><a data-toggle="collapse" data-target="#job_list___sub_collapse_30_1" aria-expanded="false" aria-controls="job_list___sub_collapse_30_1" href="#" class="job_list___sub_multi_heading"><div role="alert" class="card-header alert-success" id="job_list___sub_heading_30_1"><button class="btn btn-outline-success"><span class="job_id">30 : Job ID a5e9a33455a34fffb678e3182262522b</span></button></div></a><div aria-labelledby="job_list___sub_heading_30_1" data-parent="#job_list___sub_accordion_30" class="collapse job_list___sub_multi_collapse" id="job_list___sub_collapse_30_1"><div class="card-body"><div class="work-item"><div class="alert alert-success test-outcome" role="alert"><p>worker outcome: normal</p><p>test outcome: killed</p></div></div><pre class="location"><a href="pycharm://open?file=fizz_buzz.py&amp;line=9" class="text-secondary"><button class="btn btn-outline-dark">fizz_buzz.py, start pos: (9, 58), end pos: (9, 59)</button></a></pre><pre>operator: core/ReplaceBinaryOperator_Mod_Div, occurrence: 1</pre><div class="alert alert-secondary"><pre class="diff">--- mutation diff ---
--- afizz_buzz.py
+++ bfizz_buzz.py
@@ -6,4 +6,4 @@
     divisible by both, add "FizzBuzz"
 
     """
-    return [("Fizz" if x % 3 == 0 else "") + ("Buzz" if x % 5 == 0 else "") or str(x) for x in range(1,n+1)]
+    return [("Fizz" if x % 3 == 0 else "") + ("Buzz" if x / 5 == 0 else "") or str(x) for x in range(1,n+1)]</pre></div><div class="alert alert-secondary"><pre class="diff">============================= test session starts ==============================
platform linux -- Python 3.10.12, pytest-8.3.3, pluggy-1.5.0
rootdir: /home/teste/python_experiments2/fizz-buzz
collected 1 item

ts-3-5/test_3-5_0-8_264.py F                                             [100%]

=========================== short test summary info ============================
FAILED ts-3-5/test_3-5_0-8_264.py::test_fizz_buzz - AssertionError: assert ['...
============================== 1 failed in 0.07s ===============================
</pre></div></div></div></div></div><div class="mb-1" id="job_list___sub_accordion_31"><div class="card"><a data-toggle="collapse" data-target="#job_list___sub_collapse_31_1" aria-expanded="false" aria-controls="job_list___sub_collapse_31_1" href="#" class="job_list___sub_multi_heading"><div role="alert" class="card-header alert-success" id="job_list___sub_heading_31_1"><button class="btn btn-outline-success"><span class="job_id">31 : Job ID 2858fbb127094e49b1110379bcf75a0a</span></button></div></a><div aria-labelledby="job_list___sub_heading_31_1" data-parent="#job_list___sub_accordion_31" class="collapse job_list___sub_multi_collapse" id="job_list___sub_collapse_31_1"><div class="card-body"><div class="work-item"><div class="alert alert-success test-outcome" role="alert"><p>worker outcome: normal</p><p>test outcome: killed</p></div></div><pre class="location"><a href="pycharm://open?file=fizz_buzz.py&amp;line=9" class="text-secondary"><button class="btn btn-outline-dark">fizz_buzz.py, start pos: (9, 25), end pos: (9, 26)</button></a></pre><pre>operator: core/ReplaceBinaryOperator_Mod_FloorDiv, occurrence: 0</pre><div class="alert alert-secondary"><pre class="diff">--- mutation diff ---
--- afizz_buzz.py
+++ bfizz_buzz.py
@@ -6,4 +6,4 @@
     divisible by both, add "FizzBuzz"
 
     """
-    return [("Fizz" if x % 3 == 0 else "") + ("Buzz" if x % 5 == 0 else "") or str(x) for x in range(1,n+1)]
+    return [("Fizz" if x // 3 == 0 else "") + ("Buzz" if x % 5 == 0 else "") or str(x) for x in range(1,n+1)]</pre></div><div class="alert alert-secondary"><pre class="diff">============================= test session starts ==============================
platform linux -- Python 3.10.12, pytest-8.3.3, pluggy-1.5.0
rootdir: /home/teste/python_experiments2/fizz-buzz
collected 1 item

ts-3-5/test_3-5_0-8_264.py F                                             [100%]

=========================== short test summary info ============================
FAILED ts-3-5/test_3-5_0-8_264.py::test_fizz_buzz - AssertionError: assert ['...
============================== 1 failed in 0.07s ===============================
</pre></div></div></div></div></div><div class="mb-1" id="job_list___sub_accordion_32"><div class="card"><a data-toggle="collapse" data-target="#job_list___sub_collapse_32_1" aria-expanded="false" aria-controls="job_list___sub_collapse_32_1" href="#" class="job_list___sub_multi_heading"><div role="alert" class="card-header alert-success" id="job_list___sub_heading_32_1"><button class="btn btn-outline-success"><span class="job_id">32 : Job ID de04668ef7d145bb93b91e6effbefdd9</span></button></div></a><div aria-labelledby="job_list___sub_heading_32_1" data-parent="#job_list___sub_accordion_32" class="collapse job_list___sub_multi_collapse" id="job_list___sub_collapse_32_1"><div class="card-body"><div class="work-item"><div class="alert alert-success test-outcome" role="alert"><p>worker outcome: normal</p><p>test outcome: killed</p></div></div><pre class="location"><a href="pycharm://open?file=fizz_buzz.py&amp;line=9" class="text-secondary"><button class="btn btn-outline-dark">fizz_buzz.py, start pos: (9, 58), end pos: (9, 59)</button></a></pre><pre>operator: core/ReplaceBinaryOperator_Mod_FloorDiv, occurrence: 1</pre><div class="alert alert-secondary"><pre class="diff">--- mutation diff ---
--- afizz_buzz.py
+++ bfizz_buzz.py
@@ -6,4 +6,4 @@
     divisible by both, add "FizzBuzz"
 
     """
-    return [("Fizz" if x % 3 == 0 else "") + ("Buzz" if x % 5 == 0 else "") or str(x) for x in range(1,n+1)]
+    return [("Fizz" if x % 3 == 0 else "") + ("Buzz" if x // 5 == 0 else "") or str(x) for x in range(1,n+1)]</pre></div><div class="alert alert-secondary"><pre class="diff">============================= test session starts ==============================
platform linux -- Python 3.10.12, pytest-8.3.3, pluggy-1.5.0
rootdir: /home/teste/python_experiments2/fizz-buzz
collected 1 item

ts-3-5/test_3-5_0-8_264.py F                                             [100%]

=========================== short test summary info ============================
FAILED ts-3-5/test_3-5_0-8_264.py::test_fizz_buzz - AssertionError: assert ['...
============================== 1 failed in 0.07s ===============================
</pre></div></div></div></div></div><div class="mb-1" id="job_list___sub_accordion_33"><div class="card"><a data-toggle="collapse" data-target="#job_list___sub_collapse_33_1" aria-expanded="false" aria-controls="job_list___sub_collapse_33_1" href="#" class="job_list___sub_multi_heading"><div role="alert" class="card-header alert-success" id="job_list___sub_heading_33_1"><button class="btn btn-outline-success"><span class="job_id">33 : Job ID ac5274502dd84e66977cba015290992f</span></button></div></a><div aria-labelledby="job_list___sub_heading_33_1" data-parent="#job_list___sub_accordion_33" class="collapse job_list___sub_multi_collapse" id="job_list___sub_collapse_33_1"><div class="card-body"><div class="work-item"><div class="alert alert-success test-outcome" role="alert"><p>worker outcome: normal</p><p>test outcome: killed</p></div></div><pre class="location"><a href="pycharm://open?file=fizz_buzz.py&amp;line=9" class="text-secondary"><button class="btn btn-outline-dark">fizz_buzz.py, start pos: (9, 25), end pos: (9, 26)</button></a></pre><pre>operator: core/ReplaceBinaryOperator_Mod_Pow, occurrence: 0</pre><div class="alert alert-secondary"><pre class="diff">--- mutation diff ---
--- afizz_buzz.py
+++ bfizz_buzz.py
@@ -6,4 +6,4 @@
     divisible by both, add "FizzBuzz"
 
     """
-    return [("Fizz" if x % 3 == 0 else "") + ("Buzz" if x % 5 == 0 else "") or str(x) for x in range(1,n+1)]
+    return [("Fizz" if x ** 3 == 0 else "") + ("Buzz" if x % 5 == 0 else "") or str(x) for x in range(1,n+1)]</pre></div><div class="alert alert-secondary"><pre class="diff">============================= test session starts ==============================
platform linux -- Python 3.10.12, pytest-8.3.3, pluggy-1.5.0
rootdir: /home/teste/python_experiments2/fizz-buzz
collected 1 item

ts-3-5/test_3-5_0-8_264.py F                                             [100%]

=========================== short test summary info ============================
FAILED ts-3-5/test_3-5_0-8_264.py::test_fizz_buzz - AssertionError: assert ['...
============================== 1 failed in 0.07s ===============================
</pre></div></div></div></div></div><div class="mb-1" id="job_list___sub_accordion_34"><div class="card"><a data-toggle="collapse" data-target="#job_list___sub_collapse_34_1" aria-expanded="false" aria-controls="job_list___sub_collapse_34_1" href="#" class="job_list___sub_multi_heading"><div role="alert" class="card-header alert-success" id="job_list___sub_heading_34_1"><button class="btn btn-outline-success"><span class="job_id">34 : Job ID 884008077ab64337a72c2f167fca9b75</span></button></div></a><div aria-labelledby="job_list___sub_heading_34_1" data-parent="#job_list___sub_accordion_34" class="collapse job_list___sub_multi_collapse" id="job_list___sub_collapse_34_1"><div class="card-body"><div class="work-item"><div class="alert alert-success test-outcome" role="alert"><p>worker outcome: normal</p><p>test outcome: killed</p></div></div><pre class="location"><a href="pycharm://open?file=fizz_buzz.py&amp;line=9" class="text-secondary"><button class="btn btn-outline-dark">fizz_buzz.py, start pos: (9, 58), end pos: (9, 59)</button></a></pre><pre>operator: core/ReplaceBinaryOperator_Mod_Pow, occurrence: 1</pre><div class="alert alert-secondary"><pre class="diff">--- mutation diff ---
--- afizz_buzz.py
+++ bfizz_buzz.py
@@ -6,4 +6,4 @@
     divisible by both, add "FizzBuzz"
 
     """
-    return [("Fizz" if x % 3 == 0 else "") + ("Buzz" if x % 5 == 0 else "") or str(x) for x in range(1,n+1)]
+    return [("Fizz" if x % 3 == 0 else "") + ("Buzz" if x ** 5 == 0 else "") or str(x) for x in range(1,n+1)]</pre></div><div class="alert alert-secondary"><pre class="diff">============================= test session starts ==============================
platform linux -- Python 3.10.12, pytest-8.3.3, pluggy-1.5.0
rootdir: /home/teste/python_experiments2/fizz-buzz
collected 1 item

ts-3-5/test_3-5_0-8_264.py F                                             [100%]

=========================== short test summary info ============================
FAILED ts-3-5/test_3-5_0-8_264.py::test_fizz_buzz - AssertionError: assert ['...
============================== 1 failed in 0.07s ===============================
</pre></div></div></div></div></div><div class="mb-1" id="job_list___sub_accordion_35"><div class="card"><a data-toggle="collapse" data-target="#job_list___sub_collapse_35_1" aria-expanded="false" aria-controls="job_list___sub_collapse_35_1" href="#" class="job_list___sub_multi_heading"><div role="alert" class="card-header alert-success" id="job_list___sub_heading_35_1"><button class="btn btn-outline-success"><span class="job_id">35 : Job ID 75daa81e618747e2bd0f634eb7dbe6c7</span></button></div></a><div aria-labelledby="job_list___sub_heading_35_1" data-parent="#job_list___sub_accordion_35" class="collapse job_list___sub_multi_collapse" id="job_list___sub_collapse_35_1"><div class="card-body"><div class="work-item"><div class="alert alert-success test-outcome" role="alert"><p>worker outcome: normal</p><p>test outcome: killed</p></div></div><pre class="location"><a href="pycharm://open?file=fizz_buzz.py&amp;line=9" class="text-secondary"><button class="btn btn-outline-dark">fizz_buzz.py, start pos: (9, 25), end pos: (9, 26)</button></a></pre><pre>operator: core/ReplaceBinaryOperator_Mod_RShift, occurrence: 0</pre><div class="alert alert-secondary"><pre class="diff">--- mutation diff ---
--- afizz_buzz.py
+++ bfizz_buzz.py
@@ -6,4 +6,4 @@
     divisible by both, add "FizzBuzz"
 
     """
-    return [("Fizz" if x % 3 == 0 else "") + ("Buzz" if x % 5 == 0 else "") or str(x) for x in range(1,n+1)]
+    return [("Fizz" if x &gt;&gt; 3 == 0 else "") + ("Buzz" if x % 5 == 0 else "") or str(x) for x in range(1,n+1)]</pre></div><div class="alert alert-secondary"><pre class="diff">============================= test session starts ==============================
platform linux -- Python 3.10.12, pytest-8.3.3, pluggy-1.5.0
rootdir: /home/teste/python_experiments2/fizz-buzz
collected 1 item

ts-3-5/test_3-5_0-8_264.py F                                             [100%]

=========================== short test summary info ============================
FAILED ts-3-5/test_3-5_0-8_264.py::test_fizz_buzz - AssertionError: assert ['...
============================== 1 failed in 0.07s ===============================
</pre></div></div></div></div></div><div class="mb-1" id="job_list___sub_accordion_36"><div class="card"><a data-toggle="collapse" data-target="#job_list___sub_collapse_36_1" aria-expanded="false" aria-controls="job_list___sub_collapse_36_1" href="#" class="job_list___sub_multi_heading"><div role="alert" class="card-header alert-success" id="job_list___sub_heading_36_1"><button class="btn btn-outline-success"><span class="job_id">36 : Job ID 0a008666645741c5812a3d548f279e6f</span></button></div></a><div aria-labelledby="job_list___sub_heading_36_1" data-parent="#job_list___sub_accordion_36" class="collapse job_list___sub_multi_collapse" id="job_list___sub_collapse_36_1"><div class="card-body"><div class="work-item"><div class="alert alert-success test-outcome" role="alert"><p>worker outcome: normal</p><p>test outcome: killed</p></div></div><pre class="location"><a href="pycharm://open?file=fizz_buzz.py&amp;line=9" class="text-secondary"><button class="btn btn-outline-dark">fizz_buzz.py, start pos: (9, 58), end pos: (9, 59)</button></a></pre><pre>operator: core/ReplaceBinaryOperator_Mod_RShift, occurrence: 1</pre><div class="alert alert-secondary"><pre class="diff">--- mutation diff ---
--- afizz_buzz.py
+++ bfizz_buzz.py
@@ -6,4 +6,4 @@
     divisible by both, add "FizzBuzz"
 
     """
-    return [("Fizz" if x % 3 == 0 else "") + ("Buzz" if x % 5 == 0 else "") or str(x) for x in range(1,n+1)]
+    return [("Fizz" if x % 3 == 0 else "") + ("Buzz" if x &gt;&gt; 5 == 0 else "") or str(x) for x in range(1,n+1)]</pre></div><div class="alert alert-secondary"><pre class="diff">============================= test session starts ==============================
platform linux -- Python 3.10.12, pytest-8.3.3, pluggy-1.5.0
rootdir: /home/teste/python_experiments2/fizz-buzz
collected 1 item

ts-3-5/test_3-5_0-8_264.py F                                             [100%]

=========================== short test summary info ============================
FAILED ts-3-5/test_3-5_0-8_264.py::test_fizz_buzz - AssertionError: assert ['...
============================== 1 failed in 0.07s ===============================
</pre></div></div></div></div></div><div class="mb-1" id="job_list___sub_accordion_37"><div class="card"><a data-toggle="collapse" data-target="#job_list___sub_collapse_37_1" aria-expanded="false" aria-controls="job_list___sub_collapse_37_1" href="#" class="job_list___sub_multi_heading"><div role="alert" class="card-header alert-success" id="job_list___sub_heading_37_1"><button class="btn btn-outline-success"><span class="job_id">37 : Job ID 00eabae9c2b943d8832ab18540b84e21</span></button></div></a><div aria-labelledby="job_list___sub_heading_37_1" data-parent="#job_list___sub_accordion_37" class="collapse job_list___sub_multi_collapse" id="job_list___sub_collapse_37_1"><div class="card-body"><div class="work-item"><div class="alert alert-success test-outcome" role="alert"><p>worker outcome: normal</p><p>test outcome: killed</p></div></div><pre class="location"><a href="pycharm://open?file=fizz_buzz.py&amp;line=9" class="text-secondary"><button class="btn btn-outline-dark">fizz_buzz.py, start pos: (9, 25), end pos: (9, 26)</button></a></pre><pre>operator: core/ReplaceBinaryOperator_Mod_LShift, occurrence: 0</pre><div class="alert alert-secondary"><pre class="diff">--- mutation diff ---
--- afizz_buzz.py
+++ bfizz_buzz.py
@@ -6,4 +6,4 @@
     divisible by both, add "FizzBuzz"
 
     """
-    return [("Fizz" if x % 3 == 0 else "") + ("Buzz" if x % 5 == 0 else "") or str(x) for x in range(1,n+1)]
+    return [("Fizz" if x &lt;&lt; 3 == 0 else "") + ("Buzz" if x % 5 == 0 else "") or str(x) for x in range(1,n+1)]</pre></div><div class="alert alert-secondary"><pre class="diff">============================= test session starts ==============================
platform linux -- Python 3.10.12, pytest-8.3.3, pluggy-1.5.0
rootdir: /home/teste/python_experiments2/fizz-buzz
collected 1 item

ts-3-5/test_3-5_0-8_264.py F                                             [100%]

=========================== short test summary info ============================
FAILED ts-3-5/test_3-5_0-8_264.py::test_fizz_buzz - AssertionError: assert ['...
============================== 1 failed in 0.07s ===============================
</pre></div></div></div></div></div><div class="mb-1" id="job_list___sub_accordion_38"><div class="card"><a data-toggle="collapse" data-target="#job_list___sub_collapse_38_1" aria-expanded="false" aria-controls="job_list___sub_collapse_38_1" href="#" class="job_list___sub_multi_heading"><div role="alert" class="card-header alert-success" id="job_list___sub_heading_38_1"><button class="btn btn-outline-success"><span class="job_id">38 : Job ID 04fb1812bc184151bc74e33c2b9465e7</span></button></div></a><div aria-labelledby="job_list___sub_heading_38_1" data-parent="#job_list___sub_accordion_38" class="collapse job_list___sub_multi_collapse" id="job_list___sub_collapse_38_1"><div class="card-body"><div class="work-item"><div class="alert alert-success test-outcome" role="alert"><p>worker outcome: normal</p><p>test outcome: killed</p></div></div><pre class="location"><a href="pycharm://open?file=fizz_buzz.py&amp;line=9" class="text-secondary"><button class="btn btn-outline-dark">fizz_buzz.py, start pos: (9, 58), end pos: (9, 59)</button></a></pre><pre>operator: core/ReplaceBinaryOperator_Mod_LShift, occurrence: 1</pre><div class="alert alert-secondary"><pre class="diff">--- mutation diff ---
--- afizz_buzz.py
+++ bfizz_buzz.py
@@ -6,4 +6,4 @@
     divisible by both, add "FizzBuzz"
 
     """
-    return [("Fizz" if x % 3 == 0 else "") + ("Buzz" if x % 5 == 0 else "") or str(x) for x in range(1,n+1)]
+    return [("Fizz" if x % 3 == 0 else "") + ("Buzz" if x &lt;&lt; 5 == 0 else "") or str(x) for x in range(1,n+1)]</pre></div><div class="alert alert-secondary"><pre class="diff">============================= test session starts ==============================
platform linux -- Python 3.10.12, pytest-8.3.3, pluggy-1.5.0
rootdir: /home/teste/python_experiments2/fizz-buzz
collected 1 item

ts-3-5/test_3-5_0-8_264.py F                                             [100%]

=========================== short test summary info ============================
FAILED ts-3-5/test_3-5_0-8_264.py::test_fizz_buzz - AssertionError: assert ['...
============================== 1 failed in 0.07s ===============================
</pre></div></div></div></div></div><div class="mb-1" id="job_list___sub_accordion_39"><div class="card"><a data-toggle="collapse" data-target="#job_list___sub_collapse_39_1" aria-expanded="false" aria-controls="job_list___sub_collapse_39_1" href="#" class="job_list___sub_multi_heading"><div role="alert" class="card-header alert-success" id="job_list___sub_heading_39_1"><button class="btn btn-outline-success"><span class="job_id">39 : Job ID 65fc89b7ad3b4bf19d109f04fa1ff52d</span></button></div></a><div aria-labelledby="job_list___sub_heading_39_1" data-parent="#job_list___sub_accordion_39" class="collapse job_list___sub_multi_collapse" id="job_list___sub_collapse_39_1"><div class="card-body"><div class="work-item"><div class="alert alert-success test-outcome" role="alert"><p>worker outcome: normal</p><p>test outcome: killed</p></div></div><pre class="location"><a href="pycharm://open?file=fizz_buzz.py&amp;line=9" class="text-secondary"><button class="btn btn-outline-dark">fizz_buzz.py, start pos: (9, 25), end pos: (9, 26)</button></a></pre><pre>operator: core/ReplaceBinaryOperator_Mod_BitOr, occurrence: 0</pre><div class="alert alert-secondary"><pre class="diff">--- mutation diff ---
--- afizz_buzz.py
+++ bfizz_buzz.py
@@ -6,4 +6,4 @@
     divisible by both, add "FizzBuzz"
 
     """
-    return [("Fizz" if x % 3 == 0 else "") + ("Buzz" if x % 5 == 0 else "") or str(x) for x in range(1,n+1)]
+    return [("Fizz" if x | 3 == 0 else "") + ("Buzz" if x % 5 == 0 else "") or str(x) for x in range(1,n+1)]</pre></div><div class="alert alert-secondary"><pre class="diff">============================= test session starts ==============================
platform linux -- Python 3.10.12, pytest-8.3.3, pluggy-1.5.0
rootdir: /home/teste/python_experiments2/fizz-buzz
collected 1 item

ts-3-5/test_3-5_0-8_264.py F                                             [100%]

=========================== short test summary info ============================
FAILED ts-3-5/test_3-5_0-8_264.py::test_fizz_buzz - AssertionError: assert ['...
============================== 1 failed in 0.07s ===============================
</pre></div></div></div></div></div><div class="mb-1" id="job_list___sub_accordion_40"><div class="card"><a data-toggle="collapse" data-target="#job_list___sub_collapse_40_1" aria-expanded="false" aria-controls="job_list___sub_collapse_40_1" href="#" class="job_list___sub_multi_heading"><div role="alert" class="card-header alert-success" id="job_list___sub_heading_40_1"><button class="btn btn-outline-success"><span class="job_id">40 : Job ID 5da56ee63f384065818596075f81291b</span></button></div></a><div aria-labelledby="job_list___sub_heading_40_1" data-parent="#job_list___sub_accordion_40" class="collapse job_list___sub_multi_collapse" id="job_list___sub_collapse_40_1"><div class="card-body"><div class="work-item"><div class="alert alert-success test-outcome" role="alert"><p>worker outcome: normal</p><p>test outcome: killed</p></div></div><pre class="location"><a href="pycharm://open?file=fizz_buzz.py&amp;line=9" class="text-secondary"><button class="btn btn-outline-dark">fizz_buzz.py, start pos: (9, 58), end pos: (9, 59)</button></a></pre><pre>operator: core/ReplaceBinaryOperator_Mod_BitOr, occurrence: 1</pre><div class="alert alert-secondary"><pre class="diff">--- mutation diff ---
--- afizz_buzz.py
+++ bfizz_buzz.py
@@ -6,4 +6,4 @@
     divisible by both, add "FizzBuzz"
 
     """
-    return [("Fizz" if x % 3 == 0 else "") + ("Buzz" if x % 5 == 0 else "") or str(x) for x in range(1,n+1)]
+    return [("Fizz" if x % 3 == 0 else "") + ("Buzz" if x | 5 == 0 else "") or str(x) for x in range(1,n+1)]</pre></div><div class="alert alert-secondary"><pre class="diff">============================= test session starts ==============================
platform linux -- Python 3.10.12, pytest-8.3.3, pluggy-1.5.0
rootdir: /home/teste/python_experiments2/fizz-buzz
collected 1 item

ts-3-5/test_3-5_0-8_264.py F                                             [100%]

=========================== short test summary info ============================
FAILED ts-3-5/test_3-5_0-8_264.py::test_fizz_buzz - AssertionError: assert ['...
============================== 1 failed in 0.07s ===============================
</pre></div></div></div></div></div><div class="mb-1" id="job_list___sub_accordion_41"><div class="card"><a data-toggle="collapse" data-target="#job_list___sub_collapse_41_1" aria-expanded="false" aria-controls="job_list___sub_collapse_41_1" href="#" class="job_list___sub_multi_heading"><div role="alert" class="card-header alert-success" id="job_list___sub_heading_41_1"><button class="btn btn-outline-success"><span class="job_id">41 : Job ID cf9a338977bf467398f02ef5bd308eec</span></button></div></a><div aria-labelledby="job_list___sub_heading_41_1" data-parent="#job_list___sub_accordion_41" class="collapse job_list___sub_multi_collapse" id="job_list___sub_collapse_41_1"><div class="card-body"><div class="work-item"><div class="alert alert-success test-outcome" role="alert"><p>worker outcome: normal</p><p>test outcome: killed</p></div></div><pre class="location"><a href="pycharm://open?file=fizz_buzz.py&amp;line=9" class="text-secondary"><button class="btn btn-outline-dark">fizz_buzz.py, start pos: (9, 25), end pos: (9, 26)</button></a></pre><pre>operator: core/ReplaceBinaryOperator_Mod_BitAnd, occurrence: 0</pre><div class="alert alert-secondary"><pre class="diff">--- mutation diff ---
--- afizz_buzz.py
+++ bfizz_buzz.py
@@ -6,4 +6,4 @@
     divisible by both, add "FizzBuzz"
 
     """
-    return [("Fizz" if x % 3 == 0 else "") + ("Buzz" if x % 5 == 0 else "") or str(x) for x in range(1,n+1)]
+    return [("Fizz" if x &amp; 3 == 0 else "") + ("Buzz" if x % 5 == 0 else "") or str(x) for x in range(1,n+1)]</pre></div><div class="alert alert-secondary"><pre class="diff">============================= test session starts ==============================
platform linux -- Python 3.10.12, pytest-8.3.3, pluggy-1.5.0
rootdir: /home/teste/python_experiments2/fizz-buzz
collected 1 item

ts-3-5/test_3-5_0-8_264.py F                                             [100%]

=========================== short test summary info ============================
FAILED ts-3-5/test_3-5_0-8_264.py::test_fizz_buzz - AssertionError: assert ['...
============================== 1 failed in 0.07s ===============================
</pre></div></div></div></div></div><div class="mb-1" id="job_list___sub_accordion_42"><div class="card"><a data-toggle="collapse" data-target="#job_list___sub_collapse_42_1" aria-expanded="false" aria-controls="job_list___sub_collapse_42_1" href="#" class="job_list___sub_multi_heading"><div role="alert" class="card-header alert-success" id="job_list___sub_heading_42_1"><button class="btn btn-outline-success"><span class="job_id">42 : Job ID 1de302678d5a4220b0c1942c9e1e7102</span></button></div></a><div aria-labelledby="job_list___sub_heading_42_1" data-parent="#job_list___sub_accordion_42" class="collapse job_list___sub_multi_collapse" id="job_list___sub_collapse_42_1"><div class="card-body"><div class="work-item"><div class="alert alert-success test-outcome" role="alert"><p>worker outcome: normal</p><p>test outcome: killed</p></div></div><pre class="location"><a href="pycharm://open?file=fizz_buzz.py&amp;line=9" class="text-secondary"><button class="btn btn-outline-dark">fizz_buzz.py, start pos: (9, 58), end pos: (9, 59)</button></a></pre><pre>operator: core/ReplaceBinaryOperator_Mod_BitAnd, occurrence: 1</pre><div class="alert alert-secondary"><pre class="diff">--- mutation diff ---
--- afizz_buzz.py
+++ bfizz_buzz.py
@@ -6,4 +6,4 @@
     divisible by both, add "FizzBuzz"
 
     """
-    return [("Fizz" if x % 3 == 0 else "") + ("Buzz" if x % 5 == 0 else "") or str(x) for x in range(1,n+1)]
+    return [("Fizz" if x % 3 == 0 else "") + ("Buzz" if x &amp; 5 == 0 else "") or str(x) for x in range(1,n+1)]</pre></div><div class="alert alert-secondary"><pre class="diff">============================= test session starts ==============================
platform linux -- Python 3.10.12, pytest-8.3.3, pluggy-1.5.0
rootdir: /home/teste/python_experiments2/fizz-buzz
collected 1 item

ts-3-5/test_3-5_0-8_264.py F                                             [100%]

=========================== short test summary info ============================
FAILED ts-3-5/test_3-5_0-8_264.py::test_fizz_buzz - AssertionError: assert ['...
============================== 1 failed in 0.07s ===============================
</pre></div></div></div></div></div><div class="mb-1" id="job_list___sub_accordion_43"><div class="card"><a data-toggle="collapse" data-target="#job_list___sub_collapse_43_1" aria-expanded="false" aria-controls="job_list___sub_collapse_43_1" href="#" class="job_list___sub_multi_heading"><div role="alert" class="card-header alert-success" id="job_list___sub_heading_43_1"><button class="btn btn-outline-success"><span class="job_id">43 : Job ID b3847c26b3604644b6da2b2435b6abc6</span></button></div></a><div aria-labelledby="job_list___sub_heading_43_1" data-parent="#job_list___sub_accordion_43" class="collapse job_list___sub_multi_collapse" id="job_list___sub_collapse_43_1"><div class="card-body"><div class="work-item"><div class="alert alert-success test-outcome" role="alert"><p>worker outcome: normal</p><p>test outcome: killed</p></div></div><pre class="location"><a href="pycharm://open?file=fizz_buzz.py&amp;line=9" class="text-secondary"><button class="btn btn-outline-dark">fizz_buzz.py, start pos: (9, 25), end pos: (9, 26)</button></a></pre><pre>operator: core/ReplaceBinaryOperator_Mod_BitXor, occurrence: 0</pre><div class="alert alert-secondary"><pre class="diff">--- mutation diff ---
--- afizz_buzz.py
+++ bfizz_buzz.py
@@ -6,4 +6,4 @@
     divisible by both, add "FizzBuzz"
 
     """
-    return [("Fizz" if x % 3 == 0 else "") + ("Buzz" if x % 5 == 0 else "") or str(x) for x in range(1,n+1)]
+    return [("Fizz" if x ^ 3 == 0 else "") + ("Buzz" if x % 5 == 0 else "") or str(x) for x in range(1,n+1)]</pre></div><div class="alert alert-secondary"><pre class="diff">============================= test session starts ==============================
platform linux -- Python 3.10.12, pytest-8.3.3, pluggy-1.5.0
rootdir: /home/teste/python_experiments2/fizz-buzz
collected 1 item

ts-3-5/test_3-5_0-8_264.py F                                             [100%]

=========================== short test summary info ============================
FAILED ts-3-5/test_3-5_0-8_264.py::test_fizz_buzz - AssertionError: assert ['...
============================== 1 failed in 0.07s ===============================
</pre></div></div></div></div></div><div class="mb-1" id="job_list___sub_accordion_44"><div class="card"><a data-toggle="collapse" data-target="#job_list___sub_collapse_44_1" aria-expanded="false" aria-controls="job_list___sub_collapse_44_1" href="#" class="job_list___sub_multi_heading"><div role="alert" class="card-header alert-success" id="job_list___sub_heading_44_1"><button class="btn btn-outline-success"><span class="job_id">44 : Job ID 81f4bd52d78242e98c0df2eacb99b3e6</span></button></div></a><div aria-labelledby="job_list___sub_heading_44_1" data-parent="#job_list___sub_accordion_44" class="collapse job_list___sub_multi_collapse" id="job_list___sub_collapse_44_1"><div class="card-body"><div class="work-item"><div class="alert alert-success test-outcome" role="alert"><p>worker outcome: normal</p><p>test outcome: killed</p></div></div><pre class="location"><a href="pycharm://open?file=fizz_buzz.py&amp;line=9" class="text-secondary"><button class="btn btn-outline-dark">fizz_buzz.py, start pos: (9, 58), end pos: (9, 59)</button></a></pre><pre>operator: core/ReplaceBinaryOperator_Mod_BitXor, occurrence: 1</pre><div class="alert alert-secondary"><pre class="diff">--- mutation diff ---
--- afizz_buzz.py
+++ bfizz_buzz.py
@@ -6,4 +6,4 @@
     divisible by both, add "FizzBuzz"
 
     """
-    return [("Fizz" if x % 3 == 0 else "") + ("Buzz" if x % 5 == 0 else "") or str(x) for x in range(1,n+1)]
+    return [("Fizz" if x % 3 == 0 else "") + ("Buzz" if x ^ 5 == 0 else "") or str(x) for x in range(1,n+1)]</pre></div><div class="alert alert-secondary"><pre class="diff">============================= test session starts ==============================
platform linux -- Python 3.10.12, pytest-8.3.3, pluggy-1.5.0
rootdir: /home/teste/python_experiments2/fizz-buzz
collected 1 item

ts-3-5/test_3-5_0-8_264.py F                                             [100%]

=========================== short test summary info ============================
FAILED ts-3-5/test_3-5_0-8_264.py::test_fizz_buzz - AssertionError: assert ['...
============================== 1 failed in 0.07s ===============================
</pre></div></div></div></div></div><div class="mb-1" id="job_list___sub_accordion_45"><div class="card"><a data-toggle="collapse" data-target="#job_list___sub_collapse_45_1" aria-expanded="false" aria-controls="job_list___sub_collapse_45_1" href="#" class="job_list___sub_multi_heading"><div role="alert" class="card-header alert-success" id="job_list___sub_heading_45_1"><button class="btn btn-outline-success"><span class="job_id">45 : Job ID 85777991ea1e4f45a06a49ab371c30f6</span></button></div></a><div aria-labelledby="job_list___sub_heading_45_1" data-parent="#job_list___sub_accordion_45" class="collapse job_list___sub_multi_collapse" id="job_list___sub_collapse_45_1"><div class="card-body"><div class="work-item"><div class="alert alert-success test-outcome" role="alert"><p>worker outcome: normal</p><p>test outcome: killed</p></div></div><pre class="location"><a href="pycharm://open?file=fizz_buzz.py&amp;line=9" class="text-secondary"><button class="btn btn-outline-dark">fizz_buzz.py, start pos: (9, 29), end pos: (9, 31)</button></a></pre><pre>operator: core/ReplaceComparisonOperator_Eq_NotEq, occurrence: 0</pre><div class="alert alert-secondary"><pre class="diff">--- mutation diff ---
--- afizz_buzz.py
+++ bfizz_buzz.py
@@ -6,4 +6,4 @@
     divisible by both, add "FizzBuzz"
 
     """
-    return [("Fizz" if x % 3 == 0 else "") + ("Buzz" if x % 5 == 0 else "") or str(x) for x in range(1,n+1)]
+    return [("Fizz" if x % 3 != 0 else "") + ("Buzz" if x % 5 == 0 else "") or str(x) for x in range(1,n+1)]</pre></div><div class="alert alert-secondary"><pre class="diff">============================= test session starts ==============================
platform linux -- Python 3.10.12, pytest-8.3.3, pluggy-1.5.0
rootdir: /home/teste/python_experiments2/fizz-buzz
collected 1 item

ts-3-5/test_3-5_0-8_264.py F                                             [100%]

=========================== short test summary info ============================
FAILED ts-3-5/test_3-5_0-8_264.py::test_fizz_buzz - AssertionError: assert ['...
============================== 1 failed in 0.07s ===============================
</pre></div></div></div></div></div><div class="mb-1" id="job_list___sub_accordion_46"><div class="card"><a data-toggle="collapse" data-target="#job_list___sub_collapse_46_1" aria-expanded="false" aria-controls="job_list___sub_collapse_46_1" href="#" class="job_list___sub_multi_heading"><div role="alert" class="card-header alert-success" id="job_list___sub_heading_46_1"><button class="btn btn-outline-success"><span class="job_id">46 : Job ID 7c33c5bcbf814292a49060b447938456</span></button></div></a><div aria-labelledby="job_list___sub_heading_46_1" data-parent="#job_list___sub_accordion_46" class="collapse job_list___sub_multi_collapse" id="job_list___sub_collapse_46_1"><div class="card-body"><div class="work-item"><div class="alert alert-success test-outcome" role="alert"><p>worker outcome: normal</p><p>test outcome: killed</p></div></div><pre class="location"><a href="pycharm://open?file=fizz_buzz.py&amp;line=9" class="text-secondary"><button class="btn btn-outline-dark">fizz_buzz.py, start pos: (9, 62), end pos: (9, 64)</button></a></pre><pre>operator: core/ReplaceComparisonOperator_Eq_NotEq, occurrence: 1</pre><div class="alert alert-secondary"><pre class="diff">--- mutation diff ---
--- afizz_buzz.py
+++ bfizz_buzz.py
@@ -6,4 +6,4 @@
     divisible by both, add "FizzBuzz"
 
     """
-    return [("Fizz" if x % 3 == 0 else "") + ("Buzz" if x % 5 == 0 else "") or str(x) for x in range(1,n+1)]
+    return [("Fizz" if x % 3 == 0 else "") + ("Buzz" if x % 5 != 0 else "") or str(x) for x in range(1,n+1)]</pre></div><div class="alert alert-secondary"><pre class="diff">============================= test session starts ==============================
platform linux -- Python 3.10.12, pytest-8.3.3, pluggy-1.5.0
rootdir: /home/teste/python_experiments2/fizz-buzz
collected 1 item

ts-3-5/test_3-5_0-8_264.py F                                             [100%]

=========================== short test summary info ============================
FAILED ts-3-5/test_3-5_0-8_264.py::test_fizz_buzz - AssertionError: assert ['...
============================== 1 failed in 0.07s ===============================
</pre></div></div></div></div></div><div class="mb-1" id="job_list___sub_accordion_47"><div class="card"><a data-toggle="collapse" data-target="#job_list___sub_collapse_47_1" aria-expanded="false" aria-controls="job_list___sub_collapse_47_1" href="#" class="job_list___sub_multi_heading"><div role="alert" class="card-header alert-success" id="job_list___sub_heading_47_1"><button class="btn btn-outline-success"><span class="job_id">47 : Job ID fb1924d737b44c0982b3fc887e53af50</span></button></div></a><div aria-labelledby="job_list___sub_heading_47_1" data-parent="#job_list___sub_accordion_47" class="collapse job_list___sub_multi_collapse" id="job_list___sub_collapse_47_1"><div class="card-body"><div class="work-item"><div class="alert alert-success test-outcome" role="alert"><p>worker outcome: normal</p><p>test outcome: killed</p></div></div><pre class="location"><a href="pycharm://open?file=fizz_buzz.py&amp;line=9" class="text-secondary"><button class="btn btn-outline-dark">fizz_buzz.py, start pos: (9, 29), end pos: (9, 31)</button></a></pre><pre>operator: core/ReplaceComparisonOperator_Eq_Lt, occurrence: 0</pre><div class="alert alert-secondary"><pre class="diff">--- mutation diff ---
--- afizz_buzz.py
+++ bfizz_buzz.py
@@ -6,4 +6,4 @@
     divisible by both, add "FizzBuzz"
 
     """
-    return [("Fizz" if x % 3 == 0 else "") + ("Buzz" if x % 5 == 0 else "") or str(x) for x in range(1,n+1)]
+    return [("Fizz" if x % 3 &lt; 0 else "") + ("Buzz" if x % 5 == 0 else "") or str(x) for x in range(1,n+1)]</pre></div><div class="alert alert-secondary"><pre class="diff">============================= test session starts ==============================
platform linux -- Python 3.10.12, pytest-8.3.3, pluggy-1.5.0
rootdir: /home/teste/python_experiments2/fizz-buzz
collected 1 item

ts-3-5/test_3-5_0-8_264.py F                                             [100%]

=========================== short test summary info ============================
FAILED ts-3-5/test_3-5_0-8_264.py::test_fizz_buzz - AssertionError: assert ['...
============================== 1 failed in 0.07s ===============================
</pre></div></div></div></div></div><div class="mb-1" id="job_list___sub_accordion_48"><div class="card"><a data-toggle="collapse" data-target="#job_list___sub_collapse_48_1" aria-expanded="false" aria-controls="job_list___sub_collapse_48_1" href="#" class="job_list___sub_multi_heading"><div role="alert" class="card-header alert-success" id="job_list___sub_heading_48_1"><button class="btn btn-outline-success"><span class="job_id">48 : Job ID 46cc646e058d41d18700f4f129cbccdb</span></button></div></a><div aria-labelledby="job_list___sub_heading_48_1" data-parent="#job_list___sub_accordion_48" class="collapse job_list___sub_multi_collapse" id="job_list___sub_collapse_48_1"><div class="card-body"><div class="work-item"><div class="alert alert-success test-outcome" role="alert"><p>worker outcome: normal</p><p>test outcome: killed</p></div></div><pre class="location"><a href="pycharm://open?file=fizz_buzz.py&amp;line=9" class="text-secondary"><button class="btn btn-outline-dark">fizz_buzz.py, start pos: (9, 62), end pos: (9, 64)</button></a></pre><pre>operator: core/ReplaceComparisonOperator_Eq_Lt, occurrence: 1</pre><div class="alert alert-secondary"><pre class="diff">--- mutation diff ---
--- afizz_buzz.py
+++ bfizz_buzz.py
@@ -6,4 +6,4 @@
     divisible by both, add "FizzBuzz"
 
     """
-    return [("Fizz" if x % 3 == 0 else "") + ("Buzz" if x % 5 == 0 else "") or str(x) for x in range(1,n+1)]
+    return [("Fizz" if x % 3 == 0 else "") + ("Buzz" if x % 5 &lt; 0 else "") or str(x) for x in range(1,n+1)]</pre></div><div class="alert alert-secondary"><pre class="diff">============================= test session starts ==============================
platform linux -- Python 3.10.12, pytest-8.3.3, pluggy-1.5.0
rootdir: /home/teste/python_experiments2/fizz-buzz
collected 1 item

ts-3-5/test_3-5_0-8_264.py F                                             [100%]

=========================== short test summary info ============================
FAILED ts-3-5/test_3-5_0-8_264.py::test_fizz_buzz - AssertionError: assert ['...
============================== 1 failed in 0.07s ===============================
</pre></div></div></div></div></div><div class="mb-1" id="job_list___sub_accordion_49"><div class="card"><a data-toggle="collapse" data-target="#job_list___sub_collapse_49_1" aria-expanded="false" aria-controls="job_list___sub_collapse_49_1" href="#" class="job_list___sub_multi_heading"><div role="alert" class="card-header alert-danger" id="job_list___sub_heading_49_1"><button class="btn btn-outline-danger"><span class="job_id">49 : Job ID f60bb562af2b4ca7a230aa028a7140ed</span></button></div></a><div aria-labelledby="job_list___sub_heading_49_1" data-parent="#job_list___sub_accordion_49" class="collapse job_list___sub_multi_collapse" id="job_list___sub_collapse_49_1"><div class="card-body"><div class="work-item"><div class="alert alert-danger test-outcome" role="alert"><p>SURVIVED</p><p>worker outcome: normal</p><p>test outcome: survived</p></div></div><pre class="location"><a href="pycharm://open?file=fizz_buzz.py&amp;line=9" class="text-secondary"><button class="btn btn-outline-dark">fizz_buzz.py, start pos: (9, 29), end pos: (9, 31)</button></a></pre><pre>operator: core/ReplaceComparisonOperator_Eq_LtE, occurrence: 0</pre><div class="alert alert-secondary"><pre class="diff">--- mutation diff ---
--- afizz_buzz.py
+++ bfizz_buzz.py
@@ -6,4 +6,4 @@
     divisible by both, add "FizzBuzz"
 
     """
-    return [("Fizz" if x % 3 == 0 else "") + ("Buzz" if x % 5 == 0 else "") or str(x) for x in range(1,n+1)]
+    return [("Fizz" if x % 3 &lt;= 0 else "") + ("Buzz" if x % 5 == 0 else "") or str(x) for x in range(1,n+1)]</pre></div><div class="alert alert-secondary"><pre class="diff">============================= test session starts ==============================
platform linux -- Python 3.10.12, pytest-8.3.3, pluggy-1.5.0
rootdir: /home/teste/python_experiments2/fizz-buzz
collected 1 item

ts-3-5/test_3-5_0-8_264.py .                                             [100%]

============================== 1 passed in 0.07s ===============================
</pre></div></div></div></div></div><div class="mb-1" id="job_list___sub_accordion_50"><div class="card"><a data-toggle="collapse" data-target="#job_list___sub_collapse_50_1" aria-expanded="false" aria-controls="job_list___sub_collapse_50_1" href="#" class="job_list___sub_multi_heading"><div role="alert" class="card-header alert-danger" id="job_list___sub_heading_50_1"><button class="btn btn-outline-danger"><span class="job_id">50 : Job ID 890258a22f194300a5fc83e9260f6edd</span></button></div></a><div aria-labelledby="job_list___sub_heading_50_1" data-parent="#job_list___sub_accordion_50" class="collapse job_list___sub_multi_collapse" id="job_list___sub_collapse_50_1"><div class="card-body"><div class="work-item"><div class="alert alert-danger test-outcome" role="alert"><p>SURVIVED</p><p>worker outcome: normal</p><p>test outcome: survived</p></div></div><pre class="location"><a href="pycharm://open?file=fizz_buzz.py&amp;line=9" class="text-secondary"><button class="btn btn-outline-dark">fizz_buzz.py, start pos: (9, 62), end pos: (9, 64)</button></a></pre><pre>operator: core/ReplaceComparisonOperator_Eq_LtE, occurrence: 1</pre><div class="alert alert-secondary"><pre class="diff">--- mutation diff ---
--- afizz_buzz.py
+++ bfizz_buzz.py
@@ -6,4 +6,4 @@
     divisible by both, add "FizzBuzz"
 
     """
-    return [("Fizz" if x % 3 == 0 else "") + ("Buzz" if x % 5 == 0 else "") or str(x) for x in range(1,n+1)]
+    return [("Fizz" if x % 3 == 0 else "") + ("Buzz" if x % 5 &lt;= 0 else "") or str(x) for x in range(1,n+1)]</pre></div><div class="alert alert-secondary"><pre class="diff">============================= test session starts ==============================
platform linux -- Python 3.10.12, pytest-8.3.3, pluggy-1.5.0
rootdir: /home/teste/python_experiments2/fizz-buzz
collected 1 item

ts-3-5/test_3-5_0-8_264.py .                                             [100%]

============================== 1 passed in 0.07s ===============================
</pre></div></div></div></div></div><div class="mb-1" id="job_list___sub_accordion_51"><div class="card"><a data-toggle="collapse" data-target="#job_list___sub_collapse_51_1" aria-expanded="false" aria-controls="job_list___sub_collapse_51_1" href="#" class="job_list___sub_multi_heading"><div role="alert" class="card-header alert-success" id="job_list___sub_heading_51_1"><button class="btn btn-outline-success"><span class="job_id">51 : Job ID 666ea21ecdff46d0af332b900a1e47fd</span></button></div></a><div aria-labelledby="job_list___sub_heading_51_1" data-parent="#job_list___sub_accordion_51" class="collapse job_list___sub_multi_collapse" id="job_list___sub_collapse_51_1"><div class="card-body"><div class="work-item"><div class="alert alert-success test-outcome" role="alert"><p>worker outcome: normal</p><p>test outcome: killed</p></div></div><pre class="location"><a href="pycharm://open?file=fizz_buzz.py&amp;line=9" class="text-secondary"><button class="btn btn-outline-dark">fizz_buzz.py, start pos: (9, 29), end pos: (9, 31)</button></a></pre><pre>operator: core/ReplaceComparisonOperator_Eq_Gt, occurrence: 0</pre><div class="alert alert-secondary"><pre class="diff">--- mutation diff ---
--- afizz_buzz.py
+++ bfizz_buzz.py
@@ -6,4 +6,4 @@
     divisible by both, add "FizzBuzz"
 
     """
-    return [("Fizz" if x % 3 == 0 else "") + ("Buzz" if x % 5 == 0 else "") or str(x) for x in range(1,n+1)]
+    return [("Fizz" if x % 3 &gt; 0 else "") + ("Buzz" if x % 5 == 0 else "") or str(x) for x in range(1,n+1)]</pre></div><div class="alert alert-secondary"><pre class="diff">============================= test session starts ==============================
platform linux -- Python 3.10.12, pytest-8.3.3, pluggy-1.5.0
rootdir: /home/teste/python_experiments2/fizz-buzz
collected 1 item

ts-3-5/test_3-5_0-8_264.py F                                             [100%]

=========================== short test summary info ============================
FAILED ts-3-5/test_3-5_0-8_264.py::test_fizz_buzz - AssertionError: assert ['...
============================== 1 failed in 0.07s ===============================
</pre></div></div></div></div></div><div class="mb-1" id="job_list___sub_accordion_52"><div class="card"><a data-toggle="collapse" data-target="#job_list___sub_collapse_52_1" aria-expanded="false" aria-controls="job_list___sub_collapse_52_1" href="#" class="job_list___sub_multi_heading"><div role="alert" class="card-header alert-success" id="job_list___sub_heading_52_1"><button class="btn btn-outline-success"><span class="job_id">52 : Job ID 33e4c6481a5c4cdf83455265fc956149</span></button></div></a><div aria-labelledby="job_list___sub_heading_52_1" data-parent="#job_list___sub_accordion_52" class="collapse job_list___sub_multi_collapse" id="job_list___sub_collapse_52_1"><div class="card-body"><div class="work-item"><div class="alert alert-success test-outcome" role="alert"><p>worker outcome: normal</p><p>test outcome: killed</p></div></div><pre class="location"><a href="pycharm://open?file=fizz_buzz.py&amp;line=9" class="text-secondary"><button class="btn btn-outline-dark">fizz_buzz.py, start pos: (9, 62), end pos: (9, 64)</button></a></pre><pre>operator: core/ReplaceComparisonOperator_Eq_Gt, occurrence: 1</pre><div class="alert alert-secondary"><pre class="diff">--- mutation diff ---
--- afizz_buzz.py
+++ bfizz_buzz.py
@@ -6,4 +6,4 @@
     divisible by both, add "FizzBuzz"
 
     """
-    return [("Fizz" if x % 3 == 0 else "") + ("Buzz" if x % 5 == 0 else "") or str(x) for x in range(1,n+1)]
+    return [("Fizz" if x % 3 == 0 else "") + ("Buzz" if x % 5 &gt; 0 else "") or str(x) for x in range(1,n+1)]</pre></div><div class="alert alert-secondary"><pre class="diff">============================= test session starts ==============================
platform linux -- Python 3.10.12, pytest-8.3.3, pluggy-1.5.0
rootdir: /home/teste/python_experiments2/fizz-buzz
collected 1 item

ts-3-5/test_3-5_0-8_264.py F                                             [100%]

=========================== short test summary info ============================
FAILED ts-3-5/test_3-5_0-8_264.py::test_fizz_buzz - AssertionError: assert ['...
============================== 1 failed in 0.07s ===============================
</pre></div></div></div></div></div><div class="mb-1" id="job_list___sub_accordion_53"><div class="card"><a data-toggle="collapse" data-target="#job_list___sub_collapse_53_1" aria-expanded="false" aria-controls="job_list___sub_collapse_53_1" href="#" class="job_list___sub_multi_heading"><div role="alert" class="card-header alert-success" id="job_list___sub_heading_53_1"><button class="btn btn-outline-success"><span class="job_id">53 : Job ID 74d5cdafeb3a449dad1496b45cdaf744</span></button></div></a><div aria-labelledby="job_list___sub_heading_53_1" data-parent="#job_list___sub_accordion_53" class="collapse job_list___sub_multi_collapse" id="job_list___sub_collapse_53_1"><div class="card-body"><div class="work-item"><div class="alert alert-success test-outcome" role="alert"><p>worker outcome: normal</p><p>test outcome: killed</p></div></div><pre class="location"><a href="pycharm://open?file=fizz_buzz.py&amp;line=9" class="text-secondary"><button class="btn btn-outline-dark">fizz_buzz.py, start pos: (9, 29), end pos: (9, 31)</button></a></pre><pre>operator: core/ReplaceComparisonOperator_Eq_GtE, occurrence: 0</pre><div class="alert alert-secondary"><pre class="diff">--- mutation diff ---
--- afizz_buzz.py
+++ bfizz_buzz.py
@@ -6,4 +6,4 @@
     divisible by both, add "FizzBuzz"
 
     """
-    return [("Fizz" if x % 3 == 0 else "") + ("Buzz" if x % 5 == 0 else "") or str(x) for x in range(1,n+1)]
+    return [("Fizz" if x % 3 &gt;= 0 else "") + ("Buzz" if x % 5 == 0 else "") or str(x) for x in range(1,n+1)]</pre></div><div class="alert alert-secondary"><pre class="diff">============================= test session starts ==============================
platform linux -- Python 3.10.12, pytest-8.3.3, pluggy-1.5.0
rootdir: /home/teste/python_experiments2/fizz-buzz
collected 1 item

ts-3-5/test_3-5_0-8_264.py F                                             [100%]

=========================== short test summary info ============================
FAILED ts-3-5/test_3-5_0-8_264.py::test_fizz_buzz - AssertionError: assert ['...
============================== 1 failed in 0.07s ===============================
</pre></div></div></div></div></div><div class="mb-1" id="job_list___sub_accordion_54"><div class="card"><a data-toggle="collapse" data-target="#job_list___sub_collapse_54_1" aria-expanded="false" aria-controls="job_list___sub_collapse_54_1" href="#" class="job_list___sub_multi_heading"><div role="alert" class="card-header alert-success" id="job_list___sub_heading_54_1"><button class="btn btn-outline-success"><span class="job_id">54 : Job ID feed8613c4c149738ca39e8a62d0c3f8</span></button></div></a><div aria-labelledby="job_list___sub_heading_54_1" data-parent="#job_list___sub_accordion_54" class="collapse job_list___sub_multi_collapse" id="job_list___sub_collapse_54_1"><div class="card-body"><div class="work-item"><div class="alert alert-success test-outcome" role="alert"><p>worker outcome: normal</p><p>test outcome: killed</p></div></div><pre class="location"><a href="pycharm://open?file=fizz_buzz.py&amp;line=9" class="text-secondary"><button class="btn btn-outline-dark">fizz_buzz.py, start pos: (9, 62), end pos: (9, 64)</button></a></pre><pre>operator: core/ReplaceComparisonOperator_Eq_GtE, occurrence: 1</pre><div class="alert alert-secondary"><pre class="diff">--- mutation diff ---
--- afizz_buzz.py
+++ bfizz_buzz.py
@@ -6,4 +6,4 @@
     divisible by both, add "FizzBuzz"
 
     """
-    return [("Fizz" if x % 3 == 0 else "") + ("Buzz" if x % 5 == 0 else "") or str(x) for x in range(1,n+1)]
+    return [("Fizz" if x % 3 == 0 else "") + ("Buzz" if x % 5 &gt;= 0 else "") or str(x) for x in range(1,n+1)]</pre></div><div class="alert alert-secondary"><pre class="diff">============================= test session starts ==============================
platform linux -- Python 3.10.12, pytest-8.3.3, pluggy-1.5.0
rootdir: /home/teste/python_experiments2/fizz-buzz
collected 1 item

ts-3-5/test_3-5_0-8_264.py F                                             [100%]

=========================== short test summary info ============================
FAILED ts-3-5/test_3-5_0-8_264.py::test_fizz_buzz - AssertionError: assert ['...
============================== 1 failed in 0.07s ===============================
</pre></div></div></div></div></div><div class="mb-1" id="job_list___sub_accordion_55"><div class="card"><a data-toggle="collapse" data-target="#job_list___sub_collapse_55_1" aria-expanded="false" aria-controls="job_list___sub_collapse_55_1" href="#" class="job_list___sub_multi_heading"><div role="alert" class="card-header alert-success" id="job_list___sub_heading_55_1"><button class="btn btn-outline-success"><span class="job_id">55 : Job ID 80fed188f87e48a581eb2acc145dccae</span></button></div></a><div aria-labelledby="job_list___sub_heading_55_1" data-parent="#job_list___sub_accordion_55" class="collapse job_list___sub_multi_collapse" id="job_list___sub_collapse_55_1"><div class="card-body"><div class="work-item"><div class="alert alert-success test-outcome" role="alert"><p>worker outcome: normal</p><p>test outcome: killed</p></div></div><pre class="location"><a href="pycharm://open?file=fizz_buzz.py&amp;line=9" class="text-secondary"><button class="btn btn-outline-dark">fizz_buzz.py, start pos: (9, 23), end pos: (9, 33)</button></a></pre><pre>operator: core/AddNot, occurrence: 0</pre><div class="alert alert-secondary"><pre class="diff">--- mutation diff ---
--- afizz_buzz.py
+++ bfizz_buzz.py
@@ -6,4 +6,4 @@
     divisible by both, add "FizzBuzz"
 
     """
-    return [("Fizz" if x % 3 == 0 else "") + ("Buzz" if x % 5 == 0 else "") or str(x) for x in range(1,n+1)]
+    return [("Fizz" if not x % 3 == 0 else "") + ("Buzz" if x % 5 == 0 else "") or str(x) for x in range(1,n+1)]</pre></div><div class="alert alert-secondary"><pre class="diff">============================= test session starts ==============================
platform linux -- Python 3.10.12, pytest-8.3.3, pluggy-1.5.0
rootdir: /home/teste/python_experiments2/fizz-buzz
collected 1 item

ts-3-5/test_3-5_0-8_264.py F                                             [100%]

=========================== short test summary info ============================
FAILED ts-3-5/test_3-5_0-8_264.py::test_fizz_buzz - AssertionError: assert ['...
============================== 1 failed in 0.07s ===============================
</pre></div></div></div></div></div><div class="mb-1" id="job_list___sub_accordion_56"><div class="card"><a data-toggle="collapse" data-target="#job_list___sub_collapse_56_1" aria-expanded="false" aria-controls="job_list___sub_collapse_56_1" href="#" class="job_list___sub_multi_heading"><div role="alert" class="card-header alert-success" id="job_list___sub_heading_56_1"><button class="btn btn-outline-success"><span class="job_id">56 : Job ID d476c5fec1ad493e9d0c8bfb67d4ec1d</span></button></div></a><div aria-labelledby="job_list___sub_heading_56_1" data-parent="#job_list___sub_accordion_56" class="collapse job_list___sub_multi_collapse" id="job_list___sub_collapse_56_1"><div class="card-body"><div class="work-item"><div class="alert alert-success test-outcome" role="alert"><p>worker outcome: normal</p><p>test outcome: killed</p></div></div><pre class="location"><a href="pycharm://open?file=fizz_buzz.py&amp;line=9" class="text-secondary"><button class="btn btn-outline-dark">fizz_buzz.py, start pos: (9, 56), end pos: (9, 66)</button></a></pre><pre>operator: core/AddNot, occurrence: 1</pre><div class="alert alert-secondary"><pre class="diff">--- mutation diff ---
--- afizz_buzz.py
+++ bfizz_buzz.py
@@ -6,4 +6,4 @@
     divisible by both, add "FizzBuzz"
 
     """
-    return [("Fizz" if x % 3 == 0 else "") + ("Buzz" if x % 5 == 0 else "") or str(x) for x in range(1,n+1)]
+    return [("Fizz" if x % 3 == 0 else "") + ("Buzz" if not x % 5 == 0 else "") or str(x) for x in range(1,n+1)]</pre></div><div class="alert alert-secondary"><pre class="diff">============================= test session starts ==============================
platform linux -- Python 3.10.12, pytest-8.3.3, pluggy-1.5.0
rootdir: /home/teste/python_experiments2/fizz-buzz
collected 1 item

ts-3-5/test_3-5_0-8_264.py F                                             [100%]

=========================== short test summary info ============================
FAILED ts-3-5/test_3-5_0-8_264.py::test_fizz_buzz - AssertionError: assert ['...
============================== 1 failed in 0.07s ===============================
</pre></div></div></div></div></div><div class="mb-1" id="job_list___sub_accordion_57"><div class="card"><a data-toggle="collapse" data-target="#job_list___sub_collapse_57_1" aria-expanded="false" aria-controls="job_list___sub_collapse_57_1" href="#" class="job_list___sub_multi_heading"><div role="alert" class="card-header alert-success" id="job_list___sub_heading_57_1"><button class="btn btn-outline-success"><span class="job_id">57 : Job ID fd45c0dfcf0f49f6bd46439972eba833</span></button></div></a><div aria-labelledby="job_list___sub_heading_57_1" data-parent="#job_list___sub_accordion_57" class="collapse job_list___sub_multi_collapse" id="job_list___sub_collapse_57_1"><div class="card-body"><div class="work-item"><div class="alert alert-success test-outcome" role="alert"><p>worker outcome: normal</p><p>test outcome: killed</p></div></div><pre class="location"><a href="pycharm://open?file=fizz_buzz.py&amp;line=9" class="text-secondary"><button class="btn btn-outline-dark">fizz_buzz.py, start pos: (9, 76), end pos: (9, 78)</button></a></pre><pre>operator: core/ReplaceOrWithAnd, occurrence: 0</pre><div class="alert alert-secondary"><pre class="diff">--- mutation diff ---
--- afizz_buzz.py
+++ bfizz_buzz.py
@@ -6,4 +6,4 @@
     divisible by both, add "FizzBuzz"
 
     """
-    return [("Fizz" if x % 3 == 0 else "") + ("Buzz" if x % 5 == 0 else "") or str(x) for x in range(1,n+1)]
+    return [("Fizz" if x % 3 == 0 else "") + ("Buzz" if x % 5 == 0 else "") and str(x) for x in range(1,n+1)]</pre></div><div class="alert alert-secondary"><pre class="diff">============================= test session starts ==============================
platform linux -- Python 3.10.12, pytest-8.3.3, pluggy-1.5.0
rootdir: /home/teste/python_experiments2/fizz-buzz
collected 1 item

ts-3-5/test_3-5_0-8_264.py F                                             [100%]

=========================== short test summary info ============================
FAILED ts-3-5/test_3-5_0-8_264.py::test_fizz_buzz - AssertionError: assert ['...
============================== 1 failed in 0.07s ===============================
</pre></div></div></div></div></div><div class="mb-1" id="job_list___sub_accordion_58"><div class="card"><a data-toggle="collapse" data-target="#job_list___sub_collapse_58_1" aria-expanded="false" aria-controls="job_list___sub_collapse_58_1" href="#" class="job_list___sub_multi_heading"><div role="alert" class="card-header alert-success" id="job_list___sub_heading_58_1"><button class="btn btn-outline-success"><span class="job_id">58 : Job ID 856d0d3ace974af5808c970a5e7bbb82</span></button></div></a><div aria-labelledby="job_list___sub_heading_58_1" data-parent="#job_list___sub_accordion_58" class="collapse job_list___sub_multi_collapse" id="job_list___sub_collapse_58_1"><div class="card-body"><div class="work-item"><div class="alert alert-success test-outcome" role="alert"><p>worker outcome: normal</p><p>test outcome: killed</p></div></div><pre class="location"><a href="pycharm://open?file=fizz_buzz.py&amp;line=9" class="text-secondary"><button class="btn btn-outline-dark">fizz_buzz.py, start pos: (9, 27), end pos: (9, 28)</button></a></pre><pre>operator: core/NumberReplacer, occurrence: 0</pre><div class="alert alert-secondary"><pre class="diff">--- mutation diff ---
--- afizz_buzz.py
+++ bfizz_buzz.py
@@ -6,4 +6,4 @@
     divisible by both, add "FizzBuzz"
 
     """
-    return [("Fizz" if x % 3 == 0 else "") + ("Buzz" if x % 5 == 0 else "") or str(x) for x in range(1,n+1)]
+    return [("Fizz" if x % 4 == 0 else "") + ("Buzz" if x % 5 == 0 else "") or str(x) for x in range(1,n+1)]</pre></div><div class="alert alert-secondary"><pre class="diff">============================= test session starts ==============================
platform linux -- Python 3.10.12, pytest-8.3.3, pluggy-1.5.0
rootdir: /home/teste/python_experiments2/fizz-buzz
collected 1 item

ts-3-5/test_3-5_0-8_264.py F                                             [100%]

=========================== short test summary info ============================
FAILED ts-3-5/test_3-5_0-8_264.py::test_fizz_buzz - AssertionError: assert ['...
============================== 1 failed in 0.07s ===============================
</pre></div></div></div></div></div><div class="mb-1" id="job_list___sub_accordion_59"><div class="card"><a data-toggle="collapse" data-target="#job_list___sub_collapse_59_1" aria-expanded="false" aria-controls="job_list___sub_collapse_59_1" href="#" class="job_list___sub_multi_heading"><div role="alert" class="card-header alert-success" id="job_list___sub_heading_59_1"><button class="btn btn-outline-success"><span class="job_id">59 : Job ID bff42a6cae3243999ea261a445a3769b</span></button></div></a><div aria-labelledby="job_list___sub_heading_59_1" data-parent="#job_list___sub_accordion_59" class="collapse job_list___sub_multi_collapse" id="job_list___sub_collapse_59_1"><div class="card-body"><div class="work-item"><div class="alert alert-success test-outcome" role="alert"><p>worker outcome: normal</p><p>test outcome: killed</p></div></div><pre class="location"><a href="pycharm://open?file=fizz_buzz.py&amp;line=9" class="text-secondary"><button class="btn btn-outline-dark">fizz_buzz.py, start pos: (9, 27), end pos: (9, 28)</button></a></pre><pre>operator: core/NumberReplacer, occurrence: 1</pre><div class="alert alert-secondary"><pre class="diff">--- mutation diff ---
--- afizz_buzz.py
+++ bfizz_buzz.py
@@ -6,4 +6,4 @@
     divisible by both, add "FizzBuzz"
 
     """
-    return [("Fizz" if x % 3 == 0 else "") + ("Buzz" if x % 5 == 0 else "") or str(x) for x in range(1,n+1)]
+    return [("Fizz" if x % 2 == 0 else "") + ("Buzz" if x % 5 == 0 else "") or str(x) for x in range(1,n+1)]</pre></div><div class="alert alert-secondary"><pre class="diff">============================= test session starts ==============================
platform linux -- Python 3.10.12, pytest-8.3.3, pluggy-1.5.0
rootdir: /home/teste/python_experiments2/fizz-buzz
collected 1 item

ts-3-5/test_3-5_0-8_264.py F                                             [100%]

=========================== short test summary info ============================
FAILED ts-3-5/test_3-5_0-8_264.py::test_fizz_buzz - AssertionError: assert ['...
============================== 1 failed in 0.07s ===============================
</pre></div></div></div></div></div><div class="mb-1" id="job_list___sub_accordion_60"><div class="card"><a data-toggle="collapse" data-target="#job_list___sub_collapse_60_1" aria-expanded="false" aria-controls="job_list___sub_collapse_60_1" href="#" class="job_list___sub_multi_heading"><div role="alert" class="card-header alert-success" id="job_list___sub_heading_60_1"><button class="btn btn-outline-success"><span class="job_id">60 : Job ID 3ce34fca2ded4ab08a193dcb726179f3</span></button></div></a><div aria-labelledby="job_list___sub_heading_60_1" data-parent="#job_list___sub_accordion_60" class="collapse job_list___sub_multi_collapse" id="job_list___sub_collapse_60_1"><div class="card-body"><div class="work-item"><div class="alert alert-success test-outcome" role="alert"><p>worker outcome: normal</p><p>test outcome: killed</p></div></div><pre class="location"><a href="pycharm://open?file=fizz_buzz.py&amp;line=9" class="text-secondary"><button class="btn btn-outline-dark">fizz_buzz.py, start pos: (9, 32), end pos: (9, 33)</button></a></pre><pre>operator: core/NumberReplacer, occurrence: 2</pre><div class="alert alert-secondary"><pre class="diff">--- mutation diff ---
--- afizz_buzz.py
+++ bfizz_buzz.py
@@ -6,4 +6,4 @@
     divisible by both, add "FizzBuzz"
 
     """
-    return [("Fizz" if x % 3 == 0 else "") + ("Buzz" if x % 5 == 0 else "") or str(x) for x in range(1,n+1)]
+    return [("Fizz" if x % 3 == 1 else "") + ("Buzz" if x % 5 == 0 else "") or str(x) for x in range(1,n+1)]</pre></div><div class="alert alert-secondary"><pre class="diff">============================= test session starts ==============================
platform linux -- Python 3.10.12, pytest-8.3.3, pluggy-1.5.0
rootdir: /home/teste/python_experiments2/fizz-buzz
collected 1 item

ts-3-5/test_3-5_0-8_264.py F                                             [100%]

=========================== short test summary info ============================
FAILED ts-3-5/test_3-5_0-8_264.py::test_fizz_buzz - AssertionError: assert ['...
============================== 1 failed in 0.07s ===============================
</pre></div></div></div></div></div><div class="mb-1" id="job_list___sub_accordion_61"><div class="card"><a data-toggle="collapse" data-target="#job_list___sub_collapse_61_1" aria-expanded="false" aria-controls="job_list___sub_collapse_61_1" href="#" class="job_list___sub_multi_heading"><div role="alert" class="card-header alert-success" id="job_list___sub_heading_61_1"><button class="btn btn-outline-success"><span class="job_id">61 : Job ID 4a8805e71bba40caaa4e3ad32b154783</span></button></div></a><div aria-labelledby="job_list___sub_heading_61_1" data-parent="#job_list___sub_accordion_61" class="collapse job_list___sub_multi_collapse" id="job_list___sub_collapse_61_1"><div class="card-body"><div class="work-item"><div class="alert alert-success test-outcome" role="alert"><p>worker outcome: normal</p><p>test outcome: killed</p></div></div><pre class="location"><a href="pycharm://open?file=fizz_buzz.py&amp;line=9" class="text-secondary"><button class="btn btn-outline-dark">fizz_buzz.py, start pos: (9, 32), end pos: (9, 33)</button></a></pre><pre>operator: core/NumberReplacer, occurrence: 3</pre><div class="alert alert-secondary"><pre class="diff">--- mutation diff ---
--- afizz_buzz.py
+++ bfizz_buzz.py
@@ -6,4 +6,4 @@
     divisible by both, add "FizzBuzz"
 
     """
-    return [("Fizz" if x % 3 == 0 else "") + ("Buzz" if x % 5 == 0 else "") or str(x) for x in range(1,n+1)]
+    return [("Fizz" if x % 3 == -1 else "") + ("Buzz" if x % 5 == 0 else "") or str(x) for x in range(1,n+1)]</pre></div><div class="alert alert-secondary"><pre class="diff">============================= test session starts ==============================
platform linux -- Python 3.10.12, pytest-8.3.3, pluggy-1.5.0
rootdir: /home/teste/python_experiments2/fizz-buzz
collected 1 item

ts-3-5/test_3-5_0-8_264.py F                                             [100%]

=========================== short test summary info ============================
FAILED ts-3-5/test_3-5_0-8_264.py::test_fizz_buzz - AssertionError: assert ['...
============================== 1 failed in 0.07s ===============================
</pre></div></div></div></div></div><div class="mb-1" id="job_list___sub_accordion_62"><div class="card"><a data-toggle="collapse" data-target="#job_list___sub_collapse_62_1" aria-expanded="false" aria-controls="job_list___sub_collapse_62_1" href="#" class="job_list___sub_multi_heading"><div role="alert" class="card-header alert-success" id="job_list___sub_heading_62_1"><button class="btn btn-outline-success"><span class="job_id">62 : Job ID 366d154b0aa64a6eb4d9bf2901163343</span></button></div></a><div aria-labelledby="job_list___sub_heading_62_1" data-parent="#job_list___sub_accordion_62" class="collapse job_list___sub_multi_collapse" id="job_list___sub_collapse_62_1"><div class="card-body"><div class="work-item"><div class="alert alert-success test-outcome" role="alert"><p>worker outcome: normal</p><p>test outcome: killed</p></div></div><pre class="location"><a href="pycharm://open?file=fizz_buzz.py&amp;line=9" class="text-secondary"><button class="btn btn-outline-dark">fizz_buzz.py, start pos: (9, 60), end pos: (9, 61)</button></a></pre><pre>operator: core/NumberReplacer, occurrence: 4</pre><div class="alert alert-secondary"><pre class="diff">--- mutation diff ---
--- afizz_buzz.py
+++ bfizz_buzz.py
@@ -6,4 +6,4 @@
     divisible by both, add "FizzBuzz"
 
     """
-    return [("Fizz" if x % 3 == 0 else "") + ("Buzz" if x % 5 == 0 else "") or str(x) for x in range(1,n+1)]
+    return [("Fizz" if x % 3 == 0 else "") + ("Buzz" if x % 6 == 0 else "") or str(x) for x in range(1,n+1)]</pre></div><div class="alert alert-secondary"><pre class="diff">============================= test session starts ==============================
platform linux -- Python 3.10.12, pytest-8.3.3, pluggy-1.5.0
rootdir: /home/teste/python_experiments2/fizz-buzz
collected 1 item

ts-3-5/test_3-5_0-8_264.py F                                             [100%]

=========================== short test summary info ============================
FAILED ts-3-5/test_3-5_0-8_264.py::test_fizz_buzz - AssertionError: assert ['...
============================== 1 failed in 0.07s ===============================
</pre></div></div></div></div></div><div class="mb-1" id="job_list___sub_accordion_63"><div class="card"><a data-toggle="collapse" data-target="#job_list___sub_collapse_63_1" aria-expanded="false" aria-controls="job_list___sub_collapse_63_1" href="#" class="job_list___sub_multi_heading"><div role="alert" class="card-header alert-success" id="job_list___sub_heading_63_1"><button class="btn btn-outline-success"><span class="job_id">63 : Job ID e12a61d1a6674c3bb140ce87108204a6</span></button></div></a><div aria-labelledby="job_list___sub_heading_63_1" data-parent="#job_list___sub_accordion_63" class="collapse job_list___sub_multi_collapse" id="job_list___sub_collapse_63_1"><div class="card-body"><div class="work-item"><div class="alert alert-success test-outcome" role="alert"><p>worker outcome: normal</p><p>test outcome: killed</p></div></div><pre class="location"><a href="pycharm://open?file=fizz_buzz.py&amp;line=9" class="text-secondary"><button class="btn btn-outline-dark">fizz_buzz.py, start pos: (9, 60), end pos: (9, 61)</button></a></pre><pre>operator: core/NumberReplacer, occurrence: 5</pre><div class="alert alert-secondary"><pre class="diff">--- mutation diff ---
--- afizz_buzz.py
+++ bfizz_buzz.py
@@ -6,4 +6,4 @@
     divisible by both, add "FizzBuzz"
 
     """
-    return [("Fizz" if x % 3 == 0 else "") + ("Buzz" if x % 5 == 0 else "") or str(x) for x in range(1,n+1)]
+    return [("Fizz" if x % 3 == 0 else "") + ("Buzz" if x % 4 == 0 else "") or str(x) for x in range(1,n+1)]</pre></div><div class="alert alert-secondary"><pre class="diff">============================= test session starts ==============================
platform linux -- Python 3.10.12, pytest-8.3.3, pluggy-1.5.0
rootdir: /home/teste/python_experiments2/fizz-buzz
collected 1 item

ts-3-5/test_3-5_0-8_264.py F                                             [100%]

=========================== short test summary info ============================
FAILED ts-3-5/test_3-5_0-8_264.py::test_fizz_buzz - AssertionError: assert ['...
============================== 1 failed in 0.07s ===============================
</pre></div></div></div></div></div><div class="mb-1" id="job_list___sub_accordion_64"><div class="card"><a data-toggle="collapse" data-target="#job_list___sub_collapse_64_1" aria-expanded="false" aria-controls="job_list___sub_collapse_64_1" href="#" class="job_list___sub_multi_heading"><div role="alert" class="card-header alert-success" id="job_list___sub_heading_64_1"><button class="btn btn-outline-success"><span class="job_id">64 : Job ID 2fb02da4da9f4e64bf0fad741a8974a3</span></button></div></a><div aria-labelledby="job_list___sub_heading_64_1" data-parent="#job_list___sub_accordion_64" class="collapse job_list___sub_multi_collapse" id="job_list___sub_collapse_64_1"><div class="card-body"><div class="work-item"><div class="alert alert-success test-outcome" role="alert"><p>worker outcome: normal</p><p>test outcome: killed</p></div></div><pre class="location"><a href="pycharm://open?file=fizz_buzz.py&amp;line=9" class="text-secondary"><button class="btn btn-outline-dark">fizz_buzz.py, start pos: (9, 65), end pos: (9, 66)</button></a></pre><pre>operator: core/NumberReplacer, occurrence: 6</pre><div class="alert alert-secondary"><pre class="diff">--- mutation diff ---
--- afizz_buzz.py
+++ bfizz_buzz.py
@@ -6,4 +6,4 @@
     divisible by both, add "FizzBuzz"
 
     """
-    return [("Fizz" if x % 3 == 0 else "") + ("Buzz" if x % 5 == 0 else "") or str(x) for x in range(1,n+1)]
+    return [("Fizz" if x % 3 == 0 else "") + ("Buzz" if x % 5 == 1 else "") or str(x) for x in range(1,n+1)]</pre></div><div class="alert alert-secondary"><pre class="diff">============================= test session starts ==============================
platform linux -- Python 3.10.12, pytest-8.3.3, pluggy-1.5.0
rootdir: /home/teste/python_experiments2/fizz-buzz
collected 1 item

ts-3-5/test_3-5_0-8_264.py F                                             [100%]

=========================== short test summary info ============================
FAILED ts-3-5/test_3-5_0-8_264.py::test_fizz_buzz - AssertionError: assert ['...
============================== 1 failed in 0.07s ===============================
</pre></div></div></div></div></div><div class="mb-1" id="job_list___sub_accordion_65"><div class="card"><a data-toggle="collapse" data-target="#job_list___sub_collapse_65_1" aria-expanded="false" aria-controls="job_list___sub_collapse_65_1" href="#" class="job_list___sub_multi_heading"><div role="alert" class="card-header alert-success" id="job_list___sub_heading_65_1"><button class="btn btn-outline-success"><span class="job_id">65 : Job ID 6c510a4c2677474fb2ab82de0255002e</span></button></div></a><div aria-labelledby="job_list___sub_heading_65_1" data-parent="#job_list___sub_accordion_65" class="collapse job_list___sub_multi_collapse" id="job_list___sub_collapse_65_1"><div class="card-body"><div class="work-item"><div class="alert alert-success test-outcome" role="alert"><p>worker outcome: normal</p><p>test outcome: killed</p></div></div><pre class="location"><a href="pycharm://open?file=fizz_buzz.py&amp;line=9" class="text-secondary"><button class="btn btn-outline-dark">fizz_buzz.py, start pos: (9, 65), end pos: (9, 66)</button></a></pre><pre>operator: core/NumberReplacer, occurrence: 7</pre><div class="alert alert-secondary"><pre class="diff">--- mutation diff ---
--- afizz_buzz.py
+++ bfizz_buzz.py
@@ -6,4 +6,4 @@
     divisible by both, add "FizzBuzz"
 
     """
-    return [("Fizz" if x % 3 == 0 else "") + ("Buzz" if x % 5 == 0 else "") or str(x) for x in range(1,n+1)]
+    return [("Fizz" if x % 3 == 0 else "") + ("Buzz" if x % 5 == -1 else "") or str(x) for x in range(1,n+1)]</pre></div><div class="alert alert-secondary"><pre class="diff">============================= test session starts ==============================
platform linux -- Python 3.10.12, pytest-8.3.3, pluggy-1.5.0
rootdir: /home/teste/python_experiments2/fizz-buzz
collected 1 item

ts-3-5/test_3-5_0-8_264.py F                                             [100%]

=========================== short test summary info ============================
FAILED ts-3-5/test_3-5_0-8_264.py::test_fizz_buzz - AssertionError: assert ['...
============================== 1 failed in 0.07s ===============================
</pre></div></div></div></div></div><div class="mb-1" id="job_list___sub_accordion_66"><div class="card"><a data-toggle="collapse" data-target="#job_list___sub_collapse_66_1" aria-expanded="false" aria-controls="job_list___sub_collapse_66_1" href="#" class="job_list___sub_multi_heading"><div role="alert" class="card-header alert-success" id="job_list___sub_heading_66_1"><button class="btn btn-outline-success"><span class="job_id">66 : Job ID f2b94d09e1374bfb87c10f1a8def3b29</span></button></div></a><div aria-labelledby="job_list___sub_heading_66_1" data-parent="#job_list___sub_accordion_66" class="collapse job_list___sub_multi_collapse" id="job_list___sub_collapse_66_1"><div class="card-body"><div class="work-item"><div class="alert alert-success test-outcome" role="alert"><p>worker outcome: normal</p><p>test outcome: killed</p></div></div><pre class="location"><a href="pycharm://open?file=fizz_buzz.py&amp;line=9" class="text-secondary"><button class="btn btn-outline-dark">fizz_buzz.py, start pos: (9, 101), end pos: (9, 102)</button></a></pre><pre>operator: core/NumberReplacer, occurrence: 8</pre><div class="alert alert-secondary"><pre class="diff">--- mutation diff ---
--- afizz_buzz.py
+++ bfizz_buzz.py
@@ -6,4 +6,4 @@
     divisible by both, add "FizzBuzz"
 
     """
-    return [("Fizz" if x % 3 == 0 else "") + ("Buzz" if x % 5 == 0 else "") or str(x) for x in range(1,n+1)]
+    return [("Fizz" if x % 3 == 0 else "") + ("Buzz" if x % 5 == 0 else "") or str(x) for x in range( 2,n+1)]</pre></div><div class="alert alert-secondary"><pre class="diff">============================= test session starts ==============================
platform linux -- Python 3.10.12, pytest-8.3.3, pluggy-1.5.0
rootdir: /home/teste/python_experiments2/fizz-buzz
collected 1 item

ts-3-5/test_3-5_0-8_264.py F                                             [100%]

=========================== short test summary info ============================
FAILED ts-3-5/test_3-5_0-8_264.py::test_fizz_buzz - AssertionError: assert ['...
============================== 1 failed in 0.07s ===============================
</pre></div></div></div></div></div><div class="mb-1" id="job_list___sub_accordion_67"><div class="card"><a data-toggle="collapse" data-target="#job_list___sub_collapse_67_1" aria-expanded="false" aria-controls="job_list___sub_collapse_67_1" href="#" class="job_list___sub_multi_heading"><div role="alert" class="card-header alert-success" id="job_list___sub_heading_67_1"><button class="btn btn-outline-success"><span class="job_id">67 : Job ID a9be86b915864478baf39f34ddbbbcba</span></button></div></a><div aria-labelledby="job_list___sub_heading_67_1" data-parent="#job_list___sub_accordion_67" class="collapse job_list___sub_multi_collapse" id="job_list___sub_collapse_67_1"><div class="card-body"><div class="work-item"><div class="alert alert-success test-outcome" role="alert"><p>worker outcome: normal</p><p>test outcome: killed</p></div></div><pre class="location"><a href="pycharm://open?file=fizz_buzz.py&amp;line=9" class="text-secondary"><button class="btn btn-outline-dark">fizz_buzz.py, start pos: (9, 101), end pos: (9, 102)</button></a></pre><pre>operator: core/NumberReplacer, occurrence: 9</pre><div class="alert alert-secondary"><pre class="diff">--- mutation diff ---
--- afizz_buzz.py
+++ bfizz_buzz.py
@@ -6,4 +6,4 @@
     divisible by both, add "FizzBuzz"
 
     """
-    return [("Fizz" if x % 3 == 0 else "") + ("Buzz" if x % 5 == 0 else "") or str(x) for x in range(1,n+1)]
+    return [("Fizz" if x % 3 == 0 else "") + ("Buzz" if x % 5 == 0 else "") or str(x) for x in range( 0,n+1)]</pre></div><div class="alert alert-secondary"><pre class="diff">============================= test session starts ==============================
platform linux -- Python 3.10.12, pytest-8.3.3, pluggy-1.5.0
rootdir: /home/teste/python_experiments2/fizz-buzz
collected 1 item

ts-3-5/test_3-5_0-8_264.py F                                             [100%]

=========================== short test summary info ============================
FAILED ts-3-5/test_3-5_0-8_264.py::test_fizz_buzz - AssertionError: assert ['...
============================== 1 failed in 0.07s ===============================
</pre></div></div></div></div></div><div class="mb-1" id="job_list___sub_accordion_68"><div class="card"><a data-toggle="collapse" data-target="#job_list___sub_collapse_68_1" aria-expanded="false" aria-controls="job_list___sub_collapse_68_1" href="#" class="job_list___sub_multi_heading"><div role="alert" class="card-header alert-success" id="job_list___sub_heading_68_1"><button class="btn btn-outline-success"><span class="job_id">68 : Job ID 3ec6ebf60825430cbe02a0681c880be0</span></button></div></a><div aria-labelledby="job_list___sub_heading_68_1" data-parent="#job_list___sub_accordion_68" class="collapse job_list___sub_multi_collapse" id="job_list___sub_collapse_68_1"><div class="card-body"><div class="work-item"><div class="alert alert-success test-outcome" role="alert"><p>worker outcome: normal</p><p>test outcome: killed</p></div></div><pre class="location"><a href="pycharm://open?file=fizz_buzz.py&amp;line=9" class="text-secondary"><button class="btn btn-outline-dark">fizz_buzz.py, start pos: (9, 105), end pos: (9, 106)</button></a></pre><pre>operator: core/NumberReplacer, occurrence: 10</pre><div class="alert alert-secondary"><pre class="diff">--- mutation diff ---
--- afizz_buzz.py
+++ bfizz_buzz.py
@@ -6,4 +6,4 @@
     divisible by both, add "FizzBuzz"
 
     """
-    return [("Fizz" if x % 3 == 0 else "") + ("Buzz" if x % 5 == 0 else "") or str(x) for x in range(1,n+1)]
+    return [("Fizz" if x % 3 == 0 else "") + ("Buzz" if x % 5 == 0 else "") or str(x) for x in range(1,n+ 2)]</pre></div><div class="alert alert-secondary"><pre class="diff">============================= test session starts ==============================
platform linux -- Python 3.10.12, pytest-8.3.3, pluggy-1.5.0
rootdir: /home/teste/python_experiments2/fizz-buzz
collected 1 item

ts-3-5/test_3-5_0-8_264.py F                                             [100%]

=========================== short test summary info ============================
FAILED ts-3-5/test_3-5_0-8_264.py::test_fizz_buzz - AssertionError: assert ['...
============================== 1 failed in 0.07s ===============================
</pre></div></div></div></div></div><div class="mb-1" id="job_list___sub_accordion_69"><div class="card"><a data-toggle="collapse" data-target="#job_list___sub_collapse_69_1" aria-expanded="false" aria-controls="job_list___sub_collapse_69_1" href="#" class="job_list___sub_multi_heading"><div role="alert" class="card-header alert-success" id="job_list___sub_heading_69_1"><button class="btn btn-outline-success"><span class="job_id">69 : Job ID ea02c8f6b97f49c0858b1625554d1496</span></button></div></a><div aria-labelledby="job_list___sub_heading_69_1" data-parent="#job_list___sub_accordion_69" class="collapse job_list___sub_multi_collapse" id="job_list___sub_collapse_69_1"><div class="card-body"><div class="work-item"><div class="alert alert-success test-outcome" role="alert"><p>worker outcome: normal</p><p>test outcome: killed</p></div></div><pre class="location"><a href="pycharm://open?file=fizz_buzz.py&amp;line=9" class="text-secondary"><button class="btn btn-outline-dark">fizz_buzz.py, start pos: (9, 105), end pos: (9, 106)</button></a></pre><pre>operator: core/NumberReplacer, occurrence: 11</pre><div class="alert alert-secondary"><pre class="diff">--- mutation diff ---
--- afizz_buzz.py
+++ bfizz_buzz.py
@@ -6,4 +6,4 @@
     divisible by both, add "FizzBuzz"
 
     """
-    return [("Fizz" if x % 3 == 0 else "") + ("Buzz" if x % 5 == 0 else "") or str(x) for x in range(1,n+1)]
+    return [("Fizz" if x % 3 == 0 else "") + ("Buzz" if x % 5 == 0 else "") or str(x) for x in range(1,n+ 0)]</pre></div><div class="alert alert-secondary"><pre class="diff">============================= test session starts ==============================
platform linux -- Python 3.10.12, pytest-8.3.3, pluggy-1.5.0
rootdir: /home/teste/python_experiments2/fizz-buzz
collected 1 item

ts-3-5/test_3-5_0-8_264.py F                                             [100%]

=========================== short test summary info ============================
FAILED ts-3-5/test_3-5_0-8_264.py::test_fizz_buzz - AssertionError: assert ['...
============================== 1 failed in 0.07s ===============================
</pre></div></div></div></div></div></div></div></div></div></div><script src="https://code.jquery.com/jquery-3.3.1.slim.min.js" integrity="sha384-q8i/X+965DzO0rT7abK41JStQIAqVgRVzpbzo5smXKp4YfRvH+8abtTE1Pi6jizo" crossorigin="anonymous"></script><script src="https://cdnjs.cloudflare.com/ajax/libs/popper.js/1.14.7/umd/popper.min.js" integrity="sha384-UO2eT0CpHqdSJQ6hJty5KVphtPhzWj9WO1clHTMGa3JDZwrnQq4sF86dIHNDz0W1" crossorigin="anonymous"></script><script src="https://stackpath.bootstrapcdn.com/bootstrap/4.3.1/js/bootstrap.min.js" integrity="sha384-JjSmVgyd0p3pXB1rRibZUAYoIIy6OrQ6VrjIEaFf/nJGzIxFDsf4x0xIM+B07jRM" crossorigin="anonymous"></script><script type="text/javascript">$('div.job_list___sub_multi_collapse').on('shown.bs.collapse',  function () {    correct_behavior_functional_buttons();  });$('div.job_list___sub_multi_collapse').on('hidden.bs.collapse',  function () {    correct_behavior_functional_buttons();  });function correct_behavior_functional_buttons() {    var expand = false;    var collapse = false;    $('a.job_list___sub_multi_heading').each(function(index) {      if ($(this).attr('aria-expanded') == 'false') {        expand = true;        return false;      };    });    $('a.job_list___sub_multi_heading').each(function(index) {      if ($(this).attr('aria-expanded') == 'true') {        collapse = true;        return false;      };    });    if (expand) {      $('div#job_item_expand_all').css('display', 'inline-block');    } else {      $('div#job_item_expand_all').css('display', 'none');    };    if (collapse) {      $('div#job_item_collapse_all').css('display', 'inline-block');    } else {      $('div#job_item_collapse_all').css('display', 'none');    };  };correct_behavior_functional_buttons();</script></body></html>
