[*] Start mutation process:
   - targets: rabin_karp_substring_search.py
   - tests: ts-3-5/test_3-5_0-9_271.py
[*] 3 tests passed:
   - test_3-5_0-9_271 [0.19070 s]
[*] Start mutants generation and execution:
   - [#   1] AOD rabin_karp_substring_search: 
--------------------------------------------------------------------------------
  46:             
  47:             
  48:             rolling_hash = (rolling_hash + prime_modulus) % prime_modulus
  49:     
- 50:     return -1
+ 50:     return 1
--------------------------------------------------------------------------------
[0.19497 s] killed by ts-3-5/test_3-5_0-9_271.py::test_rabin_karp_find_substring_not_found

def test_rabin_karp_find_substring_not_found():
>       assert rabin_karp_find_substring("python", "java") == -1
E       AssertionError

ts-3-5/test_3-5_0-9_271.py:22: AssertionError
   - [#   2] AOR rabin_karp_substring_search: 
--------------------------------------------------------------------------------
  22:     '''
  23:     
  24:     substring_hash = 0
  25:     rolling_hash = 0
- 26:     base_n = pow(base, len(substring) - 1) % prime_modulus
+ 26:     base_n = pow(base, len(substring) + 1) % prime_modulus
  27:     
  28:     
  29:     for i in range(len(substring)):
  30:         rolling_hash = ((base * rolling_hash) + ord(string[i])) % prime_modulus
--------------------------------------------------------------------------------
[0.18771 s] killed by ts-3-5/test_3-5_0-9_271.py::test_rabin_karp_find_substring

def test_rabin_karp_find_substring():
>       assert rabin_karp_find_substring("hello", "ll") == 2
E       AssertionError

ts-3-5/test_3-5_0-9_271.py:12: AssertionError
   - [#   3] AOR rabin_karp_substring_search: 
--------------------------------------------------------------------------------
  22:     '''
  23:     
  24:     substring_hash = 0
  25:     rolling_hash = 0
- 26:     base_n = pow(base, len(substring) - 1) % prime_modulus
+ 26:     base_n = pow(base, len(substring) - 1) * prime_modulus
  27:     
  28:     
  29:     for i in range(len(substring)):
  30:         rolling_hash = ((base * rolling_hash) + ord(string[i])) % prime_modulus
--------------------------------------------------------------------------------
[0.19956 s] killed by ts-3-5/test_3-5_0-9_271.py::test_rabin_karp_find_substring

def test_rabin_karp_find_substring():
>       assert rabin_karp_find_substring("hello", "ll") == 2
E       AssertionError

ts-3-5/test_3-5_0-9_271.py:12: AssertionError
   - [#   4] AOR rabin_karp_substring_search: 
--------------------------------------------------------------------------------
  26:     base_n = pow(base, len(substring) - 1) % prime_modulus
  27:     
  28:     
  29:     for i in range(len(substring)):
- 30:         rolling_hash = ((base * rolling_hash) + ord(string[i])) % prime_modulus
+ 30:         rolling_hash = ((base / rolling_hash) + ord(string[i])) % prime_modulus
  31:         substring_hash = ((base * substring_hash) + ord(substring[i])) % prime_modulus
  32:     
  33:     for i in range((len(string) - len(substring)) + 1):
  34:         
--------------------------------------------------------------------------------
[0.19234 s] killed by ts-3-5/test_3-5_0-9_271.py::test_rabin_karp_find_substring

def test_rabin_karp_find_substring():
>       assert rabin_karp_find_substring("hello", "ll") == 2

ts-3-5/test_3-5_0-9_271.py:12: 
_ _ _ _ _ _ _ _ _ _ _ _ _ _ _ _ _ _ _ _ _ _ _ _ _ _ _ _ _ _ _ _ _ _ _ _ _ _ _ _ 

string = 'hello', substring = 'll', base = 256, prime_modulus = 487

>   ???
E   ZeroDivisionError: division by zero

rabin_karp_substring_search:30: ZeroDivisionError
   - [#   5] AOR rabin_karp_substring_search: 
--------------------------------------------------------------------------------
  26:     base_n = pow(base, len(substring) - 1) % prime_modulus
  27:     
  28:     
  29:     for i in range(len(substring)):
- 30:         rolling_hash = ((base * rolling_hash) + ord(string[i])) % prime_modulus
+ 30:         rolling_hash = ((base // rolling_hash) + ord(string[i])) % prime_modulus
  31:         substring_hash = ((base * substring_hash) + ord(substring[i])) % prime_modulus
  32:     
  33:     for i in range((len(string) - len(substring)) + 1):
  34:         
--------------------------------------------------------------------------------
[0.19314 s] killed by ts-3-5/test_3-5_0-9_271.py::test_rabin_karp_find_substring

def test_rabin_karp_find_substring():
>       assert rabin_karp_find_substring("hello", "ll") == 2

ts-3-5/test_3-5_0-9_271.py:12: 
_ _ _ _ _ _ _ _ _ _ _ _ _ _ _ _ _ _ _ _ _ _ _ _ _ _ _ _ _ _ _ _ _ _ _ _ _ _ _ _ 

string = 'hello', substring = 'll', base = 256, prime_modulus = 487

>   ???
E   ZeroDivisionError: integer division or modulo by zero

rabin_karp_substring_search:30: ZeroDivisionError
   - [#   6] AOR rabin_karp_substring_search: 
--------------------------------------------------------------------------------
  26:     base_n = pow(base, len(substring) - 1) % prime_modulus
  27:     
  28:     
  29:     for i in range(len(substring)):
- 30:         rolling_hash = ((base * rolling_hash) + ord(string[i])) % prime_modulus
+ 30:         rolling_hash = ((base ** rolling_hash) + ord(string[i])) % prime_modulus
  31:         substring_hash = ((base * substring_hash) + ord(substring[i])) % prime_modulus
  32:     
  33:     for i in range((len(string) - len(substring)) + 1):
  34:         
--------------------------------------------------------------------------------
[0.18860 s] killed by ts-3-5/test_3-5_0-9_271.py::test_rabin_karp_find_substring

def test_rabin_karp_find_substring():
>       assert rabin_karp_find_substring("hello", "ll") == 2
E       AssertionError

ts-3-5/test_3-5_0-9_271.py:12: AssertionError
   - [#   7] AOR rabin_karp_substring_search: 
--------------------------------------------------------------------------------
  26:     base_n = pow(base, len(substring) - 1) % prime_modulus
  27:     
  28:     
  29:     for i in range(len(substring)):
- 30:         rolling_hash = ((base * rolling_hash) + ord(string[i])) % prime_modulus
+ 30:         rolling_hash = ((base * rolling_hash) - ord(string[i])) % prime_modulus
  31:         substring_hash = ((base * substring_hash) + ord(substring[i])) % prime_modulus
  32:     
  33:     for i in range((len(string) - len(substring)) + 1):
  34:         
--------------------------------------------------------------------------------
[0.19057 s] killed by ts-3-5/test_3-5_0-9_271.py::test_rabin_karp_find_substring

def test_rabin_karp_find_substring():
>       assert rabin_karp_find_substring("hello", "ll") == 2
E       AssertionError

ts-3-5/test_3-5_0-9_271.py:12: AssertionError
   - [#   8] AOR rabin_karp_substring_search: 
--------------------------------------------------------------------------------
  26:     base_n = pow(base, len(substring) - 1) % prime_modulus
  27:     
  28:     
  29:     for i in range(len(substring)):
- 30:         rolling_hash = ((base * rolling_hash) + ord(string[i])) % prime_modulus
+ 30:         rolling_hash = ((base * rolling_hash) + ord(string[i])) * prime_modulus
  31:         substring_hash = ((base * substring_hash) + ord(substring[i])) % prime_modulus
  32:     
  33:     for i in range((len(string) - len(substring)) + 1):
  34:         
--------------------------------------------------------------------------------
[0.19055 s] killed by ts-3-5/test_3-5_0-9_271.py::test_rabin_karp_find_substring

def test_rabin_karp_find_substring():
>       assert rabin_karp_find_substring("hello", "ll") == 2
E       AssertionError

ts-3-5/test_3-5_0-9_271.py:12: AssertionError
   - [#   9] AOR rabin_karp_substring_search: 
--------------------------------------------------------------------------------
  27:     
  28:     
  29:     for i in range(len(substring)):
  30:         rolling_hash = ((base * rolling_hash) + ord(string[i])) % prime_modulus
- 31:         substring_hash = ((base * substring_hash) + ord(substring[i])) % prime_modulus
+ 31:         substring_hash = ((base / substring_hash) + ord(substring[i])) % prime_modulus
  32:     
  33:     for i in range((len(string) - len(substring)) + 1):
  34:         
  35:         if rolling_hash == substring_hash:
--------------------------------------------------------------------------------
[0.19349 s] killed by ts-3-5/test_3-5_0-9_271.py::test_rabin_karp_find_substring

def test_rabin_karp_find_substring():
>       assert rabin_karp_find_substring("hello", "ll") == 2

ts-3-5/test_3-5_0-9_271.py:12: 
_ _ _ _ _ _ _ _ _ _ _ _ _ _ _ _ _ _ _ _ _ _ _ _ _ _ _ _ _ _ _ _ _ _ _ _ _ _ _ _ 

string = 'hello', substring = 'll', base = 256, prime_modulus = 487

>   ???
E   ZeroDivisionError: division by zero

rabin_karp_substring_search:31: ZeroDivisionError
   - [#  10] AOR rabin_karp_substring_search: 
--------------------------------------------------------------------------------
  27:     
  28:     
  29:     for i in range(len(substring)):
  30:         rolling_hash = ((base * rolling_hash) + ord(string[i])) % prime_modulus
- 31:         substring_hash = ((base * substring_hash) + ord(substring[i])) % prime_modulus
+ 31:         substring_hash = ((base // substring_hash) + ord(substring[i])) % prime_modulus
  32:     
  33:     for i in range((len(string) - len(substring)) + 1):
  34:         
  35:         if rolling_hash == substring_hash:
--------------------------------------------------------------------------------
[0.20283 s] killed by ts-3-5/test_3-5_0-9_271.py::test_rabin_karp_find_substring

def test_rabin_karp_find_substring():
>       assert rabin_karp_find_substring("hello", "ll") == 2

ts-3-5/test_3-5_0-9_271.py:12: 
_ _ _ _ _ _ _ _ _ _ _ _ _ _ _ _ _ _ _ _ _ _ _ _ _ _ _ _ _ _ _ _ _ _ _ _ _ _ _ _ 

string = 'hello', substring = 'll', base = 256, prime_modulus = 487

>   ???
E   ZeroDivisionError: integer division or modulo by zero

rabin_karp_substring_search:31: ZeroDivisionError
   - [#  11] AOR rabin_karp_substring_search: 
--------------------------------------------------------------------------------
  27:     
  28:     
  29:     for i in range(len(substring)):
  30:         rolling_hash = ((base * rolling_hash) + ord(string[i])) % prime_modulus
- 31:         substring_hash = ((base * substring_hash) + ord(substring[i])) % prime_modulus
+ 31:         substring_hash = ((base ** substring_hash) + ord(substring[i])) % prime_modulus
  32:     
  33:     for i in range((len(string) - len(substring)) + 1):
  34:         
  35:         if rolling_hash == substring_hash:
--------------------------------------------------------------------------------
[0.18061 s] killed by ts-3-5/test_3-5_0-9_271.py::test_rabin_karp_find_substring

def test_rabin_karp_find_substring():
>       assert rabin_karp_find_substring("hello", "ll") == 2
E       AssertionError

ts-3-5/test_3-5_0-9_271.py:12: AssertionError
   - [#  12] AOR rabin_karp_substring_search: 
--------------------------------------------------------------------------------
  27:     
  28:     
  29:     for i in range(len(substring)):
  30:         rolling_hash = ((base * rolling_hash) + ord(string[i])) % prime_modulus
- 31:         substring_hash = ((base * substring_hash) + ord(substring[i])) % prime_modulus
+ 31:         substring_hash = ((base * substring_hash) - ord(substring[i])) % prime_modulus
  32:     
  33:     for i in range((len(string) - len(substring)) + 1):
  34:         
  35:         if rolling_hash == substring_hash:
--------------------------------------------------------------------------------
[0.17624 s] killed by ts-3-5/test_3-5_0-9_271.py::test_rabin_karp_find_substring

def test_rabin_karp_find_substring():
>       assert rabin_karp_find_substring("hello", "ll") == 2
E       AssertionError

ts-3-5/test_3-5_0-9_271.py:12: AssertionError
   - [#  13] AOR rabin_karp_substring_search: 
--------------------------------------------------------------------------------
  27:     
  28:     
  29:     for i in range(len(substring)):
  30:         rolling_hash = ((base * rolling_hash) + ord(string[i])) % prime_modulus
- 31:         substring_hash = ((base * substring_hash) + ord(substring[i])) % prime_modulus
+ 31:         substring_hash = ((base * substring_hash) + ord(substring[i])) * prime_modulus
  32:     
  33:     for i in range((len(string) - len(substring)) + 1):
  34:         
  35:         if rolling_hash == substring_hash:
--------------------------------------------------------------------------------
[0.17751 s] killed by ts-3-5/test_3-5_0-9_271.py::test_rabin_karp_find_substring

def test_rabin_karp_find_substring():
>       assert rabin_karp_find_substring("hello", "ll") == 2
E       AssertionError

ts-3-5/test_3-5_0-9_271.py:12: AssertionError
   - [#  14] AOR rabin_karp_substring_search: 
--------------------------------------------------------------------------------
  29:     for i in range(len(substring)):
  30:         rolling_hash = ((base * rolling_hash) + ord(string[i])) % prime_modulus
  31:         substring_hash = ((base * substring_hash) + ord(substring[i])) % prime_modulus
  32:     
- 33:     for i in range((len(string) - len(substring)) + 1):
+ 33:     for i in range((len(string) + len(substring)) + 1):
  34:         
  35:         if rolling_hash == substring_hash:
  36:             
  37:             for (s_i, letter) in enumerate(substring):
--------------------------------------------------------------------------------
[0.16062 s] survived
   - [#  15] AOR rabin_karp_substring_search: 
--------------------------------------------------------------------------------
  29:     for i in range(len(substring)):
  30:         rolling_hash = ((base * rolling_hash) + ord(string[i])) % prime_modulus
  31:         substring_hash = ((base * substring_hash) + ord(substring[i])) % prime_modulus
  32:     
- 33:     for i in range((len(string) - len(substring)) + 1):
+ 33:     for i in range((len(string) - len(substring)) - 1):
  34:         
  35:         if rolling_hash == substring_hash:
  36:             
  37:             for (s_i, letter) in enumerate(substring):
--------------------------------------------------------------------------------
[0.18039 s] killed by ts-3-5/test_3-5_0-9_271.py::test_rabin_karp_find_substring

def test_rabin_karp_find_substring():
>       assert rabin_karp_find_substring("hello", "ll") == 2
E       AssertionError

ts-3-5/test_3-5_0-9_271.py:12: AssertionError
   - [#  16] AOR rabin_karp_substring_search: 
--------------------------------------------------------------------------------
  34:         
  35:         if rolling_hash == substring_hash:
  36:             
  37:             for (s_i, letter) in enumerate(substring):
- 38:                 if letter != string[i + s_i]:
+ 38:                 if letter != string[i - s_i]:
  39:                     break
  40:             else:
  41:                 return i
  42:         
--------------------------------------------------------------------------------
[0.17805 s] killed by ts-3-5/test_3-5_0-9_271.py::test_rabin_karp_find_substring

def test_rabin_karp_find_substring():
>       assert rabin_karp_find_substring("hello", "ll") == 2
E       AssertionError

ts-3-5/test_3-5_0-9_271.py:12: AssertionError
   - [#  17] AOR rabin_karp_substring_search: 
--------------------------------------------------------------------------------
  39:                     break
  40:             else:
  41:                 return i
  42:         
- 43:         if i < len(string) - len(substring):
+ 43:         if i < len(string) + len(substring):
  44:             
  45:             rolling_hash = ((rolling_hash - (base_n * ord(string[i]))) * base) + (ord(string[i + len(substring)]) % prime_modulus)
  46:             
  47:             
--------------------------------------------------------------------------------
[0.18326 s] killed by ts-3-5/test_3-5_0-9_271.py::test_rabin_karp_find_substring_not_found

def test_rabin_karp_find_substring_not_found():
>       assert rabin_karp_find_substring("python", "java") == -1

ts-3-5/test_3-5_0-9_271.py:22: 
_ _ _ _ _ _ _ _ _ _ _ _ _ _ _ _ _ _ _ _ _ _ _ _ _ _ _ _ _ _ _ _ _ _ _ _ _ _ _ _ 

string = 'python', substring = 'java', base = 256, prime_modulus = 487

>   ???
E   IndexError: string index out of range

rabin_karp_substring_search:45: IndexError
   - [#  18] AOR rabin_karp_substring_search: 
--------------------------------------------------------------------------------
  41:                 return i
  42:         
  43:         if i < len(string) - len(substring):
  44:             
- 45:             rolling_hash = ((rolling_hash - (base_n * ord(string[i]))) * base) + (ord(string[i + len(substring)]) % prime_modulus)
+ 45:             rolling_hash = ((rolling_hash + (base_n * ord(string[i]))) * base) + (ord(string[i + len(substring)]) % prime_modulus)
  46:             
  47:             
  48:             rolling_hash = (rolling_hash + prime_modulus) % prime_modulus
  49:     
--------------------------------------------------------------------------------
[0.17874 s] killed by ts-3-5/test_3-5_0-9_271.py::test_rabin_karp_find_substring

def test_rabin_karp_find_substring():
>       assert rabin_karp_find_substring("hello", "ll") == 2
E       AssertionError

ts-3-5/test_3-5_0-9_271.py:12: AssertionError
   - [#  19] AOR rabin_karp_substring_search: 
--------------------------------------------------------------------------------
  41:                 return i
  42:         
  43:         if i < len(string) - len(substring):
  44:             
- 45:             rolling_hash = ((rolling_hash - (base_n * ord(string[i]))) * base) + (ord(string[i + len(substring)]) % prime_modulus)
+ 45:             rolling_hash = ((rolling_hash - (base_n / ord(string[i]))) * base) + (ord(string[i + len(substring)]) % prime_modulus)
  46:             
  47:             
  48:             rolling_hash = (rolling_hash + prime_modulus) % prime_modulus
  49:     
--------------------------------------------------------------------------------
[0.19739 s] killed by ts-3-5/test_3-5_0-9_271.py::test_rabin_karp_find_substring

def test_rabin_karp_find_substring():
>       assert rabin_karp_find_substring("hello", "ll") == 2
E       AssertionError

ts-3-5/test_3-5_0-9_271.py:12: AssertionError
   - [#  20] AOR rabin_karp_substring_search: 
--------------------------------------------------------------------------------
  41:                 return i
  42:         
  43:         if i < len(string) - len(substring):
  44:             
- 45:             rolling_hash = ((rolling_hash - (base_n * ord(string[i]))) * base) + (ord(string[i + len(substring)]) % prime_modulus)
+ 45:             rolling_hash = ((rolling_hash - (base_n // ord(string[i]))) * base) + (ord(string[i + len(substring)]) % prime_modulus)
  46:             
  47:             
  48:             rolling_hash = (rolling_hash + prime_modulus) % prime_modulus
  49:     
--------------------------------------------------------------------------------
[0.18008 s] killed by ts-3-5/test_3-5_0-9_271.py::test_rabin_karp_find_substring

def test_rabin_karp_find_substring():
>       assert rabin_karp_find_substring("hello", "ll") == 2
E       AssertionError

ts-3-5/test_3-5_0-9_271.py:12: AssertionError
   - [#  21] AOR rabin_karp_substring_search: 
--------------------------------------------------------------------------------
  41:                 return i
  42:         
  43:         if i < len(string) - len(substring):
  44:             
- 45:             rolling_hash = ((rolling_hash - (base_n * ord(string[i]))) * base) + (ord(string[i + len(substring)]) % prime_modulus)
+ 45:             rolling_hash = ((rolling_hash - (base_n ** ord(string[i]))) * base) + (ord(string[i + len(substring)]) % prime_modulus)
  46:             
  47:             
  48:             rolling_hash = (rolling_hash + prime_modulus) % prime_modulus
  49:     
--------------------------------------------------------------------------------
[0.18237 s] killed by ts-3-5/test_3-5_0-9_271.py::test_rabin_karp_find_substring

def test_rabin_karp_find_substring():
>       assert rabin_karp_find_substring("hello", "ll") == 2
E       AssertionError

ts-3-5/test_3-5_0-9_271.py:12: AssertionError
   - [#  22] AOR rabin_karp_substring_search: 
--------------------------------------------------------------------------------
  41:                 return i
  42:         
  43:         if i < len(string) - len(substring):
  44:             
- 45:             rolling_hash = ((rolling_hash - (base_n * ord(string[i]))) * base) + (ord(string[i + len(substring)]) % prime_modulus)
+ 45:             rolling_hash = ((rolling_hash - (base_n * ord(string[i]))) / base) + (ord(string[i + len(substring)]) % prime_modulus)
  46:             
  47:             
  48:             rolling_hash = (rolling_hash + prime_modulus) % prime_modulus
  49:     
--------------------------------------------------------------------------------
[0.17972 s] killed by ts-3-5/test_3-5_0-9_271.py::test_rabin_karp_find_substring

def test_rabin_karp_find_substring():
>       assert rabin_karp_find_substring("hello", "ll") == 2
E       AssertionError

ts-3-5/test_3-5_0-9_271.py:12: AssertionError
   - [#  23] AOR rabin_karp_substring_search: 
--------------------------------------------------------------------------------
  41:                 return i
  42:         
  43:         if i < len(string) - len(substring):
  44:             
- 45:             rolling_hash = ((rolling_hash - (base_n * ord(string[i]))) * base) + (ord(string[i + len(substring)]) % prime_modulus)
+ 45:             rolling_hash = ((rolling_hash - (base_n * ord(string[i]))) // base) + (ord(string[i + len(substring)]) % prime_modulus)
  46:             
  47:             
  48:             rolling_hash = (rolling_hash + prime_modulus) % prime_modulus
  49:     
--------------------------------------------------------------------------------
[0.17986 s] killed by ts-3-5/test_3-5_0-9_271.py::test_rabin_karp_find_substring

def test_rabin_karp_find_substring():
>       assert rabin_karp_find_substring("hello", "ll") == 2
E       AssertionError

ts-3-5/test_3-5_0-9_271.py:12: AssertionError
   - [#  24] AOR rabin_karp_substring_search: 
--------------------------------------------------------------------------------
  41:                 return i
  42:         
  43:         if i < len(string) - len(substring):
  44:             
- 45:             rolling_hash = ((rolling_hash - (base_n * ord(string[i]))) * base) + (ord(string[i + len(substring)]) % prime_modulus)
+ 45:             rolling_hash = ((rolling_hash - (base_n * ord(string[i]))) ** base) + (ord(string[i + len(substring)]) % prime_modulus)
  46:             
  47:             
  48:             rolling_hash = (rolling_hash + prime_modulus) % prime_modulus
  49:     
--------------------------------------------------------------------------------
[0.18103 s] killed by ts-3-5/test_3-5_0-9_271.py::test_rabin_karp_find_substring

def test_rabin_karp_find_substring():
>       assert rabin_karp_find_substring("hello", "ll") == 2
E       AssertionError

ts-3-5/test_3-5_0-9_271.py:12: AssertionError
   - [#  25] AOR rabin_karp_substring_search: 
--------------------------------------------------------------------------------
  41:                 return i
  42:         
  43:         if i < len(string) - len(substring):
  44:             
- 45:             rolling_hash = ((rolling_hash - (base_n * ord(string[i]))) * base) + (ord(string[i + len(substring)]) % prime_modulus)
+ 45:             rolling_hash = ((rolling_hash - (base_n * ord(string[i]))) * base) - (ord(string[i + len(substring)]) % prime_modulus)
  46:             
  47:             
  48:             rolling_hash = (rolling_hash + prime_modulus) % prime_modulus
  49:     
--------------------------------------------------------------------------------
[0.18137 s] killed by ts-3-5/test_3-5_0-9_271.py::test_rabin_karp_find_substring

def test_rabin_karp_find_substring():
>       assert rabin_karp_find_substring("hello", "ll") == 2
E       AssertionError

ts-3-5/test_3-5_0-9_271.py:12: AssertionError
   - [#  26] AOR rabin_karp_substring_search: 
--------------------------------------------------------------------------------
  41:                 return i
  42:         
  43:         if i < len(string) - len(substring):
  44:             
- 45:             rolling_hash = ((rolling_hash - (base_n * ord(string[i]))) * base) + (ord(string[i + len(substring)]) % prime_modulus)
+ 45:             rolling_hash = ((rolling_hash - (base_n * ord(string[i]))) * base) + (ord(string[i - len(substring)]) % prime_modulus)
  46:             
  47:             
  48:             rolling_hash = (rolling_hash + prime_modulus) % prime_modulus
  49:     
--------------------------------------------------------------------------------
[0.18158 s] killed by ts-3-5/test_3-5_0-9_271.py::test_rabin_karp_find_substring

def test_rabin_karp_find_substring():
>       assert rabin_karp_find_substring("hello", "ll") == 2
E       AssertionError

ts-3-5/test_3-5_0-9_271.py:12: AssertionError
   - [#  27] AOR rabin_karp_substring_search: 
--------------------------------------------------------------------------------
  41:                 return i
  42:         
  43:         if i < len(string) - len(substring):
  44:             
- 45:             rolling_hash = ((rolling_hash - (base_n * ord(string[i]))) * base) + (ord(string[i + len(substring)]) % prime_modulus)
+ 45:             rolling_hash = ((rolling_hash - (base_n * ord(string[i]))) * base) + (ord(string[i + len(substring)]) * prime_modulus)
  46:             
  47:             
  48:             rolling_hash = (rolling_hash + prime_modulus) % prime_modulus
  49:     
--------------------------------------------------------------------------------
[0.18152 s] killed by ts-3-5/test_3-5_0-9_271.py::test_rabin_karp_find_substring

def test_rabin_karp_find_substring():
>       assert rabin_karp_find_substring("hello", "ll") == 2
E       AssertionError

ts-3-5/test_3-5_0-9_271.py:12: AssertionError
   - [#  28] AOR rabin_karp_substring_search: 
--------------------------------------------------------------------------------
  44:             
  45:             rolling_hash = ((rolling_hash - (base_n * ord(string[i]))) * base) + (ord(string[i + len(substring)]) % prime_modulus)
  46:             
  47:             
- 48:             rolling_hash = (rolling_hash + prime_modulus) % prime_modulus
+ 48:             rolling_hash = (rolling_hash - prime_modulus) % prime_modulus
  49:     
  50:     return -1
--------------------------------------------------------------------------------
[0.16070 s] survived
   - [#  29] AOR rabin_karp_substring_search: 
--------------------------------------------------------------------------------
  44:             
  45:             rolling_hash = ((rolling_hash - (base_n * ord(string[i]))) * base) + (ord(string[i + len(substring)]) % prime_modulus)
  46:             
  47:             
- 48:             rolling_hash = (rolling_hash + prime_modulus) % prime_modulus
+ 48:             rolling_hash = (rolling_hash + prime_modulus) * prime_modulus
  49:     
  50:     return -1
--------------------------------------------------------------------------------
[0.19578 s] killed by ts-3-5/test_3-5_0-9_271.py::test_rabin_karp_find_substring

def test_rabin_karp_find_substring():
>       assert rabin_karp_find_substring("hello", "ll") == 2
E       AssertionError

ts-3-5/test_3-5_0-9_271.py:12: AssertionError
   - [#  30] AOR rabin_karp_substring_search: 
--------------------------------------------------------------------------------
  46:             
  47:             
  48:             rolling_hash = (rolling_hash + prime_modulus) % prime_modulus
  49:     
- 50:     return -1
+ 50:     return +1
--------------------------------------------------------------------------------
[0.18523 s] killed by ts-3-5/test_3-5_0-9_271.py::test_rabin_karp_find_substring_not_found

def test_rabin_karp_find_substring_not_found():
>       assert rabin_karp_find_substring("python", "java") == -1
E       AssertionError

ts-3-5/test_3-5_0-9_271.py:22: AssertionError
   - [#  31] BCR rabin_karp_substring_search: 
--------------------------------------------------------------------------------
  35:         if rolling_hash == substring_hash:
  36:             
  37:             for (s_i, letter) in enumerate(substring):
  38:                 if letter != string[i + s_i]:
- 39:                     break
+ 39:                     continue
  40:             else:
  41:                 return i
  42:         
  43:         if i < len(string) - len(substring):
--------------------------------------------------------------------------------
[0.16148 s] survived
   - [#  32] COI rabin_karp_substring_search: 
--------------------------------------------------------------------------------
  31:         substring_hash = ((base * substring_hash) + ord(substring[i])) % prime_modulus
  32:     
  33:     for i in range((len(string) - len(substring)) + 1):
  34:         
- 35:         if rolling_hash == substring_hash:
+ 35:         if not (rolling_hash == substring_hash):
  36:             
  37:             for (s_i, letter) in enumerate(substring):
  38:                 if letter != string[i + s_i]:
  39:                     break
--------------------------------------------------------------------------------
[0.17619 s] killed by ts-3-5/test_3-5_0-9_271.py::test_rabin_karp_find_substring

def test_rabin_karp_find_substring():
>       assert rabin_karp_find_substring("hello", "ll") == 2
E       AssertionError

ts-3-5/test_3-5_0-9_271.py:12: AssertionError
   - [#  33] COI rabin_karp_substring_search: 
--------------------------------------------------------------------------------
  34:         
  35:         if rolling_hash == substring_hash:
  36:             
  37:             for (s_i, letter) in enumerate(substring):
- 38:                 if letter != string[i + s_i]:
+ 38:                 if not (letter != string[i + s_i]):
  39:                     break
  40:             else:
  41:                 return i
  42:         
--------------------------------------------------------------------------------
[0.18288 s] killed by ts-3-5/test_3-5_0-9_271.py::test_rabin_karp_find_substring

def test_rabin_karp_find_substring():
>       assert rabin_karp_find_substring("hello", "ll") == 2
E       AssertionError

ts-3-5/test_3-5_0-9_271.py:12: AssertionError
   - [#  34] COI rabin_karp_substring_search: 
--------------------------------------------------------------------------------
  39:                     break
  40:             else:
  41:                 return i
  42:         
- 43:         if i < len(string) - len(substring):
+ 43:         if not (i < len(string) - len(substring)):
  44:             
  45:             rolling_hash = ((rolling_hash - (base_n * ord(string[i]))) * base) + (ord(string[i + len(substring)]) % prime_modulus)
  46:             
  47:             
--------------------------------------------------------------------------------
[0.18082 s] killed by ts-3-5/test_3-5_0-9_271.py::test_rabin_karp_find_substring

def test_rabin_karp_find_substring():
>       assert rabin_karp_find_substring("hello", "ll") == 2

ts-3-5/test_3-5_0-9_271.py:12: 
_ _ _ _ _ _ _ _ _ _ _ _ _ _ _ _ _ _ _ _ _ _ _ _ _ _ _ _ _ _ _ _ _ _ _ _ _ _ _ _ 

string = 'hello', substring = 'll', base = 256, prime_modulus = 487

>   ???
E   IndexError: string index out of range

rabin_karp_substring_search:45: IndexError
   - [#  35] OIL rabin_karp_substring_search: 
--------------------------------------------------------------------------------
  28:     
  29:     for i in range(len(substring)):
  30:         rolling_hash = ((base * rolling_hash) + ord(string[i])) % prime_modulus
  31:         substring_hash = ((base * substring_hash) + ord(substring[i])) % prime_modulus
- 32:     
+ 32:         break
  33:     for i in range((len(string) - len(substring)) + 1):
  34:         
  35:         if rolling_hash == substring_hash:
  36:             
--------------------------------------------------------------------------------
[0.18120 s] killed by ts-3-5/test_3-5_0-9_271.py::test_rabin_karp_find_substring

def test_rabin_karp_find_substring():
>       assert rabin_karp_find_substring("hello", "ll") == 2
E       AssertionError

ts-3-5/test_3-5_0-9_271.py:12: AssertionError
   - [#  36] OIL rabin_karp_substring_search: 
--------------------------------------------------------------------------------
  45:             rolling_hash = ((rolling_hash - (base_n * ord(string[i]))) * base) + (ord(string[i + len(substring)]) % prime_modulus)
  46:             
  47:             
  48:             rolling_hash = (rolling_hash + prime_modulus) % prime_modulus
- 49:     
+ 49:         break
  50:     return -1
--------------------------------------------------------------------------------
[0.18118 s] killed by ts-3-5/test_3-5_0-9_271.py::test_rabin_karp_find_substring

def test_rabin_karp_find_substring():
>       assert rabin_karp_find_substring("hello", "ll") == 2
E       AssertionError

ts-3-5/test_3-5_0-9_271.py:12: AssertionError
   - [#  37] OIL rabin_karp_substring_search: 
--------------------------------------------------------------------------------
  36:             
  37:             for (s_i, letter) in enumerate(substring):
  38:                 if letter != string[i + s_i]:
  39:                     break
- 40:             else:
- 41:                 return i
+ 40:                 break
+ 41:             else:return i
  42:         
  43:         if i < len(string) - len(substring):
  44:             
  45:             rolling_hash = ((rolling_hash - (base_n * ord(string[i]))) * base) + (ord(string[i + len(substring)]) % prime_modulus)
--------------------------------------------------------------------------------
[0.18152 s] killed by ts-3-5/test_3-5_0-9_271.py::test_rabin_karp_find_substring

def test_rabin_karp_find_substring():
>       assert rabin_karp_find_substring("hello", "ll") == 2
E       AssertionError

ts-3-5/test_3-5_0-9_271.py:12: AssertionError
   - [#  38] RIL rabin_karp_substring_search: 
--------------------------------------------------------------------------------
  25:     rolling_hash = 0
  26:     base_n = pow(base, len(substring) - 1) % prime_modulus
  27:     
  28:     
- 29:     for i in range(len(substring)):
+ 29:     for i in reversed(range(len(substring))):
  30:         rolling_hash = ((base * rolling_hash) + ord(string[i])) % prime_modulus
  31:         substring_hash = ((base * substring_hash) + ord(substring[i])) % prime_modulus
  32:     
  33:     for i in range((len(string) - len(substring)) + 1):
--------------------------------------------------------------------------------
[0.18193 s] killed by ts-3-5/test_3-5_0-9_271.py::test_rabin_karp_find_substring

def test_rabin_karp_find_substring():
>       assert rabin_karp_find_substring("hello", "ll") == 2
E       AssertionError

ts-3-5/test_3-5_0-9_271.py:12: AssertionError
   - [#  39] RIL rabin_karp_substring_search: 
--------------------------------------------------------------------------------
  29:     for i in range(len(substring)):
  30:         rolling_hash = ((base * rolling_hash) + ord(string[i])) % prime_modulus
  31:         substring_hash = ((base * substring_hash) + ord(substring[i])) % prime_modulus
  32:     
- 33:     for i in range((len(string) - len(substring)) + 1):
+ 33:     for i in reversed(range((len(string) - len(substring)) + 1)):
  34:         
  35:         if rolling_hash == substring_hash:
  36:             
  37:             for (s_i, letter) in enumerate(substring):
--------------------------------------------------------------------------------
[0.18093 s] killed by ts-3-5/test_3-5_0-9_271.py::test_rabin_karp_find_substring

def test_rabin_karp_find_substring():
>       assert rabin_karp_find_substring("hello", "ll") == 2
E       AssertionError

ts-3-5/test_3-5_0-9_271.py:12: AssertionError
   - [#  40] RIL rabin_karp_substring_search: 
--------------------------------------------------------------------------------
  33:     for i in range((len(string) - len(substring)) + 1):
  34:         
  35:         if rolling_hash == substring_hash:
  36:             
- 37:             for (s_i, letter) in enumerate(substring):
+ 37:             for (s_i, letter) in reversed(enumerate(substring)):
  38:                 if letter != string[i + s_i]:
  39:                     break
  40:             else:
  41:                 return i
--------------------------------------------------------------------------------
[0.18592 s] incompetent

TypeError: rabin_karp_substring_search:37: TypeError: 'enumerate' object is not reversible

   - [#  41] ROR rabin_karp_substring_search: 
--------------------------------------------------------------------------------
  31:         substring_hash = ((base * substring_hash) + ord(substring[i])) % prime_modulus
  32:     
  33:     for i in range((len(string) - len(substring)) + 1):
  34:         
- 35:         if rolling_hash == substring_hash:
+ 35:         if rolling_hash != substring_hash:
  36:             
  37:             for (s_i, letter) in enumerate(substring):
  38:                 if letter != string[i + s_i]:
  39:                     break
--------------------------------------------------------------------------------
[0.17933 s] killed by ts-3-5/test_3-5_0-9_271.py::test_rabin_karp_find_substring

def test_rabin_karp_find_substring():
>       assert rabin_karp_find_substring("hello", "ll") == 2
E       AssertionError

ts-3-5/test_3-5_0-9_271.py:12: AssertionError
   - [#  42] ROR rabin_karp_substring_search: 
--------------------------------------------------------------------------------
  34:         
  35:         if rolling_hash == substring_hash:
  36:             
  37:             for (s_i, letter) in enumerate(substring):
- 38:                 if letter != string[i + s_i]:
+ 38:                 if letter == string[i + s_i]:
  39:                     break
  40:             else:
  41:                 return i
  42:         
--------------------------------------------------------------------------------
[0.17875 s] killed by ts-3-5/test_3-5_0-9_271.py::test_rabin_karp_find_substring

def test_rabin_karp_find_substring():
>       assert rabin_karp_find_substring("hello", "ll") == 2
E       AssertionError

ts-3-5/test_3-5_0-9_271.py:12: AssertionError
   - [#  43] ROR rabin_karp_substring_search: 
--------------------------------------------------------------------------------
  39:                     break
  40:             else:
  41:                 return i
  42:         
- 43:         if i < len(string) - len(substring):
+ 43:         if i > len(string) - len(substring):
  44:             
  45:             rolling_hash = ((rolling_hash - (base_n * ord(string[i]))) * base) + (ord(string[i + len(substring)]) % prime_modulus)
  46:             
  47:             
--------------------------------------------------------------------------------
[0.18213 s] killed by ts-3-5/test_3-5_0-9_271.py::test_rabin_karp_find_substring

def test_rabin_karp_find_substring():
>       assert rabin_karp_find_substring("hello", "ll") == 2
E       AssertionError

ts-3-5/test_3-5_0-9_271.py:12: AssertionError
   - [#  44] ROR rabin_karp_substring_search: 
--------------------------------------------------------------------------------
  39:                     break
  40:             else:
  41:                 return i
  42:         
- 43:         if i < len(string) - len(substring):
+ 43:         if i <= len(string) - len(substring):
  44:             
  45:             rolling_hash = ((rolling_hash - (base_n * ord(string[i]))) * base) + (ord(string[i + len(substring)]) % prime_modulus)
  46:             
  47:             
--------------------------------------------------------------------------------
[0.18196 s] killed by ts-3-5/test_3-5_0-9_271.py::test_rabin_karp_find_substring_not_found

def test_rabin_karp_find_substring_not_found():
>       assert rabin_karp_find_substring("python", "java") == -1

ts-3-5/test_3-5_0-9_271.py:22: 
_ _ _ _ _ _ _ _ _ _ _ _ _ _ _ _ _ _ _ _ _ _ _ _ _ _ _ _ _ _ _ _ _ _ _ _ _ _ _ _ 

string = 'python', substring = 'java', base = 256, prime_modulus = 487

>   ???
E   IndexError: string index out of range

rabin_karp_substring_search:45: IndexError
   - [#  45] SDL rabin_karp_substring_search: 
--------------------------------------------------------------------------------
  20:         of a substring that is within the string.
  21: 
  22:     '''
  23:     
- 24:     substring_hash = 0
+ 24:     pass
  25:     rolling_hash = 0
  26:     base_n = pow(base, len(substring) - 1) % prime_modulus
  27:     
  28:     
--------------------------------------------------------------------------------
[0.18275 s] killed by ts-3-5/test_3-5_0-9_271.py::test_rabin_karp_find_substring

def test_rabin_karp_find_substring():
>       assert rabin_karp_find_substring("hello", "ll") == 2

ts-3-5/test_3-5_0-9_271.py:12: 
_ _ _ _ _ _ _ _ _ _ _ _ _ _ _ _ _ _ _ _ _ _ _ _ _ _ _ _ _ _ _ _ _ _ _ _ _ _ _ _ 

string = 'hello', substring = 'll', base = 256, prime_modulus = 487

>   ???
E   UnboundLocalError: local variable 'substring_hash' referenced before assignment

rabin_karp_substring_search:31: UnboundLocalError
   - [#  46] SDL rabin_karp_substring_search: 
--------------------------------------------------------------------------------
  21: 
  22:     '''
  23:     
  24:     substring_hash = 0
- 25:     rolling_hash = 0
+ 25:     pass
  26:     base_n = pow(base, len(substring) - 1) % prime_modulus
  27:     
  28:     
  29:     for i in range(len(substring)):
--------------------------------------------------------------------------------
[0.18226 s] killed by ts-3-5/test_3-5_0-9_271.py::test_rabin_karp_find_substring

def test_rabin_karp_find_substring():
>       assert rabin_karp_find_substring("hello", "ll") == 2

ts-3-5/test_3-5_0-9_271.py:12: 
_ _ _ _ _ _ _ _ _ _ _ _ _ _ _ _ _ _ _ _ _ _ _ _ _ _ _ _ _ _ _ _ _ _ _ _ _ _ _ _ 

string = 'hello', substring = 'll', base = 256, prime_modulus = 487

>   ???
E   UnboundLocalError: local variable 'rolling_hash' referenced before assignment

rabin_karp_substring_search:30: UnboundLocalError
   - [#  47] SDL rabin_karp_substring_search: 
--------------------------------------------------------------------------------
  22:     '''
  23:     
  24:     substring_hash = 0
  25:     rolling_hash = 0
- 26:     base_n = pow(base, len(substring) - 1) % prime_modulus
+ 26:     pass
  27:     
  28:     
  29:     for i in range(len(substring)):
  30:         rolling_hash = ((base * rolling_hash) + ord(string[i])) % prime_modulus
--------------------------------------------------------------------------------
[0.18478 s] killed by ts-3-5/test_3-5_0-9_271.py::test_rabin_karp_find_substring

def test_rabin_karp_find_substring():
>       assert rabin_karp_find_substring("hello", "ll") == 2

ts-3-5/test_3-5_0-9_271.py:12: 
_ _ _ _ _ _ _ _ _ _ _ _ _ _ _ _ _ _ _ _ _ _ _ _ _ _ _ _ _ _ _ _ _ _ _ _ _ _ _ _ 

string = 'hello', substring = 'll', base = 256, prime_modulus = 487

>   ???
E   NameError: name 'base_n' is not defined

rabin_karp_substring_search:45: NameError
   - [#  48] SDL rabin_karp_substring_search: 
--------------------------------------------------------------------------------
  26:     base_n = pow(base, len(substring) - 1) % prime_modulus
  27:     
  28:     
  29:     for i in range(len(substring)):
- 30:         rolling_hash = ((base * rolling_hash) + ord(string[i])) % prime_modulus
+ 30:         pass
  31:         substring_hash = ((base * substring_hash) + ord(substring[i])) % prime_modulus
  32:     
  33:     for i in range((len(string) - len(substring)) + 1):
  34:         
--------------------------------------------------------------------------------
[0.18044 s] killed by ts-3-5/test_3-5_0-9_271.py::test_rabin_karp_find_substring

def test_rabin_karp_find_substring():
>       assert rabin_karp_find_substring("hello", "ll") == 2
E       AssertionError

ts-3-5/test_3-5_0-9_271.py:12: AssertionError
   - [#  49] SDL rabin_karp_substring_search: 
--------------------------------------------------------------------------------
  27:     
  28:     
  29:     for i in range(len(substring)):
  30:         rolling_hash = ((base * rolling_hash) + ord(string[i])) % prime_modulus
- 31:         substring_hash = ((base * substring_hash) + ord(substring[i])) % prime_modulus
+ 31:         pass
  32:     
  33:     for i in range((len(string) - len(substring)) + 1):
  34:         
  35:         if rolling_hash == substring_hash:
--------------------------------------------------------------------------------
[0.18258 s] killed by ts-3-5/test_3-5_0-9_271.py::test_rabin_karp_find_substring

def test_rabin_karp_find_substring():
>       assert rabin_karp_find_substring("hello", "ll") == 2
E       AssertionError

ts-3-5/test_3-5_0-9_271.py:12: AssertionError
   - [#  50] SDL rabin_karp_substring_search: 
--------------------------------------------------------------------------------
  37:             for (s_i, letter) in enumerate(substring):
  38:                 if letter != string[i + s_i]:
  39:                     break
  40:             else:
- 41:                 return i
+ 41:                 pass
  42:         
  43:         if i < len(string) - len(substring):
  44:             
  45:             rolling_hash = ((rolling_hash - (base_n * ord(string[i]))) * base) + (ord(string[i + len(substring)]) % prime_modulus)
--------------------------------------------------------------------------------
[0.18519 s] killed by ts-3-5/test_3-5_0-9_271.py::test_rabin_karp_find_substring

def test_rabin_karp_find_substring():
>       assert rabin_karp_find_substring("hello", "ll") == 2
E       AssertionError

ts-3-5/test_3-5_0-9_271.py:12: AssertionError
   - [#  51] SDL rabin_karp_substring_search: 
--------------------------------------------------------------------------------
  41:                 return i
  42:         
  43:         if i < len(string) - len(substring):
  44:             
- 45:             rolling_hash = ((rolling_hash - (base_n * ord(string[i]))) * base) + (ord(string[i + len(substring)]) % prime_modulus)
+ 45:             pass
  46:             
  47:             
  48:             rolling_hash = (rolling_hash + prime_modulus) % prime_modulus
  49:     
--------------------------------------------------------------------------------
[0.18395 s] killed by ts-3-5/test_3-5_0-9_271.py::test_rabin_karp_find_substring

def test_rabin_karp_find_substring():
>       assert rabin_karp_find_substring("hello", "ll") == 2
E       AssertionError

ts-3-5/test_3-5_0-9_271.py:12: AssertionError
   - [#  52] SDL rabin_karp_substring_search: 
--------------------------------------------------------------------------------
  44:             
  45:             rolling_hash = ((rolling_hash - (base_n * ord(string[i]))) * base) + (ord(string[i + len(substring)]) % prime_modulus)
  46:             
  47:             
- 48:             rolling_hash = (rolling_hash + prime_modulus) % prime_modulus
+ 48:             pass
  49:     
  50:     return -1
--------------------------------------------------------------------------------
[0.19020 s] killed by ts-3-5/test_3-5_0-9_271.py::test_rabin_karp_find_substring

def test_rabin_karp_find_substring():
>       assert rabin_karp_find_substring("hello", "ll") == 2
E       AssertionError

ts-3-5/test_3-5_0-9_271.py:12: AssertionError
   - [#  53] SDL rabin_karp_substring_search: 
--------------------------------------------------------------------------------
  46:             
  47:             
  48:             rolling_hash = (rolling_hash + prime_modulus) % prime_modulus
  49:     
- 50:     return -1
+ 50:     pass
--------------------------------------------------------------------------------
[0.20069 s] killed by ts-3-5/test_3-5_0-9_271.py::test_rabin_karp_find_substring_not_found

def test_rabin_karp_find_substring_not_found():
>       assert rabin_karp_find_substring("python", "java") == -1
E       AssertionError

ts-3-5/test_3-5_0-9_271.py:22: AssertionError
   - [#  54] ZIL rabin_karp_substring_search: 
--------------------------------------------------------------------------------
  26:     base_n = pow(base, len(substring) - 1) % prime_modulus
  27:     
  28:     
  29:     for i in range(len(substring)):
- 30:         rolling_hash = ((base * rolling_hash) + ord(string[i])) % prime_modulus
- 31:         substring_hash = ((base * substring_hash) + ord(substring[i])) % prime_modulus
+ 30:         break
+ 31:     
  32:     
  33:     for i in range((len(string) - len(substring)) + 1):
  34:         
  35:         if rolling_hash == substring_hash:
--------------------------------------------------------------------------------
[0.18209 s] killed by ts-3-5/test_3-5_0-9_271.py::test_rabin_karp_find_substring

def test_rabin_karp_find_substring():
>       assert rabin_karp_find_substring("hello", "ll") == 2
E       AssertionError

ts-3-5/test_3-5_0-9_271.py:12: AssertionError
   - [#  55] ZIL rabin_karp_substring_search: 
--------------------------------------------------------------------------------
  31:         substring_hash = ((base * substring_hash) + ord(substring[i])) % prime_modulus
  32:     
  33:     for i in range((len(string) - len(substring)) + 1):
  34:         
- 35:         if rolling_hash == substring_hash:
- 36:             
- 37:             for (s_i, letter) in enumerate(substring):
- 38:                 if letter != string[i + s_i]:
- 39:                     break
- 40:             else:
- 41:                 return i
- 42:         
- 43:         if i < len(string) - len(substring):
- 44:             
- 45:             rolling_hash = ((rolling_hash - (base_n * ord(string[i]))) * base) + (ord(string[i + len(substring)]) % prime_modulus)
- 46:             
- 47:             
- 48:             rolling_hash = (rolling_hash + prime_modulus) % prime_modulus
+ 35:         break
+ 36:     
+ 37:     
+ 38:     
+ 39:     
+ 40:     
+ 41:     
+ 42:     
+ 43:     
+ 44:     
+ 45:     
+ 46:     
+ 47:     
+ 48:     
  49:     
  50:     return -1
--------------------------------------------------------------------------------
[0.19554 s] killed by ts-3-5/test_3-5_0-9_271.py::test_rabin_karp_find_substring

def test_rabin_karp_find_substring():
>       assert rabin_karp_find_substring("hello", "ll") == 2
E       AssertionError

ts-3-5/test_3-5_0-9_271.py:12: AssertionError
   - [#  56] ZIL rabin_karp_substring_search: 
--------------------------------------------------------------------------------
  34:         
  35:         if rolling_hash == substring_hash:
  36:             
  37:             for (s_i, letter) in enumerate(substring):
- 38:                 if letter != string[i + s_i]:
- 39:                     break
- 40:             else:
+ 38:                 break
+ 39:             else:
+ 40:                 
  41:                 return i
  42:         
  43:         if i < len(string) - len(substring):
  44:             
--------------------------------------------------------------------------------
[0.17912 s] killed by ts-3-5/test_3-5_0-9_271.py::test_rabin_karp_find_substring

def test_rabin_karp_find_substring():
>       assert rabin_karp_find_substring("hello", "ll") == 2
E       AssertionError

ts-3-5/test_3-5_0-9_271.py:12: AssertionError
[*] Mutation score [11.83182 s]: 94.5%
   - all: 56
   - killed: 52 (92.9%)
   - survived: 3 (5.4%)
   - incompetent: 1 (1.8%)
   - timeout: 0 (0.0%)
