[*] Start mutation process:
   - targets: deque.py
   - tests: ts-3-5/test_3-5_0-9_278.py
[*] 14 tests passed:
   - test_3-5_0-9_278 [0.20894 s]
[*] Start mutants generation and execution:
   - [#   1] CDI deque: 
--------------------------------------------------------------------------------
  20:     size(): returns the count of items in the queue (returns 0 if the queue
  21:     is empty).
  22:     '''
  23:     
- 24:     def __init__(self, data=None):
- 25:         '''Initialize deque.'''
- 26:         self._container = DoubleLinkedList(data)
- 27:     
+ 24:     @classmethod
+ 25:     def __init__(self, data=None):
+ 26:         '''Initialize deque.'''
+ 27:         self._container = DoubleLinkedList(data)
  28:     def append(self, val):
  29:         '''Add value to the end of the deque.'''
  30:         self._container.append(val)
  31:     
--------------------------------------------------------------------------------
[0.19452 s] survived
   - [#   2] CDI deque: 
--------------------------------------------------------------------------------
  24:     def __init__(self, data=None):
  25:         '''Initialize deque.'''
  26:         self._container = DoubleLinkedList(data)
  27:     
- 28:     def append(self, val):
- 29:         '''Add value to the end of the deque.'''
- 30:         self._container.append(val)
- 31:     
+ 28:     @classmethod
+ 29:     def append(self, val):
+ 30:         '''Add value to the end of the deque.'''
+ 31:         self._container.append(val)
  32:     def appendleft(self, val):
  33:         '''Add a value to the front of the deque.'''
  34:         self._container.push(val)
  35:     
--------------------------------------------------------------------------------
[0.21299 s] killed by ts-3-5/test_3-5_0-9_278.py::test_append

deque = <deque.Deque object at 0x7a0c5a04be80>

    def test_append(deque):
>       deque.append(1)

ts-3-5/test_3-5_0-9_278.py:16: 
_ _ _ _ _ _ _ _ _ _ _ _ _ _ _ _ _ _ _ _ _ _ _ _ _ _ _ _ _ _ _ _ _ _ _ _ _ _ _ _ 

self = <class 'deque.Deque'>, val = 1

>   ???
E   AttributeError: type object 'Deque' has no attribute '_container'

deque:31: AttributeError
   - [#   3] CDI deque: 
--------------------------------------------------------------------------------
  28:     def append(self, val):
  29:         '''Add value to the end of the deque.'''
  30:         self._container.append(val)
  31:     
- 32:     def appendleft(self, val):
- 33:         '''Add a value to the front of the deque.'''
- 34:         self._container.push(val)
- 35:     
+ 32:     @classmethod
+ 33:     def appendleft(self, val):
+ 34:         '''Add a value to the front of the deque.'''
+ 35:         self._container.push(val)
  36:     def pop(self):
  37:         '''Remove a value from the end of the deque and returns it.'''
  38:         return self._container.shift()
  39:     
--------------------------------------------------------------------------------
[0.23587 s] killed by ts-3-5/test_3-5_0-9_278.py::test_appendleft

deque = <deque.Deque object at 0x7a0c5a1d3190>

    def test_appendleft(deque):
>       deque.appendleft(1)

ts-3-5/test_3-5_0-9_278.py:25: 
_ _ _ _ _ _ _ _ _ _ _ _ _ _ _ _ _ _ _ _ _ _ _ _ _ _ _ _ _ _ _ _ _ _ _ _ _ _ _ _ 

self = <class 'deque.Deque'>, val = 1

>   ???
E   AttributeError: type object 'Deque' has no attribute '_container'

deque:35: AttributeError
   - [#   4] CDI deque: 
--------------------------------------------------------------------------------
  32:     def appendleft(self, val):
  33:         '''Add a value to the front of the deque.'''
  34:         self._container.push(val)
  35:     
- 36:     def pop(self):
- 37:         '''Remove a value from the end of the deque and returns it.'''
- 38:         return self._container.shift()
- 39:     
+ 36:     @classmethod
+ 37:     def pop(self):
+ 38:         '''Remove a value from the end of the deque and returns it.'''
+ 39:         return self._container.shift()
  40:     def popleft(self):
  41:         '''Remove a value from the front of the deque and returns it.'''
  42:         return self._container.pop()
  43:     
--------------------------------------------------------------------------------
[0.20990 s] killed by ts-3-5/test_3-5_0-9_278.py::test_pop

deque = <deque.Deque object at 0x7a0c5a092410>

    def test_pop(deque):
        deque.append(1)
>       assert deque.pop() == 1

ts-3-5/test_3-5_0-9_278.py:39: 
_ _ _ _ _ _ _ _ _ _ _ _ _ _ _ _ _ _ _ _ _ _ _ _ _ _ _ _ _ _ _ _ _ _ _ _ _ _ _ _ 

self = <class 'deque.Deque'>

>   ???
E   AttributeError: type object 'Deque' has no attribute '_container'

deque:39: AttributeError
   - [#   5] CDI deque: 
--------------------------------------------------------------------------------
  36:     def pop(self):
  37:         '''Remove a value from the end of the deque and returns it.'''
  38:         return self._container.shift()
  39:     
- 40:     def popleft(self):
- 41:         '''Remove a value from the front of the deque and returns it.'''
- 42:         return self._container.pop()
- 43:     
+ 40:     @classmethod
+ 41:     def popleft(self):
+ 42:         '''Remove a value from the front of the deque and returns it.'''
+ 43:         return self._container.pop()
  44:     def peek(self):
  45:         '''Return the next value that would be returned by pop.'''
  46:         if self._container.head:
  47:             return self._container.head.data
--------------------------------------------------------------------------------
[0.21286 s] killed by ts-3-5/test_3-5_0-9_278.py::test_popleft

deque = <deque.Deque object at 0x7a0c5a074040>

    def test_popleft(deque):
        deque.append(1)
>       assert deque.popleft() == 1

ts-3-5/test_3-5_0-9_278.py:47: 
_ _ _ _ _ _ _ _ _ _ _ _ _ _ _ _ _ _ _ _ _ _ _ _ _ _ _ _ _ _ _ _ _ _ _ _ _ _ _ _ 

self = <class 'deque.Deque'>

>   ???
E   AttributeError: type object 'Deque' has no attribute '_container'

deque:43: AttributeError
   - [#   6] CDI deque: 
--------------------------------------------------------------------------------
  40:     def popleft(self):
  41:         '''Remove a value from the front of the deque and returns it.'''
  42:         return self._container.pop()
  43:     
- 44:     def peek(self):
- 45:         '''Return the next value that would be returned by pop.'''
- 46:         if self._container.head:
- 47:             return self._container.head.data
- 48:         return None
- 49:     
+ 44:     @classmethod
+ 45:     def peek(self):
+ 46:         '''Return the next value that would be returned by pop.'''
+ 47:         if self._container.head:
+ 48:             return self._container.head.data
+ 49:         return None
  50:     def peekleft(self):
  51:         '''Return the next value from the front of the deque.'''
  52:         if self._container.tail:
  53:             return self._container.tail.data
--------------------------------------------------------------------------------
[0.21433 s] killed by ts-3-5/test_3-5_0-9_278.py::test_peek_empty

deque = <deque.Deque object at 0x7a0c5a0936d0>

    def test_peek_empty(deque):
>       assert deque.peek() == None

ts-3-5/test_3-5_0-9_278.py:50: 
_ _ _ _ _ _ _ _ _ _ _ _ _ _ _ _ _ _ _ _ _ _ _ _ _ _ _ _ _ _ _ _ _ _ _ _ _ _ _ _ 

self = <class 'deque.Deque'>

>   ???
E   AttributeError: type object 'Deque' has no attribute '_container'

deque:47: AttributeError
   - [#   7] CDI deque: 
--------------------------------------------------------------------------------
  46:         if self._container.head:
  47:             return self._container.head.data
  48:         return None
  49:     
- 50:     def peekleft(self):
- 51:         '''Return the next value from the front of the deque.'''
- 52:         if self._container.tail:
- 53:             return self._container.tail.data
- 54:         return None
- 55:     
+ 50:     @classmethod
+ 51:     def peekleft(self):
+ 52:         '''Return the next value from the front of the deque.'''
+ 53:         if self._container.tail:
+ 54:             return self._container.tail.data
+ 55:         return None
  56:     def size(self):
  57:         '''Return the count of items in the queue.'''
  58:         return self._container._length
--------------------------------------------------------------------------------
[0.21026 s] killed by ts-3-5/test_3-5_0-9_278.py::test_peekleft_empty

deque = <deque.Deque object at 0x7a0c5a1811b0>

    def test_peekleft_empty(deque):
>       assert deque.peekleft() == None

ts-3-5/test_3-5_0-9_278.py:57: 
_ _ _ _ _ _ _ _ _ _ _ _ _ _ _ _ _ _ _ _ _ _ _ _ _ _ _ _ _ _ _ _ _ _ _ _ _ _ _ _ 

self = <class 'deque.Deque'>

>   ???
E   AttributeError: type object 'Deque' has no attribute '_container'

deque:53: AttributeError
   - [#   8] CDI deque: 
--------------------------------------------------------------------------------
  52:         if self._container.tail:
  53:             return self._container.tail.data
  54:         return None
  55:     
- 56:     def size(self):
- 57:         '''Return the count of items in the queue.'''
- 58:         return self._container._length
+ 56:     @classmethod
+ 57:     def size(self):
+ 58:         '''Return the count of items in the queue.'''
+ 59:         return self._container._length
--------------------------------------------------------------------------------
[0.21511 s] killed by ts-3-5/test_3-5_0-9_278.py::test_size_empty

deque = <deque.Deque object at 0x7a0c5a0499c0>

    def test_size_empty(deque):
>       assert deque.size() == 0

ts-3-5/test_3-5_0-9_278.py:64: 
_ _ _ _ _ _ _ _ _ _ _ _ _ _ _ _ _ _ _ _ _ _ _ _ _ _ _ _ _ _ _ _ _ _ _ _ _ _ _ _ 

self = <class 'deque.Deque'>

>   ???
E   AttributeError: type object 'Deque' has no attribute '_container'

deque:59: AttributeError
   - [#   9] COI deque: 
--------------------------------------------------------------------------------
  42:         return self._container.pop()
  43:     
  44:     def peek(self):
  45:         '''Return the next value that would be returned by pop.'''
- 46:         if self._container.head:
+ 46:         if not (self._container.head):
  47:             return self._container.head.data
  48:         return None
  49:     
  50:     def peekleft(self):
--------------------------------------------------------------------------------
[0.20071 s] killed by ts-3-5/test_3-5_0-9_278.py::test_peek_empty

deque = <deque.Deque object at 0x7a0c5a180e50>

    def test_peek_empty(deque):
>       assert deque.peek() == None

ts-3-5/test_3-5_0-9_278.py:50: 
_ _ _ _ _ _ _ _ _ _ _ _ _ _ _ _ _ _ _ _ _ _ _ _ _ _ _ _ _ _ _ _ _ _ _ _ _ _ _ _ 

self = <deque.Deque object at 0x7a0c5a180e50>

>   ???
E   AttributeError: 'NoneType' object has no attribute 'data'

deque:47: AttributeError
   - [#  10] COI deque: 
--------------------------------------------------------------------------------
  48:         return None
  49:     
  50:     def peekleft(self):
  51:         '''Return the next value from the front of the deque.'''
- 52:         if self._container.tail:
+ 52:         if not (self._container.tail):
  53:             return self._container.tail.data
  54:         return None
  55:     
  56:     def size(self):
--------------------------------------------------------------------------------
[0.21953 s] killed by ts-3-5/test_3-5_0-9_278.py::test_peekleft_empty

deque = <deque.Deque object at 0x7a0c5a3015d0>

    def test_peekleft_empty(deque):
>       assert deque.peekleft() == None

ts-3-5/test_3-5_0-9_278.py:57: 
_ _ _ _ _ _ _ _ _ _ _ _ _ _ _ _ _ _ _ _ _ _ _ _ _ _ _ _ _ _ _ _ _ _ _ _ _ _ _ _ 

self = <deque.Deque object at 0x7a0c5a3015d0>

>   ???
E   AttributeError: 'NoneType' object has no attribute 'data'

deque:53: AttributeError
   - [#  11] SDI deque: 
--------------------------------------------------------------------------------
  20:     size(): returns the count of items in the queue (returns 0 if the queue
  21:     is empty).
  22:     '''
  23:     
- 24:     def __init__(self, data=None):
- 25:         '''Initialize deque.'''
- 26:         self._container = DoubleLinkedList(data)
- 27:     
+ 24:     @staticmethod
+ 25:     def __init__(self, data=None):
+ 26:         '''Initialize deque.'''
+ 27:         self._container = DoubleLinkedList(data)
  28:     def append(self, val):
  29:         '''Add value to the end of the deque.'''
  30:         self._container.append(val)
  31:     
--------------------------------------------------------------------------------
[0.20773 s] incompetent

TypeError: /home/lucca/teste/python_experiments2/deque/ts-3-5/test_3-5_0-9_278.py:13: TypeError: Deque.__init__() missing 1 required positional argument: 'self'

   - [#  12] SDI deque: 
--------------------------------------------------------------------------------
  24:     def __init__(self, data=None):
  25:         '''Initialize deque.'''
  26:         self._container = DoubleLinkedList(data)
  27:     
- 28:     def append(self, val):
- 29:         '''Add value to the end of the deque.'''
- 30:         self._container.append(val)
- 31:     
+ 28:     @staticmethod
+ 29:     def append(self, val):
+ 30:         '''Add value to the end of the deque.'''
+ 31:         self._container.append(val)
  32:     def appendleft(self, val):
  33:         '''Add a value to the front of the deque.'''
  34:         self._container.push(val)
  35:     
--------------------------------------------------------------------------------
[0.20434 s] incompetent

TypeError: /home/lucca/teste/python_experiments2/deque/ts-3-5/test_3-5_0-9_278.py:16: TypeError: Deque.append() missing 1 required positional argument: 'val'

   - [#  13] SDI deque: 
--------------------------------------------------------------------------------
  28:     def append(self, val):
  29:         '''Add value to the end of the deque.'''
  30:         self._container.append(val)
  31:     
- 32:     def appendleft(self, val):
- 33:         '''Add a value to the front of the deque.'''
- 34:         self._container.push(val)
- 35:     
+ 32:     @staticmethod
+ 33:     def appendleft(self, val):
+ 34:         '''Add a value to the front of the deque.'''
+ 35:         self._container.push(val)
  36:     def pop(self):
  37:         '''Remove a value from the end of the deque and returns it.'''
  38:         return self._container.shift()
  39:     
--------------------------------------------------------------------------------
[0.20829 s] incompetent

TypeError: /home/lucca/teste/python_experiments2/deque/ts-3-5/test_3-5_0-9_278.py:25: TypeError: Deque.appendleft() missing 1 required positional argument: 'val'

   - [#  14] SDI deque: 
--------------------------------------------------------------------------------
  32:     def appendleft(self, val):
  33:         '''Add a value to the front of the deque.'''
  34:         self._container.push(val)
  35:     
- 36:     def pop(self):
- 37:         '''Remove a value from the end of the deque and returns it.'''
- 38:         return self._container.shift()
- 39:     
+ 36:     @staticmethod
+ 37:     def pop(self):
+ 38:         '''Remove a value from the end of the deque and returns it.'''
+ 39:         return self._container.shift()
  40:     def popleft(self):
  41:         '''Remove a value from the front of the deque and returns it.'''
  42:         return self._container.pop()
  43:     
--------------------------------------------------------------------------------
[0.24249 s] incompetent

TypeError: /home/lucca/teste/python_experiments2/deque/ts-3-5/test_3-5_0-9_278.py:39: TypeError: Deque.pop() missing 1 required positional argument: 'self'

   - [#  15] SDI deque: 
--------------------------------------------------------------------------------
  36:     def pop(self):
  37:         '''Remove a value from the end of the deque and returns it.'''
  38:         return self._container.shift()
  39:     
- 40:     def popleft(self):
- 41:         '''Remove a value from the front of the deque and returns it.'''
- 42:         return self._container.pop()
- 43:     
+ 40:     @staticmethod
+ 41:     def popleft(self):
+ 42:         '''Remove a value from the front of the deque and returns it.'''
+ 43:         return self._container.pop()
  44:     def peek(self):
  45:         '''Return the next value that would be returned by pop.'''
  46:         if self._container.head:
  47:             return self._container.head.data
--------------------------------------------------------------------------------
[0.21524 s] incompetent

TypeError: /home/lucca/teste/python_experiments2/deque/ts-3-5/test_3-5_0-9_278.py:47: TypeError: Deque.popleft() missing 1 required positional argument: 'self'

   - [#  16] SDI deque: 
--------------------------------------------------------------------------------
  40:     def popleft(self):
  41:         '''Remove a value from the front of the deque and returns it.'''
  42:         return self._container.pop()
  43:     
- 44:     def peek(self):
- 45:         '''Return the next value that would be returned by pop.'''
- 46:         if self._container.head:
- 47:             return self._container.head.data
- 48:         return None
- 49:     
+ 44:     @staticmethod
+ 45:     def peek(self):
+ 46:         '''Return the next value that would be returned by pop.'''
+ 47:         if self._container.head:
+ 48:             return self._container.head.data
+ 49:         return None
  50:     def peekleft(self):
  51:         '''Return the next value from the front of the deque.'''
  52:         if self._container.tail:
  53:             return self._container.tail.data
--------------------------------------------------------------------------------
[0.21273 s] incompetent

TypeError: /home/lucca/teste/python_experiments2/deque/ts-3-5/test_3-5_0-9_278.py:50: TypeError: Deque.peek() missing 1 required positional argument: 'self'

   - [#  17] SDI deque: 
--------------------------------------------------------------------------------
  46:         if self._container.head:
  47:             return self._container.head.data
  48:         return None
  49:     
- 50:     def peekleft(self):
- 51:         '''Return the next value from the front of the deque.'''
- 52:         if self._container.tail:
- 53:             return self._container.tail.data
- 54:         return None
- 55:     
+ 50:     @staticmethod
+ 51:     def peekleft(self):
+ 52:         '''Return the next value from the front of the deque.'''
+ 53:         if self._container.tail:
+ 54:             return self._container.tail.data
+ 55:         return None
  56:     def size(self):
  57:         '''Return the count of items in the queue.'''
  58:         return self._container._length
--------------------------------------------------------------------------------
[0.21483 s] incompetent

TypeError: /home/lucca/teste/python_experiments2/deque/ts-3-5/test_3-5_0-9_278.py:57: TypeError: Deque.peekleft() missing 1 required positional argument: 'self'

   - [#  18] SDI deque: 
--------------------------------------------------------------------------------
  52:         if self._container.tail:
  53:             return self._container.tail.data
  54:         return None
  55:     
- 56:     def size(self):
- 57:         '''Return the count of items in the queue.'''
- 58:         return self._container._length
+ 56:     @staticmethod
+ 57:     def size(self):
+ 58:         '''Return the count of items in the queue.'''
+ 59:         return self._container._length
--------------------------------------------------------------------------------
[0.21696 s] incompetent

TypeError: /home/lucca/teste/python_experiments2/deque/ts-3-5/test_3-5_0-9_278.py:64: TypeError: Deque.size() missing 1 required positional argument: 'self'

   - [#  19] SDL deque: 
--------------------------------------------------------------------------------
  22:     '''
  23:     
  24:     def __init__(self, data=None):
  25:         '''Initialize deque.'''
- 26:         self._container = DoubleLinkedList(data)
+ 26:         pass
  27:     
  28:     def append(self, val):
  29:         '''Add value to the end of the deque.'''
  30:         self._container.append(val)
--------------------------------------------------------------------------------
[0.19430 s] killed by ts-3-5/test_3-5_0-9_278.py::test_append

deque = <deque.Deque object at 0x7a0c5a1d3bb0>

    def test_append(deque):
>       deque.append(1)

ts-3-5/test_3-5_0-9_278.py:16: 
_ _ _ _ _ _ _ _ _ _ _ _ _ _ _ _ _ _ _ _ _ _ _ _ _ _ _ _ _ _ _ _ _ _ _ _ _ _ _ _ 

self = <deque.Deque object at 0x7a0c5a1d3bb0>, val = 1

>   ???
E   AttributeError: 'Deque' object has no attribute '_container'

deque:30: AttributeError
   - [#  20] SDL deque: 
--------------------------------------------------------------------------------
  26:         self._container = DoubleLinkedList(data)
  27:     
  28:     def append(self, val):
  29:         '''Add value to the end of the deque.'''
- 30:         self._container.append(val)
+ 30:         pass
  31:     
  32:     def appendleft(self, val):
  33:         '''Add a value to the front of the deque.'''
  34:         self._container.push(val)
--------------------------------------------------------------------------------
[0.20695 s] killed by ts-3-5/test_3-5_0-9_278.py::test_append

deque = <deque.Deque object at 0x7a0c5a0bafe0>

    def test_append(deque):
        deque.append(1)
>       assert deque._container.tail.data == 1
E       AttributeError: 'NoneType' object has no attribute 'data'

ts-3-5/test_3-5_0-9_278.py:17: AttributeError
   - [#  21] SDL deque: 
--------------------------------------------------------------------------------
  30:         self._container.append(val)
  31:     
  32:     def appendleft(self, val):
  33:         '''Add a value to the front of the deque.'''
- 34:         self._container.push(val)
+ 34:         pass
  35:     
  36:     def pop(self):
  37:         '''Remove a value from the end of the deque and returns it.'''
  38:         return self._container.shift()
--------------------------------------------------------------------------------
[0.21363 s] killed by ts-3-5/test_3-5_0-9_278.py::test_appendleft

deque = <deque.Deque object at 0x7a0c5a1d17e0>

    def test_appendleft(deque):
        deque.appendleft(1)
>       assert deque._container.head.data == 1
E       AttributeError: 'NoneType' object has no attribute 'data'

ts-3-5/test_3-5_0-9_278.py:26: AttributeError
   - [#  22] SDL deque: 
--------------------------------------------------------------------------------
  34:         self._container.push(val)
  35:     
  36:     def pop(self):
  37:         '''Remove a value from the end of the deque and returns it.'''
- 38:         return self._container.shift()
+ 38:         pass
  39:     
  40:     def popleft(self):
  41:         '''Remove a value from the front of the deque and returns it.'''
  42:         return self._container.pop()
--------------------------------------------------------------------------------
[0.20835 s] killed by ts-3-5/test_3-5_0-9_278.py::test_pop_empty

deque = <deque.Deque object at 0x7a0c5a180dc0>

    def test_pop_empty(deque):
>       with pytest.raises(Exception):
E       Failed: DID NOT RAISE <class 'Exception'>

ts-3-5/test_3-5_0-9_278.py:34: Failed
   - [#  23] SDL deque: 
--------------------------------------------------------------------------------
  38:         return self._container.shift()
  39:     
  40:     def popleft(self):
  41:         '''Remove a value from the front of the deque and returns it.'''
- 42:         return self._container.pop()
+ 42:         pass
  43:     
  44:     def peek(self):
  45:         '''Return the next value that would be returned by pop.'''
  46:         if self._container.head:
--------------------------------------------------------------------------------
[0.21047 s] killed by ts-3-5/test_3-5_0-9_278.py::test_popleft_empty

deque = <deque.Deque object at 0x7a0c5a0917e0>

    def test_popleft_empty(deque):
>       with pytest.raises(Exception):
E       Failed: DID NOT RAISE <class 'Exception'>

ts-3-5/test_3-5_0-9_278.py:42: Failed
   - [#  24] SDL deque: 
--------------------------------------------------------------------------------
  43:     
  44:     def peek(self):
  45:         '''Return the next value that would be returned by pop.'''
  46:         if self._container.head:
- 47:             return self._container.head.data
+ 47:             pass
  48:         return None
  49:     
  50:     def peekleft(self):
  51:         '''Return the next value from the front of the deque.'''
--------------------------------------------------------------------------------
[0.19964 s] killed by ts-3-5/test_3-5_0-9_278.py::test_peek

deque = <deque.Deque object at 0x7a0c5a0923b0>

    def test_peek(deque):
        deque.append(1)
>       assert deque.peek() == 1
E       AssertionError

ts-3-5/test_3-5_0-9_278.py:54: AssertionError
   - [#  25] SDL deque: 
--------------------------------------------------------------------------------
  44:     def peek(self):
  45:         '''Return the next value that would be returned by pop.'''
  46:         if self._container.head:
  47:             return self._container.head.data
- 48:         return None
+ 48:         pass
  49:     
  50:     def peekleft(self):
  51:         '''Return the next value from the front of the deque.'''
  52:         if self._container.tail:
--------------------------------------------------------------------------------
[0.19927 s] survived
   - [#  26] SDL deque: 
--------------------------------------------------------------------------------
  49:     
  50:     def peekleft(self):
  51:         '''Return the next value from the front of the deque.'''
  52:         if self._container.tail:
- 53:             return self._container.tail.data
+ 53:             pass
  54:         return None
  55:     
  56:     def size(self):
  57:         '''Return the count of items in the queue.'''
--------------------------------------------------------------------------------
[0.21754 s] killed by ts-3-5/test_3-5_0-9_278.py::test_peekleft

deque = <deque.Deque object at 0x7a0c5a1d1090>

    def test_peekleft(deque):
        deque.append(1)
>       assert deque.peekleft() == 1
E       AssertionError

ts-3-5/test_3-5_0-9_278.py:61: AssertionError
   - [#  27] SDL deque: 
--------------------------------------------------------------------------------
  50:     def peekleft(self):
  51:         '''Return the next value from the front of the deque.'''
  52:         if self._container.tail:
  53:             return self._container.tail.data
- 54:         return None
+ 54:         pass
  55:     
  56:     def size(self):
  57:         '''Return the count of items in the queue.'''
  58:         return self._container._length
--------------------------------------------------------------------------------
[0.19387 s] survived
   - [#  28] SDL deque: 
--------------------------------------------------------------------------------
  54:         return None
  55:     
  56:     def size(self):
  57:         '''Return the count of items in the queue.'''
- 58:         return self._container._length
+ 58:         pass
--------------------------------------------------------------------------------
[0.21971 s] killed by ts-3-5/test_3-5_0-9_278.py::test_size_empty

deque = <deque.Deque object at 0x7a0c5a1d30d0>

    def test_size_empty(deque):
>       assert deque.size() == 0
E       AssertionError

ts-3-5/test_3-5_0-9_278.py:64: AssertionError
   - [#  29] SVD deque: 
--------------------------------------------------------------------------------
  22:     '''
  23:     
  24:     def __init__(self, data=None):
  25:         '''Initialize deque.'''
- 26:         self._container = DoubleLinkedList(data)
+ 26:         _container = DoubleLinkedList(data)
  27:     
  28:     def append(self, val):
  29:         '''Add value to the end of the deque.'''
  30:         self._container.append(val)
--------------------------------------------------------------------------------
[0.00000 s] incompetent

ValueError: expression must have Store context but has Load instead

   - [#  30] SVD deque: 
--------------------------------------------------------------------------------
  26:         self._container = DoubleLinkedList(data)
  27:     
  28:     def append(self, val):
  29:         '''Add value to the end of the deque.'''
- 30:         self._container.append(val)
+ 30:         _container.append(val)
  31:     
  32:     def appendleft(self, val):
  33:         '''Add a value to the front of the deque.'''
  34:         self._container.push(val)
--------------------------------------------------------------------------------
[0.18959 s] killed by ts-3-5/test_3-5_0-9_278.py::test_append

deque = <deque.Deque object at 0x7a0c5a0905b0>

    def test_append(deque):
>       deque.append(1)

ts-3-5/test_3-5_0-9_278.py:16: 
_ _ _ _ _ _ _ _ _ _ _ _ _ _ _ _ _ _ _ _ _ _ _ _ _ _ _ _ _ _ _ _ _ _ _ _ _ _ _ _ 

self = <deque.Deque object at 0x7a0c5a0905b0>, val = 1

>   ???
E   NameError: name '_container' is not defined

deque:30: NameError
   - [#  31] SVD deque: 
--------------------------------------------------------------------------------
  30:         self._container.append(val)
  31:     
  32:     def appendleft(self, val):
  33:         '''Add a value to the front of the deque.'''
- 34:         self._container.push(val)
+ 34:         _container.push(val)
  35:     
  36:     def pop(self):
  37:         '''Remove a value from the end of the deque and returns it.'''
  38:         return self._container.shift()
--------------------------------------------------------------------------------
[0.20916 s] killed by ts-3-5/test_3-5_0-9_278.py::test_appendleft

deque = <deque.Deque object at 0x7a0c59e277f0>

    def test_appendleft(deque):
>       deque.appendleft(1)

ts-3-5/test_3-5_0-9_278.py:25: 
_ _ _ _ _ _ _ _ _ _ _ _ _ _ _ _ _ _ _ _ _ _ _ _ _ _ _ _ _ _ _ _ _ _ _ _ _ _ _ _ 

self = <deque.Deque object at 0x7a0c59e277f0>, val = 1

>   ???
E   NameError: name '_container' is not defined

deque:34: NameError
   - [#  32] SVD deque: 
--------------------------------------------------------------------------------
  34:         self._container.push(val)
  35:     
  36:     def pop(self):
  37:         '''Remove a value from the end of the deque and returns it.'''
- 38:         return self._container.shift()
+ 38:         return _container.shift()
  39:     
  40:     def popleft(self):
  41:         '''Remove a value from the front of the deque and returns it.'''
  42:         return self._container.pop()
--------------------------------------------------------------------------------
[0.21535 s] killed by ts-3-5/test_3-5_0-9_278.py::test_pop

deque = <deque.Deque object at 0x7a0c5a090940>

    def test_pop(deque):
        deque.append(1)
>       assert deque.pop() == 1

ts-3-5/test_3-5_0-9_278.py:39: 
_ _ _ _ _ _ _ _ _ _ _ _ _ _ _ _ _ _ _ _ _ _ _ _ _ _ _ _ _ _ _ _ _ _ _ _ _ _ _ _ 

self = <deque.Deque object at 0x7a0c5a090940>

>   ???
E   NameError: name '_container' is not defined

deque:38: NameError
   - [#  33] SVD deque: 
--------------------------------------------------------------------------------
  38:         return self._container.shift()
  39:     
  40:     def popleft(self):
  41:         '''Remove a value from the front of the deque and returns it.'''
- 42:         return self._container.pop()
+ 42:         return _container.pop()
  43:     
  44:     def peek(self):
  45:         '''Return the next value that would be returned by pop.'''
  46:         if self._container.head:
--------------------------------------------------------------------------------
[0.22237 s] killed by ts-3-5/test_3-5_0-9_278.py::test_popleft

deque = <deque.Deque object at 0x7a0c5a3036a0>

    def test_popleft(deque):
        deque.append(1)
>       assert deque.popleft() == 1

ts-3-5/test_3-5_0-9_278.py:47: 
_ _ _ _ _ _ _ _ _ _ _ _ _ _ _ _ _ _ _ _ _ _ _ _ _ _ _ _ _ _ _ _ _ _ _ _ _ _ _ _ 

self = <deque.Deque object at 0x7a0c5a3036a0>

>   ???
E   NameError: name '_container' is not defined

deque:42: NameError
   - [#  34] SVD deque: 
--------------------------------------------------------------------------------
  42:         return self._container.pop()
  43:     
  44:     def peek(self):
  45:         '''Return the next value that would be returned by pop.'''
- 46:         if self._container.head:
+ 46:         if _container.head:
  47:             return self._container.head.data
  48:         return None
  49:     
  50:     def peekleft(self):
--------------------------------------------------------------------------------
[0.22908 s] killed by ts-3-5/test_3-5_0-9_278.py::test_peek_empty

deque = <deque.Deque object at 0x7a0c5a1d3ee0>

    def test_peek_empty(deque):
>       assert deque.peek() == None

ts-3-5/test_3-5_0-9_278.py:50: 
_ _ _ _ _ _ _ _ _ _ _ _ _ _ _ _ _ _ _ _ _ _ _ _ _ _ _ _ _ _ _ _ _ _ _ _ _ _ _ _ 

self = <deque.Deque object at 0x7a0c5a1d3ee0>

>   ???
E   NameError: name '_container' is not defined

deque:46: NameError
   - [#  35] SVD deque: 
--------------------------------------------------------------------------------
  43:     
  44:     def peek(self):
  45:         '''Return the next value that would be returned by pop.'''
  46:         if self._container.head:
- 47:             return self._container.head.data
+ 47:             return _container.head.data
  48:         return None
  49:     
  50:     def peekleft(self):
  51:         '''Return the next value from the front of the deque.'''
--------------------------------------------------------------------------------
[0.20285 s] killed by ts-3-5/test_3-5_0-9_278.py::test_peek

deque = <deque.Deque object at 0x7a0c59e9c4f0>

    def test_peek(deque):
        deque.append(1)
>       assert deque.peek() == 1

ts-3-5/test_3-5_0-9_278.py:54: 
_ _ _ _ _ _ _ _ _ _ _ _ _ _ _ _ _ _ _ _ _ _ _ _ _ _ _ _ _ _ _ _ _ _ _ _ _ _ _ _ 

self = <deque.Deque object at 0x7a0c59e9c4f0>

>   ???
E   NameError: name '_container' is not defined

deque:47: NameError
   - [#  36] SVD deque: 
--------------------------------------------------------------------------------
  48:         return None
  49:     
  50:     def peekleft(self):
  51:         '''Return the next value from the front of the deque.'''
- 52:         if self._container.tail:
+ 52:         if _container.tail:
  53:             return self._container.tail.data
  54:         return None
  55:     
  56:     def size(self):
--------------------------------------------------------------------------------
[0.22545 s] killed by ts-3-5/test_3-5_0-9_278.py::test_peekleft_empty

deque = <deque.Deque object at 0x7a0c5a1d36a0>

    def test_peekleft_empty(deque):
>       assert deque.peekleft() == None

ts-3-5/test_3-5_0-9_278.py:57: 
_ _ _ _ _ _ _ _ _ _ _ _ _ _ _ _ _ _ _ _ _ _ _ _ _ _ _ _ _ _ _ _ _ _ _ _ _ _ _ _ 

self = <deque.Deque object at 0x7a0c5a1d36a0>

>   ???
E   NameError: name '_container' is not defined

deque:52: NameError
   - [#  37] SVD deque: 
--------------------------------------------------------------------------------
  49:     
  50:     def peekleft(self):
  51:         '''Return the next value from the front of the deque.'''
  52:         if self._container.tail:
- 53:             return self._container.tail.data
+ 53:             return _container.tail.data
  54:         return None
  55:     
  56:     def size(self):
  57:         '''Return the count of items in the queue.'''
--------------------------------------------------------------------------------
[0.21993 s] killed by ts-3-5/test_3-5_0-9_278.py::test_peekleft

deque = <deque.Deque object at 0x7a0c5a093eb0>

    def test_peekleft(deque):
        deque.append(1)
>       assert deque.peekleft() == 1

ts-3-5/test_3-5_0-9_278.py:61: 
_ _ _ _ _ _ _ _ _ _ _ _ _ _ _ _ _ _ _ _ _ _ _ _ _ _ _ _ _ _ _ _ _ _ _ _ _ _ _ _ 

self = <deque.Deque object at 0x7a0c5a093eb0>

>   ???
E   NameError: name '_container' is not defined

deque:53: NameError
   - [#  38] SVD deque: 
--------------------------------------------------------------------------------
  54:         return None
  55:     
  56:     def size(self):
  57:         '''Return the count of items in the queue.'''
- 58:         return self._container._length
+ 58:         return _container._length
--------------------------------------------------------------------------------
[0.21752 s] killed by ts-3-5/test_3-5_0-9_278.py::test_size_empty

deque = <deque.Deque object at 0x7a0c59e4a740>

    def test_size_empty(deque):
>       assert deque.size() == 0

ts-3-5/test_3-5_0-9_278.py:64: 
_ _ _ _ _ _ _ _ _ _ _ _ _ _ _ _ _ _ _ _ _ _ _ _ _ _ _ _ _ _ _ _ _ _ _ _ _ _ _ _ 

self = <deque.Deque object at 0x7a0c59e4a740>

>   ???
E   NameError: name '_container' is not defined

deque:58: NameError
[*] Mutation score [8.82135 s]: 89.7%
   - all: 38
   - killed: 26 (68.4%)
   - survived: 3 (7.9%)
   - incompetent: 9 (23.7%)
   - timeout: 0 (0.0%)
