[*] Start mutation process:
   - targets: fizz_buzz.py
   - tests: ts-3-5/test_3-5_0-1_58.py
[*] 5 tests passed:
   - test_3-5_0-1_58 [0.12359 s]
[*] Start mutants generation and execution:
   - [#   1] AOR fizz_buzz: 
--------------------------------------------------------------------------------
  5:     divisible by 5, add "Buzz", if it is 
  6:     divisible by both, add "FizzBuzz"
  7: 
  8:     '''
- 9:     return [(('Fizz' if x % 3 == 0 else '') + ('Buzz' if x % 5 == 0 else '') or str(x)) for x in range(1, n + 1)]
+ 9:     return [(('Fizz' if x * 3 == 0 else '') + ('Buzz' if x % 5 == 0 else '') or str(x)) for x in range(1, n + 1)]
--------------------------------------------------------------------------------
[0.14986 s] killed by ts-3-5/test_3-5_0-1_58.py::test_fizz_buzz_divisible_by_3

def test_fizz_buzz_divisible_by_3():
>       assert fizz_buzz(3) == ['1', '2', 'Fizz']
E       AssertionError

ts-3-5/test_3-5_0-1_58.py:12: AssertionError
   - [#   2] AOR fizz_buzz: 
--------------------------------------------------------------------------------
  5:     divisible by 5, add "Buzz", if it is 
  6:     divisible by both, add "FizzBuzz"
  7: 
  8:     '''
- 9:     return [(('Fizz' if x % 3 == 0 else '') + ('Buzz' if x % 5 == 0 else '') or str(x)) for x in range(1, n + 1)]
+ 9:     return [(('Fizz' if x % 3 == 0 else '') - ('Buzz' if x % 5 == 0 else '') or str(x)) for x in range(1, n + 1)]
--------------------------------------------------------------------------------
[0.14849 s] incompetent

TypeError: fizz_buzz:9: TypeError: unsupported operand type(s) for -: 'str' and 'str'

   - [#   3] AOR fizz_buzz: 
--------------------------------------------------------------------------------
  5:     divisible by 5, add "Buzz", if it is 
  6:     divisible by both, add "FizzBuzz"
  7: 
  8:     '''
- 9:     return [(('Fizz' if x % 3 == 0 else '') + ('Buzz' if x % 5 == 0 else '') or str(x)) for x in range(1, n + 1)]
+ 9:     return [(('Fizz' if x % 3 == 0 else '') + ('Buzz' if x * 5 == 0 else '') or str(x)) for x in range(1, n + 1)]
--------------------------------------------------------------------------------
[0.14646 s] killed by ts-3-5/test_3-5_0-1_58.py::test_fizz_buzz_divisible_by_5

def test_fizz_buzz_divisible_by_5():
>       assert fizz_buzz(5) == ['1', '2', 'Fizz', '4', 'Buzz']
E       AssertionError

ts-3-5/test_3-5_0-1_58.py:15: AssertionError
   - [#   4] AOR fizz_buzz: 
--------------------------------------------------------------------------------
  5:     divisible by 5, add "Buzz", if it is 
  6:     divisible by both, add "FizzBuzz"
  7: 
  8:     '''
- 9:     return [(('Fizz' if x % 3 == 0 else '') + ('Buzz' if x % 5 == 0 else '') or str(x)) for x in range(1, n + 1)]
+ 9:     return [(('Fizz' if x % 3 == 0 else '') + ('Buzz' if x % 5 == 0 else '') or str(x)) for x in range(1, n - 1)]
--------------------------------------------------------------------------------
[0.14611 s] killed by ts-3-5/test_3-5_0-1_58.py::test_fizz_buzz_divisible_by_3

def test_fizz_buzz_divisible_by_3():
>       assert fizz_buzz(3) == ['1', '2', 'Fizz']
E       AssertionError

ts-3-5/test_3-5_0-1_58.py:12: AssertionError
   - [#   5] LCR fizz_buzz: 
--------------------------------------------------------------------------------
  5:     divisible by 5, add "Buzz", if it is 
  6:     divisible by both, add "FizzBuzz"
  7: 
  8:     '''
- 9:     return [(('Fizz' if x % 3 == 0 else '') + ('Buzz' if x % 5 == 0 else '') or str(x)) for x in range(1, n + 1)]
+ 9:     return [(('Fizz' if x % 3 == 0 else '') + ('Buzz' if x % 5 == 0 else '') and str(x)) for x in range(1, n + 1)]
--------------------------------------------------------------------------------
[0.14315 s] killed by ts-3-5/test_3-5_0-1_58.py::test_fizz_buzz_divisible_by_3

def test_fizz_buzz_divisible_by_3():
>       assert fizz_buzz(3) == ['1', '2', 'Fizz']
E       AssertionError

ts-3-5/test_3-5_0-1_58.py:12: AssertionError
   - [#   6] ROR fizz_buzz: 
--------------------------------------------------------------------------------
  5:     divisible by 5, add "Buzz", if it is 
  6:     divisible by both, add "FizzBuzz"
  7: 
  8:     '''
- 9:     return [(('Fizz' if x % 3 == 0 else '') + ('Buzz' if x % 5 == 0 else '') or str(x)) for x in range(1, n + 1)]
+ 9:     return [(('Fizz' if x % 3 != 0 else '') + ('Buzz' if x % 5 == 0 else '') or str(x)) for x in range(1, n + 1)]
--------------------------------------------------------------------------------
[0.14811 s] killed by ts-3-5/test_3-5_0-1_58.py::test_fizz_buzz_divisible_by_3

def test_fizz_buzz_divisible_by_3():
>       assert fizz_buzz(3) == ['1', '2', 'Fizz']
E       AssertionError

ts-3-5/test_3-5_0-1_58.py:12: AssertionError
   - [#   7] ROR fizz_buzz: 
--------------------------------------------------------------------------------
  5:     divisible by 5, add "Buzz", if it is 
  6:     divisible by both, add "FizzBuzz"
  7: 
  8:     '''
- 9:     return [(('Fizz' if x % 3 == 0 else '') + ('Buzz' if x % 5 == 0 else '') or str(x)) for x in range(1, n + 1)]
+ 9:     return [(('Fizz' if x % 3 == 0 else '') + ('Buzz' if x % 5 != 0 else '') or str(x)) for x in range(1, n + 1)]
--------------------------------------------------------------------------------
[0.14183 s] killed by ts-3-5/test_3-5_0-1_58.py::test_fizz_buzz_divisible_by_3

def test_fizz_buzz_divisible_by_3():
>       assert fizz_buzz(3) == ['1', '2', 'Fizz']
E       AssertionError

ts-3-5/test_3-5_0-1_58.py:12: AssertionError
   - [#   8] SDL fizz_buzz: 
--------------------------------------------------------------------------------
  5:     divisible by 5, add "Buzz", if it is 
  6:     divisible by both, add "FizzBuzz"
  7: 
  8:     '''
- 9:     return [(('Fizz' if x % 3 == 0 else '') + ('Buzz' if x % 5 == 0 else '') or str(x)) for x in range(1, n + 1)]
+ 9:     pass
--------------------------------------------------------------------------------
[0.13900 s] killed by ts-3-5/test_3-5_0-1_58.py::test_fizz_buzz_divisible_by_3

def test_fizz_buzz_divisible_by_3():
>       assert fizz_buzz(3) == ['1', '2', 'Fizz']
E       AssertionError

ts-3-5/test_3-5_0-1_58.py:12: AssertionError
[*] Mutation score [1.38387 s]: 100.0%
   - all: 8
   - killed: 7 (87.5%)
   - survived: 0 (0.0%)
   - incompetent: 1 (12.5%)
   - timeout: 0 (0.0%)
