[*] Start mutation process:
   - targets: factorial.py
   - tests: ts-3-5/test_3-5_1-0_317.py
[*] 4 tests passed:
   - test_3-5_1-0_317 [0.12512 s]
[*] Start mutants generation and execution:
   - [#   1] AOR factorial: 
--------------------------------------------------------------------------------
  14:     
  15:     if n <= 0:
  16:         return 0
  17:     
- 18:     return reduce((lambda x, y: (x * y)), range(1, n + 1))
+ 18:     return reduce((lambda x, y: (x / y)), range(1, n + 1))
--------------------------------------------------------------------------------
[0.14812 s] killed by ts-3-5/test_3-5_1-0_317.py::test_factorial_positive_input

def test_factorial_positive_input():
>       assert factorial(5) == 120
E       AssertionError

ts-3-5/test_3-5_1-0_317.py:12: AssertionError
   - [#   2] AOR factorial: 
--------------------------------------------------------------------------------
  14:     
  15:     if n <= 0:
  16:         return 0
  17:     
- 18:     return reduce((lambda x, y: (x * y)), range(1, n + 1))
+ 18:     return reduce((lambda x, y: (x // y)), range(1, n + 1))
--------------------------------------------------------------------------------
[0.14717 s] killed by ts-3-5/test_3-5_1-0_317.py::test_factorial_positive_input

def test_factorial_positive_input():
>       assert factorial(5) == 120
E       AssertionError

ts-3-5/test_3-5_1-0_317.py:12: AssertionError
   - [#   3] AOR factorial: 
--------------------------------------------------------------------------------
  14:     
  15:     if n <= 0:
  16:         return 0
  17:     
- 18:     return reduce((lambda x, y: (x * y)), range(1, n + 1))
+ 18:     return reduce((lambda x, y: (x ** y)), range(1, n + 1))
--------------------------------------------------------------------------------
[0.14854 s] killed by ts-3-5/test_3-5_1-0_317.py::test_factorial_positive_input

def test_factorial_positive_input():
>       assert factorial(5) == 120
E       AssertionError

ts-3-5/test_3-5_1-0_317.py:12: AssertionError
   - [#   4] AOR factorial: 
--------------------------------------------------------------------------------
  14:     
  15:     if n <= 0:
  16:         return 0
  17:     
- 18:     return reduce((lambda x, y: (x * y)), range(1, n + 1))
+ 18:     return reduce((lambda x, y: (x * y)), range(1, n - 1))
--------------------------------------------------------------------------------
[0.14845 s] killed by ts-3-5/test_3-5_1-0_317.py::test_factorial_positive_input

def test_factorial_positive_input():
>       assert factorial(5) == 120
E       AssertionError

ts-3-5/test_3-5_1-0_317.py:12: AssertionError
   - [#   5] COI factorial: 
--------------------------------------------------------------------------------
  11:         The factorial number for n (n!).  Input
  12:         of 0 or less will output 0.
  13:     '''
  14:     
- 15:     if n <= 0:
+ 15:     if not (n <= 0):
  16:         return 0
  17:     
  18:     return reduce((lambda x, y: (x * y)), range(1, n + 1))
--------------------------------------------------------------------------------
[0.14809 s] killed by ts-3-5/test_3-5_1-0_317.py::test_factorial_positive_input

def test_factorial_positive_input():
>       assert factorial(5) == 120
E       AssertionError

ts-3-5/test_3-5_1-0_317.py:12: AssertionError
   - [#   6] ROR factorial: 
--------------------------------------------------------------------------------
  11:         The factorial number for n (n!).  Input
  12:         of 0 or less will output 0.
  13:     '''
  14:     
- 15:     if n <= 0:
+ 15:     if n >= 0:
  16:         return 0
  17:     
  18:     return reduce((lambda x, y: (x * y)), range(1, n + 1))
--------------------------------------------------------------------------------
[0.13149 s] killed by ts-3-5/test_3-5_1-0_317.py::test_factorial_positive_input

def test_factorial_positive_input():
>       assert factorial(5) == 120
E       AssertionError

ts-3-5/test_3-5_1-0_317.py:12: AssertionError
   - [#   7] ROR factorial: 
--------------------------------------------------------------------------------
  11:         The factorial number for n (n!).  Input
  12:         of 0 or less will output 0.
  13:     '''
  14:     
- 15:     if n <= 0:
+ 15:     if n < 0:
  16:         return 0
  17:     
  18:     return reduce((lambda x, y: (x * y)), range(1, n + 1))
--------------------------------------------------------------------------------
[0.13887 s] incompetent

TypeError: factorial:18: TypeError: reduce() of empty iterable with no initial value

   - [#   8] SDL factorial: 
--------------------------------------------------------------------------------
  12:         of 0 or less will output 0.
  13:     '''
  14:     
  15:     if n <= 0:
- 16:         return 0
+ 16:         pass
  17:     
  18:     return reduce((lambda x, y: (x * y)), range(1, n + 1))
--------------------------------------------------------------------------------
[0.13676 s] incompetent

TypeError: factorial:18: TypeError: reduce() of empty iterable with no initial value

   - [#   9] SDL factorial: 
--------------------------------------------------------------------------------
  14:     
  15:     if n <= 0:
  16:         return 0
  17:     
- 18:     return reduce((lambda x, y: (x * y)), range(1, n + 1))
+ 18:     pass
--------------------------------------------------------------------------------
[0.15400 s] killed by ts-3-5/test_3-5_1-0_317.py::test_factorial_positive_input

def test_factorial_positive_input():
>       assert factorial(5) == 120
E       AssertionError

ts-3-5/test_3-5_1-0_317.py:12: AssertionError
[*] Mutation score [1.52764 s]: 100.0%
   - all: 9
   - killed: 7 (77.8%)
   - survived: 0 (0.0%)
   - incompetent: 2 (22.2%)
   - timeout: 0 (0.0%)
